[2024-08-04T12:59:06.395+0000] {processor.py:161} INFO - Started process (PID=84) to work on /home/airflow/.local/lib/python3.12/site-packages/airflow/example_dags/example_branch_operator.py
[2024-08-04T12:59:06.397+0000] {processor.py:830} INFO - Processing file /home/airflow/.local/lib/python3.12/site-packages/airflow/example_dags/example_branch_operator.py for tasks to queue
[2024-08-04T12:59:06.399+0000] {logging_mixin.py:188} INFO - [2024-08-04T12:59:06.399+0000] {dagbag.py:545} INFO - Filling up the DagBag from /home/airflow/.local/lib/python3.12/site-packages/airflow/example_dags/example_branch_operator.py
[2024-08-04T12:59:06.422+0000] {processor.py:840} INFO - DAG(s) 'example_branch_operator' retrieved from /home/airflow/.local/lib/python3.12/site-packages/airflow/example_dags/example_branch_operator.py
[2024-08-04T12:59:06.552+0000] {logging_mixin.py:188} INFO - [2024-08-04T12:59:06.551+0000] {dag.py:3089} INFO - Sync 1 DAGs
[2024-08-04T12:59:06.574+0000] {logging_mixin.py:188} INFO - [2024-08-04T12:59:06.574+0000] {dag.py:3947} INFO - Setting next_dagrun for example_branch_operator to 2024-08-03 00:00:00+00:00, run_after=2024-08-04 00:00:00+00:00
[2024-08-04T12:59:06.599+0000] {processor.py:183} INFO - Processing /home/airflow/.local/lib/python3.12/site-packages/airflow/example_dags/example_branch_operator.py took 0.209 seconds
[2024-08-04T12:59:37.334+0000] {processor.py:161} INFO - Started process (PID=148) to work on /home/airflow/.local/lib/python3.12/site-packages/airflow/example_dags/example_branch_operator.py
[2024-08-04T12:59:37.335+0000] {processor.py:830} INFO - Processing file /home/airflow/.local/lib/python3.12/site-packages/airflow/example_dags/example_branch_operator.py for tasks to queue
[2024-08-04T12:59:37.339+0000] {logging_mixin.py:188} INFO - [2024-08-04T12:59:37.338+0000] {dagbag.py:545} INFO - Filling up the DagBag from /home/airflow/.local/lib/python3.12/site-packages/airflow/example_dags/example_branch_operator.py
[2024-08-04T12:59:37.362+0000] {processor.py:840} INFO - DAG(s) 'example_branch_operator' retrieved from /home/airflow/.local/lib/python3.12/site-packages/airflow/example_dags/example_branch_operator.py
[2024-08-04T12:59:37.406+0000] {logging_mixin.py:188} INFO - [2024-08-04T12:59:37.406+0000] {dag.py:3089} INFO - Sync 1 DAGs
[2024-08-04T12:59:37.478+0000] {logging_mixin.py:188} INFO - [2024-08-04T12:59:37.478+0000] {dag.py:3947} INFO - Setting next_dagrun for example_branch_operator to 2024-08-03 00:00:00+00:00, run_after=2024-08-04 00:00:00+00:00
[2024-08-04T12:59:37.507+0000] {processor.py:183} INFO - Processing /home/airflow/.local/lib/python3.12/site-packages/airflow/example_dags/example_branch_operator.py took 0.179 seconds
[2024-08-04T13:00:09.176+0000] {processor.py:161} INFO - Started process (PID=212) to work on /home/airflow/.local/lib/python3.12/site-packages/airflow/example_dags/example_branch_operator.py
[2024-08-04T13:00:09.178+0000] {processor.py:830} INFO - Processing file /home/airflow/.local/lib/python3.12/site-packages/airflow/example_dags/example_branch_operator.py for tasks to queue
[2024-08-04T13:00:09.193+0000] {logging_mixin.py:188} INFO - [2024-08-04T13:00:09.192+0000] {dagbag.py:545} INFO - Filling up the DagBag from /home/airflow/.local/lib/python3.12/site-packages/airflow/example_dags/example_branch_operator.py
[2024-08-04T13:00:09.219+0000] {processor.py:840} INFO - DAG(s) 'example_branch_operator' retrieved from /home/airflow/.local/lib/python3.12/site-packages/airflow/example_dags/example_branch_operator.py
[2024-08-04T13:00:09.255+0000] {logging_mixin.py:188} INFO - [2024-08-04T13:00:09.255+0000] {dag.py:3089} INFO - Sync 1 DAGs
[2024-08-04T13:00:09.288+0000] {logging_mixin.py:188} INFO - [2024-08-04T13:00:09.287+0000] {dag.py:3947} INFO - Setting next_dagrun for example_branch_operator to 2024-08-03 00:00:00+00:00, run_after=2024-08-04 00:00:00+00:00
[2024-08-04T13:00:09.313+0000] {processor.py:183} INFO - Processing /home/airflow/.local/lib/python3.12/site-packages/airflow/example_dags/example_branch_operator.py took 0.147 seconds
[2024-08-04T13:00:40.398+0000] {processor.py:161} INFO - Started process (PID=276) to work on /home/airflow/.local/lib/python3.12/site-packages/airflow/example_dags/example_branch_operator.py
[2024-08-04T13:00:40.399+0000] {processor.py:830} INFO - Processing file /home/airflow/.local/lib/python3.12/site-packages/airflow/example_dags/example_branch_operator.py for tasks to queue
[2024-08-04T13:00:40.402+0000] {logging_mixin.py:188} INFO - [2024-08-04T13:00:40.401+0000] {dagbag.py:545} INFO - Filling up the DagBag from /home/airflow/.local/lib/python3.12/site-packages/airflow/example_dags/example_branch_operator.py
[2024-08-04T13:00:40.421+0000] {processor.py:840} INFO - DAG(s) 'example_branch_operator' retrieved from /home/airflow/.local/lib/python3.12/site-packages/airflow/example_dags/example_branch_operator.py
[2024-08-04T13:00:40.459+0000] {logging_mixin.py:188} INFO - [2024-08-04T13:00:40.458+0000] {dag.py:3089} INFO - Sync 1 DAGs
[2024-08-04T13:00:40.487+0000] {logging_mixin.py:188} INFO - [2024-08-04T13:00:40.486+0000] {dag.py:3947} INFO - Setting next_dagrun for example_branch_operator to 2024-08-03 00:00:00+00:00, run_after=2024-08-04 00:00:00+00:00
[2024-08-04T13:00:40.515+0000] {processor.py:183} INFO - Processing /home/airflow/.local/lib/python3.12/site-packages/airflow/example_dags/example_branch_operator.py took 0.128 seconds
[2024-08-04T13:01:11.387+0000] {processor.py:161} INFO - Started process (PID=341) to work on /home/airflow/.local/lib/python3.12/site-packages/airflow/example_dags/example_branch_operator.py
[2024-08-04T13:01:11.388+0000] {processor.py:830} INFO - Processing file /home/airflow/.local/lib/python3.12/site-packages/airflow/example_dags/example_branch_operator.py for tasks to queue
[2024-08-04T13:01:11.390+0000] {logging_mixin.py:188} INFO - [2024-08-04T13:01:11.390+0000] {dagbag.py:545} INFO - Filling up the DagBag from /home/airflow/.local/lib/python3.12/site-packages/airflow/example_dags/example_branch_operator.py
[2024-08-04T13:01:11.407+0000] {processor.py:840} INFO - DAG(s) 'example_branch_operator' retrieved from /home/airflow/.local/lib/python3.12/site-packages/airflow/example_dags/example_branch_operator.py
[2024-08-04T13:01:11.439+0000] {logging_mixin.py:188} INFO - [2024-08-04T13:01:11.439+0000] {dag.py:3089} INFO - Sync 1 DAGs
[2024-08-04T13:01:11.468+0000] {logging_mixin.py:188} INFO - [2024-08-04T13:01:11.468+0000] {dag.py:3947} INFO - Setting next_dagrun for example_branch_operator to 2024-08-03 00:00:00+00:00, run_after=2024-08-04 00:00:00+00:00
[2024-08-04T13:01:11.488+0000] {processor.py:183} INFO - Processing /home/airflow/.local/lib/python3.12/site-packages/airflow/example_dags/example_branch_operator.py took 0.107 seconds
[2024-08-04T13:01:42.555+0000] {processor.py:161} INFO - Started process (PID=405) to work on /home/airflow/.local/lib/python3.12/site-packages/airflow/example_dags/example_branch_operator.py
[2024-08-04T13:01:42.556+0000] {processor.py:830} INFO - Processing file /home/airflow/.local/lib/python3.12/site-packages/airflow/example_dags/example_branch_operator.py for tasks to queue
[2024-08-04T13:01:42.559+0000] {logging_mixin.py:188} INFO - [2024-08-04T13:01:42.558+0000] {dagbag.py:545} INFO - Filling up the DagBag from /home/airflow/.local/lib/python3.12/site-packages/airflow/example_dags/example_branch_operator.py
[2024-08-04T13:01:42.577+0000] {processor.py:840} INFO - DAG(s) 'example_branch_operator' retrieved from /home/airflow/.local/lib/python3.12/site-packages/airflow/example_dags/example_branch_operator.py
[2024-08-04T13:01:42.617+0000] {logging_mixin.py:188} INFO - [2024-08-04T13:01:42.616+0000] {dag.py:3089} INFO - Sync 1 DAGs
[2024-08-04T13:01:42.642+0000] {logging_mixin.py:188} INFO - [2024-08-04T13:01:42.642+0000] {dag.py:3947} INFO - Setting next_dagrun for example_branch_operator to 2024-08-03 00:00:00+00:00, run_after=2024-08-04 00:00:00+00:00
[2024-08-04T13:01:42.665+0000] {processor.py:183} INFO - Processing /home/airflow/.local/lib/python3.12/site-packages/airflow/example_dags/example_branch_operator.py took 0.117 seconds
[2024-08-04T13:02:13.287+0000] {processor.py:161} INFO - Started process (PID=469) to work on /home/airflow/.local/lib/python3.12/site-packages/airflow/example_dags/example_branch_operator.py
[2024-08-04T13:02:13.289+0000] {processor.py:830} INFO - Processing file /home/airflow/.local/lib/python3.12/site-packages/airflow/example_dags/example_branch_operator.py for tasks to queue
[2024-08-04T13:02:13.295+0000] {logging_mixin.py:188} INFO - [2024-08-04T13:02:13.294+0000] {dagbag.py:545} INFO - Filling up the DagBag from /home/airflow/.local/lib/python3.12/site-packages/airflow/example_dags/example_branch_operator.py
[2024-08-04T13:02:13.317+0000] {processor.py:840} INFO - DAG(s) 'example_branch_operator' retrieved from /home/airflow/.local/lib/python3.12/site-packages/airflow/example_dags/example_branch_operator.py
[2024-08-04T13:02:13.352+0000] {logging_mixin.py:188} INFO - [2024-08-04T13:02:13.351+0000] {dag.py:3089} INFO - Sync 1 DAGs
[2024-08-04T13:02:13.381+0000] {logging_mixin.py:188} INFO - [2024-08-04T13:02:13.381+0000] {dag.py:3947} INFO - Setting next_dagrun for example_branch_operator to 2024-08-03 00:00:00+00:00, run_after=2024-08-04 00:00:00+00:00
[2024-08-04T13:02:13.411+0000] {processor.py:183} INFO - Processing /home/airflow/.local/lib/python3.12/site-packages/airflow/example_dags/example_branch_operator.py took 0.133 seconds
[2024-08-04T13:05:01.720+0000] {processor.py:161} INFO - Started process (PID=85) to work on /home/airflow/.local/lib/python3.12/site-packages/airflow/example_dags/example_branch_operator.py
[2024-08-04T13:05:01.721+0000] {processor.py:830} INFO - Processing file /home/airflow/.local/lib/python3.12/site-packages/airflow/example_dags/example_branch_operator.py for tasks to queue
[2024-08-04T13:05:01.723+0000] {logging_mixin.py:188} INFO - [2024-08-04T13:05:01.723+0000] {dagbag.py:545} INFO - Filling up the DagBag from /home/airflow/.local/lib/python3.12/site-packages/airflow/example_dags/example_branch_operator.py
[2024-08-04T13:05:01.741+0000] {processor.py:840} INFO - DAG(s) 'example_branch_operator' retrieved from /home/airflow/.local/lib/python3.12/site-packages/airflow/example_dags/example_branch_operator.py
[2024-08-04T13:05:01.858+0000] {logging_mixin.py:188} INFO - [2024-08-04T13:05:01.858+0000] {dag.py:3089} INFO - Sync 1 DAGs
[2024-08-04T13:05:01.882+0000] {logging_mixin.py:188} INFO - [2024-08-04T13:05:01.881+0000] {dag.py:3947} INFO - Setting next_dagrun for example_branch_operator to 2024-08-03 00:00:00+00:00, run_after=2024-08-04 00:00:00+00:00
[2024-08-04T13:05:01.904+0000] {processor.py:183} INFO - Processing /home/airflow/.local/lib/python3.12/site-packages/airflow/example_dags/example_branch_operator.py took 0.190 seconds
[2024-08-04T13:05:32.668+0000] {processor.py:161} INFO - Started process (PID=150) to work on /home/airflow/.local/lib/python3.12/site-packages/airflow/example_dags/example_branch_operator.py
[2024-08-04T13:05:32.670+0000] {processor.py:830} INFO - Processing file /home/airflow/.local/lib/python3.12/site-packages/airflow/example_dags/example_branch_operator.py for tasks to queue
[2024-08-04T13:05:32.673+0000] {logging_mixin.py:188} INFO - [2024-08-04T13:05:32.672+0000] {dagbag.py:545} INFO - Filling up the DagBag from /home/airflow/.local/lib/python3.12/site-packages/airflow/example_dags/example_branch_operator.py
[2024-08-04T13:05:32.690+0000] {processor.py:840} INFO - DAG(s) 'example_branch_operator' retrieved from /home/airflow/.local/lib/python3.12/site-packages/airflow/example_dags/example_branch_operator.py
[2024-08-04T13:05:32.724+0000] {logging_mixin.py:188} INFO - [2024-08-04T13:05:32.723+0000] {dag.py:3089} INFO - Sync 1 DAGs
[2024-08-04T13:05:32.749+0000] {logging_mixin.py:188} INFO - [2024-08-04T13:05:32.748+0000] {dag.py:3947} INFO - Setting next_dagrun for example_branch_operator to 2024-08-03 00:00:00+00:00, run_after=2024-08-04 00:00:00+00:00
[2024-08-04T13:05:32.772+0000] {processor.py:183} INFO - Processing /home/airflow/.local/lib/python3.12/site-packages/airflow/example_dags/example_branch_operator.py took 0.110 seconds
[2024-08-04T13:06:03.024+0000] {processor.py:161} INFO - Started process (PID=214) to work on /home/airflow/.local/lib/python3.12/site-packages/airflow/example_dags/example_branch_operator.py
[2024-08-04T13:06:03.026+0000] {processor.py:830} INFO - Processing file /home/airflow/.local/lib/python3.12/site-packages/airflow/example_dags/example_branch_operator.py for tasks to queue
[2024-08-04T13:06:03.028+0000] {logging_mixin.py:188} INFO - [2024-08-04T13:06:03.028+0000] {dagbag.py:545} INFO - Filling up the DagBag from /home/airflow/.local/lib/python3.12/site-packages/airflow/example_dags/example_branch_operator.py
[2024-08-04T13:06:03.048+0000] {processor.py:840} INFO - DAG(s) 'example_branch_operator' retrieved from /home/airflow/.local/lib/python3.12/site-packages/airflow/example_dags/example_branch_operator.py
[2024-08-04T13:06:03.080+0000] {logging_mixin.py:188} INFO - [2024-08-04T13:06:03.080+0000] {dag.py:3089} INFO - Sync 1 DAGs
[2024-08-04T13:06:03.105+0000] {logging_mixin.py:188} INFO - [2024-08-04T13:06:03.105+0000] {dag.py:3947} INFO - Setting next_dagrun for example_branch_operator to 2024-08-03 00:00:00+00:00, run_after=2024-08-04 00:00:00+00:00
[2024-08-04T13:06:03.130+0000] {processor.py:183} INFO - Processing /home/airflow/.local/lib/python3.12/site-packages/airflow/example_dags/example_branch_operator.py took 0.112 seconds
[2024-08-04T13:06:33.910+0000] {processor.py:161} INFO - Started process (PID=282) to work on /home/airflow/.local/lib/python3.12/site-packages/airflow/example_dags/example_branch_operator.py
[2024-08-04T13:06:33.914+0000] {processor.py:830} INFO - Processing file /home/airflow/.local/lib/python3.12/site-packages/airflow/example_dags/example_branch_operator.py for tasks to queue
[2024-08-04T13:06:33.917+0000] {logging_mixin.py:188} INFO - [2024-08-04T13:06:33.916+0000] {dagbag.py:545} INFO - Filling up the DagBag from /home/airflow/.local/lib/python3.12/site-packages/airflow/example_dags/example_branch_operator.py
[2024-08-04T13:06:33.942+0000] {processor.py:840} INFO - DAG(s) 'example_branch_operator' retrieved from /home/airflow/.local/lib/python3.12/site-packages/airflow/example_dags/example_branch_operator.py
[2024-08-04T13:06:33.979+0000] {logging_mixin.py:188} INFO - [2024-08-04T13:06:33.979+0000] {dag.py:3089} INFO - Sync 1 DAGs
[2024-08-04T13:06:34.011+0000] {logging_mixin.py:188} INFO - [2024-08-04T13:06:34.011+0000] {dag.py:3947} INFO - Setting next_dagrun for example_branch_operator to 2024-08-03 00:00:00+00:00, run_after=2024-08-04 00:00:00+00:00
[2024-08-04T13:06:34.034+0000] {processor.py:183} INFO - Processing /home/airflow/.local/lib/python3.12/site-packages/airflow/example_dags/example_branch_operator.py took 0.132 seconds
[2024-08-04T13:07:04.659+0000] {processor.py:161} INFO - Started process (PID=346) to work on /home/airflow/.local/lib/python3.12/site-packages/airflow/example_dags/example_branch_operator.py
[2024-08-04T13:07:04.661+0000] {processor.py:830} INFO - Processing file /home/airflow/.local/lib/python3.12/site-packages/airflow/example_dags/example_branch_operator.py for tasks to queue
[2024-08-04T13:07:04.664+0000] {logging_mixin.py:188} INFO - [2024-08-04T13:07:04.664+0000] {dagbag.py:545} INFO - Filling up the DagBag from /home/airflow/.local/lib/python3.12/site-packages/airflow/example_dags/example_branch_operator.py
[2024-08-04T13:07:04.690+0000] {processor.py:840} INFO - DAG(s) 'example_branch_operator' retrieved from /home/airflow/.local/lib/python3.12/site-packages/airflow/example_dags/example_branch_operator.py
[2024-08-04T13:07:04.732+0000] {logging_mixin.py:188} INFO - [2024-08-04T13:07:04.731+0000] {dag.py:3089} INFO - Sync 1 DAGs
[2024-08-04T13:07:04.762+0000] {logging_mixin.py:188} INFO - [2024-08-04T13:07:04.761+0000] {dag.py:3947} INFO - Setting next_dagrun for example_branch_operator to 2024-08-03 00:00:00+00:00, run_after=2024-08-04 00:00:00+00:00
[2024-08-04T13:07:04.788+0000] {processor.py:183} INFO - Processing /home/airflow/.local/lib/python3.12/site-packages/airflow/example_dags/example_branch_operator.py took 0.136 seconds
[2024-08-04T13:07:36.248+0000] {processor.py:161} INFO - Started process (PID=416) to work on /home/airflow/.local/lib/python3.12/site-packages/airflow/example_dags/example_branch_operator.py
[2024-08-04T13:07:36.256+0000] {processor.py:830} INFO - Processing file /home/airflow/.local/lib/python3.12/site-packages/airflow/example_dags/example_branch_operator.py for tasks to queue
[2024-08-04T13:07:36.259+0000] {logging_mixin.py:188} INFO - [2024-08-04T13:07:36.258+0000] {dagbag.py:545} INFO - Filling up the DagBag from /home/airflow/.local/lib/python3.12/site-packages/airflow/example_dags/example_branch_operator.py
[2024-08-04T13:07:36.284+0000] {processor.py:840} INFO - DAG(s) 'example_branch_operator' retrieved from /home/airflow/.local/lib/python3.12/site-packages/airflow/example_dags/example_branch_operator.py
[2024-08-04T13:07:36.329+0000] {logging_mixin.py:188} INFO - [2024-08-04T13:07:36.328+0000] {dag.py:3089} INFO - Sync 1 DAGs
[2024-08-04T13:07:36.363+0000] {logging_mixin.py:188} INFO - [2024-08-04T13:07:36.363+0000] {dag.py:3947} INFO - Setting next_dagrun for example_branch_operator to 2024-08-03 00:00:00+00:00, run_after=2024-08-04 00:00:00+00:00
[2024-08-04T13:07:36.390+0000] {processor.py:183} INFO - Processing /home/airflow/.local/lib/python3.12/site-packages/airflow/example_dags/example_branch_operator.py took 0.149 seconds
[2024-08-04T13:08:07.243+0000] {processor.py:161} INFO - Started process (PID=480) to work on /home/airflow/.local/lib/python3.12/site-packages/airflow/example_dags/example_branch_operator.py
[2024-08-04T13:08:07.245+0000] {processor.py:830} INFO - Processing file /home/airflow/.local/lib/python3.12/site-packages/airflow/example_dags/example_branch_operator.py for tasks to queue
[2024-08-04T13:08:07.249+0000] {logging_mixin.py:188} INFO - [2024-08-04T13:08:07.248+0000] {dagbag.py:545} INFO - Filling up the DagBag from /home/airflow/.local/lib/python3.12/site-packages/airflow/example_dags/example_branch_operator.py
[2024-08-04T13:08:07.274+0000] {processor.py:840} INFO - DAG(s) 'example_branch_operator' retrieved from /home/airflow/.local/lib/python3.12/site-packages/airflow/example_dags/example_branch_operator.py
[2024-08-04T13:08:07.319+0000] {logging_mixin.py:188} INFO - [2024-08-04T13:08:07.319+0000] {dag.py:3089} INFO - Sync 1 DAGs
[2024-08-04T13:08:07.356+0000] {logging_mixin.py:188} INFO - [2024-08-04T13:08:07.356+0000] {dag.py:3947} INFO - Setting next_dagrun for example_branch_operator to 2024-08-03 00:00:00+00:00, run_after=2024-08-04 00:00:00+00:00
[2024-08-04T13:08:07.388+0000] {processor.py:183} INFO - Processing /home/airflow/.local/lib/python3.12/site-packages/airflow/example_dags/example_branch_operator.py took 0.153 seconds
[2024-08-04T13:08:37.785+0000] {processor.py:161} INFO - Started process (PID=544) to work on /home/airflow/.local/lib/python3.12/site-packages/airflow/example_dags/example_branch_operator.py
[2024-08-04T13:08:37.786+0000] {processor.py:830} INFO - Processing file /home/airflow/.local/lib/python3.12/site-packages/airflow/example_dags/example_branch_operator.py for tasks to queue
[2024-08-04T13:08:37.789+0000] {logging_mixin.py:188} INFO - [2024-08-04T13:08:37.789+0000] {dagbag.py:545} INFO - Filling up the DagBag from /home/airflow/.local/lib/python3.12/site-packages/airflow/example_dags/example_branch_operator.py
[2024-08-04T13:08:37.818+0000] {processor.py:840} INFO - DAG(s) 'example_branch_operator' retrieved from /home/airflow/.local/lib/python3.12/site-packages/airflow/example_dags/example_branch_operator.py
[2024-08-04T13:08:37.851+0000] {logging_mixin.py:188} INFO - [2024-08-04T13:08:37.851+0000] {dag.py:3089} INFO - Sync 1 DAGs
[2024-08-04T13:08:37.879+0000] {logging_mixin.py:188} INFO - [2024-08-04T13:08:37.879+0000] {dag.py:3947} INFO - Setting next_dagrun for example_branch_operator to 2024-08-03 00:00:00+00:00, run_after=2024-08-04 00:00:00+00:00
[2024-08-04T13:08:37.900+0000] {processor.py:183} INFO - Processing /home/airflow/.local/lib/python3.12/site-packages/airflow/example_dags/example_branch_operator.py took 0.120 seconds
[2024-08-04T13:09:09.596+0000] {processor.py:161} INFO - Started process (PID=608) to work on /home/airflow/.local/lib/python3.12/site-packages/airflow/example_dags/example_branch_operator.py
[2024-08-04T13:09:09.598+0000] {processor.py:830} INFO - Processing file /home/airflow/.local/lib/python3.12/site-packages/airflow/example_dags/example_branch_operator.py for tasks to queue
[2024-08-04T13:09:09.600+0000] {logging_mixin.py:188} INFO - [2024-08-04T13:09:09.600+0000] {dagbag.py:545} INFO - Filling up the DagBag from /home/airflow/.local/lib/python3.12/site-packages/airflow/example_dags/example_branch_operator.py
[2024-08-04T13:09:09.619+0000] {processor.py:840} INFO - DAG(s) 'example_branch_operator' retrieved from /home/airflow/.local/lib/python3.12/site-packages/airflow/example_dags/example_branch_operator.py
[2024-08-04T13:09:09.650+0000] {logging_mixin.py:188} INFO - [2024-08-04T13:09:09.649+0000] {dag.py:3089} INFO - Sync 1 DAGs
[2024-08-04T13:09:09.676+0000] {logging_mixin.py:188} INFO - [2024-08-04T13:09:09.676+0000] {dag.py:3947} INFO - Setting next_dagrun for example_branch_operator to 2024-08-03 00:00:00+00:00, run_after=2024-08-04 00:00:00+00:00
[2024-08-04T13:09:09.703+0000] {processor.py:183} INFO - Processing /home/airflow/.local/lib/python3.12/site-packages/airflow/example_dags/example_branch_operator.py took 0.112 seconds
[2024-08-04T13:09:40.825+0000] {processor.py:161} INFO - Started process (PID=671) to work on /home/airflow/.local/lib/python3.12/site-packages/airflow/example_dags/example_branch_operator.py
[2024-08-04T13:09:40.827+0000] {processor.py:830} INFO - Processing file /home/airflow/.local/lib/python3.12/site-packages/airflow/example_dags/example_branch_operator.py for tasks to queue
[2024-08-04T13:09:40.831+0000] {logging_mixin.py:188} INFO - [2024-08-04T13:09:40.831+0000] {dagbag.py:545} INFO - Filling up the DagBag from /home/airflow/.local/lib/python3.12/site-packages/airflow/example_dags/example_branch_operator.py
[2024-08-04T13:09:40.857+0000] {processor.py:840} INFO - DAG(s) 'example_branch_operator' retrieved from /home/airflow/.local/lib/python3.12/site-packages/airflow/example_dags/example_branch_operator.py
[2024-08-04T13:09:40.898+0000] {logging_mixin.py:188} INFO - [2024-08-04T13:09:40.898+0000] {dag.py:3089} INFO - Sync 1 DAGs
[2024-08-04T13:09:40.933+0000] {logging_mixin.py:188} INFO - [2024-08-04T13:09:40.933+0000] {dag.py:3947} INFO - Setting next_dagrun for example_branch_operator to 2024-08-03 00:00:00+00:00, run_after=2024-08-04 00:00:00+00:00
[2024-08-04T13:09:40.964+0000] {processor.py:183} INFO - Processing /home/airflow/.local/lib/python3.12/site-packages/airflow/example_dags/example_branch_operator.py took 0.146 seconds
[2024-08-04T13:10:11.854+0000] {processor.py:161} INFO - Started process (PID=735) to work on /home/airflow/.local/lib/python3.12/site-packages/airflow/example_dags/example_branch_operator.py
[2024-08-04T13:10:11.857+0000] {processor.py:830} INFO - Processing file /home/airflow/.local/lib/python3.12/site-packages/airflow/example_dags/example_branch_operator.py for tasks to queue
[2024-08-04T13:10:11.860+0000] {logging_mixin.py:188} INFO - [2024-08-04T13:10:11.859+0000] {dagbag.py:545} INFO - Filling up the DagBag from /home/airflow/.local/lib/python3.12/site-packages/airflow/example_dags/example_branch_operator.py
[2024-08-04T13:10:11.885+0000] {processor.py:840} INFO - DAG(s) 'example_branch_operator' retrieved from /home/airflow/.local/lib/python3.12/site-packages/airflow/example_dags/example_branch_operator.py
[2024-08-04T13:10:11.917+0000] {logging_mixin.py:188} INFO - [2024-08-04T13:10:11.917+0000] {dag.py:3089} INFO - Sync 1 DAGs
[2024-08-04T13:10:11.942+0000] {logging_mixin.py:188} INFO - [2024-08-04T13:10:11.942+0000] {dag.py:3947} INFO - Setting next_dagrun for example_branch_operator to 2024-08-03 00:00:00+00:00, run_after=2024-08-04 00:00:00+00:00
[2024-08-04T13:10:11.963+0000] {processor.py:183} INFO - Processing /home/airflow/.local/lib/python3.12/site-packages/airflow/example_dags/example_branch_operator.py took 0.117 seconds
[2024-08-04T13:10:42.379+0000] {processor.py:161} INFO - Started process (PID=799) to work on /home/airflow/.local/lib/python3.12/site-packages/airflow/example_dags/example_branch_operator.py
[2024-08-04T13:10:42.380+0000] {processor.py:830} INFO - Processing file /home/airflow/.local/lib/python3.12/site-packages/airflow/example_dags/example_branch_operator.py for tasks to queue
[2024-08-04T13:10:42.382+0000] {logging_mixin.py:188} INFO - [2024-08-04T13:10:42.382+0000] {dagbag.py:545} INFO - Filling up the DagBag from /home/airflow/.local/lib/python3.12/site-packages/airflow/example_dags/example_branch_operator.py
[2024-08-04T13:10:42.400+0000] {processor.py:840} INFO - DAG(s) 'example_branch_operator' retrieved from /home/airflow/.local/lib/python3.12/site-packages/airflow/example_dags/example_branch_operator.py
[2024-08-04T13:10:42.433+0000] {logging_mixin.py:188} INFO - [2024-08-04T13:10:42.432+0000] {dag.py:3089} INFO - Sync 1 DAGs
[2024-08-04T13:10:42.456+0000] {logging_mixin.py:188} INFO - [2024-08-04T13:10:42.456+0000] {dag.py:3947} INFO - Setting next_dagrun for example_branch_operator to 2024-08-03 00:00:00+00:00, run_after=2024-08-04 00:00:00+00:00
[2024-08-04T13:10:42.481+0000] {processor.py:183} INFO - Processing /home/airflow/.local/lib/python3.12/site-packages/airflow/example_dags/example_branch_operator.py took 0.108 seconds
[2024-08-04T13:11:13.546+0000] {processor.py:161} INFO - Started process (PID=863) to work on /home/airflow/.local/lib/python3.12/site-packages/airflow/example_dags/example_branch_operator.py
[2024-08-04T13:11:13.548+0000] {processor.py:830} INFO - Processing file /home/airflow/.local/lib/python3.12/site-packages/airflow/example_dags/example_branch_operator.py for tasks to queue
[2024-08-04T13:11:13.550+0000] {logging_mixin.py:188} INFO - [2024-08-04T13:11:13.550+0000] {dagbag.py:545} INFO - Filling up the DagBag from /home/airflow/.local/lib/python3.12/site-packages/airflow/example_dags/example_branch_operator.py
[2024-08-04T13:11:13.567+0000] {processor.py:840} INFO - DAG(s) 'example_branch_operator' retrieved from /home/airflow/.local/lib/python3.12/site-packages/airflow/example_dags/example_branch_operator.py
[2024-08-04T13:11:13.605+0000] {logging_mixin.py:188} INFO - [2024-08-04T13:11:13.605+0000] {dag.py:3089} INFO - Sync 1 DAGs
[2024-08-04T13:11:13.630+0000] {logging_mixin.py:188} INFO - [2024-08-04T13:11:13.630+0000] {dag.py:3947} INFO - Setting next_dagrun for example_branch_operator to 2024-08-03 00:00:00+00:00, run_after=2024-08-04 00:00:00+00:00
[2024-08-04T13:11:13.653+0000] {processor.py:183} INFO - Processing /home/airflow/.local/lib/python3.12/site-packages/airflow/example_dags/example_branch_operator.py took 0.112 seconds
[2024-08-04T13:11:44.148+0000] {processor.py:161} INFO - Started process (PID=927) to work on /home/airflow/.local/lib/python3.12/site-packages/airflow/example_dags/example_branch_operator.py
[2024-08-04T13:11:44.149+0000] {processor.py:830} INFO - Processing file /home/airflow/.local/lib/python3.12/site-packages/airflow/example_dags/example_branch_operator.py for tasks to queue
[2024-08-04T13:11:44.151+0000] {logging_mixin.py:188} INFO - [2024-08-04T13:11:44.151+0000] {dagbag.py:545} INFO - Filling up the DagBag from /home/airflow/.local/lib/python3.12/site-packages/airflow/example_dags/example_branch_operator.py
[2024-08-04T13:11:44.168+0000] {processor.py:840} INFO - DAG(s) 'example_branch_operator' retrieved from /home/airflow/.local/lib/python3.12/site-packages/airflow/example_dags/example_branch_operator.py
[2024-08-04T13:11:44.199+0000] {logging_mixin.py:188} INFO - [2024-08-04T13:11:44.199+0000] {dag.py:3089} INFO - Sync 1 DAGs
[2024-08-04T13:11:44.223+0000] {logging_mixin.py:188} INFO - [2024-08-04T13:11:44.223+0000] {dag.py:3947} INFO - Setting next_dagrun for example_branch_operator to 2024-08-03 00:00:00+00:00, run_after=2024-08-04 00:00:00+00:00
[2024-08-04T13:11:44.246+0000] {processor.py:183} INFO - Processing /home/airflow/.local/lib/python3.12/site-packages/airflow/example_dags/example_branch_operator.py took 0.105 seconds
[2024-08-04T13:12:16.046+0000] {processor.py:161} INFO - Started process (PID=991) to work on /home/airflow/.local/lib/python3.12/site-packages/airflow/example_dags/example_branch_operator.py
[2024-08-04T13:12:16.047+0000] {processor.py:830} INFO - Processing file /home/airflow/.local/lib/python3.12/site-packages/airflow/example_dags/example_branch_operator.py for tasks to queue
[2024-08-04T13:12:16.051+0000] {logging_mixin.py:188} INFO - [2024-08-04T13:12:16.050+0000] {dagbag.py:545} INFO - Filling up the DagBag from /home/airflow/.local/lib/python3.12/site-packages/airflow/example_dags/example_branch_operator.py
[2024-08-04T13:12:16.070+0000] {processor.py:840} INFO - DAG(s) 'example_branch_operator' retrieved from /home/airflow/.local/lib/python3.12/site-packages/airflow/example_dags/example_branch_operator.py
[2024-08-04T13:12:16.105+0000] {logging_mixin.py:188} INFO - [2024-08-04T13:12:16.104+0000] {dag.py:3089} INFO - Sync 1 DAGs
[2024-08-04T13:12:16.131+0000] {logging_mixin.py:188} INFO - [2024-08-04T13:12:16.131+0000] {dag.py:3947} INFO - Setting next_dagrun for example_branch_operator to 2024-08-03 00:00:00+00:00, run_after=2024-08-04 00:00:00+00:00
[2024-08-04T13:12:16.157+0000] {processor.py:183} INFO - Processing /home/airflow/.local/lib/python3.12/site-packages/airflow/example_dags/example_branch_operator.py took 0.119 seconds
[2024-08-04T13:12:47.483+0000] {processor.py:161} INFO - Started process (PID=1055) to work on /home/airflow/.local/lib/python3.12/site-packages/airflow/example_dags/example_branch_operator.py
[2024-08-04T13:12:47.485+0000] {processor.py:830} INFO - Processing file /home/airflow/.local/lib/python3.12/site-packages/airflow/example_dags/example_branch_operator.py for tasks to queue
[2024-08-04T13:12:47.488+0000] {logging_mixin.py:188} INFO - [2024-08-04T13:12:47.487+0000] {dagbag.py:545} INFO - Filling up the DagBag from /home/airflow/.local/lib/python3.12/site-packages/airflow/example_dags/example_branch_operator.py
[2024-08-04T13:12:47.507+0000] {processor.py:840} INFO - DAG(s) 'example_branch_operator' retrieved from /home/airflow/.local/lib/python3.12/site-packages/airflow/example_dags/example_branch_operator.py
[2024-08-04T13:12:47.540+0000] {logging_mixin.py:188} INFO - [2024-08-04T13:12:47.540+0000] {dag.py:3089} INFO - Sync 1 DAGs
[2024-08-04T13:12:47.566+0000] {logging_mixin.py:188} INFO - [2024-08-04T13:12:47.566+0000] {dag.py:3947} INFO - Setting next_dagrun for example_branch_operator to 2024-08-03 00:00:00+00:00, run_after=2024-08-04 00:00:00+00:00
[2024-08-04T13:12:47.592+0000] {processor.py:183} INFO - Processing /home/airflow/.local/lib/python3.12/site-packages/airflow/example_dags/example_branch_operator.py took 0.117 seconds
[2024-08-04T13:13:18.175+0000] {processor.py:161} INFO - Started process (PID=1119) to work on /home/airflow/.local/lib/python3.12/site-packages/airflow/example_dags/example_branch_operator.py
[2024-08-04T13:13:18.179+0000] {processor.py:830} INFO - Processing file /home/airflow/.local/lib/python3.12/site-packages/airflow/example_dags/example_branch_operator.py for tasks to queue
[2024-08-04T13:13:18.182+0000] {logging_mixin.py:188} INFO - [2024-08-04T13:13:18.181+0000] {dagbag.py:545} INFO - Filling up the DagBag from /home/airflow/.local/lib/python3.12/site-packages/airflow/example_dags/example_branch_operator.py
[2024-08-04T13:13:18.200+0000] {processor.py:840} INFO - DAG(s) 'example_branch_operator' retrieved from /home/airflow/.local/lib/python3.12/site-packages/airflow/example_dags/example_branch_operator.py
[2024-08-04T13:13:18.232+0000] {logging_mixin.py:188} INFO - [2024-08-04T13:13:18.232+0000] {dag.py:3089} INFO - Sync 1 DAGs
[2024-08-04T13:13:18.256+0000] {logging_mixin.py:188} INFO - [2024-08-04T13:13:18.256+0000] {dag.py:3947} INFO - Setting next_dagrun for example_branch_operator to 2024-08-03 00:00:00+00:00, run_after=2024-08-04 00:00:00+00:00
[2024-08-04T13:13:18.279+0000] {processor.py:183} INFO - Processing /home/airflow/.local/lib/python3.12/site-packages/airflow/example_dags/example_branch_operator.py took 0.110 seconds
[2024-08-04T13:13:50.181+0000] {processor.py:161} INFO - Started process (PID=1183) to work on /home/airflow/.local/lib/python3.12/site-packages/airflow/example_dags/example_branch_operator.py
[2024-08-04T13:13:50.183+0000] {processor.py:830} INFO - Processing file /home/airflow/.local/lib/python3.12/site-packages/airflow/example_dags/example_branch_operator.py for tasks to queue
[2024-08-04T13:13:50.185+0000] {logging_mixin.py:188} INFO - [2024-08-04T13:13:50.185+0000] {dagbag.py:545} INFO - Filling up the DagBag from /home/airflow/.local/lib/python3.12/site-packages/airflow/example_dags/example_branch_operator.py
[2024-08-04T13:13:50.204+0000] {processor.py:840} INFO - DAG(s) 'example_branch_operator' retrieved from /home/airflow/.local/lib/python3.12/site-packages/airflow/example_dags/example_branch_operator.py
[2024-08-04T13:13:50.239+0000] {logging_mixin.py:188} INFO - [2024-08-04T13:13:50.239+0000] {dag.py:3089} INFO - Sync 1 DAGs
[2024-08-04T13:13:50.265+0000] {logging_mixin.py:188} INFO - [2024-08-04T13:13:50.264+0000] {dag.py:3947} INFO - Setting next_dagrun for example_branch_operator to 2024-08-03 00:00:00+00:00, run_after=2024-08-04 00:00:00+00:00
[2024-08-04T13:13:50.290+0000] {processor.py:183} INFO - Processing /home/airflow/.local/lib/python3.12/site-packages/airflow/example_dags/example_branch_operator.py took 0.116 seconds
[2024-08-04T13:14:22.296+0000] {processor.py:161} INFO - Started process (PID=1247) to work on /home/airflow/.local/lib/python3.12/site-packages/airflow/example_dags/example_branch_operator.py
[2024-08-04T13:14:22.298+0000] {processor.py:830} INFO - Processing file /home/airflow/.local/lib/python3.12/site-packages/airflow/example_dags/example_branch_operator.py for tasks to queue
[2024-08-04T13:14:22.302+0000] {logging_mixin.py:188} INFO - [2024-08-04T13:14:22.301+0000] {dagbag.py:545} INFO - Filling up the DagBag from /home/airflow/.local/lib/python3.12/site-packages/airflow/example_dags/example_branch_operator.py
[2024-08-04T13:14:22.340+0000] {processor.py:840} INFO - DAG(s) 'example_branch_operator' retrieved from /home/airflow/.local/lib/python3.12/site-packages/airflow/example_dags/example_branch_operator.py
[2024-08-04T13:14:22.377+0000] {logging_mixin.py:188} INFO - [2024-08-04T13:14:22.376+0000] {dag.py:3089} INFO - Sync 1 DAGs
[2024-08-04T13:14:22.405+0000] {logging_mixin.py:188} INFO - [2024-08-04T13:14:22.405+0000] {dag.py:3947} INFO - Setting next_dagrun for example_branch_operator to 2024-08-03 00:00:00+00:00, run_after=2024-08-04 00:00:00+00:00
[2024-08-04T13:14:22.438+0000] {processor.py:183} INFO - Processing /home/airflow/.local/lib/python3.12/site-packages/airflow/example_dags/example_branch_operator.py took 0.153 seconds
[2024-08-04T13:14:53.207+0000] {processor.py:161} INFO - Started process (PID=1310) to work on /home/airflow/.local/lib/python3.12/site-packages/airflow/example_dags/example_branch_operator.py
[2024-08-04T13:14:53.210+0000] {processor.py:830} INFO - Processing file /home/airflow/.local/lib/python3.12/site-packages/airflow/example_dags/example_branch_operator.py for tasks to queue
[2024-08-04T13:14:53.212+0000] {logging_mixin.py:188} INFO - [2024-08-04T13:14:53.212+0000] {dagbag.py:545} INFO - Filling up the DagBag from /home/airflow/.local/lib/python3.12/site-packages/airflow/example_dags/example_branch_operator.py
[2024-08-04T13:14:53.239+0000] {processor.py:840} INFO - DAG(s) 'example_branch_operator' retrieved from /home/airflow/.local/lib/python3.12/site-packages/airflow/example_dags/example_branch_operator.py
[2024-08-04T13:14:53.274+0000] {logging_mixin.py:188} INFO - [2024-08-04T13:14:53.273+0000] {dag.py:3089} INFO - Sync 1 DAGs
[2024-08-04T13:14:53.300+0000] {logging_mixin.py:188} INFO - [2024-08-04T13:14:53.300+0000] {dag.py:3947} INFO - Setting next_dagrun for example_branch_operator to 2024-08-03 00:00:00+00:00, run_after=2024-08-04 00:00:00+00:00
[2024-08-04T13:14:53.325+0000] {processor.py:183} INFO - Processing /home/airflow/.local/lib/python3.12/site-packages/airflow/example_dags/example_branch_operator.py took 0.130 seconds
[2024-08-04T13:15:24.735+0000] {processor.py:161} INFO - Started process (PID=1374) to work on /home/airflow/.local/lib/python3.12/site-packages/airflow/example_dags/example_branch_operator.py
[2024-08-04T13:15:24.738+0000] {processor.py:830} INFO - Processing file /home/airflow/.local/lib/python3.12/site-packages/airflow/example_dags/example_branch_operator.py for tasks to queue
[2024-08-04T13:15:24.740+0000] {logging_mixin.py:188} INFO - [2024-08-04T13:15:24.740+0000] {dagbag.py:545} INFO - Filling up the DagBag from /home/airflow/.local/lib/python3.12/site-packages/airflow/example_dags/example_branch_operator.py
[2024-08-04T13:15:24.759+0000] {processor.py:840} INFO - DAG(s) 'example_branch_operator' retrieved from /home/airflow/.local/lib/python3.12/site-packages/airflow/example_dags/example_branch_operator.py
[2024-08-04T13:15:24.798+0000] {logging_mixin.py:188} INFO - [2024-08-04T13:15:24.798+0000] {dag.py:3089} INFO - Sync 1 DAGs
[2024-08-04T13:15:24.824+0000] {logging_mixin.py:188} INFO - [2024-08-04T13:15:24.824+0000] {dag.py:3947} INFO - Setting next_dagrun for example_branch_operator to 2024-08-03 00:00:00+00:00, run_after=2024-08-04 00:00:00+00:00
[2024-08-04T13:15:24.849+0000] {processor.py:183} INFO - Processing /home/airflow/.local/lib/python3.12/site-packages/airflow/example_dags/example_branch_operator.py took 0.122 seconds
[2024-08-04T13:15:55.240+0000] {processor.py:161} INFO - Started process (PID=1438) to work on /home/airflow/.local/lib/python3.12/site-packages/airflow/example_dags/example_branch_operator.py
[2024-08-04T13:15:55.242+0000] {processor.py:830} INFO - Processing file /home/airflow/.local/lib/python3.12/site-packages/airflow/example_dags/example_branch_operator.py for tasks to queue
[2024-08-04T13:15:55.245+0000] {logging_mixin.py:188} INFO - [2024-08-04T13:15:55.245+0000] {dagbag.py:545} INFO - Filling up the DagBag from /home/airflow/.local/lib/python3.12/site-packages/airflow/example_dags/example_branch_operator.py
[2024-08-04T13:15:55.261+0000] {processor.py:840} INFO - DAG(s) 'example_branch_operator' retrieved from /home/airflow/.local/lib/python3.12/site-packages/airflow/example_dags/example_branch_operator.py
[2024-08-04T13:15:55.296+0000] {logging_mixin.py:188} INFO - [2024-08-04T13:15:55.296+0000] {dag.py:3089} INFO - Sync 1 DAGs
[2024-08-04T13:15:55.322+0000] {logging_mixin.py:188} INFO - [2024-08-04T13:15:55.321+0000] {dag.py:3947} INFO - Setting next_dagrun for example_branch_operator to 2024-08-03 00:00:00+00:00, run_after=2024-08-04 00:00:00+00:00
[2024-08-04T13:15:55.345+0000] {processor.py:183} INFO - Processing /home/airflow/.local/lib/python3.12/site-packages/airflow/example_dags/example_branch_operator.py took 0.111 seconds
[2024-08-04T13:16:26.222+0000] {processor.py:161} INFO - Started process (PID=1502) to work on /home/airflow/.local/lib/python3.12/site-packages/airflow/example_dags/example_branch_operator.py
[2024-08-04T13:16:26.224+0000] {processor.py:830} INFO - Processing file /home/airflow/.local/lib/python3.12/site-packages/airflow/example_dags/example_branch_operator.py for tasks to queue
[2024-08-04T13:16:26.226+0000] {logging_mixin.py:188} INFO - [2024-08-04T13:16:26.226+0000] {dagbag.py:545} INFO - Filling up the DagBag from /home/airflow/.local/lib/python3.12/site-packages/airflow/example_dags/example_branch_operator.py
[2024-08-04T13:16:26.249+0000] {processor.py:840} INFO - DAG(s) 'example_branch_operator' retrieved from /home/airflow/.local/lib/python3.12/site-packages/airflow/example_dags/example_branch_operator.py
[2024-08-04T13:16:26.288+0000] {logging_mixin.py:188} INFO - [2024-08-04T13:16:26.287+0000] {dag.py:3089} INFO - Sync 1 DAGs
[2024-08-04T13:16:26.328+0000] {logging_mixin.py:188} INFO - [2024-08-04T13:16:26.328+0000] {dag.py:3947} INFO - Setting next_dagrun for example_branch_operator to 2024-08-03 00:00:00+00:00, run_after=2024-08-04 00:00:00+00:00
[2024-08-04T13:16:26.354+0000] {processor.py:183} INFO - Processing /home/airflow/.local/lib/python3.12/site-packages/airflow/example_dags/example_branch_operator.py took 0.139 seconds
[2024-08-04T13:16:57.468+0000] {processor.py:161} INFO - Started process (PID=1566) to work on /home/airflow/.local/lib/python3.12/site-packages/airflow/example_dags/example_branch_operator.py
[2024-08-04T13:16:57.470+0000] {processor.py:830} INFO - Processing file /home/airflow/.local/lib/python3.12/site-packages/airflow/example_dags/example_branch_operator.py for tasks to queue
[2024-08-04T13:16:57.472+0000] {logging_mixin.py:188} INFO - [2024-08-04T13:16:57.472+0000] {dagbag.py:545} INFO - Filling up the DagBag from /home/airflow/.local/lib/python3.12/site-packages/airflow/example_dags/example_branch_operator.py
[2024-08-04T13:16:57.490+0000] {processor.py:840} INFO - DAG(s) 'example_branch_operator' retrieved from /home/airflow/.local/lib/python3.12/site-packages/airflow/example_dags/example_branch_operator.py
[2024-08-04T13:16:57.527+0000] {logging_mixin.py:188} INFO - [2024-08-04T13:16:57.527+0000] {dag.py:3089} INFO - Sync 1 DAGs
[2024-08-04T13:16:57.555+0000] {logging_mixin.py:188} INFO - [2024-08-04T13:16:57.555+0000] {dag.py:3947} INFO - Setting next_dagrun for example_branch_operator to 2024-08-03 00:00:00+00:00, run_after=2024-08-04 00:00:00+00:00
[2024-08-04T13:16:57.596+0000] {processor.py:183} INFO - Processing /home/airflow/.local/lib/python3.12/site-packages/airflow/example_dags/example_branch_operator.py took 0.134 seconds
[2024-08-04T13:17:27.739+0000] {processor.py:161} INFO - Started process (PID=1631) to work on /home/airflow/.local/lib/python3.12/site-packages/airflow/example_dags/example_branch_operator.py
[2024-08-04T13:17:27.747+0000] {processor.py:830} INFO - Processing file /home/airflow/.local/lib/python3.12/site-packages/airflow/example_dags/example_branch_operator.py for tasks to queue
[2024-08-04T13:17:27.749+0000] {logging_mixin.py:188} INFO - [2024-08-04T13:17:27.749+0000] {dagbag.py:545} INFO - Filling up the DagBag from /home/airflow/.local/lib/python3.12/site-packages/airflow/example_dags/example_branch_operator.py
[2024-08-04T13:17:27.769+0000] {processor.py:840} INFO - DAG(s) 'example_branch_operator' retrieved from /home/airflow/.local/lib/python3.12/site-packages/airflow/example_dags/example_branch_operator.py
[2024-08-04T13:17:27.802+0000] {logging_mixin.py:188} INFO - [2024-08-04T13:17:27.802+0000] {dag.py:3089} INFO - Sync 1 DAGs
[2024-08-04T13:17:27.836+0000] {logging_mixin.py:188} INFO - [2024-08-04T13:17:27.836+0000] {dag.py:3947} INFO - Setting next_dagrun for example_branch_operator to 2024-08-03 00:00:00+00:00, run_after=2024-08-04 00:00:00+00:00
[2024-08-04T13:17:27.857+0000] {processor.py:183} INFO - Processing /home/airflow/.local/lib/python3.12/site-packages/airflow/example_dags/example_branch_operator.py took 0.124 seconds
[2024-08-04T13:17:58.670+0000] {processor.py:161} INFO - Started process (PID=1695) to work on /home/airflow/.local/lib/python3.12/site-packages/airflow/example_dags/example_branch_operator.py
[2024-08-04T13:17:58.671+0000] {processor.py:830} INFO - Processing file /home/airflow/.local/lib/python3.12/site-packages/airflow/example_dags/example_branch_operator.py for tasks to queue
[2024-08-04T13:17:58.675+0000] {logging_mixin.py:188} INFO - [2024-08-04T13:17:58.674+0000] {dagbag.py:545} INFO - Filling up the DagBag from /home/airflow/.local/lib/python3.12/site-packages/airflow/example_dags/example_branch_operator.py
[2024-08-04T13:17:58.698+0000] {processor.py:840} INFO - DAG(s) 'example_branch_operator' retrieved from /home/airflow/.local/lib/python3.12/site-packages/airflow/example_dags/example_branch_operator.py
[2024-08-04T13:17:58.736+0000] {logging_mixin.py:188} INFO - [2024-08-04T13:17:58.735+0000] {dag.py:3089} INFO - Sync 1 DAGs
[2024-08-04T13:17:58.760+0000] {logging_mixin.py:188} INFO - [2024-08-04T13:17:58.760+0000] {dag.py:3947} INFO - Setting next_dagrun for example_branch_operator to 2024-08-03 00:00:00+00:00, run_after=2024-08-04 00:00:00+00:00
[2024-08-04T13:17:58.940+0000] {processor.py:183} INFO - Processing /home/airflow/.local/lib/python3.12/site-packages/airflow/example_dags/example_branch_operator.py took 0.279 seconds
[2024-08-04T13:18:30.024+0000] {processor.py:161} INFO - Started process (PID=1759) to work on /home/airflow/.local/lib/python3.12/site-packages/airflow/example_dags/example_branch_operator.py
[2024-08-04T13:18:30.025+0000] {processor.py:830} INFO - Processing file /home/airflow/.local/lib/python3.12/site-packages/airflow/example_dags/example_branch_operator.py for tasks to queue
[2024-08-04T13:18:30.028+0000] {logging_mixin.py:188} INFO - [2024-08-04T13:18:30.027+0000] {dagbag.py:545} INFO - Filling up the DagBag from /home/airflow/.local/lib/python3.12/site-packages/airflow/example_dags/example_branch_operator.py
[2024-08-04T13:18:30.047+0000] {processor.py:840} INFO - DAG(s) 'example_branch_operator' retrieved from /home/airflow/.local/lib/python3.12/site-packages/airflow/example_dags/example_branch_operator.py
[2024-08-04T13:18:30.079+0000] {logging_mixin.py:188} INFO - [2024-08-04T13:18:30.079+0000] {dag.py:3089} INFO - Sync 1 DAGs
[2024-08-04T13:18:30.104+0000] {logging_mixin.py:188} INFO - [2024-08-04T13:18:30.104+0000] {dag.py:3947} INFO - Setting next_dagrun for example_branch_operator to 2024-08-03 00:00:00+00:00, run_after=2024-08-04 00:00:00+00:00
[2024-08-04T13:18:30.127+0000] {processor.py:183} INFO - Processing /home/airflow/.local/lib/python3.12/site-packages/airflow/example_dags/example_branch_operator.py took 0.117 seconds
[2024-08-04T13:19:02.742+0000] {processor.py:161} INFO - Started process (PID=1823) to work on /home/airflow/.local/lib/python3.12/site-packages/airflow/example_dags/example_branch_operator.py
[2024-08-04T13:19:02.744+0000] {processor.py:830} INFO - Processing file /home/airflow/.local/lib/python3.12/site-packages/airflow/example_dags/example_branch_operator.py for tasks to queue
[2024-08-04T13:19:02.746+0000] {logging_mixin.py:188} INFO - [2024-08-04T13:19:02.745+0000] {dagbag.py:545} INFO - Filling up the DagBag from /home/airflow/.local/lib/python3.12/site-packages/airflow/example_dags/example_branch_operator.py
[2024-08-04T13:19:02.763+0000] {processor.py:840} INFO - DAG(s) 'example_branch_operator' retrieved from /home/airflow/.local/lib/python3.12/site-packages/airflow/example_dags/example_branch_operator.py
[2024-08-04T13:19:02.791+0000] {logging_mixin.py:188} INFO - [2024-08-04T13:19:02.791+0000] {dag.py:3089} INFO - Sync 1 DAGs
[2024-08-04T13:19:02.817+0000] {logging_mixin.py:188} INFO - [2024-08-04T13:19:02.817+0000] {dag.py:3947} INFO - Setting next_dagrun for example_branch_operator to 2024-08-03 00:00:00+00:00, run_after=2024-08-04 00:00:00+00:00
[2024-08-04T13:19:02.839+0000] {processor.py:183} INFO - Processing /home/airflow/.local/lib/python3.12/site-packages/airflow/example_dags/example_branch_operator.py took 0.103 seconds
[2024-08-04T13:19:33.909+0000] {processor.py:161} INFO - Started process (PID=1887) to work on /home/airflow/.local/lib/python3.12/site-packages/airflow/example_dags/example_branch_operator.py
[2024-08-04T13:19:33.911+0000] {processor.py:830} INFO - Processing file /home/airflow/.local/lib/python3.12/site-packages/airflow/example_dags/example_branch_operator.py for tasks to queue
[2024-08-04T13:19:33.914+0000] {logging_mixin.py:188} INFO - [2024-08-04T13:19:33.913+0000] {dagbag.py:545} INFO - Filling up the DagBag from /home/airflow/.local/lib/python3.12/site-packages/airflow/example_dags/example_branch_operator.py
[2024-08-04T13:19:33.932+0000] {processor.py:840} INFO - DAG(s) 'example_branch_operator' retrieved from /home/airflow/.local/lib/python3.12/site-packages/airflow/example_dags/example_branch_operator.py
[2024-08-04T13:19:33.972+0000] {logging_mixin.py:188} INFO - [2024-08-04T13:19:33.971+0000] {dag.py:3089} INFO - Sync 1 DAGs
[2024-08-04T13:19:34.147+0000] {logging_mixin.py:188} INFO - [2024-08-04T13:19:34.147+0000] {dag.py:3947} INFO - Setting next_dagrun for example_branch_operator to 2024-08-03 00:00:00+00:00, run_after=2024-08-04 00:00:00+00:00
[2024-08-04T13:19:34.173+0000] {processor.py:183} INFO - Processing /home/airflow/.local/lib/python3.12/site-packages/airflow/example_dags/example_branch_operator.py took 0.270 seconds
[2024-08-04T13:20:05.468+0000] {processor.py:161} INFO - Started process (PID=1951) to work on /home/airflow/.local/lib/python3.12/site-packages/airflow/example_dags/example_branch_operator.py
[2024-08-04T13:20:05.470+0000] {processor.py:830} INFO - Processing file /home/airflow/.local/lib/python3.12/site-packages/airflow/example_dags/example_branch_operator.py for tasks to queue
[2024-08-04T13:20:05.473+0000] {logging_mixin.py:188} INFO - [2024-08-04T13:20:05.472+0000] {dagbag.py:545} INFO - Filling up the DagBag from /home/airflow/.local/lib/python3.12/site-packages/airflow/example_dags/example_branch_operator.py
[2024-08-04T13:20:05.495+0000] {processor.py:840} INFO - DAG(s) 'example_branch_operator' retrieved from /home/airflow/.local/lib/python3.12/site-packages/airflow/example_dags/example_branch_operator.py
[2024-08-04T13:20:05.529+0000] {logging_mixin.py:188} INFO - [2024-08-04T13:20:05.529+0000] {dag.py:3089} INFO - Sync 1 DAGs
[2024-08-04T13:20:05.697+0000] {logging_mixin.py:188} INFO - [2024-08-04T13:20:05.697+0000] {dag.py:3947} INFO - Setting next_dagrun for example_branch_operator to 2024-08-03 00:00:00+00:00, run_after=2024-08-04 00:00:00+00:00
[2024-08-04T13:20:05.722+0000] {processor.py:183} INFO - Processing /home/airflow/.local/lib/python3.12/site-packages/airflow/example_dags/example_branch_operator.py took 0.261 seconds
[2024-08-04T13:20:36.005+0000] {processor.py:161} INFO - Started process (PID=2015) to work on /home/airflow/.local/lib/python3.12/site-packages/airflow/example_dags/example_branch_operator.py
[2024-08-04T13:20:36.006+0000] {processor.py:830} INFO - Processing file /home/airflow/.local/lib/python3.12/site-packages/airflow/example_dags/example_branch_operator.py for tasks to queue
[2024-08-04T13:20:36.009+0000] {logging_mixin.py:188} INFO - [2024-08-04T13:20:36.008+0000] {dagbag.py:545} INFO - Filling up the DagBag from /home/airflow/.local/lib/python3.12/site-packages/airflow/example_dags/example_branch_operator.py
[2024-08-04T13:20:36.026+0000] {processor.py:840} INFO - DAG(s) 'example_branch_operator' retrieved from /home/airflow/.local/lib/python3.12/site-packages/airflow/example_dags/example_branch_operator.py
[2024-08-04T13:20:36.060+0000] {logging_mixin.py:188} INFO - [2024-08-04T13:20:36.059+0000] {dag.py:3089} INFO - Sync 1 DAGs
[2024-08-04T13:20:36.087+0000] {logging_mixin.py:188} INFO - [2024-08-04T13:20:36.087+0000] {dag.py:3947} INFO - Setting next_dagrun for example_branch_operator to 2024-08-03 00:00:00+00:00, run_after=2024-08-04 00:00:00+00:00
[2024-08-04T13:20:36.113+0000] {processor.py:183} INFO - Processing /home/airflow/.local/lib/python3.12/site-packages/airflow/example_dags/example_branch_operator.py took 0.114 seconds
[2024-08-04T13:21:07.900+0000] {processor.py:161} INFO - Started process (PID=2085) to work on /home/airflow/.local/lib/python3.12/site-packages/airflow/example_dags/example_branch_operator.py
[2024-08-04T13:21:07.901+0000] {processor.py:830} INFO - Processing file /home/airflow/.local/lib/python3.12/site-packages/airflow/example_dags/example_branch_operator.py for tasks to queue
[2024-08-04T13:21:07.904+0000] {logging_mixin.py:188} INFO - [2024-08-04T13:21:07.903+0000] {dagbag.py:545} INFO - Filling up the DagBag from /home/airflow/.local/lib/python3.12/site-packages/airflow/example_dags/example_branch_operator.py
[2024-08-04T13:21:07.922+0000] {processor.py:840} INFO - DAG(s) 'example_branch_operator' retrieved from /home/airflow/.local/lib/python3.12/site-packages/airflow/example_dags/example_branch_operator.py
[2024-08-04T13:21:07.958+0000] {logging_mixin.py:188} INFO - [2024-08-04T13:21:07.957+0000] {dag.py:3089} INFO - Sync 1 DAGs
[2024-08-04T13:21:07.980+0000] {logging_mixin.py:188} INFO - [2024-08-04T13:21:07.980+0000] {dag.py:3947} INFO - Setting next_dagrun for example_branch_operator to 2024-08-03 00:00:00+00:00, run_after=2024-08-04 00:00:00+00:00
[2024-08-04T13:21:08.003+0000] {processor.py:183} INFO - Processing /home/airflow/.local/lib/python3.12/site-packages/airflow/example_dags/example_branch_operator.py took 0.110 seconds
[2024-08-04T13:21:39.178+0000] {processor.py:161} INFO - Started process (PID=2149) to work on /home/airflow/.local/lib/python3.12/site-packages/airflow/example_dags/example_branch_operator.py
[2024-08-04T13:21:39.180+0000] {processor.py:830} INFO - Processing file /home/airflow/.local/lib/python3.12/site-packages/airflow/example_dags/example_branch_operator.py for tasks to queue
[2024-08-04T13:21:39.183+0000] {logging_mixin.py:188} INFO - [2024-08-04T13:21:39.183+0000] {dagbag.py:545} INFO - Filling up the DagBag from /home/airflow/.local/lib/python3.12/site-packages/airflow/example_dags/example_branch_operator.py
[2024-08-04T13:21:39.201+0000] {processor.py:840} INFO - DAG(s) 'example_branch_operator' retrieved from /home/airflow/.local/lib/python3.12/site-packages/airflow/example_dags/example_branch_operator.py
[2024-08-04T13:21:39.248+0000] {logging_mixin.py:188} INFO - [2024-08-04T13:21:39.248+0000] {dag.py:3089} INFO - Sync 1 DAGs
[2024-08-04T13:21:39.274+0000] {logging_mixin.py:188} INFO - [2024-08-04T13:21:39.274+0000] {dag.py:3947} INFO - Setting next_dagrun for example_branch_operator to 2024-08-03 00:00:00+00:00, run_after=2024-08-04 00:00:00+00:00
[2024-08-04T13:21:39.299+0000] {processor.py:183} INFO - Processing /home/airflow/.local/lib/python3.12/site-packages/airflow/example_dags/example_branch_operator.py took 0.130 seconds
[2024-08-04T13:22:09.719+0000] {processor.py:161} INFO - Started process (PID=2213) to work on /home/airflow/.local/lib/python3.12/site-packages/airflow/example_dags/example_branch_operator.py
[2024-08-04T13:22:09.723+0000] {processor.py:830} INFO - Processing file /home/airflow/.local/lib/python3.12/site-packages/airflow/example_dags/example_branch_operator.py for tasks to queue
[2024-08-04T13:22:09.729+0000] {logging_mixin.py:188} INFO - [2024-08-04T13:22:09.729+0000] {dagbag.py:545} INFO - Filling up the DagBag from /home/airflow/.local/lib/python3.12/site-packages/airflow/example_dags/example_branch_operator.py
[2024-08-04T13:22:09.747+0000] {processor.py:840} INFO - DAG(s) 'example_branch_operator' retrieved from /home/airflow/.local/lib/python3.12/site-packages/airflow/example_dags/example_branch_operator.py
[2024-08-04T13:22:09.788+0000] {logging_mixin.py:188} INFO - [2024-08-04T13:22:09.788+0000] {dag.py:3089} INFO - Sync 1 DAGs
[2024-08-04T13:22:09.822+0000] {logging_mixin.py:188} INFO - [2024-08-04T13:22:09.822+0000] {dag.py:3947} INFO - Setting next_dagrun for example_branch_operator to 2024-08-03 00:00:00+00:00, run_after=2024-08-04 00:00:00+00:00
[2024-08-04T13:22:09.846+0000] {processor.py:183} INFO - Processing /home/airflow/.local/lib/python3.12/site-packages/airflow/example_dags/example_branch_operator.py took 0.133 seconds
[2024-08-04T13:22:40.409+0000] {processor.py:161} INFO - Started process (PID=2277) to work on /home/airflow/.local/lib/python3.12/site-packages/airflow/example_dags/example_branch_operator.py
[2024-08-04T13:22:40.410+0000] {processor.py:830} INFO - Processing file /home/airflow/.local/lib/python3.12/site-packages/airflow/example_dags/example_branch_operator.py for tasks to queue
[2024-08-04T13:22:40.412+0000] {logging_mixin.py:188} INFO - [2024-08-04T13:22:40.412+0000] {dagbag.py:545} INFO - Filling up the DagBag from /home/airflow/.local/lib/python3.12/site-packages/airflow/example_dags/example_branch_operator.py
[2024-08-04T13:22:40.430+0000] {processor.py:840} INFO - DAG(s) 'example_branch_operator' retrieved from /home/airflow/.local/lib/python3.12/site-packages/airflow/example_dags/example_branch_operator.py
[2024-08-04T13:22:40.467+0000] {logging_mixin.py:188} INFO - [2024-08-04T13:22:40.467+0000] {dag.py:3089} INFO - Sync 1 DAGs
[2024-08-04T13:22:40.515+0000] {logging_mixin.py:188} INFO - [2024-08-04T13:22:40.515+0000] {dag.py:3947} INFO - Setting next_dagrun for example_branch_operator to 2024-08-03 00:00:00+00:00, run_after=2024-08-04 00:00:00+00:00
[2024-08-04T13:22:40.536+0000] {processor.py:183} INFO - Processing /home/airflow/.local/lib/python3.12/site-packages/airflow/example_dags/example_branch_operator.py took 0.134 seconds
[2024-08-04T13:23:11.288+0000] {processor.py:161} INFO - Started process (PID=2341) to work on /home/airflow/.local/lib/python3.12/site-packages/airflow/example_dags/example_branch_operator.py
[2024-08-04T13:23:11.289+0000] {processor.py:830} INFO - Processing file /home/airflow/.local/lib/python3.12/site-packages/airflow/example_dags/example_branch_operator.py for tasks to queue
[2024-08-04T13:23:11.291+0000] {logging_mixin.py:188} INFO - [2024-08-04T13:23:11.291+0000] {dagbag.py:545} INFO - Filling up the DagBag from /home/airflow/.local/lib/python3.12/site-packages/airflow/example_dags/example_branch_operator.py
[2024-08-04T13:23:11.313+0000] {processor.py:840} INFO - DAG(s) 'example_branch_operator' retrieved from /home/airflow/.local/lib/python3.12/site-packages/airflow/example_dags/example_branch_operator.py
[2024-08-04T13:23:11.353+0000] {logging_mixin.py:188} INFO - [2024-08-04T13:23:11.353+0000] {dag.py:3089} INFO - Sync 1 DAGs
[2024-08-04T13:23:11.381+0000] {logging_mixin.py:188} INFO - [2024-08-04T13:23:11.381+0000] {dag.py:3947} INFO - Setting next_dagrun for example_branch_operator to 2024-08-03 00:00:00+00:00, run_after=2024-08-04 00:00:00+00:00
[2024-08-04T13:23:11.408+0000] {processor.py:183} INFO - Processing /home/airflow/.local/lib/python3.12/site-packages/airflow/example_dags/example_branch_operator.py took 0.128 seconds
[2024-08-04T13:23:42.459+0000] {processor.py:161} INFO - Started process (PID=2406) to work on /home/airflow/.local/lib/python3.12/site-packages/airflow/example_dags/example_branch_operator.py
[2024-08-04T13:23:42.460+0000] {processor.py:830} INFO - Processing file /home/airflow/.local/lib/python3.12/site-packages/airflow/example_dags/example_branch_operator.py for tasks to queue
[2024-08-04T13:23:42.462+0000] {logging_mixin.py:188} INFO - [2024-08-04T13:23:42.462+0000] {dagbag.py:545} INFO - Filling up the DagBag from /home/airflow/.local/lib/python3.12/site-packages/airflow/example_dags/example_branch_operator.py
[2024-08-04T13:23:42.480+0000] {processor.py:840} INFO - DAG(s) 'example_branch_operator' retrieved from /home/airflow/.local/lib/python3.12/site-packages/airflow/example_dags/example_branch_operator.py
[2024-08-04T13:23:42.531+0000] {logging_mixin.py:188} INFO - [2024-08-04T13:23:42.531+0000] {dag.py:3089} INFO - Sync 1 DAGs
[2024-08-04T13:23:42.564+0000] {logging_mixin.py:188} INFO - [2024-08-04T13:23:42.564+0000] {dag.py:3947} INFO - Setting next_dagrun for example_branch_operator to 2024-08-03 00:00:00+00:00, run_after=2024-08-04 00:00:00+00:00
[2024-08-04T13:23:42.595+0000] {processor.py:183} INFO - Processing /home/airflow/.local/lib/python3.12/site-packages/airflow/example_dags/example_branch_operator.py took 0.144 seconds
[2024-08-04T13:24:13.168+0000] {processor.py:161} INFO - Started process (PID=2470) to work on /home/airflow/.local/lib/python3.12/site-packages/airflow/example_dags/example_branch_operator.py
[2024-08-04T13:24:13.170+0000] {processor.py:830} INFO - Processing file /home/airflow/.local/lib/python3.12/site-packages/airflow/example_dags/example_branch_operator.py for tasks to queue
[2024-08-04T13:24:13.172+0000] {logging_mixin.py:188} INFO - [2024-08-04T13:24:13.172+0000] {dagbag.py:545} INFO - Filling up the DagBag from /home/airflow/.local/lib/python3.12/site-packages/airflow/example_dags/example_branch_operator.py
[2024-08-04T13:24:13.190+0000] {processor.py:840} INFO - DAG(s) 'example_branch_operator' retrieved from /home/airflow/.local/lib/python3.12/site-packages/airflow/example_dags/example_branch_operator.py
[2024-08-04T13:24:13.227+0000] {logging_mixin.py:188} INFO - [2024-08-04T13:24:13.226+0000] {dag.py:3089} INFO - Sync 1 DAGs
[2024-08-04T13:24:13.268+0000] {logging_mixin.py:188} INFO - [2024-08-04T13:24:13.268+0000] {dag.py:3947} INFO - Setting next_dagrun for example_branch_operator to 2024-08-03 00:00:00+00:00, run_after=2024-08-04 00:00:00+00:00
[2024-08-04T13:24:13.294+0000] {processor.py:183} INFO - Processing /home/airflow/.local/lib/python3.12/site-packages/airflow/example_dags/example_branch_operator.py took 0.133 seconds
[2024-08-04T13:24:43.415+0000] {processor.py:161} INFO - Started process (PID=2534) to work on /home/airflow/.local/lib/python3.12/site-packages/airflow/example_dags/example_branch_operator.py
[2024-08-04T13:24:43.417+0000] {processor.py:830} INFO - Processing file /home/airflow/.local/lib/python3.12/site-packages/airflow/example_dags/example_branch_operator.py for tasks to queue
[2024-08-04T13:24:43.419+0000] {logging_mixin.py:188} INFO - [2024-08-04T13:24:43.419+0000] {dagbag.py:545} INFO - Filling up the DagBag from /home/airflow/.local/lib/python3.12/site-packages/airflow/example_dags/example_branch_operator.py
[2024-08-04T13:24:43.439+0000] {processor.py:840} INFO - DAG(s) 'example_branch_operator' retrieved from /home/airflow/.local/lib/python3.12/site-packages/airflow/example_dags/example_branch_operator.py
[2024-08-04T13:24:43.483+0000] {logging_mixin.py:188} INFO - [2024-08-04T13:24:43.483+0000] {dag.py:3089} INFO - Sync 1 DAGs
[2024-08-04T13:24:43.521+0000] {logging_mixin.py:188} INFO - [2024-08-04T13:24:43.521+0000] {dag.py:3947} INFO - Setting next_dagrun for example_branch_operator to 2024-08-03 00:00:00+00:00, run_after=2024-08-04 00:00:00+00:00
[2024-08-04T13:24:43.550+0000] {processor.py:183} INFO - Processing /home/airflow/.local/lib/python3.12/site-packages/airflow/example_dags/example_branch_operator.py took 0.142 seconds
[2024-08-04T13:25:13.746+0000] {processor.py:161} INFO - Started process (PID=2598) to work on /home/airflow/.local/lib/python3.12/site-packages/airflow/example_dags/example_branch_operator.py
[2024-08-04T13:25:13.747+0000] {processor.py:830} INFO - Processing file /home/airflow/.local/lib/python3.12/site-packages/airflow/example_dags/example_branch_operator.py for tasks to queue
[2024-08-04T13:25:13.750+0000] {logging_mixin.py:188} INFO - [2024-08-04T13:25:13.749+0000] {dagbag.py:545} INFO - Filling up the DagBag from /home/airflow/.local/lib/python3.12/site-packages/airflow/example_dags/example_branch_operator.py
[2024-08-04T13:25:13.766+0000] {processor.py:840} INFO - DAG(s) 'example_branch_operator' retrieved from /home/airflow/.local/lib/python3.12/site-packages/airflow/example_dags/example_branch_operator.py
[2024-08-04T13:25:13.805+0000] {logging_mixin.py:188} INFO - [2024-08-04T13:25:13.804+0000] {dag.py:3089} INFO - Sync 1 DAGs
[2024-08-04T13:25:13.842+0000] {logging_mixin.py:188} INFO - [2024-08-04T13:25:13.841+0000] {dag.py:3947} INFO - Setting next_dagrun for example_branch_operator to 2024-08-03 00:00:00+00:00, run_after=2024-08-04 00:00:00+00:00
[2024-08-04T13:25:13.874+0000] {processor.py:183} INFO - Processing /home/airflow/.local/lib/python3.12/site-packages/airflow/example_dags/example_branch_operator.py took 0.135 seconds
[2024-08-04T13:25:44.196+0000] {processor.py:161} INFO - Started process (PID=2662) to work on /home/airflow/.local/lib/python3.12/site-packages/airflow/example_dags/example_branch_operator.py
[2024-08-04T13:25:44.199+0000] {processor.py:830} INFO - Processing file /home/airflow/.local/lib/python3.12/site-packages/airflow/example_dags/example_branch_operator.py for tasks to queue
[2024-08-04T13:25:44.202+0000] {logging_mixin.py:188} INFO - [2024-08-04T13:25:44.201+0000] {dagbag.py:545} INFO - Filling up the DagBag from /home/airflow/.local/lib/python3.12/site-packages/airflow/example_dags/example_branch_operator.py
[2024-08-04T13:25:44.222+0000] {processor.py:840} INFO - DAG(s) 'example_branch_operator' retrieved from /home/airflow/.local/lib/python3.12/site-packages/airflow/example_dags/example_branch_operator.py
[2024-08-04T13:25:44.253+0000] {logging_mixin.py:188} INFO - [2024-08-04T13:25:44.253+0000] {dag.py:3089} INFO - Sync 1 DAGs
[2024-08-04T13:25:44.282+0000] {logging_mixin.py:188} INFO - [2024-08-04T13:25:44.281+0000] {dag.py:3947} INFO - Setting next_dagrun for example_branch_operator to 2024-08-03 00:00:00+00:00, run_after=2024-08-04 00:00:00+00:00
[2024-08-04T13:25:44.307+0000] {processor.py:183} INFO - Processing /home/airflow/.local/lib/python3.12/site-packages/airflow/example_dags/example_branch_operator.py took 0.117 seconds
[2024-08-04T13:26:15.635+0000] {processor.py:161} INFO - Started process (PID=2724) to work on /home/airflow/.local/lib/python3.12/site-packages/airflow/example_dags/example_branch_operator.py
[2024-08-04T13:26:15.636+0000] {processor.py:830} INFO - Processing file /home/airflow/.local/lib/python3.12/site-packages/airflow/example_dags/example_branch_operator.py for tasks to queue
[2024-08-04T13:26:15.639+0000] {logging_mixin.py:188} INFO - [2024-08-04T13:26:15.638+0000] {dagbag.py:545} INFO - Filling up the DagBag from /home/airflow/.local/lib/python3.12/site-packages/airflow/example_dags/example_branch_operator.py
[2024-08-04T13:26:15.657+0000] {processor.py:840} INFO - DAG(s) 'example_branch_operator' retrieved from /home/airflow/.local/lib/python3.12/site-packages/airflow/example_dags/example_branch_operator.py
[2024-08-04T13:26:15.691+0000] {logging_mixin.py:188} INFO - [2024-08-04T13:26:15.691+0000] {dag.py:3089} INFO - Sync 1 DAGs
[2024-08-04T13:26:15.719+0000] {logging_mixin.py:188} INFO - [2024-08-04T13:26:15.719+0000] {dag.py:3947} INFO - Setting next_dagrun for example_branch_operator to 2024-08-03 00:00:00+00:00, run_after=2024-08-04 00:00:00+00:00
[2024-08-04T13:26:15.745+0000] {processor.py:183} INFO - Processing /home/airflow/.local/lib/python3.12/site-packages/airflow/example_dags/example_branch_operator.py took 0.116 seconds
[2024-08-04T13:26:45.967+0000] {processor.py:161} INFO - Started process (PID=2788) to work on /home/airflow/.local/lib/python3.12/site-packages/airflow/example_dags/example_branch_operator.py
[2024-08-04T13:26:45.969+0000] {processor.py:830} INFO - Processing file /home/airflow/.local/lib/python3.12/site-packages/airflow/example_dags/example_branch_operator.py for tasks to queue
[2024-08-04T13:26:45.972+0000] {logging_mixin.py:188} INFO - [2024-08-04T13:26:45.972+0000] {dagbag.py:545} INFO - Filling up the DagBag from /home/airflow/.local/lib/python3.12/site-packages/airflow/example_dags/example_branch_operator.py
[2024-08-04T13:26:45.992+0000] {processor.py:840} INFO - DAG(s) 'example_branch_operator' retrieved from /home/airflow/.local/lib/python3.12/site-packages/airflow/example_dags/example_branch_operator.py
[2024-08-04T13:26:46.031+0000] {logging_mixin.py:188} INFO - [2024-08-04T13:26:46.030+0000] {dag.py:3089} INFO - Sync 1 DAGs
[2024-08-04T13:26:46.061+0000] {logging_mixin.py:188} INFO - [2024-08-04T13:26:46.061+0000] {dag.py:3947} INFO - Setting next_dagrun for example_branch_operator to 2024-08-03 00:00:00+00:00, run_after=2024-08-04 00:00:00+00:00
[2024-08-04T13:26:46.101+0000] {processor.py:183} INFO - Processing /home/airflow/.local/lib/python3.12/site-packages/airflow/example_dags/example_branch_operator.py took 0.142 seconds
[2024-08-04T13:27:17.256+0000] {processor.py:161} INFO - Started process (PID=2852) to work on /home/airflow/.local/lib/python3.12/site-packages/airflow/example_dags/example_branch_operator.py
[2024-08-04T13:27:17.259+0000] {processor.py:830} INFO - Processing file /home/airflow/.local/lib/python3.12/site-packages/airflow/example_dags/example_branch_operator.py for tasks to queue
[2024-08-04T13:27:17.262+0000] {logging_mixin.py:188} INFO - [2024-08-04T13:27:17.262+0000] {dagbag.py:545} INFO - Filling up the DagBag from /home/airflow/.local/lib/python3.12/site-packages/airflow/example_dags/example_branch_operator.py
[2024-08-04T13:27:17.287+0000] {processor.py:840} INFO - DAG(s) 'example_branch_operator' retrieved from /home/airflow/.local/lib/python3.12/site-packages/airflow/example_dags/example_branch_operator.py
[2024-08-04T13:27:17.335+0000] {logging_mixin.py:188} INFO - [2024-08-04T13:27:17.335+0000] {dag.py:3089} INFO - Sync 1 DAGs
[2024-08-04T13:27:17.363+0000] {logging_mixin.py:188} INFO - [2024-08-04T13:27:17.362+0000] {dag.py:3947} INFO - Setting next_dagrun for example_branch_operator to 2024-08-03 00:00:00+00:00, run_after=2024-08-04 00:00:00+00:00
[2024-08-04T13:27:17.392+0000] {processor.py:183} INFO - Processing /home/airflow/.local/lib/python3.12/site-packages/airflow/example_dags/example_branch_operator.py took 0.146 seconds
[2024-08-04T13:27:47.914+0000] {processor.py:161} INFO - Started process (PID=2916) to work on /home/airflow/.local/lib/python3.12/site-packages/airflow/example_dags/example_branch_operator.py
[2024-08-04T13:27:47.916+0000] {processor.py:830} INFO - Processing file /home/airflow/.local/lib/python3.12/site-packages/airflow/example_dags/example_branch_operator.py for tasks to queue
[2024-08-04T13:27:47.918+0000] {logging_mixin.py:188} INFO - [2024-08-04T13:27:47.918+0000] {dagbag.py:545} INFO - Filling up the DagBag from /home/airflow/.local/lib/python3.12/site-packages/airflow/example_dags/example_branch_operator.py
[2024-08-04T13:27:47.937+0000] {processor.py:840} INFO - DAG(s) 'example_branch_operator' retrieved from /home/airflow/.local/lib/python3.12/site-packages/airflow/example_dags/example_branch_operator.py
[2024-08-04T13:27:47.977+0000] {logging_mixin.py:188} INFO - [2024-08-04T13:27:47.976+0000] {dag.py:3089} INFO - Sync 1 DAGs
[2024-08-04T13:27:48.010+0000] {logging_mixin.py:188} INFO - [2024-08-04T13:27:48.009+0000] {dag.py:3947} INFO - Setting next_dagrun for example_branch_operator to 2024-08-03 00:00:00+00:00, run_after=2024-08-04 00:00:00+00:00
[2024-08-04T13:27:48.035+0000] {processor.py:183} INFO - Processing /home/airflow/.local/lib/python3.12/site-packages/airflow/example_dags/example_branch_operator.py took 0.127 seconds
[2024-08-04T13:28:18.439+0000] {processor.py:161} INFO - Started process (PID=2980) to work on /home/airflow/.local/lib/python3.12/site-packages/airflow/example_dags/example_branch_operator.py
[2024-08-04T13:28:18.440+0000] {processor.py:830} INFO - Processing file /home/airflow/.local/lib/python3.12/site-packages/airflow/example_dags/example_branch_operator.py for tasks to queue
[2024-08-04T13:28:18.442+0000] {logging_mixin.py:188} INFO - [2024-08-04T13:28:18.442+0000] {dagbag.py:545} INFO - Filling up the DagBag from /home/airflow/.local/lib/python3.12/site-packages/airflow/example_dags/example_branch_operator.py
[2024-08-04T13:28:18.460+0000] {processor.py:840} INFO - DAG(s) 'example_branch_operator' retrieved from /home/airflow/.local/lib/python3.12/site-packages/airflow/example_dags/example_branch_operator.py
[2024-08-04T13:28:18.489+0000] {logging_mixin.py:188} INFO - [2024-08-04T13:28:18.489+0000] {dag.py:3089} INFO - Sync 1 DAGs
[2024-08-04T13:28:18.512+0000] {logging_mixin.py:188} INFO - [2024-08-04T13:28:18.511+0000] {dag.py:3947} INFO - Setting next_dagrun for example_branch_operator to 2024-08-03 00:00:00+00:00, run_after=2024-08-04 00:00:00+00:00
[2024-08-04T13:28:18.531+0000] {processor.py:183} INFO - Processing /home/airflow/.local/lib/python3.12/site-packages/airflow/example_dags/example_branch_operator.py took 0.099 seconds
[2024-08-04T13:28:50.302+0000] {processor.py:161} INFO - Started process (PID=3047) to work on /home/airflow/.local/lib/python3.12/site-packages/airflow/example_dags/example_branch_operator.py
[2024-08-04T13:28:50.304+0000] {processor.py:830} INFO - Processing file /home/airflow/.local/lib/python3.12/site-packages/airflow/example_dags/example_branch_operator.py for tasks to queue
[2024-08-04T13:28:50.307+0000] {logging_mixin.py:188} INFO - [2024-08-04T13:28:50.306+0000] {dagbag.py:545} INFO - Filling up the DagBag from /home/airflow/.local/lib/python3.12/site-packages/airflow/example_dags/example_branch_operator.py
[2024-08-04T13:28:50.325+0000] {processor.py:840} INFO - DAG(s) 'example_branch_operator' retrieved from /home/airflow/.local/lib/python3.12/site-packages/airflow/example_dags/example_branch_operator.py
[2024-08-04T13:28:50.357+0000] {logging_mixin.py:188} INFO - [2024-08-04T13:28:50.357+0000] {dag.py:3089} INFO - Sync 1 DAGs
[2024-08-04T13:28:50.383+0000] {logging_mixin.py:188} INFO - [2024-08-04T13:28:50.383+0000] {dag.py:3947} INFO - Setting next_dagrun for example_branch_operator to 2024-08-03 00:00:00+00:00, run_after=2024-08-04 00:00:00+00:00
[2024-08-04T13:28:50.403+0000] {processor.py:183} INFO - Processing /home/airflow/.local/lib/python3.12/site-packages/airflow/example_dags/example_branch_operator.py took 0.109 seconds
[2024-08-04T13:29:21.115+0000] {processor.py:161} INFO - Started process (PID=3111) to work on /home/airflow/.local/lib/python3.12/site-packages/airflow/example_dags/example_branch_operator.py
[2024-08-04T13:29:21.118+0000] {processor.py:830} INFO - Processing file /home/airflow/.local/lib/python3.12/site-packages/airflow/example_dags/example_branch_operator.py for tasks to queue
[2024-08-04T13:29:21.121+0000] {logging_mixin.py:188} INFO - [2024-08-04T13:29:21.120+0000] {dagbag.py:545} INFO - Filling up the DagBag from /home/airflow/.local/lib/python3.12/site-packages/airflow/example_dags/example_branch_operator.py
[2024-08-04T13:29:21.142+0000] {processor.py:840} INFO - DAG(s) 'example_branch_operator' retrieved from /home/airflow/.local/lib/python3.12/site-packages/airflow/example_dags/example_branch_operator.py
[2024-08-04T13:29:21.190+0000] {logging_mixin.py:188} INFO - [2024-08-04T13:29:21.189+0000] {dag.py:3089} INFO - Sync 1 DAGs
[2024-08-04T13:29:21.218+0000] {logging_mixin.py:188} INFO - [2024-08-04T13:29:21.218+0000] {dag.py:3947} INFO - Setting next_dagrun for example_branch_operator to 2024-08-03 00:00:00+00:00, run_after=2024-08-04 00:00:00+00:00
[2024-08-04T13:29:21.242+0000] {processor.py:183} INFO - Processing /home/airflow/.local/lib/python3.12/site-packages/airflow/example_dags/example_branch_operator.py took 0.133 seconds
[2024-08-04T13:29:52.259+0000] {processor.py:161} INFO - Started process (PID=3173) to work on /home/airflow/.local/lib/python3.12/site-packages/airflow/example_dags/example_branch_operator.py
[2024-08-04T13:29:52.262+0000] {processor.py:830} INFO - Processing file /home/airflow/.local/lib/python3.12/site-packages/airflow/example_dags/example_branch_operator.py for tasks to queue
[2024-08-04T13:29:52.264+0000] {logging_mixin.py:188} INFO - [2024-08-04T13:29:52.264+0000] {dagbag.py:545} INFO - Filling up the DagBag from /home/airflow/.local/lib/python3.12/site-packages/airflow/example_dags/example_branch_operator.py
[2024-08-04T13:29:52.285+0000] {processor.py:840} INFO - DAG(s) 'example_branch_operator' retrieved from /home/airflow/.local/lib/python3.12/site-packages/airflow/example_dags/example_branch_operator.py
[2024-08-04T13:29:52.323+0000] {logging_mixin.py:188} INFO - [2024-08-04T13:29:52.322+0000] {dag.py:3089} INFO - Sync 1 DAGs
[2024-08-04T13:29:52.353+0000] {logging_mixin.py:188} INFO - [2024-08-04T13:29:52.353+0000] {dag.py:3947} INFO - Setting next_dagrun for example_branch_operator to 2024-08-03 00:00:00+00:00, run_after=2024-08-04 00:00:00+00:00
[2024-08-04T13:29:52.382+0000] {processor.py:183} INFO - Processing /home/airflow/.local/lib/python3.12/site-packages/airflow/example_dags/example_branch_operator.py took 0.131 seconds
[2024-08-04T13:30:24.550+0000] {processor.py:161} INFO - Started process (PID=3239) to work on /home/airflow/.local/lib/python3.12/site-packages/airflow/example_dags/example_branch_operator.py
[2024-08-04T13:30:24.552+0000] {processor.py:830} INFO - Processing file /home/airflow/.local/lib/python3.12/site-packages/airflow/example_dags/example_branch_operator.py for tasks to queue
[2024-08-04T13:30:24.554+0000] {logging_mixin.py:188} INFO - [2024-08-04T13:30:24.554+0000] {dagbag.py:545} INFO - Filling up the DagBag from /home/airflow/.local/lib/python3.12/site-packages/airflow/example_dags/example_branch_operator.py
[2024-08-04T13:30:24.576+0000] {processor.py:840} INFO - DAG(s) 'example_branch_operator' retrieved from /home/airflow/.local/lib/python3.12/site-packages/airflow/example_dags/example_branch_operator.py
[2024-08-04T13:30:24.607+0000] {logging_mixin.py:188} INFO - [2024-08-04T13:30:24.607+0000] {dag.py:3089} INFO - Sync 1 DAGs
[2024-08-04T13:30:24.636+0000] {logging_mixin.py:188} INFO - [2024-08-04T13:30:24.636+0000] {dag.py:3947} INFO - Setting next_dagrun for example_branch_operator to 2024-08-03 00:00:00+00:00, run_after=2024-08-04 00:00:00+00:00
[2024-08-04T13:30:24.658+0000] {processor.py:183} INFO - Processing /home/airflow/.local/lib/python3.12/site-packages/airflow/example_dags/example_branch_operator.py took 0.118 seconds
[2024-08-04T13:30:55.035+0000] {processor.py:161} INFO - Started process (PID=3303) to work on /home/airflow/.local/lib/python3.12/site-packages/airflow/example_dags/example_branch_operator.py
[2024-08-04T13:30:55.037+0000] {processor.py:830} INFO - Processing file /home/airflow/.local/lib/python3.12/site-packages/airflow/example_dags/example_branch_operator.py for tasks to queue
[2024-08-04T13:30:55.040+0000] {logging_mixin.py:188} INFO - [2024-08-04T13:30:55.039+0000] {dagbag.py:545} INFO - Filling up the DagBag from /home/airflow/.local/lib/python3.12/site-packages/airflow/example_dags/example_branch_operator.py
[2024-08-04T13:30:55.064+0000] {processor.py:840} INFO - DAG(s) 'example_branch_operator' retrieved from /home/airflow/.local/lib/python3.12/site-packages/airflow/example_dags/example_branch_operator.py
[2024-08-04T13:30:55.097+0000] {logging_mixin.py:188} INFO - [2024-08-04T13:30:55.097+0000] {dag.py:3089} INFO - Sync 1 DAGs
[2024-08-04T13:30:55.121+0000] {logging_mixin.py:188} INFO - [2024-08-04T13:30:55.121+0000] {dag.py:3947} INFO - Setting next_dagrun for example_branch_operator to 2024-08-03 00:00:00+00:00, run_after=2024-08-04 00:00:00+00:00
[2024-08-04T13:30:55.143+0000] {processor.py:183} INFO - Processing /home/airflow/.local/lib/python3.12/site-packages/airflow/example_dags/example_branch_operator.py took 0.118 seconds
[2024-08-04T13:31:25.624+0000] {processor.py:161} INFO - Started process (PID=3367) to work on /home/airflow/.local/lib/python3.12/site-packages/airflow/example_dags/example_branch_operator.py
[2024-08-04T13:31:25.625+0000] {processor.py:830} INFO - Processing file /home/airflow/.local/lib/python3.12/site-packages/airflow/example_dags/example_branch_operator.py for tasks to queue
[2024-08-04T13:31:25.627+0000] {logging_mixin.py:188} INFO - [2024-08-04T13:31:25.627+0000] {dagbag.py:545} INFO - Filling up the DagBag from /home/airflow/.local/lib/python3.12/site-packages/airflow/example_dags/example_branch_operator.py
[2024-08-04T13:31:25.646+0000] {processor.py:840} INFO - DAG(s) 'example_branch_operator' retrieved from /home/airflow/.local/lib/python3.12/site-packages/airflow/example_dags/example_branch_operator.py
[2024-08-04T13:31:25.679+0000] {logging_mixin.py:188} INFO - [2024-08-04T13:31:25.678+0000] {dag.py:3089} INFO - Sync 1 DAGs
[2024-08-04T13:31:25.721+0000] {logging_mixin.py:188} INFO - [2024-08-04T13:31:25.721+0000] {dag.py:3947} INFO - Setting next_dagrun for example_branch_operator to 2024-08-03 00:00:00+00:00, run_after=2024-08-04 00:00:00+00:00
[2024-08-04T13:31:25.745+0000] {processor.py:183} INFO - Processing /home/airflow/.local/lib/python3.12/site-packages/airflow/example_dags/example_branch_operator.py took 0.128 seconds
[2024-08-04T13:31:56.604+0000] {processor.py:161} INFO - Started process (PID=3431) to work on /home/airflow/.local/lib/python3.12/site-packages/airflow/example_dags/example_branch_operator.py
[2024-08-04T13:31:56.609+0000] {processor.py:830} INFO - Processing file /home/airflow/.local/lib/python3.12/site-packages/airflow/example_dags/example_branch_operator.py for tasks to queue
[2024-08-04T13:31:56.613+0000] {logging_mixin.py:188} INFO - [2024-08-04T13:31:56.612+0000] {dagbag.py:545} INFO - Filling up the DagBag from /home/airflow/.local/lib/python3.12/site-packages/airflow/example_dags/example_branch_operator.py
[2024-08-04T13:31:56.641+0000] {processor.py:840} INFO - DAG(s) 'example_branch_operator' retrieved from /home/airflow/.local/lib/python3.12/site-packages/airflow/example_dags/example_branch_operator.py
[2024-08-04T13:31:56.680+0000] {logging_mixin.py:188} INFO - [2024-08-04T13:31:56.680+0000] {dag.py:3089} INFO - Sync 1 DAGs
[2024-08-04T13:31:56.703+0000] {logging_mixin.py:188} INFO - [2024-08-04T13:31:56.703+0000] {dag.py:3947} INFO - Setting next_dagrun for example_branch_operator to 2024-08-03 00:00:00+00:00, run_after=2024-08-04 00:00:00+00:00
[2024-08-04T13:31:56.723+0000] {processor.py:183} INFO - Processing /home/airflow/.local/lib/python3.12/site-packages/airflow/example_dags/example_branch_operator.py took 0.126 seconds
[2024-08-04T13:32:27.963+0000] {processor.py:161} INFO - Started process (PID=3494) to work on /home/airflow/.local/lib/python3.12/site-packages/airflow/example_dags/example_branch_operator.py
[2024-08-04T13:32:27.969+0000] {processor.py:830} INFO - Processing file /home/airflow/.local/lib/python3.12/site-packages/airflow/example_dags/example_branch_operator.py for tasks to queue
[2024-08-04T13:32:27.971+0000] {logging_mixin.py:188} INFO - [2024-08-04T13:32:27.971+0000] {dagbag.py:545} INFO - Filling up the DagBag from /home/airflow/.local/lib/python3.12/site-packages/airflow/example_dags/example_branch_operator.py
[2024-08-04T13:32:27.991+0000] {processor.py:840} INFO - DAG(s) 'example_branch_operator' retrieved from /home/airflow/.local/lib/python3.12/site-packages/airflow/example_dags/example_branch_operator.py
[2024-08-04T13:32:28.024+0000] {logging_mixin.py:188} INFO - [2024-08-04T13:32:28.024+0000] {dag.py:3089} INFO - Sync 1 DAGs
[2024-08-04T13:32:28.049+0000] {logging_mixin.py:188} INFO - [2024-08-04T13:32:28.048+0000] {dag.py:3947} INFO - Setting next_dagrun for example_branch_operator to 2024-08-03 00:00:00+00:00, run_after=2024-08-04 00:00:00+00:00
[2024-08-04T13:32:28.074+0000] {processor.py:183} INFO - Processing /home/airflow/.local/lib/python3.12/site-packages/airflow/example_dags/example_branch_operator.py took 0.119 seconds
[2024-08-04T13:32:59.090+0000] {processor.py:161} INFO - Started process (PID=3558) to work on /home/airflow/.local/lib/python3.12/site-packages/airflow/example_dags/example_branch_operator.py
[2024-08-04T13:32:59.092+0000] {processor.py:830} INFO - Processing file /home/airflow/.local/lib/python3.12/site-packages/airflow/example_dags/example_branch_operator.py for tasks to queue
[2024-08-04T13:32:59.095+0000] {logging_mixin.py:188} INFO - [2024-08-04T13:32:59.094+0000] {dagbag.py:545} INFO - Filling up the DagBag from /home/airflow/.local/lib/python3.12/site-packages/airflow/example_dags/example_branch_operator.py
[2024-08-04T13:32:59.113+0000] {processor.py:840} INFO - DAG(s) 'example_branch_operator' retrieved from /home/airflow/.local/lib/python3.12/site-packages/airflow/example_dags/example_branch_operator.py
[2024-08-04T13:32:59.153+0000] {logging_mixin.py:188} INFO - [2024-08-04T13:32:59.153+0000] {dag.py:3089} INFO - Sync 1 DAGs
[2024-08-04T13:32:59.181+0000] {logging_mixin.py:188} INFO - [2024-08-04T13:32:59.180+0000] {dag.py:3947} INFO - Setting next_dagrun for example_branch_operator to 2024-08-03 00:00:00+00:00, run_after=2024-08-04 00:00:00+00:00
[2024-08-04T13:32:59.204+0000] {processor.py:183} INFO - Processing /home/airflow/.local/lib/python3.12/site-packages/airflow/example_dags/example_branch_operator.py took 0.121 seconds
[2024-08-04T13:33:29.475+0000] {processor.py:161} INFO - Started process (PID=3621) to work on /home/airflow/.local/lib/python3.12/site-packages/airflow/example_dags/example_branch_operator.py
[2024-08-04T13:33:29.476+0000] {processor.py:830} INFO - Processing file /home/airflow/.local/lib/python3.12/site-packages/airflow/example_dags/example_branch_operator.py for tasks to queue
[2024-08-04T13:33:29.478+0000] {logging_mixin.py:188} INFO - [2024-08-04T13:33:29.478+0000] {dagbag.py:545} INFO - Filling up the DagBag from /home/airflow/.local/lib/python3.12/site-packages/airflow/example_dags/example_branch_operator.py
[2024-08-04T13:33:29.496+0000] {processor.py:840} INFO - DAG(s) 'example_branch_operator' retrieved from /home/airflow/.local/lib/python3.12/site-packages/airflow/example_dags/example_branch_operator.py
[2024-08-04T13:33:29.528+0000] {logging_mixin.py:188} INFO - [2024-08-04T13:33:29.528+0000] {dag.py:3089} INFO - Sync 1 DAGs
[2024-08-04T13:33:29.561+0000] {logging_mixin.py:188} INFO - [2024-08-04T13:33:29.560+0000] {dag.py:3947} INFO - Setting next_dagrun for example_branch_operator to 2024-08-03 00:00:00+00:00, run_after=2024-08-04 00:00:00+00:00
[2024-08-04T13:33:29.585+0000] {processor.py:183} INFO - Processing /home/airflow/.local/lib/python3.12/site-packages/airflow/example_dags/example_branch_operator.py took 0.116 seconds
[2024-08-04T13:33:59.869+0000] {processor.py:161} INFO - Started process (PID=3684) to work on /home/airflow/.local/lib/python3.12/site-packages/airflow/example_dags/example_branch_operator.py
[2024-08-04T13:33:59.873+0000] {processor.py:830} INFO - Processing file /home/airflow/.local/lib/python3.12/site-packages/airflow/example_dags/example_branch_operator.py for tasks to queue
[2024-08-04T13:33:59.878+0000] {logging_mixin.py:188} INFO - [2024-08-04T13:33:59.877+0000] {dagbag.py:545} INFO - Filling up the DagBag from /home/airflow/.local/lib/python3.12/site-packages/airflow/example_dags/example_branch_operator.py
[2024-08-04T13:33:59.903+0000] {processor.py:840} INFO - DAG(s) 'example_branch_operator' retrieved from /home/airflow/.local/lib/python3.12/site-packages/airflow/example_dags/example_branch_operator.py
[2024-08-04T13:33:59.939+0000] {logging_mixin.py:188} INFO - [2024-08-04T13:33:59.939+0000] {dag.py:3089} INFO - Sync 1 DAGs
[2024-08-04T13:33:59.967+0000] {logging_mixin.py:188} INFO - [2024-08-04T13:33:59.966+0000] {dag.py:3947} INFO - Setting next_dagrun for example_branch_operator to 2024-08-03 00:00:00+00:00, run_after=2024-08-04 00:00:00+00:00
[2024-08-04T13:33:59.994+0000] {processor.py:183} INFO - Processing /home/airflow/.local/lib/python3.12/site-packages/airflow/example_dags/example_branch_operator.py took 0.131 seconds
[2024-08-04T13:34:30.194+0000] {processor.py:161} INFO - Started process (PID=3748) to work on /home/airflow/.local/lib/python3.12/site-packages/airflow/example_dags/example_branch_operator.py
[2024-08-04T13:34:30.195+0000] {processor.py:830} INFO - Processing file /home/airflow/.local/lib/python3.12/site-packages/airflow/example_dags/example_branch_operator.py for tasks to queue
[2024-08-04T13:34:30.198+0000] {logging_mixin.py:188} INFO - [2024-08-04T13:34:30.197+0000] {dagbag.py:545} INFO - Filling up the DagBag from /home/airflow/.local/lib/python3.12/site-packages/airflow/example_dags/example_branch_operator.py
[2024-08-04T13:34:30.219+0000] {processor.py:840} INFO - DAG(s) 'example_branch_operator' retrieved from /home/airflow/.local/lib/python3.12/site-packages/airflow/example_dags/example_branch_operator.py
[2024-08-04T13:34:30.252+0000] {logging_mixin.py:188} INFO - [2024-08-04T13:34:30.252+0000] {dag.py:3089} INFO - Sync 1 DAGs
[2024-08-04T13:34:30.280+0000] {logging_mixin.py:188} INFO - [2024-08-04T13:34:30.280+0000] {dag.py:3947} INFO - Setting next_dagrun for example_branch_operator to 2024-08-03 00:00:00+00:00, run_after=2024-08-04 00:00:00+00:00
[2024-08-04T13:34:30.305+0000] {processor.py:183} INFO - Processing /home/airflow/.local/lib/python3.12/site-packages/airflow/example_dags/example_branch_operator.py took 0.119 seconds
[2024-08-04T13:35:00.385+0000] {processor.py:161} INFO - Started process (PID=3812) to work on /home/airflow/.local/lib/python3.12/site-packages/airflow/example_dags/example_branch_operator.py
[2024-08-04T13:35:00.390+0000] {processor.py:830} INFO - Processing file /home/airflow/.local/lib/python3.12/site-packages/airflow/example_dags/example_branch_operator.py for tasks to queue
[2024-08-04T13:35:00.402+0000] {logging_mixin.py:188} INFO - [2024-08-04T13:35:00.401+0000] {dagbag.py:545} INFO - Filling up the DagBag from /home/airflow/.local/lib/python3.12/site-packages/airflow/example_dags/example_branch_operator.py
[2024-08-04T13:35:00.431+0000] {processor.py:840} INFO - DAG(s) 'example_branch_operator' retrieved from /home/airflow/.local/lib/python3.12/site-packages/airflow/example_dags/example_branch_operator.py
[2024-08-04T13:35:00.468+0000] {logging_mixin.py:188} INFO - [2024-08-04T13:35:00.467+0000] {dag.py:3089} INFO - Sync 1 DAGs
[2024-08-04T13:35:00.499+0000] {logging_mixin.py:188} INFO - [2024-08-04T13:35:00.499+0000] {dag.py:3947} INFO - Setting next_dagrun for example_branch_operator to 2024-08-03 00:00:00+00:00, run_after=2024-08-04 00:00:00+00:00
[2024-08-04T13:35:00.527+0000] {processor.py:183} INFO - Processing /home/airflow/.local/lib/python3.12/site-packages/airflow/example_dags/example_branch_operator.py took 0.149 seconds
