[2024-08-04T12:59:04.554+0000] {processor.py:161} INFO - Started process (PID=65) to work on /home/airflow/.local/lib/python3.12/site-packages/airflow/example_dags/example_dag_decorator.py
[2024-08-04T12:59:04.555+0000] {processor.py:830} INFO - Processing file /home/airflow/.local/lib/python3.12/site-packages/airflow/example_dags/example_dag_decorator.py for tasks to queue
[2024-08-04T12:59:04.559+0000] {logging_mixin.py:188} INFO - [2024-08-04T12:59:04.558+0000] {dagbag.py:545} INFO - Filling up the DagBag from /home/airflow/.local/lib/python3.12/site-packages/airflow/example_dags/example_dag_decorator.py
[2024-08-04T12:59:04.758+0000] {processor.py:840} INFO - DAG(s) 'example_dag_decorator' retrieved from /home/airflow/.local/lib/python3.12/site-packages/airflow/example_dags/example_dag_decorator.py
[2024-08-04T12:59:04.906+0000] {logging_mixin.py:188} INFO - [2024-08-04T12:59:04.905+0000] {dag.py:3089} INFO - Sync 1 DAGs
[2024-08-04T12:59:04.922+0000] {logging_mixin.py:188} INFO - [2024-08-04T12:59:04.922+0000] {dag.py:3947} INFO - Setting next_dagrun for example_dag_decorator to None, run_after=None
[2024-08-04T12:59:04.953+0000] {processor.py:183} INFO - Processing /home/airflow/.local/lib/python3.12/site-packages/airflow/example_dags/example_dag_decorator.py took 0.406 seconds
[2024-08-04T12:59:35.185+0000] {processor.py:161} INFO - Started process (PID=129) to work on /home/airflow/.local/lib/python3.12/site-packages/airflow/example_dags/example_dag_decorator.py
[2024-08-04T12:59:35.187+0000] {processor.py:830} INFO - Processing file /home/airflow/.local/lib/python3.12/site-packages/airflow/example_dags/example_dag_decorator.py for tasks to queue
[2024-08-04T12:59:35.190+0000] {logging_mixin.py:188} INFO - [2024-08-04T12:59:35.190+0000] {dagbag.py:545} INFO - Filling up the DagBag from /home/airflow/.local/lib/python3.12/site-packages/airflow/example_dags/example_dag_decorator.py
[2024-08-04T12:59:35.332+0000] {processor.py:840} INFO - DAG(s) 'example_dag_decorator' retrieved from /home/airflow/.local/lib/python3.12/site-packages/airflow/example_dags/example_dag_decorator.py
[2024-08-04T12:59:35.457+0000] {logging_mixin.py:188} INFO - [2024-08-04T12:59:35.456+0000] {dag.py:3089} INFO - Sync 1 DAGs
[2024-08-04T12:59:35.470+0000] {logging_mixin.py:188} INFO - [2024-08-04T12:59:35.470+0000] {dag.py:3947} INFO - Setting next_dagrun for example_dag_decorator to None, run_after=None
[2024-08-04T12:59:35.495+0000] {processor.py:183} INFO - Processing /home/airflow/.local/lib/python3.12/site-packages/airflow/example_dags/example_dag_decorator.py took 0.319 seconds
[2024-08-04T13:00:07.699+0000] {processor.py:161} INFO - Started process (PID=193) to work on /home/airflow/.local/lib/python3.12/site-packages/airflow/example_dags/example_dag_decorator.py
[2024-08-04T13:00:07.706+0000] {processor.py:830} INFO - Processing file /home/airflow/.local/lib/python3.12/site-packages/airflow/example_dags/example_dag_decorator.py for tasks to queue
[2024-08-04T13:00:07.714+0000] {logging_mixin.py:188} INFO - [2024-08-04T13:00:07.714+0000] {dagbag.py:545} INFO - Filling up the DagBag from /home/airflow/.local/lib/python3.12/site-packages/airflow/example_dags/example_dag_decorator.py
[2024-08-04T13:00:07.844+0000] {processor.py:840} INFO - DAG(s) 'example_dag_decorator' retrieved from /home/airflow/.local/lib/python3.12/site-packages/airflow/example_dags/example_dag_decorator.py
[2024-08-04T13:00:07.951+0000] {logging_mixin.py:188} INFO - [2024-08-04T13:00:07.950+0000] {dag.py:3089} INFO - Sync 1 DAGs
[2024-08-04T13:00:07.962+0000] {logging_mixin.py:188} INFO - [2024-08-04T13:00:07.962+0000] {dag.py:3947} INFO - Setting next_dagrun for example_dag_decorator to None, run_after=None
[2024-08-04T13:00:07.983+0000] {processor.py:183} INFO - Processing /home/airflow/.local/lib/python3.12/site-packages/airflow/example_dags/example_dag_decorator.py took 0.293 seconds
[2024-08-04T13:00:38.682+0000] {processor.py:161} INFO - Started process (PID=257) to work on /home/airflow/.local/lib/python3.12/site-packages/airflow/example_dags/example_dag_decorator.py
[2024-08-04T13:00:38.684+0000] {processor.py:830} INFO - Processing file /home/airflow/.local/lib/python3.12/site-packages/airflow/example_dags/example_dag_decorator.py for tasks to queue
[2024-08-04T13:00:38.687+0000] {logging_mixin.py:188} INFO - [2024-08-04T13:00:38.686+0000] {dagbag.py:545} INFO - Filling up the DagBag from /home/airflow/.local/lib/python3.12/site-packages/airflow/example_dags/example_dag_decorator.py
[2024-08-04T13:00:38.854+0000] {processor.py:840} INFO - DAG(s) 'example_dag_decorator' retrieved from /home/airflow/.local/lib/python3.12/site-packages/airflow/example_dags/example_dag_decorator.py
[2024-08-04T13:00:38.989+0000] {logging_mixin.py:188} INFO - [2024-08-04T13:00:38.989+0000] {dag.py:3089} INFO - Sync 1 DAGs
[2024-08-04T13:00:39.003+0000] {logging_mixin.py:188} INFO - [2024-08-04T13:00:39.002+0000] {dag.py:3947} INFO - Setting next_dagrun for example_dag_decorator to None, run_after=None
[2024-08-04T13:00:39.031+0000] {processor.py:183} INFO - Processing /home/airflow/.local/lib/python3.12/site-packages/airflow/example_dags/example_dag_decorator.py took 0.360 seconds
[2024-08-04T13:01:09.387+0000] {processor.py:161} INFO - Started process (PID=322) to work on /home/airflow/.local/lib/python3.12/site-packages/airflow/example_dags/example_dag_decorator.py
[2024-08-04T13:01:09.388+0000] {processor.py:830} INFO - Processing file /home/airflow/.local/lib/python3.12/site-packages/airflow/example_dags/example_dag_decorator.py for tasks to queue
[2024-08-04T13:01:09.391+0000] {logging_mixin.py:188} INFO - [2024-08-04T13:01:09.390+0000] {dagbag.py:545} INFO - Filling up the DagBag from /home/airflow/.local/lib/python3.12/site-packages/airflow/example_dags/example_dag_decorator.py
[2024-08-04T13:01:09.507+0000] {processor.py:840} INFO - DAG(s) 'example_dag_decorator' retrieved from /home/airflow/.local/lib/python3.12/site-packages/airflow/example_dags/example_dag_decorator.py
[2024-08-04T13:01:09.617+0000] {logging_mixin.py:188} INFO - [2024-08-04T13:01:09.616+0000] {dag.py:3089} INFO - Sync 1 DAGs
[2024-08-04T13:01:09.767+0000] {logging_mixin.py:188} INFO - [2024-08-04T13:01:09.766+0000] {dag.py:3947} INFO - Setting next_dagrun for example_dag_decorator to None, run_after=None
[2024-08-04T13:01:09.796+0000] {processor.py:183} INFO - Processing /home/airflow/.local/lib/python3.12/site-packages/airflow/example_dags/example_dag_decorator.py took 0.419 seconds
[2024-08-04T13:01:40.570+0000] {processor.py:161} INFO - Started process (PID=386) to work on /home/airflow/.local/lib/python3.12/site-packages/airflow/example_dags/example_dag_decorator.py
[2024-08-04T13:01:40.571+0000] {processor.py:830} INFO - Processing file /home/airflow/.local/lib/python3.12/site-packages/airflow/example_dags/example_dag_decorator.py for tasks to queue
[2024-08-04T13:01:40.574+0000] {logging_mixin.py:188} INFO - [2024-08-04T13:01:40.574+0000] {dagbag.py:545} INFO - Filling up the DagBag from /home/airflow/.local/lib/python3.12/site-packages/airflow/example_dags/example_dag_decorator.py
[2024-08-04T13:01:40.754+0000] {processor.py:840} INFO - DAG(s) 'example_dag_decorator' retrieved from /home/airflow/.local/lib/python3.12/site-packages/airflow/example_dags/example_dag_decorator.py
[2024-08-04T13:01:40.874+0000] {logging_mixin.py:188} INFO - [2024-08-04T13:01:40.874+0000] {dag.py:3089} INFO - Sync 1 DAGs
[2024-08-04T13:01:40.889+0000] {logging_mixin.py:188} INFO - [2024-08-04T13:01:40.888+0000] {dag.py:3947} INFO - Setting next_dagrun for example_dag_decorator to None, run_after=None
[2024-08-04T13:01:41.071+0000] {processor.py:183} INFO - Processing /home/airflow/.local/lib/python3.12/site-packages/airflow/example_dags/example_dag_decorator.py took 0.511 seconds
[2024-08-04T13:02:11.768+0000] {processor.py:161} INFO - Started process (PID=450) to work on /home/airflow/.local/lib/python3.12/site-packages/airflow/example_dags/example_dag_decorator.py
[2024-08-04T13:02:11.770+0000] {processor.py:830} INFO - Processing file /home/airflow/.local/lib/python3.12/site-packages/airflow/example_dags/example_dag_decorator.py for tasks to queue
[2024-08-04T13:02:11.773+0000] {logging_mixin.py:188} INFO - [2024-08-04T13:02:11.773+0000] {dagbag.py:545} INFO - Filling up the DagBag from /home/airflow/.local/lib/python3.12/site-packages/airflow/example_dags/example_dag_decorator.py
[2024-08-04T13:02:11.910+0000] {processor.py:840} INFO - DAG(s) 'example_dag_decorator' retrieved from /home/airflow/.local/lib/python3.12/site-packages/airflow/example_dags/example_dag_decorator.py
[2024-08-04T13:02:12.022+0000] {logging_mixin.py:188} INFO - [2024-08-04T13:02:12.021+0000] {dag.py:3089} INFO - Sync 1 DAGs
[2024-08-04T13:02:12.033+0000] {logging_mixin.py:188} INFO - [2024-08-04T13:02:12.033+0000] {dag.py:3947} INFO - Setting next_dagrun for example_dag_decorator to None, run_after=None
[2024-08-04T13:02:12.059+0000] {processor.py:183} INFO - Processing /home/airflow/.local/lib/python3.12/site-packages/airflow/example_dags/example_dag_decorator.py took 0.297 seconds
[2024-08-04T13:02:42.136+0000] {processor.py:161} INFO - Started process (PID=515) to work on /home/airflow/.local/lib/python3.12/site-packages/airflow/example_dags/example_dag_decorator.py
[2024-08-04T13:02:42.138+0000] {processor.py:830} INFO - Processing file /home/airflow/.local/lib/python3.12/site-packages/airflow/example_dags/example_dag_decorator.py for tasks to queue
[2024-08-04T13:02:42.141+0000] {logging_mixin.py:188} INFO - [2024-08-04T13:02:42.140+0000] {dagbag.py:545} INFO - Filling up the DagBag from /home/airflow/.local/lib/python3.12/site-packages/airflow/example_dags/example_dag_decorator.py
[2024-08-04T13:02:42.303+0000] {processor.py:840} INFO - DAG(s) 'example_dag_decorator' retrieved from /home/airflow/.local/lib/python3.12/site-packages/airflow/example_dags/example_dag_decorator.py
[2024-08-04T13:02:42.441+0000] {logging_mixin.py:188} INFO - [2024-08-04T13:02:42.440+0000] {dag.py:3089} INFO - Sync 1 DAGs
[2024-08-04T13:02:42.453+0000] {logging_mixin.py:188} INFO - [2024-08-04T13:02:42.453+0000] {dag.py:3947} INFO - Setting next_dagrun for example_dag_decorator to None, run_after=None
[2024-08-04T13:02:42.481+0000] {processor.py:183} INFO - Processing /home/airflow/.local/lib/python3.12/site-packages/airflow/example_dags/example_dag_decorator.py took 0.355 seconds
[2024-08-04T13:04:58.332+0000] {processor.py:161} INFO - Started process (PID=66) to work on /home/airflow/.local/lib/python3.12/site-packages/airflow/example_dags/example_dag_decorator.py
[2024-08-04T13:04:58.333+0000] {processor.py:830} INFO - Processing file /home/airflow/.local/lib/python3.12/site-packages/airflow/example_dags/example_dag_decorator.py for tasks to queue
[2024-08-04T13:04:58.335+0000] {logging_mixin.py:188} INFO - [2024-08-04T13:04:58.335+0000] {dagbag.py:545} INFO - Filling up the DagBag from /home/airflow/.local/lib/python3.12/site-packages/airflow/example_dags/example_dag_decorator.py
[2024-08-04T13:04:58.726+0000] {processor.py:840} INFO - DAG(s) 'example_dag_decorator' retrieved from /home/airflow/.local/lib/python3.12/site-packages/airflow/example_dags/example_dag_decorator.py
[2024-08-04T13:04:58.880+0000] {logging_mixin.py:188} INFO - [2024-08-04T13:04:58.880+0000] {dag.py:3089} INFO - Sync 1 DAGs
[2024-08-04T13:04:58.891+0000] {logging_mixin.py:188} INFO - [2024-08-04T13:04:58.890+0000] {dag.py:3947} INFO - Setting next_dagrun for example_dag_decorator to None, run_after=None
[2024-08-04T13:04:58.911+0000] {processor.py:183} INFO - Processing /home/airflow/.local/lib/python3.12/site-packages/airflow/example_dags/example_dag_decorator.py took 0.587 seconds
[2024-08-04T13:05:29.209+0000] {processor.py:161} INFO - Started process (PID=131) to work on /home/airflow/.local/lib/python3.12/site-packages/airflow/example_dags/example_dag_decorator.py
[2024-08-04T13:05:29.210+0000] {processor.py:830} INFO - Processing file /home/airflow/.local/lib/python3.12/site-packages/airflow/example_dags/example_dag_decorator.py for tasks to queue
[2024-08-04T13:05:29.212+0000] {logging_mixin.py:188} INFO - [2024-08-04T13:05:29.211+0000] {dagbag.py:545} INFO - Filling up the DagBag from /home/airflow/.local/lib/python3.12/site-packages/airflow/example_dags/example_dag_decorator.py
[2024-08-04T13:05:29.338+0000] {processor.py:840} INFO - DAG(s) 'example_dag_decorator' retrieved from /home/airflow/.local/lib/python3.12/site-packages/airflow/example_dags/example_dag_decorator.py
[2024-08-04T13:05:29.453+0000] {logging_mixin.py:188} INFO - [2024-08-04T13:05:29.452+0000] {dag.py:3089} INFO - Sync 1 DAGs
[2024-08-04T13:05:29.470+0000] {logging_mixin.py:188} INFO - [2024-08-04T13:05:29.469+0000] {dag.py:3947} INFO - Setting next_dagrun for example_dag_decorator to None, run_after=None
[2024-08-04T13:05:29.502+0000] {processor.py:183} INFO - Processing /home/airflow/.local/lib/python3.12/site-packages/airflow/example_dags/example_dag_decorator.py took 0.300 seconds
[2024-08-04T13:06:01.182+0000] {processor.py:161} INFO - Started process (PID=195) to work on /home/airflow/.local/lib/python3.12/site-packages/airflow/example_dags/example_dag_decorator.py
[2024-08-04T13:06:01.184+0000] {processor.py:830} INFO - Processing file /home/airflow/.local/lib/python3.12/site-packages/airflow/example_dags/example_dag_decorator.py for tasks to queue
[2024-08-04T13:06:01.187+0000] {logging_mixin.py:188} INFO - [2024-08-04T13:06:01.186+0000] {dagbag.py:545} INFO - Filling up the DagBag from /home/airflow/.local/lib/python3.12/site-packages/airflow/example_dags/example_dag_decorator.py
[2024-08-04T13:06:01.343+0000] {processor.py:840} INFO - DAG(s) 'example_dag_decorator' retrieved from /home/airflow/.local/lib/python3.12/site-packages/airflow/example_dags/example_dag_decorator.py
[2024-08-04T13:06:01.467+0000] {logging_mixin.py:188} INFO - [2024-08-04T13:06:01.467+0000] {dag.py:3089} INFO - Sync 1 DAGs
[2024-08-04T13:06:01.479+0000] {logging_mixin.py:188} INFO - [2024-08-04T13:06:01.479+0000] {dag.py:3947} INFO - Setting next_dagrun for example_dag_decorator to None, run_after=None
[2024-08-04T13:06:01.503+0000] {processor.py:183} INFO - Processing /home/airflow/.local/lib/python3.12/site-packages/airflow/example_dags/example_dag_decorator.py took 0.327 seconds
[2024-08-04T13:06:31.870+0000] {processor.py:161} INFO - Started process (PID=263) to work on /home/airflow/.local/lib/python3.12/site-packages/airflow/example_dags/example_dag_decorator.py
[2024-08-04T13:06:31.871+0000] {processor.py:830} INFO - Processing file /home/airflow/.local/lib/python3.12/site-packages/airflow/example_dags/example_dag_decorator.py for tasks to queue
[2024-08-04T13:06:31.873+0000] {logging_mixin.py:188} INFO - [2024-08-04T13:06:31.873+0000] {dagbag.py:545} INFO - Filling up the DagBag from /home/airflow/.local/lib/python3.12/site-packages/airflow/example_dags/example_dag_decorator.py
[2024-08-04T13:06:32.000+0000] {processor.py:840} INFO - DAG(s) 'example_dag_decorator' retrieved from /home/airflow/.local/lib/python3.12/site-packages/airflow/example_dags/example_dag_decorator.py
[2024-08-04T13:06:32.125+0000] {logging_mixin.py:188} INFO - [2024-08-04T13:06:32.125+0000] {dag.py:3089} INFO - Sync 1 DAGs
[2024-08-04T13:06:32.136+0000] {logging_mixin.py:188} INFO - [2024-08-04T13:06:32.136+0000] {dag.py:3947} INFO - Setting next_dagrun for example_dag_decorator to None, run_after=None
[2024-08-04T13:06:32.157+0000] {processor.py:183} INFO - Processing /home/airflow/.local/lib/python3.12/site-packages/airflow/example_dags/example_dag_decorator.py took 0.293 seconds
[2024-08-04T13:07:02.596+0000] {processor.py:161} INFO - Started process (PID=327) to work on /home/airflow/.local/lib/python3.12/site-packages/airflow/example_dags/example_dag_decorator.py
[2024-08-04T13:07:02.597+0000] {processor.py:830} INFO - Processing file /home/airflow/.local/lib/python3.12/site-packages/airflow/example_dags/example_dag_decorator.py for tasks to queue
[2024-08-04T13:07:02.600+0000] {logging_mixin.py:188} INFO - [2024-08-04T13:07:02.599+0000] {dagbag.py:545} INFO - Filling up the DagBag from /home/airflow/.local/lib/python3.12/site-packages/airflow/example_dags/example_dag_decorator.py
[2024-08-04T13:07:02.742+0000] {processor.py:840} INFO - DAG(s) 'example_dag_decorator' retrieved from /home/airflow/.local/lib/python3.12/site-packages/airflow/example_dags/example_dag_decorator.py
[2024-08-04T13:07:02.848+0000] {logging_mixin.py:188} INFO - [2024-08-04T13:07:02.848+0000] {dag.py:3089} INFO - Sync 1 DAGs
[2024-08-04T13:07:02.859+0000] {logging_mixin.py:188} INFO - [2024-08-04T13:07:02.859+0000] {dag.py:3947} INFO - Setting next_dagrun for example_dag_decorator to None, run_after=None
[2024-08-04T13:07:02.883+0000] {processor.py:183} INFO - Processing /home/airflow/.local/lib/python3.12/site-packages/airflow/example_dags/example_dag_decorator.py took 0.293 seconds
[2024-08-04T13:07:33.938+0000] {processor.py:161} INFO - Started process (PID=391) to work on /home/airflow/.local/lib/python3.12/site-packages/airflow/example_dags/example_dag_decorator.py
[2024-08-04T13:07:33.940+0000] {processor.py:830} INFO - Processing file /home/airflow/.local/lib/python3.12/site-packages/airflow/example_dags/example_dag_decorator.py for tasks to queue
[2024-08-04T13:07:33.943+0000] {logging_mixin.py:188} INFO - [2024-08-04T13:07:33.942+0000] {dagbag.py:545} INFO - Filling up the DagBag from /home/airflow/.local/lib/python3.12/site-packages/airflow/example_dags/example_dag_decorator.py
[2024-08-04T13:07:34.075+0000] {processor.py:840} INFO - DAG(s) 'example_dag_decorator' retrieved from /home/airflow/.local/lib/python3.12/site-packages/airflow/example_dags/example_dag_decorator.py
[2024-08-04T13:07:34.197+0000] {logging_mixin.py:188} INFO - [2024-08-04T13:07:34.197+0000] {dag.py:3089} INFO - Sync 1 DAGs
[2024-08-04T13:07:34.212+0000] {logging_mixin.py:188} INFO - [2024-08-04T13:07:34.211+0000] {dag.py:3947} INFO - Setting next_dagrun for example_dag_decorator to None, run_after=None
[2024-08-04T13:07:34.236+0000] {processor.py:183} INFO - Processing /home/airflow/.local/lib/python3.12/site-packages/airflow/example_dags/example_dag_decorator.py took 0.307 seconds
[2024-08-04T13:08:04.646+0000] {processor.py:161} INFO - Started process (PID=455) to work on /home/airflow/.local/lib/python3.12/site-packages/airflow/example_dags/example_dag_decorator.py
[2024-08-04T13:08:04.648+0000] {processor.py:830} INFO - Processing file /home/airflow/.local/lib/python3.12/site-packages/airflow/example_dags/example_dag_decorator.py for tasks to queue
[2024-08-04T13:08:04.650+0000] {logging_mixin.py:188} INFO - [2024-08-04T13:08:04.650+0000] {dagbag.py:545} INFO - Filling up the DagBag from /home/airflow/.local/lib/python3.12/site-packages/airflow/example_dags/example_dag_decorator.py
[2024-08-04T13:08:04.788+0000] {processor.py:840} INFO - DAG(s) 'example_dag_decorator' retrieved from /home/airflow/.local/lib/python3.12/site-packages/airflow/example_dags/example_dag_decorator.py
[2024-08-04T13:08:05.090+0000] {logging_mixin.py:188} INFO - [2024-08-04T13:08:05.089+0000] {dag.py:3089} INFO - Sync 1 DAGs
[2024-08-04T13:08:05.103+0000] {logging_mixin.py:188} INFO - [2024-08-04T13:08:05.102+0000] {dag.py:3947} INFO - Setting next_dagrun for example_dag_decorator to None, run_after=None
[2024-08-04T13:08:05.126+0000] {processor.py:183} INFO - Processing /home/airflow/.local/lib/python3.12/site-packages/airflow/example_dags/example_dag_decorator.py took 0.487 seconds
[2024-08-04T13:08:35.341+0000] {processor.py:161} INFO - Started process (PID=519) to work on /home/airflow/.local/lib/python3.12/site-packages/airflow/example_dags/example_dag_decorator.py
[2024-08-04T13:08:35.342+0000] {processor.py:830} INFO - Processing file /home/airflow/.local/lib/python3.12/site-packages/airflow/example_dags/example_dag_decorator.py for tasks to queue
[2024-08-04T13:08:35.345+0000] {logging_mixin.py:188} INFO - [2024-08-04T13:08:35.345+0000] {dagbag.py:545} INFO - Filling up the DagBag from /home/airflow/.local/lib/python3.12/site-packages/airflow/example_dags/example_dag_decorator.py
[2024-08-04T13:08:35.481+0000] {processor.py:840} INFO - DAG(s) 'example_dag_decorator' retrieved from /home/airflow/.local/lib/python3.12/site-packages/airflow/example_dags/example_dag_decorator.py
[2024-08-04T13:08:35.645+0000] {logging_mixin.py:188} INFO - [2024-08-04T13:08:35.645+0000] {dag.py:3089} INFO - Sync 1 DAGs
[2024-08-04T13:08:35.842+0000] {logging_mixin.py:188} INFO - [2024-08-04T13:08:35.842+0000] {dag.py:3947} INFO - Setting next_dagrun for example_dag_decorator to None, run_after=None
[2024-08-04T13:08:35.870+0000] {processor.py:183} INFO - Processing /home/airflow/.local/lib/python3.12/site-packages/airflow/example_dags/example_dag_decorator.py took 0.537 seconds
[2024-08-04T13:09:07.095+0000] {processor.py:161} INFO - Started process (PID=589) to work on /home/airflow/.local/lib/python3.12/site-packages/airflow/example_dags/example_dag_decorator.py
[2024-08-04T13:09:07.096+0000] {processor.py:830} INFO - Processing file /home/airflow/.local/lib/python3.12/site-packages/airflow/example_dags/example_dag_decorator.py for tasks to queue
[2024-08-04T13:09:07.099+0000] {logging_mixin.py:188} INFO - [2024-08-04T13:09:07.098+0000] {dagbag.py:545} INFO - Filling up the DagBag from /home/airflow/.local/lib/python3.12/site-packages/airflow/example_dags/example_dag_decorator.py
[2024-08-04T13:09:07.233+0000] {processor.py:840} INFO - DAG(s) 'example_dag_decorator' retrieved from /home/airflow/.local/lib/python3.12/site-packages/airflow/example_dags/example_dag_decorator.py
[2024-08-04T13:09:07.349+0000] {logging_mixin.py:188} INFO - [2024-08-04T13:09:07.348+0000] {dag.py:3089} INFO - Sync 1 DAGs
[2024-08-04T13:09:07.563+0000] {logging_mixin.py:188} INFO - [2024-08-04T13:09:07.563+0000] {dag.py:3947} INFO - Setting next_dagrun for example_dag_decorator to None, run_after=None
[2024-08-04T13:09:07.603+0000] {processor.py:183} INFO - Processing /home/airflow/.local/lib/python3.12/site-packages/airflow/example_dags/example_dag_decorator.py took 0.516 seconds
[2024-08-04T13:09:38.205+0000] {processor.py:161} INFO - Started process (PID=652) to work on /home/airflow/.local/lib/python3.12/site-packages/airflow/example_dags/example_dag_decorator.py
[2024-08-04T13:09:38.208+0000] {processor.py:830} INFO - Processing file /home/airflow/.local/lib/python3.12/site-packages/airflow/example_dags/example_dag_decorator.py for tasks to queue
[2024-08-04T13:09:38.213+0000] {logging_mixin.py:188} INFO - [2024-08-04T13:09:38.212+0000] {dagbag.py:545} INFO - Filling up the DagBag from /home/airflow/.local/lib/python3.12/site-packages/airflow/example_dags/example_dag_decorator.py
[2024-08-04T13:09:38.362+0000] {processor.py:840} INFO - DAG(s) 'example_dag_decorator' retrieved from /home/airflow/.local/lib/python3.12/site-packages/airflow/example_dags/example_dag_decorator.py
[2024-08-04T13:09:38.468+0000] {logging_mixin.py:188} INFO - [2024-08-04T13:09:38.468+0000] {dag.py:3089} INFO - Sync 1 DAGs
[2024-08-04T13:09:38.491+0000] {logging_mixin.py:188} INFO - [2024-08-04T13:09:38.491+0000] {dag.py:3947} INFO - Setting next_dagrun for example_dag_decorator to None, run_after=None
[2024-08-04T13:09:38.761+0000] {processor.py:183} INFO - Processing /home/airflow/.local/lib/python3.12/site-packages/airflow/example_dags/example_dag_decorator.py took 0.564 seconds
[2024-08-04T13:10:09.592+0000] {processor.py:161} INFO - Started process (PID=716) to work on /home/airflow/.local/lib/python3.12/site-packages/airflow/example_dags/example_dag_decorator.py
[2024-08-04T13:10:09.594+0000] {processor.py:830} INFO - Processing file /home/airflow/.local/lib/python3.12/site-packages/airflow/example_dags/example_dag_decorator.py for tasks to queue
[2024-08-04T13:10:09.596+0000] {logging_mixin.py:188} INFO - [2024-08-04T13:10:09.595+0000] {dagbag.py:545} INFO - Filling up the DagBag from /home/airflow/.local/lib/python3.12/site-packages/airflow/example_dags/example_dag_decorator.py
[2024-08-04T13:10:09.747+0000] {processor.py:840} INFO - DAG(s) 'example_dag_decorator' retrieved from /home/airflow/.local/lib/python3.12/site-packages/airflow/example_dags/example_dag_decorator.py
[2024-08-04T13:10:09.871+0000] {logging_mixin.py:188} INFO - [2024-08-04T13:10:09.871+0000] {dag.py:3089} INFO - Sync 1 DAGs
[2024-08-04T13:10:09.886+0000] {logging_mixin.py:188} INFO - [2024-08-04T13:10:09.886+0000] {dag.py:3947} INFO - Setting next_dagrun for example_dag_decorator to None, run_after=None
[2024-08-04T13:10:09.917+0000] {processor.py:183} INFO - Processing /home/airflow/.local/lib/python3.12/site-packages/airflow/example_dags/example_dag_decorator.py took 0.330 seconds
[2024-08-04T13:10:40.171+0000] {processor.py:161} INFO - Started process (PID=780) to work on /home/airflow/.local/lib/python3.12/site-packages/airflow/example_dags/example_dag_decorator.py
[2024-08-04T13:10:40.175+0000] {processor.py:830} INFO - Processing file /home/airflow/.local/lib/python3.12/site-packages/airflow/example_dags/example_dag_decorator.py for tasks to queue
[2024-08-04T13:10:40.178+0000] {logging_mixin.py:188} INFO - [2024-08-04T13:10:40.177+0000] {dagbag.py:545} INFO - Filling up the DagBag from /home/airflow/.local/lib/python3.12/site-packages/airflow/example_dags/example_dag_decorator.py
[2024-08-04T13:10:40.310+0000] {processor.py:840} INFO - DAG(s) 'example_dag_decorator' retrieved from /home/airflow/.local/lib/python3.12/site-packages/airflow/example_dags/example_dag_decorator.py
[2024-08-04T13:10:40.556+0000] {logging_mixin.py:188} INFO - [2024-08-04T13:10:40.556+0000] {dag.py:3089} INFO - Sync 1 DAGs
[2024-08-04T13:10:40.567+0000] {logging_mixin.py:188} INFO - [2024-08-04T13:10:40.567+0000] {dag.py:3947} INFO - Setting next_dagrun for example_dag_decorator to None, run_after=None
[2024-08-04T13:10:40.595+0000] {processor.py:183} INFO - Processing /home/airflow/.local/lib/python3.12/site-packages/airflow/example_dags/example_dag_decorator.py took 0.431 seconds
[2024-08-04T13:11:11.885+0000] {processor.py:161} INFO - Started process (PID=844) to work on /home/airflow/.local/lib/python3.12/site-packages/airflow/example_dags/example_dag_decorator.py
[2024-08-04T13:11:11.889+0000] {processor.py:830} INFO - Processing file /home/airflow/.local/lib/python3.12/site-packages/airflow/example_dags/example_dag_decorator.py for tasks to queue
[2024-08-04T13:11:11.900+0000] {logging_mixin.py:188} INFO - [2024-08-04T13:11:11.899+0000] {dagbag.py:545} INFO - Filling up the DagBag from /home/airflow/.local/lib/python3.12/site-packages/airflow/example_dags/example_dag_decorator.py
[2024-08-04T13:11:12.041+0000] {processor.py:840} INFO - DAG(s) 'example_dag_decorator' retrieved from /home/airflow/.local/lib/python3.12/site-packages/airflow/example_dags/example_dag_decorator.py
[2024-08-04T13:11:12.312+0000] {logging_mixin.py:188} INFO - [2024-08-04T13:11:12.312+0000] {dag.py:3089} INFO - Sync 1 DAGs
[2024-08-04T13:11:12.324+0000] {logging_mixin.py:188} INFO - [2024-08-04T13:11:12.323+0000] {dag.py:3947} INFO - Setting next_dagrun for example_dag_decorator to None, run_after=None
[2024-08-04T13:11:12.350+0000] {processor.py:183} INFO - Processing /home/airflow/.local/lib/python3.12/site-packages/airflow/example_dags/example_dag_decorator.py took 0.474 seconds
[2024-08-04T13:11:42.446+0000] {processor.py:161} INFO - Started process (PID=908) to work on /home/airflow/.local/lib/python3.12/site-packages/airflow/example_dags/example_dag_decorator.py
[2024-08-04T13:11:42.447+0000] {processor.py:830} INFO - Processing file /home/airflow/.local/lib/python3.12/site-packages/airflow/example_dags/example_dag_decorator.py for tasks to queue
[2024-08-04T13:11:42.449+0000] {logging_mixin.py:188} INFO - [2024-08-04T13:11:42.448+0000] {dagbag.py:545} INFO - Filling up the DagBag from /home/airflow/.local/lib/python3.12/site-packages/airflow/example_dags/example_dag_decorator.py
[2024-08-04T13:11:42.568+0000] {processor.py:840} INFO - DAG(s) 'example_dag_decorator' retrieved from /home/airflow/.local/lib/python3.12/site-packages/airflow/example_dags/example_dag_decorator.py
[2024-08-04T13:11:42.841+0000] {logging_mixin.py:188} INFO - [2024-08-04T13:11:42.841+0000] {dag.py:3089} INFO - Sync 1 DAGs
[2024-08-04T13:11:42.853+0000] {logging_mixin.py:188} INFO - [2024-08-04T13:11:42.853+0000] {dag.py:3947} INFO - Setting next_dagrun for example_dag_decorator to None, run_after=None
[2024-08-04T13:11:42.874+0000] {processor.py:183} INFO - Processing /home/airflow/.local/lib/python3.12/site-packages/airflow/example_dags/example_dag_decorator.py took 0.434 seconds
[2024-08-04T13:12:14.465+0000] {processor.py:161} INFO - Started process (PID=972) to work on /home/airflow/.local/lib/python3.12/site-packages/airflow/example_dags/example_dag_decorator.py
[2024-08-04T13:12:14.471+0000] {processor.py:830} INFO - Processing file /home/airflow/.local/lib/python3.12/site-packages/airflow/example_dags/example_dag_decorator.py for tasks to queue
[2024-08-04T13:12:14.473+0000] {logging_mixin.py:188} INFO - [2024-08-04T13:12:14.473+0000] {dagbag.py:545} INFO - Filling up the DagBag from /home/airflow/.local/lib/python3.12/site-packages/airflow/example_dags/example_dag_decorator.py
[2024-08-04T13:12:14.591+0000] {processor.py:840} INFO - DAG(s) 'example_dag_decorator' retrieved from /home/airflow/.local/lib/python3.12/site-packages/airflow/example_dags/example_dag_decorator.py
[2024-08-04T13:12:14.889+0000] {logging_mixin.py:188} INFO - [2024-08-04T13:12:14.888+0000] {dag.py:3089} INFO - Sync 1 DAGs
[2024-08-04T13:12:14.903+0000] {logging_mixin.py:188} INFO - [2024-08-04T13:12:14.903+0000] {dag.py:3947} INFO - Setting next_dagrun for example_dag_decorator to None, run_after=None
[2024-08-04T13:12:14.931+0000] {processor.py:183} INFO - Processing /home/airflow/.local/lib/python3.12/site-packages/airflow/example_dags/example_dag_decorator.py took 0.471 seconds
[2024-08-04T13:12:45.782+0000] {processor.py:161} INFO - Started process (PID=1036) to work on /home/airflow/.local/lib/python3.12/site-packages/airflow/example_dags/example_dag_decorator.py
[2024-08-04T13:12:45.784+0000] {processor.py:830} INFO - Processing file /home/airflow/.local/lib/python3.12/site-packages/airflow/example_dags/example_dag_decorator.py for tasks to queue
[2024-08-04T13:12:45.787+0000] {logging_mixin.py:188} INFO - [2024-08-04T13:12:45.786+0000] {dagbag.py:545} INFO - Filling up the DagBag from /home/airflow/.local/lib/python3.12/site-packages/airflow/example_dags/example_dag_decorator.py
[2024-08-04T13:12:45.929+0000] {processor.py:840} INFO - DAG(s) 'example_dag_decorator' retrieved from /home/airflow/.local/lib/python3.12/site-packages/airflow/example_dags/example_dag_decorator.py
[2024-08-04T13:12:46.223+0000] {logging_mixin.py:188} INFO - [2024-08-04T13:12:46.223+0000] {dag.py:3089} INFO - Sync 1 DAGs
[2024-08-04T13:12:46.237+0000] {logging_mixin.py:188} INFO - [2024-08-04T13:12:46.236+0000] {dag.py:3947} INFO - Setting next_dagrun for example_dag_decorator to None, run_after=None
[2024-08-04T13:12:46.264+0000] {processor.py:183} INFO - Processing /home/airflow/.local/lib/python3.12/site-packages/airflow/example_dags/example_dag_decorator.py took 0.489 seconds
[2024-08-04T13:13:16.698+0000] {processor.py:161} INFO - Started process (PID=1100) to work on /home/airflow/.local/lib/python3.12/site-packages/airflow/example_dags/example_dag_decorator.py
[2024-08-04T13:13:16.700+0000] {processor.py:830} INFO - Processing file /home/airflow/.local/lib/python3.12/site-packages/airflow/example_dags/example_dag_decorator.py for tasks to queue
[2024-08-04T13:13:16.702+0000] {logging_mixin.py:188} INFO - [2024-08-04T13:13:16.702+0000] {dagbag.py:545} INFO - Filling up the DagBag from /home/airflow/.local/lib/python3.12/site-packages/airflow/example_dags/example_dag_decorator.py
[2024-08-04T13:13:16.831+0000] {processor.py:840} INFO - DAG(s) 'example_dag_decorator' retrieved from /home/airflow/.local/lib/python3.12/site-packages/airflow/example_dags/example_dag_decorator.py
[2024-08-04T13:13:17.107+0000] {logging_mixin.py:188} INFO - [2024-08-04T13:13:17.107+0000] {dag.py:3089} INFO - Sync 1 DAGs
[2024-08-04T13:13:17.118+0000] {logging_mixin.py:188} INFO - [2024-08-04T13:13:17.118+0000] {dag.py:3947} INFO - Setting next_dagrun for example_dag_decorator to None, run_after=None
[2024-08-04T13:13:17.144+0000] {processor.py:183} INFO - Processing /home/airflow/.local/lib/python3.12/site-packages/airflow/example_dags/example_dag_decorator.py took 0.452 seconds
[2024-08-04T13:13:47.895+0000] {processor.py:161} INFO - Started process (PID=1164) to work on /home/airflow/.local/lib/python3.12/site-packages/airflow/example_dags/example_dag_decorator.py
[2024-08-04T13:13:47.897+0000] {processor.py:830} INFO - Processing file /home/airflow/.local/lib/python3.12/site-packages/airflow/example_dags/example_dag_decorator.py for tasks to queue
[2024-08-04T13:13:47.899+0000] {logging_mixin.py:188} INFO - [2024-08-04T13:13:47.899+0000] {dagbag.py:545} INFO - Filling up the DagBag from /home/airflow/.local/lib/python3.12/site-packages/airflow/example_dags/example_dag_decorator.py
[2024-08-04T13:13:48.026+0000] {processor.py:840} INFO - DAG(s) 'example_dag_decorator' retrieved from /home/airflow/.local/lib/python3.12/site-packages/airflow/example_dags/example_dag_decorator.py
[2024-08-04T13:13:48.306+0000] {logging_mixin.py:188} INFO - [2024-08-04T13:13:48.306+0000] {dag.py:3089} INFO - Sync 1 DAGs
[2024-08-04T13:13:48.317+0000] {logging_mixin.py:188} INFO - [2024-08-04T13:13:48.317+0000] {dag.py:3947} INFO - Setting next_dagrun for example_dag_decorator to None, run_after=None
[2024-08-04T13:13:48.344+0000] {processor.py:183} INFO - Processing /home/airflow/.local/lib/python3.12/site-packages/airflow/example_dags/example_dag_decorator.py took 0.456 seconds
[2024-08-04T13:14:20.667+0000] {processor.py:161} INFO - Started process (PID=1228) to work on /home/airflow/.local/lib/python3.12/site-packages/airflow/example_dags/example_dag_decorator.py
[2024-08-04T13:14:20.669+0000] {processor.py:830} INFO - Processing file /home/airflow/.local/lib/python3.12/site-packages/airflow/example_dags/example_dag_decorator.py for tasks to queue
[2024-08-04T13:14:20.672+0000] {logging_mixin.py:188} INFO - [2024-08-04T13:14:20.671+0000] {dagbag.py:545} INFO - Filling up the DagBag from /home/airflow/.local/lib/python3.12/site-packages/airflow/example_dags/example_dag_decorator.py
[2024-08-04T13:14:20.948+0000] {processor.py:840} INFO - DAG(s) 'example_dag_decorator' retrieved from /home/airflow/.local/lib/python3.12/site-packages/airflow/example_dags/example_dag_decorator.py
[2024-08-04T13:14:21.054+0000] {logging_mixin.py:188} INFO - [2024-08-04T13:14:21.054+0000] {dag.py:3089} INFO - Sync 1 DAGs
[2024-08-04T13:14:21.064+0000] {logging_mixin.py:188} INFO - [2024-08-04T13:14:21.064+0000] {dag.py:3947} INFO - Setting next_dagrun for example_dag_decorator to None, run_after=None
[2024-08-04T13:14:21.083+0000] {processor.py:183} INFO - Processing /home/airflow/.local/lib/python3.12/site-packages/airflow/example_dags/example_dag_decorator.py took 0.422 seconds
[2024-08-04T13:14:51.297+0000] {processor.py:161} INFO - Started process (PID=1293) to work on /home/airflow/.local/lib/python3.12/site-packages/airflow/example_dags/example_dag_decorator.py
[2024-08-04T13:14:51.298+0000] {processor.py:830} INFO - Processing file /home/airflow/.local/lib/python3.12/site-packages/airflow/example_dags/example_dag_decorator.py for tasks to queue
[2024-08-04T13:14:51.301+0000] {logging_mixin.py:188} INFO - [2024-08-04T13:14:51.300+0000] {dagbag.py:545} INFO - Filling up the DagBag from /home/airflow/.local/lib/python3.12/site-packages/airflow/example_dags/example_dag_decorator.py
[2024-08-04T13:14:51.437+0000] {processor.py:840} INFO - DAG(s) 'example_dag_decorator' retrieved from /home/airflow/.local/lib/python3.12/site-packages/airflow/example_dags/example_dag_decorator.py
[2024-08-04T13:14:51.787+0000] {logging_mixin.py:188} INFO - [2024-08-04T13:14:51.787+0000] {dag.py:3089} INFO - Sync 1 DAGs
[2024-08-04T13:14:51.798+0000] {logging_mixin.py:188} INFO - [2024-08-04T13:14:51.797+0000] {dag.py:3947} INFO - Setting next_dagrun for example_dag_decorator to None, run_after=None
[2024-08-04T13:14:51.831+0000] {processor.py:183} INFO - Processing /home/airflow/.local/lib/python3.12/site-packages/airflow/example_dags/example_dag_decorator.py took 0.543 seconds
[2024-08-04T13:15:22.703+0000] {processor.py:161} INFO - Started process (PID=1357) to work on /home/airflow/.local/lib/python3.12/site-packages/airflow/example_dags/example_dag_decorator.py
[2024-08-04T13:15:22.705+0000] {processor.py:830} INFO - Processing file /home/airflow/.local/lib/python3.12/site-packages/airflow/example_dags/example_dag_decorator.py for tasks to queue
[2024-08-04T13:15:22.713+0000] {logging_mixin.py:188} INFO - [2024-08-04T13:15:22.712+0000] {dagbag.py:545} INFO - Filling up the DagBag from /home/airflow/.local/lib/python3.12/site-packages/airflow/example_dags/example_dag_decorator.py
[2024-08-04T13:15:22.872+0000] {processor.py:840} INFO - DAG(s) 'example_dag_decorator' retrieved from /home/airflow/.local/lib/python3.12/site-packages/airflow/example_dags/example_dag_decorator.py
[2024-08-04T13:15:23.152+0000] {logging_mixin.py:188} INFO - [2024-08-04T13:15:23.152+0000] {dag.py:3089} INFO - Sync 1 DAGs
[2024-08-04T13:15:23.164+0000] {logging_mixin.py:188} INFO - [2024-08-04T13:15:23.164+0000] {dag.py:3947} INFO - Setting next_dagrun for example_dag_decorator to None, run_after=None
[2024-08-04T13:15:23.190+0000] {processor.py:183} INFO - Processing /home/airflow/.local/lib/python3.12/site-packages/airflow/example_dags/example_dag_decorator.py took 0.499 seconds
[2024-08-04T13:15:53.576+0000] {processor.py:161} INFO - Started process (PID=1421) to work on /home/airflow/.local/lib/python3.12/site-packages/airflow/example_dags/example_dag_decorator.py
[2024-08-04T13:15:53.577+0000] {processor.py:830} INFO - Processing file /home/airflow/.local/lib/python3.12/site-packages/airflow/example_dags/example_dag_decorator.py for tasks to queue
[2024-08-04T13:15:53.581+0000] {logging_mixin.py:188} INFO - [2024-08-04T13:15:53.580+0000] {dagbag.py:545} INFO - Filling up the DagBag from /home/airflow/.local/lib/python3.12/site-packages/airflow/example_dags/example_dag_decorator.py
[2024-08-04T13:15:53.893+0000] {processor.py:840} INFO - DAG(s) 'example_dag_decorator' retrieved from /home/airflow/.local/lib/python3.12/site-packages/airflow/example_dags/example_dag_decorator.py
[2024-08-04T13:15:53.914+0000] {logging_mixin.py:188} INFO - [2024-08-04T13:15:53.914+0000] {dag.py:3089} INFO - Sync 1 DAGs
[2024-08-04T13:15:53.926+0000] {logging_mixin.py:188} INFO - [2024-08-04T13:15:53.926+0000] {dag.py:3947} INFO - Setting next_dagrun for example_dag_decorator to None, run_after=None
[2024-08-04T13:15:53.949+0000] {processor.py:183} INFO - Processing /home/airflow/.local/lib/python3.12/site-packages/airflow/example_dags/example_dag_decorator.py took 0.381 seconds
[2024-08-04T13:16:24.149+0000] {processor.py:161} INFO - Started process (PID=1487) to work on /home/airflow/.local/lib/python3.12/site-packages/airflow/example_dags/example_dag_decorator.py
[2024-08-04T13:16:24.151+0000] {processor.py:830} INFO - Processing file /home/airflow/.local/lib/python3.12/site-packages/airflow/example_dags/example_dag_decorator.py for tasks to queue
[2024-08-04T13:16:24.154+0000] {logging_mixin.py:188} INFO - [2024-08-04T13:16:24.153+0000] {dagbag.py:545} INFO - Filling up the DagBag from /home/airflow/.local/lib/python3.12/site-packages/airflow/example_dags/example_dag_decorator.py
[2024-08-04T13:16:24.486+0000] {processor.py:840} INFO - DAG(s) 'example_dag_decorator' retrieved from /home/airflow/.local/lib/python3.12/site-packages/airflow/example_dags/example_dag_decorator.py
[2024-08-04T13:16:24.604+0000] {logging_mixin.py:188} INFO - [2024-08-04T13:16:24.604+0000] {dag.py:3089} INFO - Sync 1 DAGs
[2024-08-04T13:16:24.617+0000] {logging_mixin.py:188} INFO - [2024-08-04T13:16:24.617+0000] {dag.py:3947} INFO - Setting next_dagrun for example_dag_decorator to None, run_after=None
[2024-08-04T13:16:24.646+0000] {processor.py:183} INFO - Processing /home/airflow/.local/lib/python3.12/site-packages/airflow/example_dags/example_dag_decorator.py took 0.505 seconds
[2024-08-04T13:16:55.849+0000] {processor.py:161} INFO - Started process (PID=1554) to work on /home/airflow/.local/lib/python3.12/site-packages/airflow/example_dags/example_dag_decorator.py
[2024-08-04T13:16:55.851+0000] {processor.py:830} INFO - Processing file /home/airflow/.local/lib/python3.12/site-packages/airflow/example_dags/example_dag_decorator.py for tasks to queue
[2024-08-04T13:16:55.853+0000] {logging_mixin.py:188} INFO - [2024-08-04T13:16:55.853+0000] {dagbag.py:545} INFO - Filling up the DagBag from /home/airflow/.local/lib/python3.12/site-packages/airflow/example_dags/example_dag_decorator.py
[2024-08-04T13:16:56.124+0000] {processor.py:840} INFO - DAG(s) 'example_dag_decorator' retrieved from /home/airflow/.local/lib/python3.12/site-packages/airflow/example_dags/example_dag_decorator.py
[2024-08-04T13:16:56.227+0000] {logging_mixin.py:188} INFO - [2024-08-04T13:16:56.226+0000] {dag.py:3089} INFO - Sync 1 DAGs
[2024-08-04T13:16:56.260+0000] {logging_mixin.py:188} INFO - [2024-08-04T13:16:56.259+0000] {dag.py:3947} INFO - Setting next_dagrun for example_dag_decorator to None, run_after=None
[2024-08-04T13:16:56.284+0000] {processor.py:183} INFO - Processing /home/airflow/.local/lib/python3.12/site-packages/airflow/example_dags/example_dag_decorator.py took 0.440 seconds
[2024-08-04T13:17:26.589+0000] {processor.py:161} INFO - Started process (PID=1621) to work on /home/airflow/.local/lib/python3.12/site-packages/airflow/example_dags/example_dag_decorator.py
[2024-08-04T13:17:26.590+0000] {processor.py:830} INFO - Processing file /home/airflow/.local/lib/python3.12/site-packages/airflow/example_dags/example_dag_decorator.py for tasks to queue
[2024-08-04T13:17:26.593+0000] {logging_mixin.py:188} INFO - [2024-08-04T13:17:26.593+0000] {dagbag.py:545} INFO - Filling up the DagBag from /home/airflow/.local/lib/python3.12/site-packages/airflow/example_dags/example_dag_decorator.py
[2024-08-04T13:17:26.723+0000] {processor.py:840} INFO - DAG(s) 'example_dag_decorator' retrieved from /home/airflow/.local/lib/python3.12/site-packages/airflow/example_dags/example_dag_decorator.py
[2024-08-04T13:17:27.006+0000] {logging_mixin.py:188} INFO - [2024-08-04T13:17:27.006+0000] {dag.py:3089} INFO - Sync 1 DAGs
[2024-08-04T13:17:27.020+0000] {logging_mixin.py:188} INFO - [2024-08-04T13:17:27.019+0000] {dag.py:3947} INFO - Setting next_dagrun for example_dag_decorator to None, run_after=None
[2024-08-04T13:17:27.054+0000] {processor.py:183} INFO - Processing /home/airflow/.local/lib/python3.12/site-packages/airflow/example_dags/example_dag_decorator.py took 0.473 seconds
[2024-08-04T13:17:57.271+0000] {processor.py:161} INFO - Started process (PID=1686) to work on /home/airflow/.local/lib/python3.12/site-packages/airflow/example_dags/example_dag_decorator.py
[2024-08-04T13:17:57.273+0000] {processor.py:830} INFO - Processing file /home/airflow/.local/lib/python3.12/site-packages/airflow/example_dags/example_dag_decorator.py for tasks to queue
[2024-08-04T13:17:57.276+0000] {logging_mixin.py:188} INFO - [2024-08-04T13:17:57.276+0000] {dagbag.py:545} INFO - Filling up the DagBag from /home/airflow/.local/lib/python3.12/site-packages/airflow/example_dags/example_dag_decorator.py
[2024-08-04T13:17:57.556+0000] {processor.py:840} INFO - DAG(s) 'example_dag_decorator' retrieved from /home/airflow/.local/lib/python3.12/site-packages/airflow/example_dags/example_dag_decorator.py
[2024-08-04T13:17:57.684+0000] {logging_mixin.py:188} INFO - [2024-08-04T13:17:57.683+0000] {dag.py:3089} INFO - Sync 1 DAGs
[2024-08-04T13:17:57.720+0000] {logging_mixin.py:188} INFO - [2024-08-04T13:17:57.720+0000] {dag.py:3947} INFO - Setting next_dagrun for example_dag_decorator to None, run_after=None
[2024-08-04T13:17:57.759+0000] {processor.py:183} INFO - Processing /home/airflow/.local/lib/python3.12/site-packages/airflow/example_dags/example_dag_decorator.py took 0.494 seconds
[2024-08-04T13:18:28.701+0000] {processor.py:161} INFO - Started process (PID=1750) to work on /home/airflow/.local/lib/python3.12/site-packages/airflow/example_dags/example_dag_decorator.py
[2024-08-04T13:18:28.704+0000] {processor.py:830} INFO - Processing file /home/airflow/.local/lib/python3.12/site-packages/airflow/example_dags/example_dag_decorator.py for tasks to queue
[2024-08-04T13:18:28.707+0000] {logging_mixin.py:188} INFO - [2024-08-04T13:18:28.707+0000] {dagbag.py:545} INFO - Filling up the DagBag from /home/airflow/.local/lib/python3.12/site-packages/airflow/example_dags/example_dag_decorator.py
[2024-08-04T13:18:29.013+0000] {processor.py:840} INFO - DAG(s) 'example_dag_decorator' retrieved from /home/airflow/.local/lib/python3.12/site-packages/airflow/example_dags/example_dag_decorator.py
[2024-08-04T13:18:29.117+0000] {logging_mixin.py:188} INFO - [2024-08-04T13:18:29.116+0000] {dag.py:3089} INFO - Sync 1 DAGs
[2024-08-04T13:18:29.129+0000] {logging_mixin.py:188} INFO - [2024-08-04T13:18:29.128+0000] {dag.py:3947} INFO - Setting next_dagrun for example_dag_decorator to None, run_after=None
[2024-08-04T13:18:29.150+0000] {processor.py:183} INFO - Processing /home/airflow/.local/lib/python3.12/site-packages/airflow/example_dags/example_dag_decorator.py took 0.458 seconds
[2024-08-04T13:19:00.654+0000] {processor.py:161} INFO - Started process (PID=1809) to work on /home/airflow/.local/lib/python3.12/site-packages/airflow/example_dags/example_dag_decorator.py
[2024-08-04T13:19:00.656+0000] {processor.py:830} INFO - Processing file /home/airflow/.local/lib/python3.12/site-packages/airflow/example_dags/example_dag_decorator.py for tasks to queue
[2024-08-04T13:19:00.658+0000] {logging_mixin.py:188} INFO - [2024-08-04T13:19:00.658+0000] {dagbag.py:545} INFO - Filling up the DagBag from /home/airflow/.local/lib/python3.12/site-packages/airflow/example_dags/example_dag_decorator.py
[2024-08-04T13:19:00.956+0000] {processor.py:840} INFO - DAG(s) 'example_dag_decorator' retrieved from /home/airflow/.local/lib/python3.12/site-packages/airflow/example_dags/example_dag_decorator.py
[2024-08-04T13:19:01.057+0000] {logging_mixin.py:188} INFO - [2024-08-04T13:19:01.056+0000] {dag.py:3089} INFO - Sync 1 DAGs
[2024-08-04T13:19:01.067+0000] {logging_mixin.py:188} INFO - [2024-08-04T13:19:01.067+0000] {dag.py:3947} INFO - Setting next_dagrun for example_dag_decorator to None, run_after=None
[2024-08-04T13:19:01.092+0000] {processor.py:183} INFO - Processing /home/airflow/.local/lib/python3.12/site-packages/airflow/example_dags/example_dag_decorator.py took 0.445 seconds
[2024-08-04T13:19:31.340+0000] {processor.py:161} INFO - Started process (PID=1870) to work on /home/airflow/.local/lib/python3.12/site-packages/airflow/example_dags/example_dag_decorator.py
[2024-08-04T13:19:31.343+0000] {processor.py:830} INFO - Processing file /home/airflow/.local/lib/python3.12/site-packages/airflow/example_dags/example_dag_decorator.py for tasks to queue
[2024-08-04T13:19:31.346+0000] {logging_mixin.py:188} INFO - [2024-08-04T13:19:31.345+0000] {dagbag.py:545} INFO - Filling up the DagBag from /home/airflow/.local/lib/python3.12/site-packages/airflow/example_dags/example_dag_decorator.py
[2024-08-04T13:19:31.712+0000] {processor.py:840} INFO - DAG(s) 'example_dag_decorator' retrieved from /home/airflow/.local/lib/python3.12/site-packages/airflow/example_dags/example_dag_decorator.py
[2024-08-04T13:19:31.739+0000] {logging_mixin.py:188} INFO - [2024-08-04T13:19:31.738+0000] {dag.py:3089} INFO - Sync 1 DAGs
[2024-08-04T13:19:31.752+0000] {logging_mixin.py:188} INFO - [2024-08-04T13:19:31.752+0000] {dag.py:3947} INFO - Setting next_dagrun for example_dag_decorator to None, run_after=None
[2024-08-04T13:19:31.775+0000] {processor.py:183} INFO - Processing /home/airflow/.local/lib/python3.12/site-packages/airflow/example_dags/example_dag_decorator.py took 0.444 seconds
[2024-08-04T13:20:01.902+0000] {processor.py:161} INFO - Started process (PID=1934) to work on /home/airflow/.local/lib/python3.12/site-packages/airflow/example_dags/example_dag_decorator.py
[2024-08-04T13:20:01.906+0000] {processor.py:830} INFO - Processing file /home/airflow/.local/lib/python3.12/site-packages/airflow/example_dags/example_dag_decorator.py for tasks to queue
[2024-08-04T13:20:01.909+0000] {logging_mixin.py:188} INFO - [2024-08-04T13:20:01.908+0000] {dagbag.py:545} INFO - Filling up the DagBag from /home/airflow/.local/lib/python3.12/site-packages/airflow/example_dags/example_dag_decorator.py
[2024-08-04T13:20:02.179+0000] {processor.py:840} INFO - DAG(s) 'example_dag_decorator' retrieved from /home/airflow/.local/lib/python3.12/site-packages/airflow/example_dags/example_dag_decorator.py
[2024-08-04T13:20:02.204+0000] {logging_mixin.py:188} INFO - [2024-08-04T13:20:02.204+0000] {dag.py:3089} INFO - Sync 1 DAGs
[2024-08-04T13:20:02.217+0000] {logging_mixin.py:188} INFO - [2024-08-04T13:20:02.217+0000] {dag.py:3947} INFO - Setting next_dagrun for example_dag_decorator to None, run_after=None
[2024-08-04T13:20:02.243+0000] {processor.py:183} INFO - Processing /home/airflow/.local/lib/python3.12/site-packages/airflow/example_dags/example_dag_decorator.py took 0.350 seconds
[2024-08-04T13:20:32.905+0000] {processor.py:161} INFO - Started process (PID=1995) to work on /home/airflow/.local/lib/python3.12/site-packages/airflow/example_dags/example_dag_decorator.py
[2024-08-04T13:20:32.907+0000] {processor.py:830} INFO - Processing file /home/airflow/.local/lib/python3.12/site-packages/airflow/example_dags/example_dag_decorator.py for tasks to queue
[2024-08-04T13:20:32.911+0000] {logging_mixin.py:188} INFO - [2024-08-04T13:20:32.910+0000] {dagbag.py:545} INFO - Filling up the DagBag from /home/airflow/.local/lib/python3.12/site-packages/airflow/example_dags/example_dag_decorator.py
[2024-08-04T13:20:33.259+0000] {processor.py:840} INFO - DAG(s) 'example_dag_decorator' retrieved from /home/airflow/.local/lib/python3.12/site-packages/airflow/example_dags/example_dag_decorator.py
[2024-08-04T13:20:33.368+0000] {logging_mixin.py:188} INFO - [2024-08-04T13:20:33.368+0000] {dag.py:3089} INFO - Sync 1 DAGs
[2024-08-04T13:20:33.395+0000] {logging_mixin.py:188} INFO - [2024-08-04T13:20:33.394+0000] {dag.py:3947} INFO - Setting next_dagrun for example_dag_decorator to None, run_after=None
[2024-08-04T13:20:33.438+0000] {processor.py:183} INFO - Processing /home/airflow/.local/lib/python3.12/site-packages/airflow/example_dags/example_dag_decorator.py took 0.541 seconds
[2024-08-04T13:21:04.620+0000] {processor.py:161} INFO - Started process (PID=2061) to work on /home/airflow/.local/lib/python3.12/site-packages/airflow/example_dags/example_dag_decorator.py
[2024-08-04T13:21:04.621+0000] {processor.py:830} INFO - Processing file /home/airflow/.local/lib/python3.12/site-packages/airflow/example_dags/example_dag_decorator.py for tasks to queue
[2024-08-04T13:21:04.624+0000] {logging_mixin.py:188} INFO - [2024-08-04T13:21:04.623+0000] {dagbag.py:545} INFO - Filling up the DagBag from /home/airflow/.local/lib/python3.12/site-packages/airflow/example_dags/example_dag_decorator.py
[2024-08-04T13:21:04.920+0000] {processor.py:840} INFO - DAG(s) 'example_dag_decorator' retrieved from /home/airflow/.local/lib/python3.12/site-packages/airflow/example_dags/example_dag_decorator.py
[2024-08-04T13:21:05.022+0000] {logging_mixin.py:188} INFO - [2024-08-04T13:21:05.022+0000] {dag.py:3089} INFO - Sync 1 DAGs
[2024-08-04T13:21:05.036+0000] {logging_mixin.py:188} INFO - [2024-08-04T13:21:05.036+0000] {dag.py:3947} INFO - Setting next_dagrun for example_dag_decorator to None, run_after=None
[2024-08-04T13:21:05.061+0000] {processor.py:183} INFO - Processing /home/airflow/.local/lib/python3.12/site-packages/airflow/example_dags/example_dag_decorator.py took 0.447 seconds
[2024-08-04T13:21:35.973+0000] {processor.py:161} INFO - Started process (PID=2125) to work on /home/airflow/.local/lib/python3.12/site-packages/airflow/example_dags/example_dag_decorator.py
[2024-08-04T13:21:35.975+0000] {processor.py:830} INFO - Processing file /home/airflow/.local/lib/python3.12/site-packages/airflow/example_dags/example_dag_decorator.py for tasks to queue
[2024-08-04T13:21:35.978+0000] {logging_mixin.py:188} INFO - [2024-08-04T13:21:35.978+0000] {dagbag.py:545} INFO - Filling up the DagBag from /home/airflow/.local/lib/python3.12/site-packages/airflow/example_dags/example_dag_decorator.py
[2024-08-04T13:21:36.132+0000] {processor.py:840} INFO - DAG(s) 'example_dag_decorator' retrieved from /home/airflow/.local/lib/python3.12/site-packages/airflow/example_dags/example_dag_decorator.py
[2024-08-04T13:21:36.168+0000] {logging_mixin.py:188} INFO - [2024-08-04T13:21:36.168+0000] {dag.py:3089} INFO - Sync 1 DAGs
[2024-08-04T13:21:36.189+0000] {logging_mixin.py:188} INFO - [2024-08-04T13:21:36.189+0000] {dag.py:3947} INFO - Setting next_dagrun for example_dag_decorator to None, run_after=None
[2024-08-04T13:21:36.214+0000] {processor.py:183} INFO - Processing /home/airflow/.local/lib/python3.12/site-packages/airflow/example_dags/example_dag_decorator.py took 0.250 seconds
[2024-08-04T13:22:06.457+0000] {processor.py:161} INFO - Started process (PID=2190) to work on /home/airflow/.local/lib/python3.12/site-packages/airflow/example_dags/example_dag_decorator.py
[2024-08-04T13:22:06.458+0000] {processor.py:830} INFO - Processing file /home/airflow/.local/lib/python3.12/site-packages/airflow/example_dags/example_dag_decorator.py for tasks to queue
[2024-08-04T13:22:06.461+0000] {logging_mixin.py:188} INFO - [2024-08-04T13:22:06.461+0000] {dagbag.py:545} INFO - Filling up the DagBag from /home/airflow/.local/lib/python3.12/site-packages/airflow/example_dags/example_dag_decorator.py
[2024-08-04T13:22:06.594+0000] {processor.py:840} INFO - DAG(s) 'example_dag_decorator' retrieved from /home/airflow/.local/lib/python3.12/site-packages/airflow/example_dags/example_dag_decorator.py
[2024-08-04T13:22:06.707+0000] {logging_mixin.py:188} INFO - [2024-08-04T13:22:06.707+0000] {dag.py:3089} INFO - Sync 1 DAGs
[2024-08-04T13:22:06.718+0000] {logging_mixin.py:188} INFO - [2024-08-04T13:22:06.717+0000] {dag.py:3947} INFO - Setting next_dagrun for example_dag_decorator to None, run_after=None
[2024-08-04T13:22:06.740+0000] {processor.py:183} INFO - Processing /home/airflow/.local/lib/python3.12/site-packages/airflow/example_dags/example_dag_decorator.py took 0.291 seconds
[2024-08-04T13:22:37.168+0000] {processor.py:161} INFO - Started process (PID=2253) to work on /home/airflow/.local/lib/python3.12/site-packages/airflow/example_dags/example_dag_decorator.py
[2024-08-04T13:22:37.170+0000] {processor.py:830} INFO - Processing file /home/airflow/.local/lib/python3.12/site-packages/airflow/example_dags/example_dag_decorator.py for tasks to queue
[2024-08-04T13:22:37.173+0000] {logging_mixin.py:188} INFO - [2024-08-04T13:22:37.172+0000] {dagbag.py:545} INFO - Filling up the DagBag from /home/airflow/.local/lib/python3.12/site-packages/airflow/example_dags/example_dag_decorator.py
[2024-08-04T13:22:37.371+0000] {processor.py:840} INFO - DAG(s) 'example_dag_decorator' retrieved from /home/airflow/.local/lib/python3.12/site-packages/airflow/example_dags/example_dag_decorator.py
[2024-08-04T13:22:37.482+0000] {logging_mixin.py:188} INFO - [2024-08-04T13:22:37.482+0000] {dag.py:3089} INFO - Sync 1 DAGs
[2024-08-04T13:22:37.495+0000] {logging_mixin.py:188} INFO - [2024-08-04T13:22:37.494+0000] {dag.py:3947} INFO - Setting next_dagrun for example_dag_decorator to None, run_after=None
[2024-08-04T13:22:37.519+0000] {processor.py:183} INFO - Processing /home/airflow/.local/lib/python3.12/site-packages/airflow/example_dags/example_dag_decorator.py took 0.361 seconds
[2024-08-04T13:23:07.964+0000] {processor.py:161} INFO - Started process (PID=2323) to work on /home/airflow/.local/lib/python3.12/site-packages/airflow/example_dags/example_dag_decorator.py
[2024-08-04T13:23:07.968+0000] {processor.py:830} INFO - Processing file /home/airflow/.local/lib/python3.12/site-packages/airflow/example_dags/example_dag_decorator.py for tasks to queue
[2024-08-04T13:23:07.972+0000] {logging_mixin.py:188} INFO - [2024-08-04T13:23:07.972+0000] {dagbag.py:545} INFO - Filling up the DagBag from /home/airflow/.local/lib/python3.12/site-packages/airflow/example_dags/example_dag_decorator.py
[2024-08-04T13:23:08.143+0000] {processor.py:840} INFO - DAG(s) 'example_dag_decorator' retrieved from /home/airflow/.local/lib/python3.12/site-packages/airflow/example_dags/example_dag_decorator.py
[2024-08-04T13:23:08.263+0000] {logging_mixin.py:188} INFO - [2024-08-04T13:23:08.263+0000] {dag.py:3089} INFO - Sync 1 DAGs
[2024-08-04T13:23:08.274+0000] {logging_mixin.py:188} INFO - [2024-08-04T13:23:08.274+0000] {dag.py:3947} INFO - Setting next_dagrun for example_dag_decorator to None, run_after=None
[2024-08-04T13:23:08.297+0000] {processor.py:183} INFO - Processing /home/airflow/.local/lib/python3.12/site-packages/airflow/example_dags/example_dag_decorator.py took 0.340 seconds
[2024-08-04T13:23:38.561+0000] {processor.py:161} INFO - Started process (PID=2390) to work on /home/airflow/.local/lib/python3.12/site-packages/airflow/example_dags/example_dag_decorator.py
[2024-08-04T13:23:38.563+0000] {processor.py:830} INFO - Processing file /home/airflow/.local/lib/python3.12/site-packages/airflow/example_dags/example_dag_decorator.py for tasks to queue
[2024-08-04T13:23:38.567+0000] {logging_mixin.py:188} INFO - [2024-08-04T13:23:38.567+0000] {dagbag.py:545} INFO - Filling up the DagBag from /home/airflow/.local/lib/python3.12/site-packages/airflow/example_dags/example_dag_decorator.py
[2024-08-04T13:23:38.728+0000] {processor.py:840} INFO - DAG(s) 'example_dag_decorator' retrieved from /home/airflow/.local/lib/python3.12/site-packages/airflow/example_dags/example_dag_decorator.py
[2024-08-04T13:23:38.754+0000] {logging_mixin.py:188} INFO - [2024-08-04T13:23:38.753+0000] {dag.py:3089} INFO - Sync 1 DAGs
[2024-08-04T13:23:38.770+0000] {logging_mixin.py:188} INFO - [2024-08-04T13:23:38.770+0000] {dag.py:3947} INFO - Setting next_dagrun for example_dag_decorator to None, run_after=None
[2024-08-04T13:23:38.794+0000] {processor.py:183} INFO - Processing /home/airflow/.local/lib/python3.12/site-packages/airflow/example_dags/example_dag_decorator.py took 0.244 seconds
[2024-08-04T13:24:09.162+0000] {processor.py:161} INFO - Started process (PID=2449) to work on /home/airflow/.local/lib/python3.12/site-packages/airflow/example_dags/example_dag_decorator.py
[2024-08-04T13:24:09.163+0000] {processor.py:830} INFO - Processing file /home/airflow/.local/lib/python3.12/site-packages/airflow/example_dags/example_dag_decorator.py for tasks to queue
[2024-08-04T13:24:09.166+0000] {logging_mixin.py:188} INFO - [2024-08-04T13:24:09.166+0000] {dagbag.py:545} INFO - Filling up the DagBag from /home/airflow/.local/lib/python3.12/site-packages/airflow/example_dags/example_dag_decorator.py
[2024-08-04T13:24:09.301+0000] {processor.py:840} INFO - DAG(s) 'example_dag_decorator' retrieved from /home/airflow/.local/lib/python3.12/site-packages/airflow/example_dags/example_dag_decorator.py
[2024-08-04T13:24:09.431+0000] {logging_mixin.py:188} INFO - [2024-08-04T13:24:09.430+0000] {dag.py:3089} INFO - Sync 1 DAGs
[2024-08-04T13:24:09.446+0000] {logging_mixin.py:188} INFO - [2024-08-04T13:24:09.446+0000] {dag.py:3947} INFO - Setting next_dagrun for example_dag_decorator to None, run_after=None
[2024-08-04T13:24:09.482+0000] {processor.py:183} INFO - Processing /home/airflow/.local/lib/python3.12/site-packages/airflow/example_dags/example_dag_decorator.py took 0.337 seconds
[2024-08-04T13:24:39.912+0000] {processor.py:161} INFO - Started process (PID=2513) to work on /home/airflow/.local/lib/python3.12/site-packages/airflow/example_dags/example_dag_decorator.py
[2024-08-04T13:24:39.913+0000] {processor.py:830} INFO - Processing file /home/airflow/.local/lib/python3.12/site-packages/airflow/example_dags/example_dag_decorator.py for tasks to queue
[2024-08-04T13:24:39.916+0000] {logging_mixin.py:188} INFO - [2024-08-04T13:24:39.915+0000] {dagbag.py:545} INFO - Filling up the DagBag from /home/airflow/.local/lib/python3.12/site-packages/airflow/example_dags/example_dag_decorator.py
[2024-08-04T13:24:40.042+0000] {processor.py:840} INFO - DAG(s) 'example_dag_decorator' retrieved from /home/airflow/.local/lib/python3.12/site-packages/airflow/example_dags/example_dag_decorator.py
[2024-08-04T13:24:40.159+0000] {logging_mixin.py:188} INFO - [2024-08-04T13:24:40.159+0000] {dag.py:3089} INFO - Sync 1 DAGs
[2024-08-04T13:24:40.173+0000] {logging_mixin.py:188} INFO - [2024-08-04T13:24:40.173+0000] {dag.py:3947} INFO - Setting next_dagrun for example_dag_decorator to None, run_after=None
[2024-08-04T13:24:40.197+0000] {processor.py:183} INFO - Processing /home/airflow/.local/lib/python3.12/site-packages/airflow/example_dags/example_dag_decorator.py took 0.292 seconds
[2024-08-04T13:25:11.373+0000] {processor.py:161} INFO - Started process (PID=2577) to work on /home/airflow/.local/lib/python3.12/site-packages/airflow/example_dags/example_dag_decorator.py
[2024-08-04T13:25:11.375+0000] {processor.py:830} INFO - Processing file /home/airflow/.local/lib/python3.12/site-packages/airflow/example_dags/example_dag_decorator.py for tasks to queue
[2024-08-04T13:25:11.377+0000] {logging_mixin.py:188} INFO - [2024-08-04T13:25:11.377+0000] {dagbag.py:545} INFO - Filling up the DagBag from /home/airflow/.local/lib/python3.12/site-packages/airflow/example_dags/example_dag_decorator.py
[2024-08-04T13:25:11.517+0000] {processor.py:840} INFO - DAG(s) 'example_dag_decorator' retrieved from /home/airflow/.local/lib/python3.12/site-packages/airflow/example_dags/example_dag_decorator.py
[2024-08-04T13:25:11.621+0000] {logging_mixin.py:188} INFO - [2024-08-04T13:25:11.620+0000] {dag.py:3089} INFO - Sync 1 DAGs
[2024-08-04T13:25:11.632+0000] {logging_mixin.py:188} INFO - [2024-08-04T13:25:11.632+0000] {dag.py:3947} INFO - Setting next_dagrun for example_dag_decorator to None, run_after=None
[2024-08-04T13:25:11.653+0000] {processor.py:183} INFO - Processing /home/airflow/.local/lib/python3.12/site-packages/airflow/example_dags/example_dag_decorator.py took 0.287 seconds
[2024-08-04T13:25:42.209+0000] {processor.py:161} INFO - Started process (PID=2642) to work on /home/airflow/.local/lib/python3.12/site-packages/airflow/example_dags/example_dag_decorator.py
[2024-08-04T13:25:42.210+0000] {processor.py:830} INFO - Processing file /home/airflow/.local/lib/python3.12/site-packages/airflow/example_dags/example_dag_decorator.py for tasks to queue
[2024-08-04T13:25:42.212+0000] {logging_mixin.py:188} INFO - [2024-08-04T13:25:42.212+0000] {dagbag.py:545} INFO - Filling up the DagBag from /home/airflow/.local/lib/python3.12/site-packages/airflow/example_dags/example_dag_decorator.py
[2024-08-04T13:25:42.337+0000] {processor.py:840} INFO - DAG(s) 'example_dag_decorator' retrieved from /home/airflow/.local/lib/python3.12/site-packages/airflow/example_dags/example_dag_decorator.py
[2024-08-04T13:25:42.473+0000] {logging_mixin.py:188} INFO - [2024-08-04T13:25:42.473+0000] {dag.py:3089} INFO - Sync 1 DAGs
[2024-08-04T13:25:42.484+0000] {logging_mixin.py:188} INFO - [2024-08-04T13:25:42.484+0000] {dag.py:3947} INFO - Setting next_dagrun for example_dag_decorator to None, run_after=None
[2024-08-04T13:25:42.510+0000] {processor.py:183} INFO - Processing /home/airflow/.local/lib/python3.12/site-packages/airflow/example_dags/example_dag_decorator.py took 0.307 seconds
[2024-08-04T13:26:13.524+0000] {processor.py:161} INFO - Started process (PID=2705) to work on /home/airflow/.local/lib/python3.12/site-packages/airflow/example_dags/example_dag_decorator.py
[2024-08-04T13:26:13.526+0000] {processor.py:830} INFO - Processing file /home/airflow/.local/lib/python3.12/site-packages/airflow/example_dags/example_dag_decorator.py for tasks to queue
[2024-08-04T13:26:13.529+0000] {logging_mixin.py:188} INFO - [2024-08-04T13:26:13.529+0000] {dagbag.py:545} INFO - Filling up the DagBag from /home/airflow/.local/lib/python3.12/site-packages/airflow/example_dags/example_dag_decorator.py
[2024-08-04T13:26:13.657+0000] {processor.py:840} INFO - DAG(s) 'example_dag_decorator' retrieved from /home/airflow/.local/lib/python3.12/site-packages/airflow/example_dags/example_dag_decorator.py
[2024-08-04T13:26:13.767+0000] {logging_mixin.py:188} INFO - [2024-08-04T13:26:13.766+0000] {dag.py:3089} INFO - Sync 1 DAGs
[2024-08-04T13:26:13.777+0000] {logging_mixin.py:188} INFO - [2024-08-04T13:26:13.777+0000] {dag.py:3947} INFO - Setting next_dagrun for example_dag_decorator to None, run_after=None
[2024-08-04T13:26:13.797+0000] {processor.py:183} INFO - Processing /home/airflow/.local/lib/python3.12/site-packages/airflow/example_dags/example_dag_decorator.py took 0.281 seconds
[2024-08-04T13:26:44.437+0000] {processor.py:161} INFO - Started process (PID=2769) to work on /home/airflow/.local/lib/python3.12/site-packages/airflow/example_dags/example_dag_decorator.py
[2024-08-04T13:26:44.438+0000] {processor.py:830} INFO - Processing file /home/airflow/.local/lib/python3.12/site-packages/airflow/example_dags/example_dag_decorator.py for tasks to queue
[2024-08-04T13:26:44.441+0000] {logging_mixin.py:188} INFO - [2024-08-04T13:26:44.441+0000] {dagbag.py:545} INFO - Filling up the DagBag from /home/airflow/.local/lib/python3.12/site-packages/airflow/example_dags/example_dag_decorator.py
[2024-08-04T13:26:44.574+0000] {processor.py:840} INFO - DAG(s) 'example_dag_decorator' retrieved from /home/airflow/.local/lib/python3.12/site-packages/airflow/example_dags/example_dag_decorator.py
[2024-08-04T13:26:44.612+0000] {logging_mixin.py:188} INFO - [2024-08-04T13:26:44.611+0000] {dag.py:3089} INFO - Sync 1 DAGs
[2024-08-04T13:26:44.626+0000] {logging_mixin.py:188} INFO - [2024-08-04T13:26:44.626+0000] {dag.py:3947} INFO - Setting next_dagrun for example_dag_decorator to None, run_after=None
[2024-08-04T13:26:44.651+0000] {processor.py:183} INFO - Processing /home/airflow/.local/lib/python3.12/site-packages/airflow/example_dags/example_dag_decorator.py took 0.222 seconds
[2024-08-04T13:27:15.085+0000] {processor.py:161} INFO - Started process (PID=2833) to work on /home/airflow/.local/lib/python3.12/site-packages/airflow/example_dags/example_dag_decorator.py
[2024-08-04T13:27:15.087+0000] {processor.py:830} INFO - Processing file /home/airflow/.local/lib/python3.12/site-packages/airflow/example_dags/example_dag_decorator.py for tasks to queue
[2024-08-04T13:27:15.088+0000] {logging_mixin.py:188} INFO - [2024-08-04T13:27:15.088+0000] {dagbag.py:545} INFO - Filling up the DagBag from /home/airflow/.local/lib/python3.12/site-packages/airflow/example_dags/example_dag_decorator.py
[2024-08-04T13:27:15.228+0000] {processor.py:840} INFO - DAG(s) 'example_dag_decorator' retrieved from /home/airflow/.local/lib/python3.12/site-packages/airflow/example_dags/example_dag_decorator.py
[2024-08-04T13:27:15.370+0000] {logging_mixin.py:188} INFO - [2024-08-04T13:27:15.369+0000] {dag.py:3089} INFO - Sync 1 DAGs
[2024-08-04T13:27:15.388+0000] {logging_mixin.py:188} INFO - [2024-08-04T13:27:15.387+0000] {dag.py:3947} INFO - Setting next_dagrun for example_dag_decorator to None, run_after=None
[2024-08-04T13:27:15.420+0000] {processor.py:183} INFO - Processing /home/airflow/.local/lib/python3.12/site-packages/airflow/example_dags/example_dag_decorator.py took 0.341 seconds
[2024-08-04T13:27:46.088+0000] {processor.py:161} INFO - Started process (PID=2898) to work on /home/airflow/.local/lib/python3.12/site-packages/airflow/example_dags/example_dag_decorator.py
[2024-08-04T13:27:46.090+0000] {processor.py:830} INFO - Processing file /home/airflow/.local/lib/python3.12/site-packages/airflow/example_dags/example_dag_decorator.py for tasks to queue
[2024-08-04T13:27:46.092+0000] {logging_mixin.py:188} INFO - [2024-08-04T13:27:46.092+0000] {dagbag.py:545} INFO - Filling up the DagBag from /home/airflow/.local/lib/python3.12/site-packages/airflow/example_dags/example_dag_decorator.py
[2024-08-04T13:27:46.212+0000] {processor.py:840} INFO - DAG(s) 'example_dag_decorator' retrieved from /home/airflow/.local/lib/python3.12/site-packages/airflow/example_dags/example_dag_decorator.py
[2024-08-04T13:27:46.314+0000] {logging_mixin.py:188} INFO - [2024-08-04T13:27:46.313+0000] {dag.py:3089} INFO - Sync 1 DAGs
[2024-08-04T13:27:46.325+0000] {logging_mixin.py:188} INFO - [2024-08-04T13:27:46.324+0000] {dag.py:3947} INFO - Setting next_dagrun for example_dag_decorator to None, run_after=None
[2024-08-04T13:27:46.348+0000] {processor.py:183} INFO - Processing /home/airflow/.local/lib/python3.12/site-packages/airflow/example_dags/example_dag_decorator.py took 0.268 seconds
[2024-08-04T13:28:16.884+0000] {processor.py:161} INFO - Started process (PID=2961) to work on /home/airflow/.local/lib/python3.12/site-packages/airflow/example_dags/example_dag_decorator.py
[2024-08-04T13:28:16.885+0000] {processor.py:830} INFO - Processing file /home/airflow/.local/lib/python3.12/site-packages/airflow/example_dags/example_dag_decorator.py for tasks to queue
[2024-08-04T13:28:16.887+0000] {logging_mixin.py:188} INFO - [2024-08-04T13:28:16.886+0000] {dagbag.py:545} INFO - Filling up the DagBag from /home/airflow/.local/lib/python3.12/site-packages/airflow/example_dags/example_dag_decorator.py
[2024-08-04T13:28:17.046+0000] {processor.py:840} INFO - DAG(s) 'example_dag_decorator' retrieved from /home/airflow/.local/lib/python3.12/site-packages/airflow/example_dags/example_dag_decorator.py
[2024-08-04T13:28:17.176+0000] {logging_mixin.py:188} INFO - [2024-08-04T13:28:17.175+0000] {dag.py:3089} INFO - Sync 1 DAGs
[2024-08-04T13:28:17.188+0000] {logging_mixin.py:188} INFO - [2024-08-04T13:28:17.188+0000] {dag.py:3947} INFO - Setting next_dagrun for example_dag_decorator to None, run_after=None
[2024-08-04T13:28:17.213+0000] {processor.py:183} INFO - Processing /home/airflow/.local/lib/python3.12/site-packages/airflow/example_dags/example_dag_decorator.py took 0.335 seconds
[2024-08-04T13:28:48.548+0000] {processor.py:161} INFO - Started process (PID=3026) to work on /home/airflow/.local/lib/python3.12/site-packages/airflow/example_dags/example_dag_decorator.py
[2024-08-04T13:28:48.549+0000] {processor.py:830} INFO - Processing file /home/airflow/.local/lib/python3.12/site-packages/airflow/example_dags/example_dag_decorator.py for tasks to queue
[2024-08-04T13:28:48.552+0000] {logging_mixin.py:188} INFO - [2024-08-04T13:28:48.552+0000] {dagbag.py:545} INFO - Filling up the DagBag from /home/airflow/.local/lib/python3.12/site-packages/airflow/example_dags/example_dag_decorator.py
[2024-08-04T13:28:48.680+0000] {processor.py:840} INFO - DAG(s) 'example_dag_decorator' retrieved from /home/airflow/.local/lib/python3.12/site-packages/airflow/example_dags/example_dag_decorator.py
[2024-08-04T13:28:48.782+0000] {logging_mixin.py:188} INFO - [2024-08-04T13:28:48.781+0000] {dag.py:3089} INFO - Sync 1 DAGs
[2024-08-04T13:28:48.794+0000] {logging_mixin.py:188} INFO - [2024-08-04T13:28:48.794+0000] {dag.py:3947} INFO - Setting next_dagrun for example_dag_decorator to None, run_after=None
[2024-08-04T13:28:48.814+0000] {processor.py:183} INFO - Processing /home/airflow/.local/lib/python3.12/site-packages/airflow/example_dags/example_dag_decorator.py took 0.275 seconds
[2024-08-04T13:29:19.627+0000] {processor.py:161} INFO - Started process (PID=3092) to work on /home/airflow/.local/lib/python3.12/site-packages/airflow/example_dags/example_dag_decorator.py
[2024-08-04T13:29:19.629+0000] {processor.py:830} INFO - Processing file /home/airflow/.local/lib/python3.12/site-packages/airflow/example_dags/example_dag_decorator.py for tasks to queue
[2024-08-04T13:29:19.632+0000] {logging_mixin.py:188} INFO - [2024-08-04T13:29:19.631+0000] {dagbag.py:545} INFO - Filling up the DagBag from /home/airflow/.local/lib/python3.12/site-packages/airflow/example_dags/example_dag_decorator.py
[2024-08-04T13:29:19.782+0000] {processor.py:840} INFO - DAG(s) 'example_dag_decorator' retrieved from /home/airflow/.local/lib/python3.12/site-packages/airflow/example_dags/example_dag_decorator.py
[2024-08-04T13:29:19.887+0000] {logging_mixin.py:188} INFO - [2024-08-04T13:29:19.887+0000] {dag.py:3089} INFO - Sync 1 DAGs
[2024-08-04T13:29:19.898+0000] {logging_mixin.py:188} INFO - [2024-08-04T13:29:19.898+0000] {dag.py:3947} INFO - Setting next_dagrun for example_dag_decorator to None, run_after=None
[2024-08-04T13:29:19.918+0000] {processor.py:183} INFO - Processing /home/airflow/.local/lib/python3.12/site-packages/airflow/example_dags/example_dag_decorator.py took 0.297 seconds
[2024-08-04T13:29:50.624+0000] {processor.py:161} INFO - Started process (PID=3156) to work on /home/airflow/.local/lib/python3.12/site-packages/airflow/example_dags/example_dag_decorator.py
[2024-08-04T13:29:50.626+0000] {processor.py:830} INFO - Processing file /home/airflow/.local/lib/python3.12/site-packages/airflow/example_dags/example_dag_decorator.py for tasks to queue
[2024-08-04T13:29:50.631+0000] {logging_mixin.py:188} INFO - [2024-08-04T13:29:50.630+0000] {dagbag.py:545} INFO - Filling up the DagBag from /home/airflow/.local/lib/python3.12/site-packages/airflow/example_dags/example_dag_decorator.py
[2024-08-04T13:29:50.771+0000] {processor.py:840} INFO - DAG(s) 'example_dag_decorator' retrieved from /home/airflow/.local/lib/python3.12/site-packages/airflow/example_dags/example_dag_decorator.py
[2024-08-04T13:29:50.899+0000] {logging_mixin.py:188} INFO - [2024-08-04T13:29:50.899+0000] {dag.py:3089} INFO - Sync 1 DAGs
[2024-08-04T13:29:50.919+0000] {logging_mixin.py:188} INFO - [2024-08-04T13:29:50.918+0000] {dag.py:3947} INFO - Setting next_dagrun for example_dag_decorator to None, run_after=None
[2024-08-04T13:29:50.941+0000] {processor.py:183} INFO - Processing /home/airflow/.local/lib/python3.12/site-packages/airflow/example_dags/example_dag_decorator.py took 0.334 seconds
[2024-08-04T13:30:21.782+0000] {processor.py:161} INFO - Started process (PID=3219) to work on /home/airflow/.local/lib/python3.12/site-packages/airflow/example_dags/example_dag_decorator.py
[2024-08-04T13:30:21.784+0000] {processor.py:830} INFO - Processing file /home/airflow/.local/lib/python3.12/site-packages/airflow/example_dags/example_dag_decorator.py for tasks to queue
[2024-08-04T13:30:21.787+0000] {logging_mixin.py:188} INFO - [2024-08-04T13:30:21.786+0000] {dagbag.py:545} INFO - Filling up the DagBag from /home/airflow/.local/lib/python3.12/site-packages/airflow/example_dags/example_dag_decorator.py
[2024-08-04T13:30:21.931+0000] {processor.py:840} INFO - DAG(s) 'example_dag_decorator' retrieved from /home/airflow/.local/lib/python3.12/site-packages/airflow/example_dags/example_dag_decorator.py
[2024-08-04T13:30:22.051+0000] {logging_mixin.py:188} INFO - [2024-08-04T13:30:22.050+0000] {dag.py:3089} INFO - Sync 1 DAGs
[2024-08-04T13:30:22.066+0000] {logging_mixin.py:188} INFO - [2024-08-04T13:30:22.065+0000] {dag.py:3947} INFO - Setting next_dagrun for example_dag_decorator to None, run_after=None
[2024-08-04T13:30:22.090+0000] {processor.py:183} INFO - Processing /home/airflow/.local/lib/python3.12/site-packages/airflow/example_dags/example_dag_decorator.py took 0.317 seconds
[2024-08-04T13:30:52.523+0000] {processor.py:161} INFO - Started process (PID=3283) to work on /home/airflow/.local/lib/python3.12/site-packages/airflow/example_dags/example_dag_decorator.py
[2024-08-04T13:30:52.525+0000] {processor.py:830} INFO - Processing file /home/airflow/.local/lib/python3.12/site-packages/airflow/example_dags/example_dag_decorator.py for tasks to queue
[2024-08-04T13:30:52.530+0000] {logging_mixin.py:188} INFO - [2024-08-04T13:30:52.529+0000] {dagbag.py:545} INFO - Filling up the DagBag from /home/airflow/.local/lib/python3.12/site-packages/airflow/example_dags/example_dag_decorator.py
[2024-08-04T13:30:52.665+0000] {processor.py:840} INFO - DAG(s) 'example_dag_decorator' retrieved from /home/airflow/.local/lib/python3.12/site-packages/airflow/example_dags/example_dag_decorator.py
[2024-08-04T13:30:52.814+0000] {logging_mixin.py:188} INFO - [2024-08-04T13:30:52.814+0000] {dag.py:3089} INFO - Sync 1 DAGs
[2024-08-04T13:30:52.831+0000] {logging_mixin.py:188} INFO - [2024-08-04T13:30:52.830+0000] {dag.py:3947} INFO - Setting next_dagrun for example_dag_decorator to None, run_after=None
[2024-08-04T13:30:52.854+0000] {processor.py:183} INFO - Processing /home/airflow/.local/lib/python3.12/site-packages/airflow/example_dags/example_dag_decorator.py took 0.341 seconds
[2024-08-04T13:31:23.090+0000] {processor.py:161} INFO - Started process (PID=3347) to work on /home/airflow/.local/lib/python3.12/site-packages/airflow/example_dags/example_dag_decorator.py
[2024-08-04T13:31:23.093+0000] {processor.py:830} INFO - Processing file /home/airflow/.local/lib/python3.12/site-packages/airflow/example_dags/example_dag_decorator.py for tasks to queue
[2024-08-04T13:31:23.096+0000] {logging_mixin.py:188} INFO - [2024-08-04T13:31:23.096+0000] {dagbag.py:545} INFO - Filling up the DagBag from /home/airflow/.local/lib/python3.12/site-packages/airflow/example_dags/example_dag_decorator.py
[2024-08-04T13:31:23.221+0000] {processor.py:840} INFO - DAG(s) 'example_dag_decorator' retrieved from /home/airflow/.local/lib/python3.12/site-packages/airflow/example_dags/example_dag_decorator.py
[2024-08-04T13:31:23.373+0000] {logging_mixin.py:188} INFO - [2024-08-04T13:31:23.373+0000] {dag.py:3089} INFO - Sync 1 DAGs
[2024-08-04T13:31:23.391+0000] {logging_mixin.py:188} INFO - [2024-08-04T13:31:23.390+0000] {dag.py:3947} INFO - Setting next_dagrun for example_dag_decorator to None, run_after=None
[2024-08-04T13:31:23.427+0000] {processor.py:183} INFO - Processing /home/airflow/.local/lib/python3.12/site-packages/airflow/example_dags/example_dag_decorator.py took 0.347 seconds
[2024-08-04T13:31:54.367+0000] {processor.py:161} INFO - Started process (PID=3411) to work on /home/airflow/.local/lib/python3.12/site-packages/airflow/example_dags/example_dag_decorator.py
[2024-08-04T13:31:54.369+0000] {processor.py:830} INFO - Processing file /home/airflow/.local/lib/python3.12/site-packages/airflow/example_dags/example_dag_decorator.py for tasks to queue
[2024-08-04T13:31:54.372+0000] {logging_mixin.py:188} INFO - [2024-08-04T13:31:54.372+0000] {dagbag.py:545} INFO - Filling up the DagBag from /home/airflow/.local/lib/python3.12/site-packages/airflow/example_dags/example_dag_decorator.py
[2024-08-04T13:31:54.588+0000] {processor.py:840} INFO - DAG(s) 'example_dag_decorator' retrieved from /home/airflow/.local/lib/python3.12/site-packages/airflow/example_dags/example_dag_decorator.py
[2024-08-04T13:31:54.702+0000] {logging_mixin.py:188} INFO - [2024-08-04T13:31:54.701+0000] {dag.py:3089} INFO - Sync 1 DAGs
[2024-08-04T13:31:54.715+0000] {logging_mixin.py:188} INFO - [2024-08-04T13:31:54.715+0000] {dag.py:3947} INFO - Setting next_dagrun for example_dag_decorator to None, run_after=None
[2024-08-04T13:31:54.741+0000] {processor.py:183} INFO - Processing /home/airflow/.local/lib/python3.12/site-packages/airflow/example_dags/example_dag_decorator.py took 0.384 seconds
[2024-08-04T13:32:25.029+0000] {processor.py:161} INFO - Started process (PID=3474) to work on /home/airflow/.local/lib/python3.12/site-packages/airflow/example_dags/example_dag_decorator.py
[2024-08-04T13:32:25.030+0000] {processor.py:830} INFO - Processing file /home/airflow/.local/lib/python3.12/site-packages/airflow/example_dags/example_dag_decorator.py for tasks to queue
[2024-08-04T13:32:25.033+0000] {logging_mixin.py:188} INFO - [2024-08-04T13:32:25.032+0000] {dagbag.py:545} INFO - Filling up the DagBag from /home/airflow/.local/lib/python3.12/site-packages/airflow/example_dags/example_dag_decorator.py
[2024-08-04T13:32:25.181+0000] {processor.py:840} INFO - DAG(s) 'example_dag_decorator' retrieved from /home/airflow/.local/lib/python3.12/site-packages/airflow/example_dags/example_dag_decorator.py
[2024-08-04T13:32:25.298+0000] {logging_mixin.py:188} INFO - [2024-08-04T13:32:25.298+0000] {dag.py:3089} INFO - Sync 1 DAGs
[2024-08-04T13:32:25.312+0000] {logging_mixin.py:188} INFO - [2024-08-04T13:32:25.312+0000] {dag.py:3947} INFO - Setting next_dagrun for example_dag_decorator to None, run_after=None
[2024-08-04T13:32:25.334+0000] {processor.py:183} INFO - Processing /home/airflow/.local/lib/python3.12/site-packages/airflow/example_dags/example_dag_decorator.py took 0.315 seconds
[2024-08-04T13:32:55.915+0000] {processor.py:161} INFO - Started process (PID=3538) to work on /home/airflow/.local/lib/python3.12/site-packages/airflow/example_dags/example_dag_decorator.py
[2024-08-04T13:32:55.917+0000] {processor.py:830} INFO - Processing file /home/airflow/.local/lib/python3.12/site-packages/airflow/example_dags/example_dag_decorator.py for tasks to queue
[2024-08-04T13:32:55.921+0000] {logging_mixin.py:188} INFO - [2024-08-04T13:32:55.920+0000] {dagbag.py:545} INFO - Filling up the DagBag from /home/airflow/.local/lib/python3.12/site-packages/airflow/example_dags/example_dag_decorator.py
[2024-08-04T13:32:56.062+0000] {processor.py:840} INFO - DAG(s) 'example_dag_decorator' retrieved from /home/airflow/.local/lib/python3.12/site-packages/airflow/example_dags/example_dag_decorator.py
[2024-08-04T13:32:56.175+0000] {logging_mixin.py:188} INFO - [2024-08-04T13:32:56.175+0000] {dag.py:3089} INFO - Sync 1 DAGs
[2024-08-04T13:32:56.186+0000] {logging_mixin.py:188} INFO - [2024-08-04T13:32:56.186+0000] {dag.py:3947} INFO - Setting next_dagrun for example_dag_decorator to None, run_after=None
[2024-08-04T13:32:56.213+0000] {processor.py:183} INFO - Processing /home/airflow/.local/lib/python3.12/site-packages/airflow/example_dags/example_dag_decorator.py took 0.305 seconds
[2024-08-04T13:33:26.485+0000] {processor.py:161} INFO - Started process (PID=3602) to work on /home/airflow/.local/lib/python3.12/site-packages/airflow/example_dags/example_dag_decorator.py
[2024-08-04T13:33:26.486+0000] {processor.py:830} INFO - Processing file /home/airflow/.local/lib/python3.12/site-packages/airflow/example_dags/example_dag_decorator.py for tasks to queue
[2024-08-04T13:33:26.489+0000] {logging_mixin.py:188} INFO - [2024-08-04T13:33:26.488+0000] {dagbag.py:545} INFO - Filling up the DagBag from /home/airflow/.local/lib/python3.12/site-packages/airflow/example_dags/example_dag_decorator.py
[2024-08-04T13:33:26.615+0000] {processor.py:840} INFO - DAG(s) 'example_dag_decorator' retrieved from /home/airflow/.local/lib/python3.12/site-packages/airflow/example_dags/example_dag_decorator.py
[2024-08-04T13:33:26.734+0000] {logging_mixin.py:188} INFO - [2024-08-04T13:33:26.734+0000] {dag.py:3089} INFO - Sync 1 DAGs
[2024-08-04T13:33:26.750+0000] {logging_mixin.py:188} INFO - [2024-08-04T13:33:26.750+0000] {dag.py:3947} INFO - Setting next_dagrun for example_dag_decorator to None, run_after=None
[2024-08-04T13:33:26.773+0000] {processor.py:183} INFO - Processing /home/airflow/.local/lib/python3.12/site-packages/airflow/example_dags/example_dag_decorator.py took 0.297 seconds
[2024-08-04T13:33:57.222+0000] {processor.py:161} INFO - Started process (PID=3668) to work on /home/airflow/.local/lib/python3.12/site-packages/airflow/example_dags/example_dag_decorator.py
[2024-08-04T13:33:57.224+0000] {processor.py:830} INFO - Processing file /home/airflow/.local/lib/python3.12/site-packages/airflow/example_dags/example_dag_decorator.py for tasks to queue
[2024-08-04T13:33:57.227+0000] {logging_mixin.py:188} INFO - [2024-08-04T13:33:57.227+0000] {dagbag.py:545} INFO - Filling up the DagBag from /home/airflow/.local/lib/python3.12/site-packages/airflow/example_dags/example_dag_decorator.py
[2024-08-04T13:33:57.364+0000] {processor.py:840} INFO - DAG(s) 'example_dag_decorator' retrieved from /home/airflow/.local/lib/python3.12/site-packages/airflow/example_dags/example_dag_decorator.py
[2024-08-04T13:33:57.501+0000] {logging_mixin.py:188} INFO - [2024-08-04T13:33:57.500+0000] {dag.py:3089} INFO - Sync 1 DAGs
[2024-08-04T13:33:57.541+0000] {logging_mixin.py:188} INFO - [2024-08-04T13:33:57.541+0000] {dag.py:3947} INFO - Setting next_dagrun for example_dag_decorator to None, run_after=None
[2024-08-04T13:33:57.564+0000] {processor.py:183} INFO - Processing /home/airflow/.local/lib/python3.12/site-packages/airflow/example_dags/example_dag_decorator.py took 0.349 seconds
[2024-08-04T13:34:28.669+0000] {processor.py:161} INFO - Started process (PID=3732) to work on /home/airflow/.local/lib/python3.12/site-packages/airflow/example_dags/example_dag_decorator.py
[2024-08-04T13:34:28.670+0000] {processor.py:830} INFO - Processing file /home/airflow/.local/lib/python3.12/site-packages/airflow/example_dags/example_dag_decorator.py for tasks to queue
[2024-08-04T13:34:28.673+0000] {logging_mixin.py:188} INFO - [2024-08-04T13:34:28.673+0000] {dagbag.py:545} INFO - Filling up the DagBag from /home/airflow/.local/lib/python3.12/site-packages/airflow/example_dags/example_dag_decorator.py
[2024-08-04T13:34:28.808+0000] {processor.py:840} INFO - DAG(s) 'example_dag_decorator' retrieved from /home/airflow/.local/lib/python3.12/site-packages/airflow/example_dags/example_dag_decorator.py
[2024-08-04T13:34:28.923+0000] {logging_mixin.py:188} INFO - [2024-08-04T13:34:28.923+0000] {dag.py:3089} INFO - Sync 1 DAGs
[2024-08-04T13:34:28.935+0000] {logging_mixin.py:188} INFO - [2024-08-04T13:34:28.935+0000] {dag.py:3947} INFO - Setting next_dagrun for example_dag_decorator to None, run_after=None
[2024-08-04T13:34:28.962+0000] {processor.py:183} INFO - Processing /home/airflow/.local/lib/python3.12/site-packages/airflow/example_dags/example_dag_decorator.py took 0.301 seconds
[2024-08-04T13:34:59.252+0000] {processor.py:161} INFO - Started process (PID=3798) to work on /home/airflow/.local/lib/python3.12/site-packages/airflow/example_dags/example_dag_decorator.py
[2024-08-04T13:34:59.253+0000] {processor.py:830} INFO - Processing file /home/airflow/.local/lib/python3.12/site-packages/airflow/example_dags/example_dag_decorator.py for tasks to queue
[2024-08-04T13:34:59.256+0000] {logging_mixin.py:188} INFO - [2024-08-04T13:34:59.256+0000] {dagbag.py:545} INFO - Filling up the DagBag from /home/airflow/.local/lib/python3.12/site-packages/airflow/example_dags/example_dag_decorator.py
[2024-08-04T13:34:59.410+0000] {processor.py:840} INFO - DAG(s) 'example_dag_decorator' retrieved from /home/airflow/.local/lib/python3.12/site-packages/airflow/example_dags/example_dag_decorator.py
[2024-08-04T13:34:59.520+0000] {logging_mixin.py:188} INFO - [2024-08-04T13:34:59.520+0000] {dag.py:3089} INFO - Sync 1 DAGs
[2024-08-04T13:34:59.534+0000] {logging_mixin.py:188} INFO - [2024-08-04T13:34:59.534+0000] {dag.py:3947} INFO - Setting next_dagrun for example_dag_decorator to None, run_after=None
[2024-08-04T13:34:59.562+0000] {processor.py:183} INFO - Processing /home/airflow/.local/lib/python3.12/site-packages/airflow/example_dags/example_dag_decorator.py took 0.320 seconds
