[2024-08-04T12:59:04.496+0000] {processor.py:161} INFO - Started process (PID=64) to work on /home/airflow/.local/lib/python3.12/site-packages/airflow/example_dags/example_skip_dag.py
[2024-08-04T12:59:04.498+0000] {processor.py:830} INFO - Processing file /home/airflow/.local/lib/python3.12/site-packages/airflow/example_dags/example_skip_dag.py for tasks to queue
[2024-08-04T12:59:04.501+0000] {logging_mixin.py:188} INFO - [2024-08-04T12:59:04.501+0000] {dagbag.py:545} INFO - Filling up the DagBag from /home/airflow/.local/lib/python3.12/site-packages/airflow/example_dags/example_skip_dag.py
[2024-08-04T12:59:04.512+0000] {processor.py:840} INFO - DAG(s) 'example_skip_dag' retrieved from /home/airflow/.local/lib/python3.12/site-packages/airflow/example_dags/example_skip_dag.py
[2024-08-04T12:59:04.544+0000] {logging_mixin.py:188} INFO - [2024-08-04T12:59:04.544+0000] {dag.py:3089} INFO - Sync 1 DAGs
[2024-08-04T12:59:04.571+0000] {logging_mixin.py:188} INFO - [2024-08-04T12:59:04.571+0000] {dag.py:3947} INFO - Setting next_dagrun for example_skip_dag to 2024-08-03 00:00:00+00:00, run_after=2024-08-04 00:00:00+00:00
[2024-08-04T12:59:04.597+0000] {processor.py:183} INFO - Processing /home/airflow/.local/lib/python3.12/site-packages/airflow/example_dags/example_skip_dag.py took 0.107 seconds
[2024-08-04T12:59:34.984+0000] {processor.py:161} INFO - Started process (PID=128) to work on /home/airflow/.local/lib/python3.12/site-packages/airflow/example_dags/example_skip_dag.py
[2024-08-04T12:59:34.987+0000] {processor.py:830} INFO - Processing file /home/airflow/.local/lib/python3.12/site-packages/airflow/example_dags/example_skip_dag.py for tasks to queue
[2024-08-04T12:59:34.990+0000] {logging_mixin.py:188} INFO - [2024-08-04T12:59:34.990+0000] {dagbag.py:545} INFO - Filling up the DagBag from /home/airflow/.local/lib/python3.12/site-packages/airflow/example_dags/example_skip_dag.py
[2024-08-04T12:59:35.002+0000] {processor.py:840} INFO - DAG(s) 'example_skip_dag' retrieved from /home/airflow/.local/lib/python3.12/site-packages/airflow/example_dags/example_skip_dag.py
[2024-08-04T12:59:35.043+0000] {logging_mixin.py:188} INFO - [2024-08-04T12:59:35.042+0000] {dag.py:3089} INFO - Sync 1 DAGs
[2024-08-04T12:59:35.078+0000] {logging_mixin.py:188} INFO - [2024-08-04T12:59:35.077+0000] {dag.py:3947} INFO - Setting next_dagrun for example_skip_dag to 2024-08-03 00:00:00+00:00, run_after=2024-08-04 00:00:00+00:00
[2024-08-04T12:59:35.110+0000] {processor.py:183} INFO - Processing /home/airflow/.local/lib/python3.12/site-packages/airflow/example_dags/example_skip_dag.py took 0.136 seconds
[2024-08-04T13:00:07.697+0000] {processor.py:161} INFO - Started process (PID=192) to work on /home/airflow/.local/lib/python3.12/site-packages/airflow/example_dags/example_skip_dag.py
[2024-08-04T13:00:07.698+0000] {processor.py:830} INFO - Processing file /home/airflow/.local/lib/python3.12/site-packages/airflow/example_dags/example_skip_dag.py for tasks to queue
[2024-08-04T13:00:07.706+0000] {logging_mixin.py:188} INFO - [2024-08-04T13:00:07.706+0000] {dagbag.py:545} INFO - Filling up the DagBag from /home/airflow/.local/lib/python3.12/site-packages/airflow/example_dags/example_skip_dag.py
[2024-08-04T13:00:07.713+0000] {processor.py:840} INFO - DAG(s) 'example_skip_dag' retrieved from /home/airflow/.local/lib/python3.12/site-packages/airflow/example_dags/example_skip_dag.py
[2024-08-04T13:00:07.741+0000] {logging_mixin.py:188} INFO - [2024-08-04T13:00:07.741+0000] {dag.py:3089} INFO - Sync 1 DAGs
[2024-08-04T13:00:07.769+0000] {logging_mixin.py:188} INFO - [2024-08-04T13:00:07.768+0000] {dag.py:3947} INFO - Setting next_dagrun for example_skip_dag to 2024-08-03 00:00:00+00:00, run_after=2024-08-04 00:00:00+00:00
[2024-08-04T13:00:07.793+0000] {processor.py:183} INFO - Processing /home/airflow/.local/lib/python3.12/site-packages/airflow/example_dags/example_skip_dag.py took 0.104 seconds
[2024-08-04T13:00:38.509+0000] {processor.py:161} INFO - Started process (PID=256) to work on /home/airflow/.local/lib/python3.12/site-packages/airflow/example_dags/example_skip_dag.py
[2024-08-04T13:00:38.511+0000] {processor.py:830} INFO - Processing file /home/airflow/.local/lib/python3.12/site-packages/airflow/example_dags/example_skip_dag.py for tasks to queue
[2024-08-04T13:00:38.515+0000] {logging_mixin.py:188} INFO - [2024-08-04T13:00:38.515+0000] {dagbag.py:545} INFO - Filling up the DagBag from /home/airflow/.local/lib/python3.12/site-packages/airflow/example_dags/example_skip_dag.py
[2024-08-04T13:00:38.523+0000] {processor.py:840} INFO - DAG(s) 'example_skip_dag' retrieved from /home/airflow/.local/lib/python3.12/site-packages/airflow/example_dags/example_skip_dag.py
[2024-08-04T13:00:38.557+0000] {logging_mixin.py:188} INFO - [2024-08-04T13:00:38.556+0000] {dag.py:3089} INFO - Sync 1 DAGs
[2024-08-04T13:00:38.586+0000] {logging_mixin.py:188} INFO - [2024-08-04T13:00:38.586+0000] {dag.py:3947} INFO - Setting next_dagrun for example_skip_dag to 2024-08-03 00:00:00+00:00, run_after=2024-08-04 00:00:00+00:00
[2024-08-04T13:00:38.618+0000] {processor.py:183} INFO - Processing /home/airflow/.local/lib/python3.12/site-packages/airflow/example_dags/example_skip_dag.py took 0.117 seconds
[2024-08-04T13:01:09.241+0000] {processor.py:161} INFO - Started process (PID=321) to work on /home/airflow/.local/lib/python3.12/site-packages/airflow/example_dags/example_skip_dag.py
[2024-08-04T13:01:09.244+0000] {processor.py:830} INFO - Processing file /home/airflow/.local/lib/python3.12/site-packages/airflow/example_dags/example_skip_dag.py for tasks to queue
[2024-08-04T13:01:09.246+0000] {logging_mixin.py:188} INFO - [2024-08-04T13:01:09.246+0000] {dagbag.py:545} INFO - Filling up the DagBag from /home/airflow/.local/lib/python3.12/site-packages/airflow/example_dags/example_skip_dag.py
[2024-08-04T13:01:09.253+0000] {processor.py:840} INFO - DAG(s) 'example_skip_dag' retrieved from /home/airflow/.local/lib/python3.12/site-packages/airflow/example_dags/example_skip_dag.py
[2024-08-04T13:01:09.279+0000] {logging_mixin.py:188} INFO - [2024-08-04T13:01:09.279+0000] {dag.py:3089} INFO - Sync 1 DAGs
[2024-08-04T13:01:09.304+0000] {logging_mixin.py:188} INFO - [2024-08-04T13:01:09.304+0000] {dag.py:3947} INFO - Setting next_dagrun for example_skip_dag to 2024-08-03 00:00:00+00:00, run_after=2024-08-04 00:00:00+00:00
[2024-08-04T13:01:09.334+0000] {processor.py:183} INFO - Processing /home/airflow/.local/lib/python3.12/site-packages/airflow/example_dags/example_skip_dag.py took 0.099 seconds
[2024-08-04T13:01:40.380+0000] {processor.py:161} INFO - Started process (PID=385) to work on /home/airflow/.local/lib/python3.12/site-packages/airflow/example_dags/example_skip_dag.py
[2024-08-04T13:01:40.381+0000] {processor.py:830} INFO - Processing file /home/airflow/.local/lib/python3.12/site-packages/airflow/example_dags/example_skip_dag.py for tasks to queue
[2024-08-04T13:01:40.384+0000] {logging_mixin.py:188} INFO - [2024-08-04T13:01:40.383+0000] {dagbag.py:545} INFO - Filling up the DagBag from /home/airflow/.local/lib/python3.12/site-packages/airflow/example_dags/example_skip_dag.py
[2024-08-04T13:01:40.391+0000] {processor.py:840} INFO - DAG(s) 'example_skip_dag' retrieved from /home/airflow/.local/lib/python3.12/site-packages/airflow/example_dags/example_skip_dag.py
[2024-08-04T13:01:40.422+0000] {logging_mixin.py:188} INFO - [2024-08-04T13:01:40.421+0000] {dag.py:3089} INFO - Sync 1 DAGs
[2024-08-04T13:01:40.454+0000] {logging_mixin.py:188} INFO - [2024-08-04T13:01:40.454+0000] {dag.py:3947} INFO - Setting next_dagrun for example_skip_dag to 2024-08-03 00:00:00+00:00, run_after=2024-08-04 00:00:00+00:00
[2024-08-04T13:01:40.486+0000] {processor.py:183} INFO - Processing /home/airflow/.local/lib/python3.12/site-packages/airflow/example_dags/example_skip_dag.py took 0.114 seconds
[2024-08-04T13:02:10.612+0000] {processor.py:161} INFO - Started process (PID=449) to work on /home/airflow/.local/lib/python3.12/site-packages/airflow/example_dags/example_skip_dag.py
[2024-08-04T13:02:10.613+0000] {processor.py:830} INFO - Processing file /home/airflow/.local/lib/python3.12/site-packages/airflow/example_dags/example_skip_dag.py for tasks to queue
[2024-08-04T13:02:10.615+0000] {logging_mixin.py:188} INFO - [2024-08-04T13:02:10.615+0000] {dagbag.py:545} INFO - Filling up the DagBag from /home/airflow/.local/lib/python3.12/site-packages/airflow/example_dags/example_skip_dag.py
[2024-08-04T13:02:10.620+0000] {processor.py:840} INFO - DAG(s) 'example_skip_dag' retrieved from /home/airflow/.local/lib/python3.12/site-packages/airflow/example_dags/example_skip_dag.py
[2024-08-04T13:02:10.647+0000] {logging_mixin.py:188} INFO - [2024-08-04T13:02:10.647+0000] {dag.py:3089} INFO - Sync 1 DAGs
[2024-08-04T13:02:10.672+0000] {logging_mixin.py:188} INFO - [2024-08-04T13:02:10.672+0000] {dag.py:3947} INFO - Setting next_dagrun for example_skip_dag to 2024-08-03 00:00:00+00:00, run_after=2024-08-04 00:00:00+00:00
[2024-08-04T13:02:10.698+0000] {processor.py:183} INFO - Processing /home/airflow/.local/lib/python3.12/site-packages/airflow/example_dags/example_skip_dag.py took 0.091 seconds
[2024-08-04T13:02:41.977+0000] {processor.py:161} INFO - Started process (PID=514) to work on /home/airflow/.local/lib/python3.12/site-packages/airflow/example_dags/example_skip_dag.py
[2024-08-04T13:02:41.978+0000] {processor.py:830} INFO - Processing file /home/airflow/.local/lib/python3.12/site-packages/airflow/example_dags/example_skip_dag.py for tasks to queue
[2024-08-04T13:02:41.981+0000] {logging_mixin.py:188} INFO - [2024-08-04T13:02:41.981+0000] {dagbag.py:545} INFO - Filling up the DagBag from /home/airflow/.local/lib/python3.12/site-packages/airflow/example_dags/example_skip_dag.py
[2024-08-04T13:02:41.989+0000] {processor.py:840} INFO - DAG(s) 'example_skip_dag' retrieved from /home/airflow/.local/lib/python3.12/site-packages/airflow/example_dags/example_skip_dag.py
[2024-08-04T13:02:42.018+0000] {logging_mixin.py:188} INFO - [2024-08-04T13:02:42.018+0000] {dag.py:3089} INFO - Sync 1 DAGs
[2024-08-04T13:02:42.050+0000] {logging_mixin.py:188} INFO - [2024-08-04T13:02:42.050+0000] {dag.py:3947} INFO - Setting next_dagrun for example_skip_dag to 2024-08-03 00:00:00+00:00, run_after=2024-08-04 00:00:00+00:00
[2024-08-04T13:02:42.078+0000] {processor.py:183} INFO - Processing /home/airflow/.local/lib/python3.12/site-packages/airflow/example_dags/example_skip_dag.py took 0.110 seconds
[2024-08-04T13:04:58.100+0000] {processor.py:161} INFO - Started process (PID=65) to work on /home/airflow/.local/lib/python3.12/site-packages/airflow/example_dags/example_skip_dag.py
[2024-08-04T13:04:58.102+0000] {processor.py:830} INFO - Processing file /home/airflow/.local/lib/python3.12/site-packages/airflow/example_dags/example_skip_dag.py for tasks to queue
[2024-08-04T13:04:58.113+0000] {logging_mixin.py:188} INFO - [2024-08-04T13:04:58.113+0000] {dagbag.py:545} INFO - Filling up the DagBag from /home/airflow/.local/lib/python3.12/site-packages/airflow/example_dags/example_skip_dag.py
[2024-08-04T13:04:58.124+0000] {processor.py:840} INFO - DAG(s) 'example_skip_dag' retrieved from /home/airflow/.local/lib/python3.12/site-packages/airflow/example_dags/example_skip_dag.py
[2024-08-04T13:04:58.234+0000] {logging_mixin.py:188} INFO - [2024-08-04T13:04:58.234+0000] {dag.py:3089} INFO - Sync 1 DAGs
[2024-08-04T13:04:58.259+0000] {logging_mixin.py:188} INFO - [2024-08-04T13:04:58.258+0000] {dag.py:3947} INFO - Setting next_dagrun for example_skip_dag to 2024-08-03 00:00:00+00:00, run_after=2024-08-04 00:00:00+00:00
[2024-08-04T13:04:58.280+0000] {processor.py:183} INFO - Processing /home/airflow/.local/lib/python3.12/site-packages/airflow/example_dags/example_skip_dag.py took 0.186 seconds
[2024-08-04T13:05:29.082+0000] {processor.py:161} INFO - Started process (PID=130) to work on /home/airflow/.local/lib/python3.12/site-packages/airflow/example_dags/example_skip_dag.py
[2024-08-04T13:05:29.083+0000] {processor.py:830} INFO - Processing file /home/airflow/.local/lib/python3.12/site-packages/airflow/example_dags/example_skip_dag.py for tasks to queue
[2024-08-04T13:05:29.086+0000] {logging_mixin.py:188} INFO - [2024-08-04T13:05:29.085+0000] {dagbag.py:545} INFO - Filling up the DagBag from /home/airflow/.local/lib/python3.12/site-packages/airflow/example_dags/example_skip_dag.py
[2024-08-04T13:05:29.093+0000] {processor.py:840} INFO - DAG(s) 'example_skip_dag' retrieved from /home/airflow/.local/lib/python3.12/site-packages/airflow/example_dags/example_skip_dag.py
[2024-08-04T13:05:29.121+0000] {logging_mixin.py:188} INFO - [2024-08-04T13:05:29.120+0000] {dag.py:3089} INFO - Sync 1 DAGs
[2024-08-04T13:05:29.144+0000] {logging_mixin.py:188} INFO - [2024-08-04T13:05:29.144+0000] {dag.py:3947} INFO - Setting next_dagrun for example_skip_dag to 2024-08-03 00:00:00+00:00, run_after=2024-08-04 00:00:00+00:00
[2024-08-04T13:05:29.167+0000] {processor.py:183} INFO - Processing /home/airflow/.local/lib/python3.12/site-packages/airflow/example_dags/example_skip_dag.py took 0.091 seconds
[2024-08-04T13:06:01.184+0000] {processor.py:161} INFO - Started process (PID=194) to work on /home/airflow/.local/lib/python3.12/site-packages/airflow/example_dags/example_skip_dag.py
[2024-08-04T13:06:01.185+0000] {processor.py:830} INFO - Processing file /home/airflow/.local/lib/python3.12/site-packages/airflow/example_dags/example_skip_dag.py for tasks to queue
[2024-08-04T13:06:01.188+0000] {logging_mixin.py:188} INFO - [2024-08-04T13:06:01.187+0000] {dagbag.py:545} INFO - Filling up the DagBag from /home/airflow/.local/lib/python3.12/site-packages/airflow/example_dags/example_skip_dag.py
[2024-08-04T13:06:01.199+0000] {processor.py:840} INFO - DAG(s) 'example_skip_dag' retrieved from /home/airflow/.local/lib/python3.12/site-packages/airflow/example_dags/example_skip_dag.py
[2024-08-04T13:06:01.235+0000] {logging_mixin.py:188} INFO - [2024-08-04T13:06:01.235+0000] {dag.py:3089} INFO - Sync 1 DAGs
[2024-08-04T13:06:01.265+0000] {logging_mixin.py:188} INFO - [2024-08-04T13:06:01.264+0000] {dag.py:3947} INFO - Setting next_dagrun for example_skip_dag to 2024-08-03 00:00:00+00:00, run_after=2024-08-04 00:00:00+00:00
[2024-08-04T13:06:01.294+0000] {processor.py:183} INFO - Processing /home/airflow/.local/lib/python3.12/site-packages/airflow/example_dags/example_skip_dag.py took 0.118 seconds
[2024-08-04T13:06:31.811+0000] {processor.py:161} INFO - Started process (PID=262) to work on /home/airflow/.local/lib/python3.12/site-packages/airflow/example_dags/example_skip_dag.py
[2024-08-04T13:06:31.812+0000] {processor.py:830} INFO - Processing file /home/airflow/.local/lib/python3.12/site-packages/airflow/example_dags/example_skip_dag.py for tasks to queue
[2024-08-04T13:06:31.814+0000] {logging_mixin.py:188} INFO - [2024-08-04T13:06:31.813+0000] {dagbag.py:545} INFO - Filling up the DagBag from /home/airflow/.local/lib/python3.12/site-packages/airflow/example_dags/example_skip_dag.py
[2024-08-04T13:06:31.820+0000] {processor.py:840} INFO - DAG(s) 'example_skip_dag' retrieved from /home/airflow/.local/lib/python3.12/site-packages/airflow/example_dags/example_skip_dag.py
[2024-08-04T13:06:31.849+0000] {logging_mixin.py:188} INFO - [2024-08-04T13:06:31.848+0000] {dag.py:3089} INFO - Sync 1 DAGs
[2024-08-04T13:06:31.872+0000] {logging_mixin.py:188} INFO - [2024-08-04T13:06:31.872+0000] {dag.py:3947} INFO - Setting next_dagrun for example_skip_dag to 2024-08-03 00:00:00+00:00, run_after=2024-08-04 00:00:00+00:00
[2024-08-04T13:06:31.905+0000] {processor.py:183} INFO - Processing /home/airflow/.local/lib/python3.12/site-packages/airflow/example_dags/example_skip_dag.py took 0.101 seconds
[2024-08-04T13:07:02.578+0000] {processor.py:161} INFO - Started process (PID=326) to work on /home/airflow/.local/lib/python3.12/site-packages/airflow/example_dags/example_skip_dag.py
[2024-08-04T13:07:02.579+0000] {processor.py:830} INFO - Processing file /home/airflow/.local/lib/python3.12/site-packages/airflow/example_dags/example_skip_dag.py for tasks to queue
[2024-08-04T13:07:02.582+0000] {logging_mixin.py:188} INFO - [2024-08-04T13:07:02.581+0000] {dagbag.py:545} INFO - Filling up the DagBag from /home/airflow/.local/lib/python3.12/site-packages/airflow/example_dags/example_skip_dag.py
[2024-08-04T13:07:02.589+0000] {processor.py:840} INFO - DAG(s) 'example_skip_dag' retrieved from /home/airflow/.local/lib/python3.12/site-packages/airflow/example_dags/example_skip_dag.py
[2024-08-04T13:07:02.614+0000] {logging_mixin.py:188} INFO - [2024-08-04T13:07:02.614+0000] {dag.py:3089} INFO - Sync 1 DAGs
[2024-08-04T13:07:02.638+0000] {logging_mixin.py:188} INFO - [2024-08-04T13:07:02.638+0000] {dag.py:3947} INFO - Setting next_dagrun for example_skip_dag to 2024-08-03 00:00:00+00:00, run_after=2024-08-04 00:00:00+00:00
[2024-08-04T13:07:02.664+0000] {processor.py:183} INFO - Processing /home/airflow/.local/lib/python3.12/site-packages/airflow/example_dags/example_skip_dag.py took 0.092 seconds
[2024-08-04T13:07:33.778+0000] {processor.py:161} INFO - Started process (PID=390) to work on /home/airflow/.local/lib/python3.12/site-packages/airflow/example_dags/example_skip_dag.py
[2024-08-04T13:07:33.779+0000] {processor.py:830} INFO - Processing file /home/airflow/.local/lib/python3.12/site-packages/airflow/example_dags/example_skip_dag.py for tasks to queue
[2024-08-04T13:07:33.782+0000] {logging_mixin.py:188} INFO - [2024-08-04T13:07:33.781+0000] {dagbag.py:545} INFO - Filling up the DagBag from /home/airflow/.local/lib/python3.12/site-packages/airflow/example_dags/example_skip_dag.py
[2024-08-04T13:07:33.789+0000] {processor.py:840} INFO - DAG(s) 'example_skip_dag' retrieved from /home/airflow/.local/lib/python3.12/site-packages/airflow/example_dags/example_skip_dag.py
[2024-08-04T13:07:33.815+0000] {logging_mixin.py:188} INFO - [2024-08-04T13:07:33.815+0000] {dag.py:3089} INFO - Sync 1 DAGs
[2024-08-04T13:07:33.840+0000] {logging_mixin.py:188} INFO - [2024-08-04T13:07:33.839+0000] {dag.py:3947} INFO - Setting next_dagrun for example_skip_dag to 2024-08-03 00:00:00+00:00, run_after=2024-08-04 00:00:00+00:00
[2024-08-04T13:07:33.867+0000] {processor.py:183} INFO - Processing /home/airflow/.local/lib/python3.12/site-packages/airflow/example_dags/example_skip_dag.py took 0.095 seconds
[2024-08-04T13:08:04.501+0000] {processor.py:161} INFO - Started process (PID=454) to work on /home/airflow/.local/lib/python3.12/site-packages/airflow/example_dags/example_skip_dag.py
[2024-08-04T13:08:04.503+0000] {processor.py:830} INFO - Processing file /home/airflow/.local/lib/python3.12/site-packages/airflow/example_dags/example_skip_dag.py for tasks to queue
[2024-08-04T13:08:04.506+0000] {logging_mixin.py:188} INFO - [2024-08-04T13:08:04.506+0000] {dagbag.py:545} INFO - Filling up the DagBag from /home/airflow/.local/lib/python3.12/site-packages/airflow/example_dags/example_skip_dag.py
[2024-08-04T13:08:04.515+0000] {processor.py:840} INFO - DAG(s) 'example_skip_dag' retrieved from /home/airflow/.local/lib/python3.12/site-packages/airflow/example_dags/example_skip_dag.py
[2024-08-04T13:08:04.544+0000] {logging_mixin.py:188} INFO - [2024-08-04T13:08:04.544+0000] {dag.py:3089} INFO - Sync 1 DAGs
[2024-08-04T13:08:04.571+0000] {logging_mixin.py:188} INFO - [2024-08-04T13:08:04.570+0000] {dag.py:3947} INFO - Setting next_dagrun for example_skip_dag to 2024-08-03 00:00:00+00:00, run_after=2024-08-04 00:00:00+00:00
[2024-08-04T13:08:04.597+0000] {processor.py:183} INFO - Processing /home/airflow/.local/lib/python3.12/site-packages/airflow/example_dags/example_skip_dag.py took 0.103 seconds
[2024-08-04T13:08:35.224+0000] {processor.py:161} INFO - Started process (PID=518) to work on /home/airflow/.local/lib/python3.12/site-packages/airflow/example_dags/example_skip_dag.py
[2024-08-04T13:08:35.226+0000] {processor.py:830} INFO - Processing file /home/airflow/.local/lib/python3.12/site-packages/airflow/example_dags/example_skip_dag.py for tasks to queue
[2024-08-04T13:08:35.228+0000] {logging_mixin.py:188} INFO - [2024-08-04T13:08:35.228+0000] {dagbag.py:545} INFO - Filling up the DagBag from /home/airflow/.local/lib/python3.12/site-packages/airflow/example_dags/example_skip_dag.py
[2024-08-04T13:08:35.235+0000] {processor.py:840} INFO - DAG(s) 'example_skip_dag' retrieved from /home/airflow/.local/lib/python3.12/site-packages/airflow/example_dags/example_skip_dag.py
[2024-08-04T13:08:35.257+0000] {logging_mixin.py:188} INFO - [2024-08-04T13:08:35.256+0000] {dag.py:3089} INFO - Sync 1 DAGs
[2024-08-04T13:08:35.281+0000] {logging_mixin.py:188} INFO - [2024-08-04T13:08:35.281+0000] {dag.py:3947} INFO - Setting next_dagrun for example_skip_dag to 2024-08-03 00:00:00+00:00, run_after=2024-08-04 00:00:00+00:00
[2024-08-04T13:08:35.307+0000] {processor.py:183} INFO - Processing /home/airflow/.local/lib/python3.12/site-packages/airflow/example_dags/example_skip_dag.py took 0.089 seconds
[2024-08-04T13:09:06.934+0000] {processor.py:161} INFO - Started process (PID=588) to work on /home/airflow/.local/lib/python3.12/site-packages/airflow/example_dags/example_skip_dag.py
[2024-08-04T13:09:06.935+0000] {processor.py:830} INFO - Processing file /home/airflow/.local/lib/python3.12/site-packages/airflow/example_dags/example_skip_dag.py for tasks to queue
[2024-08-04T13:09:06.938+0000] {logging_mixin.py:188} INFO - [2024-08-04T13:09:06.937+0000] {dagbag.py:545} INFO - Filling up the DagBag from /home/airflow/.local/lib/python3.12/site-packages/airflow/example_dags/example_skip_dag.py
[2024-08-04T13:09:06.946+0000] {processor.py:840} INFO - DAG(s) 'example_skip_dag' retrieved from /home/airflow/.local/lib/python3.12/site-packages/airflow/example_dags/example_skip_dag.py
[2024-08-04T13:09:06.970+0000] {logging_mixin.py:188} INFO - [2024-08-04T13:09:06.970+0000] {dag.py:3089} INFO - Sync 1 DAGs
[2024-08-04T13:09:07.003+0000] {logging_mixin.py:188} INFO - [2024-08-04T13:09:07.003+0000] {dag.py:3947} INFO - Setting next_dagrun for example_skip_dag to 2024-08-03 00:00:00+00:00, run_after=2024-08-04 00:00:00+00:00
[2024-08-04T13:09:07.034+0000] {processor.py:183} INFO - Processing /home/airflow/.local/lib/python3.12/site-packages/airflow/example_dags/example_skip_dag.py took 0.108 seconds
[2024-08-04T13:09:38.019+0000] {processor.py:161} INFO - Started process (PID=651) to work on /home/airflow/.local/lib/python3.12/site-packages/airflow/example_dags/example_skip_dag.py
[2024-08-04T13:09:38.023+0000] {processor.py:830} INFO - Processing file /home/airflow/.local/lib/python3.12/site-packages/airflow/example_dags/example_skip_dag.py for tasks to queue
[2024-08-04T13:09:38.033+0000] {logging_mixin.py:188} INFO - [2024-08-04T13:09:38.032+0000] {dagbag.py:545} INFO - Filling up the DagBag from /home/airflow/.local/lib/python3.12/site-packages/airflow/example_dags/example_skip_dag.py
[2024-08-04T13:09:38.040+0000] {processor.py:840} INFO - DAG(s) 'example_skip_dag' retrieved from /home/airflow/.local/lib/python3.12/site-packages/airflow/example_dags/example_skip_dag.py
[2024-08-04T13:09:38.071+0000] {logging_mixin.py:188} INFO - [2024-08-04T13:09:38.070+0000] {dag.py:3089} INFO - Sync 1 DAGs
[2024-08-04T13:09:38.104+0000] {logging_mixin.py:188} INFO - [2024-08-04T13:09:38.103+0000] {dag.py:3947} INFO - Setting next_dagrun for example_skip_dag to 2024-08-03 00:00:00+00:00, run_after=2024-08-04 00:00:00+00:00
[2024-08-04T13:09:38.133+0000] {processor.py:183} INFO - Processing /home/airflow/.local/lib/python3.12/site-packages/airflow/example_dags/example_skip_dag.py took 0.122 seconds
[2024-08-04T13:10:08.571+0000] {processor.py:161} INFO - Started process (PID=715) to work on /home/airflow/.local/lib/python3.12/site-packages/airflow/example_dags/example_skip_dag.py
[2024-08-04T13:10:08.572+0000] {processor.py:830} INFO - Processing file /home/airflow/.local/lib/python3.12/site-packages/airflow/example_dags/example_skip_dag.py for tasks to queue
[2024-08-04T13:10:08.574+0000] {logging_mixin.py:188} INFO - [2024-08-04T13:10:08.573+0000] {dagbag.py:545} INFO - Filling up the DagBag from /home/airflow/.local/lib/python3.12/site-packages/airflow/example_dags/example_skip_dag.py
[2024-08-04T13:10:08.581+0000] {processor.py:840} INFO - DAG(s) 'example_skip_dag' retrieved from /home/airflow/.local/lib/python3.12/site-packages/airflow/example_dags/example_skip_dag.py
[2024-08-04T13:10:08.609+0000] {logging_mixin.py:188} INFO - [2024-08-04T13:10:08.609+0000] {dag.py:3089} INFO - Sync 1 DAGs
[2024-08-04T13:10:08.635+0000] {logging_mixin.py:188} INFO - [2024-08-04T13:10:08.635+0000] {dag.py:3947} INFO - Setting next_dagrun for example_skip_dag to 2024-08-03 00:00:00+00:00, run_after=2024-08-04 00:00:00+00:00
[2024-08-04T13:10:08.665+0000] {processor.py:183} INFO - Processing /home/airflow/.local/lib/python3.12/site-packages/airflow/example_dags/example_skip_dag.py took 0.100 seconds
[2024-08-04T13:10:39.939+0000] {processor.py:161} INFO - Started process (PID=779) to work on /home/airflow/.local/lib/python3.12/site-packages/airflow/example_dags/example_skip_dag.py
[2024-08-04T13:10:39.941+0000] {processor.py:830} INFO - Processing file /home/airflow/.local/lib/python3.12/site-packages/airflow/example_dags/example_skip_dag.py for tasks to queue
[2024-08-04T13:10:39.944+0000] {logging_mixin.py:188} INFO - [2024-08-04T13:10:39.943+0000] {dagbag.py:545} INFO - Filling up the DagBag from /home/airflow/.local/lib/python3.12/site-packages/airflow/example_dags/example_skip_dag.py
[2024-08-04T13:10:39.952+0000] {processor.py:840} INFO - DAG(s) 'example_skip_dag' retrieved from /home/airflow/.local/lib/python3.12/site-packages/airflow/example_dags/example_skip_dag.py
[2024-08-04T13:10:39.988+0000] {logging_mixin.py:188} INFO - [2024-08-04T13:10:39.987+0000] {dag.py:3089} INFO - Sync 1 DAGs
[2024-08-04T13:10:40.011+0000] {logging_mixin.py:188} INFO - [2024-08-04T13:10:40.011+0000] {dag.py:3947} INFO - Setting next_dagrun for example_skip_dag to 2024-08-03 00:00:00+00:00, run_after=2024-08-04 00:00:00+00:00
[2024-08-04T13:10:40.036+0000] {processor.py:183} INFO - Processing /home/airflow/.local/lib/python3.12/site-packages/airflow/example_dags/example_skip_dag.py took 0.103 seconds
[2024-08-04T13:11:11.877+0000] {processor.py:161} INFO - Started process (PID=843) to work on /home/airflow/.local/lib/python3.12/site-packages/airflow/example_dags/example_skip_dag.py
[2024-08-04T13:11:11.879+0000] {processor.py:830} INFO - Processing file /home/airflow/.local/lib/python3.12/site-packages/airflow/example_dags/example_skip_dag.py for tasks to queue
[2024-08-04T13:11:11.889+0000] {logging_mixin.py:188} INFO - [2024-08-04T13:11:11.889+0000] {dagbag.py:545} INFO - Filling up the DagBag from /home/airflow/.local/lib/python3.12/site-packages/airflow/example_dags/example_skip_dag.py
[2024-08-04T13:11:11.897+0000] {processor.py:840} INFO - DAG(s) 'example_skip_dag' retrieved from /home/airflow/.local/lib/python3.12/site-packages/airflow/example_dags/example_skip_dag.py
[2024-08-04T13:11:11.923+0000] {logging_mixin.py:188} INFO - [2024-08-04T13:11:11.923+0000] {dag.py:3089} INFO - Sync 1 DAGs
[2024-08-04T13:11:11.948+0000] {logging_mixin.py:188} INFO - [2024-08-04T13:11:11.948+0000] {dag.py:3947} INFO - Setting next_dagrun for example_skip_dag to 2024-08-03 00:00:00+00:00, run_after=2024-08-04 00:00:00+00:00
[2024-08-04T13:11:11.970+0000] {processor.py:183} INFO - Processing /home/airflow/.local/lib/python3.12/site-packages/airflow/example_dags/example_skip_dag.py took 0.099 seconds
[2024-08-04T13:11:42.325+0000] {processor.py:161} INFO - Started process (PID=907) to work on /home/airflow/.local/lib/python3.12/site-packages/airflow/example_dags/example_skip_dag.py
[2024-08-04T13:11:42.326+0000] {processor.py:830} INFO - Processing file /home/airflow/.local/lib/python3.12/site-packages/airflow/example_dags/example_skip_dag.py for tasks to queue
[2024-08-04T13:11:42.328+0000] {logging_mixin.py:188} INFO - [2024-08-04T13:11:42.328+0000] {dagbag.py:545} INFO - Filling up the DagBag from /home/airflow/.local/lib/python3.12/site-packages/airflow/example_dags/example_skip_dag.py
[2024-08-04T13:11:42.334+0000] {processor.py:840} INFO - DAG(s) 'example_skip_dag' retrieved from /home/airflow/.local/lib/python3.12/site-packages/airflow/example_dags/example_skip_dag.py
[2024-08-04T13:11:42.358+0000] {logging_mixin.py:188} INFO - [2024-08-04T13:11:42.357+0000] {dag.py:3089} INFO - Sync 1 DAGs
[2024-08-04T13:11:42.380+0000] {logging_mixin.py:188} INFO - [2024-08-04T13:11:42.380+0000] {dag.py:3947} INFO - Setting next_dagrun for example_skip_dag to 2024-08-03 00:00:00+00:00, run_after=2024-08-04 00:00:00+00:00
[2024-08-04T13:11:42.405+0000] {processor.py:183} INFO - Processing /home/airflow/.local/lib/python3.12/site-packages/airflow/example_dags/example_skip_dag.py took 0.087 seconds
[2024-08-04T13:12:14.462+0000] {processor.py:161} INFO - Started process (PID=971) to work on /home/airflow/.local/lib/python3.12/site-packages/airflow/example_dags/example_skip_dag.py
[2024-08-04T13:12:14.464+0000] {processor.py:830} INFO - Processing file /home/airflow/.local/lib/python3.12/site-packages/airflow/example_dags/example_skip_dag.py for tasks to queue
[2024-08-04T13:12:14.466+0000] {logging_mixin.py:188} INFO - [2024-08-04T13:12:14.465+0000] {dagbag.py:545} INFO - Filling up the DagBag from /home/airflow/.local/lib/python3.12/site-packages/airflow/example_dags/example_skip_dag.py
[2024-08-04T13:12:14.474+0000] {processor.py:840} INFO - DAG(s) 'example_skip_dag' retrieved from /home/airflow/.local/lib/python3.12/site-packages/airflow/example_dags/example_skip_dag.py
[2024-08-04T13:12:14.500+0000] {logging_mixin.py:188} INFO - [2024-08-04T13:12:14.499+0000] {dag.py:3089} INFO - Sync 1 DAGs
[2024-08-04T13:12:14.527+0000] {logging_mixin.py:188} INFO - [2024-08-04T13:12:14.526+0000] {dag.py:3947} INFO - Setting next_dagrun for example_skip_dag to 2024-08-03 00:00:00+00:00, run_after=2024-08-04 00:00:00+00:00
[2024-08-04T13:12:14.559+0000] {processor.py:183} INFO - Processing /home/airflow/.local/lib/python3.12/site-packages/airflow/example_dags/example_skip_dag.py took 0.104 seconds
[2024-08-04T13:12:45.784+0000] {processor.py:161} INFO - Started process (PID=1035) to work on /home/airflow/.local/lib/python3.12/site-packages/airflow/example_dags/example_skip_dag.py
[2024-08-04T13:12:45.786+0000] {processor.py:830} INFO - Processing file /home/airflow/.local/lib/python3.12/site-packages/airflow/example_dags/example_skip_dag.py for tasks to queue
[2024-08-04T13:12:45.790+0000] {logging_mixin.py:188} INFO - [2024-08-04T13:12:45.789+0000] {dagbag.py:545} INFO - Filling up the DagBag from /home/airflow/.local/lib/python3.12/site-packages/airflow/example_dags/example_skip_dag.py
[2024-08-04T13:12:45.801+0000] {processor.py:840} INFO - DAG(s) 'example_skip_dag' retrieved from /home/airflow/.local/lib/python3.12/site-packages/airflow/example_dags/example_skip_dag.py
[2024-08-04T13:12:45.837+0000] {logging_mixin.py:188} INFO - [2024-08-04T13:12:45.836+0000] {dag.py:3089} INFO - Sync 1 DAGs
[2024-08-04T13:12:45.872+0000] {logging_mixin.py:188} INFO - [2024-08-04T13:12:45.872+0000] {dag.py:3947} INFO - Setting next_dagrun for example_skip_dag to 2024-08-03 00:00:00+00:00, run_after=2024-08-04 00:00:00+00:00
[2024-08-04T13:12:45.905+0000] {processor.py:183} INFO - Processing /home/airflow/.local/lib/python3.12/site-packages/airflow/example_dags/example_skip_dag.py took 0.134 seconds
[2024-08-04T13:13:16.676+0000] {processor.py:161} INFO - Started process (PID=1099) to work on /home/airflow/.local/lib/python3.12/site-packages/airflow/example_dags/example_skip_dag.py
[2024-08-04T13:13:16.678+0000] {processor.py:830} INFO - Processing file /home/airflow/.local/lib/python3.12/site-packages/airflow/example_dags/example_skip_dag.py for tasks to queue
[2024-08-04T13:13:16.680+0000] {logging_mixin.py:188} INFO - [2024-08-04T13:13:16.680+0000] {dagbag.py:545} INFO - Filling up the DagBag from /home/airflow/.local/lib/python3.12/site-packages/airflow/example_dags/example_skip_dag.py
[2024-08-04T13:13:16.689+0000] {processor.py:840} INFO - DAG(s) 'example_skip_dag' retrieved from /home/airflow/.local/lib/python3.12/site-packages/airflow/example_dags/example_skip_dag.py
[2024-08-04T13:13:16.714+0000] {logging_mixin.py:188} INFO - [2024-08-04T13:13:16.714+0000] {dag.py:3089} INFO - Sync 1 DAGs
[2024-08-04T13:13:16.741+0000] {logging_mixin.py:188} INFO - [2024-08-04T13:13:16.741+0000] {dag.py:3947} INFO - Setting next_dagrun for example_skip_dag to 2024-08-03 00:00:00+00:00, run_after=2024-08-04 00:00:00+00:00
[2024-08-04T13:13:16.770+0000] {processor.py:183} INFO - Processing /home/airflow/.local/lib/python3.12/site-packages/airflow/example_dags/example_skip_dag.py took 0.099 seconds
[2024-08-04T13:13:47.751+0000] {processor.py:161} INFO - Started process (PID=1163) to work on /home/airflow/.local/lib/python3.12/site-packages/airflow/example_dags/example_skip_dag.py
[2024-08-04T13:13:47.753+0000] {processor.py:830} INFO - Processing file /home/airflow/.local/lib/python3.12/site-packages/airflow/example_dags/example_skip_dag.py for tasks to queue
[2024-08-04T13:13:47.756+0000] {logging_mixin.py:188} INFO - [2024-08-04T13:13:47.756+0000] {dagbag.py:545} INFO - Filling up the DagBag from /home/airflow/.local/lib/python3.12/site-packages/airflow/example_dags/example_skip_dag.py
[2024-08-04T13:13:47.763+0000] {processor.py:840} INFO - DAG(s) 'example_skip_dag' retrieved from /home/airflow/.local/lib/python3.12/site-packages/airflow/example_dags/example_skip_dag.py
[2024-08-04T13:13:47.791+0000] {logging_mixin.py:188} INFO - [2024-08-04T13:13:47.791+0000] {dag.py:3089} INFO - Sync 1 DAGs
[2024-08-04T13:13:47.817+0000] {logging_mixin.py:188} INFO - [2024-08-04T13:13:47.817+0000] {dag.py:3947} INFO - Setting next_dagrun for example_skip_dag to 2024-08-03 00:00:00+00:00, run_after=2024-08-04 00:00:00+00:00
[2024-08-04T13:13:47.843+0000] {processor.py:183} INFO - Processing /home/airflow/.local/lib/python3.12/site-packages/airflow/example_dags/example_skip_dag.py took 0.100 seconds
[2024-08-04T13:14:20.631+0000] {processor.py:161} INFO - Started process (PID=1227) to work on /home/airflow/.local/lib/python3.12/site-packages/airflow/example_dags/example_skip_dag.py
[2024-08-04T13:14:20.632+0000] {processor.py:830} INFO - Processing file /home/airflow/.local/lib/python3.12/site-packages/airflow/example_dags/example_skip_dag.py for tasks to queue
[2024-08-04T13:14:20.634+0000] {logging_mixin.py:188} INFO - [2024-08-04T13:14:20.634+0000] {dagbag.py:545} INFO - Filling up the DagBag from /home/airflow/.local/lib/python3.12/site-packages/airflow/example_dags/example_skip_dag.py
[2024-08-04T13:14:20.641+0000] {processor.py:840} INFO - DAG(s) 'example_skip_dag' retrieved from /home/airflow/.local/lib/python3.12/site-packages/airflow/example_dags/example_skip_dag.py
[2024-08-04T13:14:20.665+0000] {logging_mixin.py:188} INFO - [2024-08-04T13:14:20.665+0000] {dag.py:3089} INFO - Sync 1 DAGs
[2024-08-04T13:14:20.689+0000] {logging_mixin.py:188} INFO - [2024-08-04T13:14:20.688+0000] {dag.py:3947} INFO - Setting next_dagrun for example_skip_dag to 2024-08-03 00:00:00+00:00, run_after=2024-08-04 00:00:00+00:00
[2024-08-04T13:14:20.718+0000] {processor.py:183} INFO - Processing /home/airflow/.local/lib/python3.12/site-packages/airflow/example_dags/example_skip_dag.py took 0.094 seconds
[2024-08-04T13:14:50.965+0000] {processor.py:161} INFO - Started process (PID=1290) to work on /home/airflow/.local/lib/python3.12/site-packages/airflow/example_dags/example_skip_dag.py
[2024-08-04T13:14:50.967+0000] {processor.py:830} INFO - Processing file /home/airflow/.local/lib/python3.12/site-packages/airflow/example_dags/example_skip_dag.py for tasks to queue
[2024-08-04T13:14:50.970+0000] {logging_mixin.py:188} INFO - [2024-08-04T13:14:50.969+0000] {dagbag.py:545} INFO - Filling up the DagBag from /home/airflow/.local/lib/python3.12/site-packages/airflow/example_dags/example_skip_dag.py
[2024-08-04T13:14:50.978+0000] {processor.py:840} INFO - DAG(s) 'example_skip_dag' retrieved from /home/airflow/.local/lib/python3.12/site-packages/airflow/example_dags/example_skip_dag.py
[2024-08-04T13:14:51.005+0000] {logging_mixin.py:188} INFO - [2024-08-04T13:14:51.005+0000] {dag.py:3089} INFO - Sync 1 DAGs
[2024-08-04T13:14:51.030+0000] {logging_mixin.py:188} INFO - [2024-08-04T13:14:51.029+0000] {dag.py:3947} INFO - Setting next_dagrun for example_skip_dag to 2024-08-03 00:00:00+00:00, run_after=2024-08-04 00:00:00+00:00
[2024-08-04T13:14:51.054+0000] {processor.py:183} INFO - Processing /home/airflow/.local/lib/python3.12/site-packages/airflow/example_dags/example_skip_dag.py took 0.096 seconds
[2024-08-04T13:15:21.491+0000] {processor.py:161} INFO - Started process (PID=1354) to work on /home/airflow/.local/lib/python3.12/site-packages/airflow/example_dags/example_skip_dag.py
[2024-08-04T13:15:21.493+0000] {processor.py:830} INFO - Processing file /home/airflow/.local/lib/python3.12/site-packages/airflow/example_dags/example_skip_dag.py for tasks to queue
[2024-08-04T13:15:21.496+0000] {logging_mixin.py:188} INFO - [2024-08-04T13:15:21.495+0000] {dagbag.py:545} INFO - Filling up the DagBag from /home/airflow/.local/lib/python3.12/site-packages/airflow/example_dags/example_skip_dag.py
[2024-08-04T13:15:21.503+0000] {processor.py:840} INFO - DAG(s) 'example_skip_dag' retrieved from /home/airflow/.local/lib/python3.12/site-packages/airflow/example_dags/example_skip_dag.py
[2024-08-04T13:15:21.531+0000] {logging_mixin.py:188} INFO - [2024-08-04T13:15:21.530+0000] {dag.py:3089} INFO - Sync 1 DAGs
[2024-08-04T13:15:21.557+0000] {logging_mixin.py:188} INFO - [2024-08-04T13:15:21.556+0000] {dag.py:3947} INFO - Setting next_dagrun for example_skip_dag to 2024-08-03 00:00:00+00:00, run_after=2024-08-04 00:00:00+00:00
[2024-08-04T13:15:21.579+0000] {processor.py:183} INFO - Processing /home/airflow/.local/lib/python3.12/site-packages/airflow/example_dags/example_skip_dag.py took 0.098 seconds
[2024-08-04T13:15:52.263+0000] {processor.py:161} INFO - Started process (PID=1418) to work on /home/airflow/.local/lib/python3.12/site-packages/airflow/example_dags/example_skip_dag.py
[2024-08-04T13:15:52.264+0000] {processor.py:830} INFO - Processing file /home/airflow/.local/lib/python3.12/site-packages/airflow/example_dags/example_skip_dag.py for tasks to queue
[2024-08-04T13:15:52.266+0000] {logging_mixin.py:188} INFO - [2024-08-04T13:15:52.266+0000] {dagbag.py:545} INFO - Filling up the DagBag from /home/airflow/.local/lib/python3.12/site-packages/airflow/example_dags/example_skip_dag.py
[2024-08-04T13:15:52.275+0000] {processor.py:840} INFO - DAG(s) 'example_skip_dag' retrieved from /home/airflow/.local/lib/python3.12/site-packages/airflow/example_dags/example_skip_dag.py
[2024-08-04T13:15:52.297+0000] {logging_mixin.py:188} INFO - [2024-08-04T13:15:52.297+0000] {dag.py:3089} INFO - Sync 1 DAGs
[2024-08-04T13:15:52.320+0000] {logging_mixin.py:188} INFO - [2024-08-04T13:15:52.320+0000] {dag.py:3947} INFO - Setting next_dagrun for example_skip_dag to 2024-08-03 00:00:00+00:00, run_after=2024-08-04 00:00:00+00:00
[2024-08-04T13:15:52.341+0000] {processor.py:183} INFO - Processing /home/airflow/.local/lib/python3.12/site-packages/airflow/example_dags/example_skip_dag.py took 0.084 seconds
[2024-08-04T13:16:23.063+0000] {processor.py:161} INFO - Started process (PID=1480) to work on /home/airflow/.local/lib/python3.12/site-packages/airflow/example_dags/example_skip_dag.py
[2024-08-04T13:16:23.064+0000] {processor.py:830} INFO - Processing file /home/airflow/.local/lib/python3.12/site-packages/airflow/example_dags/example_skip_dag.py for tasks to queue
[2024-08-04T13:16:23.066+0000] {logging_mixin.py:188} INFO - [2024-08-04T13:16:23.065+0000] {dagbag.py:545} INFO - Filling up the DagBag from /home/airflow/.local/lib/python3.12/site-packages/airflow/example_dags/example_skip_dag.py
[2024-08-04T13:16:23.072+0000] {processor.py:840} INFO - DAG(s) 'example_skip_dag' retrieved from /home/airflow/.local/lib/python3.12/site-packages/airflow/example_dags/example_skip_dag.py
[2024-08-04T13:16:23.095+0000] {logging_mixin.py:188} INFO - [2024-08-04T13:16:23.095+0000] {dag.py:3089} INFO - Sync 1 DAGs
[2024-08-04T13:16:23.118+0000] {logging_mixin.py:188} INFO - [2024-08-04T13:16:23.118+0000] {dag.py:3947} INFO - Setting next_dagrun for example_skip_dag to 2024-08-03 00:00:00+00:00, run_after=2024-08-04 00:00:00+00:00
[2024-08-04T13:16:23.140+0000] {processor.py:183} INFO - Processing /home/airflow/.local/lib/python3.12/site-packages/airflow/example_dags/example_skip_dag.py took 0.086 seconds
[2024-08-04T13:16:54.295+0000] {processor.py:161} INFO - Started process (PID=1544) to work on /home/airflow/.local/lib/python3.12/site-packages/airflow/example_dags/example_skip_dag.py
[2024-08-04T13:16:54.297+0000] {processor.py:830} INFO - Processing file /home/airflow/.local/lib/python3.12/site-packages/airflow/example_dags/example_skip_dag.py for tasks to queue
[2024-08-04T13:16:54.301+0000] {logging_mixin.py:188} INFO - [2024-08-04T13:16:54.300+0000] {dagbag.py:545} INFO - Filling up the DagBag from /home/airflow/.local/lib/python3.12/site-packages/airflow/example_dags/example_skip_dag.py
[2024-08-04T13:16:54.311+0000] {processor.py:840} INFO - DAG(s) 'example_skip_dag' retrieved from /home/airflow/.local/lib/python3.12/site-packages/airflow/example_dags/example_skip_dag.py
[2024-08-04T13:16:54.343+0000] {logging_mixin.py:188} INFO - [2024-08-04T13:16:54.343+0000] {dag.py:3089} INFO - Sync 1 DAGs
[2024-08-04T13:16:54.385+0000] {logging_mixin.py:188} INFO - [2024-08-04T13:16:54.384+0000] {dag.py:3947} INFO - Setting next_dagrun for example_skip_dag to 2024-08-03 00:00:00+00:00, run_after=2024-08-04 00:00:00+00:00
[2024-08-04T13:16:54.422+0000] {processor.py:183} INFO - Processing /home/airflow/.local/lib/python3.12/site-packages/airflow/example_dags/example_skip_dag.py took 0.135 seconds
[2024-08-04T13:17:25.486+0000] {processor.py:161} INFO - Started process (PID=1610) to work on /home/airflow/.local/lib/python3.12/site-packages/airflow/example_dags/example_skip_dag.py
[2024-08-04T13:17:25.488+0000] {processor.py:830} INFO - Processing file /home/airflow/.local/lib/python3.12/site-packages/airflow/example_dags/example_skip_dag.py for tasks to queue
[2024-08-04T13:17:25.490+0000] {logging_mixin.py:188} INFO - [2024-08-04T13:17:25.490+0000] {dagbag.py:545} INFO - Filling up the DagBag from /home/airflow/.local/lib/python3.12/site-packages/airflow/example_dags/example_skip_dag.py
[2024-08-04T13:17:25.500+0000] {processor.py:840} INFO - DAG(s) 'example_skip_dag' retrieved from /home/airflow/.local/lib/python3.12/site-packages/airflow/example_dags/example_skip_dag.py
[2024-08-04T13:17:25.539+0000] {logging_mixin.py:188} INFO - [2024-08-04T13:17:25.539+0000] {dag.py:3089} INFO - Sync 1 DAGs
[2024-08-04T13:17:25.567+0000] {logging_mixin.py:188} INFO - [2024-08-04T13:17:25.567+0000] {dag.py:3947} INFO - Setting next_dagrun for example_skip_dag to 2024-08-03 00:00:00+00:00, run_after=2024-08-04 00:00:00+00:00
[2024-08-04T13:17:25.595+0000] {processor.py:183} INFO - Processing /home/airflow/.local/lib/python3.12/site-packages/airflow/example_dags/example_skip_dag.py took 0.115 seconds
[2024-08-04T13:17:56.037+0000] {processor.py:161} INFO - Started process (PID=1673) to work on /home/airflow/.local/lib/python3.12/site-packages/airflow/example_dags/example_skip_dag.py
[2024-08-04T13:17:56.038+0000] {processor.py:830} INFO - Processing file /home/airflow/.local/lib/python3.12/site-packages/airflow/example_dags/example_skip_dag.py for tasks to queue
[2024-08-04T13:17:56.040+0000] {logging_mixin.py:188} INFO - [2024-08-04T13:17:56.040+0000] {dagbag.py:545} INFO - Filling up the DagBag from /home/airflow/.local/lib/python3.12/site-packages/airflow/example_dags/example_skip_dag.py
[2024-08-04T13:17:56.048+0000] {processor.py:840} INFO - DAG(s) 'example_skip_dag' retrieved from /home/airflow/.local/lib/python3.12/site-packages/airflow/example_dags/example_skip_dag.py
[2024-08-04T13:17:56.069+0000] {logging_mixin.py:188} INFO - [2024-08-04T13:17:56.069+0000] {dag.py:3089} INFO - Sync 1 DAGs
[2024-08-04T13:17:56.093+0000] {logging_mixin.py:188} INFO - [2024-08-04T13:17:56.092+0000] {dag.py:3947} INFO - Setting next_dagrun for example_skip_dag to 2024-08-03 00:00:00+00:00, run_after=2024-08-04 00:00:00+00:00
[2024-08-04T13:17:56.115+0000] {processor.py:183} INFO - Processing /home/airflow/.local/lib/python3.12/site-packages/airflow/example_dags/example_skip_dag.py took 0.084 seconds
[2024-08-04T13:18:26.972+0000] {processor.py:161} INFO - Started process (PID=1737) to work on /home/airflow/.local/lib/python3.12/site-packages/airflow/example_dags/example_skip_dag.py
[2024-08-04T13:18:26.974+0000] {processor.py:830} INFO - Processing file /home/airflow/.local/lib/python3.12/site-packages/airflow/example_dags/example_skip_dag.py for tasks to queue
[2024-08-04T13:18:26.977+0000] {logging_mixin.py:188} INFO - [2024-08-04T13:18:26.976+0000] {dagbag.py:545} INFO - Filling up the DagBag from /home/airflow/.local/lib/python3.12/site-packages/airflow/example_dags/example_skip_dag.py
[2024-08-04T13:18:26.986+0000] {processor.py:840} INFO - DAG(s) 'example_skip_dag' retrieved from /home/airflow/.local/lib/python3.12/site-packages/airflow/example_dags/example_skip_dag.py
[2024-08-04T13:18:27.013+0000] {logging_mixin.py:188} INFO - [2024-08-04T13:18:27.013+0000] {dag.py:3089} INFO - Sync 1 DAGs
[2024-08-04T13:18:27.039+0000] {logging_mixin.py:188} INFO - [2024-08-04T13:18:27.039+0000] {dag.py:3947} INFO - Setting next_dagrun for example_skip_dag to 2024-08-03 00:00:00+00:00, run_after=2024-08-04 00:00:00+00:00
[2024-08-04T13:18:27.072+0000] {processor.py:183} INFO - Processing /home/airflow/.local/lib/python3.12/site-packages/airflow/example_dags/example_skip_dag.py took 0.107 seconds
[2024-08-04T13:18:58.796+0000] {processor.py:161} INFO - Started process (PID=1801) to work on /home/airflow/.local/lib/python3.12/site-packages/airflow/example_dags/example_skip_dag.py
[2024-08-04T13:18:58.798+0000] {processor.py:830} INFO - Processing file /home/airflow/.local/lib/python3.12/site-packages/airflow/example_dags/example_skip_dag.py for tasks to queue
[2024-08-04T13:18:58.800+0000] {logging_mixin.py:188} INFO - [2024-08-04T13:18:58.800+0000] {dagbag.py:545} INFO - Filling up the DagBag from /home/airflow/.local/lib/python3.12/site-packages/airflow/example_dags/example_skip_dag.py
[2024-08-04T13:18:58.808+0000] {processor.py:840} INFO - DAG(s) 'example_skip_dag' retrieved from /home/airflow/.local/lib/python3.12/site-packages/airflow/example_dags/example_skip_dag.py
[2024-08-04T13:18:58.830+0000] {logging_mixin.py:188} INFO - [2024-08-04T13:18:58.830+0000] {dag.py:3089} INFO - Sync 1 DAGs
[2024-08-04T13:18:58.856+0000] {logging_mixin.py:188} INFO - [2024-08-04T13:18:58.856+0000] {dag.py:3947} INFO - Setting next_dagrun for example_skip_dag to 2024-08-03 00:00:00+00:00, run_after=2024-08-04 00:00:00+00:00
[2024-08-04T13:18:59.037+0000] {processor.py:183} INFO - Processing /home/airflow/.local/lib/python3.12/site-packages/airflow/example_dags/example_skip_dag.py took 0.248 seconds
[2024-08-04T13:19:29.836+0000] {processor.py:161} INFO - Started process (PID=1865) to work on /home/airflow/.local/lib/python3.12/site-packages/airflow/example_dags/example_skip_dag.py
[2024-08-04T13:19:29.837+0000] {processor.py:830} INFO - Processing file /home/airflow/.local/lib/python3.12/site-packages/airflow/example_dags/example_skip_dag.py for tasks to queue
[2024-08-04T13:19:29.839+0000] {logging_mixin.py:188} INFO - [2024-08-04T13:19:29.838+0000] {dagbag.py:545} INFO - Filling up the DagBag from /home/airflow/.local/lib/python3.12/site-packages/airflow/example_dags/example_skip_dag.py
[2024-08-04T13:19:29.845+0000] {processor.py:840} INFO - DAG(s) 'example_skip_dag' retrieved from /home/airflow/.local/lib/python3.12/site-packages/airflow/example_dags/example_skip_dag.py
[2024-08-04T13:19:29.868+0000] {logging_mixin.py:188} INFO - [2024-08-04T13:19:29.867+0000] {dag.py:3089} INFO - Sync 1 DAGs
[2024-08-04T13:19:29.891+0000] {logging_mixin.py:188} INFO - [2024-08-04T13:19:29.891+0000] {dag.py:3947} INFO - Setting next_dagrun for example_skip_dag to 2024-08-03 00:00:00+00:00, run_after=2024-08-04 00:00:00+00:00
[2024-08-04T13:19:29.919+0000] {processor.py:183} INFO - Processing /home/airflow/.local/lib/python3.12/site-packages/airflow/example_dags/example_skip_dag.py took 0.089 seconds
[2024-08-04T13:20:01.233+0000] {processor.py:161} INFO - Started process (PID=1929) to work on /home/airflow/.local/lib/python3.12/site-packages/airflow/example_dags/example_skip_dag.py
[2024-08-04T13:20:01.234+0000] {processor.py:830} INFO - Processing file /home/airflow/.local/lib/python3.12/site-packages/airflow/example_dags/example_skip_dag.py for tasks to queue
[2024-08-04T13:20:01.237+0000] {logging_mixin.py:188} INFO - [2024-08-04T13:20:01.236+0000] {dagbag.py:545} INFO - Filling up the DagBag from /home/airflow/.local/lib/python3.12/site-packages/airflow/example_dags/example_skip_dag.py
[2024-08-04T13:20:01.247+0000] {processor.py:840} INFO - DAG(s) 'example_skip_dag' retrieved from /home/airflow/.local/lib/python3.12/site-packages/airflow/example_dags/example_skip_dag.py
[2024-08-04T13:20:01.275+0000] {logging_mixin.py:188} INFO - [2024-08-04T13:20:01.274+0000] {dag.py:3089} INFO - Sync 1 DAGs
[2024-08-04T13:20:01.300+0000] {logging_mixin.py:188} INFO - [2024-08-04T13:20:01.299+0000] {dag.py:3947} INFO - Setting next_dagrun for example_skip_dag to 2024-08-03 00:00:00+00:00, run_after=2024-08-04 00:00:00+00:00
[2024-08-04T13:20:01.324+0000] {processor.py:183} INFO - Processing /home/airflow/.local/lib/python3.12/site-packages/airflow/example_dags/example_skip_dag.py took 0.097 seconds
[2024-08-04T13:20:32.560+0000] {processor.py:161} INFO - Started process (PID=1993) to work on /home/airflow/.local/lib/python3.12/site-packages/airflow/example_dags/example_skip_dag.py
[2024-08-04T13:20:32.561+0000] {processor.py:830} INFO - Processing file /home/airflow/.local/lib/python3.12/site-packages/airflow/example_dags/example_skip_dag.py for tasks to queue
[2024-08-04T13:20:32.563+0000] {logging_mixin.py:188} INFO - [2024-08-04T13:20:32.563+0000] {dagbag.py:545} INFO - Filling up the DagBag from /home/airflow/.local/lib/python3.12/site-packages/airflow/example_dags/example_skip_dag.py
[2024-08-04T13:20:32.572+0000] {processor.py:840} INFO - DAG(s) 'example_skip_dag' retrieved from /home/airflow/.local/lib/python3.12/site-packages/airflow/example_dags/example_skip_dag.py
[2024-08-04T13:20:32.605+0000] {logging_mixin.py:188} INFO - [2024-08-04T13:20:32.605+0000] {dag.py:3089} INFO - Sync 1 DAGs
[2024-08-04T13:20:32.633+0000] {logging_mixin.py:188} INFO - [2024-08-04T13:20:32.633+0000] {dag.py:3947} INFO - Setting next_dagrun for example_skip_dag to 2024-08-03 00:00:00+00:00, run_after=2024-08-04 00:00:00+00:00
[2024-08-04T13:20:32.662+0000] {processor.py:183} INFO - Processing /home/airflow/.local/lib/python3.12/site-packages/airflow/example_dags/example_skip_dag.py took 0.110 seconds
[2024-08-04T13:21:03.975+0000] {processor.py:161} INFO - Started process (PID=2057) to work on /home/airflow/.local/lib/python3.12/site-packages/airflow/example_dags/example_skip_dag.py
[2024-08-04T13:21:03.977+0000] {processor.py:830} INFO - Processing file /home/airflow/.local/lib/python3.12/site-packages/airflow/example_dags/example_skip_dag.py for tasks to queue
[2024-08-04T13:21:03.979+0000] {logging_mixin.py:188} INFO - [2024-08-04T13:21:03.978+0000] {dagbag.py:545} INFO - Filling up the DagBag from /home/airflow/.local/lib/python3.12/site-packages/airflow/example_dags/example_skip_dag.py
[2024-08-04T13:21:03.985+0000] {processor.py:840} INFO - DAG(s) 'example_skip_dag' retrieved from /home/airflow/.local/lib/python3.12/site-packages/airflow/example_dags/example_skip_dag.py
[2024-08-04T13:21:04.011+0000] {logging_mixin.py:188} INFO - [2024-08-04T13:21:04.011+0000] {dag.py:3089} INFO - Sync 1 DAGs
[2024-08-04T13:21:04.184+0000] {logging_mixin.py:188} INFO - [2024-08-04T13:21:04.184+0000] {dag.py:3947} INFO - Setting next_dagrun for example_skip_dag to 2024-08-03 00:00:00+00:00, run_after=2024-08-04 00:00:00+00:00
[2024-08-04T13:21:04.213+0000] {processor.py:183} INFO - Processing /home/airflow/.local/lib/python3.12/site-packages/airflow/example_dags/example_skip_dag.py took 0.245 seconds
[2024-08-04T13:21:34.404+0000] {processor.py:161} INFO - Started process (PID=2121) to work on /home/airflow/.local/lib/python3.12/site-packages/airflow/example_dags/example_skip_dag.py
[2024-08-04T13:21:34.405+0000] {processor.py:830} INFO - Processing file /home/airflow/.local/lib/python3.12/site-packages/airflow/example_dags/example_skip_dag.py for tasks to queue
[2024-08-04T13:21:34.408+0000] {logging_mixin.py:188} INFO - [2024-08-04T13:21:34.408+0000] {dagbag.py:545} INFO - Filling up the DagBag from /home/airflow/.local/lib/python3.12/site-packages/airflow/example_dags/example_skip_dag.py
[2024-08-04T13:21:34.418+0000] {processor.py:840} INFO - DAG(s) 'example_skip_dag' retrieved from /home/airflow/.local/lib/python3.12/site-packages/airflow/example_dags/example_skip_dag.py
[2024-08-04T13:21:34.442+0000] {logging_mixin.py:188} INFO - [2024-08-04T13:21:34.441+0000] {dag.py:3089} INFO - Sync 1 DAGs
[2024-08-04T13:21:34.473+0000] {logging_mixin.py:188} INFO - [2024-08-04T13:21:34.473+0000] {dag.py:3947} INFO - Setting next_dagrun for example_skip_dag to 2024-08-03 00:00:00+00:00, run_after=2024-08-04 00:00:00+00:00
[2024-08-04T13:21:34.503+0000] {processor.py:183} INFO - Processing /home/airflow/.local/lib/python3.12/site-packages/airflow/example_dags/example_skip_dag.py took 0.108 seconds
[2024-08-04T13:22:04.846+0000] {processor.py:161} INFO - Started process (PID=2185) to work on /home/airflow/.local/lib/python3.12/site-packages/airflow/example_dags/example_skip_dag.py
[2024-08-04T13:22:04.849+0000] {processor.py:830} INFO - Processing file /home/airflow/.local/lib/python3.12/site-packages/airflow/example_dags/example_skip_dag.py for tasks to queue
[2024-08-04T13:22:04.851+0000] {logging_mixin.py:188} INFO - [2024-08-04T13:22:04.851+0000] {dagbag.py:545} INFO - Filling up the DagBag from /home/airflow/.local/lib/python3.12/site-packages/airflow/example_dags/example_skip_dag.py
[2024-08-04T13:22:04.859+0000] {processor.py:840} INFO - DAG(s) 'example_skip_dag' retrieved from /home/airflow/.local/lib/python3.12/site-packages/airflow/example_dags/example_skip_dag.py
[2024-08-04T13:22:04.887+0000] {logging_mixin.py:188} INFO - [2024-08-04T13:22:04.886+0000] {dag.py:3089} INFO - Sync 1 DAGs
[2024-08-04T13:22:04.914+0000] {logging_mixin.py:188} INFO - [2024-08-04T13:22:04.914+0000] {dag.py:3947} INFO - Setting next_dagrun for example_skip_dag to 2024-08-03 00:00:00+00:00, run_after=2024-08-04 00:00:00+00:00
[2024-08-04T13:22:04.939+0000] {processor.py:183} INFO - Processing /home/airflow/.local/lib/python3.12/site-packages/airflow/example_dags/example_skip_dag.py took 0.099 seconds
[2024-08-04T13:22:35.827+0000] {processor.py:161} INFO - Started process (PID=2249) to work on /home/airflow/.local/lib/python3.12/site-packages/airflow/example_dags/example_skip_dag.py
[2024-08-04T13:22:35.828+0000] {processor.py:830} INFO - Processing file /home/airflow/.local/lib/python3.12/site-packages/airflow/example_dags/example_skip_dag.py for tasks to queue
[2024-08-04T13:22:35.830+0000] {logging_mixin.py:188} INFO - [2024-08-04T13:22:35.829+0000] {dagbag.py:545} INFO - Filling up the DagBag from /home/airflow/.local/lib/python3.12/site-packages/airflow/example_dags/example_skip_dag.py
[2024-08-04T13:22:35.837+0000] {processor.py:840} INFO - DAG(s) 'example_skip_dag' retrieved from /home/airflow/.local/lib/python3.12/site-packages/airflow/example_dags/example_skip_dag.py
[2024-08-04T13:22:35.859+0000] {logging_mixin.py:188} INFO - [2024-08-04T13:22:35.859+0000] {dag.py:3089} INFO - Sync 1 DAGs
[2024-08-04T13:22:35.882+0000] {logging_mixin.py:188} INFO - [2024-08-04T13:22:35.881+0000] {dag.py:3947} INFO - Setting next_dagrun for example_skip_dag to 2024-08-03 00:00:00+00:00, run_after=2024-08-04 00:00:00+00:00
[2024-08-04T13:22:35.900+0000] {processor.py:183} INFO - Processing /home/airflow/.local/lib/python3.12/site-packages/airflow/example_dags/example_skip_dag.py took 0.080 seconds
[2024-08-04T13:23:06.603+0000] {processor.py:161} INFO - Started process (PID=2313) to work on /home/airflow/.local/lib/python3.12/site-packages/airflow/example_dags/example_skip_dag.py
[2024-08-04T13:23:06.605+0000] {processor.py:830} INFO - Processing file /home/airflow/.local/lib/python3.12/site-packages/airflow/example_dags/example_skip_dag.py for tasks to queue
[2024-08-04T13:23:06.608+0000] {logging_mixin.py:188} INFO - [2024-08-04T13:23:06.607+0000] {dagbag.py:545} INFO - Filling up the DagBag from /home/airflow/.local/lib/python3.12/site-packages/airflow/example_dags/example_skip_dag.py
[2024-08-04T13:23:06.615+0000] {processor.py:840} INFO - DAG(s) 'example_skip_dag' retrieved from /home/airflow/.local/lib/python3.12/site-packages/airflow/example_dags/example_skip_dag.py
[2024-08-04T13:23:06.642+0000] {logging_mixin.py:188} INFO - [2024-08-04T13:23:06.642+0000] {dag.py:3089} INFO - Sync 1 DAGs
[2024-08-04T13:23:06.669+0000] {logging_mixin.py:188} INFO - [2024-08-04T13:23:06.668+0000] {dag.py:3947} INFO - Setting next_dagrun for example_skip_dag to 2024-08-03 00:00:00+00:00, run_after=2024-08-04 00:00:00+00:00
[2024-08-04T13:23:06.694+0000] {processor.py:183} INFO - Processing /home/airflow/.local/lib/python3.12/site-packages/airflow/example_dags/example_skip_dag.py took 0.099 seconds
[2024-08-04T13:23:37.768+0000] {processor.py:161} INFO - Started process (PID=2384) to work on /home/airflow/.local/lib/python3.12/site-packages/airflow/example_dags/example_skip_dag.py
[2024-08-04T13:23:37.770+0000] {processor.py:830} INFO - Processing file /home/airflow/.local/lib/python3.12/site-packages/airflow/example_dags/example_skip_dag.py for tasks to queue
[2024-08-04T13:23:37.774+0000] {logging_mixin.py:188} INFO - [2024-08-04T13:23:37.774+0000] {dagbag.py:545} INFO - Filling up the DagBag from /home/airflow/.local/lib/python3.12/site-packages/airflow/example_dags/example_skip_dag.py
[2024-08-04T13:23:37.820+0000] {processor.py:840} INFO - DAG(s) 'example_skip_dag' retrieved from /home/airflow/.local/lib/python3.12/site-packages/airflow/example_dags/example_skip_dag.py
[2024-08-04T13:23:37.851+0000] {logging_mixin.py:188} INFO - [2024-08-04T13:23:37.850+0000] {dag.py:3089} INFO - Sync 1 DAGs
[2024-08-04T13:23:37.875+0000] {logging_mixin.py:188} INFO - [2024-08-04T13:23:37.875+0000] {dag.py:3947} INFO - Setting next_dagrun for example_skip_dag to 2024-08-03 00:00:00+00:00, run_after=2024-08-04 00:00:00+00:00
[2024-08-04T13:23:37.898+0000] {processor.py:183} INFO - Processing /home/airflow/.local/lib/python3.12/site-packages/airflow/example_dags/example_skip_dag.py took 0.138 seconds
[2024-08-04T13:24:08.990+0000] {processor.py:161} INFO - Started process (PID=2448) to work on /home/airflow/.local/lib/python3.12/site-packages/airflow/example_dags/example_skip_dag.py
[2024-08-04T13:24:08.991+0000] {processor.py:830} INFO - Processing file /home/airflow/.local/lib/python3.12/site-packages/airflow/example_dags/example_skip_dag.py for tasks to queue
[2024-08-04T13:24:08.995+0000] {logging_mixin.py:188} INFO - [2024-08-04T13:24:08.994+0000] {dagbag.py:545} INFO - Filling up the DagBag from /home/airflow/.local/lib/python3.12/site-packages/airflow/example_dags/example_skip_dag.py
[2024-08-04T13:24:09.024+0000] {processor.py:840} INFO - DAG(s) 'example_skip_dag' retrieved from /home/airflow/.local/lib/python3.12/site-packages/airflow/example_dags/example_skip_dag.py
[2024-08-04T13:24:09.051+0000] {logging_mixin.py:188} INFO - [2024-08-04T13:24:09.051+0000] {dag.py:3089} INFO - Sync 1 DAGs
[2024-08-04T13:24:09.079+0000] {logging_mixin.py:188} INFO - [2024-08-04T13:24:09.079+0000] {dag.py:3947} INFO - Setting next_dagrun for example_skip_dag to 2024-08-03 00:00:00+00:00, run_after=2024-08-04 00:00:00+00:00
[2024-08-04T13:24:09.107+0000] {processor.py:183} INFO - Processing /home/airflow/.local/lib/python3.12/site-packages/airflow/example_dags/example_skip_dag.py took 0.125 seconds
[2024-08-04T13:24:39.758+0000] {processor.py:161} INFO - Started process (PID=2512) to work on /home/airflow/.local/lib/python3.12/site-packages/airflow/example_dags/example_skip_dag.py
[2024-08-04T13:24:39.760+0000] {processor.py:830} INFO - Processing file /home/airflow/.local/lib/python3.12/site-packages/airflow/example_dags/example_skip_dag.py for tasks to queue
[2024-08-04T13:24:39.763+0000] {logging_mixin.py:188} INFO - [2024-08-04T13:24:39.763+0000] {dagbag.py:545} INFO - Filling up the DagBag from /home/airflow/.local/lib/python3.12/site-packages/airflow/example_dags/example_skip_dag.py
[2024-08-04T13:24:39.774+0000] {processor.py:840} INFO - DAG(s) 'example_skip_dag' retrieved from /home/airflow/.local/lib/python3.12/site-packages/airflow/example_dags/example_skip_dag.py
[2024-08-04T13:24:39.800+0000] {logging_mixin.py:188} INFO - [2024-08-04T13:24:39.800+0000] {dag.py:3089} INFO - Sync 1 DAGs
[2024-08-04T13:24:39.825+0000] {logging_mixin.py:188} INFO - [2024-08-04T13:24:39.825+0000] {dag.py:3947} INFO - Setting next_dagrun for example_skip_dag to 2024-08-03 00:00:00+00:00, run_after=2024-08-04 00:00:00+00:00
[2024-08-04T13:24:39.852+0000] {processor.py:183} INFO - Processing /home/airflow/.local/lib/python3.12/site-packages/airflow/example_dags/example_skip_dag.py took 0.102 seconds
[2024-08-04T13:25:11.121+0000] {processor.py:161} INFO - Started process (PID=2576) to work on /home/airflow/.local/lib/python3.12/site-packages/airflow/example_dags/example_skip_dag.py
[2024-08-04T13:25:11.123+0000] {processor.py:830} INFO - Processing file /home/airflow/.local/lib/python3.12/site-packages/airflow/example_dags/example_skip_dag.py for tasks to queue
[2024-08-04T13:25:11.127+0000] {logging_mixin.py:188} INFO - [2024-08-04T13:25:11.126+0000] {dagbag.py:545} INFO - Filling up the DagBag from /home/airflow/.local/lib/python3.12/site-packages/airflow/example_dags/example_skip_dag.py
[2024-08-04T13:25:11.139+0000] {processor.py:840} INFO - DAG(s) 'example_skip_dag' retrieved from /home/airflow/.local/lib/python3.12/site-packages/airflow/example_dags/example_skip_dag.py
[2024-08-04T13:25:11.186+0000] {logging_mixin.py:188} INFO - [2024-08-04T13:25:11.186+0000] {dag.py:3089} INFO - Sync 1 DAGs
[2024-08-04T13:25:11.222+0000] {logging_mixin.py:188} INFO - [2024-08-04T13:25:11.222+0000] {dag.py:3947} INFO - Setting next_dagrun for example_skip_dag to 2024-08-03 00:00:00+00:00, run_after=2024-08-04 00:00:00+00:00
[2024-08-04T13:25:11.274+0000] {processor.py:183} INFO - Processing /home/airflow/.local/lib/python3.12/site-packages/airflow/example_dags/example_skip_dag.py took 0.160 seconds
[2024-08-04T13:25:42.091+0000] {processor.py:161} INFO - Started process (PID=2640) to work on /home/airflow/.local/lib/python3.12/site-packages/airflow/example_dags/example_skip_dag.py
[2024-08-04T13:25:42.092+0000] {processor.py:830} INFO - Processing file /home/airflow/.local/lib/python3.12/site-packages/airflow/example_dags/example_skip_dag.py for tasks to queue
[2024-08-04T13:25:42.094+0000] {logging_mixin.py:188} INFO - [2024-08-04T13:25:42.093+0000] {dagbag.py:545} INFO - Filling up the DagBag from /home/airflow/.local/lib/python3.12/site-packages/airflow/example_dags/example_skip_dag.py
[2024-08-04T13:25:42.101+0000] {processor.py:840} INFO - DAG(s) 'example_skip_dag' retrieved from /home/airflow/.local/lib/python3.12/site-packages/airflow/example_dags/example_skip_dag.py
[2024-08-04T13:25:42.125+0000] {logging_mixin.py:188} INFO - [2024-08-04T13:25:42.125+0000] {dag.py:3089} INFO - Sync 1 DAGs
[2024-08-04T13:25:42.154+0000] {logging_mixin.py:188} INFO - [2024-08-04T13:25:42.153+0000] {dag.py:3947} INFO - Setting next_dagrun for example_skip_dag to 2024-08-03 00:00:00+00:00, run_after=2024-08-04 00:00:00+00:00
[2024-08-04T13:25:42.173+0000] {processor.py:183} INFO - Processing /home/airflow/.local/lib/python3.12/site-packages/airflow/example_dags/example_skip_dag.py took 0.089 seconds
[2024-08-04T13:26:13.408+0000] {processor.py:161} INFO - Started process (PID=2704) to work on /home/airflow/.local/lib/python3.12/site-packages/airflow/example_dags/example_skip_dag.py
[2024-08-04T13:26:13.409+0000] {processor.py:830} INFO - Processing file /home/airflow/.local/lib/python3.12/site-packages/airflow/example_dags/example_skip_dag.py for tasks to queue
[2024-08-04T13:26:13.412+0000] {logging_mixin.py:188} INFO - [2024-08-04T13:26:13.411+0000] {dagbag.py:545} INFO - Filling up the DagBag from /home/airflow/.local/lib/python3.12/site-packages/airflow/example_dags/example_skip_dag.py
[2024-08-04T13:26:13.419+0000] {processor.py:840} INFO - DAG(s) 'example_skip_dag' retrieved from /home/airflow/.local/lib/python3.12/site-packages/airflow/example_dags/example_skip_dag.py
[2024-08-04T13:26:13.439+0000] {logging_mixin.py:188} INFO - [2024-08-04T13:26:13.439+0000] {dag.py:3089} INFO - Sync 1 DAGs
[2024-08-04T13:26:13.464+0000] {logging_mixin.py:188} INFO - [2024-08-04T13:26:13.464+0000] {dag.py:3947} INFO - Setting next_dagrun for example_skip_dag to 2024-08-03 00:00:00+00:00, run_after=2024-08-04 00:00:00+00:00
[2024-08-04T13:26:13.493+0000] {processor.py:183} INFO - Processing /home/airflow/.local/lib/python3.12/site-packages/airflow/example_dags/example_skip_dag.py took 0.091 seconds
[2024-08-04T13:26:44.277+0000] {processor.py:161} INFO - Started process (PID=2768) to work on /home/airflow/.local/lib/python3.12/site-packages/airflow/example_dags/example_skip_dag.py
[2024-08-04T13:26:44.278+0000] {processor.py:830} INFO - Processing file /home/airflow/.local/lib/python3.12/site-packages/airflow/example_dags/example_skip_dag.py for tasks to queue
[2024-08-04T13:26:44.283+0000] {logging_mixin.py:188} INFO - [2024-08-04T13:26:44.282+0000] {dagbag.py:545} INFO - Filling up the DagBag from /home/airflow/.local/lib/python3.12/site-packages/airflow/example_dags/example_skip_dag.py
[2024-08-04T13:26:44.291+0000] {processor.py:840} INFO - DAG(s) 'example_skip_dag' retrieved from /home/airflow/.local/lib/python3.12/site-packages/airflow/example_dags/example_skip_dag.py
[2024-08-04T13:26:44.320+0000] {logging_mixin.py:188} INFO - [2024-08-04T13:26:44.319+0000] {dag.py:3089} INFO - Sync 1 DAGs
[2024-08-04T13:26:44.348+0000] {logging_mixin.py:188} INFO - [2024-08-04T13:26:44.347+0000] {dag.py:3947} INFO - Setting next_dagrun for example_skip_dag to 2024-08-03 00:00:00+00:00, run_after=2024-08-04 00:00:00+00:00
[2024-08-04T13:26:44.373+0000] {processor.py:183} INFO - Processing /home/airflow/.local/lib/python3.12/site-packages/airflow/example_dags/example_skip_dag.py took 0.105 seconds
[2024-08-04T13:27:14.926+0000] {processor.py:161} INFO - Started process (PID=2832) to work on /home/airflow/.local/lib/python3.12/site-packages/airflow/example_dags/example_skip_dag.py
[2024-08-04T13:27:14.935+0000] {processor.py:830} INFO - Processing file /home/airflow/.local/lib/python3.12/site-packages/airflow/example_dags/example_skip_dag.py for tasks to queue
[2024-08-04T13:27:14.939+0000] {logging_mixin.py:188} INFO - [2024-08-04T13:27:14.938+0000] {dagbag.py:545} INFO - Filling up the DagBag from /home/airflow/.local/lib/python3.12/site-packages/airflow/example_dags/example_skip_dag.py
[2024-08-04T13:27:14.949+0000] {processor.py:840} INFO - DAG(s) 'example_skip_dag' retrieved from /home/airflow/.local/lib/python3.12/site-packages/airflow/example_dags/example_skip_dag.py
[2024-08-04T13:27:14.977+0000] {logging_mixin.py:188} INFO - [2024-08-04T13:27:14.976+0000] {dag.py:3089} INFO - Sync 1 DAGs
[2024-08-04T13:27:15.004+0000] {logging_mixin.py:188} INFO - [2024-08-04T13:27:15.003+0000] {dag.py:3947} INFO - Setting next_dagrun for example_skip_dag to 2024-08-03 00:00:00+00:00, run_after=2024-08-04 00:00:00+00:00
[2024-08-04T13:27:15.028+0000] {processor.py:183} INFO - Processing /home/airflow/.local/lib/python3.12/site-packages/airflow/example_dags/example_skip_dag.py took 0.112 seconds
[2024-08-04T13:27:45.929+0000] {processor.py:161} INFO - Started process (PID=2896) to work on /home/airflow/.local/lib/python3.12/site-packages/airflow/example_dags/example_skip_dag.py
[2024-08-04T13:27:45.930+0000] {processor.py:830} INFO - Processing file /home/airflow/.local/lib/python3.12/site-packages/airflow/example_dags/example_skip_dag.py for tasks to queue
[2024-08-04T13:27:45.932+0000] {logging_mixin.py:188} INFO - [2024-08-04T13:27:45.932+0000] {dagbag.py:545} INFO - Filling up the DagBag from /home/airflow/.local/lib/python3.12/site-packages/airflow/example_dags/example_skip_dag.py
[2024-08-04T13:27:45.950+0000] {processor.py:840} INFO - DAG(s) 'example_skip_dag' retrieved from /home/airflow/.local/lib/python3.12/site-packages/airflow/example_dags/example_skip_dag.py
[2024-08-04T13:27:45.976+0000] {logging_mixin.py:188} INFO - [2024-08-04T13:27:45.976+0000] {dag.py:3089} INFO - Sync 1 DAGs
[2024-08-04T13:27:46.003+0000] {logging_mixin.py:188} INFO - [2024-08-04T13:27:46.002+0000] {dag.py:3947} INFO - Setting next_dagrun for example_skip_dag to 2024-08-03 00:00:00+00:00, run_after=2024-08-04 00:00:00+00:00
[2024-08-04T13:27:46.027+0000] {processor.py:183} INFO - Processing /home/airflow/.local/lib/python3.12/site-packages/airflow/example_dags/example_skip_dag.py took 0.103 seconds
[2024-08-04T13:28:16.836+0000] {processor.py:161} INFO - Started process (PID=2960) to work on /home/airflow/.local/lib/python3.12/site-packages/airflow/example_dags/example_skip_dag.py
[2024-08-04T13:28:16.838+0000] {processor.py:830} INFO - Processing file /home/airflow/.local/lib/python3.12/site-packages/airflow/example_dags/example_skip_dag.py for tasks to queue
[2024-08-04T13:28:16.841+0000] {logging_mixin.py:188} INFO - [2024-08-04T13:28:16.841+0000] {dagbag.py:545} INFO - Filling up the DagBag from /home/airflow/.local/lib/python3.12/site-packages/airflow/example_dags/example_skip_dag.py
[2024-08-04T13:28:16.849+0000] {processor.py:840} INFO - DAG(s) 'example_skip_dag' retrieved from /home/airflow/.local/lib/python3.12/site-packages/airflow/example_dags/example_skip_dag.py
[2024-08-04T13:28:16.875+0000] {logging_mixin.py:188} INFO - [2024-08-04T13:28:16.875+0000] {dag.py:3089} INFO - Sync 1 DAGs
[2024-08-04T13:28:16.904+0000] {logging_mixin.py:188} INFO - [2024-08-04T13:28:16.904+0000] {dag.py:3947} INFO - Setting next_dagrun for example_skip_dag to 2024-08-03 00:00:00+00:00, run_after=2024-08-04 00:00:00+00:00
[2024-08-04T13:28:16.927+0000] {processor.py:183} INFO - Processing /home/airflow/.local/lib/python3.12/site-packages/airflow/example_dags/example_skip_dag.py took 0.098 seconds
[2024-08-04T13:28:48.357+0000] {processor.py:161} INFO - Started process (PID=3025) to work on /home/airflow/.local/lib/python3.12/site-packages/airflow/example_dags/example_skip_dag.py
[2024-08-04T13:28:48.359+0000] {processor.py:830} INFO - Processing file /home/airflow/.local/lib/python3.12/site-packages/airflow/example_dags/example_skip_dag.py for tasks to queue
[2024-08-04T13:28:48.362+0000] {logging_mixin.py:188} INFO - [2024-08-04T13:28:48.361+0000] {dagbag.py:545} INFO - Filling up the DagBag from /home/airflow/.local/lib/python3.12/site-packages/airflow/example_dags/example_skip_dag.py
[2024-08-04T13:28:48.371+0000] {processor.py:840} INFO - DAG(s) 'example_skip_dag' retrieved from /home/airflow/.local/lib/python3.12/site-packages/airflow/example_dags/example_skip_dag.py
[2024-08-04T13:28:48.412+0000] {logging_mixin.py:188} INFO - [2024-08-04T13:28:48.411+0000] {dag.py:3089} INFO - Sync 1 DAGs
[2024-08-04T13:28:48.445+0000] {logging_mixin.py:188} INFO - [2024-08-04T13:28:48.444+0000] {dag.py:3947} INFO - Setting next_dagrun for example_skip_dag to 2024-08-03 00:00:00+00:00, run_after=2024-08-04 00:00:00+00:00
[2024-08-04T13:28:48.476+0000] {processor.py:183} INFO - Processing /home/airflow/.local/lib/python3.12/site-packages/airflow/example_dags/example_skip_dag.py took 0.127 seconds
[2024-08-04T13:29:19.438+0000] {processor.py:161} INFO - Started process (PID=3089) to work on /home/airflow/.local/lib/python3.12/site-packages/airflow/example_dags/example_skip_dag.py
[2024-08-04T13:29:19.444+0000] {processor.py:830} INFO - Processing file /home/airflow/.local/lib/python3.12/site-packages/airflow/example_dags/example_skip_dag.py for tasks to queue
[2024-08-04T13:29:19.447+0000] {logging_mixin.py:188} INFO - [2024-08-04T13:29:19.447+0000] {dagbag.py:545} INFO - Filling up the DagBag from /home/airflow/.local/lib/python3.12/site-packages/airflow/example_dags/example_skip_dag.py
[2024-08-04T13:29:19.456+0000] {processor.py:840} INFO - DAG(s) 'example_skip_dag' retrieved from /home/airflow/.local/lib/python3.12/site-packages/airflow/example_dags/example_skip_dag.py
[2024-08-04T13:29:19.481+0000] {logging_mixin.py:188} INFO - [2024-08-04T13:29:19.480+0000] {dag.py:3089} INFO - Sync 1 DAGs
[2024-08-04T13:29:19.515+0000] {logging_mixin.py:188} INFO - [2024-08-04T13:29:19.514+0000] {dag.py:3947} INFO - Setting next_dagrun for example_skip_dag to 2024-08-03 00:00:00+00:00, run_after=2024-08-04 00:00:00+00:00
[2024-08-04T13:29:19.548+0000] {processor.py:183} INFO - Processing /home/airflow/.local/lib/python3.12/site-packages/airflow/example_dags/example_skip_dag.py took 0.118 seconds
[2024-08-04T13:29:50.033+0000] {processor.py:161} INFO - Started process (PID=3153) to work on /home/airflow/.local/lib/python3.12/site-packages/airflow/example_dags/example_skip_dag.py
[2024-08-04T13:29:50.034+0000] {processor.py:830} INFO - Processing file /home/airflow/.local/lib/python3.12/site-packages/airflow/example_dags/example_skip_dag.py for tasks to queue
[2024-08-04T13:29:50.037+0000] {logging_mixin.py:188} INFO - [2024-08-04T13:29:50.037+0000] {dagbag.py:545} INFO - Filling up the DagBag from /home/airflow/.local/lib/python3.12/site-packages/airflow/example_dags/example_skip_dag.py
[2024-08-04T13:29:50.044+0000] {processor.py:840} INFO - DAG(s) 'example_skip_dag' retrieved from /home/airflow/.local/lib/python3.12/site-packages/airflow/example_dags/example_skip_dag.py
[2024-08-04T13:29:50.070+0000] {logging_mixin.py:188} INFO - [2024-08-04T13:29:50.070+0000] {dag.py:3089} INFO - Sync 1 DAGs
[2024-08-04T13:29:50.098+0000] {logging_mixin.py:188} INFO - [2024-08-04T13:29:50.098+0000] {dag.py:3947} INFO - Setting next_dagrun for example_skip_dag to 2024-08-03 00:00:00+00:00, run_after=2024-08-04 00:00:00+00:00
[2024-08-04T13:29:50.119+0000] {processor.py:183} INFO - Processing /home/airflow/.local/lib/python3.12/site-packages/airflow/example_dags/example_skip_dag.py took 0.093 seconds
[2024-08-04T13:30:21.609+0000] {processor.py:161} INFO - Started process (PID=3217) to work on /home/airflow/.local/lib/python3.12/site-packages/airflow/example_dags/example_skip_dag.py
[2024-08-04T13:30:21.611+0000] {processor.py:830} INFO - Processing file /home/airflow/.local/lib/python3.12/site-packages/airflow/example_dags/example_skip_dag.py for tasks to queue
[2024-08-04T13:30:21.618+0000] {logging_mixin.py:188} INFO - [2024-08-04T13:30:21.617+0000] {dagbag.py:545} INFO - Filling up the DagBag from /home/airflow/.local/lib/python3.12/site-packages/airflow/example_dags/example_skip_dag.py
[2024-08-04T13:30:21.629+0000] {processor.py:840} INFO - DAG(s) 'example_skip_dag' retrieved from /home/airflow/.local/lib/python3.12/site-packages/airflow/example_dags/example_skip_dag.py
[2024-08-04T13:30:21.658+0000] {logging_mixin.py:188} INFO - [2024-08-04T13:30:21.658+0000] {dag.py:3089} INFO - Sync 1 DAGs
[2024-08-04T13:30:21.684+0000] {logging_mixin.py:188} INFO - [2024-08-04T13:30:21.683+0000] {dag.py:3947} INFO - Setting next_dagrun for example_skip_dag to 2024-08-03 00:00:00+00:00, run_after=2024-08-04 00:00:00+00:00
[2024-08-04T13:30:21.711+0000] {processor.py:183} INFO - Processing /home/airflow/.local/lib/python3.12/site-packages/airflow/example_dags/example_skip_dag.py took 0.111 seconds
[2024-08-04T13:30:52.311+0000] {processor.py:161} INFO - Started process (PID=3281) to work on /home/airflow/.local/lib/python3.12/site-packages/airflow/example_dags/example_skip_dag.py
[2024-08-04T13:30:52.313+0000] {processor.py:830} INFO - Processing file /home/airflow/.local/lib/python3.12/site-packages/airflow/example_dags/example_skip_dag.py for tasks to queue
[2024-08-04T13:30:52.315+0000] {logging_mixin.py:188} INFO - [2024-08-04T13:30:52.315+0000] {dagbag.py:545} INFO - Filling up the DagBag from /home/airflow/.local/lib/python3.12/site-packages/airflow/example_dags/example_skip_dag.py
[2024-08-04T13:30:52.326+0000] {processor.py:840} INFO - DAG(s) 'example_skip_dag' retrieved from /home/airflow/.local/lib/python3.12/site-packages/airflow/example_dags/example_skip_dag.py
[2024-08-04T13:30:52.356+0000] {logging_mixin.py:188} INFO - [2024-08-04T13:30:52.355+0000] {dag.py:3089} INFO - Sync 1 DAGs
[2024-08-04T13:30:52.395+0000] {logging_mixin.py:188} INFO - [2024-08-04T13:30:52.394+0000] {dag.py:3947} INFO - Setting next_dagrun for example_skip_dag to 2024-08-03 00:00:00+00:00, run_after=2024-08-04 00:00:00+00:00
[2024-08-04T13:30:52.419+0000] {processor.py:183} INFO - Processing /home/airflow/.local/lib/python3.12/site-packages/airflow/example_dags/example_skip_dag.py took 0.116 seconds
[2024-08-04T13:31:22.918+0000] {processor.py:161} INFO - Started process (PID=3345) to work on /home/airflow/.local/lib/python3.12/site-packages/airflow/example_dags/example_skip_dag.py
[2024-08-04T13:31:22.919+0000] {processor.py:830} INFO - Processing file /home/airflow/.local/lib/python3.12/site-packages/airflow/example_dags/example_skip_dag.py for tasks to queue
[2024-08-04T13:31:22.921+0000] {logging_mixin.py:188} INFO - [2024-08-04T13:31:22.921+0000] {dagbag.py:545} INFO - Filling up the DagBag from /home/airflow/.local/lib/python3.12/site-packages/airflow/example_dags/example_skip_dag.py
[2024-08-04T13:31:22.928+0000] {processor.py:840} INFO - DAG(s) 'example_skip_dag' retrieved from /home/airflow/.local/lib/python3.12/site-packages/airflow/example_dags/example_skip_dag.py
[2024-08-04T13:31:22.953+0000] {logging_mixin.py:188} INFO - [2024-08-04T13:31:22.952+0000] {dag.py:3089} INFO - Sync 1 DAGs
[2024-08-04T13:31:22.977+0000] {logging_mixin.py:188} INFO - [2024-08-04T13:31:22.977+0000] {dag.py:3947} INFO - Setting next_dagrun for example_skip_dag to 2024-08-03 00:00:00+00:00, run_after=2024-08-04 00:00:00+00:00
[2024-08-04T13:31:23.004+0000] {processor.py:183} INFO - Processing /home/airflow/.local/lib/python3.12/site-packages/airflow/example_dags/example_skip_dag.py took 0.094 seconds
[2024-08-04T13:31:53.185+0000] {processor.py:161} INFO - Started process (PID=3409) to work on /home/airflow/.local/lib/python3.12/site-packages/airflow/example_dags/example_skip_dag.py
[2024-08-04T13:31:53.186+0000] {processor.py:830} INFO - Processing file /home/airflow/.local/lib/python3.12/site-packages/airflow/example_dags/example_skip_dag.py for tasks to queue
[2024-08-04T13:31:53.188+0000] {logging_mixin.py:188} INFO - [2024-08-04T13:31:53.188+0000] {dagbag.py:545} INFO - Filling up the DagBag from /home/airflow/.local/lib/python3.12/site-packages/airflow/example_dags/example_skip_dag.py
[2024-08-04T13:31:53.196+0000] {processor.py:840} INFO - DAG(s) 'example_skip_dag' retrieved from /home/airflow/.local/lib/python3.12/site-packages/airflow/example_dags/example_skip_dag.py
[2024-08-04T13:31:53.219+0000] {logging_mixin.py:188} INFO - [2024-08-04T13:31:53.219+0000] {dag.py:3089} INFO - Sync 1 DAGs
[2024-08-04T13:31:53.244+0000] {logging_mixin.py:188} INFO - [2024-08-04T13:31:53.244+0000] {dag.py:3947} INFO - Setting next_dagrun for example_skip_dag to 2024-08-03 00:00:00+00:00, run_after=2024-08-04 00:00:00+00:00
[2024-08-04T13:31:53.270+0000] {processor.py:183} INFO - Processing /home/airflow/.local/lib/python3.12/site-packages/airflow/example_dags/example_skip_dag.py took 0.091 seconds
[2024-08-04T13:32:23.868+0000] {processor.py:161} INFO - Started process (PID=3472) to work on /home/airflow/.local/lib/python3.12/site-packages/airflow/example_dags/example_skip_dag.py
[2024-08-04T13:32:23.869+0000] {processor.py:830} INFO - Processing file /home/airflow/.local/lib/python3.12/site-packages/airflow/example_dags/example_skip_dag.py for tasks to queue
[2024-08-04T13:32:23.871+0000] {logging_mixin.py:188} INFO - [2024-08-04T13:32:23.871+0000] {dagbag.py:545} INFO - Filling up the DagBag from /home/airflow/.local/lib/python3.12/site-packages/airflow/example_dags/example_skip_dag.py
[2024-08-04T13:32:23.878+0000] {processor.py:840} INFO - DAG(s) 'example_skip_dag' retrieved from /home/airflow/.local/lib/python3.12/site-packages/airflow/example_dags/example_skip_dag.py
[2024-08-04T13:32:23.901+0000] {logging_mixin.py:188} INFO - [2024-08-04T13:32:23.901+0000] {dag.py:3089} INFO - Sync 1 DAGs
[2024-08-04T13:32:23.923+0000] {logging_mixin.py:188} INFO - [2024-08-04T13:32:23.923+0000] {dag.py:3947} INFO - Setting next_dagrun for example_skip_dag to 2024-08-03 00:00:00+00:00, run_after=2024-08-04 00:00:00+00:00
[2024-08-04T13:32:23.943+0000] {processor.py:183} INFO - Processing /home/airflow/.local/lib/python3.12/site-packages/airflow/example_dags/example_skip_dag.py took 0.082 seconds
[2024-08-04T13:32:54.739+0000] {processor.py:161} INFO - Started process (PID=3536) to work on /home/airflow/.local/lib/python3.12/site-packages/airflow/example_dags/example_skip_dag.py
[2024-08-04T13:32:54.740+0000] {processor.py:830} INFO - Processing file /home/airflow/.local/lib/python3.12/site-packages/airflow/example_dags/example_skip_dag.py for tasks to queue
[2024-08-04T13:32:54.742+0000] {logging_mixin.py:188} INFO - [2024-08-04T13:32:54.742+0000] {dagbag.py:545} INFO - Filling up the DagBag from /home/airflow/.local/lib/python3.12/site-packages/airflow/example_dags/example_skip_dag.py
[2024-08-04T13:32:54.749+0000] {processor.py:840} INFO - DAG(s) 'example_skip_dag' retrieved from /home/airflow/.local/lib/python3.12/site-packages/airflow/example_dags/example_skip_dag.py
[2024-08-04T13:32:54.775+0000] {logging_mixin.py:188} INFO - [2024-08-04T13:32:54.775+0000] {dag.py:3089} INFO - Sync 1 DAGs
[2024-08-04T13:32:54.804+0000] {logging_mixin.py:188} INFO - [2024-08-04T13:32:54.804+0000] {dag.py:3947} INFO - Setting next_dagrun for example_skip_dag to 2024-08-03 00:00:00+00:00, run_after=2024-08-04 00:00:00+00:00
[2024-08-04T13:32:54.829+0000] {processor.py:183} INFO - Processing /home/airflow/.local/lib/python3.12/site-packages/airflow/example_dags/example_skip_dag.py took 0.097 seconds
[2024-08-04T13:33:26.122+0000] {processor.py:161} INFO - Started process (PID=3600) to work on /home/airflow/.local/lib/python3.12/site-packages/airflow/example_dags/example_skip_dag.py
[2024-08-04T13:33:26.123+0000] {processor.py:830} INFO - Processing file /home/airflow/.local/lib/python3.12/site-packages/airflow/example_dags/example_skip_dag.py for tasks to queue
[2024-08-04T13:33:26.127+0000] {logging_mixin.py:188} INFO - [2024-08-04T13:33:26.126+0000] {dagbag.py:545} INFO - Filling up the DagBag from /home/airflow/.local/lib/python3.12/site-packages/airflow/example_dags/example_skip_dag.py
[2024-08-04T13:33:26.137+0000] {processor.py:840} INFO - DAG(s) 'example_skip_dag' retrieved from /home/airflow/.local/lib/python3.12/site-packages/airflow/example_dags/example_skip_dag.py
[2024-08-04T13:33:26.171+0000] {logging_mixin.py:188} INFO - [2024-08-04T13:33:26.171+0000] {dag.py:3089} INFO - Sync 1 DAGs
[2024-08-04T13:33:26.196+0000] {logging_mixin.py:188} INFO - [2024-08-04T13:33:26.196+0000] {dag.py:3947} INFO - Setting next_dagrun for example_skip_dag to 2024-08-03 00:00:00+00:00, run_after=2024-08-04 00:00:00+00:00
[2024-08-04T13:33:26.223+0000] {processor.py:183} INFO - Processing /home/airflow/.local/lib/python3.12/site-packages/airflow/example_dags/example_skip_dag.py took 0.112 seconds
[2024-08-04T13:33:56.890+0000] {processor.py:161} INFO - Started process (PID=3664) to work on /home/airflow/.local/lib/python3.12/site-packages/airflow/example_dags/example_skip_dag.py
[2024-08-04T13:33:56.897+0000] {processor.py:830} INFO - Processing file /home/airflow/.local/lib/python3.12/site-packages/airflow/example_dags/example_skip_dag.py for tasks to queue
[2024-08-04T13:33:56.900+0000] {logging_mixin.py:188} INFO - [2024-08-04T13:33:56.900+0000] {dagbag.py:545} INFO - Filling up the DagBag from /home/airflow/.local/lib/python3.12/site-packages/airflow/example_dags/example_skip_dag.py
[2024-08-04T13:33:56.907+0000] {processor.py:840} INFO - DAG(s) 'example_skip_dag' retrieved from /home/airflow/.local/lib/python3.12/site-packages/airflow/example_dags/example_skip_dag.py
[2024-08-04T13:33:56.943+0000] {logging_mixin.py:188} INFO - [2024-08-04T13:33:56.942+0000] {dag.py:3089} INFO - Sync 1 DAGs
[2024-08-04T13:33:56.973+0000] {logging_mixin.py:188} INFO - [2024-08-04T13:33:56.973+0000] {dag.py:3947} INFO - Setting next_dagrun for example_skip_dag to 2024-08-03 00:00:00+00:00, run_after=2024-08-04 00:00:00+00:00
[2024-08-04T13:33:57.021+0000] {processor.py:183} INFO - Processing /home/airflow/.local/lib/python3.12/site-packages/airflow/example_dags/example_skip_dag.py took 0.138 seconds
[2024-08-04T13:34:28.092+0000] {processor.py:161} INFO - Started process (PID=3728) to work on /home/airflow/.local/lib/python3.12/site-packages/airflow/example_dags/example_skip_dag.py
[2024-08-04T13:34:28.093+0000] {processor.py:830} INFO - Processing file /home/airflow/.local/lib/python3.12/site-packages/airflow/example_dags/example_skip_dag.py for tasks to queue
[2024-08-04T13:34:28.096+0000] {logging_mixin.py:188} INFO - [2024-08-04T13:34:28.095+0000] {dagbag.py:545} INFO - Filling up the DagBag from /home/airflow/.local/lib/python3.12/site-packages/airflow/example_dags/example_skip_dag.py
[2024-08-04T13:34:28.102+0000] {processor.py:840} INFO - DAG(s) 'example_skip_dag' retrieved from /home/airflow/.local/lib/python3.12/site-packages/airflow/example_dags/example_skip_dag.py
[2024-08-04T13:34:28.124+0000] {logging_mixin.py:188} INFO - [2024-08-04T13:34:28.124+0000] {dag.py:3089} INFO - Sync 1 DAGs
[2024-08-04T13:34:28.147+0000] {logging_mixin.py:188} INFO - [2024-08-04T13:34:28.146+0000] {dag.py:3947} INFO - Setting next_dagrun for example_skip_dag to 2024-08-03 00:00:00+00:00, run_after=2024-08-04 00:00:00+00:00
[2024-08-04T13:34:28.170+0000] {processor.py:183} INFO - Processing /home/airflow/.local/lib/python3.12/site-packages/airflow/example_dags/example_skip_dag.py took 0.085 seconds
[2024-08-04T13:34:58.306+0000] {processor.py:161} INFO - Started process (PID=3792) to work on /home/airflow/.local/lib/python3.12/site-packages/airflow/example_dags/example_skip_dag.py
[2024-08-04T13:34:58.309+0000] {processor.py:830} INFO - Processing file /home/airflow/.local/lib/python3.12/site-packages/airflow/example_dags/example_skip_dag.py for tasks to queue
[2024-08-04T13:34:58.313+0000] {logging_mixin.py:188} INFO - [2024-08-04T13:34:58.312+0000] {dagbag.py:545} INFO - Filling up the DagBag from /home/airflow/.local/lib/python3.12/site-packages/airflow/example_dags/example_skip_dag.py
[2024-08-04T13:34:58.327+0000] {processor.py:840} INFO - DAG(s) 'example_skip_dag' retrieved from /home/airflow/.local/lib/python3.12/site-packages/airflow/example_dags/example_skip_dag.py
[2024-08-04T13:34:58.358+0000] {logging_mixin.py:188} INFO - [2024-08-04T13:34:58.357+0000] {dag.py:3089} INFO - Sync 1 DAGs
[2024-08-04T13:34:58.389+0000] {logging_mixin.py:188} INFO - [2024-08-04T13:34:58.388+0000] {dag.py:3947} INFO - Setting next_dagrun for example_skip_dag to 2024-08-03 00:00:00+00:00, run_after=2024-08-04 00:00:00+00:00
[2024-08-04T13:34:58.412+0000] {processor.py:183} INFO - Processing /home/airflow/.local/lib/python3.12/site-packages/airflow/example_dags/example_skip_dag.py took 0.116 seconds
