[2024-08-04T12:59:06.663+0000] {processor.py:161} INFO - Started process (PID=87) to work on /home/airflow/.local/lib/python3.12/site-packages/airflow/example_dags/example_nested_branch_dag.py
[2024-08-04T12:59:06.664+0000] {processor.py:830} INFO - Processing file /home/airflow/.local/lib/python3.12/site-packages/airflow/example_dags/example_nested_branch_dag.py for tasks to queue
[2024-08-04T12:59:06.666+0000] {logging_mixin.py:188} INFO - [2024-08-04T12:59:06.666+0000] {dagbag.py:545} INFO - Filling up the DagBag from /home/airflow/.local/lib/python3.12/site-packages/airflow/example_dags/example_nested_branch_dag.py
[2024-08-04T12:59:06.678+0000] {processor.py:840} INFO - DAG(s) 'example_nested_branch_dag' retrieved from /home/airflow/.local/lib/python3.12/site-packages/airflow/example_dags/example_nested_branch_dag.py
[2024-08-04T12:59:06.700+0000] {logging_mixin.py:188} INFO - [2024-08-04T12:59:06.700+0000] {dag.py:3089} INFO - Sync 1 DAGs
[2024-08-04T12:59:06.728+0000] {logging_mixin.py:188} INFO - [2024-08-04T12:59:06.728+0000] {dag.py:3947} INFO - Setting next_dagrun for example_nested_branch_dag to 2024-08-03 00:00:00+00:00, run_after=2024-08-04 00:00:00+00:00
[2024-08-04T12:59:06.752+0000] {processor.py:183} INFO - Processing /home/airflow/.local/lib/python3.12/site-packages/airflow/example_dags/example_nested_branch_dag.py took 0.096 seconds
[2024-08-04T12:59:37.751+0000] {processor.py:161} INFO - Started process (PID=151) to work on /home/airflow/.local/lib/python3.12/site-packages/airflow/example_dags/example_nested_branch_dag.py
[2024-08-04T12:59:37.752+0000] {processor.py:830} INFO - Processing file /home/airflow/.local/lib/python3.12/site-packages/airflow/example_dags/example_nested_branch_dag.py for tasks to queue
[2024-08-04T12:59:37.754+0000] {logging_mixin.py:188} INFO - [2024-08-04T12:59:37.754+0000] {dagbag.py:545} INFO - Filling up the DagBag from /home/airflow/.local/lib/python3.12/site-packages/airflow/example_dags/example_nested_branch_dag.py
[2024-08-04T12:59:37.768+0000] {processor.py:840} INFO - DAG(s) 'example_nested_branch_dag' retrieved from /home/airflow/.local/lib/python3.12/site-packages/airflow/example_dags/example_nested_branch_dag.py
[2024-08-04T12:59:37.798+0000] {logging_mixin.py:188} INFO - [2024-08-04T12:59:37.798+0000] {dag.py:3089} INFO - Sync 1 DAGs
[2024-08-04T12:59:37.826+0000] {logging_mixin.py:188} INFO - [2024-08-04T12:59:37.826+0000] {dag.py:3947} INFO - Setting next_dagrun for example_nested_branch_dag to 2024-08-03 00:00:00+00:00, run_after=2024-08-04 00:00:00+00:00
[2024-08-04T12:59:37.849+0000] {processor.py:183} INFO - Processing /home/airflow/.local/lib/python3.12/site-packages/airflow/example_dags/example_nested_branch_dag.py took 0.107 seconds
[2024-08-04T13:00:09.605+0000] {processor.py:161} INFO - Started process (PID=215) to work on /home/airflow/.local/lib/python3.12/site-packages/airflow/example_dags/example_nested_branch_dag.py
[2024-08-04T13:00:09.607+0000] {processor.py:830} INFO - Processing file /home/airflow/.local/lib/python3.12/site-packages/airflow/example_dags/example_nested_branch_dag.py for tasks to queue
[2024-08-04T13:00:09.610+0000] {logging_mixin.py:188} INFO - [2024-08-04T13:00:09.609+0000] {dagbag.py:545} INFO - Filling up the DagBag from /home/airflow/.local/lib/python3.12/site-packages/airflow/example_dags/example_nested_branch_dag.py
[2024-08-04T13:00:09.623+0000] {processor.py:840} INFO - DAG(s) 'example_nested_branch_dag' retrieved from /home/airflow/.local/lib/python3.12/site-packages/airflow/example_dags/example_nested_branch_dag.py
[2024-08-04T13:00:09.657+0000] {logging_mixin.py:188} INFO - [2024-08-04T13:00:09.657+0000] {dag.py:3089} INFO - Sync 1 DAGs
[2024-08-04T13:00:09.683+0000] {logging_mixin.py:188} INFO - [2024-08-04T13:00:09.683+0000] {dag.py:3947} INFO - Setting next_dagrun for example_nested_branch_dag to 2024-08-03 00:00:00+00:00, run_after=2024-08-04 00:00:00+00:00
[2024-08-04T13:00:09.708+0000] {processor.py:183} INFO - Processing /home/airflow/.local/lib/python3.12/site-packages/airflow/example_dags/example_nested_branch_dag.py took 0.110 seconds
[2024-08-04T13:00:40.611+0000] {processor.py:161} INFO - Started process (PID=279) to work on /home/airflow/.local/lib/python3.12/site-packages/airflow/example_dags/example_nested_branch_dag.py
[2024-08-04T13:00:40.613+0000] {processor.py:830} INFO - Processing file /home/airflow/.local/lib/python3.12/site-packages/airflow/example_dags/example_nested_branch_dag.py for tasks to queue
[2024-08-04T13:00:40.615+0000] {logging_mixin.py:188} INFO - [2024-08-04T13:00:40.615+0000] {dagbag.py:545} INFO - Filling up the DagBag from /home/airflow/.local/lib/python3.12/site-packages/airflow/example_dags/example_nested_branch_dag.py
[2024-08-04T13:00:40.629+0000] {processor.py:840} INFO - DAG(s) 'example_nested_branch_dag' retrieved from /home/airflow/.local/lib/python3.12/site-packages/airflow/example_dags/example_nested_branch_dag.py
[2024-08-04T13:00:40.656+0000] {logging_mixin.py:188} INFO - [2024-08-04T13:00:40.656+0000] {dag.py:3089} INFO - Sync 1 DAGs
[2024-08-04T13:00:40.681+0000] {logging_mixin.py:188} INFO - [2024-08-04T13:00:40.680+0000] {dag.py:3947} INFO - Setting next_dagrun for example_nested_branch_dag to 2024-08-03 00:00:00+00:00, run_after=2024-08-04 00:00:00+00:00
[2024-08-04T13:00:40.704+0000] {processor.py:183} INFO - Processing /home/airflow/.local/lib/python3.12/site-packages/airflow/example_dags/example_nested_branch_dag.py took 0.101 seconds
[2024-08-04T13:01:11.591+0000] {processor.py:161} INFO - Started process (PID=344) to work on /home/airflow/.local/lib/python3.12/site-packages/airflow/example_dags/example_nested_branch_dag.py
[2024-08-04T13:01:11.592+0000] {processor.py:830} INFO - Processing file /home/airflow/.local/lib/python3.12/site-packages/airflow/example_dags/example_nested_branch_dag.py for tasks to queue
[2024-08-04T13:01:11.594+0000] {logging_mixin.py:188} INFO - [2024-08-04T13:01:11.594+0000] {dagbag.py:545} INFO - Filling up the DagBag from /home/airflow/.local/lib/python3.12/site-packages/airflow/example_dags/example_nested_branch_dag.py
[2024-08-04T13:01:11.604+0000] {processor.py:840} INFO - DAG(s) 'example_nested_branch_dag' retrieved from /home/airflow/.local/lib/python3.12/site-packages/airflow/example_dags/example_nested_branch_dag.py
[2024-08-04T13:01:11.628+0000] {logging_mixin.py:188} INFO - [2024-08-04T13:01:11.627+0000] {dag.py:3089} INFO - Sync 1 DAGs
[2024-08-04T13:01:11.660+0000] {logging_mixin.py:188} INFO - [2024-08-04T13:01:11.659+0000] {dag.py:3947} INFO - Setting next_dagrun for example_nested_branch_dag to 2024-08-03 00:00:00+00:00, run_after=2024-08-04 00:00:00+00:00
[2024-08-04T13:01:11.682+0000] {processor.py:183} INFO - Processing /home/airflow/.local/lib/python3.12/site-packages/airflow/example_dags/example_nested_branch_dag.py took 0.097 seconds
[2024-08-04T13:01:42.904+0000] {processor.py:161} INFO - Started process (PID=408) to work on /home/airflow/.local/lib/python3.12/site-packages/airflow/example_dags/example_nested_branch_dag.py
[2024-08-04T13:01:42.905+0000] {processor.py:830} INFO - Processing file /home/airflow/.local/lib/python3.12/site-packages/airflow/example_dags/example_nested_branch_dag.py for tasks to queue
[2024-08-04T13:01:42.907+0000] {logging_mixin.py:188} INFO - [2024-08-04T13:01:42.907+0000] {dagbag.py:545} INFO - Filling up the DagBag from /home/airflow/.local/lib/python3.12/site-packages/airflow/example_dags/example_nested_branch_dag.py
[2024-08-04T13:01:42.918+0000] {processor.py:840} INFO - DAG(s) 'example_nested_branch_dag' retrieved from /home/airflow/.local/lib/python3.12/site-packages/airflow/example_dags/example_nested_branch_dag.py
[2024-08-04T13:01:42.939+0000] {logging_mixin.py:188} INFO - [2024-08-04T13:01:42.939+0000] {dag.py:3089} INFO - Sync 1 DAGs
[2024-08-04T13:01:42.962+0000] {logging_mixin.py:188} INFO - [2024-08-04T13:01:42.962+0000] {dag.py:3947} INFO - Setting next_dagrun for example_nested_branch_dag to 2024-08-03 00:00:00+00:00, run_after=2024-08-04 00:00:00+00:00
[2024-08-04T13:01:42.981+0000] {processor.py:183} INFO - Processing /home/airflow/.local/lib/python3.12/site-packages/airflow/example_dags/example_nested_branch_dag.py took 0.083 seconds
[2024-08-04T13:02:13.559+0000] {processor.py:161} INFO - Started process (PID=472) to work on /home/airflow/.local/lib/python3.12/site-packages/airflow/example_dags/example_nested_branch_dag.py
[2024-08-04T13:02:13.560+0000] {processor.py:830} INFO - Processing file /home/airflow/.local/lib/python3.12/site-packages/airflow/example_dags/example_nested_branch_dag.py for tasks to queue
[2024-08-04T13:02:13.563+0000] {logging_mixin.py:188} INFO - [2024-08-04T13:02:13.563+0000] {dagbag.py:545} INFO - Filling up the DagBag from /home/airflow/.local/lib/python3.12/site-packages/airflow/example_dags/example_nested_branch_dag.py
[2024-08-04T13:02:13.578+0000] {processor.py:840} INFO - DAG(s) 'example_nested_branch_dag' retrieved from /home/airflow/.local/lib/python3.12/site-packages/airflow/example_dags/example_nested_branch_dag.py
[2024-08-04T13:02:13.606+0000] {logging_mixin.py:188} INFO - [2024-08-04T13:02:13.605+0000] {dag.py:3089} INFO - Sync 1 DAGs
[2024-08-04T13:02:13.632+0000] {logging_mixin.py:188} INFO - [2024-08-04T13:02:13.632+0000] {dag.py:3947} INFO - Setting next_dagrun for example_nested_branch_dag to 2024-08-03 00:00:00+00:00, run_after=2024-08-04 00:00:00+00:00
[2024-08-04T13:02:13.659+0000] {processor.py:183} INFO - Processing /home/airflow/.local/lib/python3.12/site-packages/airflow/example_dags/example_nested_branch_dag.py took 0.110 seconds
[2024-08-04T13:05:02.188+0000] {processor.py:161} INFO - Started process (PID=88) to work on /home/airflow/.local/lib/python3.12/site-packages/airflow/example_dags/example_nested_branch_dag.py
[2024-08-04T13:05:02.190+0000] {processor.py:830} INFO - Processing file /home/airflow/.local/lib/python3.12/site-packages/airflow/example_dags/example_nested_branch_dag.py for tasks to queue
[2024-08-04T13:05:02.193+0000] {logging_mixin.py:188} INFO - [2024-08-04T13:05:02.193+0000] {dagbag.py:545} INFO - Filling up the DagBag from /home/airflow/.local/lib/python3.12/site-packages/airflow/example_dags/example_nested_branch_dag.py
[2024-08-04T13:05:02.204+0000] {processor.py:840} INFO - DAG(s) 'example_nested_branch_dag' retrieved from /home/airflow/.local/lib/python3.12/site-packages/airflow/example_dags/example_nested_branch_dag.py
[2024-08-04T13:05:02.318+0000] {logging_mixin.py:188} INFO - [2024-08-04T13:05:02.318+0000] {dag.py:3089} INFO - Sync 1 DAGs
[2024-08-04T13:05:02.342+0000] {logging_mixin.py:188} INFO - [2024-08-04T13:05:02.341+0000] {dag.py:3947} INFO - Setting next_dagrun for example_nested_branch_dag to 2024-08-03 00:00:00+00:00, run_after=2024-08-04 00:00:00+00:00
[2024-08-04T13:05:02.365+0000] {processor.py:183} INFO - Processing /home/airflow/.local/lib/python3.12/site-packages/airflow/example_dags/example_nested_branch_dag.py took 0.183 seconds
[2024-08-04T13:05:32.968+0000] {processor.py:161} INFO - Started process (PID=153) to work on /home/airflow/.local/lib/python3.12/site-packages/airflow/example_dags/example_nested_branch_dag.py
[2024-08-04T13:05:32.971+0000] {processor.py:830} INFO - Processing file /home/airflow/.local/lib/python3.12/site-packages/airflow/example_dags/example_nested_branch_dag.py for tasks to queue
[2024-08-04T13:05:32.973+0000] {logging_mixin.py:188} INFO - [2024-08-04T13:05:32.973+0000] {dagbag.py:545} INFO - Filling up the DagBag from /home/airflow/.local/lib/python3.12/site-packages/airflow/example_dags/example_nested_branch_dag.py
[2024-08-04T13:05:32.987+0000] {processor.py:840} INFO - DAG(s) 'example_nested_branch_dag' retrieved from /home/airflow/.local/lib/python3.12/site-packages/airflow/example_dags/example_nested_branch_dag.py
[2024-08-04T13:05:33.020+0000] {logging_mixin.py:188} INFO - [2024-08-04T13:05:33.020+0000] {dag.py:3089} INFO - Sync 1 DAGs
[2024-08-04T13:05:33.051+0000] {logging_mixin.py:188} INFO - [2024-08-04T13:05:33.051+0000] {dag.py:3947} INFO - Setting next_dagrun for example_nested_branch_dag to 2024-08-03 00:00:00+00:00, run_after=2024-08-04 00:00:00+00:00
[2024-08-04T13:05:33.075+0000] {processor.py:183} INFO - Processing /home/airflow/.local/lib/python3.12/site-packages/airflow/example_dags/example_nested_branch_dag.py took 0.113 seconds
[2024-08-04T13:06:03.348+0000] {processor.py:161} INFO - Started process (PID=217) to work on /home/airflow/.local/lib/python3.12/site-packages/airflow/example_dags/example_nested_branch_dag.py
[2024-08-04T13:06:03.351+0000] {processor.py:830} INFO - Processing file /home/airflow/.local/lib/python3.12/site-packages/airflow/example_dags/example_nested_branch_dag.py for tasks to queue
[2024-08-04T13:06:03.353+0000] {logging_mixin.py:188} INFO - [2024-08-04T13:06:03.353+0000] {dagbag.py:545} INFO - Filling up the DagBag from /home/airflow/.local/lib/python3.12/site-packages/airflow/example_dags/example_nested_branch_dag.py
[2024-08-04T13:06:03.366+0000] {processor.py:840} INFO - DAG(s) 'example_nested_branch_dag' retrieved from /home/airflow/.local/lib/python3.12/site-packages/airflow/example_dags/example_nested_branch_dag.py
[2024-08-04T13:06:03.394+0000] {logging_mixin.py:188} INFO - [2024-08-04T13:06:03.394+0000] {dag.py:3089} INFO - Sync 1 DAGs
[2024-08-04T13:06:03.421+0000] {logging_mixin.py:188} INFO - [2024-08-04T13:06:03.421+0000] {dag.py:3947} INFO - Setting next_dagrun for example_nested_branch_dag to 2024-08-03 00:00:00+00:00, run_after=2024-08-04 00:00:00+00:00
[2024-08-04T13:06:03.450+0000] {processor.py:183} INFO - Processing /home/airflow/.local/lib/python3.12/site-packages/airflow/example_dags/example_nested_branch_dag.py took 0.109 seconds
[2024-08-04T13:06:34.188+0000] {processor.py:161} INFO - Started process (PID=285) to work on /home/airflow/.local/lib/python3.12/site-packages/airflow/example_dags/example_nested_branch_dag.py
[2024-08-04T13:06:34.189+0000] {processor.py:830} INFO - Processing file /home/airflow/.local/lib/python3.12/site-packages/airflow/example_dags/example_nested_branch_dag.py for tasks to queue
[2024-08-04T13:06:34.192+0000] {logging_mixin.py:188} INFO - [2024-08-04T13:06:34.192+0000] {dagbag.py:545} INFO - Filling up the DagBag from /home/airflow/.local/lib/python3.12/site-packages/airflow/example_dags/example_nested_branch_dag.py
[2024-08-04T13:06:34.202+0000] {processor.py:840} INFO - DAG(s) 'example_nested_branch_dag' retrieved from /home/airflow/.local/lib/python3.12/site-packages/airflow/example_dags/example_nested_branch_dag.py
[2024-08-04T13:06:34.233+0000] {logging_mixin.py:188} INFO - [2024-08-04T13:06:34.233+0000] {dag.py:3089} INFO - Sync 1 DAGs
[2024-08-04T13:06:34.263+0000] {logging_mixin.py:188} INFO - [2024-08-04T13:06:34.263+0000] {dag.py:3947} INFO - Setting next_dagrun for example_nested_branch_dag to 2024-08-03 00:00:00+00:00, run_after=2024-08-04 00:00:00+00:00
[2024-08-04T13:06:34.286+0000] {processor.py:183} INFO - Processing /home/airflow/.local/lib/python3.12/site-packages/airflow/example_dags/example_nested_branch_dag.py took 0.105 seconds
[2024-08-04T13:07:04.929+0000] {processor.py:161} INFO - Started process (PID=349) to work on /home/airflow/.local/lib/python3.12/site-packages/airflow/example_dags/example_nested_branch_dag.py
[2024-08-04T13:07:04.931+0000] {processor.py:830} INFO - Processing file /home/airflow/.local/lib/python3.12/site-packages/airflow/example_dags/example_nested_branch_dag.py for tasks to queue
[2024-08-04T13:07:04.933+0000] {logging_mixin.py:188} INFO - [2024-08-04T13:07:04.933+0000] {dagbag.py:545} INFO - Filling up the DagBag from /home/airflow/.local/lib/python3.12/site-packages/airflow/example_dags/example_nested_branch_dag.py
[2024-08-04T13:07:04.944+0000] {processor.py:840} INFO - DAG(s) 'example_nested_branch_dag' retrieved from /home/airflow/.local/lib/python3.12/site-packages/airflow/example_dags/example_nested_branch_dag.py
[2024-08-04T13:07:04.968+0000] {logging_mixin.py:188} INFO - [2024-08-04T13:07:04.968+0000] {dag.py:3089} INFO - Sync 1 DAGs
[2024-08-04T13:07:04.992+0000] {logging_mixin.py:188} INFO - [2024-08-04T13:07:04.992+0000] {dag.py:3947} INFO - Setting next_dagrun for example_nested_branch_dag to 2024-08-03 00:00:00+00:00, run_after=2024-08-04 00:00:00+00:00
[2024-08-04T13:07:05.015+0000] {processor.py:183} INFO - Processing /home/airflow/.local/lib/python3.12/site-packages/airflow/example_dags/example_nested_branch_dag.py took 0.093 seconds
[2024-08-04T13:07:36.551+0000] {processor.py:161} INFO - Started process (PID=419) to work on /home/airflow/.local/lib/python3.12/site-packages/airflow/example_dags/example_nested_branch_dag.py
[2024-08-04T13:07:36.552+0000] {processor.py:830} INFO - Processing file /home/airflow/.local/lib/python3.12/site-packages/airflow/example_dags/example_nested_branch_dag.py for tasks to queue
[2024-08-04T13:07:36.555+0000] {logging_mixin.py:188} INFO - [2024-08-04T13:07:36.555+0000] {dagbag.py:545} INFO - Filling up the DagBag from /home/airflow/.local/lib/python3.12/site-packages/airflow/example_dags/example_nested_branch_dag.py
[2024-08-04T13:07:36.566+0000] {processor.py:840} INFO - DAG(s) 'example_nested_branch_dag' retrieved from /home/airflow/.local/lib/python3.12/site-packages/airflow/example_dags/example_nested_branch_dag.py
[2024-08-04T13:07:36.589+0000] {logging_mixin.py:188} INFO - [2024-08-04T13:07:36.589+0000] {dag.py:3089} INFO - Sync 1 DAGs
[2024-08-04T13:07:36.614+0000] {logging_mixin.py:188} INFO - [2024-08-04T13:07:36.613+0000] {dag.py:3947} INFO - Setting next_dagrun for example_nested_branch_dag to 2024-08-03 00:00:00+00:00, run_after=2024-08-04 00:00:00+00:00
[2024-08-04T13:07:36.637+0000] {processor.py:183} INFO - Processing /home/airflow/.local/lib/python3.12/site-packages/airflow/example_dags/example_nested_branch_dag.py took 0.091 seconds
[2024-08-04T13:08:07.434+0000] {processor.py:161} INFO - Started process (PID=483) to work on /home/airflow/.local/lib/python3.12/site-packages/airflow/example_dags/example_nested_branch_dag.py
[2024-08-04T13:08:07.436+0000] {processor.py:830} INFO - Processing file /home/airflow/.local/lib/python3.12/site-packages/airflow/example_dags/example_nested_branch_dag.py for tasks to queue
[2024-08-04T13:08:07.439+0000] {logging_mixin.py:188} INFO - [2024-08-04T13:08:07.439+0000] {dagbag.py:545} INFO - Filling up the DagBag from /home/airflow/.local/lib/python3.12/site-packages/airflow/example_dags/example_nested_branch_dag.py
[2024-08-04T13:08:07.453+0000] {processor.py:840} INFO - DAG(s) 'example_nested_branch_dag' retrieved from /home/airflow/.local/lib/python3.12/site-packages/airflow/example_dags/example_nested_branch_dag.py
[2024-08-04T13:08:07.482+0000] {logging_mixin.py:188} INFO - [2024-08-04T13:08:07.482+0000] {dag.py:3089} INFO - Sync 1 DAGs
[2024-08-04T13:08:07.509+0000] {logging_mixin.py:188} INFO - [2024-08-04T13:08:07.508+0000] {dag.py:3947} INFO - Setting next_dagrun for example_nested_branch_dag to 2024-08-03 00:00:00+00:00, run_after=2024-08-04 00:00:00+00:00
[2024-08-04T13:08:07.539+0000] {processor.py:183} INFO - Processing /home/airflow/.local/lib/python3.12/site-packages/airflow/example_dags/example_nested_branch_dag.py took 0.114 seconds
[2024-08-04T13:08:38.012+0000] {processor.py:161} INFO - Started process (PID=547) to work on /home/airflow/.local/lib/python3.12/site-packages/airflow/example_dags/example_nested_branch_dag.py
[2024-08-04T13:08:38.013+0000] {processor.py:830} INFO - Processing file /home/airflow/.local/lib/python3.12/site-packages/airflow/example_dags/example_nested_branch_dag.py for tasks to queue
[2024-08-04T13:08:38.016+0000] {logging_mixin.py:188} INFO - [2024-08-04T13:08:38.015+0000] {dagbag.py:545} INFO - Filling up the DagBag from /home/airflow/.local/lib/python3.12/site-packages/airflow/example_dags/example_nested_branch_dag.py
[2024-08-04T13:08:38.026+0000] {processor.py:840} INFO - DAG(s) 'example_nested_branch_dag' retrieved from /home/airflow/.local/lib/python3.12/site-packages/airflow/example_dags/example_nested_branch_dag.py
[2024-08-04T13:08:38.049+0000] {logging_mixin.py:188} INFO - [2024-08-04T13:08:38.049+0000] {dag.py:3089} INFO - Sync 1 DAGs
[2024-08-04T13:08:38.074+0000] {logging_mixin.py:188} INFO - [2024-08-04T13:08:38.074+0000] {dag.py:3947} INFO - Setting next_dagrun for example_nested_branch_dag to 2024-08-03 00:00:00+00:00, run_after=2024-08-04 00:00:00+00:00
[2024-08-04T13:08:38.095+0000] {processor.py:183} INFO - Processing /home/airflow/.local/lib/python3.12/site-packages/airflow/example_dags/example_nested_branch_dag.py took 0.089 seconds
[2024-08-04T13:09:09.823+0000] {processor.py:161} INFO - Started process (PID=611) to work on /home/airflow/.local/lib/python3.12/site-packages/airflow/example_dags/example_nested_branch_dag.py
[2024-08-04T13:09:09.827+0000] {processor.py:830} INFO - Processing file /home/airflow/.local/lib/python3.12/site-packages/airflow/example_dags/example_nested_branch_dag.py for tasks to queue
[2024-08-04T13:09:09.830+0000] {logging_mixin.py:188} INFO - [2024-08-04T13:09:09.830+0000] {dagbag.py:545} INFO - Filling up the DagBag from /home/airflow/.local/lib/python3.12/site-packages/airflow/example_dags/example_nested_branch_dag.py
[2024-08-04T13:09:09.843+0000] {processor.py:840} INFO - DAG(s) 'example_nested_branch_dag' retrieved from /home/airflow/.local/lib/python3.12/site-packages/airflow/example_dags/example_nested_branch_dag.py
[2024-08-04T13:09:09.868+0000] {logging_mixin.py:188} INFO - [2024-08-04T13:09:09.868+0000] {dag.py:3089} INFO - Sync 1 DAGs
[2024-08-04T13:09:09.895+0000] {logging_mixin.py:188} INFO - [2024-08-04T13:09:09.895+0000] {dag.py:3947} INFO - Setting next_dagrun for example_nested_branch_dag to 2024-08-03 00:00:00+00:00, run_after=2024-08-04 00:00:00+00:00
[2024-08-04T13:09:09.917+0000] {processor.py:183} INFO - Processing /home/airflow/.local/lib/python3.12/site-packages/airflow/example_dags/example_nested_branch_dag.py took 0.101 seconds
[2024-08-04T13:09:41.251+0000] {processor.py:161} INFO - Started process (PID=674) to work on /home/airflow/.local/lib/python3.12/site-packages/airflow/example_dags/example_nested_branch_dag.py
[2024-08-04T13:09:41.253+0000] {processor.py:830} INFO - Processing file /home/airflow/.local/lib/python3.12/site-packages/airflow/example_dags/example_nested_branch_dag.py for tasks to queue
[2024-08-04T13:09:41.257+0000] {logging_mixin.py:188} INFO - [2024-08-04T13:09:41.256+0000] {dagbag.py:545} INFO - Filling up the DagBag from /home/airflow/.local/lib/python3.12/site-packages/airflow/example_dags/example_nested_branch_dag.py
[2024-08-04T13:09:41.276+0000] {processor.py:840} INFO - DAG(s) 'example_nested_branch_dag' retrieved from /home/airflow/.local/lib/python3.12/site-packages/airflow/example_dags/example_nested_branch_dag.py
[2024-08-04T13:09:41.312+0000] {logging_mixin.py:188} INFO - [2024-08-04T13:09:41.311+0000] {dag.py:3089} INFO - Sync 1 DAGs
[2024-08-04T13:09:41.349+0000] {logging_mixin.py:188} INFO - [2024-08-04T13:09:41.349+0000] {dag.py:3947} INFO - Setting next_dagrun for example_nested_branch_dag to 2024-08-03 00:00:00+00:00, run_after=2024-08-04 00:00:00+00:00
[2024-08-04T13:09:41.380+0000] {processor.py:183} INFO - Processing /home/airflow/.local/lib/python3.12/site-packages/airflow/example_dags/example_nested_branch_dag.py took 0.138 seconds
[2024-08-04T13:10:12.016+0000] {processor.py:161} INFO - Started process (PID=738) to work on /home/airflow/.local/lib/python3.12/site-packages/airflow/example_dags/example_nested_branch_dag.py
[2024-08-04T13:10:12.018+0000] {processor.py:830} INFO - Processing file /home/airflow/.local/lib/python3.12/site-packages/airflow/example_dags/example_nested_branch_dag.py for tasks to queue
[2024-08-04T13:10:12.021+0000] {logging_mixin.py:188} INFO - [2024-08-04T13:10:12.020+0000] {dagbag.py:545} INFO - Filling up the DagBag from /home/airflow/.local/lib/python3.12/site-packages/airflow/example_dags/example_nested_branch_dag.py
[2024-08-04T13:10:12.032+0000] {processor.py:840} INFO - DAG(s) 'example_nested_branch_dag' retrieved from /home/airflow/.local/lib/python3.12/site-packages/airflow/example_dags/example_nested_branch_dag.py
[2024-08-04T13:10:12.062+0000] {logging_mixin.py:188} INFO - [2024-08-04T13:10:12.062+0000] {dag.py:3089} INFO - Sync 1 DAGs
[2024-08-04T13:10:12.087+0000] {logging_mixin.py:188} INFO - [2024-08-04T13:10:12.086+0000] {dag.py:3947} INFO - Setting next_dagrun for example_nested_branch_dag to 2024-08-03 00:00:00+00:00, run_after=2024-08-04 00:00:00+00:00
[2024-08-04T13:10:12.113+0000] {processor.py:183} INFO - Processing /home/airflow/.local/lib/python3.12/site-packages/airflow/example_dags/example_nested_branch_dag.py took 0.103 seconds
[2024-08-04T13:10:42.520+0000] {processor.py:161} INFO - Started process (PID=802) to work on /home/airflow/.local/lib/python3.12/site-packages/airflow/example_dags/example_nested_branch_dag.py
[2024-08-04T13:10:42.521+0000] {processor.py:830} INFO - Processing file /home/airflow/.local/lib/python3.12/site-packages/airflow/example_dags/example_nested_branch_dag.py for tasks to queue
[2024-08-04T13:10:42.523+0000] {logging_mixin.py:188} INFO - [2024-08-04T13:10:42.523+0000] {dagbag.py:545} INFO - Filling up the DagBag from /home/airflow/.local/lib/python3.12/site-packages/airflow/example_dags/example_nested_branch_dag.py
[2024-08-04T13:10:42.533+0000] {processor.py:840} INFO - DAG(s) 'example_nested_branch_dag' retrieved from /home/airflow/.local/lib/python3.12/site-packages/airflow/example_dags/example_nested_branch_dag.py
[2024-08-04T13:10:42.568+0000] {logging_mixin.py:188} INFO - [2024-08-04T13:10:42.567+0000] {dag.py:3089} INFO - Sync 1 DAGs
[2024-08-04T13:10:42.591+0000] {logging_mixin.py:188} INFO - [2024-08-04T13:10:42.591+0000] {dag.py:3947} INFO - Setting next_dagrun for example_nested_branch_dag to 2024-08-03 00:00:00+00:00, run_after=2024-08-04 00:00:00+00:00
[2024-08-04T13:10:42.611+0000] {processor.py:183} INFO - Processing /home/airflow/.local/lib/python3.12/site-packages/airflow/example_dags/example_nested_branch_dag.py took 0.097 seconds
[2024-08-04T13:11:13.805+0000] {processor.py:161} INFO - Started process (PID=866) to work on /home/airflow/.local/lib/python3.12/site-packages/airflow/example_dags/example_nested_branch_dag.py
[2024-08-04T13:11:13.812+0000] {processor.py:830} INFO - Processing file /home/airflow/.local/lib/python3.12/site-packages/airflow/example_dags/example_nested_branch_dag.py for tasks to queue
[2024-08-04T13:11:13.817+0000] {logging_mixin.py:188} INFO - [2024-08-04T13:11:13.815+0000] {dagbag.py:545} INFO - Filling up the DagBag from /home/airflow/.local/lib/python3.12/site-packages/airflow/example_dags/example_nested_branch_dag.py
[2024-08-04T13:11:13.828+0000] {processor.py:840} INFO - DAG(s) 'example_nested_branch_dag' retrieved from /home/airflow/.local/lib/python3.12/site-packages/airflow/example_dags/example_nested_branch_dag.py
[2024-08-04T13:11:13.857+0000] {logging_mixin.py:188} INFO - [2024-08-04T13:11:13.856+0000] {dag.py:3089} INFO - Sync 1 DAGs
[2024-08-04T13:11:13.895+0000] {logging_mixin.py:188} INFO - [2024-08-04T13:11:13.895+0000] {dag.py:3947} INFO - Setting next_dagrun for example_nested_branch_dag to 2024-08-03 00:00:00+00:00, run_after=2024-08-04 00:00:00+00:00
[2024-08-04T13:11:13.936+0000] {processor.py:183} INFO - Processing /home/airflow/.local/lib/python3.12/site-packages/airflow/example_dags/example_nested_branch_dag.py took 0.137 seconds
[2024-08-04T13:11:44.314+0000] {processor.py:161} INFO - Started process (PID=930) to work on /home/airflow/.local/lib/python3.12/site-packages/airflow/example_dags/example_nested_branch_dag.py
[2024-08-04T13:11:44.318+0000] {processor.py:830} INFO - Processing file /home/airflow/.local/lib/python3.12/site-packages/airflow/example_dags/example_nested_branch_dag.py for tasks to queue
[2024-08-04T13:11:44.339+0000] {logging_mixin.py:188} INFO - [2024-08-04T13:11:44.338+0000] {dagbag.py:545} INFO - Filling up the DagBag from /home/airflow/.local/lib/python3.12/site-packages/airflow/example_dags/example_nested_branch_dag.py
[2024-08-04T13:11:44.359+0000] {processor.py:840} INFO - DAG(s) 'example_nested_branch_dag' retrieved from /home/airflow/.local/lib/python3.12/site-packages/airflow/example_dags/example_nested_branch_dag.py
[2024-08-04T13:11:44.392+0000] {logging_mixin.py:188} INFO - [2024-08-04T13:11:44.392+0000] {dag.py:3089} INFO - Sync 1 DAGs
[2024-08-04T13:11:44.422+0000] {logging_mixin.py:188} INFO - [2024-08-04T13:11:44.422+0000] {dag.py:3947} INFO - Setting next_dagrun for example_nested_branch_dag to 2024-08-03 00:00:00+00:00, run_after=2024-08-04 00:00:00+00:00
[2024-08-04T13:11:44.448+0000] {processor.py:183} INFO - Processing /home/airflow/.local/lib/python3.12/site-packages/airflow/example_dags/example_nested_branch_dag.py took 0.141 seconds
[2024-08-04T13:12:16.269+0000] {processor.py:161} INFO - Started process (PID=994) to work on /home/airflow/.local/lib/python3.12/site-packages/airflow/example_dags/example_nested_branch_dag.py
[2024-08-04T13:12:16.270+0000] {processor.py:830} INFO - Processing file /home/airflow/.local/lib/python3.12/site-packages/airflow/example_dags/example_nested_branch_dag.py for tasks to queue
[2024-08-04T13:12:16.273+0000] {logging_mixin.py:188} INFO - [2024-08-04T13:12:16.272+0000] {dagbag.py:545} INFO - Filling up the DagBag from /home/airflow/.local/lib/python3.12/site-packages/airflow/example_dags/example_nested_branch_dag.py
[2024-08-04T13:12:16.288+0000] {processor.py:840} INFO - DAG(s) 'example_nested_branch_dag' retrieved from /home/airflow/.local/lib/python3.12/site-packages/airflow/example_dags/example_nested_branch_dag.py
[2024-08-04T13:12:16.315+0000] {logging_mixin.py:188} INFO - [2024-08-04T13:12:16.315+0000] {dag.py:3089} INFO - Sync 1 DAGs
[2024-08-04T13:12:16.341+0000] {logging_mixin.py:188} INFO - [2024-08-04T13:12:16.341+0000] {dag.py:3947} INFO - Setting next_dagrun for example_nested_branch_dag to 2024-08-03 00:00:00+00:00, run_after=2024-08-04 00:00:00+00:00
[2024-08-04T13:12:16.363+0000] {processor.py:183} INFO - Processing /home/airflow/.local/lib/python3.12/site-packages/airflow/example_dags/example_nested_branch_dag.py took 0.101 seconds
[2024-08-04T13:12:47.665+0000] {processor.py:161} INFO - Started process (PID=1058) to work on /home/airflow/.local/lib/python3.12/site-packages/airflow/example_dags/example_nested_branch_dag.py
[2024-08-04T13:12:47.666+0000] {processor.py:830} INFO - Processing file /home/airflow/.local/lib/python3.12/site-packages/airflow/example_dags/example_nested_branch_dag.py for tasks to queue
[2024-08-04T13:12:47.669+0000] {logging_mixin.py:188} INFO - [2024-08-04T13:12:47.669+0000] {dagbag.py:545} INFO - Filling up the DagBag from /home/airflow/.local/lib/python3.12/site-packages/airflow/example_dags/example_nested_branch_dag.py
[2024-08-04T13:12:47.683+0000] {processor.py:840} INFO - DAG(s) 'example_nested_branch_dag' retrieved from /home/airflow/.local/lib/python3.12/site-packages/airflow/example_dags/example_nested_branch_dag.py
[2024-08-04T13:12:47.711+0000] {logging_mixin.py:188} INFO - [2024-08-04T13:12:47.710+0000] {dag.py:3089} INFO - Sync 1 DAGs
[2024-08-04T13:12:47.737+0000] {logging_mixin.py:188} INFO - [2024-08-04T13:12:47.737+0000] {dag.py:3947} INFO - Setting next_dagrun for example_nested_branch_dag to 2024-08-03 00:00:00+00:00, run_after=2024-08-04 00:00:00+00:00
[2024-08-04T13:12:47.765+0000] {processor.py:183} INFO - Processing /home/airflow/.local/lib/python3.12/site-packages/airflow/example_dags/example_nested_branch_dag.py took 0.108 seconds
[2024-08-04T13:13:18.542+0000] {processor.py:161} INFO - Started process (PID=1122) to work on /home/airflow/.local/lib/python3.12/site-packages/airflow/example_dags/example_nested_branch_dag.py
[2024-08-04T13:13:18.543+0000] {processor.py:830} INFO - Processing file /home/airflow/.local/lib/python3.12/site-packages/airflow/example_dags/example_nested_branch_dag.py for tasks to queue
[2024-08-04T13:13:18.546+0000] {logging_mixin.py:188} INFO - [2024-08-04T13:13:18.545+0000] {dagbag.py:545} INFO - Filling up the DagBag from /home/airflow/.local/lib/python3.12/site-packages/airflow/example_dags/example_nested_branch_dag.py
[2024-08-04T13:13:18.556+0000] {processor.py:840} INFO - DAG(s) 'example_nested_branch_dag' retrieved from /home/airflow/.local/lib/python3.12/site-packages/airflow/example_dags/example_nested_branch_dag.py
[2024-08-04T13:13:18.579+0000] {logging_mixin.py:188} INFO - [2024-08-04T13:13:18.579+0000] {dag.py:3089} INFO - Sync 1 DAGs
[2024-08-04T13:13:18.608+0000] {logging_mixin.py:188} INFO - [2024-08-04T13:13:18.608+0000] {dag.py:3947} INFO - Setting next_dagrun for example_nested_branch_dag to 2024-08-03 00:00:00+00:00, run_after=2024-08-04 00:00:00+00:00
[2024-08-04T13:13:18.633+0000] {processor.py:183} INFO - Processing /home/airflow/.local/lib/python3.12/site-packages/airflow/example_dags/example_nested_branch_dag.py took 0.099 seconds
[2024-08-04T13:13:50.457+0000] {processor.py:161} INFO - Started process (PID=1186) to work on /home/airflow/.local/lib/python3.12/site-packages/airflow/example_dags/example_nested_branch_dag.py
[2024-08-04T13:13:50.459+0000] {processor.py:830} INFO - Processing file /home/airflow/.local/lib/python3.12/site-packages/airflow/example_dags/example_nested_branch_dag.py for tasks to queue
[2024-08-04T13:13:50.461+0000] {logging_mixin.py:188} INFO - [2024-08-04T13:13:50.461+0000] {dagbag.py:545} INFO - Filling up the DagBag from /home/airflow/.local/lib/python3.12/site-packages/airflow/example_dags/example_nested_branch_dag.py
[2024-08-04T13:13:50.472+0000] {processor.py:840} INFO - DAG(s) 'example_nested_branch_dag' retrieved from /home/airflow/.local/lib/python3.12/site-packages/airflow/example_dags/example_nested_branch_dag.py
[2024-08-04T13:13:50.502+0000] {logging_mixin.py:188} INFO - [2024-08-04T13:13:50.501+0000] {dag.py:3089} INFO - Sync 1 DAGs
[2024-08-04T13:13:50.524+0000] {logging_mixin.py:188} INFO - [2024-08-04T13:13:50.524+0000] {dag.py:3947} INFO - Setting next_dagrun for example_nested_branch_dag to 2024-08-03 00:00:00+00:00, run_after=2024-08-04 00:00:00+00:00
[2024-08-04T13:13:50.550+0000] {processor.py:183} INFO - Processing /home/airflow/.local/lib/python3.12/site-packages/airflow/example_dags/example_nested_branch_dag.py took 0.099 seconds
[2024-08-04T13:14:22.707+0000] {processor.py:161} INFO - Started process (PID=1250) to work on /home/airflow/.local/lib/python3.12/site-packages/airflow/example_dags/example_nested_branch_dag.py
[2024-08-04T13:14:22.709+0000] {processor.py:830} INFO - Processing file /home/airflow/.local/lib/python3.12/site-packages/airflow/example_dags/example_nested_branch_dag.py for tasks to queue
[2024-08-04T13:14:22.711+0000] {logging_mixin.py:188} INFO - [2024-08-04T13:14:22.711+0000] {dagbag.py:545} INFO - Filling up the DagBag from /home/airflow/.local/lib/python3.12/site-packages/airflow/example_dags/example_nested_branch_dag.py
[2024-08-04T13:14:22.724+0000] {processor.py:840} INFO - DAG(s) 'example_nested_branch_dag' retrieved from /home/airflow/.local/lib/python3.12/site-packages/airflow/example_dags/example_nested_branch_dag.py
[2024-08-04T13:14:22.750+0000] {logging_mixin.py:188} INFO - [2024-08-04T13:14:22.750+0000] {dag.py:3089} INFO - Sync 1 DAGs
[2024-08-04T13:14:22.782+0000] {logging_mixin.py:188} INFO - [2024-08-04T13:14:22.782+0000] {dag.py:3947} INFO - Setting next_dagrun for example_nested_branch_dag to 2024-08-03 00:00:00+00:00, run_after=2024-08-04 00:00:00+00:00
[2024-08-04T13:14:22.813+0000] {processor.py:183} INFO - Processing /home/airflow/.local/lib/python3.12/site-packages/airflow/example_dags/example_nested_branch_dag.py took 0.114 seconds
[2024-08-04T13:14:53.439+0000] {processor.py:161} INFO - Started process (PID=1313) to work on /home/airflow/.local/lib/python3.12/site-packages/airflow/example_dags/example_nested_branch_dag.py
[2024-08-04T13:14:53.441+0000] {processor.py:830} INFO - Processing file /home/airflow/.local/lib/python3.12/site-packages/airflow/example_dags/example_nested_branch_dag.py for tasks to queue
[2024-08-04T13:14:53.443+0000] {logging_mixin.py:188} INFO - [2024-08-04T13:14:53.443+0000] {dagbag.py:545} INFO - Filling up the DagBag from /home/airflow/.local/lib/python3.12/site-packages/airflow/example_dags/example_nested_branch_dag.py
[2024-08-04T13:14:53.456+0000] {processor.py:840} INFO - DAG(s) 'example_nested_branch_dag' retrieved from /home/airflow/.local/lib/python3.12/site-packages/airflow/example_dags/example_nested_branch_dag.py
[2024-08-04T13:14:53.479+0000] {logging_mixin.py:188} INFO - [2024-08-04T13:14:53.479+0000] {dag.py:3089} INFO - Sync 1 DAGs
[2024-08-04T13:14:53.503+0000] {logging_mixin.py:188} INFO - [2024-08-04T13:14:53.503+0000] {dag.py:3947} INFO - Setting next_dagrun for example_nested_branch_dag to 2024-08-03 00:00:00+00:00, run_after=2024-08-04 00:00:00+00:00
[2024-08-04T13:14:53.525+0000] {processor.py:183} INFO - Processing /home/airflow/.local/lib/python3.12/site-packages/airflow/example_dags/example_nested_branch_dag.py took 0.094 seconds
[2024-08-04T13:15:24.888+0000] {processor.py:161} INFO - Started process (PID=1377) to work on /home/airflow/.local/lib/python3.12/site-packages/airflow/example_dags/example_nested_branch_dag.py
[2024-08-04T13:15:24.889+0000] {processor.py:830} INFO - Processing file /home/airflow/.local/lib/python3.12/site-packages/airflow/example_dags/example_nested_branch_dag.py for tasks to queue
[2024-08-04T13:15:24.892+0000] {logging_mixin.py:188} INFO - [2024-08-04T13:15:24.892+0000] {dagbag.py:545} INFO - Filling up the DagBag from /home/airflow/.local/lib/python3.12/site-packages/airflow/example_dags/example_nested_branch_dag.py
[2024-08-04T13:15:24.902+0000] {processor.py:840} INFO - DAG(s) 'example_nested_branch_dag' retrieved from /home/airflow/.local/lib/python3.12/site-packages/airflow/example_dags/example_nested_branch_dag.py
[2024-08-04T13:15:24.929+0000] {logging_mixin.py:188} INFO - [2024-08-04T13:15:24.929+0000] {dag.py:3089} INFO - Sync 1 DAGs
[2024-08-04T13:15:24.961+0000] {logging_mixin.py:188} INFO - [2024-08-04T13:15:24.961+0000] {dag.py:3947} INFO - Setting next_dagrun for example_nested_branch_dag to 2024-08-03 00:00:00+00:00, run_after=2024-08-04 00:00:00+00:00
[2024-08-04T13:15:24.987+0000] {processor.py:183} INFO - Processing /home/airflow/.local/lib/python3.12/site-packages/airflow/example_dags/example_nested_branch_dag.py took 0.105 seconds
[2024-08-04T13:15:55.621+0000] {processor.py:161} INFO - Started process (PID=1441) to work on /home/airflow/.local/lib/python3.12/site-packages/airflow/example_dags/example_nested_branch_dag.py
[2024-08-04T13:15:55.622+0000] {processor.py:830} INFO - Processing file /home/airflow/.local/lib/python3.12/site-packages/airflow/example_dags/example_nested_branch_dag.py for tasks to queue
[2024-08-04T13:15:55.624+0000] {logging_mixin.py:188} INFO - [2024-08-04T13:15:55.624+0000] {dagbag.py:545} INFO - Filling up the DagBag from /home/airflow/.local/lib/python3.12/site-packages/airflow/example_dags/example_nested_branch_dag.py
[2024-08-04T13:15:55.634+0000] {processor.py:840} INFO - DAG(s) 'example_nested_branch_dag' retrieved from /home/airflow/.local/lib/python3.12/site-packages/airflow/example_dags/example_nested_branch_dag.py
[2024-08-04T13:15:55.661+0000] {logging_mixin.py:188} INFO - [2024-08-04T13:15:55.661+0000] {dag.py:3089} INFO - Sync 1 DAGs
[2024-08-04T13:15:55.689+0000] {logging_mixin.py:188} INFO - [2024-08-04T13:15:55.689+0000] {dag.py:3947} INFO - Setting next_dagrun for example_nested_branch_dag to 2024-08-03 00:00:00+00:00, run_after=2024-08-04 00:00:00+00:00
[2024-08-04T13:15:55.720+0000] {processor.py:183} INFO - Processing /home/airflow/.local/lib/python3.12/site-packages/airflow/example_dags/example_nested_branch_dag.py took 0.105 seconds
[2024-08-04T13:16:26.400+0000] {processor.py:161} INFO - Started process (PID=1505) to work on /home/airflow/.local/lib/python3.12/site-packages/airflow/example_dags/example_nested_branch_dag.py
[2024-08-04T13:16:26.403+0000] {processor.py:830} INFO - Processing file /home/airflow/.local/lib/python3.12/site-packages/airflow/example_dags/example_nested_branch_dag.py for tasks to queue
[2024-08-04T13:16:26.407+0000] {logging_mixin.py:188} INFO - [2024-08-04T13:16:26.407+0000] {dagbag.py:545} INFO - Filling up the DagBag from /home/airflow/.local/lib/python3.12/site-packages/airflow/example_dags/example_nested_branch_dag.py
[2024-08-04T13:16:26.420+0000] {processor.py:840} INFO - DAG(s) 'example_nested_branch_dag' retrieved from /home/airflow/.local/lib/python3.12/site-packages/airflow/example_dags/example_nested_branch_dag.py
[2024-08-04T13:16:26.442+0000] {logging_mixin.py:188} INFO - [2024-08-04T13:16:26.442+0000] {dag.py:3089} INFO - Sync 1 DAGs
[2024-08-04T13:16:26.466+0000] {logging_mixin.py:188} INFO - [2024-08-04T13:16:26.466+0000] {dag.py:3947} INFO - Setting next_dagrun for example_nested_branch_dag to 2024-08-03 00:00:00+00:00, run_after=2024-08-04 00:00:00+00:00
[2024-08-04T13:16:26.490+0000] {processor.py:183} INFO - Processing /home/airflow/.local/lib/python3.12/site-packages/airflow/example_dags/example_nested_branch_dag.py took 0.098 seconds
[2024-08-04T13:16:57.643+0000] {processor.py:161} INFO - Started process (PID=1569) to work on /home/airflow/.local/lib/python3.12/site-packages/airflow/example_dags/example_nested_branch_dag.py
[2024-08-04T13:16:57.645+0000] {processor.py:830} INFO - Processing file /home/airflow/.local/lib/python3.12/site-packages/airflow/example_dags/example_nested_branch_dag.py for tasks to queue
[2024-08-04T13:16:57.648+0000] {logging_mixin.py:188} INFO - [2024-08-04T13:16:57.647+0000] {dagbag.py:545} INFO - Filling up the DagBag from /home/airflow/.local/lib/python3.12/site-packages/airflow/example_dags/example_nested_branch_dag.py
[2024-08-04T13:16:57.658+0000] {processor.py:840} INFO - DAG(s) 'example_nested_branch_dag' retrieved from /home/airflow/.local/lib/python3.12/site-packages/airflow/example_dags/example_nested_branch_dag.py
[2024-08-04T13:16:57.681+0000] {logging_mixin.py:188} INFO - [2024-08-04T13:16:57.681+0000] {dag.py:3089} INFO - Sync 1 DAGs
[2024-08-04T13:16:57.703+0000] {logging_mixin.py:188} INFO - [2024-08-04T13:16:57.703+0000] {dag.py:3947} INFO - Setting next_dagrun for example_nested_branch_dag to 2024-08-03 00:00:00+00:00, run_after=2024-08-04 00:00:00+00:00
[2024-08-04T13:16:57.727+0000] {processor.py:183} INFO - Processing /home/airflow/.local/lib/python3.12/site-packages/airflow/example_dags/example_nested_branch_dag.py took 0.093 seconds
[2024-08-04T13:17:28.108+0000] {processor.py:161} INFO - Started process (PID=1634) to work on /home/airflow/.local/lib/python3.12/site-packages/airflow/example_dags/example_nested_branch_dag.py
[2024-08-04T13:17:28.109+0000] {processor.py:830} INFO - Processing file /home/airflow/.local/lib/python3.12/site-packages/airflow/example_dags/example_nested_branch_dag.py for tasks to queue
[2024-08-04T13:17:28.113+0000] {logging_mixin.py:188} INFO - [2024-08-04T13:17:28.112+0000] {dagbag.py:545} INFO - Filling up the DagBag from /home/airflow/.local/lib/python3.12/site-packages/airflow/example_dags/example_nested_branch_dag.py
[2024-08-04T13:17:28.129+0000] {processor.py:840} INFO - DAG(s) 'example_nested_branch_dag' retrieved from /home/airflow/.local/lib/python3.12/site-packages/airflow/example_dags/example_nested_branch_dag.py
[2024-08-04T13:17:28.169+0000] {logging_mixin.py:188} INFO - [2024-08-04T13:17:28.168+0000] {dag.py:3089} INFO - Sync 1 DAGs
[2024-08-04T13:17:28.201+0000] {logging_mixin.py:188} INFO - [2024-08-04T13:17:28.200+0000] {dag.py:3947} INFO - Setting next_dagrun for example_nested_branch_dag to 2024-08-03 00:00:00+00:00, run_after=2024-08-04 00:00:00+00:00
[2024-08-04T13:17:28.230+0000] {processor.py:183} INFO - Processing /home/airflow/.local/lib/python3.12/site-packages/airflow/example_dags/example_nested_branch_dag.py took 0.132 seconds
[2024-08-04T13:17:59.210+0000] {processor.py:161} INFO - Started process (PID=1698) to work on /home/airflow/.local/lib/python3.12/site-packages/airflow/example_dags/example_nested_branch_dag.py
[2024-08-04T13:17:59.212+0000] {processor.py:830} INFO - Processing file /home/airflow/.local/lib/python3.12/site-packages/airflow/example_dags/example_nested_branch_dag.py for tasks to queue
[2024-08-04T13:17:59.214+0000] {logging_mixin.py:188} INFO - [2024-08-04T13:17:59.214+0000] {dagbag.py:545} INFO - Filling up the DagBag from /home/airflow/.local/lib/python3.12/site-packages/airflow/example_dags/example_nested_branch_dag.py
[2024-08-04T13:17:59.225+0000] {processor.py:840} INFO - DAG(s) 'example_nested_branch_dag' retrieved from /home/airflow/.local/lib/python3.12/site-packages/airflow/example_dags/example_nested_branch_dag.py
[2024-08-04T13:17:59.246+0000] {logging_mixin.py:188} INFO - [2024-08-04T13:17:59.246+0000] {dag.py:3089} INFO - Sync 1 DAGs
[2024-08-04T13:17:59.270+0000] {logging_mixin.py:188} INFO - [2024-08-04T13:17:59.270+0000] {dag.py:3947} INFO - Setting next_dagrun for example_nested_branch_dag to 2024-08-03 00:00:00+00:00, run_after=2024-08-04 00:00:00+00:00
[2024-08-04T13:17:59.293+0000] {processor.py:183} INFO - Processing /home/airflow/.local/lib/python3.12/site-packages/airflow/example_dags/example_nested_branch_dag.py took 0.090 seconds
[2024-08-04T13:18:30.348+0000] {processor.py:161} INFO - Started process (PID=1762) to work on /home/airflow/.local/lib/python3.12/site-packages/airflow/example_dags/example_nested_branch_dag.py
[2024-08-04T13:18:30.349+0000] {processor.py:830} INFO - Processing file /home/airflow/.local/lib/python3.12/site-packages/airflow/example_dags/example_nested_branch_dag.py for tasks to queue
[2024-08-04T13:18:30.351+0000] {logging_mixin.py:188} INFO - [2024-08-04T13:18:30.351+0000] {dagbag.py:545} INFO - Filling up the DagBag from /home/airflow/.local/lib/python3.12/site-packages/airflow/example_dags/example_nested_branch_dag.py
[2024-08-04T13:18:30.361+0000] {processor.py:840} INFO - DAG(s) 'example_nested_branch_dag' retrieved from /home/airflow/.local/lib/python3.12/site-packages/airflow/example_dags/example_nested_branch_dag.py
[2024-08-04T13:18:30.384+0000] {logging_mixin.py:188} INFO - [2024-08-04T13:18:30.383+0000] {dag.py:3089} INFO - Sync 1 DAGs
[2024-08-04T13:18:30.410+0000] {logging_mixin.py:188} INFO - [2024-08-04T13:18:30.409+0000] {dag.py:3947} INFO - Setting next_dagrun for example_nested_branch_dag to 2024-08-03 00:00:00+00:00, run_after=2024-08-04 00:00:00+00:00
[2024-08-04T13:18:30.438+0000] {processor.py:183} INFO - Processing /home/airflow/.local/lib/python3.12/site-packages/airflow/example_dags/example_nested_branch_dag.py took 0.096 seconds
[2024-08-04T13:19:03.048+0000] {processor.py:161} INFO - Started process (PID=1826) to work on /home/airflow/.local/lib/python3.12/site-packages/airflow/example_dags/example_nested_branch_dag.py
[2024-08-04T13:19:03.049+0000] {processor.py:830} INFO - Processing file /home/airflow/.local/lib/python3.12/site-packages/airflow/example_dags/example_nested_branch_dag.py for tasks to queue
[2024-08-04T13:19:03.051+0000] {logging_mixin.py:188} INFO - [2024-08-04T13:19:03.051+0000] {dagbag.py:545} INFO - Filling up the DagBag from /home/airflow/.local/lib/python3.12/site-packages/airflow/example_dags/example_nested_branch_dag.py
[2024-08-04T13:19:03.062+0000] {processor.py:840} INFO - DAG(s) 'example_nested_branch_dag' retrieved from /home/airflow/.local/lib/python3.12/site-packages/airflow/example_dags/example_nested_branch_dag.py
[2024-08-04T13:19:03.089+0000] {logging_mixin.py:188} INFO - [2024-08-04T13:19:03.089+0000] {dag.py:3089} INFO - Sync 1 DAGs
[2024-08-04T13:19:03.130+0000] {logging_mixin.py:188} INFO - [2024-08-04T13:19:03.130+0000] {dag.py:3947} INFO - Setting next_dagrun for example_nested_branch_dag to 2024-08-03 00:00:00+00:00, run_after=2024-08-04 00:00:00+00:00
[2024-08-04T13:19:03.158+0000] {processor.py:183} INFO - Processing /home/airflow/.local/lib/python3.12/site-packages/airflow/example_dags/example_nested_branch_dag.py took 0.116 seconds
[2024-08-04T13:19:34.548+0000] {processor.py:161} INFO - Started process (PID=1890) to work on /home/airflow/.local/lib/python3.12/site-packages/airflow/example_dags/example_nested_branch_dag.py
[2024-08-04T13:19:34.550+0000] {processor.py:830} INFO - Processing file /home/airflow/.local/lib/python3.12/site-packages/airflow/example_dags/example_nested_branch_dag.py for tasks to queue
[2024-08-04T13:19:34.553+0000] {logging_mixin.py:188} INFO - [2024-08-04T13:19:34.553+0000] {dagbag.py:545} INFO - Filling up the DagBag from /home/airflow/.local/lib/python3.12/site-packages/airflow/example_dags/example_nested_branch_dag.py
[2024-08-04T13:19:34.567+0000] {processor.py:840} INFO - DAG(s) 'example_nested_branch_dag' retrieved from /home/airflow/.local/lib/python3.12/site-packages/airflow/example_dags/example_nested_branch_dag.py
[2024-08-04T13:19:34.599+0000] {logging_mixin.py:188} INFO - [2024-08-04T13:19:34.599+0000] {dag.py:3089} INFO - Sync 1 DAGs
[2024-08-04T13:19:34.794+0000] {logging_mixin.py:188} INFO - [2024-08-04T13:19:34.794+0000] {dag.py:3947} INFO - Setting next_dagrun for example_nested_branch_dag to 2024-08-03 00:00:00+00:00, run_after=2024-08-04 00:00:00+00:00
[2024-08-04T13:19:34.829+0000] {processor.py:183} INFO - Processing /home/airflow/.local/lib/python3.12/site-packages/airflow/example_dags/example_nested_branch_dag.py took 0.289 seconds
[2024-08-04T13:20:06.873+0000] {processor.py:161} INFO - Started process (PID=1954) to work on /home/airflow/.local/lib/python3.12/site-packages/airflow/example_dags/example_nested_branch_dag.py
[2024-08-04T13:20:06.875+0000] {processor.py:830} INFO - Processing file /home/airflow/.local/lib/python3.12/site-packages/airflow/example_dags/example_nested_branch_dag.py for tasks to queue
[2024-08-04T13:20:06.883+0000] {logging_mixin.py:188} INFO - [2024-08-04T13:20:06.882+0000] {dagbag.py:545} INFO - Filling up the DagBag from /home/airflow/.local/lib/python3.12/site-packages/airflow/example_dags/example_nested_branch_dag.py
[2024-08-04T13:20:06.898+0000] {processor.py:840} INFO - DAG(s) 'example_nested_branch_dag' retrieved from /home/airflow/.local/lib/python3.12/site-packages/airflow/example_dags/example_nested_branch_dag.py
[2024-08-04T13:20:06.933+0000] {logging_mixin.py:188} INFO - [2024-08-04T13:20:06.933+0000] {dag.py:3089} INFO - Sync 1 DAGs
[2024-08-04T13:20:07.125+0000] {logging_mixin.py:188} INFO - [2024-08-04T13:20:07.124+0000] {dag.py:3947} INFO - Setting next_dagrun for example_nested_branch_dag to 2024-08-03 00:00:00+00:00, run_after=2024-08-04 00:00:00+00:00
[2024-08-04T13:20:07.155+0000] {processor.py:183} INFO - Processing /home/airflow/.local/lib/python3.12/site-packages/airflow/example_dags/example_nested_branch_dag.py took 0.300 seconds
[2024-08-04T13:20:37.387+0000] {processor.py:161} INFO - Started process (PID=2024) to work on /home/airflow/.local/lib/python3.12/site-packages/airflow/example_dags/example_nested_branch_dag.py
[2024-08-04T13:20:37.389+0000] {processor.py:830} INFO - Processing file /home/airflow/.local/lib/python3.12/site-packages/airflow/example_dags/example_nested_branch_dag.py for tasks to queue
[2024-08-04T13:20:37.392+0000] {logging_mixin.py:188} INFO - [2024-08-04T13:20:37.392+0000] {dagbag.py:545} INFO - Filling up the DagBag from /home/airflow/.local/lib/python3.12/site-packages/airflow/example_dags/example_nested_branch_dag.py
[2024-08-04T13:20:37.404+0000] {processor.py:840} INFO - DAG(s) 'example_nested_branch_dag' retrieved from /home/airflow/.local/lib/python3.12/site-packages/airflow/example_dags/example_nested_branch_dag.py
[2024-08-04T13:20:37.439+0000] {logging_mixin.py:188} INFO - [2024-08-04T13:20:37.439+0000] {dag.py:3089} INFO - Sync 1 DAGs
[2024-08-04T13:20:37.464+0000] {logging_mixin.py:188} INFO - [2024-08-04T13:20:37.464+0000] {dag.py:3947} INFO - Setting next_dagrun for example_nested_branch_dag to 2024-08-03 00:00:00+00:00, run_after=2024-08-04 00:00:00+00:00
[2024-08-04T13:20:37.488+0000] {processor.py:183} INFO - Processing /home/airflow/.local/lib/python3.12/site-packages/airflow/example_dags/example_nested_branch_dag.py took 0.109 seconds
[2024-08-04T13:21:08.213+0000] {processor.py:161} INFO - Started process (PID=2088) to work on /home/airflow/.local/lib/python3.12/site-packages/airflow/example_dags/example_nested_branch_dag.py
[2024-08-04T13:21:08.214+0000] {processor.py:830} INFO - Processing file /home/airflow/.local/lib/python3.12/site-packages/airflow/example_dags/example_nested_branch_dag.py for tasks to queue
[2024-08-04T13:21:08.216+0000] {logging_mixin.py:188} INFO - [2024-08-04T13:21:08.216+0000] {dagbag.py:545} INFO - Filling up the DagBag from /home/airflow/.local/lib/python3.12/site-packages/airflow/example_dags/example_nested_branch_dag.py
[2024-08-04T13:21:08.226+0000] {processor.py:840} INFO - DAG(s) 'example_nested_branch_dag' retrieved from /home/airflow/.local/lib/python3.12/site-packages/airflow/example_dags/example_nested_branch_dag.py
[2024-08-04T13:21:08.252+0000] {logging_mixin.py:188} INFO - [2024-08-04T13:21:08.251+0000] {dag.py:3089} INFO - Sync 1 DAGs
[2024-08-04T13:21:08.280+0000] {logging_mixin.py:188} INFO - [2024-08-04T13:21:08.279+0000] {dag.py:3947} INFO - Setting next_dagrun for example_nested_branch_dag to 2024-08-03 00:00:00+00:00, run_after=2024-08-04 00:00:00+00:00
[2024-08-04T13:21:08.300+0000] {processor.py:183} INFO - Processing /home/airflow/.local/lib/python3.12/site-packages/airflow/example_dags/example_nested_branch_dag.py took 0.094 seconds
[2024-08-04T13:21:39.331+0000] {processor.py:161} INFO - Started process (PID=2152) to work on /home/airflow/.local/lib/python3.12/site-packages/airflow/example_dags/example_nested_branch_dag.py
[2024-08-04T13:21:39.333+0000] {processor.py:830} INFO - Processing file /home/airflow/.local/lib/python3.12/site-packages/airflow/example_dags/example_nested_branch_dag.py for tasks to queue
[2024-08-04T13:21:39.335+0000] {logging_mixin.py:188} INFO - [2024-08-04T13:21:39.335+0000] {dagbag.py:545} INFO - Filling up the DagBag from /home/airflow/.local/lib/python3.12/site-packages/airflow/example_dags/example_nested_branch_dag.py
[2024-08-04T13:21:39.345+0000] {processor.py:840} INFO - DAG(s) 'example_nested_branch_dag' retrieved from /home/airflow/.local/lib/python3.12/site-packages/airflow/example_dags/example_nested_branch_dag.py
[2024-08-04T13:21:39.369+0000] {logging_mixin.py:188} INFO - [2024-08-04T13:21:39.369+0000] {dag.py:3089} INFO - Sync 1 DAGs
[2024-08-04T13:21:39.393+0000] {logging_mixin.py:188} INFO - [2024-08-04T13:21:39.392+0000] {dag.py:3947} INFO - Setting next_dagrun for example_nested_branch_dag to 2024-08-03 00:00:00+00:00, run_after=2024-08-04 00:00:00+00:00
[2024-08-04T13:21:39.412+0000] {processor.py:183} INFO - Processing /home/airflow/.local/lib/python3.12/site-packages/airflow/example_dags/example_nested_branch_dag.py took 0.089 seconds
[2024-08-04T13:22:10.005+0000] {processor.py:161} INFO - Started process (PID=2216) to work on /home/airflow/.local/lib/python3.12/site-packages/airflow/example_dags/example_nested_branch_dag.py
[2024-08-04T13:22:10.006+0000] {processor.py:830} INFO - Processing file /home/airflow/.local/lib/python3.12/site-packages/airflow/example_dags/example_nested_branch_dag.py for tasks to queue
[2024-08-04T13:22:10.009+0000] {logging_mixin.py:188} INFO - [2024-08-04T13:22:10.008+0000] {dagbag.py:545} INFO - Filling up the DagBag from /home/airflow/.local/lib/python3.12/site-packages/airflow/example_dags/example_nested_branch_dag.py
[2024-08-04T13:22:10.021+0000] {processor.py:840} INFO - DAG(s) 'example_nested_branch_dag' retrieved from /home/airflow/.local/lib/python3.12/site-packages/airflow/example_dags/example_nested_branch_dag.py
[2024-08-04T13:22:10.046+0000] {logging_mixin.py:188} INFO - [2024-08-04T13:22:10.046+0000] {dag.py:3089} INFO - Sync 1 DAGs
[2024-08-04T13:22:10.075+0000] {logging_mixin.py:188} INFO - [2024-08-04T13:22:10.075+0000] {dag.py:3947} INFO - Setting next_dagrun for example_nested_branch_dag to 2024-08-03 00:00:00+00:00, run_after=2024-08-04 00:00:00+00:00
[2024-08-04T13:22:10.104+0000] {processor.py:183} INFO - Processing /home/airflow/.local/lib/python3.12/site-packages/airflow/example_dags/example_nested_branch_dag.py took 0.107 seconds
[2024-08-04T13:22:40.965+0000] {processor.py:161} INFO - Started process (PID=2280) to work on /home/airflow/.local/lib/python3.12/site-packages/airflow/example_dags/example_nested_branch_dag.py
[2024-08-04T13:22:40.966+0000] {processor.py:830} INFO - Processing file /home/airflow/.local/lib/python3.12/site-packages/airflow/example_dags/example_nested_branch_dag.py for tasks to queue
[2024-08-04T13:22:40.972+0000] {logging_mixin.py:188} INFO - [2024-08-04T13:22:40.972+0000] {dagbag.py:545} INFO - Filling up the DagBag from /home/airflow/.local/lib/python3.12/site-packages/airflow/example_dags/example_nested_branch_dag.py
[2024-08-04T13:22:40.984+0000] {processor.py:840} INFO - DAG(s) 'example_nested_branch_dag' retrieved from /home/airflow/.local/lib/python3.12/site-packages/airflow/example_dags/example_nested_branch_dag.py
[2024-08-04T13:22:41.012+0000] {logging_mixin.py:188} INFO - [2024-08-04T13:22:41.011+0000] {dag.py:3089} INFO - Sync 1 DAGs
[2024-08-04T13:22:41.041+0000] {logging_mixin.py:188} INFO - [2024-08-04T13:22:41.041+0000] {dag.py:3947} INFO - Setting next_dagrun for example_nested_branch_dag to 2024-08-03 00:00:00+00:00, run_after=2024-08-04 00:00:00+00:00
[2024-08-04T13:22:41.064+0000] {processor.py:183} INFO - Processing /home/airflow/.local/lib/python3.12/site-packages/airflow/example_dags/example_nested_branch_dag.py took 0.110 seconds
[2024-08-04T13:23:11.659+0000] {processor.py:161} INFO - Started process (PID=2344) to work on /home/airflow/.local/lib/python3.12/site-packages/airflow/example_dags/example_nested_branch_dag.py
[2024-08-04T13:23:11.697+0000] {processor.py:830} INFO - Processing file /home/airflow/.local/lib/python3.12/site-packages/airflow/example_dags/example_nested_branch_dag.py for tasks to queue
[2024-08-04T13:23:11.701+0000] {logging_mixin.py:188} INFO - [2024-08-04T13:23:11.700+0000] {dagbag.py:545} INFO - Filling up the DagBag from /home/airflow/.local/lib/python3.12/site-packages/airflow/example_dags/example_nested_branch_dag.py
[2024-08-04T13:23:11.724+0000] {processor.py:840} INFO - DAG(s) 'example_nested_branch_dag' retrieved from /home/airflow/.local/lib/python3.12/site-packages/airflow/example_dags/example_nested_branch_dag.py
[2024-08-04T13:23:11.759+0000] {logging_mixin.py:188} INFO - [2024-08-04T13:23:11.759+0000] {dag.py:3089} INFO - Sync 1 DAGs
[2024-08-04T13:23:11.789+0000] {logging_mixin.py:188} INFO - [2024-08-04T13:23:11.789+0000] {dag.py:3947} INFO - Setting next_dagrun for example_nested_branch_dag to 2024-08-03 00:00:00+00:00, run_after=2024-08-04 00:00:00+00:00
[2024-08-04T13:23:11.822+0000] {processor.py:183} INFO - Processing /home/airflow/.local/lib/python3.12/site-packages/airflow/example_dags/example_nested_branch_dag.py took 0.171 seconds
[2024-08-04T13:23:42.838+0000] {processor.py:161} INFO - Started process (PID=2409) to work on /home/airflow/.local/lib/python3.12/site-packages/airflow/example_dags/example_nested_branch_dag.py
[2024-08-04T13:23:42.839+0000] {processor.py:830} INFO - Processing file /home/airflow/.local/lib/python3.12/site-packages/airflow/example_dags/example_nested_branch_dag.py for tasks to queue
[2024-08-04T13:23:42.842+0000] {logging_mixin.py:188} INFO - [2024-08-04T13:23:42.841+0000] {dagbag.py:545} INFO - Filling up the DagBag from /home/airflow/.local/lib/python3.12/site-packages/airflow/example_dags/example_nested_branch_dag.py
[2024-08-04T13:23:42.857+0000] {processor.py:840} INFO - DAG(s) 'example_nested_branch_dag' retrieved from /home/airflow/.local/lib/python3.12/site-packages/airflow/example_dags/example_nested_branch_dag.py
[2024-08-04T13:23:42.886+0000] {logging_mixin.py:188} INFO - [2024-08-04T13:23:42.886+0000] {dag.py:3089} INFO - Sync 1 DAGs
[2024-08-04T13:23:42.910+0000] {logging_mixin.py:188} INFO - [2024-08-04T13:23:42.910+0000] {dag.py:3947} INFO - Setting next_dagrun for example_nested_branch_dag to 2024-08-03 00:00:00+00:00, run_after=2024-08-04 00:00:00+00:00
[2024-08-04T13:23:42.936+0000] {processor.py:183} INFO - Processing /home/airflow/.local/lib/python3.12/site-packages/airflow/example_dags/example_nested_branch_dag.py took 0.107 seconds
[2024-08-04T13:24:13.514+0000] {processor.py:161} INFO - Started process (PID=2473) to work on /home/airflow/.local/lib/python3.12/site-packages/airflow/example_dags/example_nested_branch_dag.py
[2024-08-04T13:24:13.515+0000] {processor.py:830} INFO - Processing file /home/airflow/.local/lib/python3.12/site-packages/airflow/example_dags/example_nested_branch_dag.py for tasks to queue
[2024-08-04T13:24:13.517+0000] {logging_mixin.py:188} INFO - [2024-08-04T13:24:13.517+0000] {dagbag.py:545} INFO - Filling up the DagBag from /home/airflow/.local/lib/python3.12/site-packages/airflow/example_dags/example_nested_branch_dag.py
[2024-08-04T13:24:13.527+0000] {processor.py:840} INFO - DAG(s) 'example_nested_branch_dag' retrieved from /home/airflow/.local/lib/python3.12/site-packages/airflow/example_dags/example_nested_branch_dag.py
[2024-08-04T13:24:13.553+0000] {logging_mixin.py:188} INFO - [2024-08-04T13:24:13.552+0000] {dag.py:3089} INFO - Sync 1 DAGs
[2024-08-04T13:24:13.579+0000] {logging_mixin.py:188} INFO - [2024-08-04T13:24:13.578+0000] {dag.py:3947} INFO - Setting next_dagrun for example_nested_branch_dag to 2024-08-03 00:00:00+00:00, run_after=2024-08-04 00:00:00+00:00
[2024-08-04T13:24:13.599+0000] {processor.py:183} INFO - Processing /home/airflow/.local/lib/python3.12/site-packages/airflow/example_dags/example_nested_branch_dag.py took 0.091 seconds
[2024-08-04T13:24:43.746+0000] {processor.py:161} INFO - Started process (PID=2537) to work on /home/airflow/.local/lib/python3.12/site-packages/airflow/example_dags/example_nested_branch_dag.py
[2024-08-04T13:24:43.756+0000] {processor.py:830} INFO - Processing file /home/airflow/.local/lib/python3.12/site-packages/airflow/example_dags/example_nested_branch_dag.py for tasks to queue
[2024-08-04T13:24:43.763+0000] {logging_mixin.py:188} INFO - [2024-08-04T13:24:43.762+0000] {dagbag.py:545} INFO - Filling up the DagBag from /home/airflow/.local/lib/python3.12/site-packages/airflow/example_dags/example_nested_branch_dag.py
[2024-08-04T13:24:43.777+0000] {processor.py:840} INFO - DAG(s) 'example_nested_branch_dag' retrieved from /home/airflow/.local/lib/python3.12/site-packages/airflow/example_dags/example_nested_branch_dag.py
[2024-08-04T13:24:43.805+0000] {logging_mixin.py:188} INFO - [2024-08-04T13:24:43.804+0000] {dag.py:3089} INFO - Sync 1 DAGs
[2024-08-04T13:24:43.831+0000] {logging_mixin.py:188} INFO - [2024-08-04T13:24:43.830+0000] {dag.py:3947} INFO - Setting next_dagrun for example_nested_branch_dag to 2024-08-03 00:00:00+00:00, run_after=2024-08-04 00:00:00+00:00
[2024-08-04T13:24:43.901+0000] {processor.py:183} INFO - Processing /home/airflow/.local/lib/python3.12/site-packages/airflow/example_dags/example_nested_branch_dag.py took 0.160 seconds
[2024-08-04T13:25:13.991+0000] {processor.py:161} INFO - Started process (PID=2601) to work on /home/airflow/.local/lib/python3.12/site-packages/airflow/example_dags/example_nested_branch_dag.py
[2024-08-04T13:25:13.992+0000] {processor.py:830} INFO - Processing file /home/airflow/.local/lib/python3.12/site-packages/airflow/example_dags/example_nested_branch_dag.py for tasks to queue
[2024-08-04T13:25:13.995+0000] {logging_mixin.py:188} INFO - [2024-08-04T13:25:13.994+0000] {dagbag.py:545} INFO - Filling up the DagBag from /home/airflow/.local/lib/python3.12/site-packages/airflow/example_dags/example_nested_branch_dag.py
[2024-08-04T13:25:14.008+0000] {processor.py:840} INFO - DAG(s) 'example_nested_branch_dag' retrieved from /home/airflow/.local/lib/python3.12/site-packages/airflow/example_dags/example_nested_branch_dag.py
[2024-08-04T13:25:14.033+0000] {logging_mixin.py:188} INFO - [2024-08-04T13:25:14.033+0000] {dag.py:3089} INFO - Sync 1 DAGs
[2024-08-04T13:25:14.058+0000] {logging_mixin.py:188} INFO - [2024-08-04T13:25:14.058+0000] {dag.py:3947} INFO - Setting next_dagrun for example_nested_branch_dag to 2024-08-03 00:00:00+00:00, run_after=2024-08-04 00:00:00+00:00
[2024-08-04T13:25:14.079+0000] {processor.py:183} INFO - Processing /home/airflow/.local/lib/python3.12/site-packages/airflow/example_dags/example_nested_branch_dag.py took 0.094 seconds
[2024-08-04T13:25:44.593+0000] {processor.py:161} INFO - Started process (PID=2665) to work on /home/airflow/.local/lib/python3.12/site-packages/airflow/example_dags/example_nested_branch_dag.py
[2024-08-04T13:25:44.595+0000] {processor.py:830} INFO - Processing file /home/airflow/.local/lib/python3.12/site-packages/airflow/example_dags/example_nested_branch_dag.py for tasks to queue
[2024-08-04T13:25:44.598+0000] {logging_mixin.py:188} INFO - [2024-08-04T13:25:44.598+0000] {dagbag.py:545} INFO - Filling up the DagBag from /home/airflow/.local/lib/python3.12/site-packages/airflow/example_dags/example_nested_branch_dag.py
[2024-08-04T13:25:44.613+0000] {processor.py:840} INFO - DAG(s) 'example_nested_branch_dag' retrieved from /home/airflow/.local/lib/python3.12/site-packages/airflow/example_dags/example_nested_branch_dag.py
[2024-08-04T13:25:44.642+0000] {logging_mixin.py:188} INFO - [2024-08-04T13:25:44.642+0000] {dag.py:3089} INFO - Sync 1 DAGs
[2024-08-04T13:25:44.674+0000] {logging_mixin.py:188} INFO - [2024-08-04T13:25:44.674+0000] {dag.py:3947} INFO - Setting next_dagrun for example_nested_branch_dag to 2024-08-03 00:00:00+00:00, run_after=2024-08-04 00:00:00+00:00
[2024-08-04T13:25:44.702+0000] {processor.py:183} INFO - Processing /home/airflow/.local/lib/python3.12/site-packages/airflow/example_dags/example_nested_branch_dag.py took 0.118 seconds
[2024-08-04T13:26:16.458+0000] {processor.py:161} INFO - Started process (PID=2729) to work on /home/airflow/.local/lib/python3.12/site-packages/airflow/example_dags/example_nested_branch_dag.py
[2024-08-04T13:26:16.459+0000] {processor.py:830} INFO - Processing file /home/airflow/.local/lib/python3.12/site-packages/airflow/example_dags/example_nested_branch_dag.py for tasks to queue
[2024-08-04T13:26:16.461+0000] {logging_mixin.py:188} INFO - [2024-08-04T13:26:16.461+0000] {dagbag.py:545} INFO - Filling up the DagBag from /home/airflow/.local/lib/python3.12/site-packages/airflow/example_dags/example_nested_branch_dag.py
[2024-08-04T13:26:16.471+0000] {processor.py:840} INFO - DAG(s) 'example_nested_branch_dag' retrieved from /home/airflow/.local/lib/python3.12/site-packages/airflow/example_dags/example_nested_branch_dag.py
[2024-08-04T13:26:16.496+0000] {logging_mixin.py:188} INFO - [2024-08-04T13:26:16.496+0000] {dag.py:3089} INFO - Sync 1 DAGs
[2024-08-04T13:26:16.523+0000] {logging_mixin.py:188} INFO - [2024-08-04T13:26:16.522+0000] {dag.py:3947} INFO - Setting next_dagrun for example_nested_branch_dag to 2024-08-03 00:00:00+00:00, run_after=2024-08-04 00:00:00+00:00
[2024-08-04T13:26:16.552+0000] {processor.py:183} INFO - Processing /home/airflow/.local/lib/python3.12/site-packages/airflow/example_dags/example_nested_branch_dag.py took 0.101 seconds
[2024-08-04T13:26:47.381+0000] {processor.py:161} INFO - Started process (PID=2793) to work on /home/airflow/.local/lib/python3.12/site-packages/airflow/example_dags/example_nested_branch_dag.py
[2024-08-04T13:26:47.382+0000] {processor.py:830} INFO - Processing file /home/airflow/.local/lib/python3.12/site-packages/airflow/example_dags/example_nested_branch_dag.py for tasks to queue
[2024-08-04T13:26:47.385+0000] {logging_mixin.py:188} INFO - [2024-08-04T13:26:47.384+0000] {dagbag.py:545} INFO - Filling up the DagBag from /home/airflow/.local/lib/python3.12/site-packages/airflow/example_dags/example_nested_branch_dag.py
[2024-08-04T13:26:47.396+0000] {processor.py:840} INFO - DAG(s) 'example_nested_branch_dag' retrieved from /home/airflow/.local/lib/python3.12/site-packages/airflow/example_dags/example_nested_branch_dag.py
[2024-08-04T13:26:47.425+0000] {logging_mixin.py:188} INFO - [2024-08-04T13:26:47.424+0000] {dag.py:3089} INFO - Sync 1 DAGs
[2024-08-04T13:26:47.449+0000] {logging_mixin.py:188} INFO - [2024-08-04T13:26:47.449+0000] {dag.py:3947} INFO - Setting next_dagrun for example_nested_branch_dag to 2024-08-03 00:00:00+00:00, run_after=2024-08-04 00:00:00+00:00
[2024-08-04T13:26:47.481+0000] {processor.py:183} INFO - Processing /home/airflow/.local/lib/python3.12/site-packages/airflow/example_dags/example_nested_branch_dag.py took 0.109 seconds
[2024-08-04T13:27:17.708+0000] {processor.py:161} INFO - Started process (PID=2856) to work on /home/airflow/.local/lib/python3.12/site-packages/airflow/example_dags/example_nested_branch_dag.py
[2024-08-04T13:27:17.710+0000] {processor.py:830} INFO - Processing file /home/airflow/.local/lib/python3.12/site-packages/airflow/example_dags/example_nested_branch_dag.py for tasks to queue
[2024-08-04T13:27:17.713+0000] {logging_mixin.py:188} INFO - [2024-08-04T13:27:17.712+0000] {dagbag.py:545} INFO - Filling up the DagBag from /home/airflow/.local/lib/python3.12/site-packages/airflow/example_dags/example_nested_branch_dag.py
[2024-08-04T13:27:17.724+0000] {processor.py:840} INFO - DAG(s) 'example_nested_branch_dag' retrieved from /home/airflow/.local/lib/python3.12/site-packages/airflow/example_dags/example_nested_branch_dag.py
[2024-08-04T13:27:17.752+0000] {logging_mixin.py:188} INFO - [2024-08-04T13:27:17.751+0000] {dag.py:3089} INFO - Sync 1 DAGs
[2024-08-04T13:27:17.776+0000] {logging_mixin.py:188} INFO - [2024-08-04T13:27:17.776+0000] {dag.py:3947} INFO - Setting next_dagrun for example_nested_branch_dag to 2024-08-03 00:00:00+00:00, run_after=2024-08-04 00:00:00+00:00
[2024-08-04T13:27:17.808+0000] {processor.py:183} INFO - Processing /home/airflow/.local/lib/python3.12/site-packages/airflow/example_dags/example_nested_branch_dag.py took 0.109 seconds
[2024-08-04T13:27:48.220+0000] {processor.py:161} INFO - Started process (PID=2919) to work on /home/airflow/.local/lib/python3.12/site-packages/airflow/example_dags/example_nested_branch_dag.py
[2024-08-04T13:27:48.222+0000] {processor.py:830} INFO - Processing file /home/airflow/.local/lib/python3.12/site-packages/airflow/example_dags/example_nested_branch_dag.py for tasks to queue
[2024-08-04T13:27:48.224+0000] {logging_mixin.py:188} INFO - [2024-08-04T13:27:48.224+0000] {dagbag.py:545} INFO - Filling up the DagBag from /home/airflow/.local/lib/python3.12/site-packages/airflow/example_dags/example_nested_branch_dag.py
[2024-08-04T13:27:48.236+0000] {processor.py:840} INFO - DAG(s) 'example_nested_branch_dag' retrieved from /home/airflow/.local/lib/python3.12/site-packages/airflow/example_dags/example_nested_branch_dag.py
[2024-08-04T13:27:48.263+0000] {logging_mixin.py:188} INFO - [2024-08-04T13:27:48.262+0000] {dag.py:3089} INFO - Sync 1 DAGs
[2024-08-04T13:27:48.288+0000] {logging_mixin.py:188} INFO - [2024-08-04T13:27:48.288+0000] {dag.py:3947} INFO - Setting next_dagrun for example_nested_branch_dag to 2024-08-03 00:00:00+00:00, run_after=2024-08-04 00:00:00+00:00
[2024-08-04T13:27:48.311+0000] {processor.py:183} INFO - Processing /home/airflow/.local/lib/python3.12/site-packages/airflow/example_dags/example_nested_branch_dag.py took 0.101 seconds
[2024-08-04T13:28:18.738+0000] {processor.py:161} INFO - Started process (PID=2983) to work on /home/airflow/.local/lib/python3.12/site-packages/airflow/example_dags/example_nested_branch_dag.py
[2024-08-04T13:28:18.739+0000] {processor.py:830} INFO - Processing file /home/airflow/.local/lib/python3.12/site-packages/airflow/example_dags/example_nested_branch_dag.py for tasks to queue
[2024-08-04T13:28:18.742+0000] {logging_mixin.py:188} INFO - [2024-08-04T13:28:18.742+0000] {dagbag.py:545} INFO - Filling up the DagBag from /home/airflow/.local/lib/python3.12/site-packages/airflow/example_dags/example_nested_branch_dag.py
[2024-08-04T13:28:18.755+0000] {processor.py:840} INFO - DAG(s) 'example_nested_branch_dag' retrieved from /home/airflow/.local/lib/python3.12/site-packages/airflow/example_dags/example_nested_branch_dag.py
[2024-08-04T13:28:18.780+0000] {logging_mixin.py:188} INFO - [2024-08-04T13:28:18.779+0000] {dag.py:3089} INFO - Sync 1 DAGs
[2024-08-04T13:28:18.808+0000] {logging_mixin.py:188} INFO - [2024-08-04T13:28:18.808+0000] {dag.py:3947} INFO - Setting next_dagrun for example_nested_branch_dag to 2024-08-03 00:00:00+00:00, run_after=2024-08-04 00:00:00+00:00
[2024-08-04T13:28:18.837+0000] {processor.py:183} INFO - Processing /home/airflow/.local/lib/python3.12/site-packages/airflow/example_dags/example_nested_branch_dag.py took 0.106 seconds
[2024-08-04T13:28:50.658+0000] {processor.py:161} INFO - Started process (PID=3050) to work on /home/airflow/.local/lib/python3.12/site-packages/airflow/example_dags/example_nested_branch_dag.py
[2024-08-04T13:28:50.660+0000] {processor.py:830} INFO - Processing file /home/airflow/.local/lib/python3.12/site-packages/airflow/example_dags/example_nested_branch_dag.py for tasks to queue
[2024-08-04T13:28:50.662+0000] {logging_mixin.py:188} INFO - [2024-08-04T13:28:50.661+0000] {dagbag.py:545} INFO - Filling up the DagBag from /home/airflow/.local/lib/python3.12/site-packages/airflow/example_dags/example_nested_branch_dag.py
[2024-08-04T13:28:50.672+0000] {processor.py:840} INFO - DAG(s) 'example_nested_branch_dag' retrieved from /home/airflow/.local/lib/python3.12/site-packages/airflow/example_dags/example_nested_branch_dag.py
[2024-08-04T13:28:50.695+0000] {logging_mixin.py:188} INFO - [2024-08-04T13:28:50.695+0000] {dag.py:3089} INFO - Sync 1 DAGs
[2024-08-04T13:28:50.722+0000] {logging_mixin.py:188} INFO - [2024-08-04T13:28:50.722+0000] {dag.py:3947} INFO - Setting next_dagrun for example_nested_branch_dag to 2024-08-03 00:00:00+00:00, run_after=2024-08-04 00:00:00+00:00
[2024-08-04T13:28:50.745+0000] {processor.py:183} INFO - Processing /home/airflow/.local/lib/python3.12/site-packages/airflow/example_dags/example_nested_branch_dag.py took 0.094 seconds
[2024-08-04T13:29:21.487+0000] {processor.py:161} INFO - Started process (PID=3114) to work on /home/airflow/.local/lib/python3.12/site-packages/airflow/example_dags/example_nested_branch_dag.py
[2024-08-04T13:29:21.488+0000] {processor.py:830} INFO - Processing file /home/airflow/.local/lib/python3.12/site-packages/airflow/example_dags/example_nested_branch_dag.py for tasks to queue
[2024-08-04T13:29:21.489+0000] {logging_mixin.py:188} INFO - [2024-08-04T13:29:21.489+0000] {dagbag.py:545} INFO - Filling up the DagBag from /home/airflow/.local/lib/python3.12/site-packages/airflow/example_dags/example_nested_branch_dag.py
[2024-08-04T13:29:21.499+0000] {processor.py:840} INFO - DAG(s) 'example_nested_branch_dag' retrieved from /home/airflow/.local/lib/python3.12/site-packages/airflow/example_dags/example_nested_branch_dag.py
[2024-08-04T13:29:21.520+0000] {logging_mixin.py:188} INFO - [2024-08-04T13:29:21.520+0000] {dag.py:3089} INFO - Sync 1 DAGs
[2024-08-04T13:29:21.542+0000] {logging_mixin.py:188} INFO - [2024-08-04T13:29:21.542+0000] {dag.py:3947} INFO - Setting next_dagrun for example_nested_branch_dag to 2024-08-03 00:00:00+00:00, run_after=2024-08-04 00:00:00+00:00
[2024-08-04T13:29:21.564+0000] {processor.py:183} INFO - Processing /home/airflow/.local/lib/python3.12/site-packages/airflow/example_dags/example_nested_branch_dag.py took 0.084 seconds
[2024-08-04T13:29:53.272+0000] {processor.py:161} INFO - Started process (PID=3178) to work on /home/airflow/.local/lib/python3.12/site-packages/airflow/example_dags/example_nested_branch_dag.py
[2024-08-04T13:29:53.273+0000] {processor.py:830} INFO - Processing file /home/airflow/.local/lib/python3.12/site-packages/airflow/example_dags/example_nested_branch_dag.py for tasks to queue
[2024-08-04T13:29:53.276+0000] {logging_mixin.py:188} INFO - [2024-08-04T13:29:53.275+0000] {dagbag.py:545} INFO - Filling up the DagBag from /home/airflow/.local/lib/python3.12/site-packages/airflow/example_dags/example_nested_branch_dag.py
[2024-08-04T13:29:53.289+0000] {processor.py:840} INFO - DAG(s) 'example_nested_branch_dag' retrieved from /home/airflow/.local/lib/python3.12/site-packages/airflow/example_dags/example_nested_branch_dag.py
[2024-08-04T13:29:53.312+0000] {logging_mixin.py:188} INFO - [2024-08-04T13:29:53.312+0000] {dag.py:3089} INFO - Sync 1 DAGs
[2024-08-04T13:29:53.338+0000] {logging_mixin.py:188} INFO - [2024-08-04T13:29:53.337+0000] {dag.py:3947} INFO - Setting next_dagrun for example_nested_branch_dag to 2024-08-03 00:00:00+00:00, run_after=2024-08-04 00:00:00+00:00
[2024-08-04T13:29:53.359+0000] {processor.py:183} INFO - Processing /home/airflow/.local/lib/python3.12/site-packages/airflow/example_dags/example_nested_branch_dag.py took 0.093 seconds
[2024-08-04T13:30:24.901+0000] {processor.py:161} INFO - Started process (PID=3242) to work on /home/airflow/.local/lib/python3.12/site-packages/airflow/example_dags/example_nested_branch_dag.py
[2024-08-04T13:30:24.903+0000] {processor.py:830} INFO - Processing file /home/airflow/.local/lib/python3.12/site-packages/airflow/example_dags/example_nested_branch_dag.py for tasks to queue
[2024-08-04T13:30:24.907+0000] {logging_mixin.py:188} INFO - [2024-08-04T13:30:24.907+0000] {dagbag.py:545} INFO - Filling up the DagBag from /home/airflow/.local/lib/python3.12/site-packages/airflow/example_dags/example_nested_branch_dag.py
[2024-08-04T13:30:24.924+0000] {processor.py:840} INFO - DAG(s) 'example_nested_branch_dag' retrieved from /home/airflow/.local/lib/python3.12/site-packages/airflow/example_dags/example_nested_branch_dag.py
[2024-08-04T13:30:24.969+0000] {logging_mixin.py:188} INFO - [2024-08-04T13:30:24.968+0000] {dag.py:3089} INFO - Sync 1 DAGs
[2024-08-04T13:30:25.002+0000] {logging_mixin.py:188} INFO - [2024-08-04T13:30:25.001+0000] {dag.py:3947} INFO - Setting next_dagrun for example_nested_branch_dag to 2024-08-03 00:00:00+00:00, run_after=2024-08-04 00:00:00+00:00
[2024-08-04T13:30:25.048+0000] {processor.py:183} INFO - Processing /home/airflow/.local/lib/python3.12/site-packages/airflow/example_dags/example_nested_branch_dag.py took 0.157 seconds
[2024-08-04T13:30:55.427+0000] {processor.py:161} INFO - Started process (PID=3306) to work on /home/airflow/.local/lib/python3.12/site-packages/airflow/example_dags/example_nested_branch_dag.py
[2024-08-04T13:30:55.428+0000] {processor.py:830} INFO - Processing file /home/airflow/.local/lib/python3.12/site-packages/airflow/example_dags/example_nested_branch_dag.py for tasks to queue
[2024-08-04T13:30:55.431+0000] {logging_mixin.py:188} INFO - [2024-08-04T13:30:55.431+0000] {dagbag.py:545} INFO - Filling up the DagBag from /home/airflow/.local/lib/python3.12/site-packages/airflow/example_dags/example_nested_branch_dag.py
[2024-08-04T13:30:55.447+0000] {processor.py:840} INFO - DAG(s) 'example_nested_branch_dag' retrieved from /home/airflow/.local/lib/python3.12/site-packages/airflow/example_dags/example_nested_branch_dag.py
[2024-08-04T13:30:55.471+0000] {logging_mixin.py:188} INFO - [2024-08-04T13:30:55.471+0000] {dag.py:3089} INFO - Sync 1 DAGs
[2024-08-04T13:30:55.496+0000] {logging_mixin.py:188} INFO - [2024-08-04T13:30:55.496+0000] {dag.py:3947} INFO - Setting next_dagrun for example_nested_branch_dag to 2024-08-03 00:00:00+00:00, run_after=2024-08-04 00:00:00+00:00
[2024-08-04T13:30:55.522+0000] {processor.py:183} INFO - Processing /home/airflow/.local/lib/python3.12/site-packages/airflow/example_dags/example_nested_branch_dag.py took 0.105 seconds
[2024-08-04T13:31:25.878+0000] {processor.py:161} INFO - Started process (PID=3370) to work on /home/airflow/.local/lib/python3.12/site-packages/airflow/example_dags/example_nested_branch_dag.py
[2024-08-04T13:31:25.880+0000] {processor.py:830} INFO - Processing file /home/airflow/.local/lib/python3.12/site-packages/airflow/example_dags/example_nested_branch_dag.py for tasks to queue
[2024-08-04T13:31:25.882+0000] {logging_mixin.py:188} INFO - [2024-08-04T13:31:25.881+0000] {dagbag.py:545} INFO - Filling up the DagBag from /home/airflow/.local/lib/python3.12/site-packages/airflow/example_dags/example_nested_branch_dag.py
[2024-08-04T13:31:25.892+0000] {processor.py:840} INFO - DAG(s) 'example_nested_branch_dag' retrieved from /home/airflow/.local/lib/python3.12/site-packages/airflow/example_dags/example_nested_branch_dag.py
[2024-08-04T13:31:25.915+0000] {logging_mixin.py:188} INFO - [2024-08-04T13:31:25.915+0000] {dag.py:3089} INFO - Sync 1 DAGs
[2024-08-04T13:31:25.941+0000] {logging_mixin.py:188} INFO - [2024-08-04T13:31:25.941+0000] {dag.py:3947} INFO - Setting next_dagrun for example_nested_branch_dag to 2024-08-03 00:00:00+00:00, run_after=2024-08-04 00:00:00+00:00
[2024-08-04T13:31:25.960+0000] {processor.py:183} INFO - Processing /home/airflow/.local/lib/python3.12/site-packages/airflow/example_dags/example_nested_branch_dag.py took 0.089 seconds
[2024-08-04T13:31:57.034+0000] {processor.py:161} INFO - Started process (PID=3434) to work on /home/airflow/.local/lib/python3.12/site-packages/airflow/example_dags/example_nested_branch_dag.py
[2024-08-04T13:31:57.036+0000] {processor.py:830} INFO - Processing file /home/airflow/.local/lib/python3.12/site-packages/airflow/example_dags/example_nested_branch_dag.py for tasks to queue
[2024-08-04T13:31:57.042+0000] {logging_mixin.py:188} INFO - [2024-08-04T13:31:57.039+0000] {dagbag.py:545} INFO - Filling up the DagBag from /home/airflow/.local/lib/python3.12/site-packages/airflow/example_dags/example_nested_branch_dag.py
[2024-08-04T13:31:57.053+0000] {processor.py:840} INFO - DAG(s) 'example_nested_branch_dag' retrieved from /home/airflow/.local/lib/python3.12/site-packages/airflow/example_dags/example_nested_branch_dag.py
[2024-08-04T13:31:57.082+0000] {logging_mixin.py:188} INFO - [2024-08-04T13:31:57.082+0000] {dag.py:3089} INFO - Sync 1 DAGs
[2024-08-04T13:31:57.109+0000] {logging_mixin.py:188} INFO - [2024-08-04T13:31:57.109+0000] {dag.py:3947} INFO - Setting next_dagrun for example_nested_branch_dag to 2024-08-03 00:00:00+00:00, run_after=2024-08-04 00:00:00+00:00
[2024-08-04T13:31:57.133+0000] {processor.py:183} INFO - Processing /home/airflow/.local/lib/python3.12/site-packages/airflow/example_dags/example_nested_branch_dag.py took 0.109 seconds
[2024-08-04T13:32:28.298+0000] {processor.py:161} INFO - Started process (PID=3497) to work on /home/airflow/.local/lib/python3.12/site-packages/airflow/example_dags/example_nested_branch_dag.py
[2024-08-04T13:32:28.299+0000] {processor.py:830} INFO - Processing file /home/airflow/.local/lib/python3.12/site-packages/airflow/example_dags/example_nested_branch_dag.py for tasks to queue
[2024-08-04T13:32:28.302+0000] {logging_mixin.py:188} INFO - [2024-08-04T13:32:28.302+0000] {dagbag.py:545} INFO - Filling up the DagBag from /home/airflow/.local/lib/python3.12/site-packages/airflow/example_dags/example_nested_branch_dag.py
[2024-08-04T13:32:28.314+0000] {processor.py:840} INFO - DAG(s) 'example_nested_branch_dag' retrieved from /home/airflow/.local/lib/python3.12/site-packages/airflow/example_dags/example_nested_branch_dag.py
[2024-08-04T13:32:28.348+0000] {logging_mixin.py:188} INFO - [2024-08-04T13:32:28.348+0000] {dag.py:3089} INFO - Sync 1 DAGs
[2024-08-04T13:32:28.372+0000] {logging_mixin.py:188} INFO - [2024-08-04T13:32:28.372+0000] {dag.py:3947} INFO - Setting next_dagrun for example_nested_branch_dag to 2024-08-03 00:00:00+00:00, run_after=2024-08-04 00:00:00+00:00
[2024-08-04T13:32:28.395+0000] {processor.py:183} INFO - Processing /home/airflow/.local/lib/python3.12/site-packages/airflow/example_dags/example_nested_branch_dag.py took 0.104 seconds
[2024-08-04T13:32:59.430+0000] {processor.py:161} INFO - Started process (PID=3562) to work on /home/airflow/.local/lib/python3.12/site-packages/airflow/example_dags/example_nested_branch_dag.py
[2024-08-04T13:32:59.431+0000] {processor.py:830} INFO - Processing file /home/airflow/.local/lib/python3.12/site-packages/airflow/example_dags/example_nested_branch_dag.py for tasks to queue
[2024-08-04T13:32:59.433+0000] {logging_mixin.py:188} INFO - [2024-08-04T13:32:59.433+0000] {dagbag.py:545} INFO - Filling up the DagBag from /home/airflow/.local/lib/python3.12/site-packages/airflow/example_dags/example_nested_branch_dag.py
[2024-08-04T13:32:59.446+0000] {processor.py:840} INFO - DAG(s) 'example_nested_branch_dag' retrieved from /home/airflow/.local/lib/python3.12/site-packages/airflow/example_dags/example_nested_branch_dag.py
[2024-08-04T13:32:59.473+0000] {logging_mixin.py:188} INFO - [2024-08-04T13:32:59.473+0000] {dag.py:3089} INFO - Sync 1 DAGs
[2024-08-04T13:32:59.500+0000] {logging_mixin.py:188} INFO - [2024-08-04T13:32:59.500+0000] {dag.py:3947} INFO - Setting next_dagrun for example_nested_branch_dag to 2024-08-03 00:00:00+00:00, run_after=2024-08-04 00:00:00+00:00
[2024-08-04T13:32:59.525+0000] {processor.py:183} INFO - Processing /home/airflow/.local/lib/python3.12/site-packages/airflow/example_dags/example_nested_branch_dag.py took 0.103 seconds
[2024-08-04T13:33:29.982+0000] {processor.py:161} INFO - Started process (PID=3625) to work on /home/airflow/.local/lib/python3.12/site-packages/airflow/example_dags/example_nested_branch_dag.py
[2024-08-04T13:33:29.984+0000] {processor.py:830} INFO - Processing file /home/airflow/.local/lib/python3.12/site-packages/airflow/example_dags/example_nested_branch_dag.py for tasks to queue
[2024-08-04T13:33:29.988+0000] {logging_mixin.py:188} INFO - [2024-08-04T13:33:29.987+0000] {dagbag.py:545} INFO - Filling up the DagBag from /home/airflow/.local/lib/python3.12/site-packages/airflow/example_dags/example_nested_branch_dag.py
[2024-08-04T13:33:30.003+0000] {processor.py:840} INFO - DAG(s) 'example_nested_branch_dag' retrieved from /home/airflow/.local/lib/python3.12/site-packages/airflow/example_dags/example_nested_branch_dag.py
[2024-08-04T13:33:30.033+0000] {logging_mixin.py:188} INFO - [2024-08-04T13:33:30.033+0000] {dag.py:3089} INFO - Sync 1 DAGs
[2024-08-04T13:33:30.064+0000] {logging_mixin.py:188} INFO - [2024-08-04T13:33:30.064+0000] {dag.py:3947} INFO - Setting next_dagrun for example_nested_branch_dag to 2024-08-03 00:00:00+00:00, run_after=2024-08-04 00:00:00+00:00
[2024-08-04T13:33:30.089+0000] {processor.py:183} INFO - Processing /home/airflow/.local/lib/python3.12/site-packages/airflow/example_dags/example_nested_branch_dag.py took 0.115 seconds
[2024-08-04T13:34:00.903+0000] {processor.py:161} INFO - Started process (PID=3689) to work on /home/airflow/.local/lib/python3.12/site-packages/airflow/example_dags/example_nested_branch_dag.py
[2024-08-04T13:34:00.905+0000] {processor.py:830} INFO - Processing file /home/airflow/.local/lib/python3.12/site-packages/airflow/example_dags/example_nested_branch_dag.py for tasks to queue
[2024-08-04T13:34:00.907+0000] {logging_mixin.py:188} INFO - [2024-08-04T13:34:00.907+0000] {dagbag.py:545} INFO - Filling up the DagBag from /home/airflow/.local/lib/python3.12/site-packages/airflow/example_dags/example_nested_branch_dag.py
[2024-08-04T13:34:00.920+0000] {processor.py:840} INFO - DAG(s) 'example_nested_branch_dag' retrieved from /home/airflow/.local/lib/python3.12/site-packages/airflow/example_dags/example_nested_branch_dag.py
[2024-08-04T13:34:00.948+0000] {logging_mixin.py:188} INFO - [2024-08-04T13:34:00.948+0000] {dag.py:3089} INFO - Sync 1 DAGs
[2024-08-04T13:34:00.977+0000] {logging_mixin.py:188} INFO - [2024-08-04T13:34:00.977+0000] {dag.py:3947} INFO - Setting next_dagrun for example_nested_branch_dag to 2024-08-03 00:00:00+00:00, run_after=2024-08-04 00:00:00+00:00
[2024-08-04T13:34:01.000+0000] {processor.py:183} INFO - Processing /home/airflow/.local/lib/python3.12/site-packages/airflow/example_dags/example_nested_branch_dag.py took 0.104 seconds
[2024-08-04T13:34:31.624+0000] {processor.py:161} INFO - Started process (PID=3753) to work on /home/airflow/.local/lib/python3.12/site-packages/airflow/example_dags/example_nested_branch_dag.py
[2024-08-04T13:34:31.625+0000] {processor.py:830} INFO - Processing file /home/airflow/.local/lib/python3.12/site-packages/airflow/example_dags/example_nested_branch_dag.py for tasks to queue
[2024-08-04T13:34:31.627+0000] {logging_mixin.py:188} INFO - [2024-08-04T13:34:31.627+0000] {dagbag.py:545} INFO - Filling up the DagBag from /home/airflow/.local/lib/python3.12/site-packages/airflow/example_dags/example_nested_branch_dag.py
[2024-08-04T13:34:31.639+0000] {processor.py:840} INFO - DAG(s) 'example_nested_branch_dag' retrieved from /home/airflow/.local/lib/python3.12/site-packages/airflow/example_dags/example_nested_branch_dag.py
[2024-08-04T13:34:31.664+0000] {logging_mixin.py:188} INFO - [2024-08-04T13:34:31.663+0000] {dag.py:3089} INFO - Sync 1 DAGs
[2024-08-04T13:34:31.694+0000] {logging_mixin.py:188} INFO - [2024-08-04T13:34:31.694+0000] {dag.py:3947} INFO - Setting next_dagrun for example_nested_branch_dag to 2024-08-03 00:00:00+00:00, run_after=2024-08-04 00:00:00+00:00
[2024-08-04T13:34:31.728+0000] {processor.py:183} INFO - Processing /home/airflow/.local/lib/python3.12/site-packages/airflow/example_dags/example_nested_branch_dag.py took 0.112 seconds
[2024-08-04T13:35:01.847+0000] {processor.py:161} INFO - Started process (PID=3815) to work on /home/airflow/.local/lib/python3.12/site-packages/airflow/example_dags/example_nested_branch_dag.py
[2024-08-04T13:35:01.849+0000] {processor.py:830} INFO - Processing file /home/airflow/.local/lib/python3.12/site-packages/airflow/example_dags/example_nested_branch_dag.py for tasks to queue
[2024-08-04T13:35:01.852+0000] {logging_mixin.py:188} INFO - [2024-08-04T13:35:01.851+0000] {dagbag.py:545} INFO - Filling up the DagBag from /home/airflow/.local/lib/python3.12/site-packages/airflow/example_dags/example_nested_branch_dag.py
[2024-08-04T13:35:01.865+0000] {processor.py:840} INFO - DAG(s) 'example_nested_branch_dag' retrieved from /home/airflow/.local/lib/python3.12/site-packages/airflow/example_dags/example_nested_branch_dag.py
[2024-08-04T13:35:01.901+0000] {logging_mixin.py:188} INFO - [2024-08-04T13:35:01.900+0000] {dag.py:3089} INFO - Sync 1 DAGs
[2024-08-04T13:35:01.933+0000] {logging_mixin.py:188} INFO - [2024-08-04T13:35:01.933+0000] {dag.py:3947} INFO - Setting next_dagrun for example_nested_branch_dag to 2024-08-03 00:00:00+00:00, run_after=2024-08-04 00:00:00+00:00
[2024-08-04T13:35:01.962+0000] {processor.py:183} INFO - Processing /home/airflow/.local/lib/python3.12/site-packages/airflow/example_dags/example_nested_branch_dag.py took 0.126 seconds
