[2024-08-04T12:59:03.565+0000] {processor.py:161} INFO - Started process (PID=53) to work on /home/airflow/.local/lib/python3.12/site-packages/airflow/example_dags/example_python_decorator.py
[2024-08-04T12:59:03.566+0000] {processor.py:830} INFO - Processing file /home/airflow/.local/lib/python3.12/site-packages/airflow/example_dags/example_python_decorator.py for tasks to queue
[2024-08-04T12:59:03.570+0000] {logging_mixin.py:188} INFO - [2024-08-04T12:59:03.569+0000] {dagbag.py:545} INFO - Filling up the DagBag from /home/airflow/.local/lib/python3.12/site-packages/airflow/example_dags/example_python_decorator.py
[2024-08-04T12:59:03.587+0000] {processor.py:840} INFO - DAG(s) 'example_python_decorator' retrieved from /home/airflow/.local/lib/python3.12/site-packages/airflow/example_dags/example_python_decorator.py
[2024-08-04T12:59:03.703+0000] {logging_mixin.py:188} INFO - [2024-08-04T12:59:03.703+0000] {dag.py:3089} INFO - Sync 1 DAGs
[2024-08-04T12:59:03.718+0000] {logging_mixin.py:188} INFO - [2024-08-04T12:59:03.718+0000] {dag.py:3947} INFO - Setting next_dagrun for example_python_decorator to None, run_after=None
[2024-08-04T12:59:03.748+0000] {processor.py:183} INFO - Processing /home/airflow/.local/lib/python3.12/site-packages/airflow/example_dags/example_python_decorator.py took 0.191 seconds
[2024-08-04T12:59:34.064+0000] {processor.py:161} INFO - Started process (PID=117) to work on /home/airflow/.local/lib/python3.12/site-packages/airflow/example_dags/example_python_decorator.py
[2024-08-04T12:59:34.065+0000] {processor.py:830} INFO - Processing file /home/airflow/.local/lib/python3.12/site-packages/airflow/example_dags/example_python_decorator.py for tasks to queue
[2024-08-04T12:59:34.067+0000] {logging_mixin.py:188} INFO - [2024-08-04T12:59:34.067+0000] {dagbag.py:545} INFO - Filling up the DagBag from /home/airflow/.local/lib/python3.12/site-packages/airflow/example_dags/example_python_decorator.py
[2024-08-04T12:59:34.079+0000] {processor.py:840} INFO - DAG(s) 'example_python_decorator' retrieved from /home/airflow/.local/lib/python3.12/site-packages/airflow/example_dags/example_python_decorator.py
[2024-08-04T12:59:34.101+0000] {logging_mixin.py:188} INFO - [2024-08-04T12:59:34.101+0000] {dag.py:3089} INFO - Sync 1 DAGs
[2024-08-04T12:59:34.113+0000] {logging_mixin.py:188} INFO - [2024-08-04T12:59:34.113+0000] {dag.py:3947} INFO - Setting next_dagrun for example_python_decorator to None, run_after=None
[2024-08-04T12:59:34.133+0000] {processor.py:183} INFO - Processing /home/airflow/.local/lib/python3.12/site-packages/airflow/example_dags/example_python_decorator.py took 0.074 seconds
[2024-08-04T13:00:06.047+0000] {processor.py:161} INFO - Started process (PID=181) to work on /home/airflow/.local/lib/python3.12/site-packages/airflow/example_dags/example_python_decorator.py
[2024-08-04T13:00:06.053+0000] {processor.py:830} INFO - Processing file /home/airflow/.local/lib/python3.12/site-packages/airflow/example_dags/example_python_decorator.py for tasks to queue
[2024-08-04T13:00:06.057+0000] {logging_mixin.py:188} INFO - [2024-08-04T13:00:06.056+0000] {dagbag.py:545} INFO - Filling up the DagBag from /home/airflow/.local/lib/python3.12/site-packages/airflow/example_dags/example_python_decorator.py
[2024-08-04T13:00:06.079+0000] {processor.py:840} INFO - DAG(s) 'example_python_decorator' retrieved from /home/airflow/.local/lib/python3.12/site-packages/airflow/example_dags/example_python_decorator.py
[2024-08-04T13:00:06.112+0000] {logging_mixin.py:188} INFO - [2024-08-04T13:00:06.112+0000] {dag.py:3089} INFO - Sync 1 DAGs
[2024-08-04T13:00:06.141+0000] {logging_mixin.py:188} INFO - [2024-08-04T13:00:06.140+0000] {dag.py:3947} INFO - Setting next_dagrun for example_python_decorator to None, run_after=None
[2024-08-04T13:00:06.178+0000] {processor.py:183} INFO - Processing /home/airflow/.local/lib/python3.12/site-packages/airflow/example_dags/example_python_decorator.py took 0.143 seconds
[2024-08-04T13:00:37.080+0000] {processor.py:161} INFO - Started process (PID=245) to work on /home/airflow/.local/lib/python3.12/site-packages/airflow/example_dags/example_python_decorator.py
[2024-08-04T13:00:37.082+0000] {processor.py:830} INFO - Processing file /home/airflow/.local/lib/python3.12/site-packages/airflow/example_dags/example_python_decorator.py for tasks to queue
[2024-08-04T13:00:37.089+0000] {logging_mixin.py:188} INFO - [2024-08-04T13:00:37.088+0000] {dagbag.py:545} INFO - Filling up the DagBag from /home/airflow/.local/lib/python3.12/site-packages/airflow/example_dags/example_python_decorator.py
[2024-08-04T13:00:37.109+0000] {processor.py:840} INFO - DAG(s) 'example_python_decorator' retrieved from /home/airflow/.local/lib/python3.12/site-packages/airflow/example_dags/example_python_decorator.py
[2024-08-04T13:00:37.143+0000] {logging_mixin.py:188} INFO - [2024-08-04T13:00:37.143+0000] {dag.py:3089} INFO - Sync 1 DAGs
[2024-08-04T13:00:37.161+0000] {logging_mixin.py:188} INFO - [2024-08-04T13:00:37.160+0000] {dag.py:3947} INFO - Setting next_dagrun for example_python_decorator to None, run_after=None
[2024-08-04T13:00:37.187+0000] {processor.py:183} INFO - Processing /home/airflow/.local/lib/python3.12/site-packages/airflow/example_dags/example_python_decorator.py took 0.117 seconds
[2024-08-04T13:01:07.888+0000] {processor.py:161} INFO - Started process (PID=310) to work on /home/airflow/.local/lib/python3.12/site-packages/airflow/example_dags/example_python_decorator.py
[2024-08-04T13:01:07.890+0000] {processor.py:830} INFO - Processing file /home/airflow/.local/lib/python3.12/site-packages/airflow/example_dags/example_python_decorator.py for tasks to queue
[2024-08-04T13:01:07.893+0000] {logging_mixin.py:188} INFO - [2024-08-04T13:01:07.892+0000] {dagbag.py:545} INFO - Filling up the DagBag from /home/airflow/.local/lib/python3.12/site-packages/airflow/example_dags/example_python_decorator.py
[2024-08-04T13:01:07.907+0000] {processor.py:840} INFO - DAG(s) 'example_python_decorator' retrieved from /home/airflow/.local/lib/python3.12/site-packages/airflow/example_dags/example_python_decorator.py
[2024-08-04T13:01:07.945+0000] {logging_mixin.py:188} INFO - [2024-08-04T13:01:07.945+0000] {dag.py:3089} INFO - Sync 1 DAGs
[2024-08-04T13:01:07.966+0000] {logging_mixin.py:188} INFO - [2024-08-04T13:01:07.966+0000] {dag.py:3947} INFO - Setting next_dagrun for example_python_decorator to None, run_after=None
[2024-08-04T13:01:08.003+0000] {processor.py:183} INFO - Processing /home/airflow/.local/lib/python3.12/site-packages/airflow/example_dags/example_python_decorator.py took 0.123 seconds
[2024-08-04T13:01:38.823+0000] {processor.py:161} INFO - Started process (PID=374) to work on /home/airflow/.local/lib/python3.12/site-packages/airflow/example_dags/example_python_decorator.py
[2024-08-04T13:01:38.825+0000] {processor.py:830} INFO - Processing file /home/airflow/.local/lib/python3.12/site-packages/airflow/example_dags/example_python_decorator.py for tasks to queue
[2024-08-04T13:01:38.827+0000] {logging_mixin.py:188} INFO - [2024-08-04T13:01:38.827+0000] {dagbag.py:545} INFO - Filling up the DagBag from /home/airflow/.local/lib/python3.12/site-packages/airflow/example_dags/example_python_decorator.py
[2024-08-04T13:01:38.844+0000] {processor.py:840} INFO - DAG(s) 'example_python_decorator' retrieved from /home/airflow/.local/lib/python3.12/site-packages/airflow/example_dags/example_python_decorator.py
[2024-08-04T13:01:38.871+0000] {logging_mixin.py:188} INFO - [2024-08-04T13:01:38.871+0000] {dag.py:3089} INFO - Sync 1 DAGs
[2024-08-04T13:01:38.889+0000] {logging_mixin.py:188} INFO - [2024-08-04T13:01:38.888+0000] {dag.py:3947} INFO - Setting next_dagrun for example_python_decorator to None, run_after=None
[2024-08-04T13:01:38.915+0000] {processor.py:183} INFO - Processing /home/airflow/.local/lib/python3.12/site-packages/airflow/example_dags/example_python_decorator.py took 0.099 seconds
[2024-08-04T13:02:09.177+0000] {processor.py:161} INFO - Started process (PID=436) to work on /home/airflow/.local/lib/python3.12/site-packages/airflow/example_dags/example_python_decorator.py
[2024-08-04T13:02:09.178+0000] {processor.py:830} INFO - Processing file /home/airflow/.local/lib/python3.12/site-packages/airflow/example_dags/example_python_decorator.py for tasks to queue
[2024-08-04T13:02:09.181+0000] {logging_mixin.py:188} INFO - [2024-08-04T13:02:09.181+0000] {dagbag.py:545} INFO - Filling up the DagBag from /home/airflow/.local/lib/python3.12/site-packages/airflow/example_dags/example_python_decorator.py
[2024-08-04T13:02:09.194+0000] {processor.py:840} INFO - DAG(s) 'example_python_decorator' retrieved from /home/airflow/.local/lib/python3.12/site-packages/airflow/example_dags/example_python_decorator.py
[2024-08-04T13:02:09.219+0000] {logging_mixin.py:188} INFO - [2024-08-04T13:02:09.218+0000] {dag.py:3089} INFO - Sync 1 DAGs
[2024-08-04T13:02:09.232+0000] {logging_mixin.py:188} INFO - [2024-08-04T13:02:09.231+0000] {dag.py:3947} INFO - Setting next_dagrun for example_python_decorator to None, run_after=None
[2024-08-04T13:02:09.254+0000] {processor.py:183} INFO - Processing /home/airflow/.local/lib/python3.12/site-packages/airflow/example_dags/example_python_decorator.py took 0.083 seconds
[2024-08-04T13:02:40.561+0000] {processor.py:161} INFO - Started process (PID=503) to work on /home/airflow/.local/lib/python3.12/site-packages/airflow/example_dags/example_python_decorator.py
[2024-08-04T13:02:40.563+0000] {processor.py:830} INFO - Processing file /home/airflow/.local/lib/python3.12/site-packages/airflow/example_dags/example_python_decorator.py for tasks to queue
[2024-08-04T13:02:40.567+0000] {logging_mixin.py:188} INFO - [2024-08-04T13:02:40.567+0000] {dagbag.py:545} INFO - Filling up the DagBag from /home/airflow/.local/lib/python3.12/site-packages/airflow/example_dags/example_python_decorator.py
[2024-08-04T13:02:40.590+0000] {processor.py:840} INFO - DAG(s) 'example_python_decorator' retrieved from /home/airflow/.local/lib/python3.12/site-packages/airflow/example_dags/example_python_decorator.py
[2024-08-04T13:02:40.637+0000] {logging_mixin.py:188} INFO - [2024-08-04T13:02:40.636+0000] {dag.py:3089} INFO - Sync 1 DAGs
[2024-08-04T13:02:40.660+0000] {logging_mixin.py:188} INFO - [2024-08-04T13:02:40.660+0000] {dag.py:3947} INFO - Setting next_dagrun for example_python_decorator to None, run_after=None
[2024-08-04T13:02:40.697+0000] {processor.py:183} INFO - Processing /home/airflow/.local/lib/python3.12/site-packages/airflow/example_dags/example_python_decorator.py took 0.144 seconds
[2024-08-04T13:04:56.779+0000] {processor.py:161} INFO - Started process (PID=54) to work on /home/airflow/.local/lib/python3.12/site-packages/airflow/example_dags/example_python_decorator.py
[2024-08-04T13:04:56.780+0000] {processor.py:830} INFO - Processing file /home/airflow/.local/lib/python3.12/site-packages/airflow/example_dags/example_python_decorator.py for tasks to queue
[2024-08-04T13:04:56.783+0000] {logging_mixin.py:188} INFO - [2024-08-04T13:04:56.782+0000] {dagbag.py:545} INFO - Filling up the DagBag from /home/airflow/.local/lib/python3.12/site-packages/airflow/example_dags/example_python_decorator.py
[2024-08-04T13:04:56.801+0000] {processor.py:840} INFO - DAG(s) 'example_python_decorator' retrieved from /home/airflow/.local/lib/python3.12/site-packages/airflow/example_dags/example_python_decorator.py
[2024-08-04T13:04:56.947+0000] {logging_mixin.py:188} INFO - [2024-08-04T13:04:56.946+0000] {dag.py:3089} INFO - Sync 1 DAGs
[2024-08-04T13:04:56.959+0000] {logging_mixin.py:188} INFO - [2024-08-04T13:04:56.959+0000] {dag.py:3947} INFO - Setting next_dagrun for example_python_decorator to None, run_after=None
[2024-08-04T13:04:56.990+0000] {processor.py:183} INFO - Processing /home/airflow/.local/lib/python3.12/site-packages/airflow/example_dags/example_python_decorator.py took 0.217 seconds
[2024-08-04T13:05:27.914+0000] {processor.py:161} INFO - Started process (PID=119) to work on /home/airflow/.local/lib/python3.12/site-packages/airflow/example_dags/example_python_decorator.py
[2024-08-04T13:05:27.916+0000] {processor.py:830} INFO - Processing file /home/airflow/.local/lib/python3.12/site-packages/airflow/example_dags/example_python_decorator.py for tasks to queue
[2024-08-04T13:05:27.918+0000] {logging_mixin.py:188} INFO - [2024-08-04T13:05:27.918+0000] {dagbag.py:545} INFO - Filling up the DagBag from /home/airflow/.local/lib/python3.12/site-packages/airflow/example_dags/example_python_decorator.py
[2024-08-04T13:05:27.933+0000] {processor.py:840} INFO - DAG(s) 'example_python_decorator' retrieved from /home/airflow/.local/lib/python3.12/site-packages/airflow/example_dags/example_python_decorator.py
[2024-08-04T13:05:27.962+0000] {logging_mixin.py:188} INFO - [2024-08-04T13:05:27.961+0000] {dag.py:3089} INFO - Sync 1 DAGs
[2024-08-04T13:05:27.975+0000] {logging_mixin.py:188} INFO - [2024-08-04T13:05:27.974+0000] {dag.py:3947} INFO - Setting next_dagrun for example_python_decorator to None, run_after=None
[2024-08-04T13:05:27.999+0000] {processor.py:183} INFO - Processing /home/airflow/.local/lib/python3.12/site-packages/airflow/example_dags/example_python_decorator.py took 0.090 seconds
[2024-08-04T13:05:59.674+0000] {processor.py:161} INFO - Started process (PID=183) to work on /home/airflow/.local/lib/python3.12/site-packages/airflow/example_dags/example_python_decorator.py
[2024-08-04T13:05:59.675+0000] {processor.py:830} INFO - Processing file /home/airflow/.local/lib/python3.12/site-packages/airflow/example_dags/example_python_decorator.py for tasks to queue
[2024-08-04T13:05:59.679+0000] {logging_mixin.py:188} INFO - [2024-08-04T13:05:59.678+0000] {dagbag.py:545} INFO - Filling up the DagBag from /home/airflow/.local/lib/python3.12/site-packages/airflow/example_dags/example_python_decorator.py
[2024-08-04T13:05:59.701+0000] {processor.py:840} INFO - DAG(s) 'example_python_decorator' retrieved from /home/airflow/.local/lib/python3.12/site-packages/airflow/example_dags/example_python_decorator.py
[2024-08-04T13:05:59.740+0000] {logging_mixin.py:188} INFO - [2024-08-04T13:05:59.740+0000] {dag.py:3089} INFO - Sync 1 DAGs
[2024-08-04T13:05:59.763+0000] {logging_mixin.py:188} INFO - [2024-08-04T13:05:59.762+0000] {dag.py:3947} INFO - Setting next_dagrun for example_python_decorator to None, run_after=None
[2024-08-04T13:05:59.800+0000] {processor.py:183} INFO - Processing /home/airflow/.local/lib/python3.12/site-packages/airflow/example_dags/example_python_decorator.py took 0.136 seconds
[2024-08-04T13:06:30.885+0000] {processor.py:161} INFO - Started process (PID=251) to work on /home/airflow/.local/lib/python3.12/site-packages/airflow/example_dags/example_python_decorator.py
[2024-08-04T13:06:30.886+0000] {processor.py:830} INFO - Processing file /home/airflow/.local/lib/python3.12/site-packages/airflow/example_dags/example_python_decorator.py for tasks to queue
[2024-08-04T13:06:30.889+0000] {logging_mixin.py:188} INFO - [2024-08-04T13:06:30.888+0000] {dagbag.py:545} INFO - Filling up the DagBag from /home/airflow/.local/lib/python3.12/site-packages/airflow/example_dags/example_python_decorator.py
[2024-08-04T13:06:30.909+0000] {processor.py:840} INFO - DAG(s) 'example_python_decorator' retrieved from /home/airflow/.local/lib/python3.12/site-packages/airflow/example_dags/example_python_decorator.py
[2024-08-04T13:06:30.938+0000] {logging_mixin.py:188} INFO - [2024-08-04T13:06:30.938+0000] {dag.py:3089} INFO - Sync 1 DAGs
[2024-08-04T13:06:30.952+0000] {logging_mixin.py:188} INFO - [2024-08-04T13:06:30.952+0000] {dag.py:3947} INFO - Setting next_dagrun for example_python_decorator to None, run_after=None
[2024-08-04T13:06:30.974+0000] {processor.py:183} INFO - Processing /home/airflow/.local/lib/python3.12/site-packages/airflow/example_dags/example_python_decorator.py took 0.097 seconds
[2024-08-04T13:07:01.504+0000] {processor.py:161} INFO - Started process (PID=315) to work on /home/airflow/.local/lib/python3.12/site-packages/airflow/example_dags/example_python_decorator.py
[2024-08-04T13:07:01.505+0000] {processor.py:830} INFO - Processing file /home/airflow/.local/lib/python3.12/site-packages/airflow/example_dags/example_python_decorator.py for tasks to queue
[2024-08-04T13:07:01.508+0000] {logging_mixin.py:188} INFO - [2024-08-04T13:07:01.508+0000] {dagbag.py:545} INFO - Filling up the DagBag from /home/airflow/.local/lib/python3.12/site-packages/airflow/example_dags/example_python_decorator.py
[2024-08-04T13:07:01.522+0000] {processor.py:840} INFO - DAG(s) 'example_python_decorator' retrieved from /home/airflow/.local/lib/python3.12/site-packages/airflow/example_dags/example_python_decorator.py
[2024-08-04T13:07:01.554+0000] {logging_mixin.py:188} INFO - [2024-08-04T13:07:01.553+0000] {dag.py:3089} INFO - Sync 1 DAGs
[2024-08-04T13:07:01.574+0000] {logging_mixin.py:188} INFO - [2024-08-04T13:07:01.573+0000] {dag.py:3947} INFO - Setting next_dagrun for example_python_decorator to None, run_after=None
[2024-08-04T13:07:01.598+0000] {processor.py:183} INFO - Processing /home/airflow/.local/lib/python3.12/site-packages/airflow/example_dags/example_python_decorator.py took 0.102 seconds
[2024-08-04T13:07:32.523+0000] {processor.py:161} INFO - Started process (PID=379) to work on /home/airflow/.local/lib/python3.12/site-packages/airflow/example_dags/example_python_decorator.py
[2024-08-04T13:07:32.525+0000] {processor.py:830} INFO - Processing file /home/airflow/.local/lib/python3.12/site-packages/airflow/example_dags/example_python_decorator.py for tasks to queue
[2024-08-04T13:07:32.527+0000] {logging_mixin.py:188} INFO - [2024-08-04T13:07:32.527+0000] {dagbag.py:545} INFO - Filling up the DagBag from /home/airflow/.local/lib/python3.12/site-packages/airflow/example_dags/example_python_decorator.py
[2024-08-04T13:07:32.545+0000] {processor.py:840} INFO - DAG(s) 'example_python_decorator' retrieved from /home/airflow/.local/lib/python3.12/site-packages/airflow/example_dags/example_python_decorator.py
[2024-08-04T13:07:32.571+0000] {logging_mixin.py:188} INFO - [2024-08-04T13:07:32.570+0000] {dag.py:3089} INFO - Sync 1 DAGs
[2024-08-04T13:07:32.613+0000] {logging_mixin.py:188} INFO - [2024-08-04T13:07:32.612+0000] {dag.py:3947} INFO - Setting next_dagrun for example_python_decorator to None, run_after=None
[2024-08-04T13:07:32.638+0000] {processor.py:183} INFO - Processing /home/airflow/.local/lib/python3.12/site-packages/airflow/example_dags/example_python_decorator.py took 0.121 seconds
[2024-08-04T13:08:03.456+0000] {processor.py:161} INFO - Started process (PID=443) to work on /home/airflow/.local/lib/python3.12/site-packages/airflow/example_dags/example_python_decorator.py
[2024-08-04T13:08:03.458+0000] {processor.py:830} INFO - Processing file /home/airflow/.local/lib/python3.12/site-packages/airflow/example_dags/example_python_decorator.py for tasks to queue
[2024-08-04T13:08:03.462+0000] {logging_mixin.py:188} INFO - [2024-08-04T13:08:03.462+0000] {dagbag.py:545} INFO - Filling up the DagBag from /home/airflow/.local/lib/python3.12/site-packages/airflow/example_dags/example_python_decorator.py
[2024-08-04T13:08:03.485+0000] {processor.py:840} INFO - DAG(s) 'example_python_decorator' retrieved from /home/airflow/.local/lib/python3.12/site-packages/airflow/example_dags/example_python_decorator.py
[2024-08-04T13:08:03.521+0000] {logging_mixin.py:188} INFO - [2024-08-04T13:08:03.520+0000] {dag.py:3089} INFO - Sync 1 DAGs
[2024-08-04T13:08:03.539+0000] {logging_mixin.py:188} INFO - [2024-08-04T13:08:03.538+0000] {dag.py:3947} INFO - Setting next_dagrun for example_python_decorator to None, run_after=None
[2024-08-04T13:08:03.570+0000] {processor.py:183} INFO - Processing /home/airflow/.local/lib/python3.12/site-packages/airflow/example_dags/example_python_decorator.py took 0.125 seconds
[2024-08-04T13:08:34.362+0000] {processor.py:161} INFO - Started process (PID=507) to work on /home/airflow/.local/lib/python3.12/site-packages/airflow/example_dags/example_python_decorator.py
[2024-08-04T13:08:34.363+0000] {processor.py:830} INFO - Processing file /home/airflow/.local/lib/python3.12/site-packages/airflow/example_dags/example_python_decorator.py for tasks to queue
[2024-08-04T13:08:34.365+0000] {logging_mixin.py:188} INFO - [2024-08-04T13:08:34.365+0000] {dagbag.py:545} INFO - Filling up the DagBag from /home/airflow/.local/lib/python3.12/site-packages/airflow/example_dags/example_python_decorator.py
[2024-08-04T13:08:34.383+0000] {processor.py:840} INFO - DAG(s) 'example_python_decorator' retrieved from /home/airflow/.local/lib/python3.12/site-packages/airflow/example_dags/example_python_decorator.py
[2024-08-04T13:08:34.409+0000] {logging_mixin.py:188} INFO - [2024-08-04T13:08:34.408+0000] {dag.py:3089} INFO - Sync 1 DAGs
[2024-08-04T13:08:34.423+0000] {logging_mixin.py:188} INFO - [2024-08-04T13:08:34.423+0000] {dag.py:3947} INFO - Setting next_dagrun for example_python_decorator to None, run_after=None
[2024-08-04T13:08:34.449+0000] {processor.py:183} INFO - Processing /home/airflow/.local/lib/python3.12/site-packages/airflow/example_dags/example_python_decorator.py took 0.095 seconds
[2024-08-04T13:09:05.813+0000] {processor.py:161} INFO - Started process (PID=577) to work on /home/airflow/.local/lib/python3.12/site-packages/airflow/example_dags/example_python_decorator.py
[2024-08-04T13:09:05.815+0000] {processor.py:830} INFO - Processing file /home/airflow/.local/lib/python3.12/site-packages/airflow/example_dags/example_python_decorator.py for tasks to queue
[2024-08-04T13:09:05.817+0000] {logging_mixin.py:188} INFO - [2024-08-04T13:09:05.817+0000] {dagbag.py:545} INFO - Filling up the DagBag from /home/airflow/.local/lib/python3.12/site-packages/airflow/example_dags/example_python_decorator.py
[2024-08-04T13:09:05.837+0000] {processor.py:840} INFO - DAG(s) 'example_python_decorator' retrieved from /home/airflow/.local/lib/python3.12/site-packages/airflow/example_dags/example_python_decorator.py
[2024-08-04T13:09:05.865+0000] {logging_mixin.py:188} INFO - [2024-08-04T13:09:05.864+0000] {dag.py:3089} INFO - Sync 1 DAGs
[2024-08-04T13:09:05.881+0000] {logging_mixin.py:188} INFO - [2024-08-04T13:09:05.881+0000] {dag.py:3947} INFO - Setting next_dagrun for example_python_decorator to None, run_after=None
[2024-08-04T13:09:05.911+0000] {processor.py:183} INFO - Processing /home/airflow/.local/lib/python3.12/site-packages/airflow/example_dags/example_python_decorator.py took 0.105 seconds
[2024-08-04T13:09:36.701+0000] {processor.py:161} INFO - Started process (PID=640) to work on /home/airflow/.local/lib/python3.12/site-packages/airflow/example_dags/example_python_decorator.py
[2024-08-04T13:09:36.702+0000] {processor.py:830} INFO - Processing file /home/airflow/.local/lib/python3.12/site-packages/airflow/example_dags/example_python_decorator.py for tasks to queue
[2024-08-04T13:09:36.704+0000] {logging_mixin.py:188} INFO - [2024-08-04T13:09:36.704+0000] {dagbag.py:545} INFO - Filling up the DagBag from /home/airflow/.local/lib/python3.12/site-packages/airflow/example_dags/example_python_decorator.py
[2024-08-04T13:09:36.718+0000] {processor.py:840} INFO - DAG(s) 'example_python_decorator' retrieved from /home/airflow/.local/lib/python3.12/site-packages/airflow/example_dags/example_python_decorator.py
[2024-08-04T13:09:36.746+0000] {logging_mixin.py:188} INFO - [2024-08-04T13:09:36.745+0000] {dag.py:3089} INFO - Sync 1 DAGs
[2024-08-04T13:09:36.759+0000] {logging_mixin.py:188} INFO - [2024-08-04T13:09:36.759+0000] {dag.py:3947} INFO - Setting next_dagrun for example_python_decorator to None, run_after=None
[2024-08-04T13:09:36.785+0000] {processor.py:183} INFO - Processing /home/airflow/.local/lib/python3.12/site-packages/airflow/example_dags/example_python_decorator.py took 0.090 seconds
[2024-08-04T13:10:07.372+0000] {processor.py:161} INFO - Started process (PID=702) to work on /home/airflow/.local/lib/python3.12/site-packages/airflow/example_dags/example_python_decorator.py
[2024-08-04T13:10:07.373+0000] {processor.py:830} INFO - Processing file /home/airflow/.local/lib/python3.12/site-packages/airflow/example_dags/example_python_decorator.py for tasks to queue
[2024-08-04T13:10:07.376+0000] {logging_mixin.py:188} INFO - [2024-08-04T13:10:07.376+0000] {dagbag.py:545} INFO - Filling up the DagBag from /home/airflow/.local/lib/python3.12/site-packages/airflow/example_dags/example_python_decorator.py
[2024-08-04T13:10:07.391+0000] {processor.py:840} INFO - DAG(s) 'example_python_decorator' retrieved from /home/airflow/.local/lib/python3.12/site-packages/airflow/example_dags/example_python_decorator.py
[2024-08-04T13:10:07.419+0000] {logging_mixin.py:188} INFO - [2024-08-04T13:10:07.418+0000] {dag.py:3089} INFO - Sync 1 DAGs
[2024-08-04T13:10:07.435+0000] {logging_mixin.py:188} INFO - [2024-08-04T13:10:07.435+0000] {dag.py:3947} INFO - Setting next_dagrun for example_python_decorator to None, run_after=None
[2024-08-04T13:10:07.459+0000] {processor.py:183} INFO - Processing /home/airflow/.local/lib/python3.12/site-packages/airflow/example_dags/example_python_decorator.py took 0.093 seconds
[2024-08-04T13:10:38.764+0000] {processor.py:161} INFO - Started process (PID=766) to work on /home/airflow/.local/lib/python3.12/site-packages/airflow/example_dags/example_python_decorator.py
[2024-08-04T13:10:38.766+0000] {processor.py:830} INFO - Processing file /home/airflow/.local/lib/python3.12/site-packages/airflow/example_dags/example_python_decorator.py for tasks to queue
[2024-08-04T13:10:38.768+0000] {logging_mixin.py:188} INFO - [2024-08-04T13:10:38.768+0000] {dagbag.py:545} INFO - Filling up the DagBag from /home/airflow/.local/lib/python3.12/site-packages/airflow/example_dags/example_python_decorator.py
[2024-08-04T13:10:38.783+0000] {processor.py:840} INFO - DAG(s) 'example_python_decorator' retrieved from /home/airflow/.local/lib/python3.12/site-packages/airflow/example_dags/example_python_decorator.py
[2024-08-04T13:10:38.810+0000] {logging_mixin.py:188} INFO - [2024-08-04T13:10:38.809+0000] {dag.py:3089} INFO - Sync 1 DAGs
[2024-08-04T13:10:38.826+0000] {logging_mixin.py:188} INFO - [2024-08-04T13:10:38.826+0000] {dag.py:3947} INFO - Setting next_dagrun for example_python_decorator to None, run_after=None
[2024-08-04T13:10:38.852+0000] {processor.py:183} INFO - Processing /home/airflow/.local/lib/python3.12/site-packages/airflow/example_dags/example_python_decorator.py took 0.099 seconds
[2024-08-04T13:11:10.323+0000] {processor.py:161} INFO - Started process (PID=830) to work on /home/airflow/.local/lib/python3.12/site-packages/airflow/example_dags/example_python_decorator.py
[2024-08-04T13:11:10.324+0000] {processor.py:830} INFO - Processing file /home/airflow/.local/lib/python3.12/site-packages/airflow/example_dags/example_python_decorator.py for tasks to queue
[2024-08-04T13:11:10.327+0000] {logging_mixin.py:188} INFO - [2024-08-04T13:11:10.326+0000] {dagbag.py:545} INFO - Filling up the DagBag from /home/airflow/.local/lib/python3.12/site-packages/airflow/example_dags/example_python_decorator.py
[2024-08-04T13:11:10.342+0000] {processor.py:840} INFO - DAG(s) 'example_python_decorator' retrieved from /home/airflow/.local/lib/python3.12/site-packages/airflow/example_dags/example_python_decorator.py
[2024-08-04T13:11:10.370+0000] {logging_mixin.py:188} INFO - [2024-08-04T13:11:10.370+0000] {dag.py:3089} INFO - Sync 1 DAGs
[2024-08-04T13:11:10.385+0000] {logging_mixin.py:188} INFO - [2024-08-04T13:11:10.385+0000] {dag.py:3947} INFO - Setting next_dagrun for example_python_decorator to None, run_after=None
[2024-08-04T13:11:10.409+0000] {processor.py:183} INFO - Processing /home/airflow/.local/lib/python3.12/site-packages/airflow/example_dags/example_python_decorator.py took 0.093 seconds
[2024-08-04T13:11:41.273+0000] {processor.py:161} INFO - Started process (PID=894) to work on /home/airflow/.local/lib/python3.12/site-packages/airflow/example_dags/example_python_decorator.py
[2024-08-04T13:11:41.275+0000] {processor.py:830} INFO - Processing file /home/airflow/.local/lib/python3.12/site-packages/airflow/example_dags/example_python_decorator.py for tasks to queue
[2024-08-04T13:11:41.278+0000] {logging_mixin.py:188} INFO - [2024-08-04T13:11:41.277+0000] {dagbag.py:545} INFO - Filling up the DagBag from /home/airflow/.local/lib/python3.12/site-packages/airflow/example_dags/example_python_decorator.py
[2024-08-04T13:11:41.293+0000] {processor.py:840} INFO - DAG(s) 'example_python_decorator' retrieved from /home/airflow/.local/lib/python3.12/site-packages/airflow/example_dags/example_python_decorator.py
[2024-08-04T13:11:41.323+0000] {logging_mixin.py:188} INFO - [2024-08-04T13:11:41.322+0000] {dag.py:3089} INFO - Sync 1 DAGs
[2024-08-04T13:11:41.337+0000] {logging_mixin.py:188} INFO - [2024-08-04T13:11:41.337+0000] {dag.py:3947} INFO - Setting next_dagrun for example_python_decorator to None, run_after=None
[2024-08-04T13:11:41.368+0000] {processor.py:183} INFO - Processing /home/airflow/.local/lib/python3.12/site-packages/airflow/example_dags/example_python_decorator.py took 0.102 seconds
[2024-08-04T13:12:12.725+0000] {processor.py:161} INFO - Started process (PID=958) to work on /home/airflow/.local/lib/python3.12/site-packages/airflow/example_dags/example_python_decorator.py
[2024-08-04T13:12:12.729+0000] {processor.py:830} INFO - Processing file /home/airflow/.local/lib/python3.12/site-packages/airflow/example_dags/example_python_decorator.py for tasks to queue
[2024-08-04T13:12:12.731+0000] {logging_mixin.py:188} INFO - [2024-08-04T13:12:12.730+0000] {dagbag.py:545} INFO - Filling up the DagBag from /home/airflow/.local/lib/python3.12/site-packages/airflow/example_dags/example_python_decorator.py
[2024-08-04T13:12:12.746+0000] {processor.py:840} INFO - DAG(s) 'example_python_decorator' retrieved from /home/airflow/.local/lib/python3.12/site-packages/airflow/example_dags/example_python_decorator.py
[2024-08-04T13:12:12.774+0000] {logging_mixin.py:188} INFO - [2024-08-04T13:12:12.773+0000] {dag.py:3089} INFO - Sync 1 DAGs
[2024-08-04T13:12:12.787+0000] {logging_mixin.py:188} INFO - [2024-08-04T13:12:12.787+0000] {dag.py:3947} INFO - Setting next_dagrun for example_python_decorator to None, run_after=None
[2024-08-04T13:12:12.813+0000] {processor.py:183} INFO - Processing /home/airflow/.local/lib/python3.12/site-packages/airflow/example_dags/example_python_decorator.py took 0.094 seconds
[2024-08-04T13:12:44.215+0000] {processor.py:161} INFO - Started process (PID=1022) to work on /home/airflow/.local/lib/python3.12/site-packages/airflow/example_dags/example_python_decorator.py
[2024-08-04T13:12:44.217+0000] {processor.py:830} INFO - Processing file /home/airflow/.local/lib/python3.12/site-packages/airflow/example_dags/example_python_decorator.py for tasks to queue
[2024-08-04T13:12:44.219+0000] {logging_mixin.py:188} INFO - [2024-08-04T13:12:44.219+0000] {dagbag.py:545} INFO - Filling up the DagBag from /home/airflow/.local/lib/python3.12/site-packages/airflow/example_dags/example_python_decorator.py
[2024-08-04T13:12:44.233+0000] {processor.py:840} INFO - DAG(s) 'example_python_decorator' retrieved from /home/airflow/.local/lib/python3.12/site-packages/airflow/example_dags/example_python_decorator.py
[2024-08-04T13:12:44.256+0000] {logging_mixin.py:188} INFO - [2024-08-04T13:12:44.256+0000] {dag.py:3089} INFO - Sync 1 DAGs
[2024-08-04T13:12:44.270+0000] {logging_mixin.py:188} INFO - [2024-08-04T13:12:44.270+0000] {dag.py:3947} INFO - Setting next_dagrun for example_python_decorator to None, run_after=None
[2024-08-04T13:12:44.297+0000] {processor.py:183} INFO - Processing /home/airflow/.local/lib/python3.12/site-packages/airflow/example_dags/example_python_decorator.py took 0.088 seconds
[2024-08-04T13:13:14.932+0000] {processor.py:161} INFO - Started process (PID=1086) to work on /home/airflow/.local/lib/python3.12/site-packages/airflow/example_dags/example_python_decorator.py
[2024-08-04T13:13:14.933+0000] {processor.py:830} INFO - Processing file /home/airflow/.local/lib/python3.12/site-packages/airflow/example_dags/example_python_decorator.py for tasks to queue
[2024-08-04T13:13:14.935+0000] {logging_mixin.py:188} INFO - [2024-08-04T13:13:14.935+0000] {dagbag.py:545} INFO - Filling up the DagBag from /home/airflow/.local/lib/python3.12/site-packages/airflow/example_dags/example_python_decorator.py
[2024-08-04T13:13:14.951+0000] {processor.py:840} INFO - DAG(s) 'example_python_decorator' retrieved from /home/airflow/.local/lib/python3.12/site-packages/airflow/example_dags/example_python_decorator.py
[2024-08-04T13:13:14.984+0000] {logging_mixin.py:188} INFO - [2024-08-04T13:13:14.984+0000] {dag.py:3089} INFO - Sync 1 DAGs
[2024-08-04T13:13:15.000+0000] {logging_mixin.py:188} INFO - [2024-08-04T13:13:14.999+0000] {dag.py:3947} INFO - Setting next_dagrun for example_python_decorator to None, run_after=None
[2024-08-04T13:13:15.035+0000] {processor.py:183} INFO - Processing /home/airflow/.local/lib/python3.12/site-packages/airflow/example_dags/example_python_decorator.py took 0.110 seconds
[2024-08-04T13:13:46.498+0000] {processor.py:161} INFO - Started process (PID=1150) to work on /home/airflow/.local/lib/python3.12/site-packages/airflow/example_dags/example_python_decorator.py
[2024-08-04T13:13:46.499+0000] {processor.py:830} INFO - Processing file /home/airflow/.local/lib/python3.12/site-packages/airflow/example_dags/example_python_decorator.py for tasks to queue
[2024-08-04T13:13:46.504+0000] {logging_mixin.py:188} INFO - [2024-08-04T13:13:46.504+0000] {dagbag.py:545} INFO - Filling up the DagBag from /home/airflow/.local/lib/python3.12/site-packages/airflow/example_dags/example_python_decorator.py
[2024-08-04T13:13:46.522+0000] {processor.py:840} INFO - DAG(s) 'example_python_decorator' retrieved from /home/airflow/.local/lib/python3.12/site-packages/airflow/example_dags/example_python_decorator.py
[2024-08-04T13:13:46.549+0000] {logging_mixin.py:188} INFO - [2024-08-04T13:13:46.549+0000] {dag.py:3089} INFO - Sync 1 DAGs
[2024-08-04T13:13:46.562+0000] {logging_mixin.py:188} INFO - [2024-08-04T13:13:46.562+0000] {dag.py:3947} INFO - Setting next_dagrun for example_python_decorator to None, run_after=None
[2024-08-04T13:13:46.586+0000] {processor.py:183} INFO - Processing /home/airflow/.local/lib/python3.12/site-packages/airflow/example_dags/example_python_decorator.py took 0.094 seconds
[2024-08-04T13:14:17.811+0000] {processor.py:161} INFO - Started process (PID=1214) to work on /home/airflow/.local/lib/python3.12/site-packages/airflow/example_dags/example_python_decorator.py
[2024-08-04T13:14:17.814+0000] {processor.py:830} INFO - Processing file /home/airflow/.local/lib/python3.12/site-packages/airflow/example_dags/example_python_decorator.py for tasks to queue
[2024-08-04T13:14:17.816+0000] {logging_mixin.py:188} INFO - [2024-08-04T13:14:17.816+0000] {dagbag.py:545} INFO - Filling up the DagBag from /home/airflow/.local/lib/python3.12/site-packages/airflow/example_dags/example_python_decorator.py
[2024-08-04T13:14:17.839+0000] {processor.py:840} INFO - DAG(s) 'example_python_decorator' retrieved from /home/airflow/.local/lib/python3.12/site-packages/airflow/example_dags/example_python_decorator.py
[2024-08-04T13:14:17.865+0000] {logging_mixin.py:188} INFO - [2024-08-04T13:14:17.865+0000] {dag.py:3089} INFO - Sync 1 DAGs
[2024-08-04T13:14:17.885+0000] {logging_mixin.py:188} INFO - [2024-08-04T13:14:17.885+0000] {dag.py:3947} INFO - Setting next_dagrun for example_python_decorator to None, run_after=None
[2024-08-04T13:14:17.910+0000] {processor.py:183} INFO - Processing /home/airflow/.local/lib/python3.12/site-packages/airflow/example_dags/example_python_decorator.py took 0.108 seconds
[2024-08-04T13:14:48.516+0000] {processor.py:161} INFO - Started process (PID=1277) to work on /home/airflow/.local/lib/python3.12/site-packages/airflow/example_dags/example_python_decorator.py
[2024-08-04T13:14:48.518+0000] {processor.py:830} INFO - Processing file /home/airflow/.local/lib/python3.12/site-packages/airflow/example_dags/example_python_decorator.py for tasks to queue
[2024-08-04T13:14:48.520+0000] {logging_mixin.py:188} INFO - [2024-08-04T13:14:48.520+0000] {dagbag.py:545} INFO - Filling up the DagBag from /home/airflow/.local/lib/python3.12/site-packages/airflow/example_dags/example_python_decorator.py
[2024-08-04T13:14:48.537+0000] {processor.py:840} INFO - DAG(s) 'example_python_decorator' retrieved from /home/airflow/.local/lib/python3.12/site-packages/airflow/example_dags/example_python_decorator.py
[2024-08-04T13:14:48.566+0000] {logging_mixin.py:188} INFO - [2024-08-04T13:14:48.566+0000] {dag.py:3089} INFO - Sync 1 DAGs
[2024-08-04T13:14:48.581+0000] {logging_mixin.py:188} INFO - [2024-08-04T13:14:48.581+0000] {dag.py:3947} INFO - Setting next_dagrun for example_python_decorator to None, run_after=None
[2024-08-04T13:14:48.605+0000] {processor.py:183} INFO - Processing /home/airflow/.local/lib/python3.12/site-packages/airflow/example_dags/example_python_decorator.py took 0.097 seconds
[2024-08-04T13:15:19.804+0000] {processor.py:161} INFO - Started process (PID=1341) to work on /home/airflow/.local/lib/python3.12/site-packages/airflow/example_dags/example_python_decorator.py
[2024-08-04T13:15:19.805+0000] {processor.py:830} INFO - Processing file /home/airflow/.local/lib/python3.12/site-packages/airflow/example_dags/example_python_decorator.py for tasks to queue
[2024-08-04T13:15:19.808+0000] {logging_mixin.py:188} INFO - [2024-08-04T13:15:19.808+0000] {dagbag.py:545} INFO - Filling up the DagBag from /home/airflow/.local/lib/python3.12/site-packages/airflow/example_dags/example_python_decorator.py
[2024-08-04T13:15:19.823+0000] {processor.py:840} INFO - DAG(s) 'example_python_decorator' retrieved from /home/airflow/.local/lib/python3.12/site-packages/airflow/example_dags/example_python_decorator.py
[2024-08-04T13:15:19.855+0000] {logging_mixin.py:188} INFO - [2024-08-04T13:15:19.855+0000] {dag.py:3089} INFO - Sync 1 DAGs
[2024-08-04T13:15:19.876+0000] {logging_mixin.py:188} INFO - [2024-08-04T13:15:19.875+0000] {dag.py:3947} INFO - Setting next_dagrun for example_python_decorator to None, run_after=None
[2024-08-04T13:15:19.915+0000] {processor.py:183} INFO - Processing /home/airflow/.local/lib/python3.12/site-packages/airflow/example_dags/example_python_decorator.py took 0.118 seconds
[2024-08-04T13:15:51.140+0000] {processor.py:161} INFO - Started process (PID=1405) to work on /home/airflow/.local/lib/python3.12/site-packages/airflow/example_dags/example_python_decorator.py
[2024-08-04T13:15:51.142+0000] {processor.py:830} INFO - Processing file /home/airflow/.local/lib/python3.12/site-packages/airflow/example_dags/example_python_decorator.py for tasks to queue
[2024-08-04T13:15:51.145+0000] {logging_mixin.py:188} INFO - [2024-08-04T13:15:51.144+0000] {dagbag.py:545} INFO - Filling up the DagBag from /home/airflow/.local/lib/python3.12/site-packages/airflow/example_dags/example_python_decorator.py
[2024-08-04T13:15:51.158+0000] {processor.py:840} INFO - DAG(s) 'example_python_decorator' retrieved from /home/airflow/.local/lib/python3.12/site-packages/airflow/example_dags/example_python_decorator.py
[2024-08-04T13:15:51.191+0000] {logging_mixin.py:188} INFO - [2024-08-04T13:15:51.190+0000] {dag.py:3089} INFO - Sync 1 DAGs
[2024-08-04T13:15:51.204+0000] {logging_mixin.py:188} INFO - [2024-08-04T13:15:51.204+0000] {dag.py:3947} INFO - Setting next_dagrun for example_python_decorator to None, run_after=None
[2024-08-04T13:15:51.234+0000] {processor.py:183} INFO - Processing /home/airflow/.local/lib/python3.12/site-packages/airflow/example_dags/example_python_decorator.py took 0.101 seconds
[2024-08-04T13:16:21.946+0000] {processor.py:161} INFO - Started process (PID=1469) to work on /home/airflow/.local/lib/python3.12/site-packages/airflow/example_dags/example_python_decorator.py
[2024-08-04T13:16:21.948+0000] {processor.py:830} INFO - Processing file /home/airflow/.local/lib/python3.12/site-packages/airflow/example_dags/example_python_decorator.py for tasks to queue
[2024-08-04T13:16:21.950+0000] {logging_mixin.py:188} INFO - [2024-08-04T13:16:21.950+0000] {dagbag.py:545} INFO - Filling up the DagBag from /home/airflow/.local/lib/python3.12/site-packages/airflow/example_dags/example_python_decorator.py
[2024-08-04T13:16:21.963+0000] {processor.py:840} INFO - DAG(s) 'example_python_decorator' retrieved from /home/airflow/.local/lib/python3.12/site-packages/airflow/example_dags/example_python_decorator.py
[2024-08-04T13:16:21.995+0000] {logging_mixin.py:188} INFO - [2024-08-04T13:16:21.994+0000] {dag.py:3089} INFO - Sync 1 DAGs
[2024-08-04T13:16:22.010+0000] {logging_mixin.py:188} INFO - [2024-08-04T13:16:22.010+0000] {dag.py:3947} INFO - Setting next_dagrun for example_python_decorator to None, run_after=None
[2024-08-04T13:16:22.037+0000] {processor.py:183} INFO - Processing /home/airflow/.local/lib/python3.12/site-packages/airflow/example_dags/example_python_decorator.py took 0.098 seconds
[2024-08-04T13:16:53.336+0000] {processor.py:161} INFO - Started process (PID=1533) to work on /home/airflow/.local/lib/python3.12/site-packages/airflow/example_dags/example_python_decorator.py
[2024-08-04T13:16:53.338+0000] {processor.py:830} INFO - Processing file /home/airflow/.local/lib/python3.12/site-packages/airflow/example_dags/example_python_decorator.py for tasks to queue
[2024-08-04T13:16:53.340+0000] {logging_mixin.py:188} INFO - [2024-08-04T13:16:53.339+0000] {dagbag.py:545} INFO - Filling up the DagBag from /home/airflow/.local/lib/python3.12/site-packages/airflow/example_dags/example_python_decorator.py
[2024-08-04T13:16:53.353+0000] {processor.py:840} INFO - DAG(s) 'example_python_decorator' retrieved from /home/airflow/.local/lib/python3.12/site-packages/airflow/example_dags/example_python_decorator.py
[2024-08-04T13:16:53.376+0000] {logging_mixin.py:188} INFO - [2024-08-04T13:16:53.376+0000] {dag.py:3089} INFO - Sync 1 DAGs
[2024-08-04T13:16:53.389+0000] {logging_mixin.py:188} INFO - [2024-08-04T13:16:53.389+0000] {dag.py:3947} INFO - Setting next_dagrun for example_python_decorator to None, run_after=None
[2024-08-04T13:16:53.407+0000] {processor.py:183} INFO - Processing /home/airflow/.local/lib/python3.12/site-packages/airflow/example_dags/example_python_decorator.py took 0.077 seconds
[2024-08-04T13:17:24.323+0000] {processor.py:161} INFO - Started process (PID=1598) to work on /home/airflow/.local/lib/python3.12/site-packages/airflow/example_dags/example_python_decorator.py
[2024-08-04T13:17:24.324+0000] {processor.py:830} INFO - Processing file /home/airflow/.local/lib/python3.12/site-packages/airflow/example_dags/example_python_decorator.py for tasks to queue
[2024-08-04T13:17:24.326+0000] {logging_mixin.py:188} INFO - [2024-08-04T13:17:24.326+0000] {dagbag.py:545} INFO - Filling up the DagBag from /home/airflow/.local/lib/python3.12/site-packages/airflow/example_dags/example_python_decorator.py
[2024-08-04T13:17:24.339+0000] {processor.py:840} INFO - DAG(s) 'example_python_decorator' retrieved from /home/airflow/.local/lib/python3.12/site-packages/airflow/example_dags/example_python_decorator.py
[2024-08-04T13:17:24.361+0000] {logging_mixin.py:188} INFO - [2024-08-04T13:17:24.361+0000] {dag.py:3089} INFO - Sync 1 DAGs
[2024-08-04T13:17:24.373+0000] {logging_mixin.py:188} INFO - [2024-08-04T13:17:24.373+0000] {dag.py:3947} INFO - Setting next_dagrun for example_python_decorator to None, run_after=None
[2024-08-04T13:17:24.395+0000] {processor.py:183} INFO - Processing /home/airflow/.local/lib/python3.12/site-packages/airflow/example_dags/example_python_decorator.py took 0.078 seconds
[2024-08-04T13:17:55.240+0000] {processor.py:161} INFO - Started process (PID=1662) to work on /home/airflow/.local/lib/python3.12/site-packages/airflow/example_dags/example_python_decorator.py
[2024-08-04T13:17:55.241+0000] {processor.py:830} INFO - Processing file /home/airflow/.local/lib/python3.12/site-packages/airflow/example_dags/example_python_decorator.py for tasks to queue
[2024-08-04T13:17:55.243+0000] {logging_mixin.py:188} INFO - [2024-08-04T13:17:55.243+0000] {dagbag.py:545} INFO - Filling up the DagBag from /home/airflow/.local/lib/python3.12/site-packages/airflow/example_dags/example_python_decorator.py
[2024-08-04T13:17:55.258+0000] {processor.py:840} INFO - DAG(s) 'example_python_decorator' retrieved from /home/airflow/.local/lib/python3.12/site-packages/airflow/example_dags/example_python_decorator.py
[2024-08-04T13:17:55.286+0000] {logging_mixin.py:188} INFO - [2024-08-04T13:17:55.285+0000] {dag.py:3089} INFO - Sync 1 DAGs
[2024-08-04T13:17:55.307+0000] {logging_mixin.py:188} INFO - [2024-08-04T13:17:55.307+0000] {dag.py:3947} INFO - Setting next_dagrun for example_python_decorator to None, run_after=None
[2024-08-04T13:17:55.328+0000] {processor.py:183} INFO - Processing /home/airflow/.local/lib/python3.12/site-packages/airflow/example_dags/example_python_decorator.py took 0.095 seconds
[2024-08-04T13:18:26.180+0000] {processor.py:161} INFO - Started process (PID=1726) to work on /home/airflow/.local/lib/python3.12/site-packages/airflow/example_dags/example_python_decorator.py
[2024-08-04T13:18:26.181+0000] {processor.py:830} INFO - Processing file /home/airflow/.local/lib/python3.12/site-packages/airflow/example_dags/example_python_decorator.py for tasks to queue
[2024-08-04T13:18:26.183+0000] {logging_mixin.py:188} INFO - [2024-08-04T13:18:26.183+0000] {dagbag.py:545} INFO - Filling up the DagBag from /home/airflow/.local/lib/python3.12/site-packages/airflow/example_dags/example_python_decorator.py
[2024-08-04T13:18:26.198+0000] {processor.py:840} INFO - DAG(s) 'example_python_decorator' retrieved from /home/airflow/.local/lib/python3.12/site-packages/airflow/example_dags/example_python_decorator.py
[2024-08-04T13:18:26.222+0000] {logging_mixin.py:188} INFO - [2024-08-04T13:18:26.222+0000] {dag.py:3089} INFO - Sync 1 DAGs
[2024-08-04T13:18:26.236+0000] {logging_mixin.py:188} INFO - [2024-08-04T13:18:26.235+0000] {dag.py:3947} INFO - Setting next_dagrun for example_python_decorator to None, run_after=None
[2024-08-04T13:18:26.258+0000] {processor.py:183} INFO - Processing /home/airflow/.local/lib/python3.12/site-packages/airflow/example_dags/example_python_decorator.py took 0.084 seconds
[2024-08-04T13:18:57.627+0000] {processor.py:161} INFO - Started process (PID=1790) to work on /home/airflow/.local/lib/python3.12/site-packages/airflow/example_dags/example_python_decorator.py
[2024-08-04T13:18:57.630+0000] {processor.py:830} INFO - Processing file /home/airflow/.local/lib/python3.12/site-packages/airflow/example_dags/example_python_decorator.py for tasks to queue
[2024-08-04T13:18:57.633+0000] {logging_mixin.py:188} INFO - [2024-08-04T13:18:57.633+0000] {dagbag.py:545} INFO - Filling up the DagBag from /home/airflow/.local/lib/python3.12/site-packages/airflow/example_dags/example_python_decorator.py
[2024-08-04T13:18:57.647+0000] {processor.py:840} INFO - DAG(s) 'example_python_decorator' retrieved from /home/airflow/.local/lib/python3.12/site-packages/airflow/example_dags/example_python_decorator.py
[2024-08-04T13:18:57.673+0000] {logging_mixin.py:188} INFO - [2024-08-04T13:18:57.672+0000] {dag.py:3089} INFO - Sync 1 DAGs
[2024-08-04T13:18:57.686+0000] {logging_mixin.py:188} INFO - [2024-08-04T13:18:57.686+0000] {dag.py:3947} INFO - Setting next_dagrun for example_python_decorator to None, run_after=None
[2024-08-04T13:18:57.711+0000] {processor.py:183} INFO - Processing /home/airflow/.local/lib/python3.12/site-packages/airflow/example_dags/example_python_decorator.py took 0.092 seconds
[2024-08-04T13:19:28.744+0000] {processor.py:161} INFO - Started process (PID=1854) to work on /home/airflow/.local/lib/python3.12/site-packages/airflow/example_dags/example_python_decorator.py
[2024-08-04T13:19:28.745+0000] {processor.py:830} INFO - Processing file /home/airflow/.local/lib/python3.12/site-packages/airflow/example_dags/example_python_decorator.py for tasks to queue
[2024-08-04T13:19:28.748+0000] {logging_mixin.py:188} INFO - [2024-08-04T13:19:28.748+0000] {dagbag.py:545} INFO - Filling up the DagBag from /home/airflow/.local/lib/python3.12/site-packages/airflow/example_dags/example_python_decorator.py
[2024-08-04T13:19:28.765+0000] {processor.py:840} INFO - DAG(s) 'example_python_decorator' retrieved from /home/airflow/.local/lib/python3.12/site-packages/airflow/example_dags/example_python_decorator.py
[2024-08-04T13:19:28.793+0000] {logging_mixin.py:188} INFO - [2024-08-04T13:19:28.793+0000] {dag.py:3089} INFO - Sync 1 DAGs
[2024-08-04T13:19:28.808+0000] {logging_mixin.py:188} INFO - [2024-08-04T13:19:28.808+0000] {dag.py:3947} INFO - Setting next_dagrun for example_python_decorator to None, run_after=None
[2024-08-04T13:19:28.835+0000] {processor.py:183} INFO - Processing /home/airflow/.local/lib/python3.12/site-packages/airflow/example_dags/example_python_decorator.py took 0.099 seconds
[2024-08-04T13:20:00.102+0000] {processor.py:161} INFO - Started process (PID=1918) to work on /home/airflow/.local/lib/python3.12/site-packages/airflow/example_dags/example_python_decorator.py
[2024-08-04T13:20:00.104+0000] {processor.py:830} INFO - Processing file /home/airflow/.local/lib/python3.12/site-packages/airflow/example_dags/example_python_decorator.py for tasks to queue
[2024-08-04T13:20:00.108+0000] {logging_mixin.py:188} INFO - [2024-08-04T13:20:00.107+0000] {dagbag.py:545} INFO - Filling up the DagBag from /home/airflow/.local/lib/python3.12/site-packages/airflow/example_dags/example_python_decorator.py
[2024-08-04T13:20:00.127+0000] {processor.py:840} INFO - DAG(s) 'example_python_decorator' retrieved from /home/airflow/.local/lib/python3.12/site-packages/airflow/example_dags/example_python_decorator.py
[2024-08-04T13:20:00.157+0000] {logging_mixin.py:188} INFO - [2024-08-04T13:20:00.156+0000] {dag.py:3089} INFO - Sync 1 DAGs
[2024-08-04T13:20:00.171+0000] {logging_mixin.py:188} INFO - [2024-08-04T13:20:00.171+0000] {dag.py:3947} INFO - Setting next_dagrun for example_python_decorator to None, run_after=None
[2024-08-04T13:20:00.199+0000] {processor.py:183} INFO - Processing /home/airflow/.local/lib/python3.12/site-packages/airflow/example_dags/example_python_decorator.py took 0.107 seconds
[2024-08-04T13:20:31.010+0000] {processor.py:161} INFO - Started process (PID=1982) to work on /home/airflow/.local/lib/python3.12/site-packages/airflow/example_dags/example_python_decorator.py
[2024-08-04T13:20:31.012+0000] {processor.py:830} INFO - Processing file /home/airflow/.local/lib/python3.12/site-packages/airflow/example_dags/example_python_decorator.py for tasks to queue
[2024-08-04T13:20:31.014+0000] {logging_mixin.py:188} INFO - [2024-08-04T13:20:31.014+0000] {dagbag.py:545} INFO - Filling up the DagBag from /home/airflow/.local/lib/python3.12/site-packages/airflow/example_dags/example_python_decorator.py
[2024-08-04T13:20:31.027+0000] {processor.py:840} INFO - DAG(s) 'example_python_decorator' retrieved from /home/airflow/.local/lib/python3.12/site-packages/airflow/example_dags/example_python_decorator.py
[2024-08-04T13:20:31.191+0000] {logging_mixin.py:188} INFO - [2024-08-04T13:20:31.191+0000] {dag.py:3089} INFO - Sync 1 DAGs
[2024-08-04T13:20:31.206+0000] {logging_mixin.py:188} INFO - [2024-08-04T13:20:31.206+0000] {dag.py:3947} INFO - Setting next_dagrun for example_python_decorator to None, run_after=None
[2024-08-04T13:20:31.235+0000] {processor.py:183} INFO - Processing /home/airflow/.local/lib/python3.12/site-packages/airflow/example_dags/example_python_decorator.py took 0.231 seconds
[2024-08-04T13:21:01.973+0000] {processor.py:161} INFO - Started process (PID=2046) to work on /home/airflow/.local/lib/python3.12/site-packages/airflow/example_dags/example_python_decorator.py
[2024-08-04T13:21:01.974+0000] {processor.py:830} INFO - Processing file /home/airflow/.local/lib/python3.12/site-packages/airflow/example_dags/example_python_decorator.py for tasks to queue
[2024-08-04T13:21:01.977+0000] {logging_mixin.py:188} INFO - [2024-08-04T13:21:01.976+0000] {dagbag.py:545} INFO - Filling up the DagBag from /home/airflow/.local/lib/python3.12/site-packages/airflow/example_dags/example_python_decorator.py
[2024-08-04T13:21:01.993+0000] {processor.py:840} INFO - DAG(s) 'example_python_decorator' retrieved from /home/airflow/.local/lib/python3.12/site-packages/airflow/example_dags/example_python_decorator.py
[2024-08-04T13:21:02.017+0000] {logging_mixin.py:188} INFO - [2024-08-04T13:21:02.017+0000] {dag.py:3089} INFO - Sync 1 DAGs
[2024-08-04T13:21:02.175+0000] {logging_mixin.py:188} INFO - [2024-08-04T13:21:02.174+0000] {dag.py:3947} INFO - Setting next_dagrun for example_python_decorator to None, run_after=None
[2024-08-04T13:21:02.202+0000] {processor.py:183} INFO - Processing /home/airflow/.local/lib/python3.12/site-packages/airflow/example_dags/example_python_decorator.py took 0.238 seconds
[2024-08-04T13:21:33.181+0000] {processor.py:161} INFO - Started process (PID=2110) to work on /home/airflow/.local/lib/python3.12/site-packages/airflow/example_dags/example_python_decorator.py
[2024-08-04T13:21:33.183+0000] {processor.py:830} INFO - Processing file /home/airflow/.local/lib/python3.12/site-packages/airflow/example_dags/example_python_decorator.py for tasks to queue
[2024-08-04T13:21:33.185+0000] {logging_mixin.py:188} INFO - [2024-08-04T13:21:33.184+0000] {dagbag.py:545} INFO - Filling up the DagBag from /home/airflow/.local/lib/python3.12/site-packages/airflow/example_dags/example_python_decorator.py
[2024-08-04T13:21:33.198+0000] {processor.py:840} INFO - DAG(s) 'example_python_decorator' retrieved from /home/airflow/.local/lib/python3.12/site-packages/airflow/example_dags/example_python_decorator.py
[2024-08-04T13:21:33.227+0000] {logging_mixin.py:188} INFO - [2024-08-04T13:21:33.227+0000] {dag.py:3089} INFO - Sync 1 DAGs
[2024-08-04T13:21:33.249+0000] {logging_mixin.py:188} INFO - [2024-08-04T13:21:33.249+0000] {dag.py:3947} INFO - Setting next_dagrun for example_python_decorator to None, run_after=None
[2024-08-04T13:21:33.270+0000] {processor.py:183} INFO - Processing /home/airflow/.local/lib/python3.12/site-packages/airflow/example_dags/example_python_decorator.py took 0.095 seconds
[2024-08-04T13:22:03.868+0000] {processor.py:161} INFO - Started process (PID=2174) to work on /home/airflow/.local/lib/python3.12/site-packages/airflow/example_dags/example_python_decorator.py
[2024-08-04T13:22:03.870+0000] {processor.py:830} INFO - Processing file /home/airflow/.local/lib/python3.12/site-packages/airflow/example_dags/example_python_decorator.py for tasks to queue
[2024-08-04T13:22:03.874+0000] {logging_mixin.py:188} INFO - [2024-08-04T13:22:03.874+0000] {dagbag.py:545} INFO - Filling up the DagBag from /home/airflow/.local/lib/python3.12/site-packages/airflow/example_dags/example_python_decorator.py
[2024-08-04T13:22:03.890+0000] {processor.py:840} INFO - DAG(s) 'example_python_decorator' retrieved from /home/airflow/.local/lib/python3.12/site-packages/airflow/example_dags/example_python_decorator.py
[2024-08-04T13:22:03.920+0000] {logging_mixin.py:188} INFO - [2024-08-04T13:22:03.920+0000] {dag.py:3089} INFO - Sync 1 DAGs
[2024-08-04T13:22:03.940+0000] {logging_mixin.py:188} INFO - [2024-08-04T13:22:03.939+0000] {dag.py:3947} INFO - Setting next_dagrun for example_python_decorator to None, run_after=None
[2024-08-04T13:22:03.975+0000] {processor.py:183} INFO - Processing /home/airflow/.local/lib/python3.12/site-packages/airflow/example_dags/example_python_decorator.py took 0.114 seconds
[2024-08-04T13:22:34.680+0000] {processor.py:161} INFO - Started process (PID=2238) to work on /home/airflow/.local/lib/python3.12/site-packages/airflow/example_dags/example_python_decorator.py
[2024-08-04T13:22:34.681+0000] {processor.py:830} INFO - Processing file /home/airflow/.local/lib/python3.12/site-packages/airflow/example_dags/example_python_decorator.py for tasks to queue
[2024-08-04T13:22:34.683+0000] {logging_mixin.py:188} INFO - [2024-08-04T13:22:34.683+0000] {dagbag.py:545} INFO - Filling up the DagBag from /home/airflow/.local/lib/python3.12/site-packages/airflow/example_dags/example_python_decorator.py
[2024-08-04T13:22:34.698+0000] {processor.py:840} INFO - DAG(s) 'example_python_decorator' retrieved from /home/airflow/.local/lib/python3.12/site-packages/airflow/example_dags/example_python_decorator.py
[2024-08-04T13:22:34.723+0000] {logging_mixin.py:188} INFO - [2024-08-04T13:22:34.722+0000] {dag.py:3089} INFO - Sync 1 DAGs
[2024-08-04T13:22:34.736+0000] {logging_mixin.py:188} INFO - [2024-08-04T13:22:34.736+0000] {dag.py:3947} INFO - Setting next_dagrun for example_python_decorator to None, run_after=None
[2024-08-04T13:22:34.761+0000] {processor.py:183} INFO - Processing /home/airflow/.local/lib/python3.12/site-packages/airflow/example_dags/example_python_decorator.py took 0.089 seconds
[2024-08-04T13:23:05.685+0000] {processor.py:161} INFO - Started process (PID=2302) to work on /home/airflow/.local/lib/python3.12/site-packages/airflow/example_dags/example_python_decorator.py
[2024-08-04T13:23:05.686+0000] {processor.py:830} INFO - Processing file /home/airflow/.local/lib/python3.12/site-packages/airflow/example_dags/example_python_decorator.py for tasks to queue
[2024-08-04T13:23:05.690+0000] {logging_mixin.py:188} INFO - [2024-08-04T13:23:05.689+0000] {dagbag.py:545} INFO - Filling up the DagBag from /home/airflow/.local/lib/python3.12/site-packages/airflow/example_dags/example_python_decorator.py
[2024-08-04T13:23:05.704+0000] {processor.py:840} INFO - DAG(s) 'example_python_decorator' retrieved from /home/airflow/.local/lib/python3.12/site-packages/airflow/example_dags/example_python_decorator.py
[2024-08-04T13:23:05.727+0000] {logging_mixin.py:188} INFO - [2024-08-04T13:23:05.726+0000] {dag.py:3089} INFO - Sync 1 DAGs
[2024-08-04T13:23:05.744+0000] {logging_mixin.py:188} INFO - [2024-08-04T13:23:05.744+0000] {dag.py:3947} INFO - Setting next_dagrun for example_python_decorator to None, run_after=None
[2024-08-04T13:23:05.775+0000] {processor.py:183} INFO - Processing /home/airflow/.local/lib/python3.12/site-packages/airflow/example_dags/example_python_decorator.py took 0.096 seconds
[2024-08-04T13:23:36.801+0000] {processor.py:161} INFO - Started process (PID=2366) to work on /home/airflow/.local/lib/python3.12/site-packages/airflow/example_dags/example_python_decorator.py
[2024-08-04T13:23:36.802+0000] {processor.py:830} INFO - Processing file /home/airflow/.local/lib/python3.12/site-packages/airflow/example_dags/example_python_decorator.py for tasks to queue
[2024-08-04T13:23:36.805+0000] {logging_mixin.py:188} INFO - [2024-08-04T13:23:36.804+0000] {dagbag.py:545} INFO - Filling up the DagBag from /home/airflow/.local/lib/python3.12/site-packages/airflow/example_dags/example_python_decorator.py
[2024-08-04T13:23:36.820+0000] {processor.py:840} INFO - DAG(s) 'example_python_decorator' retrieved from /home/airflow/.local/lib/python3.12/site-packages/airflow/example_dags/example_python_decorator.py
[2024-08-04T13:23:36.844+0000] {logging_mixin.py:188} INFO - [2024-08-04T13:23:36.844+0000] {dag.py:3089} INFO - Sync 1 DAGs
[2024-08-04T13:23:36.858+0000] {logging_mixin.py:188} INFO - [2024-08-04T13:23:36.858+0000] {dag.py:3947} INFO - Setting next_dagrun for example_python_decorator to None, run_after=None
[2024-08-04T13:23:36.878+0000] {processor.py:183} INFO - Processing /home/airflow/.local/lib/python3.12/site-packages/airflow/example_dags/example_python_decorator.py took 0.085 seconds
[2024-08-04T13:24:07.910+0000] {processor.py:161} INFO - Started process (PID=2437) to work on /home/airflow/.local/lib/python3.12/site-packages/airflow/example_dags/example_python_decorator.py
[2024-08-04T13:24:07.911+0000] {processor.py:830} INFO - Processing file /home/airflow/.local/lib/python3.12/site-packages/airflow/example_dags/example_python_decorator.py for tasks to queue
[2024-08-04T13:24:07.913+0000] {logging_mixin.py:188} INFO - [2024-08-04T13:24:07.913+0000] {dagbag.py:545} INFO - Filling up the DagBag from /home/airflow/.local/lib/python3.12/site-packages/airflow/example_dags/example_python_decorator.py
[2024-08-04T13:24:07.927+0000] {processor.py:840} INFO - DAG(s) 'example_python_decorator' retrieved from /home/airflow/.local/lib/python3.12/site-packages/airflow/example_dags/example_python_decorator.py
[2024-08-04T13:24:07.954+0000] {logging_mixin.py:188} INFO - [2024-08-04T13:24:07.953+0000] {dag.py:3089} INFO - Sync 1 DAGs
[2024-08-04T13:24:07.967+0000] {logging_mixin.py:188} INFO - [2024-08-04T13:24:07.967+0000] {dag.py:3947} INFO - Setting next_dagrun for example_python_decorator to None, run_after=None
[2024-08-04T13:24:08.006+0000] {processor.py:183} INFO - Processing /home/airflow/.local/lib/python3.12/site-packages/airflow/example_dags/example_python_decorator.py took 0.103 seconds
[2024-08-04T13:24:38.705+0000] {processor.py:161} INFO - Started process (PID=2501) to work on /home/airflow/.local/lib/python3.12/site-packages/airflow/example_dags/example_python_decorator.py
[2024-08-04T13:24:38.707+0000] {processor.py:830} INFO - Processing file /home/airflow/.local/lib/python3.12/site-packages/airflow/example_dags/example_python_decorator.py for tasks to queue
[2024-08-04T13:24:38.709+0000] {logging_mixin.py:188} INFO - [2024-08-04T13:24:38.709+0000] {dagbag.py:545} INFO - Filling up the DagBag from /home/airflow/.local/lib/python3.12/site-packages/airflow/example_dags/example_python_decorator.py
[2024-08-04T13:24:38.723+0000] {processor.py:840} INFO - DAG(s) 'example_python_decorator' retrieved from /home/airflow/.local/lib/python3.12/site-packages/airflow/example_dags/example_python_decorator.py
[2024-08-04T13:24:38.747+0000] {logging_mixin.py:188} INFO - [2024-08-04T13:24:38.746+0000] {dag.py:3089} INFO - Sync 1 DAGs
[2024-08-04T13:24:38.760+0000] {logging_mixin.py:188} INFO - [2024-08-04T13:24:38.760+0000] {dag.py:3947} INFO - Setting next_dagrun for example_python_decorator to None, run_after=None
[2024-08-04T13:24:38.782+0000] {processor.py:183} INFO - Processing /home/airflow/.local/lib/python3.12/site-packages/airflow/example_dags/example_python_decorator.py took 0.083 seconds
[2024-08-04T13:25:09.820+0000] {processor.py:161} INFO - Started process (PID=2565) to work on /home/airflow/.local/lib/python3.12/site-packages/airflow/example_dags/example_python_decorator.py
[2024-08-04T13:25:09.822+0000] {processor.py:830} INFO - Processing file /home/airflow/.local/lib/python3.12/site-packages/airflow/example_dags/example_python_decorator.py for tasks to queue
[2024-08-04T13:25:09.824+0000] {logging_mixin.py:188} INFO - [2024-08-04T13:25:09.824+0000] {dagbag.py:545} INFO - Filling up the DagBag from /home/airflow/.local/lib/python3.12/site-packages/airflow/example_dags/example_python_decorator.py
[2024-08-04T13:25:09.841+0000] {processor.py:840} INFO - DAG(s) 'example_python_decorator' retrieved from /home/airflow/.local/lib/python3.12/site-packages/airflow/example_dags/example_python_decorator.py
[2024-08-04T13:25:09.864+0000] {logging_mixin.py:188} INFO - [2024-08-04T13:25:09.864+0000] {dag.py:3089} INFO - Sync 1 DAGs
[2024-08-04T13:25:09.877+0000] {logging_mixin.py:188} INFO - [2024-08-04T13:25:09.877+0000] {dag.py:3947} INFO - Setting next_dagrun for example_python_decorator to None, run_after=None
[2024-08-04T13:25:09.902+0000] {processor.py:183} INFO - Processing /home/airflow/.local/lib/python3.12/site-packages/airflow/example_dags/example_python_decorator.py took 0.089 seconds
[2024-08-04T13:25:41.197+0000] {processor.py:161} INFO - Started process (PID=2629) to work on /home/airflow/.local/lib/python3.12/site-packages/airflow/example_dags/example_python_decorator.py
[2024-08-04T13:25:41.199+0000] {processor.py:830} INFO - Processing file /home/airflow/.local/lib/python3.12/site-packages/airflow/example_dags/example_python_decorator.py for tasks to queue
[2024-08-04T13:25:41.202+0000] {logging_mixin.py:188} INFO - [2024-08-04T13:25:41.201+0000] {dagbag.py:545} INFO - Filling up the DagBag from /home/airflow/.local/lib/python3.12/site-packages/airflow/example_dags/example_python_decorator.py
[2024-08-04T13:25:41.219+0000] {processor.py:840} INFO - DAG(s) 'example_python_decorator' retrieved from /home/airflow/.local/lib/python3.12/site-packages/airflow/example_dags/example_python_decorator.py
[2024-08-04T13:25:41.245+0000] {logging_mixin.py:188} INFO - [2024-08-04T13:25:41.245+0000] {dag.py:3089} INFO - Sync 1 DAGs
[2024-08-04T13:25:41.258+0000] {logging_mixin.py:188} INFO - [2024-08-04T13:25:41.258+0000] {dag.py:3947} INFO - Setting next_dagrun for example_python_decorator to None, run_after=None
[2024-08-04T13:25:41.279+0000] {processor.py:183} INFO - Processing /home/airflow/.local/lib/python3.12/site-packages/airflow/example_dags/example_python_decorator.py took 0.089 seconds
[2024-08-04T13:26:12.490+0000] {processor.py:161} INFO - Started process (PID=2693) to work on /home/airflow/.local/lib/python3.12/site-packages/airflow/example_dags/example_python_decorator.py
[2024-08-04T13:26:12.492+0000] {processor.py:830} INFO - Processing file /home/airflow/.local/lib/python3.12/site-packages/airflow/example_dags/example_python_decorator.py for tasks to queue
[2024-08-04T13:26:12.496+0000] {logging_mixin.py:188} INFO - [2024-08-04T13:26:12.496+0000] {dagbag.py:545} INFO - Filling up the DagBag from /home/airflow/.local/lib/python3.12/site-packages/airflow/example_dags/example_python_decorator.py
[2024-08-04T13:26:12.513+0000] {processor.py:840} INFO - DAG(s) 'example_python_decorator' retrieved from /home/airflow/.local/lib/python3.12/site-packages/airflow/example_dags/example_python_decorator.py
[2024-08-04T13:26:12.552+0000] {logging_mixin.py:188} INFO - [2024-08-04T13:26:12.551+0000] {dag.py:3089} INFO - Sync 1 DAGs
[2024-08-04T13:26:12.573+0000] {logging_mixin.py:188} INFO - [2024-08-04T13:26:12.573+0000] {dag.py:3947} INFO - Setting next_dagrun for example_python_decorator to None, run_after=None
[2024-08-04T13:26:12.604+0000] {processor.py:183} INFO - Processing /home/airflow/.local/lib/python3.12/site-packages/airflow/example_dags/example_python_decorator.py took 0.123 seconds
[2024-08-04T13:26:43.249+0000] {processor.py:161} INFO - Started process (PID=2757) to work on /home/airflow/.local/lib/python3.12/site-packages/airflow/example_dags/example_python_decorator.py
[2024-08-04T13:26:43.252+0000] {processor.py:830} INFO - Processing file /home/airflow/.local/lib/python3.12/site-packages/airflow/example_dags/example_python_decorator.py for tasks to queue
[2024-08-04T13:26:43.260+0000] {logging_mixin.py:188} INFO - [2024-08-04T13:26:43.259+0000] {dagbag.py:545} INFO - Filling up the DagBag from /home/airflow/.local/lib/python3.12/site-packages/airflow/example_dags/example_python_decorator.py
[2024-08-04T13:26:43.278+0000] {processor.py:840} INFO - DAG(s) 'example_python_decorator' retrieved from /home/airflow/.local/lib/python3.12/site-packages/airflow/example_dags/example_python_decorator.py
[2024-08-04T13:26:43.306+0000] {logging_mixin.py:188} INFO - [2024-08-04T13:26:43.306+0000] {dag.py:3089} INFO - Sync 1 DAGs
[2024-08-04T13:26:43.320+0000] {logging_mixin.py:188} INFO - [2024-08-04T13:26:43.320+0000] {dag.py:3947} INFO - Setting next_dagrun for example_python_decorator to None, run_after=None
[2024-08-04T13:26:43.343+0000] {processor.py:183} INFO - Processing /home/airflow/.local/lib/python3.12/site-packages/airflow/example_dags/example_python_decorator.py took 0.104 seconds
[2024-08-04T13:27:13.667+0000] {processor.py:161} INFO - Started process (PID=2821) to work on /home/airflow/.local/lib/python3.12/site-packages/airflow/example_dags/example_python_decorator.py
[2024-08-04T13:27:13.668+0000] {processor.py:830} INFO - Processing file /home/airflow/.local/lib/python3.12/site-packages/airflow/example_dags/example_python_decorator.py for tasks to queue
[2024-08-04T13:27:13.671+0000] {logging_mixin.py:188} INFO - [2024-08-04T13:27:13.670+0000] {dagbag.py:545} INFO - Filling up the DagBag from /home/airflow/.local/lib/python3.12/site-packages/airflow/example_dags/example_python_decorator.py
[2024-08-04T13:27:13.684+0000] {processor.py:840} INFO - DAG(s) 'example_python_decorator' retrieved from /home/airflow/.local/lib/python3.12/site-packages/airflow/example_dags/example_python_decorator.py
[2024-08-04T13:27:13.708+0000] {logging_mixin.py:188} INFO - [2024-08-04T13:27:13.708+0000] {dag.py:3089} INFO - Sync 1 DAGs
[2024-08-04T13:27:13.727+0000] {logging_mixin.py:188} INFO - [2024-08-04T13:27:13.726+0000] {dag.py:3947} INFO - Setting next_dagrun for example_python_decorator to None, run_after=None
[2024-08-04T13:27:13.753+0000] {processor.py:183} INFO - Processing /home/airflow/.local/lib/python3.12/site-packages/airflow/example_dags/example_python_decorator.py took 0.092 seconds
[2024-08-04T13:27:44.641+0000] {processor.py:161} INFO - Started process (PID=2885) to work on /home/airflow/.local/lib/python3.12/site-packages/airflow/example_dags/example_python_decorator.py
[2024-08-04T13:27:44.642+0000] {processor.py:830} INFO - Processing file /home/airflow/.local/lib/python3.12/site-packages/airflow/example_dags/example_python_decorator.py for tasks to queue
[2024-08-04T13:27:44.645+0000] {logging_mixin.py:188} INFO - [2024-08-04T13:27:44.645+0000] {dagbag.py:545} INFO - Filling up the DagBag from /home/airflow/.local/lib/python3.12/site-packages/airflow/example_dags/example_python_decorator.py
[2024-08-04T13:27:44.665+0000] {processor.py:840} INFO - DAG(s) 'example_python_decorator' retrieved from /home/airflow/.local/lib/python3.12/site-packages/airflow/example_dags/example_python_decorator.py
[2024-08-04T13:27:44.698+0000] {logging_mixin.py:188} INFO - [2024-08-04T13:27:44.698+0000] {dag.py:3089} INFO - Sync 1 DAGs
[2024-08-04T13:27:44.712+0000] {logging_mixin.py:188} INFO - [2024-08-04T13:27:44.712+0000] {dag.py:3947} INFO - Setting next_dagrun for example_python_decorator to None, run_after=None
[2024-08-04T13:27:44.736+0000] {processor.py:183} INFO - Processing /home/airflow/.local/lib/python3.12/site-packages/airflow/example_dags/example_python_decorator.py took 0.101 seconds
[2024-08-04T13:28:15.794+0000] {processor.py:161} INFO - Started process (PID=2949) to work on /home/airflow/.local/lib/python3.12/site-packages/airflow/example_dags/example_python_decorator.py
[2024-08-04T13:28:15.796+0000] {processor.py:830} INFO - Processing file /home/airflow/.local/lib/python3.12/site-packages/airflow/example_dags/example_python_decorator.py for tasks to queue
[2024-08-04T13:28:15.801+0000] {logging_mixin.py:188} INFO - [2024-08-04T13:28:15.800+0000] {dagbag.py:545} INFO - Filling up the DagBag from /home/airflow/.local/lib/python3.12/site-packages/airflow/example_dags/example_python_decorator.py
[2024-08-04T13:28:15.816+0000] {processor.py:840} INFO - DAG(s) 'example_python_decorator' retrieved from /home/airflow/.local/lib/python3.12/site-packages/airflow/example_dags/example_python_decorator.py
[2024-08-04T13:28:15.850+0000] {logging_mixin.py:188} INFO - [2024-08-04T13:28:15.850+0000] {dag.py:3089} INFO - Sync 1 DAGs
[2024-08-04T13:28:15.871+0000] {logging_mixin.py:188} INFO - [2024-08-04T13:28:15.871+0000] {dag.py:3947} INFO - Setting next_dagrun for example_python_decorator to None, run_after=None
[2024-08-04T13:28:15.903+0000] {processor.py:183} INFO - Processing /home/airflow/.local/lib/python3.12/site-packages/airflow/example_dags/example_python_decorator.py took 0.119 seconds
[2024-08-04T13:28:46.878+0000] {processor.py:161} INFO - Started process (PID=3014) to work on /home/airflow/.local/lib/python3.12/site-packages/airflow/example_dags/example_python_decorator.py
[2024-08-04T13:28:46.880+0000] {processor.py:830} INFO - Processing file /home/airflow/.local/lib/python3.12/site-packages/airflow/example_dags/example_python_decorator.py for tasks to queue
[2024-08-04T13:28:46.882+0000] {logging_mixin.py:188} INFO - [2024-08-04T13:28:46.882+0000] {dagbag.py:545} INFO - Filling up the DagBag from /home/airflow/.local/lib/python3.12/site-packages/airflow/example_dags/example_python_decorator.py
[2024-08-04T13:28:46.896+0000] {processor.py:840} INFO - DAG(s) 'example_python_decorator' retrieved from /home/airflow/.local/lib/python3.12/site-packages/airflow/example_dags/example_python_decorator.py
[2024-08-04T13:28:46.930+0000] {logging_mixin.py:188} INFO - [2024-08-04T13:28:46.930+0000] {dag.py:3089} INFO - Sync 1 DAGs
[2024-08-04T13:28:46.945+0000] {logging_mixin.py:188} INFO - [2024-08-04T13:28:46.944+0000] {dag.py:3947} INFO - Setting next_dagrun for example_python_decorator to None, run_after=None
[2024-08-04T13:28:46.965+0000] {processor.py:183} INFO - Processing /home/airflow/.local/lib/python3.12/site-packages/airflow/example_dags/example_python_decorator.py took 0.092 seconds
[2024-08-04T13:29:18.360+0000] {processor.py:161} INFO - Started process (PID=3078) to work on /home/airflow/.local/lib/python3.12/site-packages/airflow/example_dags/example_python_decorator.py
[2024-08-04T13:29:18.362+0000] {processor.py:830} INFO - Processing file /home/airflow/.local/lib/python3.12/site-packages/airflow/example_dags/example_python_decorator.py for tasks to queue
[2024-08-04T13:29:18.365+0000] {logging_mixin.py:188} INFO - [2024-08-04T13:29:18.365+0000] {dagbag.py:545} INFO - Filling up the DagBag from /home/airflow/.local/lib/python3.12/site-packages/airflow/example_dags/example_python_decorator.py
[2024-08-04T13:29:18.386+0000] {processor.py:840} INFO - DAG(s) 'example_python_decorator' retrieved from /home/airflow/.local/lib/python3.12/site-packages/airflow/example_dags/example_python_decorator.py
[2024-08-04T13:29:18.422+0000] {logging_mixin.py:188} INFO - [2024-08-04T13:29:18.422+0000] {dag.py:3089} INFO - Sync 1 DAGs
[2024-08-04T13:29:18.440+0000] {logging_mixin.py:188} INFO - [2024-08-04T13:29:18.440+0000] {dag.py:3947} INFO - Setting next_dagrun for example_python_decorator to None, run_after=None
[2024-08-04T13:29:18.469+0000] {processor.py:183} INFO - Processing /home/airflow/.local/lib/python3.12/site-packages/airflow/example_dags/example_python_decorator.py took 0.117 seconds
[2024-08-04T13:29:48.964+0000] {processor.py:161} INFO - Started process (PID=3142) to work on /home/airflow/.local/lib/python3.12/site-packages/airflow/example_dags/example_python_decorator.py
[2024-08-04T13:29:48.965+0000] {processor.py:830} INFO - Processing file /home/airflow/.local/lib/python3.12/site-packages/airflow/example_dags/example_python_decorator.py for tasks to queue
[2024-08-04T13:29:48.968+0000] {logging_mixin.py:188} INFO - [2024-08-04T13:29:48.967+0000] {dagbag.py:545} INFO - Filling up the DagBag from /home/airflow/.local/lib/python3.12/site-packages/airflow/example_dags/example_python_decorator.py
[2024-08-04T13:29:48.982+0000] {processor.py:840} INFO - DAG(s) 'example_python_decorator' retrieved from /home/airflow/.local/lib/python3.12/site-packages/airflow/example_dags/example_python_decorator.py
[2024-08-04T13:29:49.011+0000] {logging_mixin.py:188} INFO - [2024-08-04T13:29:49.011+0000] {dag.py:3089} INFO - Sync 1 DAGs
[2024-08-04T13:29:49.025+0000] {logging_mixin.py:188} INFO - [2024-08-04T13:29:49.025+0000] {dag.py:3947} INFO - Setting next_dagrun for example_python_decorator to None, run_after=None
[2024-08-04T13:29:49.056+0000] {processor.py:183} INFO - Processing /home/airflow/.local/lib/python3.12/site-packages/airflow/example_dags/example_python_decorator.py took 0.098 seconds
[2024-08-04T13:30:20.090+0000] {processor.py:161} INFO - Started process (PID=3206) to work on /home/airflow/.local/lib/python3.12/site-packages/airflow/example_dags/example_python_decorator.py
[2024-08-04T13:30:20.092+0000] {processor.py:830} INFO - Processing file /home/airflow/.local/lib/python3.12/site-packages/airflow/example_dags/example_python_decorator.py for tasks to queue
[2024-08-04T13:30:20.096+0000] {logging_mixin.py:188} INFO - [2024-08-04T13:30:20.095+0000] {dagbag.py:545} INFO - Filling up the DagBag from /home/airflow/.local/lib/python3.12/site-packages/airflow/example_dags/example_python_decorator.py
[2024-08-04T13:30:20.111+0000] {processor.py:840} INFO - DAG(s) 'example_python_decorator' retrieved from /home/airflow/.local/lib/python3.12/site-packages/airflow/example_dags/example_python_decorator.py
[2024-08-04T13:30:20.135+0000] {logging_mixin.py:188} INFO - [2024-08-04T13:30:20.135+0000] {dag.py:3089} INFO - Sync 1 DAGs
[2024-08-04T13:30:20.149+0000] {logging_mixin.py:188} INFO - [2024-08-04T13:30:20.148+0000] {dag.py:3947} INFO - Setting next_dagrun for example_python_decorator to None, run_after=None
[2024-08-04T13:30:20.174+0000] {processor.py:183} INFO - Processing /home/airflow/.local/lib/python3.12/site-packages/airflow/example_dags/example_python_decorator.py took 0.095 seconds
[2024-08-04T13:30:50.930+0000] {processor.py:161} INFO - Started process (PID=3270) to work on /home/airflow/.local/lib/python3.12/site-packages/airflow/example_dags/example_python_decorator.py
[2024-08-04T13:30:50.932+0000] {processor.py:830} INFO - Processing file /home/airflow/.local/lib/python3.12/site-packages/airflow/example_dags/example_python_decorator.py for tasks to queue
[2024-08-04T13:30:50.935+0000] {logging_mixin.py:188} INFO - [2024-08-04T13:30:50.935+0000] {dagbag.py:545} INFO - Filling up the DagBag from /home/airflow/.local/lib/python3.12/site-packages/airflow/example_dags/example_python_decorator.py
[2024-08-04T13:30:50.956+0000] {processor.py:840} INFO - DAG(s) 'example_python_decorator' retrieved from /home/airflow/.local/lib/python3.12/site-packages/airflow/example_dags/example_python_decorator.py
[2024-08-04T13:30:50.984+0000] {logging_mixin.py:188} INFO - [2024-08-04T13:30:50.983+0000] {dag.py:3089} INFO - Sync 1 DAGs
[2024-08-04T13:30:51.007+0000] {logging_mixin.py:188} INFO - [2024-08-04T13:30:51.006+0000] {dag.py:3947} INFO - Setting next_dagrun for example_python_decorator to None, run_after=None
[2024-08-04T13:30:51.037+0000] {processor.py:183} INFO - Processing /home/airflow/.local/lib/python3.12/site-packages/airflow/example_dags/example_python_decorator.py took 0.116 seconds
[2024-08-04T13:31:21.876+0000] {processor.py:161} INFO - Started process (PID=3334) to work on /home/airflow/.local/lib/python3.12/site-packages/airflow/example_dags/example_python_decorator.py
[2024-08-04T13:31:21.877+0000] {processor.py:830} INFO - Processing file /home/airflow/.local/lib/python3.12/site-packages/airflow/example_dags/example_python_decorator.py for tasks to queue
[2024-08-04T13:31:21.879+0000] {logging_mixin.py:188} INFO - [2024-08-04T13:31:21.879+0000] {dagbag.py:545} INFO - Filling up the DagBag from /home/airflow/.local/lib/python3.12/site-packages/airflow/example_dags/example_python_decorator.py
[2024-08-04T13:31:21.894+0000] {processor.py:840} INFO - DAG(s) 'example_python_decorator' retrieved from /home/airflow/.local/lib/python3.12/site-packages/airflow/example_dags/example_python_decorator.py
[2024-08-04T13:31:21.918+0000] {logging_mixin.py:188} INFO - [2024-08-04T13:31:21.917+0000] {dag.py:3089} INFO - Sync 1 DAGs
[2024-08-04T13:31:21.934+0000] {logging_mixin.py:188} INFO - [2024-08-04T13:31:21.934+0000] {dag.py:3947} INFO - Setting next_dagrun for example_python_decorator to None, run_after=None
[2024-08-04T13:31:21.957+0000] {processor.py:183} INFO - Processing /home/airflow/.local/lib/python3.12/site-packages/airflow/example_dags/example_python_decorator.py took 0.088 seconds
[2024-08-04T13:31:52.311+0000] {processor.py:161} INFO - Started process (PID=3398) to work on /home/airflow/.local/lib/python3.12/site-packages/airflow/example_dags/example_python_decorator.py
[2024-08-04T13:31:52.312+0000] {processor.py:830} INFO - Processing file /home/airflow/.local/lib/python3.12/site-packages/airflow/example_dags/example_python_decorator.py for tasks to queue
[2024-08-04T13:31:52.315+0000] {logging_mixin.py:188} INFO - [2024-08-04T13:31:52.314+0000] {dagbag.py:545} INFO - Filling up the DagBag from /home/airflow/.local/lib/python3.12/site-packages/airflow/example_dags/example_python_decorator.py
[2024-08-04T13:31:52.328+0000] {processor.py:840} INFO - DAG(s) 'example_python_decorator' retrieved from /home/airflow/.local/lib/python3.12/site-packages/airflow/example_dags/example_python_decorator.py
[2024-08-04T13:31:52.357+0000] {logging_mixin.py:188} INFO - [2024-08-04T13:31:52.357+0000] {dag.py:3089} INFO - Sync 1 DAGs
[2024-08-04T13:31:52.372+0000] {logging_mixin.py:188} INFO - [2024-08-04T13:31:52.372+0000] {dag.py:3947} INFO - Setting next_dagrun for example_python_decorator to None, run_after=None
[2024-08-04T13:31:52.397+0000] {processor.py:183} INFO - Processing /home/airflow/.local/lib/python3.12/site-packages/airflow/example_dags/example_python_decorator.py took 0.094 seconds
[2024-08-04T13:32:22.951+0000] {processor.py:161} INFO - Started process (PID=3461) to work on /home/airflow/.local/lib/python3.12/site-packages/airflow/example_dags/example_python_decorator.py
[2024-08-04T13:32:22.952+0000] {processor.py:830} INFO - Processing file /home/airflow/.local/lib/python3.12/site-packages/airflow/example_dags/example_python_decorator.py for tasks to queue
[2024-08-04T13:32:22.954+0000] {logging_mixin.py:188} INFO - [2024-08-04T13:32:22.954+0000] {dagbag.py:545} INFO - Filling up the DagBag from /home/airflow/.local/lib/python3.12/site-packages/airflow/example_dags/example_python_decorator.py
[2024-08-04T13:32:22.969+0000] {processor.py:840} INFO - DAG(s) 'example_python_decorator' retrieved from /home/airflow/.local/lib/python3.12/site-packages/airflow/example_dags/example_python_decorator.py
[2024-08-04T13:32:22.997+0000] {logging_mixin.py:188} INFO - [2024-08-04T13:32:22.997+0000] {dag.py:3089} INFO - Sync 1 DAGs
[2024-08-04T13:32:23.013+0000] {logging_mixin.py:188} INFO - [2024-08-04T13:32:23.013+0000] {dag.py:3947} INFO - Setting next_dagrun for example_python_decorator to None, run_after=None
[2024-08-04T13:32:23.036+0000] {processor.py:183} INFO - Processing /home/airflow/.local/lib/python3.12/site-packages/airflow/example_dags/example_python_decorator.py took 0.091 seconds
[2024-08-04T13:32:53.659+0000] {processor.py:161} INFO - Started process (PID=3525) to work on /home/airflow/.local/lib/python3.12/site-packages/airflow/example_dags/example_python_decorator.py
[2024-08-04T13:32:53.660+0000] {processor.py:830} INFO - Processing file /home/airflow/.local/lib/python3.12/site-packages/airflow/example_dags/example_python_decorator.py for tasks to queue
[2024-08-04T13:32:53.663+0000] {logging_mixin.py:188} INFO - [2024-08-04T13:32:53.662+0000] {dagbag.py:545} INFO - Filling up the DagBag from /home/airflow/.local/lib/python3.12/site-packages/airflow/example_dags/example_python_decorator.py
[2024-08-04T13:32:53.677+0000] {processor.py:840} INFO - DAG(s) 'example_python_decorator' retrieved from /home/airflow/.local/lib/python3.12/site-packages/airflow/example_dags/example_python_decorator.py
[2024-08-04T13:32:53.708+0000] {logging_mixin.py:188} INFO - [2024-08-04T13:32:53.708+0000] {dag.py:3089} INFO - Sync 1 DAGs
[2024-08-04T13:32:53.728+0000] {logging_mixin.py:188} INFO - [2024-08-04T13:32:53.728+0000] {dag.py:3947} INFO - Setting next_dagrun for example_python_decorator to None, run_after=None
[2024-08-04T13:32:53.758+0000] {processor.py:183} INFO - Processing /home/airflow/.local/lib/python3.12/site-packages/airflow/example_dags/example_python_decorator.py took 0.107 seconds
[2024-08-04T13:33:24.927+0000] {processor.py:161} INFO - Started process (PID=3589) to work on /home/airflow/.local/lib/python3.12/site-packages/airflow/example_dags/example_python_decorator.py
[2024-08-04T13:33:24.929+0000] {processor.py:830} INFO - Processing file /home/airflow/.local/lib/python3.12/site-packages/airflow/example_dags/example_python_decorator.py for tasks to queue
[2024-08-04T13:33:24.934+0000] {logging_mixin.py:188} INFO - [2024-08-04T13:33:24.933+0000] {dagbag.py:545} INFO - Filling up the DagBag from /home/airflow/.local/lib/python3.12/site-packages/airflow/example_dags/example_python_decorator.py
[2024-08-04T13:33:24.955+0000] {processor.py:840} INFO - DAG(s) 'example_python_decorator' retrieved from /home/airflow/.local/lib/python3.12/site-packages/airflow/example_dags/example_python_decorator.py
[2024-08-04T13:33:24.992+0000] {logging_mixin.py:188} INFO - [2024-08-04T13:33:24.992+0000] {dag.py:3089} INFO - Sync 1 DAGs
[2024-08-04T13:33:25.014+0000] {logging_mixin.py:188} INFO - [2024-08-04T13:33:25.013+0000] {dag.py:3947} INFO - Setting next_dagrun for example_python_decorator to None, run_after=None
[2024-08-04T13:33:25.045+0000] {processor.py:183} INFO - Processing /home/airflow/.local/lib/python3.12/site-packages/airflow/example_dags/example_python_decorator.py took 0.128 seconds
[2024-08-04T13:33:55.730+0000] {processor.py:161} INFO - Started process (PID=3653) to work on /home/airflow/.local/lib/python3.12/site-packages/airflow/example_dags/example_python_decorator.py
[2024-08-04T13:33:55.732+0000] {processor.py:830} INFO - Processing file /home/airflow/.local/lib/python3.12/site-packages/airflow/example_dags/example_python_decorator.py for tasks to queue
[2024-08-04T13:33:55.735+0000] {logging_mixin.py:188} INFO - [2024-08-04T13:33:55.735+0000] {dagbag.py:545} INFO - Filling up the DagBag from /home/airflow/.local/lib/python3.12/site-packages/airflow/example_dags/example_python_decorator.py
[2024-08-04T13:33:55.755+0000] {processor.py:840} INFO - DAG(s) 'example_python_decorator' retrieved from /home/airflow/.local/lib/python3.12/site-packages/airflow/example_dags/example_python_decorator.py
[2024-08-04T13:33:55.784+0000] {logging_mixin.py:188} INFO - [2024-08-04T13:33:55.784+0000] {dag.py:3089} INFO - Sync 1 DAGs
[2024-08-04T13:33:55.799+0000] {logging_mixin.py:188} INFO - [2024-08-04T13:33:55.798+0000] {dag.py:3947} INFO - Setting next_dagrun for example_python_decorator to None, run_after=None
[2024-08-04T13:33:55.833+0000] {processor.py:183} INFO - Processing /home/airflow/.local/lib/python3.12/site-packages/airflow/example_dags/example_python_decorator.py took 0.111 seconds
[2024-08-04T13:34:26.727+0000] {processor.py:161} INFO - Started process (PID=3717) to work on /home/airflow/.local/lib/python3.12/site-packages/airflow/example_dags/example_python_decorator.py
[2024-08-04T13:34:26.729+0000] {processor.py:830} INFO - Processing file /home/airflow/.local/lib/python3.12/site-packages/airflow/example_dags/example_python_decorator.py for tasks to queue
[2024-08-04T13:34:26.733+0000] {logging_mixin.py:188} INFO - [2024-08-04T13:34:26.732+0000] {dagbag.py:545} INFO - Filling up the DagBag from /home/airflow/.local/lib/python3.12/site-packages/airflow/example_dags/example_python_decorator.py
[2024-08-04T13:34:26.751+0000] {processor.py:840} INFO - DAG(s) 'example_python_decorator' retrieved from /home/airflow/.local/lib/python3.12/site-packages/airflow/example_dags/example_python_decorator.py
[2024-08-04T13:34:26.791+0000] {logging_mixin.py:188} INFO - [2024-08-04T13:34:26.791+0000] {dag.py:3089} INFO - Sync 1 DAGs
[2024-08-04T13:34:26.806+0000] {logging_mixin.py:188} INFO - [2024-08-04T13:34:26.806+0000] {dag.py:3947} INFO - Setting next_dagrun for example_python_decorator to None, run_after=None
[2024-08-04T13:34:26.832+0000] {processor.py:183} INFO - Processing /home/airflow/.local/lib/python3.12/site-packages/airflow/example_dags/example_python_decorator.py took 0.114 seconds
[2024-08-04T13:34:57.309+0000] {processor.py:161} INFO - Started process (PID=3781) to work on /home/airflow/.local/lib/python3.12/site-packages/airflow/example_dags/example_python_decorator.py
[2024-08-04T13:34:57.312+0000] {processor.py:830} INFO - Processing file /home/airflow/.local/lib/python3.12/site-packages/airflow/example_dags/example_python_decorator.py for tasks to queue
[2024-08-04T13:34:57.318+0000] {logging_mixin.py:188} INFO - [2024-08-04T13:34:57.317+0000] {dagbag.py:545} INFO - Filling up the DagBag from /home/airflow/.local/lib/python3.12/site-packages/airflow/example_dags/example_python_decorator.py
[2024-08-04T13:34:57.335+0000] {processor.py:840} INFO - DAG(s) 'example_python_decorator' retrieved from /home/airflow/.local/lib/python3.12/site-packages/airflow/example_dags/example_python_decorator.py
[2024-08-04T13:34:57.371+0000] {logging_mixin.py:188} INFO - [2024-08-04T13:34:57.371+0000] {dag.py:3089} INFO - Sync 1 DAGs
[2024-08-04T13:34:57.386+0000] {logging_mixin.py:188} INFO - [2024-08-04T13:34:57.386+0000] {dag.py:3947} INFO - Setting next_dagrun for example_python_decorator to None, run_after=None
[2024-08-04T13:34:57.410+0000] {processor.py:183} INFO - Processing /home/airflow/.local/lib/python3.12/site-packages/airflow/example_dags/example_python_decorator.py took 0.117 seconds
