[2024-08-04T12:59:05.384+0000] {processor.py:161} INFO - Started process (PID=73) to work on /home/airflow/.local/lib/python3.12/site-packages/airflow/example_dags/example_time_delta_sensor_async.py
[2024-08-04T12:59:05.386+0000] {processor.py:830} INFO - Processing file /home/airflow/.local/lib/python3.12/site-packages/airflow/example_dags/example_time_delta_sensor_async.py for tasks to queue
[2024-08-04T12:59:05.389+0000] {logging_mixin.py:188} INFO - [2024-08-04T12:59:05.388+0000] {dagbag.py:545} INFO - Filling up the DagBag from /home/airflow/.local/lib/python3.12/site-packages/airflow/example_dags/example_time_delta_sensor_async.py
[2024-08-04T12:59:05.399+0000] {processor.py:840} INFO - DAG(s) 'example_time_delta_sensor_async' retrieved from /home/airflow/.local/lib/python3.12/site-packages/airflow/example_dags/example_time_delta_sensor_async.py
[2024-08-04T12:59:05.425+0000] {logging_mixin.py:188} INFO - [2024-08-04T12:59:05.424+0000] {dag.py:3089} INFO - Sync 1 DAGs
[2024-08-04T12:59:05.444+0000] {logging_mixin.py:188} INFO - [2024-08-04T12:59:05.444+0000] {dag.py:3947} INFO - Setting next_dagrun for example_time_delta_sensor_async to None, run_after=None
[2024-08-04T12:59:05.474+0000] {processor.py:183} INFO - Processing /home/airflow/.local/lib/python3.12/site-packages/airflow/example_dags/example_time_delta_sensor_async.py took 0.096 seconds
[2024-08-04T12:59:35.994+0000] {processor.py:161} INFO - Started process (PID=137) to work on /home/airflow/.local/lib/python3.12/site-packages/airflow/example_dags/example_time_delta_sensor_async.py
[2024-08-04T12:59:35.995+0000] {processor.py:830} INFO - Processing file /home/airflow/.local/lib/python3.12/site-packages/airflow/example_dags/example_time_delta_sensor_async.py for tasks to queue
[2024-08-04T12:59:35.998+0000] {logging_mixin.py:188} INFO - [2024-08-04T12:59:35.997+0000] {dagbag.py:545} INFO - Filling up the DagBag from /home/airflow/.local/lib/python3.12/site-packages/airflow/example_dags/example_time_delta_sensor_async.py
[2024-08-04T12:59:36.003+0000] {processor.py:840} INFO - DAG(s) 'example_time_delta_sensor_async' retrieved from /home/airflow/.local/lib/python3.12/site-packages/airflow/example_dags/example_time_delta_sensor_async.py
[2024-08-04T12:59:36.025+0000] {logging_mixin.py:188} INFO - [2024-08-04T12:59:36.025+0000] {dag.py:3089} INFO - Sync 1 DAGs
[2024-08-04T12:59:36.044+0000] {logging_mixin.py:188} INFO - [2024-08-04T12:59:36.043+0000] {dag.py:3947} INFO - Setting next_dagrun for example_time_delta_sensor_async to None, run_after=None
[2024-08-04T12:59:36.067+0000] {processor.py:183} INFO - Processing /home/airflow/.local/lib/python3.12/site-packages/airflow/example_dags/example_time_delta_sensor_async.py took 0.081 seconds
[2024-08-04T13:00:08.345+0000] {processor.py:161} INFO - Started process (PID=201) to work on /home/airflow/.local/lib/python3.12/site-packages/airflow/example_dags/example_time_delta_sensor_async.py
[2024-08-04T13:00:08.347+0000] {processor.py:830} INFO - Processing file /home/airflow/.local/lib/python3.12/site-packages/airflow/example_dags/example_time_delta_sensor_async.py for tasks to queue
[2024-08-04T13:00:08.349+0000] {logging_mixin.py:188} INFO - [2024-08-04T13:00:08.349+0000] {dagbag.py:545} INFO - Filling up the DagBag from /home/airflow/.local/lib/python3.12/site-packages/airflow/example_dags/example_time_delta_sensor_async.py
[2024-08-04T13:00:08.354+0000] {processor.py:840} INFO - DAG(s) 'example_time_delta_sensor_async' retrieved from /home/airflow/.local/lib/python3.12/site-packages/airflow/example_dags/example_time_delta_sensor_async.py
[2024-08-04T13:00:08.381+0000] {logging_mixin.py:188} INFO - [2024-08-04T13:00:08.381+0000] {dag.py:3089} INFO - Sync 1 DAGs
[2024-08-04T13:00:08.395+0000] {logging_mixin.py:188} INFO - [2024-08-04T13:00:08.395+0000] {dag.py:3947} INFO - Setting next_dagrun for example_time_delta_sensor_async to None, run_after=None
[2024-08-04T13:00:08.418+0000] {processor.py:183} INFO - Processing /home/airflow/.local/lib/python3.12/site-packages/airflow/example_dags/example_time_delta_sensor_async.py took 0.079 seconds
[2024-08-04T13:00:39.692+0000] {processor.py:161} INFO - Started process (PID=265) to work on /home/airflow/.local/lib/python3.12/site-packages/airflow/example_dags/example_time_delta_sensor_async.py
[2024-08-04T13:00:39.693+0000] {processor.py:830} INFO - Processing file /home/airflow/.local/lib/python3.12/site-packages/airflow/example_dags/example_time_delta_sensor_async.py for tasks to queue
[2024-08-04T13:00:39.696+0000] {logging_mixin.py:188} INFO - [2024-08-04T13:00:39.696+0000] {dagbag.py:545} INFO - Filling up the DagBag from /home/airflow/.local/lib/python3.12/site-packages/airflow/example_dags/example_time_delta_sensor_async.py
[2024-08-04T13:00:39.705+0000] {processor.py:840} INFO - DAG(s) 'example_time_delta_sensor_async' retrieved from /home/airflow/.local/lib/python3.12/site-packages/airflow/example_dags/example_time_delta_sensor_async.py
[2024-08-04T13:00:39.727+0000] {logging_mixin.py:188} INFO - [2024-08-04T13:00:39.727+0000] {dag.py:3089} INFO - Sync 1 DAGs
[2024-08-04T13:00:39.740+0000] {logging_mixin.py:188} INFO - [2024-08-04T13:00:39.740+0000] {dag.py:3947} INFO - Setting next_dagrun for example_time_delta_sensor_async to None, run_after=None
[2024-08-04T13:00:39.767+0000] {processor.py:183} INFO - Processing /home/airflow/.local/lib/python3.12/site-packages/airflow/example_dags/example_time_delta_sensor_async.py took 0.083 seconds
[2024-08-04T13:01:10.671+0000] {processor.py:161} INFO - Started process (PID=330) to work on /home/airflow/.local/lib/python3.12/site-packages/airflow/example_dags/example_time_delta_sensor_async.py
[2024-08-04T13:01:10.672+0000] {processor.py:830} INFO - Processing file /home/airflow/.local/lib/python3.12/site-packages/airflow/example_dags/example_time_delta_sensor_async.py for tasks to queue
[2024-08-04T13:01:10.675+0000] {logging_mixin.py:188} INFO - [2024-08-04T13:01:10.675+0000] {dagbag.py:545} INFO - Filling up the DagBag from /home/airflow/.local/lib/python3.12/site-packages/airflow/example_dags/example_time_delta_sensor_async.py
[2024-08-04T13:01:10.681+0000] {processor.py:840} INFO - DAG(s) 'example_time_delta_sensor_async' retrieved from /home/airflow/.local/lib/python3.12/site-packages/airflow/example_dags/example_time_delta_sensor_async.py
[2024-08-04T13:01:10.710+0000] {logging_mixin.py:188} INFO - [2024-08-04T13:01:10.710+0000] {dag.py:3089} INFO - Sync 1 DAGs
[2024-08-04T13:01:10.730+0000] {logging_mixin.py:188} INFO - [2024-08-04T13:01:10.730+0000] {dag.py:3947} INFO - Setting next_dagrun for example_time_delta_sensor_async to None, run_after=None
[2024-08-04T13:01:10.754+0000] {processor.py:183} INFO - Processing /home/airflow/.local/lib/python3.12/site-packages/airflow/example_dags/example_time_delta_sensor_async.py took 0.092 seconds
[2024-08-04T13:01:41.381+0000] {processor.py:161} INFO - Started process (PID=394) to work on /home/airflow/.local/lib/python3.12/site-packages/airflow/example_dags/example_time_delta_sensor_async.py
[2024-08-04T13:01:41.382+0000] {processor.py:830} INFO - Processing file /home/airflow/.local/lib/python3.12/site-packages/airflow/example_dags/example_time_delta_sensor_async.py for tasks to queue
[2024-08-04T13:01:41.385+0000] {logging_mixin.py:188} INFO - [2024-08-04T13:01:41.385+0000] {dagbag.py:545} INFO - Filling up the DagBag from /home/airflow/.local/lib/python3.12/site-packages/airflow/example_dags/example_time_delta_sensor_async.py
[2024-08-04T13:01:41.390+0000] {processor.py:840} INFO - DAG(s) 'example_time_delta_sensor_async' retrieved from /home/airflow/.local/lib/python3.12/site-packages/airflow/example_dags/example_time_delta_sensor_async.py
[2024-08-04T13:01:41.415+0000] {logging_mixin.py:188} INFO - [2024-08-04T13:01:41.414+0000] {dag.py:3089} INFO - Sync 1 DAGs
[2024-08-04T13:01:41.430+0000] {logging_mixin.py:188} INFO - [2024-08-04T13:01:41.430+0000] {dag.py:3947} INFO - Setting next_dagrun for example_time_delta_sensor_async to None, run_after=None
[2024-08-04T13:01:41.462+0000] {processor.py:183} INFO - Processing /home/airflow/.local/lib/python3.12/site-packages/airflow/example_dags/example_time_delta_sensor_async.py took 0.091 seconds
[2024-08-04T13:02:12.414+0000] {processor.py:161} INFO - Started process (PID=458) to work on /home/airflow/.local/lib/python3.12/site-packages/airflow/example_dags/example_time_delta_sensor_async.py
[2024-08-04T13:02:12.418+0000] {processor.py:830} INFO - Processing file /home/airflow/.local/lib/python3.12/site-packages/airflow/example_dags/example_time_delta_sensor_async.py for tasks to queue
[2024-08-04T13:02:12.420+0000] {logging_mixin.py:188} INFO - [2024-08-04T13:02:12.420+0000] {dagbag.py:545} INFO - Filling up the DagBag from /home/airflow/.local/lib/python3.12/site-packages/airflow/example_dags/example_time_delta_sensor_async.py
[2024-08-04T13:02:12.426+0000] {processor.py:840} INFO - DAG(s) 'example_time_delta_sensor_async' retrieved from /home/airflow/.local/lib/python3.12/site-packages/airflow/example_dags/example_time_delta_sensor_async.py
[2024-08-04T13:02:12.449+0000] {logging_mixin.py:188} INFO - [2024-08-04T13:02:12.448+0000] {dag.py:3089} INFO - Sync 1 DAGs
[2024-08-04T13:02:12.463+0000] {logging_mixin.py:188} INFO - [2024-08-04T13:02:12.463+0000] {dag.py:3947} INFO - Setting next_dagrun for example_time_delta_sensor_async to None, run_after=None
[2024-08-04T13:02:12.492+0000] {processor.py:183} INFO - Processing /home/airflow/.local/lib/python3.12/site-packages/airflow/example_dags/example_time_delta_sensor_async.py took 0.086 seconds
[2024-08-04T13:02:43.304+0000] {processor.py:161} INFO - Started process (PID=523) to work on /home/airflow/.local/lib/python3.12/site-packages/airflow/example_dags/example_time_delta_sensor_async.py
[2024-08-04T13:02:43.305+0000] {processor.py:830} INFO - Processing file /home/airflow/.local/lib/python3.12/site-packages/airflow/example_dags/example_time_delta_sensor_async.py for tasks to queue
[2024-08-04T13:02:43.307+0000] {logging_mixin.py:188} INFO - [2024-08-04T13:02:43.307+0000] {dagbag.py:545} INFO - Filling up the DagBag from /home/airflow/.local/lib/python3.12/site-packages/airflow/example_dags/example_time_delta_sensor_async.py
[2024-08-04T13:02:43.311+0000] {processor.py:840} INFO - DAG(s) 'example_time_delta_sensor_async' retrieved from /home/airflow/.local/lib/python3.12/site-packages/airflow/example_dags/example_time_delta_sensor_async.py
[2024-08-04T13:02:43.342+0000] {logging_mixin.py:188} INFO - [2024-08-04T13:02:43.342+0000] {dag.py:3089} INFO - Sync 1 DAGs
[2024-08-04T13:02:43.362+0000] {logging_mixin.py:188} INFO - [2024-08-04T13:02:43.361+0000] {dag.py:3947} INFO - Setting next_dagrun for example_time_delta_sensor_async to None, run_after=None
[2024-08-04T13:02:43.401+0000] {processor.py:183} INFO - Processing /home/airflow/.local/lib/python3.12/site-packages/airflow/example_dags/example_time_delta_sensor_async.py took 0.104 seconds
[2024-08-04T13:04:59.926+0000] {processor.py:161} INFO - Started process (PID=74) to work on /home/airflow/.local/lib/python3.12/site-packages/airflow/example_dags/example_time_delta_sensor_async.py
[2024-08-04T13:04:59.928+0000] {processor.py:830} INFO - Processing file /home/airflow/.local/lib/python3.12/site-packages/airflow/example_dags/example_time_delta_sensor_async.py for tasks to queue
[2024-08-04T13:04:59.930+0000] {logging_mixin.py:188} INFO - [2024-08-04T13:04:59.930+0000] {dagbag.py:545} INFO - Filling up the DagBag from /home/airflow/.local/lib/python3.12/site-packages/airflow/example_dags/example_time_delta_sensor_async.py
[2024-08-04T13:04:59.940+0000] {processor.py:840} INFO - DAG(s) 'example_time_delta_sensor_async' retrieved from /home/airflow/.local/lib/python3.12/site-packages/airflow/example_dags/example_time_delta_sensor_async.py
[2024-08-04T13:05:00.047+0000] {logging_mixin.py:188} INFO - [2024-08-04T13:05:00.046+0000] {dag.py:3089} INFO - Sync 1 DAGs
[2024-08-04T13:05:00.059+0000] {logging_mixin.py:188} INFO - [2024-08-04T13:05:00.059+0000] {dag.py:3947} INFO - Setting next_dagrun for example_time_delta_sensor_async to None, run_after=None
[2024-08-04T13:05:00.084+0000] {processor.py:183} INFO - Processing /home/airflow/.local/lib/python3.12/site-packages/airflow/example_dags/example_time_delta_sensor_async.py took 0.164 seconds
[2024-08-04T13:05:30.478+0000] {processor.py:161} INFO - Started process (PID=139) to work on /home/airflow/.local/lib/python3.12/site-packages/airflow/example_dags/example_time_delta_sensor_async.py
[2024-08-04T13:05:30.489+0000] {processor.py:830} INFO - Processing file /home/airflow/.local/lib/python3.12/site-packages/airflow/example_dags/example_time_delta_sensor_async.py for tasks to queue
[2024-08-04T13:05:30.492+0000] {logging_mixin.py:188} INFO - [2024-08-04T13:05:30.491+0000] {dagbag.py:545} INFO - Filling up the DagBag from /home/airflow/.local/lib/python3.12/site-packages/airflow/example_dags/example_time_delta_sensor_async.py
[2024-08-04T13:05:30.497+0000] {processor.py:840} INFO - DAG(s) 'example_time_delta_sensor_async' retrieved from /home/airflow/.local/lib/python3.12/site-packages/airflow/example_dags/example_time_delta_sensor_async.py
[2024-08-04T13:05:30.520+0000] {logging_mixin.py:188} INFO - [2024-08-04T13:05:30.519+0000] {dag.py:3089} INFO - Sync 1 DAGs
[2024-08-04T13:05:30.536+0000] {logging_mixin.py:188} INFO - [2024-08-04T13:05:30.535+0000] {dag.py:3947} INFO - Setting next_dagrun for example_time_delta_sensor_async to None, run_after=None
[2024-08-04T13:05:30.569+0000] {processor.py:183} INFO - Processing /home/airflow/.local/lib/python3.12/site-packages/airflow/example_dags/example_time_delta_sensor_async.py took 0.099 seconds
[2024-08-04T13:06:01.833+0000] {processor.py:161} INFO - Started process (PID=203) to work on /home/airflow/.local/lib/python3.12/site-packages/airflow/example_dags/example_time_delta_sensor_async.py
[2024-08-04T13:06:01.835+0000] {processor.py:830} INFO - Processing file /home/airflow/.local/lib/python3.12/site-packages/airflow/example_dags/example_time_delta_sensor_async.py for tasks to queue
[2024-08-04T13:06:01.837+0000] {logging_mixin.py:188} INFO - [2024-08-04T13:06:01.837+0000] {dagbag.py:545} INFO - Filling up the DagBag from /home/airflow/.local/lib/python3.12/site-packages/airflow/example_dags/example_time_delta_sensor_async.py
[2024-08-04T13:06:01.842+0000] {processor.py:840} INFO - DAG(s) 'example_time_delta_sensor_async' retrieved from /home/airflow/.local/lib/python3.12/site-packages/airflow/example_dags/example_time_delta_sensor_async.py
[2024-08-04T13:06:01.863+0000] {logging_mixin.py:188} INFO - [2024-08-04T13:06:01.863+0000] {dag.py:3089} INFO - Sync 1 DAGs
[2024-08-04T13:06:01.877+0000] {logging_mixin.py:188} INFO - [2024-08-04T13:06:01.876+0000] {dag.py:3947} INFO - Setting next_dagrun for example_time_delta_sensor_async to None, run_after=None
[2024-08-04T13:06:01.897+0000] {processor.py:183} INFO - Processing /home/airflow/.local/lib/python3.12/site-packages/airflow/example_dags/example_time_delta_sensor_async.py took 0.070 seconds
[2024-08-04T13:06:32.708+0000] {processor.py:161} INFO - Started process (PID=271) to work on /home/airflow/.local/lib/python3.12/site-packages/airflow/example_dags/example_time_delta_sensor_async.py
[2024-08-04T13:06:32.709+0000] {processor.py:830} INFO - Processing file /home/airflow/.local/lib/python3.12/site-packages/airflow/example_dags/example_time_delta_sensor_async.py for tasks to queue
[2024-08-04T13:06:32.712+0000] {logging_mixin.py:188} INFO - [2024-08-04T13:06:32.712+0000] {dagbag.py:545} INFO - Filling up the DagBag from /home/airflow/.local/lib/python3.12/site-packages/airflow/example_dags/example_time_delta_sensor_async.py
[2024-08-04T13:06:32.717+0000] {processor.py:840} INFO - DAG(s) 'example_time_delta_sensor_async' retrieved from /home/airflow/.local/lib/python3.12/site-packages/airflow/example_dags/example_time_delta_sensor_async.py
[2024-08-04T13:06:32.743+0000] {logging_mixin.py:188} INFO - [2024-08-04T13:06:32.743+0000] {dag.py:3089} INFO - Sync 1 DAGs
[2024-08-04T13:06:32.758+0000] {logging_mixin.py:188} INFO - [2024-08-04T13:06:32.757+0000] {dag.py:3947} INFO - Setting next_dagrun for example_time_delta_sensor_async to None, run_after=None
[2024-08-04T13:06:32.786+0000] {processor.py:183} INFO - Processing /home/airflow/.local/lib/python3.12/site-packages/airflow/example_dags/example_time_delta_sensor_async.py took 0.084 seconds
[2024-08-04T13:07:03.419+0000] {processor.py:161} INFO - Started process (PID=335) to work on /home/airflow/.local/lib/python3.12/site-packages/airflow/example_dags/example_time_delta_sensor_async.py
[2024-08-04T13:07:03.420+0000] {processor.py:830} INFO - Processing file /home/airflow/.local/lib/python3.12/site-packages/airflow/example_dags/example_time_delta_sensor_async.py for tasks to queue
[2024-08-04T13:07:03.423+0000] {logging_mixin.py:188} INFO - [2024-08-04T13:07:03.423+0000] {dagbag.py:545} INFO - Filling up the DagBag from /home/airflow/.local/lib/python3.12/site-packages/airflow/example_dags/example_time_delta_sensor_async.py
[2024-08-04T13:07:03.432+0000] {processor.py:840} INFO - DAG(s) 'example_time_delta_sensor_async' retrieved from /home/airflow/.local/lib/python3.12/site-packages/airflow/example_dags/example_time_delta_sensor_async.py
[2024-08-04T13:07:03.455+0000] {logging_mixin.py:188} INFO - [2024-08-04T13:07:03.455+0000] {dag.py:3089} INFO - Sync 1 DAGs
[2024-08-04T13:07:03.475+0000] {logging_mixin.py:188} INFO - [2024-08-04T13:07:03.475+0000] {dag.py:3947} INFO - Setting next_dagrun for example_time_delta_sensor_async to None, run_after=None
[2024-08-04T13:07:03.505+0000] {processor.py:183} INFO - Processing /home/airflow/.local/lib/python3.12/site-packages/airflow/example_dags/example_time_delta_sensor_async.py took 0.094 seconds
[2024-08-04T13:07:35.054+0000] {processor.py:161} INFO - Started process (PID=399) to work on /home/airflow/.local/lib/python3.12/site-packages/airflow/example_dags/example_time_delta_sensor_async.py
[2024-08-04T13:07:35.062+0000] {processor.py:830} INFO - Processing file /home/airflow/.local/lib/python3.12/site-packages/airflow/example_dags/example_time_delta_sensor_async.py for tasks to queue
[2024-08-04T13:07:35.065+0000] {logging_mixin.py:188} INFO - [2024-08-04T13:07:35.065+0000] {dagbag.py:545} INFO - Filling up the DagBag from /home/airflow/.local/lib/python3.12/site-packages/airflow/example_dags/example_time_delta_sensor_async.py
[2024-08-04T13:07:35.072+0000] {processor.py:840} INFO - DAG(s) 'example_time_delta_sensor_async' retrieved from /home/airflow/.local/lib/python3.12/site-packages/airflow/example_dags/example_time_delta_sensor_async.py
[2024-08-04T13:07:35.104+0000] {logging_mixin.py:188} INFO - [2024-08-04T13:07:35.103+0000] {dag.py:3089} INFO - Sync 1 DAGs
[2024-08-04T13:07:35.121+0000] {logging_mixin.py:188} INFO - [2024-08-04T13:07:35.121+0000] {dag.py:3947} INFO - Setting next_dagrun for example_time_delta_sensor_async to None, run_after=None
[2024-08-04T13:07:35.150+0000] {processor.py:183} INFO - Processing /home/airflow/.local/lib/python3.12/site-packages/airflow/example_dags/example_time_delta_sensor_async.py took 0.107 seconds
[2024-08-04T13:08:05.407+0000] {processor.py:161} INFO - Started process (PID=463) to work on /home/airflow/.local/lib/python3.12/site-packages/airflow/example_dags/example_time_delta_sensor_async.py
[2024-08-04T13:08:05.409+0000] {processor.py:830} INFO - Processing file /home/airflow/.local/lib/python3.12/site-packages/airflow/example_dags/example_time_delta_sensor_async.py for tasks to queue
[2024-08-04T13:08:05.411+0000] {logging_mixin.py:188} INFO - [2024-08-04T13:08:05.411+0000] {dagbag.py:545} INFO - Filling up the DagBag from /home/airflow/.local/lib/python3.12/site-packages/airflow/example_dags/example_time_delta_sensor_async.py
[2024-08-04T13:08:05.416+0000] {processor.py:840} INFO - DAG(s) 'example_time_delta_sensor_async' retrieved from /home/airflow/.local/lib/python3.12/site-packages/airflow/example_dags/example_time_delta_sensor_async.py
[2024-08-04T13:08:05.443+0000] {logging_mixin.py:188} INFO - [2024-08-04T13:08:05.443+0000] {dag.py:3089} INFO - Sync 1 DAGs
[2024-08-04T13:08:05.459+0000] {logging_mixin.py:188} INFO - [2024-08-04T13:08:05.459+0000] {dag.py:3947} INFO - Setting next_dagrun for example_time_delta_sensor_async to None, run_after=None
[2024-08-04T13:08:05.488+0000] {processor.py:183} INFO - Processing /home/airflow/.local/lib/python3.12/site-packages/airflow/example_dags/example_time_delta_sensor_async.py took 0.087 seconds
[2024-08-04T13:08:36.643+0000] {processor.py:161} INFO - Started process (PID=533) to work on /home/airflow/.local/lib/python3.12/site-packages/airflow/example_dags/example_time_delta_sensor_async.py
[2024-08-04T13:08:36.645+0000] {processor.py:830} INFO - Processing file /home/airflow/.local/lib/python3.12/site-packages/airflow/example_dags/example_time_delta_sensor_async.py for tasks to queue
[2024-08-04T13:08:36.648+0000] {logging_mixin.py:188} INFO - [2024-08-04T13:08:36.647+0000] {dagbag.py:545} INFO - Filling up the DagBag from /home/airflow/.local/lib/python3.12/site-packages/airflow/example_dags/example_time_delta_sensor_async.py
[2024-08-04T13:08:36.654+0000] {processor.py:840} INFO - DAG(s) 'example_time_delta_sensor_async' retrieved from /home/airflow/.local/lib/python3.12/site-packages/airflow/example_dags/example_time_delta_sensor_async.py
[2024-08-04T13:08:36.685+0000] {logging_mixin.py:188} INFO - [2024-08-04T13:08:36.685+0000] {dag.py:3089} INFO - Sync 1 DAGs
[2024-08-04T13:08:36.705+0000] {logging_mixin.py:188} INFO - [2024-08-04T13:08:36.705+0000] {dag.py:3947} INFO - Setting next_dagrun for example_time_delta_sensor_async to None, run_after=None
[2024-08-04T13:08:36.729+0000] {processor.py:183} INFO - Processing /home/airflow/.local/lib/python3.12/site-packages/airflow/example_dags/example_time_delta_sensor_async.py took 0.093 seconds
[2024-08-04T13:09:08.436+0000] {processor.py:161} INFO - Started process (PID=597) to work on /home/airflow/.local/lib/python3.12/site-packages/airflow/example_dags/example_time_delta_sensor_async.py
[2024-08-04T13:09:08.437+0000] {processor.py:830} INFO - Processing file /home/airflow/.local/lib/python3.12/site-packages/airflow/example_dags/example_time_delta_sensor_async.py for tasks to queue
[2024-08-04T13:09:08.440+0000] {logging_mixin.py:188} INFO - [2024-08-04T13:09:08.440+0000] {dagbag.py:545} INFO - Filling up the DagBag from /home/airflow/.local/lib/python3.12/site-packages/airflow/example_dags/example_time_delta_sensor_async.py
[2024-08-04T13:09:08.446+0000] {processor.py:840} INFO - DAG(s) 'example_time_delta_sensor_async' retrieved from /home/airflow/.local/lib/python3.12/site-packages/airflow/example_dags/example_time_delta_sensor_async.py
[2024-08-04T13:09:08.473+0000] {logging_mixin.py:188} INFO - [2024-08-04T13:09:08.473+0000] {dag.py:3089} INFO - Sync 1 DAGs
[2024-08-04T13:09:08.492+0000] {logging_mixin.py:188} INFO - [2024-08-04T13:09:08.491+0000] {dag.py:3947} INFO - Setting next_dagrun for example_time_delta_sensor_async to None, run_after=None
[2024-08-04T13:09:08.524+0000] {processor.py:183} INFO - Processing /home/airflow/.local/lib/python3.12/site-packages/airflow/example_dags/example_time_delta_sensor_async.py took 0.099 seconds
[2024-08-04T13:09:39.597+0000] {processor.py:161} INFO - Started process (PID=660) to work on /home/airflow/.local/lib/python3.12/site-packages/airflow/example_dags/example_time_delta_sensor_async.py
[2024-08-04T13:09:39.599+0000] {processor.py:830} INFO - Processing file /home/airflow/.local/lib/python3.12/site-packages/airflow/example_dags/example_time_delta_sensor_async.py for tasks to queue
[2024-08-04T13:09:39.602+0000] {logging_mixin.py:188} INFO - [2024-08-04T13:09:39.601+0000] {dagbag.py:545} INFO - Filling up the DagBag from /home/airflow/.local/lib/python3.12/site-packages/airflow/example_dags/example_time_delta_sensor_async.py
[2024-08-04T13:09:39.609+0000] {processor.py:840} INFO - DAG(s) 'example_time_delta_sensor_async' retrieved from /home/airflow/.local/lib/python3.12/site-packages/airflow/example_dags/example_time_delta_sensor_async.py
[2024-08-04T13:09:39.645+0000] {logging_mixin.py:188} INFO - [2024-08-04T13:09:39.645+0000] {dag.py:3089} INFO - Sync 1 DAGs
[2024-08-04T13:09:39.666+0000] {logging_mixin.py:188} INFO - [2024-08-04T13:09:39.666+0000] {dag.py:3947} INFO - Setting next_dagrun for example_time_delta_sensor_async to None, run_after=None
[2024-08-04T13:09:39.701+0000] {processor.py:183} INFO - Processing /home/airflow/.local/lib/python3.12/site-packages/airflow/example_dags/example_time_delta_sensor_async.py took 0.114 seconds
[2024-08-04T13:10:10.529+0000] {processor.py:161} INFO - Started process (PID=724) to work on /home/airflow/.local/lib/python3.12/site-packages/airflow/example_dags/example_time_delta_sensor_async.py
[2024-08-04T13:10:10.531+0000] {processor.py:830} INFO - Processing file /home/airflow/.local/lib/python3.12/site-packages/airflow/example_dags/example_time_delta_sensor_async.py for tasks to queue
[2024-08-04T13:10:10.533+0000] {logging_mixin.py:188} INFO - [2024-08-04T13:10:10.532+0000] {dagbag.py:545} INFO - Filling up the DagBag from /home/airflow/.local/lib/python3.12/site-packages/airflow/example_dags/example_time_delta_sensor_async.py
[2024-08-04T13:10:10.537+0000] {processor.py:840} INFO - DAG(s) 'example_time_delta_sensor_async' retrieved from /home/airflow/.local/lib/python3.12/site-packages/airflow/example_dags/example_time_delta_sensor_async.py
[2024-08-04T13:10:10.565+0000] {logging_mixin.py:188} INFO - [2024-08-04T13:10:10.565+0000] {dag.py:3089} INFO - Sync 1 DAGs
[2024-08-04T13:10:10.583+0000] {logging_mixin.py:188} INFO - [2024-08-04T13:10:10.583+0000] {dag.py:3947} INFO - Setting next_dagrun for example_time_delta_sensor_async to None, run_after=None
[2024-08-04T13:10:10.613+0000] {processor.py:183} INFO - Processing /home/airflow/.local/lib/python3.12/site-packages/airflow/example_dags/example_time_delta_sensor_async.py took 0.093 seconds
[2024-08-04T13:10:40.898+0000] {processor.py:161} INFO - Started process (PID=788) to work on /home/airflow/.local/lib/python3.12/site-packages/airflow/example_dags/example_time_delta_sensor_async.py
[2024-08-04T13:10:40.899+0000] {processor.py:830} INFO - Processing file /home/airflow/.local/lib/python3.12/site-packages/airflow/example_dags/example_time_delta_sensor_async.py for tasks to queue
[2024-08-04T13:10:40.902+0000] {logging_mixin.py:188} INFO - [2024-08-04T13:10:40.901+0000] {dagbag.py:545} INFO - Filling up the DagBag from /home/airflow/.local/lib/python3.12/site-packages/airflow/example_dags/example_time_delta_sensor_async.py
[2024-08-04T13:10:40.907+0000] {processor.py:840} INFO - DAG(s) 'example_time_delta_sensor_async' retrieved from /home/airflow/.local/lib/python3.12/site-packages/airflow/example_dags/example_time_delta_sensor_async.py
[2024-08-04T13:10:40.927+0000] {logging_mixin.py:188} INFO - [2024-08-04T13:10:40.926+0000] {dag.py:3089} INFO - Sync 1 DAGs
[2024-08-04T13:10:40.940+0000] {logging_mixin.py:188} INFO - [2024-08-04T13:10:40.940+0000] {dag.py:3947} INFO - Setting next_dagrun for example_time_delta_sensor_async to None, run_after=None
[2024-08-04T13:10:40.963+0000] {processor.py:183} INFO - Processing /home/airflow/.local/lib/python3.12/site-packages/airflow/example_dags/example_time_delta_sensor_async.py took 0.071 seconds
[2024-08-04T13:11:12.671+0000] {processor.py:161} INFO - Started process (PID=852) to work on /home/airflow/.local/lib/python3.12/site-packages/airflow/example_dags/example_time_delta_sensor_async.py
[2024-08-04T13:11:12.672+0000] {processor.py:830} INFO - Processing file /home/airflow/.local/lib/python3.12/site-packages/airflow/example_dags/example_time_delta_sensor_async.py for tasks to queue
[2024-08-04T13:11:12.674+0000] {logging_mixin.py:188} INFO - [2024-08-04T13:11:12.674+0000] {dagbag.py:545} INFO - Filling up the DagBag from /home/airflow/.local/lib/python3.12/site-packages/airflow/example_dags/example_time_delta_sensor_async.py
[2024-08-04T13:11:12.679+0000] {processor.py:840} INFO - DAG(s) 'example_time_delta_sensor_async' retrieved from /home/airflow/.local/lib/python3.12/site-packages/airflow/example_dags/example_time_delta_sensor_async.py
[2024-08-04T13:11:12.703+0000] {logging_mixin.py:188} INFO - [2024-08-04T13:11:12.702+0000] {dag.py:3089} INFO - Sync 1 DAGs
[2024-08-04T13:11:12.719+0000] {logging_mixin.py:188} INFO - [2024-08-04T13:11:12.718+0000] {dag.py:3947} INFO - Setting next_dagrun for example_time_delta_sensor_async to None, run_after=None
[2024-08-04T13:11:12.740+0000] {processor.py:183} INFO - Processing /home/airflow/.local/lib/python3.12/site-packages/airflow/example_dags/example_time_delta_sensor_async.py took 0.078 seconds
[2024-08-04T13:11:43.435+0000] {processor.py:161} INFO - Started process (PID=916) to work on /home/airflow/.local/lib/python3.12/site-packages/airflow/example_dags/example_time_delta_sensor_async.py
[2024-08-04T13:11:43.436+0000] {processor.py:830} INFO - Processing file /home/airflow/.local/lib/python3.12/site-packages/airflow/example_dags/example_time_delta_sensor_async.py for tasks to queue
[2024-08-04T13:11:43.439+0000] {logging_mixin.py:188} INFO - [2024-08-04T13:11:43.439+0000] {dagbag.py:545} INFO - Filling up the DagBag from /home/airflow/.local/lib/python3.12/site-packages/airflow/example_dags/example_time_delta_sensor_async.py
[2024-08-04T13:11:43.445+0000] {processor.py:840} INFO - DAG(s) 'example_time_delta_sensor_async' retrieved from /home/airflow/.local/lib/python3.12/site-packages/airflow/example_dags/example_time_delta_sensor_async.py
[2024-08-04T13:11:43.467+0000] {logging_mixin.py:188} INFO - [2024-08-04T13:11:43.467+0000] {dag.py:3089} INFO - Sync 1 DAGs
[2024-08-04T13:11:43.482+0000] {logging_mixin.py:188} INFO - [2024-08-04T13:11:43.482+0000] {dag.py:3947} INFO - Setting next_dagrun for example_time_delta_sensor_async to None, run_after=None
[2024-08-04T13:11:43.504+0000] {processor.py:183} INFO - Processing /home/airflow/.local/lib/python3.12/site-packages/airflow/example_dags/example_time_delta_sensor_async.py took 0.075 seconds
[2024-08-04T13:12:15.271+0000] {processor.py:161} INFO - Started process (PID=980) to work on /home/airflow/.local/lib/python3.12/site-packages/airflow/example_dags/example_time_delta_sensor_async.py
[2024-08-04T13:12:15.272+0000] {processor.py:830} INFO - Processing file /home/airflow/.local/lib/python3.12/site-packages/airflow/example_dags/example_time_delta_sensor_async.py for tasks to queue
[2024-08-04T13:12:15.274+0000] {logging_mixin.py:188} INFO - [2024-08-04T13:12:15.274+0000] {dagbag.py:545} INFO - Filling up the DagBag from /home/airflow/.local/lib/python3.12/site-packages/airflow/example_dags/example_time_delta_sensor_async.py
[2024-08-04T13:12:15.279+0000] {processor.py:840} INFO - DAG(s) 'example_time_delta_sensor_async' retrieved from /home/airflow/.local/lib/python3.12/site-packages/airflow/example_dags/example_time_delta_sensor_async.py
[2024-08-04T13:12:15.300+0000] {logging_mixin.py:188} INFO - [2024-08-04T13:12:15.299+0000] {dag.py:3089} INFO - Sync 1 DAGs
[2024-08-04T13:12:15.315+0000] {logging_mixin.py:188} INFO - [2024-08-04T13:12:15.314+0000] {dag.py:3947} INFO - Setting next_dagrun for example_time_delta_sensor_async to None, run_after=None
[2024-08-04T13:12:15.337+0000] {processor.py:183} INFO - Processing /home/airflow/.local/lib/python3.12/site-packages/airflow/example_dags/example_time_delta_sensor_async.py took 0.073 seconds
[2024-08-04T13:12:46.763+0000] {processor.py:161} INFO - Started process (PID=1044) to work on /home/airflow/.local/lib/python3.12/site-packages/airflow/example_dags/example_time_delta_sensor_async.py
[2024-08-04T13:12:46.764+0000] {processor.py:830} INFO - Processing file /home/airflow/.local/lib/python3.12/site-packages/airflow/example_dags/example_time_delta_sensor_async.py for tasks to queue
[2024-08-04T13:12:46.767+0000] {logging_mixin.py:188} INFO - [2024-08-04T13:12:46.766+0000] {dagbag.py:545} INFO - Filling up the DagBag from /home/airflow/.local/lib/python3.12/site-packages/airflow/example_dags/example_time_delta_sensor_async.py
[2024-08-04T13:12:46.771+0000] {processor.py:840} INFO - DAG(s) 'example_time_delta_sensor_async' retrieved from /home/airflow/.local/lib/python3.12/site-packages/airflow/example_dags/example_time_delta_sensor_async.py
[2024-08-04T13:12:46.791+0000] {logging_mixin.py:188} INFO - [2024-08-04T13:12:46.791+0000] {dag.py:3089} INFO - Sync 1 DAGs
[2024-08-04T13:12:46.804+0000] {logging_mixin.py:188} INFO - [2024-08-04T13:12:46.804+0000] {dag.py:3947} INFO - Setting next_dagrun for example_time_delta_sensor_async to None, run_after=None
[2024-08-04T13:12:46.833+0000] {processor.py:183} INFO - Processing /home/airflow/.local/lib/python3.12/site-packages/airflow/example_dags/example_time_delta_sensor_async.py took 0.076 seconds
[2024-08-04T13:13:17.477+0000] {processor.py:161} INFO - Started process (PID=1108) to work on /home/airflow/.local/lib/python3.12/site-packages/airflow/example_dags/example_time_delta_sensor_async.py
[2024-08-04T13:13:17.479+0000] {processor.py:830} INFO - Processing file /home/airflow/.local/lib/python3.12/site-packages/airflow/example_dags/example_time_delta_sensor_async.py for tasks to queue
[2024-08-04T13:13:17.481+0000] {logging_mixin.py:188} INFO - [2024-08-04T13:13:17.481+0000] {dagbag.py:545} INFO - Filling up the DagBag from /home/airflow/.local/lib/python3.12/site-packages/airflow/example_dags/example_time_delta_sensor_async.py
[2024-08-04T13:13:17.486+0000] {processor.py:840} INFO - DAG(s) 'example_time_delta_sensor_async' retrieved from /home/airflow/.local/lib/python3.12/site-packages/airflow/example_dags/example_time_delta_sensor_async.py
[2024-08-04T13:13:17.507+0000] {logging_mixin.py:188} INFO - [2024-08-04T13:13:17.507+0000] {dag.py:3089} INFO - Sync 1 DAGs
[2024-08-04T13:13:17.523+0000] {logging_mixin.py:188} INFO - [2024-08-04T13:13:17.522+0000] {dag.py:3947} INFO - Setting next_dagrun for example_time_delta_sensor_async to None, run_after=None
[2024-08-04T13:13:17.542+0000] {processor.py:183} INFO - Processing /home/airflow/.local/lib/python3.12/site-packages/airflow/example_dags/example_time_delta_sensor_async.py took 0.072 seconds
[2024-08-04T13:13:49.129+0000] {processor.py:161} INFO - Started process (PID=1172) to work on /home/airflow/.local/lib/python3.12/site-packages/airflow/example_dags/example_time_delta_sensor_async.py
[2024-08-04T13:13:49.130+0000] {processor.py:830} INFO - Processing file /home/airflow/.local/lib/python3.12/site-packages/airflow/example_dags/example_time_delta_sensor_async.py for tasks to queue
[2024-08-04T13:13:49.134+0000] {logging_mixin.py:188} INFO - [2024-08-04T13:13:49.134+0000] {dagbag.py:545} INFO - Filling up the DagBag from /home/airflow/.local/lib/python3.12/site-packages/airflow/example_dags/example_time_delta_sensor_async.py
[2024-08-04T13:13:49.141+0000] {processor.py:840} INFO - DAG(s) 'example_time_delta_sensor_async' retrieved from /home/airflow/.local/lib/python3.12/site-packages/airflow/example_dags/example_time_delta_sensor_async.py
[2024-08-04T13:13:49.163+0000] {logging_mixin.py:188} INFO - [2024-08-04T13:13:49.163+0000] {dag.py:3089} INFO - Sync 1 DAGs
[2024-08-04T13:13:49.180+0000] {logging_mixin.py:188} INFO - [2024-08-04T13:13:49.179+0000] {dag.py:3947} INFO - Setting next_dagrun for example_time_delta_sensor_async to None, run_after=None
[2024-08-04T13:13:49.214+0000] {processor.py:183} INFO - Processing /home/airflow/.local/lib/python3.12/site-packages/airflow/example_dags/example_time_delta_sensor_async.py took 0.090 seconds
[2024-08-04T13:14:21.427+0000] {processor.py:161} INFO - Started process (PID=1236) to work on /home/airflow/.local/lib/python3.12/site-packages/airflow/example_dags/example_time_delta_sensor_async.py
[2024-08-04T13:14:21.429+0000] {processor.py:830} INFO - Processing file /home/airflow/.local/lib/python3.12/site-packages/airflow/example_dags/example_time_delta_sensor_async.py for tasks to queue
[2024-08-04T13:14:21.434+0000] {logging_mixin.py:188} INFO - [2024-08-04T13:14:21.433+0000] {dagbag.py:545} INFO - Filling up the DagBag from /home/airflow/.local/lib/python3.12/site-packages/airflow/example_dags/example_time_delta_sensor_async.py
[2024-08-04T13:14:21.441+0000] {processor.py:840} INFO - DAG(s) 'example_time_delta_sensor_async' retrieved from /home/airflow/.local/lib/python3.12/site-packages/airflow/example_dags/example_time_delta_sensor_async.py
[2024-08-04T13:14:21.474+0000] {logging_mixin.py:188} INFO - [2024-08-04T13:14:21.474+0000] {dag.py:3089} INFO - Sync 1 DAGs
[2024-08-04T13:14:21.490+0000] {logging_mixin.py:188} INFO - [2024-08-04T13:14:21.490+0000] {dag.py:3947} INFO - Setting next_dagrun for example_time_delta_sensor_async to None, run_after=None
[2024-08-04T13:14:21.510+0000] {processor.py:183} INFO - Processing /home/airflow/.local/lib/python3.12/site-packages/airflow/example_dags/example_time_delta_sensor_async.py took 0.091 seconds
[2024-08-04T13:14:52.402+0000] {processor.py:161} INFO - Started process (PID=1299) to work on /home/airflow/.local/lib/python3.12/site-packages/airflow/example_dags/example_time_delta_sensor_async.py
[2024-08-04T13:14:52.404+0000] {processor.py:830} INFO - Processing file /home/airflow/.local/lib/python3.12/site-packages/airflow/example_dags/example_time_delta_sensor_async.py for tasks to queue
[2024-08-04T13:14:52.406+0000] {logging_mixin.py:188} INFO - [2024-08-04T13:14:52.406+0000] {dagbag.py:545} INFO - Filling up the DagBag from /home/airflow/.local/lib/python3.12/site-packages/airflow/example_dags/example_time_delta_sensor_async.py
[2024-08-04T13:14:52.411+0000] {processor.py:840} INFO - DAG(s) 'example_time_delta_sensor_async' retrieved from /home/airflow/.local/lib/python3.12/site-packages/airflow/example_dags/example_time_delta_sensor_async.py
[2024-08-04T13:14:52.434+0000] {logging_mixin.py:188} INFO - [2024-08-04T13:14:52.434+0000] {dag.py:3089} INFO - Sync 1 DAGs
[2024-08-04T13:14:52.450+0000] {logging_mixin.py:188} INFO - [2024-08-04T13:14:52.450+0000] {dag.py:3947} INFO - Setting next_dagrun for example_time_delta_sensor_async to None, run_after=None
[2024-08-04T13:14:52.475+0000] {processor.py:183} INFO - Processing /home/airflow/.local/lib/python3.12/site-packages/airflow/example_dags/example_time_delta_sensor_async.py took 0.079 seconds
[2024-08-04T13:15:23.492+0000] {processor.py:161} INFO - Started process (PID=1363) to work on /home/airflow/.local/lib/python3.12/site-packages/airflow/example_dags/example_time_delta_sensor_async.py
[2024-08-04T13:15:23.493+0000] {processor.py:830} INFO - Processing file /home/airflow/.local/lib/python3.12/site-packages/airflow/example_dags/example_time_delta_sensor_async.py for tasks to queue
[2024-08-04T13:15:23.495+0000] {logging_mixin.py:188} INFO - [2024-08-04T13:15:23.495+0000] {dagbag.py:545} INFO - Filling up the DagBag from /home/airflow/.local/lib/python3.12/site-packages/airflow/example_dags/example_time_delta_sensor_async.py
[2024-08-04T13:15:23.503+0000] {processor.py:840} INFO - DAG(s) 'example_time_delta_sensor_async' retrieved from /home/airflow/.local/lib/python3.12/site-packages/airflow/example_dags/example_time_delta_sensor_async.py
[2024-08-04T13:15:23.529+0000] {logging_mixin.py:188} INFO - [2024-08-04T13:15:23.528+0000] {dag.py:3089} INFO - Sync 1 DAGs
[2024-08-04T13:15:23.543+0000] {logging_mixin.py:188} INFO - [2024-08-04T13:15:23.543+0000] {dag.py:3947} INFO - Setting next_dagrun for example_time_delta_sensor_async to None, run_after=None
[2024-08-04T13:15:23.569+0000] {processor.py:183} INFO - Processing /home/airflow/.local/lib/python3.12/site-packages/airflow/example_dags/example_time_delta_sensor_async.py took 0.086 seconds
[2024-08-04T13:15:54.155+0000] {processor.py:161} INFO - Started process (PID=1427) to work on /home/airflow/.local/lib/python3.12/site-packages/airflow/example_dags/example_time_delta_sensor_async.py
[2024-08-04T13:15:54.156+0000] {processor.py:830} INFO - Processing file /home/airflow/.local/lib/python3.12/site-packages/airflow/example_dags/example_time_delta_sensor_async.py for tasks to queue
[2024-08-04T13:15:54.158+0000] {logging_mixin.py:188} INFO - [2024-08-04T13:15:54.158+0000] {dagbag.py:545} INFO - Filling up the DagBag from /home/airflow/.local/lib/python3.12/site-packages/airflow/example_dags/example_time_delta_sensor_async.py
[2024-08-04T13:15:54.165+0000] {processor.py:840} INFO - DAG(s) 'example_time_delta_sensor_async' retrieved from /home/airflow/.local/lib/python3.12/site-packages/airflow/example_dags/example_time_delta_sensor_async.py
[2024-08-04T13:15:54.190+0000] {logging_mixin.py:188} INFO - [2024-08-04T13:15:54.190+0000] {dag.py:3089} INFO - Sync 1 DAGs
[2024-08-04T13:15:54.203+0000] {logging_mixin.py:188} INFO - [2024-08-04T13:15:54.203+0000] {dag.py:3947} INFO - Setting next_dagrun for example_time_delta_sensor_async to None, run_after=None
[2024-08-04T13:15:54.230+0000] {processor.py:183} INFO - Processing /home/airflow/.local/lib/python3.12/site-packages/airflow/example_dags/example_time_delta_sensor_async.py took 0.082 seconds
[2024-08-04T13:16:24.566+0000] {processor.py:161} INFO - Started process (PID=1491) to work on /home/airflow/.local/lib/python3.12/site-packages/airflow/example_dags/example_time_delta_sensor_async.py
[2024-08-04T13:16:24.568+0000] {processor.py:830} INFO - Processing file /home/airflow/.local/lib/python3.12/site-packages/airflow/example_dags/example_time_delta_sensor_async.py for tasks to queue
[2024-08-04T13:16:24.571+0000] {logging_mixin.py:188} INFO - [2024-08-04T13:16:24.570+0000] {dagbag.py:545} INFO - Filling up the DagBag from /home/airflow/.local/lib/python3.12/site-packages/airflow/example_dags/example_time_delta_sensor_async.py
[2024-08-04T13:16:24.579+0000] {processor.py:840} INFO - DAG(s) 'example_time_delta_sensor_async' retrieved from /home/airflow/.local/lib/python3.12/site-packages/airflow/example_dags/example_time_delta_sensor_async.py
[2024-08-04T13:16:24.603+0000] {logging_mixin.py:188} INFO - [2024-08-04T13:16:24.602+0000] {dag.py:3089} INFO - Sync 1 DAGs
[2024-08-04T13:16:24.618+0000] {logging_mixin.py:188} INFO - [2024-08-04T13:16:24.617+0000] {dag.py:3947} INFO - Setting next_dagrun for example_time_delta_sensor_async to None, run_after=None
[2024-08-04T13:16:24.645+0000] {processor.py:183} INFO - Processing /home/airflow/.local/lib/python3.12/site-packages/airflow/example_dags/example_time_delta_sensor_async.py took 0.087 seconds
[2024-08-04T13:16:55.876+0000] {processor.py:161} INFO - Started process (PID=1555) to work on /home/airflow/.local/lib/python3.12/site-packages/airflow/example_dags/example_time_delta_sensor_async.py
[2024-08-04T13:16:55.878+0000] {processor.py:830} INFO - Processing file /home/airflow/.local/lib/python3.12/site-packages/airflow/example_dags/example_time_delta_sensor_async.py for tasks to queue
[2024-08-04T13:16:55.880+0000] {logging_mixin.py:188} INFO - [2024-08-04T13:16:55.880+0000] {dagbag.py:545} INFO - Filling up the DagBag from /home/airflow/.local/lib/python3.12/site-packages/airflow/example_dags/example_time_delta_sensor_async.py
[2024-08-04T13:16:55.885+0000] {processor.py:840} INFO - DAG(s) 'example_time_delta_sensor_async' retrieved from /home/airflow/.local/lib/python3.12/site-packages/airflow/example_dags/example_time_delta_sensor_async.py
[2024-08-04T13:16:55.914+0000] {logging_mixin.py:188} INFO - [2024-08-04T13:16:55.914+0000] {dag.py:3089} INFO - Sync 1 DAGs
[2024-08-04T13:16:55.930+0000] {logging_mixin.py:188} INFO - [2024-08-04T13:16:55.929+0000] {dag.py:3947} INFO - Setting next_dagrun for example_time_delta_sensor_async to None, run_after=None
[2024-08-04T13:16:55.960+0000] {processor.py:183} INFO - Processing /home/airflow/.local/lib/python3.12/site-packages/airflow/example_dags/example_time_delta_sensor_async.py took 0.093 seconds
[2024-08-04T13:17:26.463+0000] {processor.py:161} INFO - Started process (PID=1619) to work on /home/airflow/.local/lib/python3.12/site-packages/airflow/example_dags/example_time_delta_sensor_async.py
[2024-08-04T13:17:26.464+0000] {processor.py:830} INFO - Processing file /home/airflow/.local/lib/python3.12/site-packages/airflow/example_dags/example_time_delta_sensor_async.py for tasks to queue
[2024-08-04T13:17:26.465+0000] {logging_mixin.py:188} INFO - [2024-08-04T13:17:26.465+0000] {dagbag.py:545} INFO - Filling up the DagBag from /home/airflow/.local/lib/python3.12/site-packages/airflow/example_dags/example_time_delta_sensor_async.py
[2024-08-04T13:17:26.470+0000] {processor.py:840} INFO - DAG(s) 'example_time_delta_sensor_async' retrieved from /home/airflow/.local/lib/python3.12/site-packages/airflow/example_dags/example_time_delta_sensor_async.py
[2024-08-04T13:17:26.490+0000] {logging_mixin.py:188} INFO - [2024-08-04T13:17:26.489+0000] {dag.py:3089} INFO - Sync 1 DAGs
[2024-08-04T13:17:26.502+0000] {logging_mixin.py:188} INFO - [2024-08-04T13:17:26.502+0000] {dag.py:3947} INFO - Setting next_dagrun for example_time_delta_sensor_async to None, run_after=None
[2024-08-04T13:17:26.527+0000] {processor.py:183} INFO - Processing /home/airflow/.local/lib/python3.12/site-packages/airflow/example_dags/example_time_delta_sensor_async.py took 0.070 seconds
[2024-08-04T13:17:56.951+0000] {processor.py:161} INFO - Started process (PID=1683) to work on /home/airflow/.local/lib/python3.12/site-packages/airflow/example_dags/example_time_delta_sensor_async.py
[2024-08-04T13:17:56.952+0000] {processor.py:830} INFO - Processing file /home/airflow/.local/lib/python3.12/site-packages/airflow/example_dags/example_time_delta_sensor_async.py for tasks to queue
[2024-08-04T13:17:56.955+0000] {logging_mixin.py:188} INFO - [2024-08-04T13:17:56.955+0000] {dagbag.py:545} INFO - Filling up the DagBag from /home/airflow/.local/lib/python3.12/site-packages/airflow/example_dags/example_time_delta_sensor_async.py
[2024-08-04T13:17:56.960+0000] {processor.py:840} INFO - DAG(s) 'example_time_delta_sensor_async' retrieved from /home/airflow/.local/lib/python3.12/site-packages/airflow/example_dags/example_time_delta_sensor_async.py
[2024-08-04T13:17:56.986+0000] {logging_mixin.py:188} INFO - [2024-08-04T13:17:56.985+0000] {dag.py:3089} INFO - Sync 1 DAGs
[2024-08-04T13:17:57.001+0000] {logging_mixin.py:188} INFO - [2024-08-04T13:17:57.001+0000] {dag.py:3947} INFO - Setting next_dagrun for example_time_delta_sensor_async to None, run_after=None
[2024-08-04T13:17:57.031+0000] {processor.py:183} INFO - Processing /home/airflow/.local/lib/python3.12/site-packages/airflow/example_dags/example_time_delta_sensor_async.py took 0.088 seconds
[2024-08-04T13:18:28.380+0000] {processor.py:161} INFO - Started process (PID=1747) to work on /home/airflow/.local/lib/python3.12/site-packages/airflow/example_dags/example_time_delta_sensor_async.py
[2024-08-04T13:18:28.381+0000] {processor.py:830} INFO - Processing file /home/airflow/.local/lib/python3.12/site-packages/airflow/example_dags/example_time_delta_sensor_async.py for tasks to queue
[2024-08-04T13:18:28.385+0000] {logging_mixin.py:188} INFO - [2024-08-04T13:18:28.385+0000] {dagbag.py:545} INFO - Filling up the DagBag from /home/airflow/.local/lib/python3.12/site-packages/airflow/example_dags/example_time_delta_sensor_async.py
[2024-08-04T13:18:28.392+0000] {processor.py:840} INFO - DAG(s) 'example_time_delta_sensor_async' retrieved from /home/airflow/.local/lib/python3.12/site-packages/airflow/example_dags/example_time_delta_sensor_async.py
[2024-08-04T13:18:28.416+0000] {logging_mixin.py:188} INFO - [2024-08-04T13:18:28.415+0000] {dag.py:3089} INFO - Sync 1 DAGs
[2024-08-04T13:18:28.429+0000] {logging_mixin.py:188} INFO - [2024-08-04T13:18:28.429+0000] {dag.py:3947} INFO - Setting next_dagrun for example_time_delta_sensor_async to None, run_after=None
[2024-08-04T13:18:28.452+0000] {processor.py:183} INFO - Processing /home/airflow/.local/lib/python3.12/site-packages/airflow/example_dags/example_time_delta_sensor_async.py took 0.078 seconds
[2024-08-04T13:19:01.316+0000] {processor.py:161} INFO - Started process (PID=1812) to work on /home/airflow/.local/lib/python3.12/site-packages/airflow/example_dags/example_time_delta_sensor_async.py
[2024-08-04T13:19:01.318+0000] {processor.py:830} INFO - Processing file /home/airflow/.local/lib/python3.12/site-packages/airflow/example_dags/example_time_delta_sensor_async.py for tasks to queue
[2024-08-04T13:19:01.320+0000] {logging_mixin.py:188} INFO - [2024-08-04T13:19:01.320+0000] {dagbag.py:545} INFO - Filling up the DagBag from /home/airflow/.local/lib/python3.12/site-packages/airflow/example_dags/example_time_delta_sensor_async.py
[2024-08-04T13:19:01.325+0000] {processor.py:840} INFO - DAG(s) 'example_time_delta_sensor_async' retrieved from /home/airflow/.local/lib/python3.12/site-packages/airflow/example_dags/example_time_delta_sensor_async.py
[2024-08-04T13:19:01.346+0000] {logging_mixin.py:188} INFO - [2024-08-04T13:19:01.346+0000] {dag.py:3089} INFO - Sync 1 DAGs
[2024-08-04T13:19:01.363+0000] {logging_mixin.py:188} INFO - [2024-08-04T13:19:01.363+0000] {dag.py:3947} INFO - Setting next_dagrun for example_time_delta_sensor_async to None, run_after=None
[2024-08-04T13:19:01.519+0000] {processor.py:183} INFO - Processing /home/airflow/.local/lib/python3.12/site-packages/airflow/example_dags/example_time_delta_sensor_async.py took 0.208 seconds
[2024-08-04T13:19:31.972+0000] {processor.py:161} INFO - Started process (PID=1876) to work on /home/airflow/.local/lib/python3.12/site-packages/airflow/example_dags/example_time_delta_sensor_async.py
[2024-08-04T13:19:31.973+0000] {processor.py:830} INFO - Processing file /home/airflow/.local/lib/python3.12/site-packages/airflow/example_dags/example_time_delta_sensor_async.py for tasks to queue
[2024-08-04T13:19:31.976+0000] {logging_mixin.py:188} INFO - [2024-08-04T13:19:31.975+0000] {dagbag.py:545} INFO - Filling up the DagBag from /home/airflow/.local/lib/python3.12/site-packages/airflow/example_dags/example_time_delta_sensor_async.py
[2024-08-04T13:19:31.980+0000] {processor.py:840} INFO - DAG(s) 'example_time_delta_sensor_async' retrieved from /home/airflow/.local/lib/python3.12/site-packages/airflow/example_dags/example_time_delta_sensor_async.py
[2024-08-04T13:19:32.000+0000] {logging_mixin.py:188} INFO - [2024-08-04T13:19:32.000+0000] {dag.py:3089} INFO - Sync 1 DAGs
[2024-08-04T13:19:32.016+0000] {logging_mixin.py:188} INFO - [2024-08-04T13:19:32.015+0000] {dag.py:3947} INFO - Setting next_dagrun for example_time_delta_sensor_async to None, run_after=None
[2024-08-04T13:19:32.046+0000] {processor.py:183} INFO - Processing /home/airflow/.local/lib/python3.12/site-packages/airflow/example_dags/example_time_delta_sensor_async.py took 0.081 seconds
[2024-08-04T13:20:02.273+0000] {processor.py:161} INFO - Started process (PID=1938) to work on /home/airflow/.local/lib/python3.12/site-packages/airflow/example_dags/example_time_delta_sensor_async.py
[2024-08-04T13:20:02.275+0000] {processor.py:830} INFO - Processing file /home/airflow/.local/lib/python3.12/site-packages/airflow/example_dags/example_time_delta_sensor_async.py for tasks to queue
[2024-08-04T13:20:02.277+0000] {logging_mixin.py:188} INFO - [2024-08-04T13:20:02.277+0000] {dagbag.py:545} INFO - Filling up the DagBag from /home/airflow/.local/lib/python3.12/site-packages/airflow/example_dags/example_time_delta_sensor_async.py
[2024-08-04T13:20:02.283+0000] {processor.py:840} INFO - DAG(s) 'example_time_delta_sensor_async' retrieved from /home/airflow/.local/lib/python3.12/site-packages/airflow/example_dags/example_time_delta_sensor_async.py
[2024-08-04T13:20:02.307+0000] {logging_mixin.py:188} INFO - [2024-08-04T13:20:02.306+0000] {dag.py:3089} INFO - Sync 1 DAGs
[2024-08-04T13:20:02.321+0000] {logging_mixin.py:188} INFO - [2024-08-04T13:20:02.321+0000] {dag.py:3947} INFO - Setting next_dagrun for example_time_delta_sensor_async to None, run_after=None
[2024-08-04T13:20:02.343+0000] {processor.py:183} INFO - Processing /home/airflow/.local/lib/python3.12/site-packages/airflow/example_dags/example_time_delta_sensor_async.py took 0.077 seconds
[2024-08-04T13:20:33.694+0000] {processor.py:161} INFO - Started process (PID=2002) to work on /home/airflow/.local/lib/python3.12/site-packages/airflow/example_dags/example_time_delta_sensor_async.py
[2024-08-04T13:20:33.695+0000] {processor.py:830} INFO - Processing file /home/airflow/.local/lib/python3.12/site-packages/airflow/example_dags/example_time_delta_sensor_async.py for tasks to queue
[2024-08-04T13:20:33.698+0000] {logging_mixin.py:188} INFO - [2024-08-04T13:20:33.698+0000] {dagbag.py:545} INFO - Filling up the DagBag from /home/airflow/.local/lib/python3.12/site-packages/airflow/example_dags/example_time_delta_sensor_async.py
[2024-08-04T13:20:33.703+0000] {processor.py:840} INFO - DAG(s) 'example_time_delta_sensor_async' retrieved from /home/airflow/.local/lib/python3.12/site-packages/airflow/example_dags/example_time_delta_sensor_async.py
[2024-08-04T13:20:33.726+0000] {logging_mixin.py:188} INFO - [2024-08-04T13:20:33.725+0000] {dag.py:3089} INFO - Sync 1 DAGs
[2024-08-04T13:20:33.746+0000] {logging_mixin.py:188} INFO - [2024-08-04T13:20:33.746+0000] {dag.py:3947} INFO - Setting next_dagrun for example_time_delta_sensor_async to None, run_after=None
[2024-08-04T13:20:33.769+0000] {processor.py:183} INFO - Processing /home/airflow/.local/lib/python3.12/site-packages/airflow/example_dags/example_time_delta_sensor_async.py took 0.082 seconds
[2024-08-04T13:21:05.940+0000] {processor.py:161} INFO - Started process (PID=2066) to work on /home/airflow/.local/lib/python3.12/site-packages/airflow/example_dags/example_time_delta_sensor_async.py
[2024-08-04T13:21:05.941+0000] {processor.py:830} INFO - Processing file /home/airflow/.local/lib/python3.12/site-packages/airflow/example_dags/example_time_delta_sensor_async.py for tasks to queue
[2024-08-04T13:21:05.944+0000] {logging_mixin.py:188} INFO - [2024-08-04T13:21:05.943+0000] {dagbag.py:545} INFO - Filling up the DagBag from /home/airflow/.local/lib/python3.12/site-packages/airflow/example_dags/example_time_delta_sensor_async.py
[2024-08-04T13:21:05.949+0000] {processor.py:840} INFO - DAG(s) 'example_time_delta_sensor_async' retrieved from /home/airflow/.local/lib/python3.12/site-packages/airflow/example_dags/example_time_delta_sensor_async.py
[2024-08-04T13:21:06.160+0000] {logging_mixin.py:188} INFO - [2024-08-04T13:21:06.160+0000] {dag.py:3089} INFO - Sync 1 DAGs
[2024-08-04T13:21:06.186+0000] {logging_mixin.py:188} INFO - [2024-08-04T13:21:06.185+0000] {dag.py:3947} INFO - Setting next_dagrun for example_time_delta_sensor_async to None, run_after=None
[2024-08-04T13:21:06.221+0000] {processor.py:183} INFO - Processing /home/airflow/.local/lib/python3.12/site-packages/airflow/example_dags/example_time_delta_sensor_async.py took 0.290 seconds
[2024-08-04T13:21:36.416+0000] {processor.py:161} INFO - Started process (PID=2130) to work on /home/airflow/.local/lib/python3.12/site-packages/airflow/example_dags/example_time_delta_sensor_async.py
[2024-08-04T13:21:36.417+0000] {processor.py:830} INFO - Processing file /home/airflow/.local/lib/python3.12/site-packages/airflow/example_dags/example_time_delta_sensor_async.py for tasks to queue
[2024-08-04T13:21:36.419+0000] {logging_mixin.py:188} INFO - [2024-08-04T13:21:36.419+0000] {dagbag.py:545} INFO - Filling up the DagBag from /home/airflow/.local/lib/python3.12/site-packages/airflow/example_dags/example_time_delta_sensor_async.py
[2024-08-04T13:21:36.424+0000] {processor.py:840} INFO - DAG(s) 'example_time_delta_sensor_async' retrieved from /home/airflow/.local/lib/python3.12/site-packages/airflow/example_dags/example_time_delta_sensor_async.py
[2024-08-04T13:21:36.444+0000] {logging_mixin.py:188} INFO - [2024-08-04T13:21:36.444+0000] {dag.py:3089} INFO - Sync 1 DAGs
[2024-08-04T13:21:36.458+0000] {logging_mixin.py:188} INFO - [2024-08-04T13:21:36.457+0000] {dag.py:3947} INFO - Setting next_dagrun for example_time_delta_sensor_async to None, run_after=None
[2024-08-04T13:21:36.486+0000] {processor.py:183} INFO - Processing /home/airflow/.local/lib/python3.12/site-packages/airflow/example_dags/example_time_delta_sensor_async.py took 0.077 seconds
[2024-08-04T13:22:06.996+0000] {processor.py:161} INFO - Started process (PID=2194) to work on /home/airflow/.local/lib/python3.12/site-packages/airflow/example_dags/example_time_delta_sensor_async.py
[2024-08-04T13:22:06.997+0000] {processor.py:830} INFO - Processing file /home/airflow/.local/lib/python3.12/site-packages/airflow/example_dags/example_time_delta_sensor_async.py for tasks to queue
[2024-08-04T13:22:07.000+0000] {logging_mixin.py:188} INFO - [2024-08-04T13:22:07.000+0000] {dagbag.py:545} INFO - Filling up the DagBag from /home/airflow/.local/lib/python3.12/site-packages/airflow/example_dags/example_time_delta_sensor_async.py
[2024-08-04T13:22:07.007+0000] {processor.py:840} INFO - DAG(s) 'example_time_delta_sensor_async' retrieved from /home/airflow/.local/lib/python3.12/site-packages/airflow/example_dags/example_time_delta_sensor_async.py
[2024-08-04T13:22:07.034+0000] {logging_mixin.py:188} INFO - [2024-08-04T13:22:07.034+0000] {dag.py:3089} INFO - Sync 1 DAGs
[2024-08-04T13:22:07.051+0000] {logging_mixin.py:188} INFO - [2024-08-04T13:22:07.051+0000] {dag.py:3947} INFO - Setting next_dagrun for example_time_delta_sensor_async to None, run_after=None
[2024-08-04T13:22:07.090+0000] {processor.py:183} INFO - Processing /home/airflow/.local/lib/python3.12/site-packages/airflow/example_dags/example_time_delta_sensor_async.py took 0.103 seconds
[2024-08-04T13:22:37.689+0000] {processor.py:161} INFO - Started process (PID=2264) to work on /home/airflow/.local/lib/python3.12/site-packages/airflow/example_dags/example_time_delta_sensor_async.py
[2024-08-04T13:22:37.690+0000] {processor.py:830} INFO - Processing file /home/airflow/.local/lib/python3.12/site-packages/airflow/example_dags/example_time_delta_sensor_async.py for tasks to queue
[2024-08-04T13:22:37.694+0000] {logging_mixin.py:188} INFO - [2024-08-04T13:22:37.694+0000] {dagbag.py:545} INFO - Filling up the DagBag from /home/airflow/.local/lib/python3.12/site-packages/airflow/example_dags/example_time_delta_sensor_async.py
[2024-08-04T13:22:37.700+0000] {processor.py:840} INFO - DAG(s) 'example_time_delta_sensor_async' retrieved from /home/airflow/.local/lib/python3.12/site-packages/airflow/example_dags/example_time_delta_sensor_async.py
[2024-08-04T13:22:37.728+0000] {logging_mixin.py:188} INFO - [2024-08-04T13:22:37.727+0000] {dag.py:3089} INFO - Sync 1 DAGs
[2024-08-04T13:22:37.742+0000] {logging_mixin.py:188} INFO - [2024-08-04T13:22:37.742+0000] {dag.py:3947} INFO - Setting next_dagrun for example_time_delta_sensor_async to None, run_after=None
[2024-08-04T13:22:37.770+0000] {processor.py:183} INFO - Processing /home/airflow/.local/lib/python3.12/site-packages/airflow/example_dags/example_time_delta_sensor_async.py took 0.089 seconds
[2024-08-04T13:23:08.399+0000] {processor.py:161} INFO - Started process (PID=2328) to work on /home/airflow/.local/lib/python3.12/site-packages/airflow/example_dags/example_time_delta_sensor_async.py
[2024-08-04T13:23:08.400+0000] {processor.py:830} INFO - Processing file /home/airflow/.local/lib/python3.12/site-packages/airflow/example_dags/example_time_delta_sensor_async.py for tasks to queue
[2024-08-04T13:23:08.402+0000] {logging_mixin.py:188} INFO - [2024-08-04T13:23:08.402+0000] {dagbag.py:545} INFO - Filling up the DagBag from /home/airflow/.local/lib/python3.12/site-packages/airflow/example_dags/example_time_delta_sensor_async.py
[2024-08-04T13:23:08.407+0000] {processor.py:840} INFO - DAG(s) 'example_time_delta_sensor_async' retrieved from /home/airflow/.local/lib/python3.12/site-packages/airflow/example_dags/example_time_delta_sensor_async.py
[2024-08-04T13:23:08.429+0000] {logging_mixin.py:188} INFO - [2024-08-04T13:23:08.428+0000] {dag.py:3089} INFO - Sync 1 DAGs
[2024-08-04T13:23:08.442+0000] {logging_mixin.py:188} INFO - [2024-08-04T13:23:08.442+0000] {dag.py:3947} INFO - Setting next_dagrun for example_time_delta_sensor_async to None, run_after=None
[2024-08-04T13:23:08.470+0000] {processor.py:183} INFO - Processing /home/airflow/.local/lib/python3.12/site-packages/airflow/example_dags/example_time_delta_sensor_async.py took 0.077 seconds
[2024-08-04T13:23:38.879+0000] {processor.py:161} INFO - Started process (PID=2393) to work on /home/airflow/.local/lib/python3.12/site-packages/airflow/example_dags/example_time_delta_sensor_async.py
[2024-08-04T13:23:38.881+0000] {processor.py:830} INFO - Processing file /home/airflow/.local/lib/python3.12/site-packages/airflow/example_dags/example_time_delta_sensor_async.py for tasks to queue
[2024-08-04T13:23:38.883+0000] {logging_mixin.py:188} INFO - [2024-08-04T13:23:38.883+0000] {dagbag.py:545} INFO - Filling up the DagBag from /home/airflow/.local/lib/python3.12/site-packages/airflow/example_dags/example_time_delta_sensor_async.py
[2024-08-04T13:23:38.890+0000] {processor.py:840} INFO - DAG(s) 'example_time_delta_sensor_async' retrieved from /home/airflow/.local/lib/python3.12/site-packages/airflow/example_dags/example_time_delta_sensor_async.py
[2024-08-04T13:23:38.914+0000] {logging_mixin.py:188} INFO - [2024-08-04T13:23:38.914+0000] {dag.py:3089} INFO - Sync 1 DAGs
[2024-08-04T13:23:38.931+0000] {logging_mixin.py:188} INFO - [2024-08-04T13:23:38.931+0000] {dag.py:3947} INFO - Setting next_dagrun for example_time_delta_sensor_async to None, run_after=None
[2024-08-04T13:23:38.956+0000] {processor.py:183} INFO - Processing /home/airflow/.local/lib/python3.12/site-packages/airflow/example_dags/example_time_delta_sensor_async.py took 0.086 seconds
[2024-08-04T13:24:10.436+0000] {processor.py:161} INFO - Started process (PID=2457) to work on /home/airflow/.local/lib/python3.12/site-packages/airflow/example_dags/example_time_delta_sensor_async.py
[2024-08-04T13:24:10.438+0000] {processor.py:830} INFO - Processing file /home/airflow/.local/lib/python3.12/site-packages/airflow/example_dags/example_time_delta_sensor_async.py for tasks to queue
[2024-08-04T13:24:10.440+0000] {logging_mixin.py:188} INFO - [2024-08-04T13:24:10.440+0000] {dagbag.py:545} INFO - Filling up the DagBag from /home/airflow/.local/lib/python3.12/site-packages/airflow/example_dags/example_time_delta_sensor_async.py
[2024-08-04T13:24:10.445+0000] {processor.py:840} INFO - DAG(s) 'example_time_delta_sensor_async' retrieved from /home/airflow/.local/lib/python3.12/site-packages/airflow/example_dags/example_time_delta_sensor_async.py
[2024-08-04T13:24:10.469+0000] {logging_mixin.py:188} INFO - [2024-08-04T13:24:10.468+0000] {dag.py:3089} INFO - Sync 1 DAGs
[2024-08-04T13:24:10.486+0000] {logging_mixin.py:188} INFO - [2024-08-04T13:24:10.486+0000] {dag.py:3947} INFO - Setting next_dagrun for example_time_delta_sensor_async to None, run_after=None
[2024-08-04T13:24:10.514+0000] {processor.py:183} INFO - Processing /home/airflow/.local/lib/python3.12/site-packages/airflow/example_dags/example_time_delta_sensor_async.py took 0.084 seconds
[2024-08-04T13:24:40.999+0000] {processor.py:161} INFO - Started process (PID=2521) to work on /home/airflow/.local/lib/python3.12/site-packages/airflow/example_dags/example_time_delta_sensor_async.py
[2024-08-04T13:24:41.000+0000] {processor.py:830} INFO - Processing file /home/airflow/.local/lib/python3.12/site-packages/airflow/example_dags/example_time_delta_sensor_async.py for tasks to queue
[2024-08-04T13:24:41.003+0000] {logging_mixin.py:188} INFO - [2024-08-04T13:24:41.002+0000] {dagbag.py:545} INFO - Filling up the DagBag from /home/airflow/.local/lib/python3.12/site-packages/airflow/example_dags/example_time_delta_sensor_async.py
[2024-08-04T13:24:41.009+0000] {processor.py:840} INFO - DAG(s) 'example_time_delta_sensor_async' retrieved from /home/airflow/.local/lib/python3.12/site-packages/airflow/example_dags/example_time_delta_sensor_async.py
[2024-08-04T13:24:41.033+0000] {logging_mixin.py:188} INFO - [2024-08-04T13:24:41.033+0000] {dag.py:3089} INFO - Sync 1 DAGs
[2024-08-04T13:24:41.048+0000] {logging_mixin.py:188} INFO - [2024-08-04T13:24:41.048+0000] {dag.py:3947} INFO - Setting next_dagrun for example_time_delta_sensor_async to None, run_after=None
[2024-08-04T13:24:41.076+0000] {processor.py:183} INFO - Processing /home/airflow/.local/lib/python3.12/site-packages/airflow/example_dags/example_time_delta_sensor_async.py took 0.086 seconds
[2024-08-04T13:25:12.208+0000] {processor.py:161} INFO - Started process (PID=2585) to work on /home/airflow/.local/lib/python3.12/site-packages/airflow/example_dags/example_time_delta_sensor_async.py
[2024-08-04T13:25:12.209+0000] {processor.py:830} INFO - Processing file /home/airflow/.local/lib/python3.12/site-packages/airflow/example_dags/example_time_delta_sensor_async.py for tasks to queue
[2024-08-04T13:25:12.212+0000] {logging_mixin.py:188} INFO - [2024-08-04T13:25:12.211+0000] {dagbag.py:545} INFO - Filling up the DagBag from /home/airflow/.local/lib/python3.12/site-packages/airflow/example_dags/example_time_delta_sensor_async.py
[2024-08-04T13:25:12.216+0000] {processor.py:840} INFO - DAG(s) 'example_time_delta_sensor_async' retrieved from /home/airflow/.local/lib/python3.12/site-packages/airflow/example_dags/example_time_delta_sensor_async.py
[2024-08-04T13:25:12.239+0000] {logging_mixin.py:188} INFO - [2024-08-04T13:25:12.239+0000] {dag.py:3089} INFO - Sync 1 DAGs
[2024-08-04T13:25:12.256+0000] {logging_mixin.py:188} INFO - [2024-08-04T13:25:12.256+0000] {dag.py:3947} INFO - Setting next_dagrun for example_time_delta_sensor_async to None, run_after=None
[2024-08-04T13:25:12.289+0000] {processor.py:183} INFO - Processing /home/airflow/.local/lib/python3.12/site-packages/airflow/example_dags/example_time_delta_sensor_async.py took 0.089 seconds
[2024-08-04T13:25:42.788+0000] {processor.py:161} INFO - Started process (PID=2649) to work on /home/airflow/.local/lib/python3.12/site-packages/airflow/example_dags/example_time_delta_sensor_async.py
[2024-08-04T13:25:42.789+0000] {processor.py:830} INFO - Processing file /home/airflow/.local/lib/python3.12/site-packages/airflow/example_dags/example_time_delta_sensor_async.py for tasks to queue
[2024-08-04T13:25:42.791+0000] {logging_mixin.py:188} INFO - [2024-08-04T13:25:42.791+0000] {dagbag.py:545} INFO - Filling up the DagBag from /home/airflow/.local/lib/python3.12/site-packages/airflow/example_dags/example_time_delta_sensor_async.py
[2024-08-04T13:25:42.796+0000] {processor.py:840} INFO - DAG(s) 'example_time_delta_sensor_async' retrieved from /home/airflow/.local/lib/python3.12/site-packages/airflow/example_dags/example_time_delta_sensor_async.py
[2024-08-04T13:25:42.819+0000] {logging_mixin.py:188} INFO - [2024-08-04T13:25:42.818+0000] {dag.py:3089} INFO - Sync 1 DAGs
[2024-08-04T13:25:42.835+0000] {logging_mixin.py:188} INFO - [2024-08-04T13:25:42.835+0000] {dag.py:3947} INFO - Setting next_dagrun for example_time_delta_sensor_async to None, run_after=None
[2024-08-04T13:25:42.855+0000] {processor.py:183} INFO - Processing /home/airflow/.local/lib/python3.12/site-packages/airflow/example_dags/example_time_delta_sensor_async.py took 0.073 seconds
[2024-08-04T13:26:14.373+0000] {processor.py:161} INFO - Started process (PID=2713) to work on /home/airflow/.local/lib/python3.12/site-packages/airflow/example_dags/example_time_delta_sensor_async.py
[2024-08-04T13:26:14.376+0000] {processor.py:830} INFO - Processing file /home/airflow/.local/lib/python3.12/site-packages/airflow/example_dags/example_time_delta_sensor_async.py for tasks to queue
[2024-08-04T13:26:14.378+0000] {logging_mixin.py:188} INFO - [2024-08-04T13:26:14.378+0000] {dagbag.py:545} INFO - Filling up the DagBag from /home/airflow/.local/lib/python3.12/site-packages/airflow/example_dags/example_time_delta_sensor_async.py
[2024-08-04T13:26:14.383+0000] {processor.py:840} INFO - DAG(s) 'example_time_delta_sensor_async' retrieved from /home/airflow/.local/lib/python3.12/site-packages/airflow/example_dags/example_time_delta_sensor_async.py
[2024-08-04T13:26:14.407+0000] {logging_mixin.py:188} INFO - [2024-08-04T13:26:14.407+0000] {dag.py:3089} INFO - Sync 1 DAGs
[2024-08-04T13:26:14.423+0000] {logging_mixin.py:188} INFO - [2024-08-04T13:26:14.422+0000] {dag.py:3947} INFO - Setting next_dagrun for example_time_delta_sensor_async to None, run_after=None
[2024-08-04T13:26:14.447+0000] {processor.py:183} INFO - Processing /home/airflow/.local/lib/python3.12/site-packages/airflow/example_dags/example_time_delta_sensor_async.py took 0.081 seconds
[2024-08-04T13:26:45.129+0000] {processor.py:161} INFO - Started process (PID=2777) to work on /home/airflow/.local/lib/python3.12/site-packages/airflow/example_dags/example_time_delta_sensor_async.py
[2024-08-04T13:26:45.131+0000] {processor.py:830} INFO - Processing file /home/airflow/.local/lib/python3.12/site-packages/airflow/example_dags/example_time_delta_sensor_async.py for tasks to queue
[2024-08-04T13:26:45.133+0000] {logging_mixin.py:188} INFO - [2024-08-04T13:26:45.133+0000] {dagbag.py:545} INFO - Filling up the DagBag from /home/airflow/.local/lib/python3.12/site-packages/airflow/example_dags/example_time_delta_sensor_async.py
[2024-08-04T13:26:45.139+0000] {processor.py:840} INFO - DAG(s) 'example_time_delta_sensor_async' retrieved from /home/airflow/.local/lib/python3.12/site-packages/airflow/example_dags/example_time_delta_sensor_async.py
[2024-08-04T13:26:45.164+0000] {logging_mixin.py:188} INFO - [2024-08-04T13:26:45.164+0000] {dag.py:3089} INFO - Sync 1 DAGs
[2024-08-04T13:26:45.180+0000] {logging_mixin.py:188} INFO - [2024-08-04T13:26:45.180+0000] {dag.py:3947} INFO - Setting next_dagrun for example_time_delta_sensor_async to None, run_after=None
[2024-08-04T13:26:45.204+0000] {processor.py:183} INFO - Processing /home/airflow/.local/lib/python3.12/site-packages/airflow/example_dags/example_time_delta_sensor_async.py took 0.082 seconds
[2024-08-04T13:27:16.078+0000] {processor.py:161} INFO - Started process (PID=2841) to work on /home/airflow/.local/lib/python3.12/site-packages/airflow/example_dags/example_time_delta_sensor_async.py
[2024-08-04T13:27:16.079+0000] {processor.py:830} INFO - Processing file /home/airflow/.local/lib/python3.12/site-packages/airflow/example_dags/example_time_delta_sensor_async.py for tasks to queue
[2024-08-04T13:27:16.081+0000] {logging_mixin.py:188} INFO - [2024-08-04T13:27:16.081+0000] {dagbag.py:545} INFO - Filling up the DagBag from /home/airflow/.local/lib/python3.12/site-packages/airflow/example_dags/example_time_delta_sensor_async.py
[2024-08-04T13:27:16.086+0000] {processor.py:840} INFO - DAG(s) 'example_time_delta_sensor_async' retrieved from /home/airflow/.local/lib/python3.12/site-packages/airflow/example_dags/example_time_delta_sensor_async.py
[2024-08-04T13:27:16.108+0000] {logging_mixin.py:188} INFO - [2024-08-04T13:27:16.108+0000] {dag.py:3089} INFO - Sync 1 DAGs
[2024-08-04T13:27:16.122+0000] {logging_mixin.py:188} INFO - [2024-08-04T13:27:16.122+0000] {dag.py:3947} INFO - Setting next_dagrun for example_time_delta_sensor_async to None, run_after=None
[2024-08-04T13:27:16.144+0000] {processor.py:183} INFO - Processing /home/airflow/.local/lib/python3.12/site-packages/airflow/example_dags/example_time_delta_sensor_async.py took 0.072 seconds
[2024-08-04T13:27:46.971+0000] {processor.py:161} INFO - Started process (PID=2905) to work on /home/airflow/.local/lib/python3.12/site-packages/airflow/example_dags/example_time_delta_sensor_async.py
[2024-08-04T13:27:46.973+0000] {processor.py:830} INFO - Processing file /home/airflow/.local/lib/python3.12/site-packages/airflow/example_dags/example_time_delta_sensor_async.py for tasks to queue
[2024-08-04T13:27:46.975+0000] {logging_mixin.py:188} INFO - [2024-08-04T13:27:46.974+0000] {dagbag.py:545} INFO - Filling up the DagBag from /home/airflow/.local/lib/python3.12/site-packages/airflow/example_dags/example_time_delta_sensor_async.py
[2024-08-04T13:27:46.979+0000] {processor.py:840} INFO - DAG(s) 'example_time_delta_sensor_async' retrieved from /home/airflow/.local/lib/python3.12/site-packages/airflow/example_dags/example_time_delta_sensor_async.py
[2024-08-04T13:27:47.001+0000] {logging_mixin.py:188} INFO - [2024-08-04T13:27:47.001+0000] {dag.py:3089} INFO - Sync 1 DAGs
[2024-08-04T13:27:47.022+0000] {logging_mixin.py:188} INFO - [2024-08-04T13:27:47.022+0000] {dag.py:3947} INFO - Setting next_dagrun for example_time_delta_sensor_async to None, run_after=None
[2024-08-04T13:27:47.045+0000] {processor.py:183} INFO - Processing /home/airflow/.local/lib/python3.12/site-packages/airflow/example_dags/example_time_delta_sensor_async.py took 0.080 seconds
[2024-08-04T13:28:17.670+0000] {processor.py:161} INFO - Started process (PID=2969) to work on /home/airflow/.local/lib/python3.12/site-packages/airflow/example_dags/example_time_delta_sensor_async.py
[2024-08-04T13:28:17.672+0000] {processor.py:830} INFO - Processing file /home/airflow/.local/lib/python3.12/site-packages/airflow/example_dags/example_time_delta_sensor_async.py for tasks to queue
[2024-08-04T13:28:17.679+0000] {logging_mixin.py:188} INFO - [2024-08-04T13:28:17.679+0000] {dagbag.py:545} INFO - Filling up the DagBag from /home/airflow/.local/lib/python3.12/site-packages/airflow/example_dags/example_time_delta_sensor_async.py
[2024-08-04T13:28:17.685+0000] {processor.py:840} INFO - DAG(s) 'example_time_delta_sensor_async' retrieved from /home/airflow/.local/lib/python3.12/site-packages/airflow/example_dags/example_time_delta_sensor_async.py
[2024-08-04T13:28:17.704+0000] {logging_mixin.py:188} INFO - [2024-08-04T13:28:17.704+0000] {dag.py:3089} INFO - Sync 1 DAGs
[2024-08-04T13:28:17.719+0000] {logging_mixin.py:188} INFO - [2024-08-04T13:28:17.718+0000] {dag.py:3947} INFO - Setting next_dagrun for example_time_delta_sensor_async to None, run_after=None
[2024-08-04T13:28:17.738+0000] {processor.py:183} INFO - Processing /home/airflow/.local/lib/python3.12/site-packages/airflow/example_dags/example_time_delta_sensor_async.py took 0.075 seconds
[2024-08-04T13:28:49.324+0000] {processor.py:161} INFO - Started process (PID=3034) to work on /home/airflow/.local/lib/python3.12/site-packages/airflow/example_dags/example_time_delta_sensor_async.py
[2024-08-04T13:28:49.326+0000] {processor.py:830} INFO - Processing file /home/airflow/.local/lib/python3.12/site-packages/airflow/example_dags/example_time_delta_sensor_async.py for tasks to queue
[2024-08-04T13:28:49.328+0000] {logging_mixin.py:188} INFO - [2024-08-04T13:28:49.328+0000] {dagbag.py:545} INFO - Filling up the DagBag from /home/airflow/.local/lib/python3.12/site-packages/airflow/example_dags/example_time_delta_sensor_async.py
[2024-08-04T13:28:49.333+0000] {processor.py:840} INFO - DAG(s) 'example_time_delta_sensor_async' retrieved from /home/airflow/.local/lib/python3.12/site-packages/airflow/example_dags/example_time_delta_sensor_async.py
[2024-08-04T13:28:49.357+0000] {logging_mixin.py:188} INFO - [2024-08-04T13:28:49.357+0000] {dag.py:3089} INFO - Sync 1 DAGs
[2024-08-04T13:28:49.371+0000] {logging_mixin.py:188} INFO - [2024-08-04T13:28:49.371+0000] {dag.py:3947} INFO - Setting next_dagrun for example_time_delta_sensor_async to None, run_after=None
[2024-08-04T13:28:49.394+0000] {processor.py:183} INFO - Processing /home/airflow/.local/lib/python3.12/site-packages/airflow/example_dags/example_time_delta_sensor_async.py took 0.077 seconds
[2024-08-04T13:29:20.174+0000] {processor.py:161} INFO - Started process (PID=3098) to work on /home/airflow/.local/lib/python3.12/site-packages/airflow/example_dags/example_time_delta_sensor_async.py
[2024-08-04T13:29:20.175+0000] {processor.py:830} INFO - Processing file /home/airflow/.local/lib/python3.12/site-packages/airflow/example_dags/example_time_delta_sensor_async.py for tasks to queue
[2024-08-04T13:29:20.177+0000] {logging_mixin.py:188} INFO - [2024-08-04T13:29:20.177+0000] {dagbag.py:545} INFO - Filling up the DagBag from /home/airflow/.local/lib/python3.12/site-packages/airflow/example_dags/example_time_delta_sensor_async.py
[2024-08-04T13:29:20.181+0000] {processor.py:840} INFO - DAG(s) 'example_time_delta_sensor_async' retrieved from /home/airflow/.local/lib/python3.12/site-packages/airflow/example_dags/example_time_delta_sensor_async.py
[2024-08-04T13:29:20.206+0000] {logging_mixin.py:188} INFO - [2024-08-04T13:29:20.205+0000] {dag.py:3089} INFO - Sync 1 DAGs
[2024-08-04T13:29:20.219+0000] {logging_mixin.py:188} INFO - [2024-08-04T13:29:20.219+0000] {dag.py:3947} INFO - Setting next_dagrun for example_time_delta_sensor_async to None, run_after=None
[2024-08-04T13:29:20.243+0000] {processor.py:183} INFO - Processing /home/airflow/.local/lib/python3.12/site-packages/airflow/example_dags/example_time_delta_sensor_async.py took 0.075 seconds
[2024-08-04T13:29:51.148+0000] {processor.py:161} INFO - Started process (PID=3162) to work on /home/airflow/.local/lib/python3.12/site-packages/airflow/example_dags/example_time_delta_sensor_async.py
[2024-08-04T13:29:51.150+0000] {processor.py:830} INFO - Processing file /home/airflow/.local/lib/python3.12/site-packages/airflow/example_dags/example_time_delta_sensor_async.py for tasks to queue
[2024-08-04T13:29:51.152+0000] {logging_mixin.py:188} INFO - [2024-08-04T13:29:51.151+0000] {dagbag.py:545} INFO - Filling up the DagBag from /home/airflow/.local/lib/python3.12/site-packages/airflow/example_dags/example_time_delta_sensor_async.py
[2024-08-04T13:29:51.156+0000] {processor.py:840} INFO - DAG(s) 'example_time_delta_sensor_async' retrieved from /home/airflow/.local/lib/python3.12/site-packages/airflow/example_dags/example_time_delta_sensor_async.py
[2024-08-04T13:29:51.180+0000] {logging_mixin.py:188} INFO - [2024-08-04T13:29:51.179+0000] {dag.py:3089} INFO - Sync 1 DAGs
[2024-08-04T13:29:51.194+0000] {logging_mixin.py:188} INFO - [2024-08-04T13:29:51.194+0000] {dag.py:3947} INFO - Setting next_dagrun for example_time_delta_sensor_async to None, run_after=None
[2024-08-04T13:29:51.216+0000] {processor.py:183} INFO - Processing /home/airflow/.local/lib/python3.12/site-packages/airflow/example_dags/example_time_delta_sensor_async.py took 0.074 seconds
[2024-08-04T13:30:22.639+0000] {processor.py:161} INFO - Started process (PID=3226) to work on /home/airflow/.local/lib/python3.12/site-packages/airflow/example_dags/example_time_delta_sensor_async.py
[2024-08-04T13:30:22.641+0000] {processor.py:830} INFO - Processing file /home/airflow/.local/lib/python3.12/site-packages/airflow/example_dags/example_time_delta_sensor_async.py for tasks to queue
[2024-08-04T13:30:22.643+0000] {logging_mixin.py:188} INFO - [2024-08-04T13:30:22.643+0000] {dagbag.py:545} INFO - Filling up the DagBag from /home/airflow/.local/lib/python3.12/site-packages/airflow/example_dags/example_time_delta_sensor_async.py
[2024-08-04T13:30:22.648+0000] {processor.py:840} INFO - DAG(s) 'example_time_delta_sensor_async' retrieved from /home/airflow/.local/lib/python3.12/site-packages/airflow/example_dags/example_time_delta_sensor_async.py
[2024-08-04T13:30:22.670+0000] {logging_mixin.py:188} INFO - [2024-08-04T13:30:22.670+0000] {dag.py:3089} INFO - Sync 1 DAGs
[2024-08-04T13:30:22.685+0000] {logging_mixin.py:188} INFO - [2024-08-04T13:30:22.685+0000] {dag.py:3947} INFO - Setting next_dagrun for example_time_delta_sensor_async to None, run_after=None
[2024-08-04T13:30:22.707+0000] {processor.py:183} INFO - Processing /home/airflow/.local/lib/python3.12/site-packages/airflow/example_dags/example_time_delta_sensor_async.py took 0.074 seconds
[2024-08-04T13:30:53.685+0000] {processor.py:161} INFO - Started process (PID=3290) to work on /home/airflow/.local/lib/python3.12/site-packages/airflow/example_dags/example_time_delta_sensor_async.py
[2024-08-04T13:30:53.687+0000] {processor.py:830} INFO - Processing file /home/airflow/.local/lib/python3.12/site-packages/airflow/example_dags/example_time_delta_sensor_async.py for tasks to queue
[2024-08-04T13:30:53.690+0000] {logging_mixin.py:188} INFO - [2024-08-04T13:30:53.689+0000] {dagbag.py:545} INFO - Filling up the DagBag from /home/airflow/.local/lib/python3.12/site-packages/airflow/example_dags/example_time_delta_sensor_async.py
[2024-08-04T13:30:53.695+0000] {processor.py:840} INFO - DAG(s) 'example_time_delta_sensor_async' retrieved from /home/airflow/.local/lib/python3.12/site-packages/airflow/example_dags/example_time_delta_sensor_async.py
[2024-08-04T13:30:53.715+0000] {logging_mixin.py:188} INFO - [2024-08-04T13:30:53.715+0000] {dag.py:3089} INFO - Sync 1 DAGs
[2024-08-04T13:30:53.731+0000] {logging_mixin.py:188} INFO - [2024-08-04T13:30:53.730+0000] {dag.py:3947} INFO - Setting next_dagrun for example_time_delta_sensor_async to None, run_after=None
[2024-08-04T13:30:53.753+0000] {processor.py:183} INFO - Processing /home/airflow/.local/lib/python3.12/site-packages/airflow/example_dags/example_time_delta_sensor_async.py took 0.077 seconds
[2024-08-04T13:31:24.262+0000] {processor.py:161} INFO - Started process (PID=3354) to work on /home/airflow/.local/lib/python3.12/site-packages/airflow/example_dags/example_time_delta_sensor_async.py
[2024-08-04T13:31:24.264+0000] {processor.py:830} INFO - Processing file /home/airflow/.local/lib/python3.12/site-packages/airflow/example_dags/example_time_delta_sensor_async.py for tasks to queue
[2024-08-04T13:31:24.267+0000] {logging_mixin.py:188} INFO - [2024-08-04T13:31:24.266+0000] {dagbag.py:545} INFO - Filling up the DagBag from /home/airflow/.local/lib/python3.12/site-packages/airflow/example_dags/example_time_delta_sensor_async.py
[2024-08-04T13:31:24.274+0000] {processor.py:840} INFO - DAG(s) 'example_time_delta_sensor_async' retrieved from /home/airflow/.local/lib/python3.12/site-packages/airflow/example_dags/example_time_delta_sensor_async.py
[2024-08-04T13:31:24.302+0000] {logging_mixin.py:188} INFO - [2024-08-04T13:31:24.302+0000] {dag.py:3089} INFO - Sync 1 DAGs
[2024-08-04T13:31:24.317+0000] {logging_mixin.py:188} INFO - [2024-08-04T13:31:24.317+0000] {dag.py:3947} INFO - Setting next_dagrun for example_time_delta_sensor_async to None, run_after=None
[2024-08-04T13:31:24.350+0000] {processor.py:183} INFO - Processing /home/airflow/.local/lib/python3.12/site-packages/airflow/example_dags/example_time_delta_sensor_async.py took 0.100 seconds
[2024-08-04T13:31:55.103+0000] {processor.py:161} INFO - Started process (PID=3418) to work on /home/airflow/.local/lib/python3.12/site-packages/airflow/example_dags/example_time_delta_sensor_async.py
[2024-08-04T13:31:55.105+0000] {processor.py:830} INFO - Processing file /home/airflow/.local/lib/python3.12/site-packages/airflow/example_dags/example_time_delta_sensor_async.py for tasks to queue
[2024-08-04T13:31:55.108+0000] {logging_mixin.py:188} INFO - [2024-08-04T13:31:55.108+0000] {dagbag.py:545} INFO - Filling up the DagBag from /home/airflow/.local/lib/python3.12/site-packages/airflow/example_dags/example_time_delta_sensor_async.py
[2024-08-04T13:31:55.116+0000] {processor.py:840} INFO - DAG(s) 'example_time_delta_sensor_async' retrieved from /home/airflow/.local/lib/python3.12/site-packages/airflow/example_dags/example_time_delta_sensor_async.py
[2024-08-04T13:31:55.143+0000] {logging_mixin.py:188} INFO - [2024-08-04T13:31:55.143+0000] {dag.py:3089} INFO - Sync 1 DAGs
[2024-08-04T13:31:55.160+0000] {logging_mixin.py:188} INFO - [2024-08-04T13:31:55.160+0000] {dag.py:3947} INFO - Setting next_dagrun for example_time_delta_sensor_async to None, run_after=None
[2024-08-04T13:31:55.184+0000] {processor.py:183} INFO - Processing /home/airflow/.local/lib/python3.12/site-packages/airflow/example_dags/example_time_delta_sensor_async.py took 0.088 seconds
[2024-08-04T13:32:25.711+0000] {processor.py:161} INFO - Started process (PID=3481) to work on /home/airflow/.local/lib/python3.12/site-packages/airflow/example_dags/example_time_delta_sensor_async.py
[2024-08-04T13:32:25.712+0000] {processor.py:830} INFO - Processing file /home/airflow/.local/lib/python3.12/site-packages/airflow/example_dags/example_time_delta_sensor_async.py for tasks to queue
[2024-08-04T13:32:25.714+0000] {logging_mixin.py:188} INFO - [2024-08-04T13:32:25.713+0000] {dagbag.py:545} INFO - Filling up the DagBag from /home/airflow/.local/lib/python3.12/site-packages/airflow/example_dags/example_time_delta_sensor_async.py
[2024-08-04T13:32:25.718+0000] {processor.py:840} INFO - DAG(s) 'example_time_delta_sensor_async' retrieved from /home/airflow/.local/lib/python3.12/site-packages/airflow/example_dags/example_time_delta_sensor_async.py
[2024-08-04T13:32:25.740+0000] {logging_mixin.py:188} INFO - [2024-08-04T13:32:25.740+0000] {dag.py:3089} INFO - Sync 1 DAGs
[2024-08-04T13:32:25.754+0000] {logging_mixin.py:188} INFO - [2024-08-04T13:32:25.754+0000] {dag.py:3947} INFO - Setting next_dagrun for example_time_delta_sensor_async to None, run_after=None
[2024-08-04T13:32:25.779+0000] {processor.py:183} INFO - Processing /home/airflow/.local/lib/python3.12/site-packages/airflow/example_dags/example_time_delta_sensor_async.py took 0.074 seconds
[2024-08-04T13:32:56.530+0000] {processor.py:161} INFO - Started process (PID=3545) to work on /home/airflow/.local/lib/python3.12/site-packages/airflow/example_dags/example_time_delta_sensor_async.py
[2024-08-04T13:32:56.532+0000] {processor.py:830} INFO - Processing file /home/airflow/.local/lib/python3.12/site-packages/airflow/example_dags/example_time_delta_sensor_async.py for tasks to queue
[2024-08-04T13:32:56.535+0000] {logging_mixin.py:188} INFO - [2024-08-04T13:32:56.535+0000] {dagbag.py:545} INFO - Filling up the DagBag from /home/airflow/.local/lib/python3.12/site-packages/airflow/example_dags/example_time_delta_sensor_async.py
[2024-08-04T13:32:56.542+0000] {processor.py:840} INFO - DAG(s) 'example_time_delta_sensor_async' retrieved from /home/airflow/.local/lib/python3.12/site-packages/airflow/example_dags/example_time_delta_sensor_async.py
[2024-08-04T13:32:56.565+0000] {logging_mixin.py:188} INFO - [2024-08-04T13:32:56.564+0000] {dag.py:3089} INFO - Sync 1 DAGs
[2024-08-04T13:32:56.579+0000] {logging_mixin.py:188} INFO - [2024-08-04T13:32:56.579+0000] {dag.py:3947} INFO - Setting next_dagrun for example_time_delta_sensor_async to None, run_after=None
[2024-08-04T13:32:56.602+0000] {processor.py:183} INFO - Processing /home/airflow/.local/lib/python3.12/site-packages/airflow/example_dags/example_time_delta_sensor_async.py took 0.079 seconds
[2024-08-04T13:33:27.222+0000] {processor.py:161} INFO - Started process (PID=3609) to work on /home/airflow/.local/lib/python3.12/site-packages/airflow/example_dags/example_time_delta_sensor_async.py
[2024-08-04T13:33:27.224+0000] {processor.py:830} INFO - Processing file /home/airflow/.local/lib/python3.12/site-packages/airflow/example_dags/example_time_delta_sensor_async.py for tasks to queue
[2024-08-04T13:33:27.226+0000] {logging_mixin.py:188} INFO - [2024-08-04T13:33:27.226+0000] {dagbag.py:545} INFO - Filling up the DagBag from /home/airflow/.local/lib/python3.12/site-packages/airflow/example_dags/example_time_delta_sensor_async.py
[2024-08-04T13:33:27.232+0000] {processor.py:840} INFO - DAG(s) 'example_time_delta_sensor_async' retrieved from /home/airflow/.local/lib/python3.12/site-packages/airflow/example_dags/example_time_delta_sensor_async.py
[2024-08-04T13:33:27.268+0000] {logging_mixin.py:188} INFO - [2024-08-04T13:33:27.267+0000] {dag.py:3089} INFO - Sync 1 DAGs
[2024-08-04T13:33:27.282+0000] {logging_mixin.py:188} INFO - [2024-08-04T13:33:27.282+0000] {dag.py:3947} INFO - Setting next_dagrun for example_time_delta_sensor_async to None, run_after=None
[2024-08-04T13:33:27.310+0000] {processor.py:183} INFO - Processing /home/airflow/.local/lib/python3.12/site-packages/airflow/example_dags/example_time_delta_sensor_async.py took 0.097 seconds
[2024-08-04T13:33:57.802+0000] {processor.py:161} INFO - Started process (PID=3673) to work on /home/airflow/.local/lib/python3.12/site-packages/airflow/example_dags/example_time_delta_sensor_async.py
[2024-08-04T13:33:57.803+0000] {processor.py:830} INFO - Processing file /home/airflow/.local/lib/python3.12/site-packages/airflow/example_dags/example_time_delta_sensor_async.py for tasks to queue
[2024-08-04T13:33:57.806+0000] {logging_mixin.py:188} INFO - [2024-08-04T13:33:57.805+0000] {dagbag.py:545} INFO - Filling up the DagBag from /home/airflow/.local/lib/python3.12/site-packages/airflow/example_dags/example_time_delta_sensor_async.py
[2024-08-04T13:33:57.812+0000] {processor.py:840} INFO - DAG(s) 'example_time_delta_sensor_async' retrieved from /home/airflow/.local/lib/python3.12/site-packages/airflow/example_dags/example_time_delta_sensor_async.py
[2024-08-04T13:33:57.832+0000] {logging_mixin.py:188} INFO - [2024-08-04T13:33:57.832+0000] {dag.py:3089} INFO - Sync 1 DAGs
[2024-08-04T13:33:57.846+0000] {logging_mixin.py:188} INFO - [2024-08-04T13:33:57.845+0000] {dag.py:3947} INFO - Setting next_dagrun for example_time_delta_sensor_async to None, run_after=None
[2024-08-04T13:33:57.870+0000] {processor.py:183} INFO - Processing /home/airflow/.local/lib/python3.12/site-packages/airflow/example_dags/example_time_delta_sensor_async.py took 0.075 seconds
[2024-08-04T13:34:29.172+0000] {processor.py:161} INFO - Started process (PID=3737) to work on /home/airflow/.local/lib/python3.12/site-packages/airflow/example_dags/example_time_delta_sensor_async.py
[2024-08-04T13:34:29.174+0000] {processor.py:830} INFO - Processing file /home/airflow/.local/lib/python3.12/site-packages/airflow/example_dags/example_time_delta_sensor_async.py for tasks to queue
[2024-08-04T13:34:29.177+0000] {logging_mixin.py:188} INFO - [2024-08-04T13:34:29.177+0000] {dagbag.py:545} INFO - Filling up the DagBag from /home/airflow/.local/lib/python3.12/site-packages/airflow/example_dags/example_time_delta_sensor_async.py
[2024-08-04T13:34:29.186+0000] {processor.py:840} INFO - DAG(s) 'example_time_delta_sensor_async' retrieved from /home/airflow/.local/lib/python3.12/site-packages/airflow/example_dags/example_time_delta_sensor_async.py
[2024-08-04T13:34:29.218+0000] {logging_mixin.py:188} INFO - [2024-08-04T13:34:29.218+0000] {dag.py:3089} INFO - Sync 1 DAGs
[2024-08-04T13:34:29.234+0000] {logging_mixin.py:188} INFO - [2024-08-04T13:34:29.234+0000] {dag.py:3947} INFO - Setting next_dagrun for example_time_delta_sensor_async to None, run_after=None
[2024-08-04T13:34:29.261+0000] {processor.py:183} INFO - Processing /home/airflow/.local/lib/python3.12/site-packages/airflow/example_dags/example_time_delta_sensor_async.py took 0.100 seconds
[2024-08-04T13:34:59.568+0000] {processor.py:161} INFO - Started process (PID=3801) to work on /home/airflow/.local/lib/python3.12/site-packages/airflow/example_dags/example_time_delta_sensor_async.py
[2024-08-04T13:34:59.570+0000] {processor.py:830} INFO - Processing file /home/airflow/.local/lib/python3.12/site-packages/airflow/example_dags/example_time_delta_sensor_async.py for tasks to queue
[2024-08-04T13:34:59.572+0000] {logging_mixin.py:188} INFO - [2024-08-04T13:34:59.572+0000] {dagbag.py:545} INFO - Filling up the DagBag from /home/airflow/.local/lib/python3.12/site-packages/airflow/example_dags/example_time_delta_sensor_async.py
[2024-08-04T13:34:59.578+0000] {processor.py:840} INFO - DAG(s) 'example_time_delta_sensor_async' retrieved from /home/airflow/.local/lib/python3.12/site-packages/airflow/example_dags/example_time_delta_sensor_async.py
[2024-08-04T13:34:59.598+0000] {logging_mixin.py:188} INFO - [2024-08-04T13:34:59.597+0000] {dag.py:3089} INFO - Sync 1 DAGs
[2024-08-04T13:34:59.612+0000] {logging_mixin.py:188} INFO - [2024-08-04T13:34:59.611+0000] {dag.py:3947} INFO - Setting next_dagrun for example_time_delta_sensor_async to None, run_after=None
[2024-08-04T13:34:59.634+0000] {processor.py:183} INFO - Processing /home/airflow/.local/lib/python3.12/site-packages/airflow/example_dags/example_time_delta_sensor_async.py took 0.075 seconds
