[2024-08-04T12:59:05.535+0000] {processor.py:161} INFO - Started process (PID=75) to work on /home/airflow/.local/lib/python3.12/site-packages/airflow/example_dags/example_kubernetes_executor.py
[2024-08-04T12:59:05.537+0000] {processor.py:830} INFO - Processing file /home/airflow/.local/lib/python3.12/site-packages/airflow/example_dags/example_kubernetes_executor.py for tasks to queue
[2024-08-04T12:59:05.540+0000] {logging_mixin.py:188} INFO - [2024-08-04T12:59:05.540+0000] {dagbag.py:545} INFO - Filling up the DagBag from /home/airflow/.local/lib/python3.12/site-packages/airflow/example_dags/example_kubernetes_executor.py
[2024-08-04T12:59:05.556+0000] {processor.py:840} INFO - DAG(s) 'example_kubernetes_executor' retrieved from /home/airflow/.local/lib/python3.12/site-packages/airflow/example_dags/example_kubernetes_executor.py
[2024-08-04T12:59:05.602+0000] {logging_mixin.py:188} INFO - [2024-08-04T12:59:05.602+0000] {dag.py:3089} INFO - Sync 1 DAGs
[2024-08-04T12:59:05.617+0000] {logging_mixin.py:188} INFO - [2024-08-04T12:59:05.617+0000] {dag.py:3947} INFO - Setting next_dagrun for example_kubernetes_executor to None, run_after=None
[2024-08-04T12:59:05.643+0000] {processor.py:183} INFO - Processing /home/airflow/.local/lib/python3.12/site-packages/airflow/example_dags/example_kubernetes_executor.py took 0.115 seconds
[2024-08-04T12:59:36.123+0000] {processor.py:161} INFO - Started process (PID=139) to work on /home/airflow/.local/lib/python3.12/site-packages/airflow/example_dags/example_kubernetes_executor.py
[2024-08-04T12:59:36.125+0000] {processor.py:830} INFO - Processing file /home/airflow/.local/lib/python3.12/site-packages/airflow/example_dags/example_kubernetes_executor.py for tasks to queue
[2024-08-04T12:59:36.128+0000] {logging_mixin.py:188} INFO - [2024-08-04T12:59:36.128+0000] {dagbag.py:545} INFO - Filling up the DagBag from /home/airflow/.local/lib/python3.12/site-packages/airflow/example_dags/example_kubernetes_executor.py
[2024-08-04T12:59:36.142+0000] {processor.py:840} INFO - DAG(s) 'example_kubernetes_executor' retrieved from /home/airflow/.local/lib/python3.12/site-packages/airflow/example_dags/example_kubernetes_executor.py
[2024-08-04T12:59:36.186+0000] {logging_mixin.py:188} INFO - [2024-08-04T12:59:36.185+0000] {dag.py:3089} INFO - Sync 1 DAGs
[2024-08-04T12:59:36.199+0000] {logging_mixin.py:188} INFO - [2024-08-04T12:59:36.199+0000] {dag.py:3947} INFO - Setting next_dagrun for example_kubernetes_executor to None, run_after=None
[2024-08-04T12:59:36.220+0000] {processor.py:183} INFO - Processing /home/airflow/.local/lib/python3.12/site-packages/airflow/example_dags/example_kubernetes_executor.py took 0.104 seconds
[2024-08-04T13:00:08.459+0000] {processor.py:161} INFO - Started process (PID=203) to work on /home/airflow/.local/lib/python3.12/site-packages/airflow/example_dags/example_kubernetes_executor.py
[2024-08-04T13:00:08.461+0000] {processor.py:830} INFO - Processing file /home/airflow/.local/lib/python3.12/site-packages/airflow/example_dags/example_kubernetes_executor.py for tasks to queue
[2024-08-04T13:00:08.463+0000] {logging_mixin.py:188} INFO - [2024-08-04T13:00:08.463+0000] {dagbag.py:545} INFO - Filling up the DagBag from /home/airflow/.local/lib/python3.12/site-packages/airflow/example_dags/example_kubernetes_executor.py
[2024-08-04T13:00:08.476+0000] {processor.py:840} INFO - DAG(s) 'example_kubernetes_executor' retrieved from /home/airflow/.local/lib/python3.12/site-packages/airflow/example_dags/example_kubernetes_executor.py
[2024-08-04T13:00:08.518+0000] {logging_mixin.py:188} INFO - [2024-08-04T13:00:08.518+0000] {dag.py:3089} INFO - Sync 1 DAGs
[2024-08-04T13:00:08.532+0000] {logging_mixin.py:188} INFO - [2024-08-04T13:00:08.532+0000] {dag.py:3947} INFO - Setting next_dagrun for example_kubernetes_executor to None, run_after=None
[2024-08-04T13:00:08.552+0000] {processor.py:183} INFO - Processing /home/airflow/.local/lib/python3.12/site-packages/airflow/example_dags/example_kubernetes_executor.py took 0.099 seconds
[2024-08-04T13:00:39.808+0000] {processor.py:161} INFO - Started process (PID=267) to work on /home/airflow/.local/lib/python3.12/site-packages/airflow/example_dags/example_kubernetes_executor.py
[2024-08-04T13:00:39.809+0000] {processor.py:830} INFO - Processing file /home/airflow/.local/lib/python3.12/site-packages/airflow/example_dags/example_kubernetes_executor.py for tasks to queue
[2024-08-04T13:00:39.811+0000] {logging_mixin.py:188} INFO - [2024-08-04T13:00:39.811+0000] {dagbag.py:545} INFO - Filling up the DagBag from /home/airflow/.local/lib/python3.12/site-packages/airflow/example_dags/example_kubernetes_executor.py
[2024-08-04T13:00:39.828+0000] {processor.py:840} INFO - DAG(s) 'example_kubernetes_executor' retrieved from /home/airflow/.local/lib/python3.12/site-packages/airflow/example_dags/example_kubernetes_executor.py
[2024-08-04T13:00:39.868+0000] {logging_mixin.py:188} INFO - [2024-08-04T13:00:39.868+0000] {dag.py:3089} INFO - Sync 1 DAGs
[2024-08-04T13:00:39.882+0000] {logging_mixin.py:188} INFO - [2024-08-04T13:00:39.882+0000] {dag.py:3947} INFO - Setting next_dagrun for example_kubernetes_executor to None, run_after=None
[2024-08-04T13:00:39.902+0000] {processor.py:183} INFO - Processing /home/airflow/.local/lib/python3.12/site-packages/airflow/example_dags/example_kubernetes_executor.py took 0.101 seconds
[2024-08-04T13:01:10.804+0000] {processor.py:161} INFO - Started process (PID=332) to work on /home/airflow/.local/lib/python3.12/site-packages/airflow/example_dags/example_kubernetes_executor.py
[2024-08-04T13:01:10.805+0000] {processor.py:830} INFO - Processing file /home/airflow/.local/lib/python3.12/site-packages/airflow/example_dags/example_kubernetes_executor.py for tasks to queue
[2024-08-04T13:01:10.807+0000] {logging_mixin.py:188} INFO - [2024-08-04T13:01:10.807+0000] {dagbag.py:545} INFO - Filling up the DagBag from /home/airflow/.local/lib/python3.12/site-packages/airflow/example_dags/example_kubernetes_executor.py
[2024-08-04T13:01:10.823+0000] {processor.py:840} INFO - DAG(s) 'example_kubernetes_executor' retrieved from /home/airflow/.local/lib/python3.12/site-packages/airflow/example_dags/example_kubernetes_executor.py
[2024-08-04T13:01:10.865+0000] {logging_mixin.py:188} INFO - [2024-08-04T13:01:10.865+0000] {dag.py:3089} INFO - Sync 1 DAGs
[2024-08-04T13:01:10.904+0000] {logging_mixin.py:188} INFO - [2024-08-04T13:01:10.903+0000] {dag.py:3947} INFO - Setting next_dagrun for example_kubernetes_executor to None, run_after=None
[2024-08-04T13:01:10.929+0000] {processor.py:183} INFO - Processing /home/airflow/.local/lib/python3.12/site-packages/airflow/example_dags/example_kubernetes_executor.py took 0.133 seconds
[2024-08-04T13:01:41.531+0000] {processor.py:161} INFO - Started process (PID=396) to work on /home/airflow/.local/lib/python3.12/site-packages/airflow/example_dags/example_kubernetes_executor.py
[2024-08-04T13:01:41.533+0000] {processor.py:830} INFO - Processing file /home/airflow/.local/lib/python3.12/site-packages/airflow/example_dags/example_kubernetes_executor.py for tasks to queue
[2024-08-04T13:01:41.535+0000] {logging_mixin.py:188} INFO - [2024-08-04T13:01:41.535+0000] {dagbag.py:545} INFO - Filling up the DagBag from /home/airflow/.local/lib/python3.12/site-packages/airflow/example_dags/example_kubernetes_executor.py
[2024-08-04T13:01:41.552+0000] {processor.py:840} INFO - DAG(s) 'example_kubernetes_executor' retrieved from /home/airflow/.local/lib/python3.12/site-packages/airflow/example_dags/example_kubernetes_executor.py
[2024-08-04T13:01:41.590+0000] {logging_mixin.py:188} INFO - [2024-08-04T13:01:41.589+0000] {dag.py:3089} INFO - Sync 1 DAGs
[2024-08-04T13:01:41.602+0000] {logging_mixin.py:188} INFO - [2024-08-04T13:01:41.602+0000] {dag.py:3947} INFO - Setting next_dagrun for example_kubernetes_executor to None, run_after=None
[2024-08-04T13:01:41.622+0000] {processor.py:183} INFO - Processing /home/airflow/.local/lib/python3.12/site-packages/airflow/example_dags/example_kubernetes_executor.py took 0.100 seconds
[2024-08-04T13:02:12.543+0000] {processor.py:161} INFO - Started process (PID=460) to work on /home/airflow/.local/lib/python3.12/site-packages/airflow/example_dags/example_kubernetes_executor.py
[2024-08-04T13:02:12.545+0000] {processor.py:830} INFO - Processing file /home/airflow/.local/lib/python3.12/site-packages/airflow/example_dags/example_kubernetes_executor.py for tasks to queue
[2024-08-04T13:02:12.548+0000] {logging_mixin.py:188} INFO - [2024-08-04T13:02:12.547+0000] {dagbag.py:545} INFO - Filling up the DagBag from /home/airflow/.local/lib/python3.12/site-packages/airflow/example_dags/example_kubernetes_executor.py
[2024-08-04T13:02:12.564+0000] {processor.py:840} INFO - DAG(s) 'example_kubernetes_executor' retrieved from /home/airflow/.local/lib/python3.12/site-packages/airflow/example_dags/example_kubernetes_executor.py
[2024-08-04T13:02:12.618+0000] {logging_mixin.py:188} INFO - [2024-08-04T13:02:12.618+0000] {dag.py:3089} INFO - Sync 1 DAGs
[2024-08-04T13:02:12.634+0000] {logging_mixin.py:188} INFO - [2024-08-04T13:02:12.634+0000] {dag.py:3947} INFO - Setting next_dagrun for example_kubernetes_executor to None, run_after=None
[2024-08-04T13:02:12.661+0000] {processor.py:183} INFO - Processing /home/airflow/.local/lib/python3.12/site-packages/airflow/example_dags/example_kubernetes_executor.py took 0.125 seconds
[2024-08-04T13:02:43.666+0000] {processor.py:161} INFO - Started process (PID=525) to work on /home/airflow/.local/lib/python3.12/site-packages/airflow/example_dags/example_kubernetes_executor.py
[2024-08-04T13:02:43.667+0000] {processor.py:830} INFO - Processing file /home/airflow/.local/lib/python3.12/site-packages/airflow/example_dags/example_kubernetes_executor.py for tasks to queue
[2024-08-04T13:02:43.670+0000] {logging_mixin.py:188} INFO - [2024-08-04T13:02:43.669+0000] {dagbag.py:545} INFO - Filling up the DagBag from /home/airflow/.local/lib/python3.12/site-packages/airflow/example_dags/example_kubernetes_executor.py
[2024-08-04T13:02:43.689+0000] {processor.py:840} INFO - DAG(s) 'example_kubernetes_executor' retrieved from /home/airflow/.local/lib/python3.12/site-packages/airflow/example_dags/example_kubernetes_executor.py
[2024-08-04T13:02:43.745+0000] {logging_mixin.py:188} INFO - [2024-08-04T13:02:43.744+0000] {dag.py:3089} INFO - Sync 1 DAGs
[2024-08-04T13:02:43.768+0000] {logging_mixin.py:188} INFO - [2024-08-04T13:02:43.767+0000] {dag.py:3947} INFO - Setting next_dagrun for example_kubernetes_executor to None, run_after=None
[2024-08-04T13:02:43.803+0000] {processor.py:183} INFO - Processing /home/airflow/.local/lib/python3.12/site-packages/airflow/example_dags/example_kubernetes_executor.py took 0.146 seconds
[2024-08-04T13:05:00.426+0000] {processor.py:161} INFO - Started process (PID=76) to work on /home/airflow/.local/lib/python3.12/site-packages/airflow/example_dags/example_kubernetes_executor.py
[2024-08-04T13:05:00.428+0000] {processor.py:830} INFO - Processing file /home/airflow/.local/lib/python3.12/site-packages/airflow/example_dags/example_kubernetes_executor.py for tasks to queue
[2024-08-04T13:05:00.430+0000] {logging_mixin.py:188} INFO - [2024-08-04T13:05:00.430+0000] {dagbag.py:545} INFO - Filling up the DagBag from /home/airflow/.local/lib/python3.12/site-packages/airflow/example_dags/example_kubernetes_executor.py
[2024-08-04T13:05:00.446+0000] {processor.py:840} INFO - DAG(s) 'example_kubernetes_executor' retrieved from /home/airflow/.local/lib/python3.12/site-packages/airflow/example_dags/example_kubernetes_executor.py
[2024-08-04T13:05:00.575+0000] {logging_mixin.py:188} INFO - [2024-08-04T13:05:00.574+0000] {dag.py:3089} INFO - Sync 1 DAGs
[2024-08-04T13:05:00.588+0000] {logging_mixin.py:188} INFO - [2024-08-04T13:05:00.588+0000] {dag.py:3947} INFO - Setting next_dagrun for example_kubernetes_executor to None, run_after=None
[2024-08-04T13:05:00.609+0000] {processor.py:183} INFO - Processing /home/airflow/.local/lib/python3.12/site-packages/airflow/example_dags/example_kubernetes_executor.py took 0.189 seconds
[2024-08-04T13:05:30.675+0000] {processor.py:161} INFO - Started process (PID=141) to work on /home/airflow/.local/lib/python3.12/site-packages/airflow/example_dags/example_kubernetes_executor.py
[2024-08-04T13:05:30.677+0000] {processor.py:830} INFO - Processing file /home/airflow/.local/lib/python3.12/site-packages/airflow/example_dags/example_kubernetes_executor.py for tasks to queue
[2024-08-04T13:05:30.681+0000] {logging_mixin.py:188} INFO - [2024-08-04T13:05:30.680+0000] {dagbag.py:545} INFO - Filling up the DagBag from /home/airflow/.local/lib/python3.12/site-packages/airflow/example_dags/example_kubernetes_executor.py
[2024-08-04T13:05:30.701+0000] {processor.py:840} INFO - DAG(s) 'example_kubernetes_executor' retrieved from /home/airflow/.local/lib/python3.12/site-packages/airflow/example_dags/example_kubernetes_executor.py
[2024-08-04T13:05:30.765+0000] {logging_mixin.py:188} INFO - [2024-08-04T13:05:30.765+0000] {dag.py:3089} INFO - Sync 1 DAGs
[2024-08-04T13:05:30.783+0000] {logging_mixin.py:188} INFO - [2024-08-04T13:05:30.783+0000] {dag.py:3947} INFO - Setting next_dagrun for example_kubernetes_executor to None, run_after=None
[2024-08-04T13:05:30.815+0000] {processor.py:183} INFO - Processing /home/airflow/.local/lib/python3.12/site-packages/airflow/example_dags/example_kubernetes_executor.py took 0.150 seconds
[2024-08-04T13:06:02.085+0000] {processor.py:161} INFO - Started process (PID=205) to work on /home/airflow/.local/lib/python3.12/site-packages/airflow/example_dags/example_kubernetes_executor.py
[2024-08-04T13:06:02.087+0000] {processor.py:830} INFO - Processing file /home/airflow/.local/lib/python3.12/site-packages/airflow/example_dags/example_kubernetes_executor.py for tasks to queue
[2024-08-04T13:06:02.090+0000] {logging_mixin.py:188} INFO - [2024-08-04T13:06:02.090+0000] {dagbag.py:545} INFO - Filling up the DagBag from /home/airflow/.local/lib/python3.12/site-packages/airflow/example_dags/example_kubernetes_executor.py
[2024-08-04T13:06:02.109+0000] {processor.py:840} INFO - DAG(s) 'example_kubernetes_executor' retrieved from /home/airflow/.local/lib/python3.12/site-packages/airflow/example_dags/example_kubernetes_executor.py
[2024-08-04T13:06:02.152+0000] {logging_mixin.py:188} INFO - [2024-08-04T13:06:02.151+0000] {dag.py:3089} INFO - Sync 1 DAGs
[2024-08-04T13:06:02.166+0000] {logging_mixin.py:188} INFO - [2024-08-04T13:06:02.165+0000] {dag.py:3947} INFO - Setting next_dagrun for example_kubernetes_executor to None, run_after=None
[2024-08-04T13:06:02.191+0000] {processor.py:183} INFO - Processing /home/airflow/.local/lib/python3.12/site-packages/airflow/example_dags/example_kubernetes_executor.py took 0.115 seconds
[2024-08-04T13:06:32.849+0000] {processor.py:161} INFO - Started process (PID=273) to work on /home/airflow/.local/lib/python3.12/site-packages/airflow/example_dags/example_kubernetes_executor.py
[2024-08-04T13:06:32.850+0000] {processor.py:830} INFO - Processing file /home/airflow/.local/lib/python3.12/site-packages/airflow/example_dags/example_kubernetes_executor.py for tasks to queue
[2024-08-04T13:06:32.852+0000] {logging_mixin.py:188} INFO - [2024-08-04T13:06:32.852+0000] {dagbag.py:545} INFO - Filling up the DagBag from /home/airflow/.local/lib/python3.12/site-packages/airflow/example_dags/example_kubernetes_executor.py
[2024-08-04T13:06:32.865+0000] {processor.py:840} INFO - DAG(s) 'example_kubernetes_executor' retrieved from /home/airflow/.local/lib/python3.12/site-packages/airflow/example_dags/example_kubernetes_executor.py
[2024-08-04T13:06:32.920+0000] {logging_mixin.py:188} INFO - [2024-08-04T13:06:32.920+0000] {dag.py:3089} INFO - Sync 1 DAGs
[2024-08-04T13:06:32.936+0000] {logging_mixin.py:188} INFO - [2024-08-04T13:06:32.936+0000] {dag.py:3947} INFO - Setting next_dagrun for example_kubernetes_executor to None, run_after=None
[2024-08-04T13:06:32.969+0000] {processor.py:183} INFO - Processing /home/airflow/.local/lib/python3.12/site-packages/airflow/example_dags/example_kubernetes_executor.py took 0.126 seconds
[2024-08-04T13:07:03.623+0000] {processor.py:161} INFO - Started process (PID=337) to work on /home/airflow/.local/lib/python3.12/site-packages/airflow/example_dags/example_kubernetes_executor.py
[2024-08-04T13:07:03.625+0000] {processor.py:830} INFO - Processing file /home/airflow/.local/lib/python3.12/site-packages/airflow/example_dags/example_kubernetes_executor.py for tasks to queue
[2024-08-04T13:07:03.629+0000] {logging_mixin.py:188} INFO - [2024-08-04T13:07:03.628+0000] {dagbag.py:545} INFO - Filling up the DagBag from /home/airflow/.local/lib/python3.12/site-packages/airflow/example_dags/example_kubernetes_executor.py
[2024-08-04T13:07:03.649+0000] {processor.py:840} INFO - DAG(s) 'example_kubernetes_executor' retrieved from /home/airflow/.local/lib/python3.12/site-packages/airflow/example_dags/example_kubernetes_executor.py
[2024-08-04T13:07:03.710+0000] {logging_mixin.py:188} INFO - [2024-08-04T13:07:03.710+0000] {dag.py:3089} INFO - Sync 1 DAGs
[2024-08-04T13:07:03.725+0000] {logging_mixin.py:188} INFO - [2024-08-04T13:07:03.725+0000] {dag.py:3947} INFO - Setting next_dagrun for example_kubernetes_executor to None, run_after=None
[2024-08-04T13:07:03.751+0000] {processor.py:183} INFO - Processing /home/airflow/.local/lib/python3.12/site-packages/airflow/example_dags/example_kubernetes_executor.py took 0.138 seconds
[2024-08-04T13:07:35.374+0000] {processor.py:161} INFO - Started process (PID=401) to work on /home/airflow/.local/lib/python3.12/site-packages/airflow/example_dags/example_kubernetes_executor.py
[2024-08-04T13:07:35.375+0000] {processor.py:830} INFO - Processing file /home/airflow/.local/lib/python3.12/site-packages/airflow/example_dags/example_kubernetes_executor.py for tasks to queue
[2024-08-04T13:07:35.377+0000] {logging_mixin.py:188} INFO - [2024-08-04T13:07:35.377+0000] {dagbag.py:545} INFO - Filling up the DagBag from /home/airflow/.local/lib/python3.12/site-packages/airflow/example_dags/example_kubernetes_executor.py
[2024-08-04T13:07:35.392+0000] {processor.py:840} INFO - DAG(s) 'example_kubernetes_executor' retrieved from /home/airflow/.local/lib/python3.12/site-packages/airflow/example_dags/example_kubernetes_executor.py
[2024-08-04T13:07:35.434+0000] {logging_mixin.py:188} INFO - [2024-08-04T13:07:35.434+0000] {dag.py:3089} INFO - Sync 1 DAGs
[2024-08-04T13:07:35.449+0000] {logging_mixin.py:188} INFO - [2024-08-04T13:07:35.449+0000] {dag.py:3947} INFO - Setting next_dagrun for example_kubernetes_executor to None, run_after=None
[2024-08-04T13:07:35.473+0000] {processor.py:183} INFO - Processing /home/airflow/.local/lib/python3.12/site-packages/airflow/example_dags/example_kubernetes_executor.py took 0.106 seconds
[2024-08-04T13:08:05.540+0000] {processor.py:161} INFO - Started process (PID=465) to work on /home/airflow/.local/lib/python3.12/site-packages/airflow/example_dags/example_kubernetes_executor.py
[2024-08-04T13:08:05.543+0000] {processor.py:830} INFO - Processing file /home/airflow/.local/lib/python3.12/site-packages/airflow/example_dags/example_kubernetes_executor.py for tasks to queue
[2024-08-04T13:08:05.549+0000] {logging_mixin.py:188} INFO - [2024-08-04T13:08:05.548+0000] {dagbag.py:545} INFO - Filling up the DagBag from /home/airflow/.local/lib/python3.12/site-packages/airflow/example_dags/example_kubernetes_executor.py
[2024-08-04T13:08:05.567+0000] {processor.py:840} INFO - DAG(s) 'example_kubernetes_executor' retrieved from /home/airflow/.local/lib/python3.12/site-packages/airflow/example_dags/example_kubernetes_executor.py
[2024-08-04T13:08:05.617+0000] {logging_mixin.py:188} INFO - [2024-08-04T13:08:05.616+0000] {dag.py:3089} INFO - Sync 1 DAGs
[2024-08-04T13:08:05.630+0000] {logging_mixin.py:188} INFO - [2024-08-04T13:08:05.630+0000] {dag.py:3947} INFO - Setting next_dagrun for example_kubernetes_executor to None, run_after=None
[2024-08-04T13:08:05.654+0000] {processor.py:183} INFO - Processing /home/airflow/.local/lib/python3.12/site-packages/airflow/example_dags/example_kubernetes_executor.py took 0.121 seconds
[2024-08-04T13:08:36.917+0000] {processor.py:161} INFO - Started process (PID=535) to work on /home/airflow/.local/lib/python3.12/site-packages/airflow/example_dags/example_kubernetes_executor.py
[2024-08-04T13:08:36.919+0000] {processor.py:830} INFO - Processing file /home/airflow/.local/lib/python3.12/site-packages/airflow/example_dags/example_kubernetes_executor.py for tasks to queue
[2024-08-04T13:08:36.921+0000] {logging_mixin.py:188} INFO - [2024-08-04T13:08:36.920+0000] {dagbag.py:545} INFO - Filling up the DagBag from /home/airflow/.local/lib/python3.12/site-packages/airflow/example_dags/example_kubernetes_executor.py
[2024-08-04T13:08:36.933+0000] {processor.py:840} INFO - DAG(s) 'example_kubernetes_executor' retrieved from /home/airflow/.local/lib/python3.12/site-packages/airflow/example_dags/example_kubernetes_executor.py
[2024-08-04T13:08:36.976+0000] {logging_mixin.py:188} INFO - [2024-08-04T13:08:36.975+0000] {dag.py:3089} INFO - Sync 1 DAGs
[2024-08-04T13:08:36.992+0000] {logging_mixin.py:188} INFO - [2024-08-04T13:08:36.992+0000] {dag.py:3947} INFO - Setting next_dagrun for example_kubernetes_executor to None, run_after=None
[2024-08-04T13:08:37.026+0000] {processor.py:183} INFO - Processing /home/airflow/.local/lib/python3.12/site-packages/airflow/example_dags/example_kubernetes_executor.py took 0.115 seconds
[2024-08-04T13:09:08.969+0000] {processor.py:161} INFO - Started process (PID=600) to work on /home/airflow/.local/lib/python3.12/site-packages/airflow/example_dags/example_kubernetes_executor.py
[2024-08-04T13:09:08.971+0000] {processor.py:830} INFO - Processing file /home/airflow/.local/lib/python3.12/site-packages/airflow/example_dags/example_kubernetes_executor.py for tasks to queue
[2024-08-04T13:09:08.982+0000] {logging_mixin.py:188} INFO - [2024-08-04T13:09:08.981+0000] {dagbag.py:545} INFO - Filling up the DagBag from /home/airflow/.local/lib/python3.12/site-packages/airflow/example_dags/example_kubernetes_executor.py
[2024-08-04T13:09:08.998+0000] {processor.py:840} INFO - DAG(s) 'example_kubernetes_executor' retrieved from /home/airflow/.local/lib/python3.12/site-packages/airflow/example_dags/example_kubernetes_executor.py
[2024-08-04T13:09:09.042+0000] {logging_mixin.py:188} INFO - [2024-08-04T13:09:09.042+0000] {dag.py:3089} INFO - Sync 1 DAGs
[2024-08-04T13:09:09.061+0000] {logging_mixin.py:188} INFO - [2024-08-04T13:09:09.061+0000] {dag.py:3947} INFO - Setting next_dagrun for example_kubernetes_executor to None, run_after=None
[2024-08-04T13:09:09.085+0000] {processor.py:183} INFO - Processing /home/airflow/.local/lib/python3.12/site-packages/airflow/example_dags/example_kubernetes_executor.py took 0.125 seconds
[2024-08-04T13:09:39.952+0000] {processor.py:161} INFO - Started process (PID=662) to work on /home/airflow/.local/lib/python3.12/site-packages/airflow/example_dags/example_kubernetes_executor.py
[2024-08-04T13:09:39.954+0000] {processor.py:830} INFO - Processing file /home/airflow/.local/lib/python3.12/site-packages/airflow/example_dags/example_kubernetes_executor.py for tasks to queue
[2024-08-04T13:09:39.956+0000] {logging_mixin.py:188} INFO - [2024-08-04T13:09:39.955+0000] {dagbag.py:545} INFO - Filling up the DagBag from /home/airflow/.local/lib/python3.12/site-packages/airflow/example_dags/example_kubernetes_executor.py
[2024-08-04T13:09:39.973+0000] {processor.py:840} INFO - DAG(s) 'example_kubernetes_executor' retrieved from /home/airflow/.local/lib/python3.12/site-packages/airflow/example_dags/example_kubernetes_executor.py
[2024-08-04T13:09:40.017+0000] {logging_mixin.py:188} INFO - [2024-08-04T13:09:40.016+0000] {dag.py:3089} INFO - Sync 1 DAGs
[2024-08-04T13:09:40.045+0000] {logging_mixin.py:188} INFO - [2024-08-04T13:09:40.045+0000] {dag.py:3947} INFO - Setting next_dagrun for example_kubernetes_executor to None, run_after=None
[2024-08-04T13:09:40.074+0000] {processor.py:183} INFO - Processing /home/airflow/.local/lib/python3.12/site-packages/airflow/example_dags/example_kubernetes_executor.py took 0.128 seconds
[2024-08-04T13:10:10.798+0000] {processor.py:161} INFO - Started process (PID=726) to work on /home/airflow/.local/lib/python3.12/site-packages/airflow/example_dags/example_kubernetes_executor.py
[2024-08-04T13:10:10.805+0000] {processor.py:830} INFO - Processing file /home/airflow/.local/lib/python3.12/site-packages/airflow/example_dags/example_kubernetes_executor.py for tasks to queue
[2024-08-04T13:10:10.809+0000] {logging_mixin.py:188} INFO - [2024-08-04T13:10:10.809+0000] {dagbag.py:545} INFO - Filling up the DagBag from /home/airflow/.local/lib/python3.12/site-packages/airflow/example_dags/example_kubernetes_executor.py
[2024-08-04T13:10:10.825+0000] {processor.py:840} INFO - DAG(s) 'example_kubernetes_executor' retrieved from /home/airflow/.local/lib/python3.12/site-packages/airflow/example_dags/example_kubernetes_executor.py
[2024-08-04T13:10:10.873+0000] {logging_mixin.py:188} INFO - [2024-08-04T13:10:10.872+0000] {dag.py:3089} INFO - Sync 1 DAGs
[2024-08-04T13:10:10.887+0000] {logging_mixin.py:188} INFO - [2024-08-04T13:10:10.886+0000] {dag.py:3947} INFO - Setting next_dagrun for example_kubernetes_executor to None, run_after=None
[2024-08-04T13:10:10.914+0000] {processor.py:183} INFO - Processing /home/airflow/.local/lib/python3.12/site-packages/airflow/example_dags/example_kubernetes_executor.py took 0.123 seconds
[2024-08-04T13:10:41.051+0000] {processor.py:161} INFO - Started process (PID=790) to work on /home/airflow/.local/lib/python3.12/site-packages/airflow/example_dags/example_kubernetes_executor.py
[2024-08-04T13:10:41.053+0000] {processor.py:830} INFO - Processing file /home/airflow/.local/lib/python3.12/site-packages/airflow/example_dags/example_kubernetes_executor.py for tasks to queue
[2024-08-04T13:10:41.056+0000] {logging_mixin.py:188} INFO - [2024-08-04T13:10:41.055+0000] {dagbag.py:545} INFO - Filling up the DagBag from /home/airflow/.local/lib/python3.12/site-packages/airflow/example_dags/example_kubernetes_executor.py
[2024-08-04T13:10:41.076+0000] {processor.py:840} INFO - DAG(s) 'example_kubernetes_executor' retrieved from /home/airflow/.local/lib/python3.12/site-packages/airflow/example_dags/example_kubernetes_executor.py
[2024-08-04T13:10:41.134+0000] {logging_mixin.py:188} INFO - [2024-08-04T13:10:41.134+0000] {dag.py:3089} INFO - Sync 1 DAGs
[2024-08-04T13:10:41.151+0000] {logging_mixin.py:188} INFO - [2024-08-04T13:10:41.151+0000] {dag.py:3947} INFO - Setting next_dagrun for example_kubernetes_executor to None, run_after=None
[2024-08-04T13:10:41.180+0000] {processor.py:183} INFO - Processing /home/airflow/.local/lib/python3.12/site-packages/airflow/example_dags/example_kubernetes_executor.py took 0.139 seconds
[2024-08-04T13:11:12.792+0000] {processor.py:161} INFO - Started process (PID=854) to work on /home/airflow/.local/lib/python3.12/site-packages/airflow/example_dags/example_kubernetes_executor.py
[2024-08-04T13:11:12.793+0000] {processor.py:830} INFO - Processing file /home/airflow/.local/lib/python3.12/site-packages/airflow/example_dags/example_kubernetes_executor.py for tasks to queue
[2024-08-04T13:11:12.795+0000] {logging_mixin.py:188} INFO - [2024-08-04T13:11:12.795+0000] {dagbag.py:545} INFO - Filling up the DagBag from /home/airflow/.local/lib/python3.12/site-packages/airflow/example_dags/example_kubernetes_executor.py
[2024-08-04T13:11:12.807+0000] {processor.py:840} INFO - DAG(s) 'example_kubernetes_executor' retrieved from /home/airflow/.local/lib/python3.12/site-packages/airflow/example_dags/example_kubernetes_executor.py
[2024-08-04T13:11:12.847+0000] {logging_mixin.py:188} INFO - [2024-08-04T13:11:12.846+0000] {dag.py:3089} INFO - Sync 1 DAGs
[2024-08-04T13:11:12.862+0000] {logging_mixin.py:188} INFO - [2024-08-04T13:11:12.862+0000] {dag.py:3947} INFO - Setting next_dagrun for example_kubernetes_executor to None, run_after=None
[2024-08-04T13:11:12.881+0000] {processor.py:183} INFO - Processing /home/airflow/.local/lib/python3.12/site-packages/airflow/example_dags/example_kubernetes_executor.py took 0.096 seconds
[2024-08-04T13:11:43.543+0000] {processor.py:161} INFO - Started process (PID=918) to work on /home/airflow/.local/lib/python3.12/site-packages/airflow/example_dags/example_kubernetes_executor.py
[2024-08-04T13:11:43.544+0000] {processor.py:830} INFO - Processing file /home/airflow/.local/lib/python3.12/site-packages/airflow/example_dags/example_kubernetes_executor.py for tasks to queue
[2024-08-04T13:11:43.546+0000] {logging_mixin.py:188} INFO - [2024-08-04T13:11:43.546+0000] {dagbag.py:545} INFO - Filling up the DagBag from /home/airflow/.local/lib/python3.12/site-packages/airflow/example_dags/example_kubernetes_executor.py
[2024-08-04T13:11:43.561+0000] {processor.py:840} INFO - DAG(s) 'example_kubernetes_executor' retrieved from /home/airflow/.local/lib/python3.12/site-packages/airflow/example_dags/example_kubernetes_executor.py
[2024-08-04T13:11:43.605+0000] {logging_mixin.py:188} INFO - [2024-08-04T13:11:43.605+0000] {dag.py:3089} INFO - Sync 1 DAGs
[2024-08-04T13:11:43.623+0000] {logging_mixin.py:188} INFO - [2024-08-04T13:11:43.623+0000] {dag.py:3947} INFO - Setting next_dagrun for example_kubernetes_executor to None, run_after=None
[2024-08-04T13:11:43.645+0000] {processor.py:183} INFO - Processing /home/airflow/.local/lib/python3.12/site-packages/airflow/example_dags/example_kubernetes_executor.py took 0.109 seconds
[2024-08-04T13:12:15.396+0000] {processor.py:161} INFO - Started process (PID=982) to work on /home/airflow/.local/lib/python3.12/site-packages/airflow/example_dags/example_kubernetes_executor.py
[2024-08-04T13:12:15.398+0000] {processor.py:830} INFO - Processing file /home/airflow/.local/lib/python3.12/site-packages/airflow/example_dags/example_kubernetes_executor.py for tasks to queue
[2024-08-04T13:12:15.401+0000] {logging_mixin.py:188} INFO - [2024-08-04T13:12:15.401+0000] {dagbag.py:545} INFO - Filling up the DagBag from /home/airflow/.local/lib/python3.12/site-packages/airflow/example_dags/example_kubernetes_executor.py
[2024-08-04T13:12:15.425+0000] {processor.py:840} INFO - DAG(s) 'example_kubernetes_executor' retrieved from /home/airflow/.local/lib/python3.12/site-packages/airflow/example_dags/example_kubernetes_executor.py
[2024-08-04T13:12:15.465+0000] {logging_mixin.py:188} INFO - [2024-08-04T13:12:15.465+0000] {dag.py:3089} INFO - Sync 1 DAGs
[2024-08-04T13:12:15.480+0000] {logging_mixin.py:188} INFO - [2024-08-04T13:12:15.480+0000] {dag.py:3947} INFO - Setting next_dagrun for example_kubernetes_executor to None, run_after=None
[2024-08-04T13:12:15.503+0000] {processor.py:183} INFO - Processing /home/airflow/.local/lib/python3.12/site-packages/airflow/example_dags/example_kubernetes_executor.py took 0.115 seconds
[2024-08-04T13:12:46.874+0000] {processor.py:161} INFO - Started process (PID=1046) to work on /home/airflow/.local/lib/python3.12/site-packages/airflow/example_dags/example_kubernetes_executor.py
[2024-08-04T13:12:46.875+0000] {processor.py:830} INFO - Processing file /home/airflow/.local/lib/python3.12/site-packages/airflow/example_dags/example_kubernetes_executor.py for tasks to queue
[2024-08-04T13:12:46.878+0000] {logging_mixin.py:188} INFO - [2024-08-04T13:12:46.878+0000] {dagbag.py:545} INFO - Filling up the DagBag from /home/airflow/.local/lib/python3.12/site-packages/airflow/example_dags/example_kubernetes_executor.py
[2024-08-04T13:12:46.893+0000] {processor.py:840} INFO - DAG(s) 'example_kubernetes_executor' retrieved from /home/airflow/.local/lib/python3.12/site-packages/airflow/example_dags/example_kubernetes_executor.py
[2024-08-04T13:12:46.944+0000] {logging_mixin.py:188} INFO - [2024-08-04T13:12:46.943+0000] {dag.py:3089} INFO - Sync 1 DAGs
[2024-08-04T13:12:46.957+0000] {logging_mixin.py:188} INFO - [2024-08-04T13:12:46.957+0000] {dag.py:3947} INFO - Setting next_dagrun for example_kubernetes_executor to None, run_after=None
[2024-08-04T13:12:46.979+0000] {processor.py:183} INFO - Processing /home/airflow/.local/lib/python3.12/site-packages/airflow/example_dags/example_kubernetes_executor.py took 0.112 seconds
[2024-08-04T13:13:17.584+0000] {processor.py:161} INFO - Started process (PID=1110) to work on /home/airflow/.local/lib/python3.12/site-packages/airflow/example_dags/example_kubernetes_executor.py
[2024-08-04T13:13:17.585+0000] {processor.py:830} INFO - Processing file /home/airflow/.local/lib/python3.12/site-packages/airflow/example_dags/example_kubernetes_executor.py for tasks to queue
[2024-08-04T13:13:17.588+0000] {logging_mixin.py:188} INFO - [2024-08-04T13:13:17.588+0000] {dagbag.py:545} INFO - Filling up the DagBag from /home/airflow/.local/lib/python3.12/site-packages/airflow/example_dags/example_kubernetes_executor.py
[2024-08-04T13:13:17.601+0000] {processor.py:840} INFO - DAG(s) 'example_kubernetes_executor' retrieved from /home/airflow/.local/lib/python3.12/site-packages/airflow/example_dags/example_kubernetes_executor.py
[2024-08-04T13:13:17.643+0000] {logging_mixin.py:188} INFO - [2024-08-04T13:13:17.643+0000] {dag.py:3089} INFO - Sync 1 DAGs
[2024-08-04T13:13:17.663+0000] {logging_mixin.py:188} INFO - [2024-08-04T13:13:17.663+0000] {dag.py:3947} INFO - Setting next_dagrun for example_kubernetes_executor to None, run_after=None
[2024-08-04T13:13:17.685+0000] {processor.py:183} INFO - Processing /home/airflow/.local/lib/python3.12/site-packages/airflow/example_dags/example_kubernetes_executor.py took 0.108 seconds
[2024-08-04T13:13:49.272+0000] {processor.py:161} INFO - Started process (PID=1174) to work on /home/airflow/.local/lib/python3.12/site-packages/airflow/example_dags/example_kubernetes_executor.py
[2024-08-04T13:13:49.274+0000] {processor.py:830} INFO - Processing file /home/airflow/.local/lib/python3.12/site-packages/airflow/example_dags/example_kubernetes_executor.py for tasks to queue
[2024-08-04T13:13:49.277+0000] {logging_mixin.py:188} INFO - [2024-08-04T13:13:49.276+0000] {dagbag.py:545} INFO - Filling up the DagBag from /home/airflow/.local/lib/python3.12/site-packages/airflow/example_dags/example_kubernetes_executor.py
[2024-08-04T13:13:49.291+0000] {processor.py:840} INFO - DAG(s) 'example_kubernetes_executor' retrieved from /home/airflow/.local/lib/python3.12/site-packages/airflow/example_dags/example_kubernetes_executor.py
[2024-08-04T13:13:49.332+0000] {logging_mixin.py:188} INFO - [2024-08-04T13:13:49.331+0000] {dag.py:3089} INFO - Sync 1 DAGs
[2024-08-04T13:13:49.345+0000] {logging_mixin.py:188} INFO - [2024-08-04T13:13:49.344+0000] {dag.py:3947} INFO - Setting next_dagrun for example_kubernetes_executor to None, run_after=None
[2024-08-04T13:13:49.365+0000] {processor.py:183} INFO - Processing /home/airflow/.local/lib/python3.12/site-packages/airflow/example_dags/example_kubernetes_executor.py took 0.100 seconds
[2024-08-04T13:14:21.569+0000] {processor.py:161} INFO - Started process (PID=1238) to work on /home/airflow/.local/lib/python3.12/site-packages/airflow/example_dags/example_kubernetes_executor.py
[2024-08-04T13:14:21.571+0000] {processor.py:830} INFO - Processing file /home/airflow/.local/lib/python3.12/site-packages/airflow/example_dags/example_kubernetes_executor.py for tasks to queue
[2024-08-04T13:14:21.574+0000] {logging_mixin.py:188} INFO - [2024-08-04T13:14:21.573+0000] {dagbag.py:545} INFO - Filling up the DagBag from /home/airflow/.local/lib/python3.12/site-packages/airflow/example_dags/example_kubernetes_executor.py
[2024-08-04T13:14:21.598+0000] {processor.py:840} INFO - DAG(s) 'example_kubernetes_executor' retrieved from /home/airflow/.local/lib/python3.12/site-packages/airflow/example_dags/example_kubernetes_executor.py
[2024-08-04T13:14:21.667+0000] {logging_mixin.py:188} INFO - [2024-08-04T13:14:21.666+0000] {dag.py:3089} INFO - Sync 1 DAGs
[2024-08-04T13:14:21.680+0000] {logging_mixin.py:188} INFO - [2024-08-04T13:14:21.680+0000] {dag.py:3947} INFO - Setting next_dagrun for example_kubernetes_executor to None, run_after=None
[2024-08-04T13:14:21.704+0000] {processor.py:183} INFO - Processing /home/airflow/.local/lib/python3.12/site-packages/airflow/example_dags/example_kubernetes_executor.py took 0.143 seconds
[2024-08-04T13:14:52.525+0000] {processor.py:161} INFO - Started process (PID=1301) to work on /home/airflow/.local/lib/python3.12/site-packages/airflow/example_dags/example_kubernetes_executor.py
[2024-08-04T13:14:52.527+0000] {processor.py:830} INFO - Processing file /home/airflow/.local/lib/python3.12/site-packages/airflow/example_dags/example_kubernetes_executor.py for tasks to queue
[2024-08-04T13:14:52.529+0000] {logging_mixin.py:188} INFO - [2024-08-04T13:14:52.529+0000] {dagbag.py:545} INFO - Filling up the DagBag from /home/airflow/.local/lib/python3.12/site-packages/airflow/example_dags/example_kubernetes_executor.py
[2024-08-04T13:14:52.543+0000] {processor.py:840} INFO - DAG(s) 'example_kubernetes_executor' retrieved from /home/airflow/.local/lib/python3.12/site-packages/airflow/example_dags/example_kubernetes_executor.py
[2024-08-04T13:14:52.591+0000] {logging_mixin.py:188} INFO - [2024-08-04T13:14:52.591+0000] {dag.py:3089} INFO - Sync 1 DAGs
[2024-08-04T13:14:52.606+0000] {logging_mixin.py:188} INFO - [2024-08-04T13:14:52.606+0000] {dag.py:3947} INFO - Setting next_dagrun for example_kubernetes_executor to None, run_after=None
[2024-08-04T13:14:52.633+0000] {processor.py:183} INFO - Processing /home/airflow/.local/lib/python3.12/site-packages/airflow/example_dags/example_kubernetes_executor.py took 0.114 seconds
[2024-08-04T13:15:23.777+0000] {processor.py:161} INFO - Started process (PID=1365) to work on /home/airflow/.local/lib/python3.12/site-packages/airflow/example_dags/example_kubernetes_executor.py
[2024-08-04T13:15:23.778+0000] {processor.py:830} INFO - Processing file /home/airflow/.local/lib/python3.12/site-packages/airflow/example_dags/example_kubernetes_executor.py for tasks to queue
[2024-08-04T13:15:23.780+0000] {logging_mixin.py:188} INFO - [2024-08-04T13:15:23.780+0000] {dagbag.py:545} INFO - Filling up the DagBag from /home/airflow/.local/lib/python3.12/site-packages/airflow/example_dags/example_kubernetes_executor.py
[2024-08-04T13:15:23.793+0000] {processor.py:840} INFO - DAG(s) 'example_kubernetes_executor' retrieved from /home/airflow/.local/lib/python3.12/site-packages/airflow/example_dags/example_kubernetes_executor.py
[2024-08-04T13:15:23.835+0000] {logging_mixin.py:188} INFO - [2024-08-04T13:15:23.834+0000] {dag.py:3089} INFO - Sync 1 DAGs
[2024-08-04T13:15:23.848+0000] {logging_mixin.py:188} INFO - [2024-08-04T13:15:23.848+0000] {dag.py:3947} INFO - Setting next_dagrun for example_kubernetes_executor to None, run_after=None
[2024-08-04T13:15:23.874+0000] {processor.py:183} INFO - Processing /home/airflow/.local/lib/python3.12/site-packages/airflow/example_dags/example_kubernetes_executor.py took 0.104 seconds
[2024-08-04T13:15:54.281+0000] {processor.py:161} INFO - Started process (PID=1429) to work on /home/airflow/.local/lib/python3.12/site-packages/airflow/example_dags/example_kubernetes_executor.py
[2024-08-04T13:15:54.282+0000] {processor.py:830} INFO - Processing file /home/airflow/.local/lib/python3.12/site-packages/airflow/example_dags/example_kubernetes_executor.py for tasks to queue
[2024-08-04T13:15:54.284+0000] {logging_mixin.py:188} INFO - [2024-08-04T13:15:54.284+0000] {dagbag.py:545} INFO - Filling up the DagBag from /home/airflow/.local/lib/python3.12/site-packages/airflow/example_dags/example_kubernetes_executor.py
[2024-08-04T13:15:54.299+0000] {processor.py:840} INFO - DAG(s) 'example_kubernetes_executor' retrieved from /home/airflow/.local/lib/python3.12/site-packages/airflow/example_dags/example_kubernetes_executor.py
[2024-08-04T13:15:54.370+0000] {logging_mixin.py:188} INFO - [2024-08-04T13:15:54.369+0000] {dag.py:3089} INFO - Sync 1 DAGs
[2024-08-04T13:15:54.384+0000] {logging_mixin.py:188} INFO - [2024-08-04T13:15:54.384+0000] {dag.py:3947} INFO - Setting next_dagrun for example_kubernetes_executor to None, run_after=None
[2024-08-04T13:15:54.405+0000] {processor.py:183} INFO - Processing /home/airflow/.local/lib/python3.12/site-packages/airflow/example_dags/example_kubernetes_executor.py took 0.130 seconds
[2024-08-04T13:16:24.936+0000] {processor.py:161} INFO - Started process (PID=1493) to work on /home/airflow/.local/lib/python3.12/site-packages/airflow/example_dags/example_kubernetes_executor.py
[2024-08-04T13:16:24.938+0000] {processor.py:830} INFO - Processing file /home/airflow/.local/lib/python3.12/site-packages/airflow/example_dags/example_kubernetes_executor.py for tasks to queue
[2024-08-04T13:16:24.941+0000] {logging_mixin.py:188} INFO - [2024-08-04T13:16:24.941+0000] {dagbag.py:545} INFO - Filling up the DagBag from /home/airflow/.local/lib/python3.12/site-packages/airflow/example_dags/example_kubernetes_executor.py
[2024-08-04T13:16:24.957+0000] {processor.py:840} INFO - DAG(s) 'example_kubernetes_executor' retrieved from /home/airflow/.local/lib/python3.12/site-packages/airflow/example_dags/example_kubernetes_executor.py
[2024-08-04T13:16:25.005+0000] {logging_mixin.py:188} INFO - [2024-08-04T13:16:25.005+0000] {dag.py:3089} INFO - Sync 1 DAGs
[2024-08-04T13:16:25.020+0000] {logging_mixin.py:188} INFO - [2024-08-04T13:16:25.020+0000] {dag.py:3947} INFO - Setting next_dagrun for example_kubernetes_executor to None, run_after=None
[2024-08-04T13:16:25.051+0000] {processor.py:183} INFO - Processing /home/airflow/.local/lib/python3.12/site-packages/airflow/example_dags/example_kubernetes_executor.py took 0.124 seconds
[2024-08-04T13:16:56.130+0000] {processor.py:161} INFO - Started process (PID=1557) to work on /home/airflow/.local/lib/python3.12/site-packages/airflow/example_dags/example_kubernetes_executor.py
[2024-08-04T13:16:56.131+0000] {processor.py:830} INFO - Processing file /home/airflow/.local/lib/python3.12/site-packages/airflow/example_dags/example_kubernetes_executor.py for tasks to queue
[2024-08-04T13:16:56.133+0000] {logging_mixin.py:188} INFO - [2024-08-04T13:16:56.133+0000] {dagbag.py:545} INFO - Filling up the DagBag from /home/airflow/.local/lib/python3.12/site-packages/airflow/example_dags/example_kubernetes_executor.py
[2024-08-04T13:16:56.146+0000] {processor.py:840} INFO - DAG(s) 'example_kubernetes_executor' retrieved from /home/airflow/.local/lib/python3.12/site-packages/airflow/example_dags/example_kubernetes_executor.py
[2024-08-04T13:16:56.190+0000] {logging_mixin.py:188} INFO - [2024-08-04T13:16:56.190+0000] {dag.py:3089} INFO - Sync 1 DAGs
[2024-08-04T13:16:56.215+0000] {logging_mixin.py:188} INFO - [2024-08-04T13:16:56.214+0000] {dag.py:3947} INFO - Setting next_dagrun for example_kubernetes_executor to None, run_after=None
[2024-08-04T13:16:56.239+0000] {processor.py:183} INFO - Processing /home/airflow/.local/lib/python3.12/site-packages/airflow/example_dags/example_kubernetes_executor.py took 0.119 seconds
[2024-08-04T13:17:26.695+0000] {processor.py:161} INFO - Started process (PID=1622) to work on /home/airflow/.local/lib/python3.12/site-packages/airflow/example_dags/example_kubernetes_executor.py
[2024-08-04T13:17:26.698+0000] {processor.py:830} INFO - Processing file /home/airflow/.local/lib/python3.12/site-packages/airflow/example_dags/example_kubernetes_executor.py for tasks to queue
[2024-08-04T13:17:26.701+0000] {logging_mixin.py:188} INFO - [2024-08-04T13:17:26.700+0000] {dagbag.py:545} INFO - Filling up the DagBag from /home/airflow/.local/lib/python3.12/site-packages/airflow/example_dags/example_kubernetes_executor.py
[2024-08-04T13:17:26.717+0000] {processor.py:840} INFO - DAG(s) 'example_kubernetes_executor' retrieved from /home/airflow/.local/lib/python3.12/site-packages/airflow/example_dags/example_kubernetes_executor.py
[2024-08-04T13:17:26.761+0000] {logging_mixin.py:188} INFO - [2024-08-04T13:17:26.761+0000] {dag.py:3089} INFO - Sync 1 DAGs
[2024-08-04T13:17:26.780+0000] {logging_mixin.py:188} INFO - [2024-08-04T13:17:26.780+0000] {dag.py:3947} INFO - Setting next_dagrun for example_kubernetes_executor to None, run_after=None
[2024-08-04T13:17:26.806+0000] {processor.py:183} INFO - Processing /home/airflow/.local/lib/python3.12/site-packages/airflow/example_dags/example_kubernetes_executor.py took 0.118 seconds
[2024-08-04T13:17:57.106+0000] {processor.py:161} INFO - Started process (PID=1685) to work on /home/airflow/.local/lib/python3.12/site-packages/airflow/example_dags/example_kubernetes_executor.py
[2024-08-04T13:17:57.108+0000] {processor.py:830} INFO - Processing file /home/airflow/.local/lib/python3.12/site-packages/airflow/example_dags/example_kubernetes_executor.py for tasks to queue
[2024-08-04T13:17:57.110+0000] {logging_mixin.py:188} INFO - [2024-08-04T13:17:57.110+0000] {dagbag.py:545} INFO - Filling up the DagBag from /home/airflow/.local/lib/python3.12/site-packages/airflow/example_dags/example_kubernetes_executor.py
[2024-08-04T13:17:57.130+0000] {processor.py:840} INFO - DAG(s) 'example_kubernetes_executor' retrieved from /home/airflow/.local/lib/python3.12/site-packages/airflow/example_dags/example_kubernetes_executor.py
[2024-08-04T13:17:57.179+0000] {logging_mixin.py:188} INFO - [2024-08-04T13:17:57.179+0000] {dag.py:3089} INFO - Sync 1 DAGs
[2024-08-04T13:17:57.193+0000] {logging_mixin.py:188} INFO - [2024-08-04T13:17:57.192+0000] {dag.py:3947} INFO - Setting next_dagrun for example_kubernetes_executor to None, run_after=None
[2024-08-04T13:17:57.223+0000] {processor.py:183} INFO - Processing /home/airflow/.local/lib/python3.12/site-packages/airflow/example_dags/example_kubernetes_executor.py took 0.124 seconds
[2024-08-04T13:18:28.521+0000] {processor.py:161} INFO - Started process (PID=1749) to work on /home/airflow/.local/lib/python3.12/site-packages/airflow/example_dags/example_kubernetes_executor.py
[2024-08-04T13:18:28.523+0000] {processor.py:830} INFO - Processing file /home/airflow/.local/lib/python3.12/site-packages/airflow/example_dags/example_kubernetes_executor.py for tasks to queue
[2024-08-04T13:18:28.525+0000] {logging_mixin.py:188} INFO - [2024-08-04T13:18:28.524+0000] {dagbag.py:545} INFO - Filling up the DagBag from /home/airflow/.local/lib/python3.12/site-packages/airflow/example_dags/example_kubernetes_executor.py
[2024-08-04T13:18:28.536+0000] {processor.py:840} INFO - DAG(s) 'example_kubernetes_executor' retrieved from /home/airflow/.local/lib/python3.12/site-packages/airflow/example_dags/example_kubernetes_executor.py
[2024-08-04T13:18:28.578+0000] {logging_mixin.py:188} INFO - [2024-08-04T13:18:28.577+0000] {dag.py:3089} INFO - Sync 1 DAGs
[2024-08-04T13:18:28.593+0000] {logging_mixin.py:188} INFO - [2024-08-04T13:18:28.592+0000] {dag.py:3947} INFO - Setting next_dagrun for example_kubernetes_executor to None, run_after=None
[2024-08-04T13:18:28.616+0000] {processor.py:183} INFO - Processing /home/airflow/.local/lib/python3.12/site-packages/airflow/example_dags/example_kubernetes_executor.py took 0.101 seconds
[2024-08-04T13:19:01.572+0000] {processor.py:161} INFO - Started process (PID=1814) to work on /home/airflow/.local/lib/python3.12/site-packages/airflow/example_dags/example_kubernetes_executor.py
[2024-08-04T13:19:01.574+0000] {processor.py:830} INFO - Processing file /home/airflow/.local/lib/python3.12/site-packages/airflow/example_dags/example_kubernetes_executor.py for tasks to queue
[2024-08-04T13:19:01.576+0000] {logging_mixin.py:188} INFO - [2024-08-04T13:19:01.576+0000] {dagbag.py:545} INFO - Filling up the DagBag from /home/airflow/.local/lib/python3.12/site-packages/airflow/example_dags/example_kubernetes_executor.py
[2024-08-04T13:19:01.590+0000] {processor.py:840} INFO - DAG(s) 'example_kubernetes_executor' retrieved from /home/airflow/.local/lib/python3.12/site-packages/airflow/example_dags/example_kubernetes_executor.py
[2024-08-04T13:19:01.771+0000] {logging_mixin.py:188} INFO - [2024-08-04T13:19:01.771+0000] {dag.py:3089} INFO - Sync 1 DAGs
[2024-08-04T13:19:01.788+0000] {logging_mixin.py:188} INFO - [2024-08-04T13:19:01.788+0000] {dag.py:3947} INFO - Setting next_dagrun for example_kubernetes_executor to None, run_after=None
[2024-08-04T13:19:01.819+0000] {processor.py:183} INFO - Processing /home/airflow/.local/lib/python3.12/site-packages/airflow/example_dags/example_kubernetes_executor.py took 0.254 seconds
[2024-08-04T13:19:32.265+0000] {processor.py:161} INFO - Started process (PID=1878) to work on /home/airflow/.local/lib/python3.12/site-packages/airflow/example_dags/example_kubernetes_executor.py
[2024-08-04T13:19:32.266+0000] {processor.py:830} INFO - Processing file /home/airflow/.local/lib/python3.12/site-packages/airflow/example_dags/example_kubernetes_executor.py for tasks to queue
[2024-08-04T13:19:32.269+0000] {logging_mixin.py:188} INFO - [2024-08-04T13:19:32.269+0000] {dagbag.py:545} INFO - Filling up the DagBag from /home/airflow/.local/lib/python3.12/site-packages/airflow/example_dags/example_kubernetes_executor.py
[2024-08-04T13:19:32.283+0000] {processor.py:840} INFO - DAG(s) 'example_kubernetes_executor' retrieved from /home/airflow/.local/lib/python3.12/site-packages/airflow/example_dags/example_kubernetes_executor.py
[2024-08-04T13:19:32.335+0000] {logging_mixin.py:188} INFO - [2024-08-04T13:19:32.335+0000] {dag.py:3089} INFO - Sync 1 DAGs
[2024-08-04T13:19:32.349+0000] {logging_mixin.py:188} INFO - [2024-08-04T13:19:32.349+0000] {dag.py:3947} INFO - Setting next_dagrun for example_kubernetes_executor to None, run_after=None
[2024-08-04T13:19:32.518+0000] {processor.py:183} INFO - Processing /home/airflow/.local/lib/python3.12/site-packages/airflow/example_dags/example_kubernetes_executor.py took 0.260 seconds
[2024-08-04T13:20:03.461+0000] {processor.py:161} INFO - Started process (PID=1941) to work on /home/airflow/.local/lib/python3.12/site-packages/airflow/example_dags/example_kubernetes_executor.py
[2024-08-04T13:20:03.462+0000] {processor.py:830} INFO - Processing file /home/airflow/.local/lib/python3.12/site-packages/airflow/example_dags/example_kubernetes_executor.py for tasks to queue
[2024-08-04T13:20:03.466+0000] {logging_mixin.py:188} INFO - [2024-08-04T13:20:03.465+0000] {dagbag.py:545} INFO - Filling up the DagBag from /home/airflow/.local/lib/python3.12/site-packages/airflow/example_dags/example_kubernetes_executor.py
[2024-08-04T13:20:03.479+0000] {processor.py:840} INFO - DAG(s) 'example_kubernetes_executor' retrieved from /home/airflow/.local/lib/python3.12/site-packages/airflow/example_dags/example_kubernetes_executor.py
[2024-08-04T13:20:03.537+0000] {logging_mixin.py:188} INFO - [2024-08-04T13:20:03.536+0000] {dag.py:3089} INFO - Sync 1 DAGs
[2024-08-04T13:20:03.559+0000] {logging_mixin.py:188} INFO - [2024-08-04T13:20:03.558+0000] {dag.py:3947} INFO - Setting next_dagrun for example_kubernetes_executor to None, run_after=None
[2024-08-04T13:20:03.600+0000] {processor.py:183} INFO - Processing /home/airflow/.local/lib/python3.12/site-packages/airflow/example_dags/example_kubernetes_executor.py took 0.146 seconds
[2024-08-04T13:20:33.947+0000] {processor.py:161} INFO - Started process (PID=2004) to work on /home/airflow/.local/lib/python3.12/site-packages/airflow/example_dags/example_kubernetes_executor.py
[2024-08-04T13:20:33.948+0000] {processor.py:830} INFO - Processing file /home/airflow/.local/lib/python3.12/site-packages/airflow/example_dags/example_kubernetes_executor.py for tasks to queue
[2024-08-04T13:20:33.951+0000] {logging_mixin.py:188} INFO - [2024-08-04T13:20:33.950+0000] {dagbag.py:545} INFO - Filling up the DagBag from /home/airflow/.local/lib/python3.12/site-packages/airflow/example_dags/example_kubernetes_executor.py
[2024-08-04T13:20:33.963+0000] {processor.py:840} INFO - DAG(s) 'example_kubernetes_executor' retrieved from /home/airflow/.local/lib/python3.12/site-packages/airflow/example_dags/example_kubernetes_executor.py
[2024-08-04T13:20:34.006+0000] {logging_mixin.py:188} INFO - [2024-08-04T13:20:34.006+0000] {dag.py:3089} INFO - Sync 1 DAGs
[2024-08-04T13:20:34.020+0000] {logging_mixin.py:188} INFO - [2024-08-04T13:20:34.020+0000] {dag.py:3947} INFO - Setting next_dagrun for example_kubernetes_executor to None, run_after=None
[2024-08-04T13:20:34.050+0000] {processor.py:183} INFO - Processing /home/airflow/.local/lib/python3.12/site-packages/airflow/example_dags/example_kubernetes_executor.py took 0.109 seconds
[2024-08-04T13:21:06.291+0000] {processor.py:161} INFO - Started process (PID=2068) to work on /home/airflow/.local/lib/python3.12/site-packages/airflow/example_dags/example_kubernetes_executor.py
[2024-08-04T13:21:06.292+0000] {processor.py:830} INFO - Processing file /home/airflow/.local/lib/python3.12/site-packages/airflow/example_dags/example_kubernetes_executor.py for tasks to queue
[2024-08-04T13:21:06.294+0000] {logging_mixin.py:188} INFO - [2024-08-04T13:21:06.294+0000] {dagbag.py:545} INFO - Filling up the DagBag from /home/airflow/.local/lib/python3.12/site-packages/airflow/example_dags/example_kubernetes_executor.py
[2024-08-04T13:21:06.488+0000] {processor.py:840} INFO - DAG(s) 'example_kubernetes_executor' retrieved from /home/airflow/.local/lib/python3.12/site-packages/airflow/example_dags/example_kubernetes_executor.py
[2024-08-04T13:21:06.533+0000] {logging_mixin.py:188} INFO - [2024-08-04T13:21:06.533+0000] {dag.py:3089} INFO - Sync 1 DAGs
[2024-08-04T13:21:06.554+0000] {logging_mixin.py:188} INFO - [2024-08-04T13:21:06.554+0000] {dag.py:3947} INFO - Setting next_dagrun for example_kubernetes_executor to None, run_after=None
[2024-08-04T13:21:06.575+0000] {processor.py:183} INFO - Processing /home/airflow/.local/lib/python3.12/site-packages/airflow/example_dags/example_kubernetes_executor.py took 0.290 seconds
[2024-08-04T13:21:37.679+0000] {processor.py:161} INFO - Started process (PID=2140) to work on /home/airflow/.local/lib/python3.12/site-packages/airflow/example_dags/example_kubernetes_executor.py
[2024-08-04T13:21:37.680+0000] {processor.py:830} INFO - Processing file /home/airflow/.local/lib/python3.12/site-packages/airflow/example_dags/example_kubernetes_executor.py for tasks to queue
[2024-08-04T13:21:37.683+0000] {logging_mixin.py:188} INFO - [2024-08-04T13:21:37.683+0000] {dagbag.py:545} INFO - Filling up the DagBag from /home/airflow/.local/lib/python3.12/site-packages/airflow/example_dags/example_kubernetes_executor.py
[2024-08-04T13:21:37.701+0000] {processor.py:840} INFO - DAG(s) 'example_kubernetes_executor' retrieved from /home/airflow/.local/lib/python3.12/site-packages/airflow/example_dags/example_kubernetes_executor.py
[2024-08-04T13:21:37.755+0000] {logging_mixin.py:188} INFO - [2024-08-04T13:21:37.755+0000] {dag.py:3089} INFO - Sync 1 DAGs
[2024-08-04T13:21:37.774+0000] {logging_mixin.py:188} INFO - [2024-08-04T13:21:37.774+0000] {dag.py:3947} INFO - Setting next_dagrun for example_kubernetes_executor to None, run_after=None
[2024-08-04T13:21:37.803+0000] {processor.py:183} INFO - Processing /home/airflow/.local/lib/python3.12/site-packages/airflow/example_dags/example_kubernetes_executor.py took 0.132 seconds
[2024-08-04T13:22:08.027+0000] {processor.py:161} INFO - Started process (PID=2202) to work on /home/airflow/.local/lib/python3.12/site-packages/airflow/example_dags/example_kubernetes_executor.py
[2024-08-04T13:22:08.029+0000] {processor.py:830} INFO - Processing file /home/airflow/.local/lib/python3.12/site-packages/airflow/example_dags/example_kubernetes_executor.py for tasks to queue
[2024-08-04T13:22:08.034+0000] {logging_mixin.py:188} INFO - [2024-08-04T13:22:08.033+0000] {dagbag.py:545} INFO - Filling up the DagBag from /home/airflow/.local/lib/python3.12/site-packages/airflow/example_dags/example_kubernetes_executor.py
[2024-08-04T13:22:08.058+0000] {processor.py:840} INFO - DAG(s) 'example_kubernetes_executor' retrieved from /home/airflow/.local/lib/python3.12/site-packages/airflow/example_dags/example_kubernetes_executor.py
[2024-08-04T13:22:08.114+0000] {logging_mixin.py:188} INFO - [2024-08-04T13:22:08.114+0000] {dag.py:3089} INFO - Sync 1 DAGs
[2024-08-04T13:22:08.131+0000] {logging_mixin.py:188} INFO - [2024-08-04T13:22:08.130+0000] {dag.py:3947} INFO - Setting next_dagrun for example_kubernetes_executor to None, run_after=None
[2024-08-04T13:22:08.156+0000] {processor.py:183} INFO - Processing /home/airflow/.local/lib/python3.12/site-packages/airflow/example_dags/example_kubernetes_executor.py took 0.138 seconds
[2024-08-04T13:22:38.743+0000] {processor.py:161} INFO - Started process (PID=2266) to work on /home/airflow/.local/lib/python3.12/site-packages/airflow/example_dags/example_kubernetes_executor.py
[2024-08-04T13:22:38.744+0000] {processor.py:830} INFO - Processing file /home/airflow/.local/lib/python3.12/site-packages/airflow/example_dags/example_kubernetes_executor.py for tasks to queue
[2024-08-04T13:22:38.748+0000] {logging_mixin.py:188} INFO - [2024-08-04T13:22:38.747+0000] {dagbag.py:545} INFO - Filling up the DagBag from /home/airflow/.local/lib/python3.12/site-packages/airflow/example_dags/example_kubernetes_executor.py
[2024-08-04T13:22:38.770+0000] {processor.py:840} INFO - DAG(s) 'example_kubernetes_executor' retrieved from /home/airflow/.local/lib/python3.12/site-packages/airflow/example_dags/example_kubernetes_executor.py
[2024-08-04T13:22:38.830+0000] {logging_mixin.py:188} INFO - [2024-08-04T13:22:38.830+0000] {dag.py:3089} INFO - Sync 1 DAGs
[2024-08-04T13:22:38.845+0000] {logging_mixin.py:188} INFO - [2024-08-04T13:22:38.845+0000] {dag.py:3947} INFO - Setting next_dagrun for example_kubernetes_executor to None, run_after=None
[2024-08-04T13:22:38.872+0000] {processor.py:183} INFO - Processing /home/airflow/.local/lib/python3.12/site-packages/airflow/example_dags/example_kubernetes_executor.py took 0.140 seconds
[2024-08-04T13:23:09.509+0000] {processor.py:161} INFO - Started process (PID=2330) to work on /home/airflow/.local/lib/python3.12/site-packages/airflow/example_dags/example_kubernetes_executor.py
[2024-08-04T13:23:09.510+0000] {processor.py:830} INFO - Processing file /home/airflow/.local/lib/python3.12/site-packages/airflow/example_dags/example_kubernetes_executor.py for tasks to queue
[2024-08-04T13:23:09.514+0000] {logging_mixin.py:188} INFO - [2024-08-04T13:23:09.513+0000] {dagbag.py:545} INFO - Filling up the DagBag from /home/airflow/.local/lib/python3.12/site-packages/airflow/example_dags/example_kubernetes_executor.py
[2024-08-04T13:23:09.534+0000] {processor.py:840} INFO - DAG(s) 'example_kubernetes_executor' retrieved from /home/airflow/.local/lib/python3.12/site-packages/airflow/example_dags/example_kubernetes_executor.py
[2024-08-04T13:23:09.589+0000] {logging_mixin.py:188} INFO - [2024-08-04T13:23:09.589+0000] {dag.py:3089} INFO - Sync 1 DAGs
[2024-08-04T13:23:09.609+0000] {logging_mixin.py:188} INFO - [2024-08-04T13:23:09.608+0000] {dag.py:3947} INFO - Setting next_dagrun for example_kubernetes_executor to None, run_after=None
[2024-08-04T13:23:09.641+0000] {processor.py:183} INFO - Processing /home/airflow/.local/lib/python3.12/site-packages/airflow/example_dags/example_kubernetes_executor.py took 0.143 seconds
[2024-08-04T13:23:39.952+0000] {processor.py:161} INFO - Started process (PID=2395) to work on /home/airflow/.local/lib/python3.12/site-packages/airflow/example_dags/example_kubernetes_executor.py
[2024-08-04T13:23:39.954+0000] {processor.py:830} INFO - Processing file /home/airflow/.local/lib/python3.12/site-packages/airflow/example_dags/example_kubernetes_executor.py for tasks to queue
[2024-08-04T13:23:39.957+0000] {logging_mixin.py:188} INFO - [2024-08-04T13:23:39.957+0000] {dagbag.py:545} INFO - Filling up the DagBag from /home/airflow/.local/lib/python3.12/site-packages/airflow/example_dags/example_kubernetes_executor.py
[2024-08-04T13:23:39.977+0000] {processor.py:840} INFO - DAG(s) 'example_kubernetes_executor' retrieved from /home/airflow/.local/lib/python3.12/site-packages/airflow/example_dags/example_kubernetes_executor.py
[2024-08-04T13:23:40.037+0000] {logging_mixin.py:188} INFO - [2024-08-04T13:23:40.037+0000] {dag.py:3089} INFO - Sync 1 DAGs
[2024-08-04T13:23:40.050+0000] {logging_mixin.py:188} INFO - [2024-08-04T13:23:40.050+0000] {dag.py:3947} INFO - Setting next_dagrun for example_kubernetes_executor to None, run_after=None
[2024-08-04T13:23:40.079+0000] {processor.py:183} INFO - Processing /home/airflow/.local/lib/python3.12/site-packages/airflow/example_dags/example_kubernetes_executor.py took 0.136 seconds
[2024-08-04T13:24:10.590+0000] {processor.py:161} INFO - Started process (PID=2459) to work on /home/airflow/.local/lib/python3.12/site-packages/airflow/example_dags/example_kubernetes_executor.py
[2024-08-04T13:24:10.591+0000] {processor.py:830} INFO - Processing file /home/airflow/.local/lib/python3.12/site-packages/airflow/example_dags/example_kubernetes_executor.py for tasks to queue
[2024-08-04T13:24:10.593+0000] {logging_mixin.py:188} INFO - [2024-08-04T13:24:10.593+0000] {dagbag.py:545} INFO - Filling up the DagBag from /home/airflow/.local/lib/python3.12/site-packages/airflow/example_dags/example_kubernetes_executor.py
[2024-08-04T13:24:10.607+0000] {processor.py:840} INFO - DAG(s) 'example_kubernetes_executor' retrieved from /home/airflow/.local/lib/python3.12/site-packages/airflow/example_dags/example_kubernetes_executor.py
[2024-08-04T13:24:10.678+0000] {logging_mixin.py:188} INFO - [2024-08-04T13:24:10.678+0000] {dag.py:3089} INFO - Sync 1 DAGs
[2024-08-04T13:24:10.694+0000] {logging_mixin.py:188} INFO - [2024-08-04T13:24:10.694+0000] {dag.py:3947} INFO - Setting next_dagrun for example_kubernetes_executor to None, run_after=None
[2024-08-04T13:24:10.724+0000] {processor.py:183} INFO - Processing /home/airflow/.local/lib/python3.12/site-packages/airflow/example_dags/example_kubernetes_executor.py took 0.142 seconds
[2024-08-04T13:24:41.278+0000] {processor.py:161} INFO - Started process (PID=2523) to work on /home/airflow/.local/lib/python3.12/site-packages/airflow/example_dags/example_kubernetes_executor.py
[2024-08-04T13:24:41.279+0000] {processor.py:830} INFO - Processing file /home/airflow/.local/lib/python3.12/site-packages/airflow/example_dags/example_kubernetes_executor.py for tasks to queue
[2024-08-04T13:24:41.282+0000] {logging_mixin.py:188} INFO - [2024-08-04T13:24:41.281+0000] {dagbag.py:545} INFO - Filling up the DagBag from /home/airflow/.local/lib/python3.12/site-packages/airflow/example_dags/example_kubernetes_executor.py
[2024-08-04T13:24:41.295+0000] {processor.py:840} INFO - DAG(s) 'example_kubernetes_executor' retrieved from /home/airflow/.local/lib/python3.12/site-packages/airflow/example_dags/example_kubernetes_executor.py
[2024-08-04T13:24:41.345+0000] {logging_mixin.py:188} INFO - [2024-08-04T13:24:41.345+0000] {dag.py:3089} INFO - Sync 1 DAGs
[2024-08-04T13:24:41.360+0000] {logging_mixin.py:188} INFO - [2024-08-04T13:24:41.360+0000] {dag.py:3947} INFO - Setting next_dagrun for example_kubernetes_executor to None, run_after=None
[2024-08-04T13:24:41.383+0000] {processor.py:183} INFO - Processing /home/airflow/.local/lib/python3.12/site-packages/airflow/example_dags/example_kubernetes_executor.py took 0.112 seconds
[2024-08-04T13:25:12.351+0000] {processor.py:161} INFO - Started process (PID=2587) to work on /home/airflow/.local/lib/python3.12/site-packages/airflow/example_dags/example_kubernetes_executor.py
[2024-08-04T13:25:12.360+0000] {processor.py:830} INFO - Processing file /home/airflow/.local/lib/python3.12/site-packages/airflow/example_dags/example_kubernetes_executor.py for tasks to queue
[2024-08-04T13:25:12.364+0000] {logging_mixin.py:188} INFO - [2024-08-04T13:25:12.363+0000] {dagbag.py:545} INFO - Filling up the DagBag from /home/airflow/.local/lib/python3.12/site-packages/airflow/example_dags/example_kubernetes_executor.py
[2024-08-04T13:25:12.391+0000] {processor.py:840} INFO - DAG(s) 'example_kubernetes_executor' retrieved from /home/airflow/.local/lib/python3.12/site-packages/airflow/example_dags/example_kubernetes_executor.py
[2024-08-04T13:25:12.441+0000] {logging_mixin.py:188} INFO - [2024-08-04T13:25:12.440+0000] {dag.py:3089} INFO - Sync 1 DAGs
[2024-08-04T13:25:12.455+0000] {logging_mixin.py:188} INFO - [2024-08-04T13:25:12.455+0000] {dag.py:3947} INFO - Setting next_dagrun for example_kubernetes_executor to None, run_after=None
[2024-08-04T13:25:12.483+0000] {processor.py:183} INFO - Processing /home/airflow/.local/lib/python3.12/site-packages/airflow/example_dags/example_kubernetes_executor.py took 0.139 seconds
[2024-08-04T13:25:43.035+0000] {processor.py:161} INFO - Started process (PID=2651) to work on /home/airflow/.local/lib/python3.12/site-packages/airflow/example_dags/example_kubernetes_executor.py
[2024-08-04T13:25:43.037+0000] {processor.py:830} INFO - Processing file /home/airflow/.local/lib/python3.12/site-packages/airflow/example_dags/example_kubernetes_executor.py for tasks to queue
[2024-08-04T13:25:43.040+0000] {logging_mixin.py:188} INFO - [2024-08-04T13:25:43.039+0000] {dagbag.py:545} INFO - Filling up the DagBag from /home/airflow/.local/lib/python3.12/site-packages/airflow/example_dags/example_kubernetes_executor.py
[2024-08-04T13:25:43.054+0000] {processor.py:840} INFO - DAG(s) 'example_kubernetes_executor' retrieved from /home/airflow/.local/lib/python3.12/site-packages/airflow/example_dags/example_kubernetes_executor.py
[2024-08-04T13:25:43.097+0000] {logging_mixin.py:188} INFO - [2024-08-04T13:25:43.096+0000] {dag.py:3089} INFO - Sync 1 DAGs
[2024-08-04T13:25:43.114+0000] {logging_mixin.py:188} INFO - [2024-08-04T13:25:43.113+0000] {dag.py:3947} INFO - Setting next_dagrun for example_kubernetes_executor to None, run_after=None
[2024-08-04T13:25:43.137+0000] {processor.py:183} INFO - Processing /home/airflow/.local/lib/python3.12/site-packages/airflow/example_dags/example_kubernetes_executor.py took 0.108 seconds
[2024-08-04T13:26:14.561+0000] {processor.py:161} INFO - Started process (PID=2715) to work on /home/airflow/.local/lib/python3.12/site-packages/airflow/example_dags/example_kubernetes_executor.py
[2024-08-04T13:26:14.563+0000] {processor.py:830} INFO - Processing file /home/airflow/.local/lib/python3.12/site-packages/airflow/example_dags/example_kubernetes_executor.py for tasks to queue
[2024-08-04T13:26:14.565+0000] {logging_mixin.py:188} INFO - [2024-08-04T13:26:14.565+0000] {dagbag.py:545} INFO - Filling up the DagBag from /home/airflow/.local/lib/python3.12/site-packages/airflow/example_dags/example_kubernetes_executor.py
[2024-08-04T13:26:14.582+0000] {processor.py:840} INFO - DAG(s) 'example_kubernetes_executor' retrieved from /home/airflow/.local/lib/python3.12/site-packages/airflow/example_dags/example_kubernetes_executor.py
[2024-08-04T13:26:14.626+0000] {logging_mixin.py:188} INFO - [2024-08-04T13:26:14.626+0000] {dag.py:3089} INFO - Sync 1 DAGs
[2024-08-04T13:26:14.641+0000] {logging_mixin.py:188} INFO - [2024-08-04T13:26:14.640+0000] {dag.py:3947} INFO - Setting next_dagrun for example_kubernetes_executor to None, run_after=None
[2024-08-04T13:26:14.689+0000] {processor.py:183} INFO - Processing /home/airflow/.local/lib/python3.12/site-packages/airflow/example_dags/example_kubernetes_executor.py took 0.134 seconds
[2024-08-04T13:26:45.250+0000] {processor.py:161} INFO - Started process (PID=2779) to work on /home/airflow/.local/lib/python3.12/site-packages/airflow/example_dags/example_kubernetes_executor.py
[2024-08-04T13:26:45.251+0000] {processor.py:830} INFO - Processing file /home/airflow/.local/lib/python3.12/site-packages/airflow/example_dags/example_kubernetes_executor.py for tasks to queue
[2024-08-04T13:26:45.253+0000] {logging_mixin.py:188} INFO - [2024-08-04T13:26:45.253+0000] {dagbag.py:545} INFO - Filling up the DagBag from /home/airflow/.local/lib/python3.12/site-packages/airflow/example_dags/example_kubernetes_executor.py
[2024-08-04T13:26:45.267+0000] {processor.py:840} INFO - DAG(s) 'example_kubernetes_executor' retrieved from /home/airflow/.local/lib/python3.12/site-packages/airflow/example_dags/example_kubernetes_executor.py
[2024-08-04T13:26:45.310+0000] {logging_mixin.py:188} INFO - [2024-08-04T13:26:45.310+0000] {dag.py:3089} INFO - Sync 1 DAGs
[2024-08-04T13:26:45.324+0000] {logging_mixin.py:188} INFO - [2024-08-04T13:26:45.323+0000] {dag.py:3947} INFO - Setting next_dagrun for example_kubernetes_executor to None, run_after=None
[2024-08-04T13:26:45.345+0000] {processor.py:183} INFO - Processing /home/airflow/.local/lib/python3.12/site-packages/airflow/example_dags/example_kubernetes_executor.py took 0.101 seconds
[2024-08-04T13:27:16.197+0000] {processor.py:161} INFO - Started process (PID=2843) to work on /home/airflow/.local/lib/python3.12/site-packages/airflow/example_dags/example_kubernetes_executor.py
[2024-08-04T13:27:16.198+0000] {processor.py:830} INFO - Processing file /home/airflow/.local/lib/python3.12/site-packages/airflow/example_dags/example_kubernetes_executor.py for tasks to queue
[2024-08-04T13:27:16.200+0000] {logging_mixin.py:188} INFO - [2024-08-04T13:27:16.200+0000] {dagbag.py:545} INFO - Filling up the DagBag from /home/airflow/.local/lib/python3.12/site-packages/airflow/example_dags/example_kubernetes_executor.py
[2024-08-04T13:27:16.215+0000] {processor.py:840} INFO - DAG(s) 'example_kubernetes_executor' retrieved from /home/airflow/.local/lib/python3.12/site-packages/airflow/example_dags/example_kubernetes_executor.py
[2024-08-04T13:27:16.259+0000] {logging_mixin.py:188} INFO - [2024-08-04T13:27:16.259+0000] {dag.py:3089} INFO - Sync 1 DAGs
[2024-08-04T13:27:16.274+0000] {logging_mixin.py:188} INFO - [2024-08-04T13:27:16.274+0000] {dag.py:3947} INFO - Setting next_dagrun for example_kubernetes_executor to None, run_after=None
[2024-08-04T13:27:16.301+0000] {processor.py:183} INFO - Processing /home/airflow/.local/lib/python3.12/site-packages/airflow/example_dags/example_kubernetes_executor.py took 0.112 seconds
[2024-08-04T13:27:47.094+0000] {processor.py:161} INFO - Started process (PID=2907) to work on /home/airflow/.local/lib/python3.12/site-packages/airflow/example_dags/example_kubernetes_executor.py
[2024-08-04T13:27:47.096+0000] {processor.py:830} INFO - Processing file /home/airflow/.local/lib/python3.12/site-packages/airflow/example_dags/example_kubernetes_executor.py for tasks to queue
[2024-08-04T13:27:47.098+0000] {logging_mixin.py:188} INFO - [2024-08-04T13:27:47.098+0000] {dagbag.py:545} INFO - Filling up the DagBag from /home/airflow/.local/lib/python3.12/site-packages/airflow/example_dags/example_kubernetes_executor.py
[2024-08-04T13:27:47.121+0000] {processor.py:840} INFO - DAG(s) 'example_kubernetes_executor' retrieved from /home/airflow/.local/lib/python3.12/site-packages/airflow/example_dags/example_kubernetes_executor.py
[2024-08-04T13:27:47.179+0000] {logging_mixin.py:188} INFO - [2024-08-04T13:27:47.178+0000] {dag.py:3089} INFO - Sync 1 DAGs
[2024-08-04T13:27:47.194+0000] {logging_mixin.py:188} INFO - [2024-08-04T13:27:47.194+0000] {dag.py:3947} INFO - Setting next_dagrun for example_kubernetes_executor to None, run_after=None
[2024-08-04T13:27:47.219+0000] {processor.py:183} INFO - Processing /home/airflow/.local/lib/python3.12/site-packages/airflow/example_dags/example_kubernetes_executor.py took 0.132 seconds
[2024-08-04T13:28:17.770+0000] {processor.py:161} INFO - Started process (PID=2971) to work on /home/airflow/.local/lib/python3.12/site-packages/airflow/example_dags/example_kubernetes_executor.py
[2024-08-04T13:28:17.771+0000] {processor.py:830} INFO - Processing file /home/airflow/.local/lib/python3.12/site-packages/airflow/example_dags/example_kubernetes_executor.py for tasks to queue
[2024-08-04T13:28:17.773+0000] {logging_mixin.py:188} INFO - [2024-08-04T13:28:17.773+0000] {dagbag.py:545} INFO - Filling up the DagBag from /home/airflow/.local/lib/python3.12/site-packages/airflow/example_dags/example_kubernetes_executor.py
[2024-08-04T13:28:17.786+0000] {processor.py:840} INFO - DAG(s) 'example_kubernetes_executor' retrieved from /home/airflow/.local/lib/python3.12/site-packages/airflow/example_dags/example_kubernetes_executor.py
[2024-08-04T13:28:17.837+0000] {logging_mixin.py:188} INFO - [2024-08-04T13:28:17.836+0000] {dag.py:3089} INFO - Sync 1 DAGs
[2024-08-04T13:28:17.851+0000] {logging_mixin.py:188} INFO - [2024-08-04T13:28:17.850+0000] {dag.py:3947} INFO - Setting next_dagrun for example_kubernetes_executor to None, run_after=None
[2024-08-04T13:28:17.877+0000] {processor.py:183} INFO - Processing /home/airflow/.local/lib/python3.12/site-packages/airflow/example_dags/example_kubernetes_executor.py took 0.114 seconds
[2024-08-04T13:28:49.467+0000] {processor.py:161} INFO - Started process (PID=3036) to work on /home/airflow/.local/lib/python3.12/site-packages/airflow/example_dags/example_kubernetes_executor.py
[2024-08-04T13:28:49.470+0000] {processor.py:830} INFO - Processing file /home/airflow/.local/lib/python3.12/site-packages/airflow/example_dags/example_kubernetes_executor.py for tasks to queue
[2024-08-04T13:28:49.472+0000] {logging_mixin.py:188} INFO - [2024-08-04T13:28:49.472+0000] {dagbag.py:545} INFO - Filling up the DagBag from /home/airflow/.local/lib/python3.12/site-packages/airflow/example_dags/example_kubernetes_executor.py
[2024-08-04T13:28:49.491+0000] {processor.py:840} INFO - DAG(s) 'example_kubernetes_executor' retrieved from /home/airflow/.local/lib/python3.12/site-packages/airflow/example_dags/example_kubernetes_executor.py
[2024-08-04T13:28:49.543+0000] {logging_mixin.py:188} INFO - [2024-08-04T13:28:49.543+0000] {dag.py:3089} INFO - Sync 1 DAGs
[2024-08-04T13:28:49.557+0000] {logging_mixin.py:188} INFO - [2024-08-04T13:28:49.557+0000] {dag.py:3947} INFO - Setting next_dagrun for example_kubernetes_executor to None, run_after=None
[2024-08-04T13:28:49.579+0000] {processor.py:183} INFO - Processing /home/airflow/.local/lib/python3.12/site-packages/airflow/example_dags/example_kubernetes_executor.py took 0.119 seconds
[2024-08-04T13:29:20.311+0000] {processor.py:161} INFO - Started process (PID=3100) to work on /home/airflow/.local/lib/python3.12/site-packages/airflow/example_dags/example_kubernetes_executor.py
[2024-08-04T13:29:20.312+0000] {processor.py:830} INFO - Processing file /home/airflow/.local/lib/python3.12/site-packages/airflow/example_dags/example_kubernetes_executor.py for tasks to queue
[2024-08-04T13:29:20.315+0000] {logging_mixin.py:188} INFO - [2024-08-04T13:29:20.314+0000] {dagbag.py:545} INFO - Filling up the DagBag from /home/airflow/.local/lib/python3.12/site-packages/airflow/example_dags/example_kubernetes_executor.py
[2024-08-04T13:29:20.348+0000] {processor.py:840} INFO - DAG(s) 'example_kubernetes_executor' retrieved from /home/airflow/.local/lib/python3.12/site-packages/airflow/example_dags/example_kubernetes_executor.py
[2024-08-04T13:29:20.401+0000] {logging_mixin.py:188} INFO - [2024-08-04T13:29:20.401+0000] {dag.py:3089} INFO - Sync 1 DAGs
[2024-08-04T13:29:20.415+0000] {logging_mixin.py:188} INFO - [2024-08-04T13:29:20.415+0000] {dag.py:3947} INFO - Setting next_dagrun for example_kubernetes_executor to None, run_after=None
[2024-08-04T13:29:20.444+0000] {processor.py:183} INFO - Processing /home/airflow/.local/lib/python3.12/site-packages/airflow/example_dags/example_kubernetes_executor.py took 0.140 seconds
[2024-08-04T13:29:51.256+0000] {processor.py:161} INFO - Started process (PID=3164) to work on /home/airflow/.local/lib/python3.12/site-packages/airflow/example_dags/example_kubernetes_executor.py
[2024-08-04T13:29:51.257+0000] {processor.py:830} INFO - Processing file /home/airflow/.local/lib/python3.12/site-packages/airflow/example_dags/example_kubernetes_executor.py for tasks to queue
[2024-08-04T13:29:51.259+0000] {logging_mixin.py:188} INFO - [2024-08-04T13:29:51.259+0000] {dagbag.py:545} INFO - Filling up the DagBag from /home/airflow/.local/lib/python3.12/site-packages/airflow/example_dags/example_kubernetes_executor.py
[2024-08-04T13:29:51.276+0000] {processor.py:840} INFO - DAG(s) 'example_kubernetes_executor' retrieved from /home/airflow/.local/lib/python3.12/site-packages/airflow/example_dags/example_kubernetes_executor.py
[2024-08-04T13:29:51.316+0000] {logging_mixin.py:188} INFO - [2024-08-04T13:29:51.316+0000] {dag.py:3089} INFO - Sync 1 DAGs
[2024-08-04T13:29:51.332+0000] {logging_mixin.py:188} INFO - [2024-08-04T13:29:51.332+0000] {dag.py:3947} INFO - Setting next_dagrun for example_kubernetes_executor to None, run_after=None
[2024-08-04T13:29:51.355+0000] {processor.py:183} INFO - Processing /home/airflow/.local/lib/python3.12/site-packages/airflow/example_dags/example_kubernetes_executor.py took 0.106 seconds
[2024-08-04T13:30:22.933+0000] {processor.py:161} INFO - Started process (PID=3228) to work on /home/airflow/.local/lib/python3.12/site-packages/airflow/example_dags/example_kubernetes_executor.py
[2024-08-04T13:30:22.934+0000] {processor.py:830} INFO - Processing file /home/airflow/.local/lib/python3.12/site-packages/airflow/example_dags/example_kubernetes_executor.py for tasks to queue
[2024-08-04T13:30:22.936+0000] {logging_mixin.py:188} INFO - [2024-08-04T13:30:22.936+0000] {dagbag.py:545} INFO - Filling up the DagBag from /home/airflow/.local/lib/python3.12/site-packages/airflow/example_dags/example_kubernetes_executor.py
[2024-08-04T13:30:22.950+0000] {processor.py:840} INFO - DAG(s) 'example_kubernetes_executor' retrieved from /home/airflow/.local/lib/python3.12/site-packages/airflow/example_dags/example_kubernetes_executor.py
[2024-08-04T13:30:22.994+0000] {logging_mixin.py:188} INFO - [2024-08-04T13:30:22.993+0000] {dag.py:3089} INFO - Sync 1 DAGs
[2024-08-04T13:30:23.011+0000] {logging_mixin.py:188} INFO - [2024-08-04T13:30:23.010+0000] {dag.py:3947} INFO - Setting next_dagrun for example_kubernetes_executor to None, run_after=None
[2024-08-04T13:30:23.037+0000] {processor.py:183} INFO - Processing /home/airflow/.local/lib/python3.12/site-packages/airflow/example_dags/example_kubernetes_executor.py took 0.111 seconds
[2024-08-04T13:30:53.813+0000] {processor.py:161} INFO - Started process (PID=3292) to work on /home/airflow/.local/lib/python3.12/site-packages/airflow/example_dags/example_kubernetes_executor.py
[2024-08-04T13:30:53.814+0000] {processor.py:830} INFO - Processing file /home/airflow/.local/lib/python3.12/site-packages/airflow/example_dags/example_kubernetes_executor.py for tasks to queue
[2024-08-04T13:30:53.816+0000] {logging_mixin.py:188} INFO - [2024-08-04T13:30:53.816+0000] {dagbag.py:545} INFO - Filling up the DagBag from /home/airflow/.local/lib/python3.12/site-packages/airflow/example_dags/example_kubernetes_executor.py
[2024-08-04T13:30:53.829+0000] {processor.py:840} INFO - DAG(s) 'example_kubernetes_executor' retrieved from /home/airflow/.local/lib/python3.12/site-packages/airflow/example_dags/example_kubernetes_executor.py
[2024-08-04T13:30:53.881+0000] {logging_mixin.py:188} INFO - [2024-08-04T13:30:53.880+0000] {dag.py:3089} INFO - Sync 1 DAGs
[2024-08-04T13:30:53.897+0000] {logging_mixin.py:188} INFO - [2024-08-04T13:30:53.897+0000] {dag.py:3947} INFO - Setting next_dagrun for example_kubernetes_executor to None, run_after=None
[2024-08-04T13:30:53.921+0000] {processor.py:183} INFO - Processing /home/airflow/.local/lib/python3.12/site-packages/airflow/example_dags/example_kubernetes_executor.py took 0.116 seconds
[2024-08-04T13:31:24.438+0000] {processor.py:161} INFO - Started process (PID=3356) to work on /home/airflow/.local/lib/python3.12/site-packages/airflow/example_dags/example_kubernetes_executor.py
[2024-08-04T13:31:24.440+0000] {processor.py:830} INFO - Processing file /home/airflow/.local/lib/python3.12/site-packages/airflow/example_dags/example_kubernetes_executor.py for tasks to queue
[2024-08-04T13:31:24.444+0000] {logging_mixin.py:188} INFO - [2024-08-04T13:31:24.443+0000] {dagbag.py:545} INFO - Filling up the DagBag from /home/airflow/.local/lib/python3.12/site-packages/airflow/example_dags/example_kubernetes_executor.py
[2024-08-04T13:31:24.466+0000] {processor.py:840} INFO - DAG(s) 'example_kubernetes_executor' retrieved from /home/airflow/.local/lib/python3.12/site-packages/airflow/example_dags/example_kubernetes_executor.py
[2024-08-04T13:31:24.520+0000] {logging_mixin.py:188} INFO - [2024-08-04T13:31:24.519+0000] {dag.py:3089} INFO - Sync 1 DAGs
[2024-08-04T13:31:24.539+0000] {logging_mixin.py:188} INFO - [2024-08-04T13:31:24.539+0000] {dag.py:3947} INFO - Setting next_dagrun for example_kubernetes_executor to None, run_after=None
[2024-08-04T13:31:24.571+0000] {processor.py:183} INFO - Processing /home/airflow/.local/lib/python3.12/site-packages/airflow/example_dags/example_kubernetes_executor.py took 0.141 seconds
[2024-08-04T13:31:55.256+0000] {processor.py:161} INFO - Started process (PID=3420) to work on /home/airflow/.local/lib/python3.12/site-packages/airflow/example_dags/example_kubernetes_executor.py
[2024-08-04T13:31:55.258+0000] {processor.py:830} INFO - Processing file /home/airflow/.local/lib/python3.12/site-packages/airflow/example_dags/example_kubernetes_executor.py for tasks to queue
[2024-08-04T13:31:55.266+0000] {logging_mixin.py:188} INFO - [2024-08-04T13:31:55.265+0000] {dagbag.py:545} INFO - Filling up the DagBag from /home/airflow/.local/lib/python3.12/site-packages/airflow/example_dags/example_kubernetes_executor.py
[2024-08-04T13:31:55.284+0000] {processor.py:840} INFO - DAG(s) 'example_kubernetes_executor' retrieved from /home/airflow/.local/lib/python3.12/site-packages/airflow/example_dags/example_kubernetes_executor.py
[2024-08-04T13:31:55.338+0000] {logging_mixin.py:188} INFO - [2024-08-04T13:31:55.337+0000] {dag.py:3089} INFO - Sync 1 DAGs
[2024-08-04T13:31:55.352+0000] {logging_mixin.py:188} INFO - [2024-08-04T13:31:55.351+0000] {dag.py:3947} INFO - Setting next_dagrun for example_kubernetes_executor to None, run_after=None
[2024-08-04T13:31:55.382+0000] {processor.py:183} INFO - Processing /home/airflow/.local/lib/python3.12/site-packages/airflow/example_dags/example_kubernetes_executor.py took 0.132 seconds
[2024-08-04T13:32:26.184+0000] {processor.py:161} INFO - Started process (PID=3483) to work on /home/airflow/.local/lib/python3.12/site-packages/airflow/example_dags/example_kubernetes_executor.py
[2024-08-04T13:32:26.187+0000] {processor.py:830} INFO - Processing file /home/airflow/.local/lib/python3.12/site-packages/airflow/example_dags/example_kubernetes_executor.py for tasks to queue
[2024-08-04T13:32:26.190+0000] {logging_mixin.py:188} INFO - [2024-08-04T13:32:26.190+0000] {dagbag.py:545} INFO - Filling up the DagBag from /home/airflow/.local/lib/python3.12/site-packages/airflow/example_dags/example_kubernetes_executor.py
[2024-08-04T13:32:26.214+0000] {processor.py:840} INFO - DAG(s) 'example_kubernetes_executor' retrieved from /home/airflow/.local/lib/python3.12/site-packages/airflow/example_dags/example_kubernetes_executor.py
[2024-08-04T13:32:26.280+0000] {logging_mixin.py:188} INFO - [2024-08-04T13:32:26.280+0000] {dag.py:3089} INFO - Sync 1 DAGs
[2024-08-04T13:32:26.304+0000] {logging_mixin.py:188} INFO - [2024-08-04T13:32:26.303+0000] {dag.py:3947} INFO - Setting next_dagrun for example_kubernetes_executor to None, run_after=None
[2024-08-04T13:32:26.341+0000] {processor.py:183} INFO - Processing /home/airflow/.local/lib/python3.12/site-packages/airflow/example_dags/example_kubernetes_executor.py took 0.168 seconds
[2024-08-04T13:32:56.663+0000] {processor.py:161} INFO - Started process (PID=3547) to work on /home/airflow/.local/lib/python3.12/site-packages/airflow/example_dags/example_kubernetes_executor.py
[2024-08-04T13:32:56.665+0000] {processor.py:830} INFO - Processing file /home/airflow/.local/lib/python3.12/site-packages/airflow/example_dags/example_kubernetes_executor.py for tasks to queue
[2024-08-04T13:32:56.667+0000] {logging_mixin.py:188} INFO - [2024-08-04T13:32:56.667+0000] {dagbag.py:545} INFO - Filling up the DagBag from /home/airflow/.local/lib/python3.12/site-packages/airflow/example_dags/example_kubernetes_executor.py
[2024-08-04T13:32:56.680+0000] {processor.py:840} INFO - DAG(s) 'example_kubernetes_executor' retrieved from /home/airflow/.local/lib/python3.12/site-packages/airflow/example_dags/example_kubernetes_executor.py
[2024-08-04T13:32:56.717+0000] {logging_mixin.py:188} INFO - [2024-08-04T13:32:56.717+0000] {dag.py:3089} INFO - Sync 1 DAGs
[2024-08-04T13:32:56.730+0000] {logging_mixin.py:188} INFO - [2024-08-04T13:32:56.730+0000] {dag.py:3947} INFO - Setting next_dagrun for example_kubernetes_executor to None, run_after=None
[2024-08-04T13:32:56.755+0000] {processor.py:183} INFO - Processing /home/airflow/.local/lib/python3.12/site-packages/airflow/example_dags/example_kubernetes_executor.py took 0.098 seconds
[2024-08-04T13:33:27.372+0000] {processor.py:161} INFO - Started process (PID=3611) to work on /home/airflow/.local/lib/python3.12/site-packages/airflow/example_dags/example_kubernetes_executor.py
[2024-08-04T13:33:27.373+0000] {processor.py:830} INFO - Processing file /home/airflow/.local/lib/python3.12/site-packages/airflow/example_dags/example_kubernetes_executor.py for tasks to queue
[2024-08-04T13:33:27.376+0000] {logging_mixin.py:188} INFO - [2024-08-04T13:33:27.375+0000] {dagbag.py:545} INFO - Filling up the DagBag from /home/airflow/.local/lib/python3.12/site-packages/airflow/example_dags/example_kubernetes_executor.py
[2024-08-04T13:33:27.390+0000] {processor.py:840} INFO - DAG(s) 'example_kubernetes_executor' retrieved from /home/airflow/.local/lib/python3.12/site-packages/airflow/example_dags/example_kubernetes_executor.py
[2024-08-04T13:33:27.447+0000] {logging_mixin.py:188} INFO - [2024-08-04T13:33:27.447+0000] {dag.py:3089} INFO - Sync 1 DAGs
[2024-08-04T13:33:27.468+0000] {logging_mixin.py:188} INFO - [2024-08-04T13:33:27.467+0000] {dag.py:3947} INFO - Setting next_dagrun for example_kubernetes_executor to None, run_after=None
[2024-08-04T13:33:27.505+0000] {processor.py:183} INFO - Processing /home/airflow/.local/lib/python3.12/site-packages/airflow/example_dags/example_kubernetes_executor.py took 0.139 seconds
[2024-08-04T13:33:57.924+0000] {processor.py:161} INFO - Started process (PID=3675) to work on /home/airflow/.local/lib/python3.12/site-packages/airflow/example_dags/example_kubernetes_executor.py
[2024-08-04T13:33:57.925+0000] {processor.py:830} INFO - Processing file /home/airflow/.local/lib/python3.12/site-packages/airflow/example_dags/example_kubernetes_executor.py for tasks to queue
[2024-08-04T13:33:57.927+0000] {logging_mixin.py:188} INFO - [2024-08-04T13:33:57.927+0000] {dagbag.py:545} INFO - Filling up the DagBag from /home/airflow/.local/lib/python3.12/site-packages/airflow/example_dags/example_kubernetes_executor.py
[2024-08-04T13:33:57.940+0000] {processor.py:840} INFO - DAG(s) 'example_kubernetes_executor' retrieved from /home/airflow/.local/lib/python3.12/site-packages/airflow/example_dags/example_kubernetes_executor.py
[2024-08-04T13:33:57.991+0000] {logging_mixin.py:188} INFO - [2024-08-04T13:33:57.990+0000] {dag.py:3089} INFO - Sync 1 DAGs
[2024-08-04T13:33:58.007+0000] {logging_mixin.py:188} INFO - [2024-08-04T13:33:58.007+0000] {dag.py:3947} INFO - Setting next_dagrun for example_kubernetes_executor to None, run_after=None
[2024-08-04T13:33:58.031+0000] {processor.py:183} INFO - Processing /home/airflow/.local/lib/python3.12/site-packages/airflow/example_dags/example_kubernetes_executor.py took 0.113 seconds
[2024-08-04T13:34:29.330+0000] {processor.py:161} INFO - Started process (PID=3739) to work on /home/airflow/.local/lib/python3.12/site-packages/airflow/example_dags/example_kubernetes_executor.py
[2024-08-04T13:34:29.331+0000] {processor.py:830} INFO - Processing file /home/airflow/.local/lib/python3.12/site-packages/airflow/example_dags/example_kubernetes_executor.py for tasks to queue
[2024-08-04T13:34:29.334+0000] {logging_mixin.py:188} INFO - [2024-08-04T13:34:29.333+0000] {dagbag.py:545} INFO - Filling up the DagBag from /home/airflow/.local/lib/python3.12/site-packages/airflow/example_dags/example_kubernetes_executor.py
[2024-08-04T13:34:29.348+0000] {processor.py:840} INFO - DAG(s) 'example_kubernetes_executor' retrieved from /home/airflow/.local/lib/python3.12/site-packages/airflow/example_dags/example_kubernetes_executor.py
[2024-08-04T13:34:29.399+0000] {logging_mixin.py:188} INFO - [2024-08-04T13:34:29.398+0000] {dag.py:3089} INFO - Sync 1 DAGs
[2024-08-04T13:34:29.417+0000] {logging_mixin.py:188} INFO - [2024-08-04T13:34:29.416+0000] {dag.py:3947} INFO - Setting next_dagrun for example_kubernetes_executor to None, run_after=None
[2024-08-04T13:34:29.444+0000] {processor.py:183} INFO - Processing /home/airflow/.local/lib/python3.12/site-packages/airflow/example_dags/example_kubernetes_executor.py took 0.123 seconds
[2024-08-04T13:34:59.688+0000] {processor.py:161} INFO - Started process (PID=3803) to work on /home/airflow/.local/lib/python3.12/site-packages/airflow/example_dags/example_kubernetes_executor.py
[2024-08-04T13:34:59.690+0000] {processor.py:830} INFO - Processing file /home/airflow/.local/lib/python3.12/site-packages/airflow/example_dags/example_kubernetes_executor.py for tasks to queue
[2024-08-04T13:34:59.693+0000] {logging_mixin.py:188} INFO - [2024-08-04T13:34:59.692+0000] {dagbag.py:545} INFO - Filling up the DagBag from /home/airflow/.local/lib/python3.12/site-packages/airflow/example_dags/example_kubernetes_executor.py
[2024-08-04T13:34:59.708+0000] {processor.py:840} INFO - DAG(s) 'example_kubernetes_executor' retrieved from /home/airflow/.local/lib/python3.12/site-packages/airflow/example_dags/example_kubernetes_executor.py
[2024-08-04T13:34:59.755+0000] {logging_mixin.py:188} INFO - [2024-08-04T13:34:59.755+0000] {dag.py:3089} INFO - Sync 1 DAGs
[2024-08-04T13:34:59.771+0000] {logging_mixin.py:188} INFO - [2024-08-04T13:34:59.771+0000] {dag.py:3947} INFO - Setting next_dagrun for example_kubernetes_executor to None, run_after=None
[2024-08-04T13:34:59.796+0000] {processor.py:183} INFO - Processing /home/airflow/.local/lib/python3.12/site-packages/airflow/example_dags/example_kubernetes_executor.py took 0.115 seconds
