[2024-08-04T12:59:06.912+0000] {processor.py:161} INFO - Started process (PID=90) to work on /home/airflow/.local/lib/python3.12/site-packages/airflow/example_dags/tutorial_dag.py
[2024-08-04T12:59:06.913+0000] {processor.py:830} INFO - Processing file /home/airflow/.local/lib/python3.12/site-packages/airflow/example_dags/tutorial_dag.py for tasks to queue
[2024-08-04T12:59:06.916+0000] {logging_mixin.py:188} INFO - [2024-08-04T12:59:06.915+0000] {dagbag.py:545} INFO - Filling up the DagBag from /home/airflow/.local/lib/python3.12/site-packages/airflow/example_dags/tutorial_dag.py
[2024-08-04T12:59:06.923+0000] {processor.py:840} INFO - DAG(s) 'tutorial_dag' retrieved from /home/airflow/.local/lib/python3.12/site-packages/airflow/example_dags/tutorial_dag.py
[2024-08-04T12:59:06.946+0000] {logging_mixin.py:188} INFO - [2024-08-04T12:59:06.946+0000] {dag.py:3089} INFO - Sync 1 DAGs
[2024-08-04T12:59:06.961+0000] {logging_mixin.py:188} INFO - [2024-08-04T12:59:06.961+0000] {dag.py:3947} INFO - Setting next_dagrun for tutorial_dag to None, run_after=None
[2024-08-04T12:59:06.984+0000] {processor.py:183} INFO - Processing /home/airflow/.local/lib/python3.12/site-packages/airflow/example_dags/tutorial_dag.py took 0.079 seconds
[2024-08-04T12:59:37.909+0000] {processor.py:161} INFO - Started process (PID=154) to work on /home/airflow/.local/lib/python3.12/site-packages/airflow/example_dags/tutorial_dag.py
[2024-08-04T12:59:37.910+0000] {processor.py:830} INFO - Processing file /home/airflow/.local/lib/python3.12/site-packages/airflow/example_dags/tutorial_dag.py for tasks to queue
[2024-08-04T12:59:37.912+0000] {logging_mixin.py:188} INFO - [2024-08-04T12:59:37.912+0000] {dagbag.py:545} INFO - Filling up the DagBag from /home/airflow/.local/lib/python3.12/site-packages/airflow/example_dags/tutorial_dag.py
[2024-08-04T12:59:37.919+0000] {processor.py:840} INFO - DAG(s) 'tutorial_dag' retrieved from /home/airflow/.local/lib/python3.12/site-packages/airflow/example_dags/tutorial_dag.py
[2024-08-04T12:59:37.941+0000] {logging_mixin.py:188} INFO - [2024-08-04T12:59:37.941+0000] {dag.py:3089} INFO - Sync 1 DAGs
[2024-08-04T12:59:37.955+0000] {logging_mixin.py:188} INFO - [2024-08-04T12:59:37.954+0000] {dag.py:3947} INFO - Setting next_dagrun for tutorial_dag to None, run_after=None
[2024-08-04T12:59:37.975+0000] {processor.py:183} INFO - Processing /home/airflow/.local/lib/python3.12/site-packages/airflow/example_dags/tutorial_dag.py took 0.072 seconds
[2024-08-04T13:00:09.895+0000] {processor.py:161} INFO - Started process (PID=218) to work on /home/airflow/.local/lib/python3.12/site-packages/airflow/example_dags/tutorial_dag.py
[2024-08-04T13:00:09.897+0000] {processor.py:830} INFO - Processing file /home/airflow/.local/lib/python3.12/site-packages/airflow/example_dags/tutorial_dag.py for tasks to queue
[2024-08-04T13:00:09.899+0000] {logging_mixin.py:188} INFO - [2024-08-04T13:00:09.898+0000] {dagbag.py:545} INFO - Filling up the DagBag from /home/airflow/.local/lib/python3.12/site-packages/airflow/example_dags/tutorial_dag.py
[2024-08-04T13:00:09.906+0000] {processor.py:840} INFO - DAG(s) 'tutorial_dag' retrieved from /home/airflow/.local/lib/python3.12/site-packages/airflow/example_dags/tutorial_dag.py
[2024-08-04T13:00:09.934+0000] {logging_mixin.py:188} INFO - [2024-08-04T13:00:09.934+0000] {dag.py:3089} INFO - Sync 1 DAGs
[2024-08-04T13:00:09.954+0000] {logging_mixin.py:188} INFO - [2024-08-04T13:00:09.953+0000] {dag.py:3947} INFO - Setting next_dagrun for tutorial_dag to None, run_after=None
[2024-08-04T13:00:09.976+0000] {processor.py:183} INFO - Processing /home/airflow/.local/lib/python3.12/site-packages/airflow/example_dags/tutorial_dag.py took 0.087 seconds
[2024-08-04T13:00:40.848+0000] {processor.py:161} INFO - Started process (PID=282) to work on /home/airflow/.local/lib/python3.12/site-packages/airflow/example_dags/tutorial_dag.py
[2024-08-04T13:00:40.849+0000] {processor.py:830} INFO - Processing file /home/airflow/.local/lib/python3.12/site-packages/airflow/example_dags/tutorial_dag.py for tasks to queue
[2024-08-04T13:00:40.851+0000] {logging_mixin.py:188} INFO - [2024-08-04T13:00:40.851+0000] {dagbag.py:545} INFO - Filling up the DagBag from /home/airflow/.local/lib/python3.12/site-packages/airflow/example_dags/tutorial_dag.py
[2024-08-04T13:00:40.858+0000] {processor.py:840} INFO - DAG(s) 'tutorial_dag' retrieved from /home/airflow/.local/lib/python3.12/site-packages/airflow/example_dags/tutorial_dag.py
[2024-08-04T13:00:40.879+0000] {logging_mixin.py:188} INFO - [2024-08-04T13:00:40.879+0000] {dag.py:3089} INFO - Sync 1 DAGs
[2024-08-04T13:00:40.893+0000] {logging_mixin.py:188} INFO - [2024-08-04T13:00:40.893+0000] {dag.py:3947} INFO - Setting next_dagrun for tutorial_dag to None, run_after=None
[2024-08-04T13:00:40.913+0000] {processor.py:183} INFO - Processing /home/airflow/.local/lib/python3.12/site-packages/airflow/example_dags/tutorial_dag.py took 0.071 seconds
[2024-08-04T13:01:11.803+0000] {processor.py:161} INFO - Started process (PID=347) to work on /home/airflow/.local/lib/python3.12/site-packages/airflow/example_dags/tutorial_dag.py
[2024-08-04T13:01:11.804+0000] {processor.py:830} INFO - Processing file /home/airflow/.local/lib/python3.12/site-packages/airflow/example_dags/tutorial_dag.py for tasks to queue
[2024-08-04T13:01:11.806+0000] {logging_mixin.py:188} INFO - [2024-08-04T13:01:11.806+0000] {dagbag.py:545} INFO - Filling up the DagBag from /home/airflow/.local/lib/python3.12/site-packages/airflow/example_dags/tutorial_dag.py
[2024-08-04T13:01:11.812+0000] {processor.py:840} INFO - DAG(s) 'tutorial_dag' retrieved from /home/airflow/.local/lib/python3.12/site-packages/airflow/example_dags/tutorial_dag.py
[2024-08-04T13:01:11.832+0000] {logging_mixin.py:188} INFO - [2024-08-04T13:01:11.832+0000] {dag.py:3089} INFO - Sync 1 DAGs
[2024-08-04T13:01:11.846+0000] {logging_mixin.py:188} INFO - [2024-08-04T13:01:11.846+0000] {dag.py:3947} INFO - Setting next_dagrun for tutorial_dag to None, run_after=None
[2024-08-04T13:01:11.871+0000] {processor.py:183} INFO - Processing /home/airflow/.local/lib/python3.12/site-packages/airflow/example_dags/tutorial_dag.py took 0.075 seconds
[2024-08-04T13:01:43.021+0000] {processor.py:161} INFO - Started process (PID=411) to work on /home/airflow/.local/lib/python3.12/site-packages/airflow/example_dags/tutorial_dag.py
[2024-08-04T13:01:43.022+0000] {processor.py:830} INFO - Processing file /home/airflow/.local/lib/python3.12/site-packages/airflow/example_dags/tutorial_dag.py for tasks to queue
[2024-08-04T13:01:43.025+0000] {logging_mixin.py:188} INFO - [2024-08-04T13:01:43.024+0000] {dagbag.py:545} INFO - Filling up the DagBag from /home/airflow/.local/lib/python3.12/site-packages/airflow/example_dags/tutorial_dag.py
[2024-08-04T13:01:43.032+0000] {processor.py:840} INFO - DAG(s) 'tutorial_dag' retrieved from /home/airflow/.local/lib/python3.12/site-packages/airflow/example_dags/tutorial_dag.py
[2024-08-04T13:01:43.057+0000] {logging_mixin.py:188} INFO - [2024-08-04T13:01:43.056+0000] {dag.py:3089} INFO - Sync 1 DAGs
[2024-08-04T13:01:43.071+0000] {logging_mixin.py:188} INFO - [2024-08-04T13:01:43.070+0000] {dag.py:3947} INFO - Setting next_dagrun for tutorial_dag to None, run_after=None
[2024-08-04T13:01:43.097+0000] {processor.py:183} INFO - Processing /home/airflow/.local/lib/python3.12/site-packages/airflow/example_dags/tutorial_dag.py took 0.082 seconds
[2024-08-04T13:02:13.754+0000] {processor.py:161} INFO - Started process (PID=475) to work on /home/airflow/.local/lib/python3.12/site-packages/airflow/example_dags/tutorial_dag.py
[2024-08-04T13:02:13.755+0000] {processor.py:830} INFO - Processing file /home/airflow/.local/lib/python3.12/site-packages/airflow/example_dags/tutorial_dag.py for tasks to queue
[2024-08-04T13:02:13.758+0000] {logging_mixin.py:188} INFO - [2024-08-04T13:02:13.757+0000] {dagbag.py:545} INFO - Filling up the DagBag from /home/airflow/.local/lib/python3.12/site-packages/airflow/example_dags/tutorial_dag.py
[2024-08-04T13:02:13.766+0000] {processor.py:840} INFO - DAG(s) 'tutorial_dag' retrieved from /home/airflow/.local/lib/python3.12/site-packages/airflow/example_dags/tutorial_dag.py
[2024-08-04T13:02:13.792+0000] {logging_mixin.py:188} INFO - [2024-08-04T13:02:13.792+0000] {dag.py:3089} INFO - Sync 1 DAGs
[2024-08-04T13:02:13.807+0000] {logging_mixin.py:188} INFO - [2024-08-04T13:02:13.806+0000] {dag.py:3947} INFO - Setting next_dagrun for tutorial_dag to None, run_after=None
[2024-08-04T13:02:13.838+0000] {processor.py:183} INFO - Processing /home/airflow/.local/lib/python3.12/site-packages/airflow/example_dags/tutorial_dag.py took 0.090 seconds
[2024-08-04T13:05:02.634+0000] {processor.py:161} INFO - Started process (PID=91) to work on /home/airflow/.local/lib/python3.12/site-packages/airflow/example_dags/tutorial_dag.py
[2024-08-04T13:05:02.636+0000] {processor.py:830} INFO - Processing file /home/airflow/.local/lib/python3.12/site-packages/airflow/example_dags/tutorial_dag.py for tasks to queue
[2024-08-04T13:05:02.638+0000] {logging_mixin.py:188} INFO - [2024-08-04T13:05:02.638+0000] {dagbag.py:545} INFO - Filling up the DagBag from /home/airflow/.local/lib/python3.12/site-packages/airflow/example_dags/tutorial_dag.py
[2024-08-04T13:05:02.645+0000] {processor.py:840} INFO - DAG(s) 'tutorial_dag' retrieved from /home/airflow/.local/lib/python3.12/site-packages/airflow/example_dags/tutorial_dag.py
[2024-08-04T13:05:02.757+0000] {logging_mixin.py:188} INFO - [2024-08-04T13:05:02.756+0000] {dag.py:3089} INFO - Sync 1 DAGs
[2024-08-04T13:05:02.768+0000] {logging_mixin.py:188} INFO - [2024-08-04T13:05:02.767+0000] {dag.py:3947} INFO - Setting next_dagrun for tutorial_dag to None, run_after=None
[2024-08-04T13:05:02.787+0000] {processor.py:183} INFO - Processing /home/airflow/.local/lib/python3.12/site-packages/airflow/example_dags/tutorial_dag.py took 0.159 seconds
[2024-08-04T13:05:33.265+0000] {processor.py:161} INFO - Started process (PID=156) to work on /home/airflow/.local/lib/python3.12/site-packages/airflow/example_dags/tutorial_dag.py
[2024-08-04T13:05:33.266+0000] {processor.py:830} INFO - Processing file /home/airflow/.local/lib/python3.12/site-packages/airflow/example_dags/tutorial_dag.py for tasks to queue
[2024-08-04T13:05:33.268+0000] {logging_mixin.py:188} INFO - [2024-08-04T13:05:33.268+0000] {dagbag.py:545} INFO - Filling up the DagBag from /home/airflow/.local/lib/python3.12/site-packages/airflow/example_dags/tutorial_dag.py
[2024-08-04T13:05:33.274+0000] {processor.py:840} INFO - DAG(s) 'tutorial_dag' retrieved from /home/airflow/.local/lib/python3.12/site-packages/airflow/example_dags/tutorial_dag.py
[2024-08-04T13:05:33.297+0000] {logging_mixin.py:188} INFO - [2024-08-04T13:05:33.296+0000] {dag.py:3089} INFO - Sync 1 DAGs
[2024-08-04T13:05:33.310+0000] {logging_mixin.py:188} INFO - [2024-08-04T13:05:33.310+0000] {dag.py:3947} INFO - Setting next_dagrun for tutorial_dag to None, run_after=None
[2024-08-04T13:05:33.331+0000] {processor.py:183} INFO - Processing /home/airflow/.local/lib/python3.12/site-packages/airflow/example_dags/tutorial_dag.py took 0.074 seconds
[2024-08-04T13:06:03.669+0000] {processor.py:161} INFO - Started process (PID=220) to work on /home/airflow/.local/lib/python3.12/site-packages/airflow/example_dags/tutorial_dag.py
[2024-08-04T13:06:03.670+0000] {processor.py:830} INFO - Processing file /home/airflow/.local/lib/python3.12/site-packages/airflow/example_dags/tutorial_dag.py for tasks to queue
[2024-08-04T13:06:03.673+0000] {logging_mixin.py:188} INFO - [2024-08-04T13:06:03.672+0000] {dagbag.py:545} INFO - Filling up the DagBag from /home/airflow/.local/lib/python3.12/site-packages/airflow/example_dags/tutorial_dag.py
[2024-08-04T13:06:03.679+0000] {processor.py:840} INFO - DAG(s) 'tutorial_dag' retrieved from /home/airflow/.local/lib/python3.12/site-packages/airflow/example_dags/tutorial_dag.py
[2024-08-04T13:06:03.704+0000] {logging_mixin.py:188} INFO - [2024-08-04T13:06:03.704+0000] {dag.py:3089} INFO - Sync 1 DAGs
[2024-08-04T13:06:03.722+0000] {logging_mixin.py:188} INFO - [2024-08-04T13:06:03.722+0000] {dag.py:3947} INFO - Setting next_dagrun for tutorial_dag to None, run_after=None
[2024-08-04T13:06:03.750+0000] {processor.py:183} INFO - Processing /home/airflow/.local/lib/python3.12/site-packages/airflow/example_dags/tutorial_dag.py took 0.088 seconds
[2024-08-04T13:06:34.379+0000] {processor.py:161} INFO - Started process (PID=288) to work on /home/airflow/.local/lib/python3.12/site-packages/airflow/example_dags/tutorial_dag.py
[2024-08-04T13:06:34.380+0000] {processor.py:830} INFO - Processing file /home/airflow/.local/lib/python3.12/site-packages/airflow/example_dags/tutorial_dag.py for tasks to queue
[2024-08-04T13:06:34.382+0000] {logging_mixin.py:188} INFO - [2024-08-04T13:06:34.382+0000] {dagbag.py:545} INFO - Filling up the DagBag from /home/airflow/.local/lib/python3.12/site-packages/airflow/example_dags/tutorial_dag.py
[2024-08-04T13:06:34.389+0000] {processor.py:840} INFO - DAG(s) 'tutorial_dag' retrieved from /home/airflow/.local/lib/python3.12/site-packages/airflow/example_dags/tutorial_dag.py
[2024-08-04T13:06:34.411+0000] {logging_mixin.py:188} INFO - [2024-08-04T13:06:34.411+0000] {dag.py:3089} INFO - Sync 1 DAGs
[2024-08-04T13:06:34.425+0000] {logging_mixin.py:188} INFO - [2024-08-04T13:06:34.424+0000] {dag.py:3947} INFO - Setting next_dagrun for tutorial_dag to None, run_after=None
[2024-08-04T13:06:34.447+0000] {processor.py:183} INFO - Processing /home/airflow/.local/lib/python3.12/site-packages/airflow/example_dags/tutorial_dag.py took 0.075 seconds
[2024-08-04T13:07:05.093+0000] {processor.py:161} INFO - Started process (PID=352) to work on /home/airflow/.local/lib/python3.12/site-packages/airflow/example_dags/tutorial_dag.py
[2024-08-04T13:07:05.095+0000] {processor.py:830} INFO - Processing file /home/airflow/.local/lib/python3.12/site-packages/airflow/example_dags/tutorial_dag.py for tasks to queue
[2024-08-04T13:07:05.097+0000] {logging_mixin.py:188} INFO - [2024-08-04T13:07:05.097+0000] {dagbag.py:545} INFO - Filling up the DagBag from /home/airflow/.local/lib/python3.12/site-packages/airflow/example_dags/tutorial_dag.py
[2024-08-04T13:07:05.103+0000] {processor.py:840} INFO - DAG(s) 'tutorial_dag' retrieved from /home/airflow/.local/lib/python3.12/site-packages/airflow/example_dags/tutorial_dag.py
[2024-08-04T13:07:05.124+0000] {logging_mixin.py:188} INFO - [2024-08-04T13:07:05.124+0000] {dag.py:3089} INFO - Sync 1 DAGs
[2024-08-04T13:07:05.139+0000] {logging_mixin.py:188} INFO - [2024-08-04T13:07:05.138+0000] {dag.py:3947} INFO - Setting next_dagrun for tutorial_dag to None, run_after=None
[2024-08-04T13:07:05.163+0000] {processor.py:183} INFO - Processing /home/airflow/.local/lib/python3.12/site-packages/airflow/example_dags/tutorial_dag.py took 0.078 seconds
[2024-08-04T13:07:36.709+0000] {processor.py:161} INFO - Started process (PID=422) to work on /home/airflow/.local/lib/python3.12/site-packages/airflow/example_dags/tutorial_dag.py
[2024-08-04T13:07:36.711+0000] {processor.py:830} INFO - Processing file /home/airflow/.local/lib/python3.12/site-packages/airflow/example_dags/tutorial_dag.py for tasks to queue
[2024-08-04T13:07:36.713+0000] {logging_mixin.py:188} INFO - [2024-08-04T13:07:36.712+0000] {dagbag.py:545} INFO - Filling up the DagBag from /home/airflow/.local/lib/python3.12/site-packages/airflow/example_dags/tutorial_dag.py
[2024-08-04T13:07:36.719+0000] {processor.py:840} INFO - DAG(s) 'tutorial_dag' retrieved from /home/airflow/.local/lib/python3.12/site-packages/airflow/example_dags/tutorial_dag.py
[2024-08-04T13:07:36.742+0000] {logging_mixin.py:188} INFO - [2024-08-04T13:07:36.742+0000] {dag.py:3089} INFO - Sync 1 DAGs
[2024-08-04T13:07:36.770+0000] {logging_mixin.py:188} INFO - [2024-08-04T13:07:36.769+0000] {dag.py:3947} INFO - Setting next_dagrun for tutorial_dag to None, run_after=None
[2024-08-04T13:07:36.791+0000] {processor.py:183} INFO - Processing /home/airflow/.local/lib/python3.12/site-packages/airflow/example_dags/tutorial_dag.py took 0.090 seconds
[2024-08-04T13:08:07.774+0000] {processor.py:161} INFO - Started process (PID=486) to work on /home/airflow/.local/lib/python3.12/site-packages/airflow/example_dags/tutorial_dag.py
[2024-08-04T13:08:07.775+0000] {processor.py:830} INFO - Processing file /home/airflow/.local/lib/python3.12/site-packages/airflow/example_dags/tutorial_dag.py for tasks to queue
[2024-08-04T13:08:07.778+0000] {logging_mixin.py:188} INFO - [2024-08-04T13:08:07.777+0000] {dagbag.py:545} INFO - Filling up the DagBag from /home/airflow/.local/lib/python3.12/site-packages/airflow/example_dags/tutorial_dag.py
[2024-08-04T13:08:07.785+0000] {processor.py:840} INFO - DAG(s) 'tutorial_dag' retrieved from /home/airflow/.local/lib/python3.12/site-packages/airflow/example_dags/tutorial_dag.py
[2024-08-04T13:08:07.808+0000] {logging_mixin.py:188} INFO - [2024-08-04T13:08:07.808+0000] {dag.py:3089} INFO - Sync 1 DAGs
[2024-08-04T13:08:07.825+0000] {logging_mixin.py:188} INFO - [2024-08-04T13:08:07.824+0000] {dag.py:3947} INFO - Setting next_dagrun for tutorial_dag to None, run_after=None
[2024-08-04T13:08:07.849+0000] {processor.py:183} INFO - Processing /home/airflow/.local/lib/python3.12/site-packages/airflow/example_dags/tutorial_dag.py took 0.082 seconds
[2024-08-04T13:08:38.225+0000] {processor.py:161} INFO - Started process (PID=550) to work on /home/airflow/.local/lib/python3.12/site-packages/airflow/example_dags/tutorial_dag.py
[2024-08-04T13:08:38.227+0000] {processor.py:830} INFO - Processing file /home/airflow/.local/lib/python3.12/site-packages/airflow/example_dags/tutorial_dag.py for tasks to queue
[2024-08-04T13:08:38.229+0000] {logging_mixin.py:188} INFO - [2024-08-04T13:08:38.229+0000] {dagbag.py:545} INFO - Filling up the DagBag from /home/airflow/.local/lib/python3.12/site-packages/airflow/example_dags/tutorial_dag.py
[2024-08-04T13:08:38.235+0000] {processor.py:840} INFO - DAG(s) 'tutorial_dag' retrieved from /home/airflow/.local/lib/python3.12/site-packages/airflow/example_dags/tutorial_dag.py
[2024-08-04T13:08:38.258+0000] {logging_mixin.py:188} INFO - [2024-08-04T13:08:38.258+0000] {dag.py:3089} INFO - Sync 1 DAGs
[2024-08-04T13:08:38.274+0000] {logging_mixin.py:188} INFO - [2024-08-04T13:08:38.274+0000] {dag.py:3947} INFO - Setting next_dagrun for tutorial_dag to None, run_after=None
[2024-08-04T13:08:38.302+0000] {processor.py:183} INFO - Processing /home/airflow/.local/lib/python3.12/site-packages/airflow/example_dags/tutorial_dag.py took 0.083 seconds
[2024-08-04T13:09:10.030+0000] {processor.py:161} INFO - Started process (PID=614) to work on /home/airflow/.local/lib/python3.12/site-packages/airflow/example_dags/tutorial_dag.py
[2024-08-04T13:09:10.032+0000] {processor.py:830} INFO - Processing file /home/airflow/.local/lib/python3.12/site-packages/airflow/example_dags/tutorial_dag.py for tasks to queue
[2024-08-04T13:09:10.036+0000] {logging_mixin.py:188} INFO - [2024-08-04T13:09:10.036+0000] {dagbag.py:545} INFO - Filling up the DagBag from /home/airflow/.local/lib/python3.12/site-packages/airflow/example_dags/tutorial_dag.py
[2024-08-04T13:09:10.046+0000] {processor.py:840} INFO - DAG(s) 'tutorial_dag' retrieved from /home/airflow/.local/lib/python3.12/site-packages/airflow/example_dags/tutorial_dag.py
[2024-08-04T13:09:10.070+0000] {logging_mixin.py:188} INFO - [2024-08-04T13:09:10.070+0000] {dag.py:3089} INFO - Sync 1 DAGs
[2024-08-04T13:09:10.085+0000] {logging_mixin.py:188} INFO - [2024-08-04T13:09:10.084+0000] {dag.py:3947} INFO - Setting next_dagrun for tutorial_dag to None, run_after=None
[2024-08-04T13:09:10.106+0000] {processor.py:183} INFO - Processing /home/airflow/.local/lib/python3.12/site-packages/airflow/example_dags/tutorial_dag.py took 0.083 seconds
[2024-08-04T13:09:41.569+0000] {processor.py:161} INFO - Started process (PID=677) to work on /home/airflow/.local/lib/python3.12/site-packages/airflow/example_dags/tutorial_dag.py
[2024-08-04T13:09:41.571+0000] {processor.py:830} INFO - Processing file /home/airflow/.local/lib/python3.12/site-packages/airflow/example_dags/tutorial_dag.py for tasks to queue
[2024-08-04T13:09:41.573+0000] {logging_mixin.py:188} INFO - [2024-08-04T13:09:41.573+0000] {dagbag.py:545} INFO - Filling up the DagBag from /home/airflow/.local/lib/python3.12/site-packages/airflow/example_dags/tutorial_dag.py
[2024-08-04T13:09:41.578+0000] {processor.py:840} INFO - DAG(s) 'tutorial_dag' retrieved from /home/airflow/.local/lib/python3.12/site-packages/airflow/example_dags/tutorial_dag.py
[2024-08-04T13:09:41.603+0000] {logging_mixin.py:188} INFO - [2024-08-04T13:09:41.603+0000] {dag.py:3089} INFO - Sync 1 DAGs
[2024-08-04T13:09:41.622+0000] {logging_mixin.py:188} INFO - [2024-08-04T13:09:41.621+0000] {dag.py:3947} INFO - Setting next_dagrun for tutorial_dag to None, run_after=None
[2024-08-04T13:09:41.658+0000] {processor.py:183} INFO - Processing /home/airflow/.local/lib/python3.12/site-packages/airflow/example_dags/tutorial_dag.py took 0.094 seconds
[2024-08-04T13:10:12.402+0000] {processor.py:161} INFO - Started process (PID=741) to work on /home/airflow/.local/lib/python3.12/site-packages/airflow/example_dags/tutorial_dag.py
[2024-08-04T13:10:12.404+0000] {processor.py:830} INFO - Processing file /home/airflow/.local/lib/python3.12/site-packages/airflow/example_dags/tutorial_dag.py for tasks to queue
[2024-08-04T13:10:12.409+0000] {logging_mixin.py:188} INFO - [2024-08-04T13:10:12.408+0000] {dagbag.py:545} INFO - Filling up the DagBag from /home/airflow/.local/lib/python3.12/site-packages/airflow/example_dags/tutorial_dag.py
[2024-08-04T13:10:12.415+0000] {processor.py:840} INFO - DAG(s) 'tutorial_dag' retrieved from /home/airflow/.local/lib/python3.12/site-packages/airflow/example_dags/tutorial_dag.py
[2024-08-04T13:10:12.447+0000] {logging_mixin.py:188} INFO - [2024-08-04T13:10:12.446+0000] {dag.py:3089} INFO - Sync 1 DAGs
[2024-08-04T13:10:12.468+0000] {logging_mixin.py:188} INFO - [2024-08-04T13:10:12.467+0000] {dag.py:3947} INFO - Setting next_dagrun for tutorial_dag to None, run_after=None
[2024-08-04T13:10:12.494+0000] {processor.py:183} INFO - Processing /home/airflow/.local/lib/python3.12/site-packages/airflow/example_dags/tutorial_dag.py took 0.103 seconds
[2024-08-04T13:10:42.861+0000] {processor.py:161} INFO - Started process (PID=805) to work on /home/airflow/.local/lib/python3.12/site-packages/airflow/example_dags/tutorial_dag.py
[2024-08-04T13:10:42.863+0000] {processor.py:830} INFO - Processing file /home/airflow/.local/lib/python3.12/site-packages/airflow/example_dags/tutorial_dag.py for tasks to queue
[2024-08-04T13:10:42.865+0000] {logging_mixin.py:188} INFO - [2024-08-04T13:10:42.865+0000] {dagbag.py:545} INFO - Filling up the DagBag from /home/airflow/.local/lib/python3.12/site-packages/airflow/example_dags/tutorial_dag.py
[2024-08-04T13:10:42.873+0000] {processor.py:840} INFO - DAG(s) 'tutorial_dag' retrieved from /home/airflow/.local/lib/python3.12/site-packages/airflow/example_dags/tutorial_dag.py
[2024-08-04T13:10:42.899+0000] {logging_mixin.py:188} INFO - [2024-08-04T13:10:42.899+0000] {dag.py:3089} INFO - Sync 1 DAGs
[2024-08-04T13:10:42.916+0000] {logging_mixin.py:188} INFO - [2024-08-04T13:10:42.915+0000] {dag.py:3947} INFO - Setting next_dagrun for tutorial_dag to None, run_after=None
[2024-08-04T13:10:42.942+0000] {processor.py:183} INFO - Processing /home/airflow/.local/lib/python3.12/site-packages/airflow/example_dags/tutorial_dag.py took 0.087 seconds
[2024-08-04T13:11:13.999+0000] {processor.py:161} INFO - Started process (PID=869) to work on /home/airflow/.local/lib/python3.12/site-packages/airflow/example_dags/tutorial_dag.py
[2024-08-04T13:11:14.000+0000] {processor.py:830} INFO - Processing file /home/airflow/.local/lib/python3.12/site-packages/airflow/example_dags/tutorial_dag.py for tasks to queue
[2024-08-04T13:11:14.002+0000] {logging_mixin.py:188} INFO - [2024-08-04T13:11:14.002+0000] {dagbag.py:545} INFO - Filling up the DagBag from /home/airflow/.local/lib/python3.12/site-packages/airflow/example_dags/tutorial_dag.py
[2024-08-04T13:11:14.009+0000] {processor.py:840} INFO - DAG(s) 'tutorial_dag' retrieved from /home/airflow/.local/lib/python3.12/site-packages/airflow/example_dags/tutorial_dag.py
[2024-08-04T13:11:14.032+0000] {logging_mixin.py:188} INFO - [2024-08-04T13:11:14.031+0000] {dag.py:3089} INFO - Sync 1 DAGs
[2024-08-04T13:11:14.045+0000] {logging_mixin.py:188} INFO - [2024-08-04T13:11:14.045+0000] {dag.py:3947} INFO - Setting next_dagrun for tutorial_dag to None, run_after=None
[2024-08-04T13:11:14.070+0000] {processor.py:183} INFO - Processing /home/airflow/.local/lib/python3.12/site-packages/airflow/example_dags/tutorial_dag.py took 0.076 seconds
[2024-08-04T13:11:44.712+0000] {processor.py:161} INFO - Started process (PID=933) to work on /home/airflow/.local/lib/python3.12/site-packages/airflow/example_dags/tutorial_dag.py
[2024-08-04T13:11:44.714+0000] {processor.py:830} INFO - Processing file /home/airflow/.local/lib/python3.12/site-packages/airflow/example_dags/tutorial_dag.py for tasks to queue
[2024-08-04T13:11:44.716+0000] {logging_mixin.py:188} INFO - [2024-08-04T13:11:44.716+0000] {dagbag.py:545} INFO - Filling up the DagBag from /home/airflow/.local/lib/python3.12/site-packages/airflow/example_dags/tutorial_dag.py
[2024-08-04T13:11:44.722+0000] {processor.py:840} INFO - DAG(s) 'tutorial_dag' retrieved from /home/airflow/.local/lib/python3.12/site-packages/airflow/example_dags/tutorial_dag.py
[2024-08-04T13:11:44.746+0000] {logging_mixin.py:188} INFO - [2024-08-04T13:11:44.746+0000] {dag.py:3089} INFO - Sync 1 DAGs
[2024-08-04T13:11:44.760+0000] {logging_mixin.py:188} INFO - [2024-08-04T13:11:44.760+0000] {dag.py:3947} INFO - Setting next_dagrun for tutorial_dag to None, run_after=None
[2024-08-04T13:11:44.786+0000] {processor.py:183} INFO - Processing /home/airflow/.local/lib/python3.12/site-packages/airflow/example_dags/tutorial_dag.py took 0.080 seconds
[2024-08-04T13:12:16.713+0000] {processor.py:161} INFO - Started process (PID=997) to work on /home/airflow/.local/lib/python3.12/site-packages/airflow/example_dags/tutorial_dag.py
[2024-08-04T13:12:16.714+0000] {processor.py:830} INFO - Processing file /home/airflow/.local/lib/python3.12/site-packages/airflow/example_dags/tutorial_dag.py for tasks to queue
[2024-08-04T13:12:16.719+0000] {logging_mixin.py:188} INFO - [2024-08-04T13:12:16.718+0000] {dagbag.py:545} INFO - Filling up the DagBag from /home/airflow/.local/lib/python3.12/site-packages/airflow/example_dags/tutorial_dag.py
[2024-08-04T13:12:16.730+0000] {processor.py:840} INFO - DAG(s) 'tutorial_dag' retrieved from /home/airflow/.local/lib/python3.12/site-packages/airflow/example_dags/tutorial_dag.py
[2024-08-04T13:12:16.762+0000] {logging_mixin.py:188} INFO - [2024-08-04T13:12:16.762+0000] {dag.py:3089} INFO - Sync 1 DAGs
[2024-08-04T13:12:16.780+0000] {logging_mixin.py:188} INFO - [2024-08-04T13:12:16.780+0000] {dag.py:3947} INFO - Setting next_dagrun for tutorial_dag to None, run_after=None
[2024-08-04T13:12:16.814+0000] {processor.py:183} INFO - Processing /home/airflow/.local/lib/python3.12/site-packages/airflow/example_dags/tutorial_dag.py took 0.108 seconds
[2024-08-04T13:12:48.000+0000] {processor.py:161} INFO - Started process (PID=1061) to work on /home/airflow/.local/lib/python3.12/site-packages/airflow/example_dags/tutorial_dag.py
[2024-08-04T13:12:48.001+0000] {processor.py:830} INFO - Processing file /home/airflow/.local/lib/python3.12/site-packages/airflow/example_dags/tutorial_dag.py for tasks to queue
[2024-08-04T13:12:48.004+0000] {logging_mixin.py:188} INFO - [2024-08-04T13:12:48.004+0000] {dagbag.py:545} INFO - Filling up the DagBag from /home/airflow/.local/lib/python3.12/site-packages/airflow/example_dags/tutorial_dag.py
[2024-08-04T13:12:48.013+0000] {processor.py:840} INFO - DAG(s) 'tutorial_dag' retrieved from /home/airflow/.local/lib/python3.12/site-packages/airflow/example_dags/tutorial_dag.py
[2024-08-04T13:12:48.041+0000] {logging_mixin.py:188} INFO - [2024-08-04T13:12:48.041+0000] {dag.py:3089} INFO - Sync 1 DAGs
[2024-08-04T13:12:48.056+0000] {logging_mixin.py:188} INFO - [2024-08-04T13:12:48.056+0000] {dag.py:3947} INFO - Setting next_dagrun for tutorial_dag to None, run_after=None
[2024-08-04T13:12:48.082+0000] {processor.py:183} INFO - Processing /home/airflow/.local/lib/python3.12/site-packages/airflow/example_dags/tutorial_dag.py took 0.093 seconds
[2024-08-04T13:13:18.829+0000] {processor.py:161} INFO - Started process (PID=1125) to work on /home/airflow/.local/lib/python3.12/site-packages/airflow/example_dags/tutorial_dag.py
[2024-08-04T13:13:18.830+0000] {processor.py:830} INFO - Processing file /home/airflow/.local/lib/python3.12/site-packages/airflow/example_dags/tutorial_dag.py for tasks to queue
[2024-08-04T13:13:18.832+0000] {logging_mixin.py:188} INFO - [2024-08-04T13:13:18.832+0000] {dagbag.py:545} INFO - Filling up the DagBag from /home/airflow/.local/lib/python3.12/site-packages/airflow/example_dags/tutorial_dag.py
[2024-08-04T13:13:18.838+0000] {processor.py:840} INFO - DAG(s) 'tutorial_dag' retrieved from /home/airflow/.local/lib/python3.12/site-packages/airflow/example_dags/tutorial_dag.py
[2024-08-04T13:13:18.865+0000] {logging_mixin.py:188} INFO - [2024-08-04T13:13:18.864+0000] {dag.py:3089} INFO - Sync 1 DAGs
[2024-08-04T13:13:18.893+0000] {logging_mixin.py:188} INFO - [2024-08-04T13:13:18.893+0000] {dag.py:3947} INFO - Setting next_dagrun for tutorial_dag to None, run_after=None
[2024-08-04T13:13:18.922+0000] {processor.py:183} INFO - Processing /home/airflow/.local/lib/python3.12/site-packages/airflow/example_dags/tutorial_dag.py took 0.103 seconds
[2024-08-04T13:13:50.733+0000] {processor.py:161} INFO - Started process (PID=1189) to work on /home/airflow/.local/lib/python3.12/site-packages/airflow/example_dags/tutorial_dag.py
[2024-08-04T13:13:50.734+0000] {processor.py:830} INFO - Processing file /home/airflow/.local/lib/python3.12/site-packages/airflow/example_dags/tutorial_dag.py for tasks to queue
[2024-08-04T13:13:50.737+0000] {logging_mixin.py:188} INFO - [2024-08-04T13:13:50.737+0000] {dagbag.py:545} INFO - Filling up the DagBag from /home/airflow/.local/lib/python3.12/site-packages/airflow/example_dags/tutorial_dag.py
[2024-08-04T13:13:50.746+0000] {processor.py:840} INFO - DAG(s) 'tutorial_dag' retrieved from /home/airflow/.local/lib/python3.12/site-packages/airflow/example_dags/tutorial_dag.py
[2024-08-04T13:13:50.767+0000] {logging_mixin.py:188} INFO - [2024-08-04T13:13:50.767+0000] {dag.py:3089} INFO - Sync 1 DAGs
[2024-08-04T13:13:50.781+0000] {logging_mixin.py:188} INFO - [2024-08-04T13:13:50.781+0000] {dag.py:3947} INFO - Setting next_dagrun for tutorial_dag to None, run_after=None
[2024-08-04T13:13:50.802+0000] {processor.py:183} INFO - Processing /home/airflow/.local/lib/python3.12/site-packages/airflow/example_dags/tutorial_dag.py took 0.075 seconds
[2024-08-04T13:14:22.892+0000] {processor.py:161} INFO - Started process (PID=1253) to work on /home/airflow/.local/lib/python3.12/site-packages/airflow/example_dags/tutorial_dag.py
[2024-08-04T13:14:22.893+0000] {processor.py:830} INFO - Processing file /home/airflow/.local/lib/python3.12/site-packages/airflow/example_dags/tutorial_dag.py for tasks to queue
[2024-08-04T13:14:22.895+0000] {logging_mixin.py:188} INFO - [2024-08-04T13:14:22.895+0000] {dagbag.py:545} INFO - Filling up the DagBag from /home/airflow/.local/lib/python3.12/site-packages/airflow/example_dags/tutorial_dag.py
[2024-08-04T13:14:22.902+0000] {processor.py:840} INFO - DAG(s) 'tutorial_dag' retrieved from /home/airflow/.local/lib/python3.12/site-packages/airflow/example_dags/tutorial_dag.py
[2024-08-04T13:14:22.927+0000] {logging_mixin.py:188} INFO - [2024-08-04T13:14:22.927+0000] {dag.py:3089} INFO - Sync 1 DAGs
[2024-08-04T13:14:22.941+0000] {logging_mixin.py:188} INFO - [2024-08-04T13:14:22.941+0000] {dag.py:3947} INFO - Setting next_dagrun for tutorial_dag to None, run_after=None
[2024-08-04T13:14:22.964+0000] {processor.py:183} INFO - Processing /home/airflow/.local/lib/python3.12/site-packages/airflow/example_dags/tutorial_dag.py took 0.080 seconds
[2024-08-04T13:14:53.673+0000] {processor.py:161} INFO - Started process (PID=1316) to work on /home/airflow/.local/lib/python3.12/site-packages/airflow/example_dags/tutorial_dag.py
[2024-08-04T13:14:53.674+0000] {processor.py:830} INFO - Processing file /home/airflow/.local/lib/python3.12/site-packages/airflow/example_dags/tutorial_dag.py for tasks to queue
[2024-08-04T13:14:53.677+0000] {logging_mixin.py:188} INFO - [2024-08-04T13:14:53.676+0000] {dagbag.py:545} INFO - Filling up the DagBag from /home/airflow/.local/lib/python3.12/site-packages/airflow/example_dags/tutorial_dag.py
[2024-08-04T13:14:53.682+0000] {processor.py:840} INFO - DAG(s) 'tutorial_dag' retrieved from /home/airflow/.local/lib/python3.12/site-packages/airflow/example_dags/tutorial_dag.py
[2024-08-04T13:14:53.703+0000] {logging_mixin.py:188} INFO - [2024-08-04T13:14:53.703+0000] {dag.py:3089} INFO - Sync 1 DAGs
[2024-08-04T13:14:53.721+0000] {logging_mixin.py:188} INFO - [2024-08-04T13:14:53.721+0000] {dag.py:3947} INFO - Setting next_dagrun for tutorial_dag to None, run_after=None
[2024-08-04T13:14:53.744+0000] {processor.py:183} INFO - Processing /home/airflow/.local/lib/python3.12/site-packages/airflow/example_dags/tutorial_dag.py took 0.078 seconds
[2024-08-04T13:15:25.383+0000] {processor.py:161} INFO - Started process (PID=1380) to work on /home/airflow/.local/lib/python3.12/site-packages/airflow/example_dags/tutorial_dag.py
[2024-08-04T13:15:25.384+0000] {processor.py:830} INFO - Processing file /home/airflow/.local/lib/python3.12/site-packages/airflow/example_dags/tutorial_dag.py for tasks to queue
[2024-08-04T13:15:25.386+0000] {logging_mixin.py:188} INFO - [2024-08-04T13:15:25.386+0000] {dagbag.py:545} INFO - Filling up the DagBag from /home/airflow/.local/lib/python3.12/site-packages/airflow/example_dags/tutorial_dag.py
[2024-08-04T13:15:25.393+0000] {processor.py:840} INFO - DAG(s) 'tutorial_dag' retrieved from /home/airflow/.local/lib/python3.12/site-packages/airflow/example_dags/tutorial_dag.py
[2024-08-04T13:15:25.415+0000] {logging_mixin.py:188} INFO - [2024-08-04T13:15:25.415+0000] {dag.py:3089} INFO - Sync 1 DAGs
[2024-08-04T13:15:25.428+0000] {logging_mixin.py:188} INFO - [2024-08-04T13:15:25.428+0000] {dag.py:3947} INFO - Setting next_dagrun for tutorial_dag to None, run_after=None
[2024-08-04T13:15:25.459+0000] {processor.py:183} INFO - Processing /home/airflow/.local/lib/python3.12/site-packages/airflow/example_dags/tutorial_dag.py took 0.083 seconds
[2024-08-04T13:15:55.935+0000] {processor.py:161} INFO - Started process (PID=1444) to work on /home/airflow/.local/lib/python3.12/site-packages/airflow/example_dags/tutorial_dag.py
[2024-08-04T13:15:55.937+0000] {processor.py:830} INFO - Processing file /home/airflow/.local/lib/python3.12/site-packages/airflow/example_dags/tutorial_dag.py for tasks to queue
[2024-08-04T13:15:55.939+0000] {logging_mixin.py:188} INFO - [2024-08-04T13:15:55.939+0000] {dagbag.py:545} INFO - Filling up the DagBag from /home/airflow/.local/lib/python3.12/site-packages/airflow/example_dags/tutorial_dag.py
[2024-08-04T13:15:55.946+0000] {processor.py:840} INFO - DAG(s) 'tutorial_dag' retrieved from /home/airflow/.local/lib/python3.12/site-packages/airflow/example_dags/tutorial_dag.py
[2024-08-04T13:15:55.968+0000] {logging_mixin.py:188} INFO - [2024-08-04T13:15:55.968+0000] {dag.py:3089} INFO - Sync 1 DAGs
[2024-08-04T13:15:55.984+0000] {logging_mixin.py:188} INFO - [2024-08-04T13:15:55.984+0000] {dag.py:3947} INFO - Setting next_dagrun for tutorial_dag to None, run_after=None
[2024-08-04T13:15:56.006+0000] {processor.py:183} INFO - Processing /home/airflow/.local/lib/python3.12/site-packages/airflow/example_dags/tutorial_dag.py took 0.076 seconds
[2024-08-04T13:16:26.846+0000] {processor.py:161} INFO - Started process (PID=1508) to work on /home/airflow/.local/lib/python3.12/site-packages/airflow/example_dags/tutorial_dag.py
[2024-08-04T13:16:26.851+0000] {processor.py:830} INFO - Processing file /home/airflow/.local/lib/python3.12/site-packages/airflow/example_dags/tutorial_dag.py for tasks to queue
[2024-08-04T13:16:26.853+0000] {logging_mixin.py:188} INFO - [2024-08-04T13:16:26.853+0000] {dagbag.py:545} INFO - Filling up the DagBag from /home/airflow/.local/lib/python3.12/site-packages/airflow/example_dags/tutorial_dag.py
[2024-08-04T13:16:26.860+0000] {processor.py:840} INFO - DAG(s) 'tutorial_dag' retrieved from /home/airflow/.local/lib/python3.12/site-packages/airflow/example_dags/tutorial_dag.py
[2024-08-04T13:16:26.891+0000] {logging_mixin.py:188} INFO - [2024-08-04T13:16:26.890+0000] {dag.py:3089} INFO - Sync 1 DAGs
[2024-08-04T13:16:26.907+0000] {logging_mixin.py:188} INFO - [2024-08-04T13:16:26.907+0000] {dag.py:3947} INFO - Setting next_dagrun for tutorial_dag to None, run_after=None
[2024-08-04T13:16:26.937+0000] {processor.py:183} INFO - Processing /home/airflow/.local/lib/python3.12/site-packages/airflow/example_dags/tutorial_dag.py took 0.098 seconds
[2024-08-04T13:16:58.232+0000] {processor.py:161} INFO - Started process (PID=1572) to work on /home/airflow/.local/lib/python3.12/site-packages/airflow/example_dags/tutorial_dag.py
[2024-08-04T13:16:58.234+0000] {processor.py:830} INFO - Processing file /home/airflow/.local/lib/python3.12/site-packages/airflow/example_dags/tutorial_dag.py for tasks to queue
[2024-08-04T13:16:58.237+0000] {logging_mixin.py:188} INFO - [2024-08-04T13:16:58.236+0000] {dagbag.py:545} INFO - Filling up the DagBag from /home/airflow/.local/lib/python3.12/site-packages/airflow/example_dags/tutorial_dag.py
[2024-08-04T13:16:58.246+0000] {processor.py:840} INFO - DAG(s) 'tutorial_dag' retrieved from /home/airflow/.local/lib/python3.12/site-packages/airflow/example_dags/tutorial_dag.py
[2024-08-04T13:16:58.270+0000] {logging_mixin.py:188} INFO - [2024-08-04T13:16:58.270+0000] {dag.py:3089} INFO - Sync 1 DAGs
[2024-08-04T13:16:58.288+0000] {logging_mixin.py:188} INFO - [2024-08-04T13:16:58.288+0000] {dag.py:3947} INFO - Setting next_dagrun for tutorial_dag to None, run_after=None
[2024-08-04T13:16:58.313+0000] {processor.py:183} INFO - Processing /home/airflow/.local/lib/python3.12/site-packages/airflow/example_dags/tutorial_dag.py took 0.088 seconds
[2024-08-04T13:17:29.352+0000] {processor.py:161} INFO - Started process (PID=1637) to work on /home/airflow/.local/lib/python3.12/site-packages/airflow/example_dags/tutorial_dag.py
[2024-08-04T13:17:29.354+0000] {processor.py:830} INFO - Processing file /home/airflow/.local/lib/python3.12/site-packages/airflow/example_dags/tutorial_dag.py for tasks to queue
[2024-08-04T13:17:29.357+0000] {logging_mixin.py:188} INFO - [2024-08-04T13:17:29.357+0000] {dagbag.py:545} INFO - Filling up the DagBag from /home/airflow/.local/lib/python3.12/site-packages/airflow/example_dags/tutorial_dag.py
[2024-08-04T13:17:29.367+0000] {processor.py:840} INFO - DAG(s) 'tutorial_dag' retrieved from /home/airflow/.local/lib/python3.12/site-packages/airflow/example_dags/tutorial_dag.py
[2024-08-04T13:17:29.401+0000] {logging_mixin.py:188} INFO - [2024-08-04T13:17:29.401+0000] {dag.py:3089} INFO - Sync 1 DAGs
[2024-08-04T13:17:29.422+0000] {logging_mixin.py:188} INFO - [2024-08-04T13:17:29.421+0000] {dag.py:3947} INFO - Setting next_dagrun for tutorial_dag to None, run_after=None
[2024-08-04T13:17:29.446+0000] {processor.py:183} INFO - Processing /home/airflow/.local/lib/python3.12/site-packages/airflow/example_dags/tutorial_dag.py took 0.104 seconds
[2024-08-04T13:18:00.442+0000] {processor.py:161} INFO - Started process (PID=1701) to work on /home/airflow/.local/lib/python3.12/site-packages/airflow/example_dags/tutorial_dag.py
[2024-08-04T13:18:00.445+0000] {processor.py:830} INFO - Processing file /home/airflow/.local/lib/python3.12/site-packages/airflow/example_dags/tutorial_dag.py for tasks to queue
[2024-08-04T13:18:00.449+0000] {logging_mixin.py:188} INFO - [2024-08-04T13:18:00.448+0000] {dagbag.py:545} INFO - Filling up the DagBag from /home/airflow/.local/lib/python3.12/site-packages/airflow/example_dags/tutorial_dag.py
[2024-08-04T13:18:00.459+0000] {processor.py:840} INFO - DAG(s) 'tutorial_dag' retrieved from /home/airflow/.local/lib/python3.12/site-packages/airflow/example_dags/tutorial_dag.py
[2024-08-04T13:18:00.493+0000] {logging_mixin.py:188} INFO - [2024-08-04T13:18:00.493+0000] {dag.py:3089} INFO - Sync 1 DAGs
[2024-08-04T13:18:00.508+0000] {logging_mixin.py:188} INFO - [2024-08-04T13:18:00.508+0000] {dag.py:3947} INFO - Setting next_dagrun for tutorial_dag to None, run_after=None
[2024-08-04T13:18:00.534+0000] {processor.py:183} INFO - Processing /home/airflow/.local/lib/python3.12/site-packages/airflow/example_dags/tutorial_dag.py took 0.104 seconds
[2024-08-04T13:18:31.404+0000] {processor.py:161} INFO - Started process (PID=1765) to work on /home/airflow/.local/lib/python3.12/site-packages/airflow/example_dags/tutorial_dag.py
[2024-08-04T13:18:31.406+0000] {processor.py:830} INFO - Processing file /home/airflow/.local/lib/python3.12/site-packages/airflow/example_dags/tutorial_dag.py for tasks to queue
[2024-08-04T13:18:31.409+0000] {logging_mixin.py:188} INFO - [2024-08-04T13:18:31.409+0000] {dagbag.py:545} INFO - Filling up the DagBag from /home/airflow/.local/lib/python3.12/site-packages/airflow/example_dags/tutorial_dag.py
[2024-08-04T13:18:31.417+0000] {processor.py:840} INFO - DAG(s) 'tutorial_dag' retrieved from /home/airflow/.local/lib/python3.12/site-packages/airflow/example_dags/tutorial_dag.py
[2024-08-04T13:18:31.446+0000] {logging_mixin.py:188} INFO - [2024-08-04T13:18:31.446+0000] {dag.py:3089} INFO - Sync 1 DAGs
[2024-08-04T13:18:31.463+0000] {logging_mixin.py:188} INFO - [2024-08-04T13:18:31.463+0000] {dag.py:3947} INFO - Setting next_dagrun for tutorial_dag to None, run_after=None
[2024-08-04T13:18:31.488+0000] {processor.py:183} INFO - Processing /home/airflow/.local/lib/python3.12/site-packages/airflow/example_dags/tutorial_dag.py took 0.093 seconds
[2024-08-04T13:19:03.201+0000] {processor.py:161} INFO - Started process (PID=1829) to work on /home/airflow/.local/lib/python3.12/site-packages/airflow/example_dags/tutorial_dag.py
[2024-08-04T13:19:03.202+0000] {processor.py:830} INFO - Processing file /home/airflow/.local/lib/python3.12/site-packages/airflow/example_dags/tutorial_dag.py for tasks to queue
[2024-08-04T13:19:03.204+0000] {logging_mixin.py:188} INFO - [2024-08-04T13:19:03.204+0000] {dagbag.py:545} INFO - Filling up the DagBag from /home/airflow/.local/lib/python3.12/site-packages/airflow/example_dags/tutorial_dag.py
[2024-08-04T13:19:03.209+0000] {processor.py:840} INFO - DAG(s) 'tutorial_dag' retrieved from /home/airflow/.local/lib/python3.12/site-packages/airflow/example_dags/tutorial_dag.py
[2024-08-04T13:19:03.232+0000] {logging_mixin.py:188} INFO - [2024-08-04T13:19:03.231+0000] {dag.py:3089} INFO - Sync 1 DAGs
[2024-08-04T13:19:03.247+0000] {logging_mixin.py:188} INFO - [2024-08-04T13:19:03.247+0000] {dag.py:3947} INFO - Setting next_dagrun for tutorial_dag to None, run_after=None
[2024-08-04T13:19:03.271+0000] {processor.py:183} INFO - Processing /home/airflow/.local/lib/python3.12/site-packages/airflow/example_dags/tutorial_dag.py took 0.076 seconds
[2024-08-04T13:19:35.229+0000] {processor.py:161} INFO - Started process (PID=1893) to work on /home/airflow/.local/lib/python3.12/site-packages/airflow/example_dags/tutorial_dag.py
[2024-08-04T13:19:35.237+0000] {processor.py:830} INFO - Processing file /home/airflow/.local/lib/python3.12/site-packages/airflow/example_dags/tutorial_dag.py for tasks to queue
[2024-08-04T13:19:35.244+0000] {logging_mixin.py:188} INFO - [2024-08-04T13:19:35.244+0000] {dagbag.py:545} INFO - Filling up the DagBag from /home/airflow/.local/lib/python3.12/site-packages/airflow/example_dags/tutorial_dag.py
[2024-08-04T13:19:35.251+0000] {processor.py:840} INFO - DAG(s) 'tutorial_dag' retrieved from /home/airflow/.local/lib/python3.12/site-packages/airflow/example_dags/tutorial_dag.py
[2024-08-04T13:19:35.279+0000] {logging_mixin.py:188} INFO - [2024-08-04T13:19:35.279+0000] {dag.py:3089} INFO - Sync 1 DAGs
[2024-08-04T13:19:35.471+0000] {logging_mixin.py:188} INFO - [2024-08-04T13:19:35.471+0000] {dag.py:3947} INFO - Setting next_dagrun for tutorial_dag to None, run_after=None
[2024-08-04T13:19:35.494+0000] {processor.py:183} INFO - Processing /home/airflow/.local/lib/python3.12/site-packages/airflow/example_dags/tutorial_dag.py took 0.275 seconds
[2024-08-04T13:20:07.201+0000] {processor.py:161} INFO - Started process (PID=1963) to work on /home/airflow/.local/lib/python3.12/site-packages/airflow/example_dags/tutorial_dag.py
[2024-08-04T13:20:07.203+0000] {processor.py:830} INFO - Processing file /home/airflow/.local/lib/python3.12/site-packages/airflow/example_dags/tutorial_dag.py for tasks to queue
[2024-08-04T13:20:07.206+0000] {logging_mixin.py:188} INFO - [2024-08-04T13:20:07.205+0000] {dagbag.py:545} INFO - Filling up the DagBag from /home/airflow/.local/lib/python3.12/site-packages/airflow/example_dags/tutorial_dag.py
[2024-08-04T13:20:07.212+0000] {processor.py:840} INFO - DAG(s) 'tutorial_dag' retrieved from /home/airflow/.local/lib/python3.12/site-packages/airflow/example_dags/tutorial_dag.py
[2024-08-04T13:20:07.235+0000] {logging_mixin.py:188} INFO - [2024-08-04T13:20:07.235+0000] {dag.py:3089} INFO - Sync 1 DAGs
[2024-08-04T13:20:07.251+0000] {logging_mixin.py:188} INFO - [2024-08-04T13:20:07.251+0000] {dag.py:3947} INFO - Setting next_dagrun for tutorial_dag to None, run_after=None
[2024-08-04T13:20:07.441+0000] {processor.py:183} INFO - Processing /home/airflow/.local/lib/python3.12/site-packages/airflow/example_dags/tutorial_dag.py took 0.248 seconds
[2024-08-04T13:20:37.789+0000] {processor.py:161} INFO - Started process (PID=2027) to work on /home/airflow/.local/lib/python3.12/site-packages/airflow/example_dags/tutorial_dag.py
[2024-08-04T13:20:37.791+0000] {processor.py:830} INFO - Processing file /home/airflow/.local/lib/python3.12/site-packages/airflow/example_dags/tutorial_dag.py for tasks to queue
[2024-08-04T13:20:37.794+0000] {logging_mixin.py:188} INFO - [2024-08-04T13:20:37.794+0000] {dagbag.py:545} INFO - Filling up the DagBag from /home/airflow/.local/lib/python3.12/site-packages/airflow/example_dags/tutorial_dag.py
[2024-08-04T13:20:37.803+0000] {processor.py:840} INFO - DAG(s) 'tutorial_dag' retrieved from /home/airflow/.local/lib/python3.12/site-packages/airflow/example_dags/tutorial_dag.py
[2024-08-04T13:20:37.832+0000] {logging_mixin.py:188} INFO - [2024-08-04T13:20:37.831+0000] {dag.py:3089} INFO - Sync 1 DAGs
[2024-08-04T13:20:37.846+0000] {logging_mixin.py:188} INFO - [2024-08-04T13:20:37.846+0000] {dag.py:3947} INFO - Setting next_dagrun for tutorial_dag to None, run_after=None
[2024-08-04T13:20:37.873+0000] {processor.py:183} INFO - Processing /home/airflow/.local/lib/python3.12/site-packages/airflow/example_dags/tutorial_dag.py took 0.094 seconds
[2024-08-04T13:21:08.499+0000] {processor.py:161} INFO - Started process (PID=2091) to work on /home/airflow/.local/lib/python3.12/site-packages/airflow/example_dags/tutorial_dag.py
[2024-08-04T13:21:08.501+0000] {processor.py:830} INFO - Processing file /home/airflow/.local/lib/python3.12/site-packages/airflow/example_dags/tutorial_dag.py for tasks to queue
[2024-08-04T13:21:08.503+0000] {logging_mixin.py:188} INFO - [2024-08-04T13:21:08.502+0000] {dagbag.py:545} INFO - Filling up the DagBag from /home/airflow/.local/lib/python3.12/site-packages/airflow/example_dags/tutorial_dag.py
[2024-08-04T13:21:08.509+0000] {processor.py:840} INFO - DAG(s) 'tutorial_dag' retrieved from /home/airflow/.local/lib/python3.12/site-packages/airflow/example_dags/tutorial_dag.py
[2024-08-04T13:21:08.531+0000] {logging_mixin.py:188} INFO - [2024-08-04T13:21:08.531+0000] {dag.py:3089} INFO - Sync 1 DAGs
[2024-08-04T13:21:08.548+0000] {logging_mixin.py:188} INFO - [2024-08-04T13:21:08.547+0000] {dag.py:3947} INFO - Setting next_dagrun for tutorial_dag to None, run_after=None
[2024-08-04T13:21:08.571+0000] {processor.py:183} INFO - Processing /home/airflow/.local/lib/python3.12/site-packages/airflow/example_dags/tutorial_dag.py took 0.078 seconds
[2024-08-04T13:21:39.594+0000] {processor.py:161} INFO - Started process (PID=2155) to work on /home/airflow/.local/lib/python3.12/site-packages/airflow/example_dags/tutorial_dag.py
[2024-08-04T13:21:39.596+0000] {processor.py:830} INFO - Processing file /home/airflow/.local/lib/python3.12/site-packages/airflow/example_dags/tutorial_dag.py for tasks to queue
[2024-08-04T13:21:39.598+0000] {logging_mixin.py:188} INFO - [2024-08-04T13:21:39.598+0000] {dagbag.py:545} INFO - Filling up the DagBag from /home/airflow/.local/lib/python3.12/site-packages/airflow/example_dags/tutorial_dag.py
[2024-08-04T13:21:39.605+0000] {processor.py:840} INFO - DAG(s) 'tutorial_dag' retrieved from /home/airflow/.local/lib/python3.12/site-packages/airflow/example_dags/tutorial_dag.py
[2024-08-04T13:21:39.626+0000] {logging_mixin.py:188} INFO - [2024-08-04T13:21:39.625+0000] {dag.py:3089} INFO - Sync 1 DAGs
[2024-08-04T13:21:39.640+0000] {logging_mixin.py:188} INFO - [2024-08-04T13:21:39.639+0000] {dag.py:3947} INFO - Setting next_dagrun for tutorial_dag to None, run_after=None
[2024-08-04T13:21:39.663+0000] {processor.py:183} INFO - Processing /home/airflow/.local/lib/python3.12/site-packages/airflow/example_dags/tutorial_dag.py took 0.076 seconds
[2024-08-04T13:22:10.226+0000] {processor.py:161} INFO - Started process (PID=2219) to work on /home/airflow/.local/lib/python3.12/site-packages/airflow/example_dags/tutorial_dag.py
[2024-08-04T13:22:10.228+0000] {processor.py:830} INFO - Processing file /home/airflow/.local/lib/python3.12/site-packages/airflow/example_dags/tutorial_dag.py for tasks to queue
[2024-08-04T13:22:10.230+0000] {logging_mixin.py:188} INFO - [2024-08-04T13:22:10.229+0000] {dagbag.py:545} INFO - Filling up the DagBag from /home/airflow/.local/lib/python3.12/site-packages/airflow/example_dags/tutorial_dag.py
[2024-08-04T13:22:10.236+0000] {processor.py:840} INFO - DAG(s) 'tutorial_dag' retrieved from /home/airflow/.local/lib/python3.12/site-packages/airflow/example_dags/tutorial_dag.py
[2024-08-04T13:22:10.257+0000] {logging_mixin.py:188} INFO - [2024-08-04T13:22:10.256+0000] {dag.py:3089} INFO - Sync 1 DAGs
[2024-08-04T13:22:10.271+0000] {logging_mixin.py:188} INFO - [2024-08-04T13:22:10.271+0000] {dag.py:3947} INFO - Setting next_dagrun for tutorial_dag to None, run_after=None
[2024-08-04T13:22:10.295+0000] {processor.py:183} INFO - Processing /home/airflow/.local/lib/python3.12/site-packages/airflow/example_dags/tutorial_dag.py took 0.076 seconds
[2024-08-04T13:22:41.298+0000] {processor.py:161} INFO - Started process (PID=2283) to work on /home/airflow/.local/lib/python3.12/site-packages/airflow/example_dags/tutorial_dag.py
[2024-08-04T13:22:41.300+0000] {processor.py:830} INFO - Processing file /home/airflow/.local/lib/python3.12/site-packages/airflow/example_dags/tutorial_dag.py for tasks to queue
[2024-08-04T13:22:41.302+0000] {logging_mixin.py:188} INFO - [2024-08-04T13:22:41.302+0000] {dagbag.py:545} INFO - Filling up the DagBag from /home/airflow/.local/lib/python3.12/site-packages/airflow/example_dags/tutorial_dag.py
[2024-08-04T13:22:41.308+0000] {processor.py:840} INFO - DAG(s) 'tutorial_dag' retrieved from /home/airflow/.local/lib/python3.12/site-packages/airflow/example_dags/tutorial_dag.py
[2024-08-04T13:22:41.337+0000] {logging_mixin.py:188} INFO - [2024-08-04T13:22:41.336+0000] {dag.py:3089} INFO - Sync 1 DAGs
[2024-08-04T13:22:41.352+0000] {logging_mixin.py:188} INFO - [2024-08-04T13:22:41.352+0000] {dag.py:3947} INFO - Setting next_dagrun for tutorial_dag to None, run_after=None
[2024-08-04T13:22:41.375+0000] {processor.py:183} INFO - Processing /home/airflow/.local/lib/python3.12/site-packages/airflow/example_dags/tutorial_dag.py took 0.087 seconds
[2024-08-04T13:23:12.012+0000] {processor.py:161} INFO - Started process (PID=2347) to work on /home/airflow/.local/lib/python3.12/site-packages/airflow/example_dags/tutorial_dag.py
[2024-08-04T13:23:12.013+0000] {processor.py:830} INFO - Processing file /home/airflow/.local/lib/python3.12/site-packages/airflow/example_dags/tutorial_dag.py for tasks to queue
[2024-08-04T13:23:12.015+0000] {logging_mixin.py:188} INFO - [2024-08-04T13:23:12.015+0000] {dagbag.py:545} INFO - Filling up the DagBag from /home/airflow/.local/lib/python3.12/site-packages/airflow/example_dags/tutorial_dag.py
[2024-08-04T13:23:12.020+0000] {processor.py:840} INFO - DAG(s) 'tutorial_dag' retrieved from /home/airflow/.local/lib/python3.12/site-packages/airflow/example_dags/tutorial_dag.py
[2024-08-04T13:23:12.043+0000] {logging_mixin.py:188} INFO - [2024-08-04T13:23:12.042+0000] {dag.py:3089} INFO - Sync 1 DAGs
[2024-08-04T13:23:12.061+0000] {logging_mixin.py:188} INFO - [2024-08-04T13:23:12.060+0000] {dag.py:3947} INFO - Setting next_dagrun for tutorial_dag to None, run_after=None
[2024-08-04T13:23:12.089+0000] {processor.py:183} INFO - Processing /home/airflow/.local/lib/python3.12/site-packages/airflow/example_dags/tutorial_dag.py took 0.086 seconds
[2024-08-04T13:23:43.230+0000] {processor.py:161} INFO - Started process (PID=2412) to work on /home/airflow/.local/lib/python3.12/site-packages/airflow/example_dags/tutorial_dag.py
[2024-08-04T13:23:43.232+0000] {processor.py:830} INFO - Processing file /home/airflow/.local/lib/python3.12/site-packages/airflow/example_dags/tutorial_dag.py for tasks to queue
[2024-08-04T13:23:43.234+0000] {logging_mixin.py:188} INFO - [2024-08-04T13:23:43.234+0000] {dagbag.py:545} INFO - Filling up the DagBag from /home/airflow/.local/lib/python3.12/site-packages/airflow/example_dags/tutorial_dag.py
[2024-08-04T13:23:43.241+0000] {processor.py:840} INFO - DAG(s) 'tutorial_dag' retrieved from /home/airflow/.local/lib/python3.12/site-packages/airflow/example_dags/tutorial_dag.py
[2024-08-04T13:23:43.261+0000] {logging_mixin.py:188} INFO - [2024-08-04T13:23:43.261+0000] {dag.py:3089} INFO - Sync 1 DAGs
[2024-08-04T13:23:43.278+0000] {logging_mixin.py:188} INFO - [2024-08-04T13:23:43.277+0000] {dag.py:3947} INFO - Setting next_dagrun for tutorial_dag to None, run_after=None
[2024-08-04T13:23:43.318+0000] {processor.py:183} INFO - Processing /home/airflow/.local/lib/python3.12/site-packages/airflow/example_dags/tutorial_dag.py took 0.096 seconds
[2024-08-04T13:24:13.866+0000] {processor.py:161} INFO - Started process (PID=2476) to work on /home/airflow/.local/lib/python3.12/site-packages/airflow/example_dags/tutorial_dag.py
[2024-08-04T13:24:13.867+0000] {processor.py:830} INFO - Processing file /home/airflow/.local/lib/python3.12/site-packages/airflow/example_dags/tutorial_dag.py for tasks to queue
[2024-08-04T13:24:13.869+0000] {logging_mixin.py:188} INFO - [2024-08-04T13:24:13.869+0000] {dagbag.py:545} INFO - Filling up the DagBag from /home/airflow/.local/lib/python3.12/site-packages/airflow/example_dags/tutorial_dag.py
[2024-08-04T13:24:13.875+0000] {processor.py:840} INFO - DAG(s) 'tutorial_dag' retrieved from /home/airflow/.local/lib/python3.12/site-packages/airflow/example_dags/tutorial_dag.py
[2024-08-04T13:24:13.899+0000] {logging_mixin.py:188} INFO - [2024-08-04T13:24:13.898+0000] {dag.py:3089} INFO - Sync 1 DAGs
[2024-08-04T13:24:13.913+0000] {logging_mixin.py:188} INFO - [2024-08-04T13:24:13.912+0000] {dag.py:3947} INFO - Setting next_dagrun for tutorial_dag to None, run_after=None
[2024-08-04T13:24:13.941+0000] {processor.py:183} INFO - Processing /home/airflow/.local/lib/python3.12/site-packages/airflow/example_dags/tutorial_dag.py took 0.083 seconds
[2024-08-04T13:24:44.222+0000] {processor.py:161} INFO - Started process (PID=2540) to work on /home/airflow/.local/lib/python3.12/site-packages/airflow/example_dags/tutorial_dag.py
[2024-08-04T13:24:44.224+0000] {processor.py:830} INFO - Processing file /home/airflow/.local/lib/python3.12/site-packages/airflow/example_dags/tutorial_dag.py for tasks to queue
[2024-08-04T13:24:44.227+0000] {logging_mixin.py:188} INFO - [2024-08-04T13:24:44.227+0000] {dagbag.py:545} INFO - Filling up the DagBag from /home/airflow/.local/lib/python3.12/site-packages/airflow/example_dags/tutorial_dag.py
[2024-08-04T13:24:44.237+0000] {processor.py:840} INFO - DAG(s) 'tutorial_dag' retrieved from /home/airflow/.local/lib/python3.12/site-packages/airflow/example_dags/tutorial_dag.py
[2024-08-04T13:24:44.277+0000] {logging_mixin.py:188} INFO - [2024-08-04T13:24:44.277+0000] {dag.py:3089} INFO - Sync 1 DAGs
[2024-08-04T13:24:44.298+0000] {logging_mixin.py:188} INFO - [2024-08-04T13:24:44.298+0000] {dag.py:3947} INFO - Setting next_dagrun for tutorial_dag to None, run_after=None
[2024-08-04T13:24:44.328+0000] {processor.py:183} INFO - Processing /home/airflow/.local/lib/python3.12/site-packages/airflow/example_dags/tutorial_dag.py took 0.113 seconds
[2024-08-04T13:25:15.253+0000] {processor.py:161} INFO - Started process (PID=2604) to work on /home/airflow/.local/lib/python3.12/site-packages/airflow/example_dags/tutorial_dag.py
[2024-08-04T13:25:15.255+0000] {processor.py:830} INFO - Processing file /home/airflow/.local/lib/python3.12/site-packages/airflow/example_dags/tutorial_dag.py for tasks to queue
[2024-08-04T13:25:15.259+0000] {logging_mixin.py:188} INFO - [2024-08-04T13:25:15.258+0000] {dagbag.py:545} INFO - Filling up the DagBag from /home/airflow/.local/lib/python3.12/site-packages/airflow/example_dags/tutorial_dag.py
[2024-08-04T13:25:15.268+0000] {processor.py:840} INFO - DAG(s) 'tutorial_dag' retrieved from /home/airflow/.local/lib/python3.12/site-packages/airflow/example_dags/tutorial_dag.py
[2024-08-04T13:25:15.295+0000] {logging_mixin.py:188} INFO - [2024-08-04T13:25:15.295+0000] {dag.py:3089} INFO - Sync 1 DAGs
[2024-08-04T13:25:15.308+0000] {logging_mixin.py:188} INFO - [2024-08-04T13:25:15.308+0000] {dag.py:3947} INFO - Setting next_dagrun for tutorial_dag to None, run_after=None
[2024-08-04T13:25:15.330+0000] {processor.py:183} INFO - Processing /home/airflow/.local/lib/python3.12/site-packages/airflow/example_dags/tutorial_dag.py took 0.086 seconds
[2024-08-04T13:25:45.987+0000] {processor.py:161} INFO - Started process (PID=2668) to work on /home/airflow/.local/lib/python3.12/site-packages/airflow/example_dags/tutorial_dag.py
[2024-08-04T13:25:45.991+0000] {processor.py:830} INFO - Processing file /home/airflow/.local/lib/python3.12/site-packages/airflow/example_dags/tutorial_dag.py for tasks to queue
[2024-08-04T13:25:45.994+0000] {logging_mixin.py:188} INFO - [2024-08-04T13:25:45.993+0000] {dagbag.py:545} INFO - Filling up the DagBag from /home/airflow/.local/lib/python3.12/site-packages/airflow/example_dags/tutorial_dag.py
[2024-08-04T13:25:46.005+0000] {processor.py:840} INFO - DAG(s) 'tutorial_dag' retrieved from /home/airflow/.local/lib/python3.12/site-packages/airflow/example_dags/tutorial_dag.py
[2024-08-04T13:25:46.030+0000] {logging_mixin.py:188} INFO - [2024-08-04T13:25:46.030+0000] {dag.py:3089} INFO - Sync 1 DAGs
[2024-08-04T13:25:46.052+0000] {logging_mixin.py:188} INFO - [2024-08-04T13:25:46.052+0000] {dag.py:3947} INFO - Setting next_dagrun for tutorial_dag to None, run_after=None
[2024-08-04T13:25:46.084+0000] {processor.py:183} INFO - Processing /home/airflow/.local/lib/python3.12/site-packages/airflow/example_dags/tutorial_dag.py took 0.103 seconds
[2024-08-04T13:26:16.784+0000] {processor.py:161} INFO - Started process (PID=2732) to work on /home/airflow/.local/lib/python3.12/site-packages/airflow/example_dags/tutorial_dag.py
[2024-08-04T13:26:16.785+0000] {processor.py:830} INFO - Processing file /home/airflow/.local/lib/python3.12/site-packages/airflow/example_dags/tutorial_dag.py for tasks to queue
[2024-08-04T13:26:16.787+0000] {logging_mixin.py:188} INFO - [2024-08-04T13:26:16.787+0000] {dagbag.py:545} INFO - Filling up the DagBag from /home/airflow/.local/lib/python3.12/site-packages/airflow/example_dags/tutorial_dag.py
[2024-08-04T13:26:16.793+0000] {processor.py:840} INFO - DAG(s) 'tutorial_dag' retrieved from /home/airflow/.local/lib/python3.12/site-packages/airflow/example_dags/tutorial_dag.py
[2024-08-04T13:26:16.815+0000] {logging_mixin.py:188} INFO - [2024-08-04T13:26:16.815+0000] {dag.py:3089} INFO - Sync 1 DAGs
[2024-08-04T13:26:16.830+0000] {logging_mixin.py:188} INFO - [2024-08-04T13:26:16.830+0000] {dag.py:3947} INFO - Setting next_dagrun for tutorial_dag to None, run_after=None
[2024-08-04T13:26:16.858+0000] {processor.py:183} INFO - Processing /home/airflow/.local/lib/python3.12/site-packages/airflow/example_dags/tutorial_dag.py took 0.080 seconds
[2024-08-04T13:26:47.698+0000] {processor.py:161} INFO - Started process (PID=2796) to work on /home/airflow/.local/lib/python3.12/site-packages/airflow/example_dags/tutorial_dag.py
[2024-08-04T13:26:47.700+0000] {processor.py:830} INFO - Processing file /home/airflow/.local/lib/python3.12/site-packages/airflow/example_dags/tutorial_dag.py for tasks to queue
[2024-08-04T13:26:47.702+0000] {logging_mixin.py:188} INFO - [2024-08-04T13:26:47.702+0000] {dagbag.py:545} INFO - Filling up the DagBag from /home/airflow/.local/lib/python3.12/site-packages/airflow/example_dags/tutorial_dag.py
[2024-08-04T13:26:47.709+0000] {processor.py:840} INFO - DAG(s) 'tutorial_dag' retrieved from /home/airflow/.local/lib/python3.12/site-packages/airflow/example_dags/tutorial_dag.py
[2024-08-04T13:26:47.731+0000] {logging_mixin.py:188} INFO - [2024-08-04T13:26:47.731+0000] {dag.py:3089} INFO - Sync 1 DAGs
[2024-08-04T13:26:47.745+0000] {logging_mixin.py:188} INFO - [2024-08-04T13:26:47.745+0000] {dag.py:3947} INFO - Setting next_dagrun for tutorial_dag to None, run_after=None
[2024-08-04T13:26:47.768+0000] {processor.py:183} INFO - Processing /home/airflow/.local/lib/python3.12/site-packages/airflow/example_dags/tutorial_dag.py took 0.077 seconds
[2024-08-04T13:27:18.217+0000] {processor.py:161} INFO - Started process (PID=2860) to work on /home/airflow/.local/lib/python3.12/site-packages/airflow/example_dags/tutorial_dag.py
[2024-08-04T13:27:18.219+0000] {processor.py:830} INFO - Processing file /home/airflow/.local/lib/python3.12/site-packages/airflow/example_dags/tutorial_dag.py for tasks to queue
[2024-08-04T13:27:18.226+0000] {logging_mixin.py:188} INFO - [2024-08-04T13:27:18.224+0000] {dagbag.py:545} INFO - Filling up the DagBag from /home/airflow/.local/lib/python3.12/site-packages/airflow/example_dags/tutorial_dag.py
[2024-08-04T13:27:18.237+0000] {processor.py:840} INFO - DAG(s) 'tutorial_dag' retrieved from /home/airflow/.local/lib/python3.12/site-packages/airflow/example_dags/tutorial_dag.py
[2024-08-04T13:27:18.264+0000] {logging_mixin.py:188} INFO - [2024-08-04T13:27:18.264+0000] {dag.py:3089} INFO - Sync 1 DAGs
[2024-08-04T13:27:18.289+0000] {logging_mixin.py:188} INFO - [2024-08-04T13:27:18.288+0000] {dag.py:3947} INFO - Setting next_dagrun for tutorial_dag to None, run_after=None
[2024-08-04T13:27:18.320+0000] {processor.py:183} INFO - Processing /home/airflow/.local/lib/python3.12/site-packages/airflow/example_dags/tutorial_dag.py took 0.110 seconds
[2024-08-04T13:27:48.528+0000] {processor.py:161} INFO - Started process (PID=2924) to work on /home/airflow/.local/lib/python3.12/site-packages/airflow/example_dags/tutorial_dag.py
[2024-08-04T13:27:48.530+0000] {processor.py:830} INFO - Processing file /home/airflow/.local/lib/python3.12/site-packages/airflow/example_dags/tutorial_dag.py for tasks to queue
[2024-08-04T13:27:48.532+0000] {logging_mixin.py:188} INFO - [2024-08-04T13:27:48.531+0000] {dagbag.py:545} INFO - Filling up the DagBag from /home/airflow/.local/lib/python3.12/site-packages/airflow/example_dags/tutorial_dag.py
[2024-08-04T13:27:48.540+0000] {processor.py:840} INFO - DAG(s) 'tutorial_dag' retrieved from /home/airflow/.local/lib/python3.12/site-packages/airflow/example_dags/tutorial_dag.py
[2024-08-04T13:27:48.563+0000] {logging_mixin.py:188} INFO - [2024-08-04T13:27:48.563+0000] {dag.py:3089} INFO - Sync 1 DAGs
[2024-08-04T13:27:48.576+0000] {logging_mixin.py:188} INFO - [2024-08-04T13:27:48.576+0000] {dag.py:3947} INFO - Setting next_dagrun for tutorial_dag to None, run_after=None
[2024-08-04T13:27:48.601+0000] {processor.py:183} INFO - Processing /home/airflow/.local/lib/python3.12/site-packages/airflow/example_dags/tutorial_dag.py took 0.079 seconds
[2024-08-04T13:28:19.584+0000] {processor.py:161} INFO - Started process (PID=2988) to work on /home/airflow/.local/lib/python3.12/site-packages/airflow/example_dags/tutorial_dag.py
[2024-08-04T13:28:19.586+0000] {processor.py:830} INFO - Processing file /home/airflow/.local/lib/python3.12/site-packages/airflow/example_dags/tutorial_dag.py for tasks to queue
[2024-08-04T13:28:19.588+0000] {logging_mixin.py:188} INFO - [2024-08-04T13:28:19.588+0000] {dagbag.py:545} INFO - Filling up the DagBag from /home/airflow/.local/lib/python3.12/site-packages/airflow/example_dags/tutorial_dag.py
[2024-08-04T13:28:19.596+0000] {processor.py:840} INFO - DAG(s) 'tutorial_dag' retrieved from /home/airflow/.local/lib/python3.12/site-packages/airflow/example_dags/tutorial_dag.py
[2024-08-04T13:28:19.624+0000] {logging_mixin.py:188} INFO - [2024-08-04T13:28:19.624+0000] {dag.py:3089} INFO - Sync 1 DAGs
[2024-08-04T13:28:19.638+0000] {logging_mixin.py:188} INFO - [2024-08-04T13:28:19.638+0000] {dag.py:3947} INFO - Setting next_dagrun for tutorial_dag to None, run_after=None
[2024-08-04T13:28:19.667+0000] {processor.py:183} INFO - Processing /home/airflow/.local/lib/python3.12/site-packages/airflow/example_dags/tutorial_dag.py took 0.091 seconds
[2024-08-04T13:28:50.853+0000] {processor.py:161} INFO - Started process (PID=3053) to work on /home/airflow/.local/lib/python3.12/site-packages/airflow/example_dags/tutorial_dag.py
[2024-08-04T13:28:50.854+0000] {processor.py:830} INFO - Processing file /home/airflow/.local/lib/python3.12/site-packages/airflow/example_dags/tutorial_dag.py for tasks to queue
[2024-08-04T13:28:50.856+0000] {logging_mixin.py:188} INFO - [2024-08-04T13:28:50.856+0000] {dagbag.py:545} INFO - Filling up the DagBag from /home/airflow/.local/lib/python3.12/site-packages/airflow/example_dags/tutorial_dag.py
[2024-08-04T13:28:50.863+0000] {processor.py:840} INFO - DAG(s) 'tutorial_dag' retrieved from /home/airflow/.local/lib/python3.12/site-packages/airflow/example_dags/tutorial_dag.py
[2024-08-04T13:28:50.886+0000] {logging_mixin.py:188} INFO - [2024-08-04T13:28:50.886+0000] {dag.py:3089} INFO - Sync 1 DAGs
[2024-08-04T13:28:50.899+0000] {logging_mixin.py:188} INFO - [2024-08-04T13:28:50.899+0000] {dag.py:3947} INFO - Setting next_dagrun for tutorial_dag to None, run_after=None
[2024-08-04T13:28:50.922+0000] {processor.py:183} INFO - Processing /home/airflow/.local/lib/python3.12/site-packages/airflow/example_dags/tutorial_dag.py took 0.076 seconds
[2024-08-04T13:29:21.731+0000] {processor.py:161} INFO - Started process (PID=3117) to work on /home/airflow/.local/lib/python3.12/site-packages/airflow/example_dags/tutorial_dag.py
[2024-08-04T13:29:21.737+0000] {processor.py:830} INFO - Processing file /home/airflow/.local/lib/python3.12/site-packages/airflow/example_dags/tutorial_dag.py for tasks to queue
[2024-08-04T13:29:21.740+0000] {logging_mixin.py:188} INFO - [2024-08-04T13:29:21.740+0000] {dagbag.py:545} INFO - Filling up the DagBag from /home/airflow/.local/lib/python3.12/site-packages/airflow/example_dags/tutorial_dag.py
[2024-08-04T13:29:21.750+0000] {processor.py:840} INFO - DAG(s) 'tutorial_dag' retrieved from /home/airflow/.local/lib/python3.12/site-packages/airflow/example_dags/tutorial_dag.py
[2024-08-04T13:29:21.775+0000] {logging_mixin.py:188} INFO - [2024-08-04T13:29:21.775+0000] {dag.py:3089} INFO - Sync 1 DAGs
[2024-08-04T13:29:21.798+0000] {logging_mixin.py:188} INFO - [2024-08-04T13:29:21.798+0000] {dag.py:3947} INFO - Setting next_dagrun for tutorial_dag to None, run_after=None
[2024-08-04T13:29:21.818+0000] {processor.py:183} INFO - Processing /home/airflow/.local/lib/python3.12/site-packages/airflow/example_dags/tutorial_dag.py took 0.095 seconds
[2024-08-04T13:29:53.407+0000] {processor.py:161} INFO - Started process (PID=3181) to work on /home/airflow/.local/lib/python3.12/site-packages/airflow/example_dags/tutorial_dag.py
[2024-08-04T13:29:53.408+0000] {processor.py:830} INFO - Processing file /home/airflow/.local/lib/python3.12/site-packages/airflow/example_dags/tutorial_dag.py for tasks to queue
[2024-08-04T13:29:53.411+0000] {logging_mixin.py:188} INFO - [2024-08-04T13:29:53.410+0000] {dagbag.py:545} INFO - Filling up the DagBag from /home/airflow/.local/lib/python3.12/site-packages/airflow/example_dags/tutorial_dag.py
[2024-08-04T13:29:53.418+0000] {processor.py:840} INFO - DAG(s) 'tutorial_dag' retrieved from /home/airflow/.local/lib/python3.12/site-packages/airflow/example_dags/tutorial_dag.py
[2024-08-04T13:29:53.445+0000] {logging_mixin.py:188} INFO - [2024-08-04T13:29:53.444+0000] {dag.py:3089} INFO - Sync 1 DAGs
[2024-08-04T13:29:53.462+0000] {logging_mixin.py:188} INFO - [2024-08-04T13:29:53.461+0000] {dag.py:3947} INFO - Setting next_dagrun for tutorial_dag to None, run_after=None
[2024-08-04T13:29:53.489+0000] {processor.py:183} INFO - Processing /home/airflow/.local/lib/python3.12/site-packages/airflow/example_dags/tutorial_dag.py took 0.090 seconds
[2024-08-04T13:30:25.357+0000] {processor.py:161} INFO - Started process (PID=3245) to work on /home/airflow/.local/lib/python3.12/site-packages/airflow/example_dags/tutorial_dag.py
[2024-08-04T13:30:25.359+0000] {processor.py:830} INFO - Processing file /home/airflow/.local/lib/python3.12/site-packages/airflow/example_dags/tutorial_dag.py for tasks to queue
[2024-08-04T13:30:25.361+0000] {logging_mixin.py:188} INFO - [2024-08-04T13:30:25.361+0000] {dagbag.py:545} INFO - Filling up the DagBag from /home/airflow/.local/lib/python3.12/site-packages/airflow/example_dags/tutorial_dag.py
[2024-08-04T13:30:25.368+0000] {processor.py:840} INFO - DAG(s) 'tutorial_dag' retrieved from /home/airflow/.local/lib/python3.12/site-packages/airflow/example_dags/tutorial_dag.py
[2024-08-04T13:30:25.395+0000] {logging_mixin.py:188} INFO - [2024-08-04T13:30:25.395+0000] {dag.py:3089} INFO - Sync 1 DAGs
[2024-08-04T13:30:25.410+0000] {logging_mixin.py:188} INFO - [2024-08-04T13:30:25.410+0000] {dag.py:3947} INFO - Setting next_dagrun for tutorial_dag to None, run_after=None
[2024-08-04T13:30:25.446+0000] {processor.py:183} INFO - Processing /home/airflow/.local/lib/python3.12/site-packages/airflow/example_dags/tutorial_dag.py took 0.097 seconds
[2024-08-04T13:30:55.996+0000] {processor.py:161} INFO - Started process (PID=3309) to work on /home/airflow/.local/lib/python3.12/site-packages/airflow/example_dags/tutorial_dag.py
[2024-08-04T13:30:55.998+0000] {processor.py:830} INFO - Processing file /home/airflow/.local/lib/python3.12/site-packages/airflow/example_dags/tutorial_dag.py for tasks to queue
[2024-08-04T13:30:56.002+0000] {logging_mixin.py:188} INFO - [2024-08-04T13:30:56.001+0000] {dagbag.py:545} INFO - Filling up the DagBag from /home/airflow/.local/lib/python3.12/site-packages/airflow/example_dags/tutorial_dag.py
[2024-08-04T13:30:56.013+0000] {processor.py:840} INFO - DAG(s) 'tutorial_dag' retrieved from /home/airflow/.local/lib/python3.12/site-packages/airflow/example_dags/tutorial_dag.py
[2024-08-04T13:30:56.086+0000] {logging_mixin.py:188} INFO - [2024-08-04T13:30:56.086+0000] {dag.py:3089} INFO - Sync 1 DAGs
[2024-08-04T13:30:56.113+0000] {logging_mixin.py:188} INFO - [2024-08-04T13:30:56.113+0000] {dag.py:3947} INFO - Setting next_dagrun for tutorial_dag to None, run_after=None
[2024-08-04T13:30:56.150+0000] {processor.py:183} INFO - Processing /home/airflow/.local/lib/python3.12/site-packages/airflow/example_dags/tutorial_dag.py took 0.170 seconds
[2024-08-04T13:31:27.193+0000] {processor.py:161} INFO - Started process (PID=3373) to work on /home/airflow/.local/lib/python3.12/site-packages/airflow/example_dags/tutorial_dag.py
[2024-08-04T13:31:27.199+0000] {processor.py:830} INFO - Processing file /home/airflow/.local/lib/python3.12/site-packages/airflow/example_dags/tutorial_dag.py for tasks to queue
[2024-08-04T13:31:27.205+0000] {logging_mixin.py:188} INFO - [2024-08-04T13:31:27.204+0000] {dagbag.py:545} INFO - Filling up the DagBag from /home/airflow/.local/lib/python3.12/site-packages/airflow/example_dags/tutorial_dag.py
[2024-08-04T13:31:27.223+0000] {processor.py:840} INFO - DAG(s) 'tutorial_dag' retrieved from /home/airflow/.local/lib/python3.12/site-packages/airflow/example_dags/tutorial_dag.py
[2024-08-04T13:31:27.263+0000] {logging_mixin.py:188} INFO - [2024-08-04T13:31:27.263+0000] {dag.py:3089} INFO - Sync 1 DAGs
[2024-08-04T13:31:27.283+0000] {logging_mixin.py:188} INFO - [2024-08-04T13:31:27.283+0000] {dag.py:3947} INFO - Setting next_dagrun for tutorial_dag to None, run_after=None
[2024-08-04T13:31:27.319+0000] {processor.py:183} INFO - Processing /home/airflow/.local/lib/python3.12/site-packages/airflow/example_dags/tutorial_dag.py took 0.154 seconds
[2024-08-04T13:31:57.465+0000] {processor.py:161} INFO - Started process (PID=3437) to work on /home/airflow/.local/lib/python3.12/site-packages/airflow/example_dags/tutorial_dag.py
[2024-08-04T13:31:57.467+0000] {processor.py:830} INFO - Processing file /home/airflow/.local/lib/python3.12/site-packages/airflow/example_dags/tutorial_dag.py for tasks to queue
[2024-08-04T13:31:57.470+0000] {logging_mixin.py:188} INFO - [2024-08-04T13:31:57.470+0000] {dagbag.py:545} INFO - Filling up the DagBag from /home/airflow/.local/lib/python3.12/site-packages/airflow/example_dags/tutorial_dag.py
[2024-08-04T13:31:57.479+0000] {processor.py:840} INFO - DAG(s) 'tutorial_dag' retrieved from /home/airflow/.local/lib/python3.12/site-packages/airflow/example_dags/tutorial_dag.py
[2024-08-04T13:31:57.505+0000] {logging_mixin.py:188} INFO - [2024-08-04T13:31:57.504+0000] {dag.py:3089} INFO - Sync 1 DAGs
[2024-08-04T13:31:57.521+0000] {logging_mixin.py:188} INFO - [2024-08-04T13:31:57.520+0000] {dag.py:3947} INFO - Setting next_dagrun for tutorial_dag to None, run_after=None
[2024-08-04T13:31:57.548+0000] {processor.py:183} INFO - Processing /home/airflow/.local/lib/python3.12/site-packages/airflow/example_dags/tutorial_dag.py took 0.094 seconds
[2024-08-04T13:32:28.457+0000] {processor.py:161} INFO - Started process (PID=3500) to work on /home/airflow/.local/lib/python3.12/site-packages/airflow/example_dags/tutorial_dag.py
[2024-08-04T13:32:28.459+0000] {processor.py:830} INFO - Processing file /home/airflow/.local/lib/python3.12/site-packages/airflow/example_dags/tutorial_dag.py for tasks to queue
[2024-08-04T13:32:28.461+0000] {logging_mixin.py:188} INFO - [2024-08-04T13:32:28.461+0000] {dagbag.py:545} INFO - Filling up the DagBag from /home/airflow/.local/lib/python3.12/site-packages/airflow/example_dags/tutorial_dag.py
[2024-08-04T13:32:28.468+0000] {processor.py:840} INFO - DAG(s) 'tutorial_dag' retrieved from /home/airflow/.local/lib/python3.12/site-packages/airflow/example_dags/tutorial_dag.py
[2024-08-04T13:32:28.489+0000] {logging_mixin.py:188} INFO - [2024-08-04T13:32:28.489+0000] {dag.py:3089} INFO - Sync 1 DAGs
[2024-08-04T13:32:28.505+0000] {logging_mixin.py:188} INFO - [2024-08-04T13:32:28.505+0000] {dag.py:3947} INFO - Setting next_dagrun for tutorial_dag to None, run_after=None
[2024-08-04T13:32:28.530+0000] {processor.py:183} INFO - Processing /home/airflow/.local/lib/python3.12/site-packages/airflow/example_dags/tutorial_dag.py took 0.083 seconds
[2024-08-04T13:32:59.567+0000] {processor.py:161} INFO - Started process (PID=3564) to work on /home/airflow/.local/lib/python3.12/site-packages/airflow/example_dags/tutorial_dag.py
[2024-08-04T13:32:59.569+0000] {processor.py:830} INFO - Processing file /home/airflow/.local/lib/python3.12/site-packages/airflow/example_dags/tutorial_dag.py for tasks to queue
[2024-08-04T13:32:59.572+0000] {logging_mixin.py:188} INFO - [2024-08-04T13:32:59.572+0000] {dagbag.py:545} INFO - Filling up the DagBag from /home/airflow/.local/lib/python3.12/site-packages/airflow/example_dags/tutorial_dag.py
[2024-08-04T13:32:59.580+0000] {processor.py:840} INFO - DAG(s) 'tutorial_dag' retrieved from /home/airflow/.local/lib/python3.12/site-packages/airflow/example_dags/tutorial_dag.py
[2024-08-04T13:32:59.602+0000] {logging_mixin.py:188} INFO - [2024-08-04T13:32:59.601+0000] {dag.py:3089} INFO - Sync 1 DAGs
[2024-08-04T13:32:59.618+0000] {logging_mixin.py:188} INFO - [2024-08-04T13:32:59.618+0000] {dag.py:3947} INFO - Setting next_dagrun for tutorial_dag to None, run_after=None
[2024-08-04T13:32:59.642+0000] {processor.py:183} INFO - Processing /home/airflow/.local/lib/python3.12/site-packages/airflow/example_dags/tutorial_dag.py took 0.082 seconds
[2024-08-04T13:33:30.313+0000] {processor.py:161} INFO - Started process (PID=3628) to work on /home/airflow/.local/lib/python3.12/site-packages/airflow/example_dags/tutorial_dag.py
[2024-08-04T13:33:30.318+0000] {processor.py:830} INFO - Processing file /home/airflow/.local/lib/python3.12/site-packages/airflow/example_dags/tutorial_dag.py for tasks to queue
[2024-08-04T13:33:30.321+0000] {logging_mixin.py:188} INFO - [2024-08-04T13:33:30.321+0000] {dagbag.py:545} INFO - Filling up the DagBag from /home/airflow/.local/lib/python3.12/site-packages/airflow/example_dags/tutorial_dag.py
[2024-08-04T13:33:30.328+0000] {processor.py:840} INFO - DAG(s) 'tutorial_dag' retrieved from /home/airflow/.local/lib/python3.12/site-packages/airflow/example_dags/tutorial_dag.py
[2024-08-04T13:33:30.358+0000] {logging_mixin.py:188} INFO - [2024-08-04T13:33:30.357+0000] {dag.py:3089} INFO - Sync 1 DAGs
[2024-08-04T13:33:30.376+0000] {logging_mixin.py:188} INFO - [2024-08-04T13:33:30.376+0000] {dag.py:3947} INFO - Setting next_dagrun for tutorial_dag to None, run_after=None
[2024-08-04T13:33:30.402+0000] {processor.py:183} INFO - Processing /home/airflow/.local/lib/python3.12/site-packages/airflow/example_dags/tutorial_dag.py took 0.097 seconds
[2024-08-04T13:34:01.037+0000] {processor.py:161} INFO - Started process (PID=3692) to work on /home/airflow/.local/lib/python3.12/site-packages/airflow/example_dags/tutorial_dag.py
[2024-08-04T13:34:01.039+0000] {processor.py:830} INFO - Processing file /home/airflow/.local/lib/python3.12/site-packages/airflow/example_dags/tutorial_dag.py for tasks to queue
[2024-08-04T13:34:01.041+0000] {logging_mixin.py:188} INFO - [2024-08-04T13:34:01.041+0000] {dagbag.py:545} INFO - Filling up the DagBag from /home/airflow/.local/lib/python3.12/site-packages/airflow/example_dags/tutorial_dag.py
[2024-08-04T13:34:01.048+0000] {processor.py:840} INFO - DAG(s) 'tutorial_dag' retrieved from /home/airflow/.local/lib/python3.12/site-packages/airflow/example_dags/tutorial_dag.py
[2024-08-04T13:34:01.069+0000] {logging_mixin.py:188} INFO - [2024-08-04T13:34:01.068+0000] {dag.py:3089} INFO - Sync 1 DAGs
[2024-08-04T13:34:01.084+0000] {logging_mixin.py:188} INFO - [2024-08-04T13:34:01.084+0000] {dag.py:3947} INFO - Setting next_dagrun for tutorial_dag to None, run_after=None
[2024-08-04T13:34:01.114+0000] {processor.py:183} INFO - Processing /home/airflow/.local/lib/python3.12/site-packages/airflow/example_dags/tutorial_dag.py took 0.083 seconds
[2024-08-04T13:34:32.043+0000] {processor.py:161} INFO - Started process (PID=3756) to work on /home/airflow/.local/lib/python3.12/site-packages/airflow/example_dags/tutorial_dag.py
[2024-08-04T13:34:32.044+0000] {processor.py:830} INFO - Processing file /home/airflow/.local/lib/python3.12/site-packages/airflow/example_dags/tutorial_dag.py for tasks to queue
[2024-08-04T13:34:32.046+0000] {logging_mixin.py:188} INFO - [2024-08-04T13:34:32.046+0000] {dagbag.py:545} INFO - Filling up the DagBag from /home/airflow/.local/lib/python3.12/site-packages/airflow/example_dags/tutorial_dag.py
[2024-08-04T13:34:32.054+0000] {processor.py:840} INFO - DAG(s) 'tutorial_dag' retrieved from /home/airflow/.local/lib/python3.12/site-packages/airflow/example_dags/tutorial_dag.py
[2024-08-04T13:34:32.077+0000] {logging_mixin.py:188} INFO - [2024-08-04T13:34:32.076+0000] {dag.py:3089} INFO - Sync 1 DAGs
[2024-08-04T13:34:32.091+0000] {logging_mixin.py:188} INFO - [2024-08-04T13:34:32.091+0000] {dag.py:3947} INFO - Setting next_dagrun for tutorial_dag to None, run_after=None
[2024-08-04T13:34:32.118+0000] {processor.py:183} INFO - Processing /home/airflow/.local/lib/python3.12/site-packages/airflow/example_dags/tutorial_dag.py took 0.082 seconds
[2024-08-04T13:35:02.386+0000] {processor.py:161} INFO - Started process (PID=3820) to work on /home/airflow/.local/lib/python3.12/site-packages/airflow/example_dags/tutorial_dag.py
[2024-08-04T13:35:02.387+0000] {processor.py:830} INFO - Processing file /home/airflow/.local/lib/python3.12/site-packages/airflow/example_dags/tutorial_dag.py for tasks to queue
[2024-08-04T13:35:02.390+0000] {logging_mixin.py:188} INFO - [2024-08-04T13:35:02.389+0000] {dagbag.py:545} INFO - Filling up the DagBag from /home/airflow/.local/lib/python3.12/site-packages/airflow/example_dags/tutorial_dag.py
[2024-08-04T13:35:02.397+0000] {processor.py:840} INFO - DAG(s) 'tutorial_dag' retrieved from /home/airflow/.local/lib/python3.12/site-packages/airflow/example_dags/tutorial_dag.py
[2024-08-04T13:35:02.418+0000] {logging_mixin.py:188} INFO - [2024-08-04T13:35:02.417+0000] {dag.py:3089} INFO - Sync 1 DAGs
[2024-08-04T13:35:02.431+0000] {logging_mixin.py:188} INFO - [2024-08-04T13:35:02.431+0000] {dag.py:3947} INFO - Setting next_dagrun for tutorial_dag to None, run_after=None
[2024-08-04T13:35:02.457+0000] {processor.py:183} INFO - Processing /home/airflow/.local/lib/python3.12/site-packages/airflow/example_dags/tutorial_dag.py took 0.078 seconds
