[2024-08-04T12:59:05.384+0000] {processor.py:161} INFO - Started process (PID=74) to work on /home/airflow/.local/lib/python3.12/site-packages/airflow/example_dags/tutorial.py
[2024-08-04T12:59:05.386+0000] {processor.py:830} INFO - Processing file /home/airflow/.local/lib/python3.12/site-packages/airflow/example_dags/tutorial.py for tasks to queue
[2024-08-04T12:59:05.389+0000] {logging_mixin.py:188} INFO - [2024-08-04T12:59:05.388+0000] {dagbag.py:545} INFO - Filling up the DagBag from /home/airflow/.local/lib/python3.12/site-packages/airflow/example_dags/tutorial.py
[2024-08-04T12:59:05.399+0000] {processor.py:840} INFO - DAG(s) 'tutorial' retrieved from /home/airflow/.local/lib/python3.12/site-packages/airflow/example_dags/tutorial.py
[2024-08-04T12:59:05.424+0000] {logging_mixin.py:188} INFO - [2024-08-04T12:59:05.424+0000] {dag.py:3089} INFO - Sync 1 DAGs
[2024-08-04T12:59:05.452+0000] {logging_mixin.py:188} INFO - [2024-08-04T12:59:05.451+0000] {dag.py:3947} INFO - Setting next_dagrun for tutorial to 2024-08-03 00:00:00+00:00, run_after=2024-08-04 00:00:00+00:00
[2024-08-04T12:59:05.478+0000] {processor.py:183} INFO - Processing /home/airflow/.local/lib/python3.12/site-packages/airflow/example_dags/tutorial.py took 0.100 seconds
[2024-08-04T12:59:35.995+0000] {processor.py:161} INFO - Started process (PID=138) to work on /home/airflow/.local/lib/python3.12/site-packages/airflow/example_dags/tutorial.py
[2024-08-04T12:59:35.996+0000] {processor.py:830} INFO - Processing file /home/airflow/.local/lib/python3.12/site-packages/airflow/example_dags/tutorial.py for tasks to queue
[2024-08-04T12:59:35.999+0000] {logging_mixin.py:188} INFO - [2024-08-04T12:59:35.998+0000] {dagbag.py:545} INFO - Filling up the DagBag from /home/airflow/.local/lib/python3.12/site-packages/airflow/example_dags/tutorial.py
[2024-08-04T12:59:36.005+0000] {processor.py:840} INFO - DAG(s) 'tutorial' retrieved from /home/airflow/.local/lib/python3.12/site-packages/airflow/example_dags/tutorial.py
[2024-08-04T12:59:36.025+0000] {logging_mixin.py:188} INFO - [2024-08-04T12:59:36.025+0000] {dag.py:3089} INFO - Sync 1 DAGs
[2024-08-04T12:59:36.050+0000] {logging_mixin.py:188} INFO - [2024-08-04T12:59:36.050+0000] {dag.py:3947} INFO - Setting next_dagrun for tutorial to 2024-08-03 00:00:00+00:00, run_after=2024-08-04 00:00:00+00:00
[2024-08-04T12:59:36.075+0000] {processor.py:183} INFO - Processing /home/airflow/.local/lib/python3.12/site-packages/airflow/example_dags/tutorial.py took 0.087 seconds
[2024-08-04T13:00:08.395+0000] {processor.py:161} INFO - Started process (PID=202) to work on /home/airflow/.local/lib/python3.12/site-packages/airflow/example_dags/tutorial.py
[2024-08-04T13:00:08.396+0000] {processor.py:830} INFO - Processing file /home/airflow/.local/lib/python3.12/site-packages/airflow/example_dags/tutorial.py for tasks to queue
[2024-08-04T13:00:08.398+0000] {logging_mixin.py:188} INFO - [2024-08-04T13:00:08.398+0000] {dagbag.py:545} INFO - Filling up the DagBag from /home/airflow/.local/lib/python3.12/site-packages/airflow/example_dags/tutorial.py
[2024-08-04T13:00:08.405+0000] {processor.py:840} INFO - DAG(s) 'tutorial' retrieved from /home/airflow/.local/lib/python3.12/site-packages/airflow/example_dags/tutorial.py
[2024-08-04T13:00:08.426+0000] {logging_mixin.py:188} INFO - [2024-08-04T13:00:08.426+0000] {dag.py:3089} INFO - Sync 1 DAGs
[2024-08-04T13:00:08.449+0000] {logging_mixin.py:188} INFO - [2024-08-04T13:00:08.449+0000] {dag.py:3947} INFO - Setting next_dagrun for tutorial to 2024-08-03 00:00:00+00:00, run_after=2024-08-04 00:00:00+00:00
[2024-08-04T13:00:08.473+0000] {processor.py:183} INFO - Processing /home/airflow/.local/lib/python3.12/site-packages/airflow/example_dags/tutorial.py took 0.084 seconds
[2024-08-04T13:00:39.717+0000] {processor.py:161} INFO - Started process (PID=266) to work on /home/airflow/.local/lib/python3.12/site-packages/airflow/example_dags/tutorial.py
[2024-08-04T13:00:39.718+0000] {processor.py:830} INFO - Processing file /home/airflow/.local/lib/python3.12/site-packages/airflow/example_dags/tutorial.py for tasks to queue
[2024-08-04T13:00:39.721+0000] {logging_mixin.py:188} INFO - [2024-08-04T13:00:39.720+0000] {dagbag.py:545} INFO - Filling up the DagBag from /home/airflow/.local/lib/python3.12/site-packages/airflow/example_dags/tutorial.py
[2024-08-04T13:00:39.728+0000] {processor.py:840} INFO - DAG(s) 'tutorial' retrieved from /home/airflow/.local/lib/python3.12/site-packages/airflow/example_dags/tutorial.py
[2024-08-04T13:00:39.751+0000] {logging_mixin.py:188} INFO - [2024-08-04T13:00:39.750+0000] {dag.py:3089} INFO - Sync 1 DAGs
[2024-08-04T13:00:39.776+0000] {logging_mixin.py:188} INFO - [2024-08-04T13:00:39.776+0000] {dag.py:3947} INFO - Setting next_dagrun for tutorial to 2024-08-03 00:00:00+00:00, run_after=2024-08-04 00:00:00+00:00
[2024-08-04T13:00:39.800+0000] {processor.py:183} INFO - Processing /home/airflow/.local/lib/python3.12/site-packages/airflow/example_dags/tutorial.py took 0.090 seconds
[2024-08-04T13:01:10.706+0000] {processor.py:161} INFO - Started process (PID=331) to work on /home/airflow/.local/lib/python3.12/site-packages/airflow/example_dags/tutorial.py
[2024-08-04T13:01:10.708+0000] {processor.py:830} INFO - Processing file /home/airflow/.local/lib/python3.12/site-packages/airflow/example_dags/tutorial.py for tasks to queue
[2024-08-04T13:01:10.711+0000] {logging_mixin.py:188} INFO - [2024-08-04T13:01:10.711+0000] {dagbag.py:545} INFO - Filling up the DagBag from /home/airflow/.local/lib/python3.12/site-packages/airflow/example_dags/tutorial.py
[2024-08-04T13:01:10.721+0000] {processor.py:840} INFO - DAG(s) 'tutorial' retrieved from /home/airflow/.local/lib/python3.12/site-packages/airflow/example_dags/tutorial.py
[2024-08-04T13:01:10.746+0000] {logging_mixin.py:188} INFO - [2024-08-04T13:01:10.746+0000] {dag.py:3089} INFO - Sync 1 DAGs
[2024-08-04T13:01:10.773+0000] {logging_mixin.py:188} INFO - [2024-08-04T13:01:10.773+0000] {dag.py:3947} INFO - Setting next_dagrun for tutorial to 2024-08-03 00:00:00+00:00, run_after=2024-08-04 00:00:00+00:00
[2024-08-04T13:01:10.795+0000] {processor.py:183} INFO - Processing /home/airflow/.local/lib/python3.12/site-packages/airflow/example_dags/tutorial.py took 0.096 seconds
[2024-08-04T13:01:41.528+0000] {processor.py:161} INFO - Started process (PID=395) to work on /home/airflow/.local/lib/python3.12/site-packages/airflow/example_dags/tutorial.py
[2024-08-04T13:01:41.530+0000] {processor.py:830} INFO - Processing file /home/airflow/.local/lib/python3.12/site-packages/airflow/example_dags/tutorial.py for tasks to queue
[2024-08-04T13:01:41.533+0000] {logging_mixin.py:188} INFO - [2024-08-04T13:01:41.533+0000] {dagbag.py:545} INFO - Filling up the DagBag from /home/airflow/.local/lib/python3.12/site-packages/airflow/example_dags/tutorial.py
[2024-08-04T13:01:41.542+0000] {processor.py:840} INFO - DAG(s) 'tutorial' retrieved from /home/airflow/.local/lib/python3.12/site-packages/airflow/example_dags/tutorial.py
[2024-08-04T13:01:41.569+0000] {logging_mixin.py:188} INFO - [2024-08-04T13:01:41.569+0000] {dag.py:3089} INFO - Sync 1 DAGs
[2024-08-04T13:01:41.594+0000] {logging_mixin.py:188} INFO - [2024-08-04T13:01:41.594+0000] {dag.py:3947} INFO - Setting next_dagrun for tutorial to 2024-08-03 00:00:00+00:00, run_after=2024-08-04 00:00:00+00:00
[2024-08-04T13:01:41.616+0000] {processor.py:183} INFO - Processing /home/airflow/.local/lib/python3.12/site-packages/airflow/example_dags/tutorial.py took 0.095 seconds
[2024-08-04T13:02:12.503+0000] {processor.py:161} INFO - Started process (PID=459) to work on /home/airflow/.local/lib/python3.12/site-packages/airflow/example_dags/tutorial.py
[2024-08-04T13:02:12.504+0000] {processor.py:830} INFO - Processing file /home/airflow/.local/lib/python3.12/site-packages/airflow/example_dags/tutorial.py for tasks to queue
[2024-08-04T13:02:12.507+0000] {logging_mixin.py:188} INFO - [2024-08-04T13:02:12.506+0000] {dagbag.py:545} INFO - Filling up the DagBag from /home/airflow/.local/lib/python3.12/site-packages/airflow/example_dags/tutorial.py
[2024-08-04T13:02:12.515+0000] {processor.py:840} INFO - DAG(s) 'tutorial' retrieved from /home/airflow/.local/lib/python3.12/site-packages/airflow/example_dags/tutorial.py
[2024-08-04T13:02:12.546+0000] {logging_mixin.py:188} INFO - [2024-08-04T13:02:12.545+0000] {dag.py:3089} INFO - Sync 1 DAGs
[2024-08-04T13:02:12.577+0000] {logging_mixin.py:188} INFO - [2024-08-04T13:02:12.577+0000] {dag.py:3947} INFO - Setting next_dagrun for tutorial to 2024-08-03 00:00:00+00:00, run_after=2024-08-04 00:00:00+00:00
[2024-08-04T13:02:12.607+0000] {processor.py:183} INFO - Processing /home/airflow/.local/lib/python3.12/site-packages/airflow/example_dags/tutorial.py took 0.111 seconds
[2024-08-04T13:02:43.454+0000] {processor.py:161} INFO - Started process (PID=524) to work on /home/airflow/.local/lib/python3.12/site-packages/airflow/example_dags/tutorial.py
[2024-08-04T13:02:43.456+0000] {processor.py:830} INFO - Processing file /home/airflow/.local/lib/python3.12/site-packages/airflow/example_dags/tutorial.py for tasks to queue
[2024-08-04T13:02:43.460+0000] {logging_mixin.py:188} INFO - [2024-08-04T13:02:43.460+0000] {dagbag.py:545} INFO - Filling up the DagBag from /home/airflow/.local/lib/python3.12/site-packages/airflow/example_dags/tutorial.py
[2024-08-04T13:02:43.468+0000] {processor.py:840} INFO - DAG(s) 'tutorial' retrieved from /home/airflow/.local/lib/python3.12/site-packages/airflow/example_dags/tutorial.py
[2024-08-04T13:02:43.504+0000] {logging_mixin.py:188} INFO - [2024-08-04T13:02:43.503+0000] {dag.py:3089} INFO - Sync 1 DAGs
[2024-08-04T13:02:43.546+0000] {logging_mixin.py:188} INFO - [2024-08-04T13:02:43.546+0000] {dag.py:3947} INFO - Setting next_dagrun for tutorial to 2024-08-03 00:00:00+00:00, run_after=2024-08-04 00:00:00+00:00
[2024-08-04T13:02:43.590+0000] {processor.py:183} INFO - Processing /home/airflow/.local/lib/python3.12/site-packages/airflow/example_dags/tutorial.py took 0.150 seconds
[2024-08-04T13:05:00.178+0000] {processor.py:161} INFO - Started process (PID=75) to work on /home/airflow/.local/lib/python3.12/site-packages/airflow/example_dags/tutorial.py
[2024-08-04T13:05:00.180+0000] {processor.py:830} INFO - Processing file /home/airflow/.local/lib/python3.12/site-packages/airflow/example_dags/tutorial.py for tasks to queue
[2024-08-04T13:05:00.183+0000] {logging_mixin.py:188} INFO - [2024-08-04T13:05:00.182+0000] {dagbag.py:545} INFO - Filling up the DagBag from /home/airflow/.local/lib/python3.12/site-packages/airflow/example_dags/tutorial.py
[2024-08-04T13:05:00.196+0000] {processor.py:840} INFO - DAG(s) 'tutorial' retrieved from /home/airflow/.local/lib/python3.12/site-packages/airflow/example_dags/tutorial.py
[2024-08-04T13:05:00.328+0000] {logging_mixin.py:188} INFO - [2024-08-04T13:05:00.328+0000] {dag.py:3089} INFO - Sync 1 DAGs
[2024-08-04T13:05:00.356+0000] {logging_mixin.py:188} INFO - [2024-08-04T13:05:00.356+0000] {dag.py:3947} INFO - Setting next_dagrun for tutorial to 2024-08-03 00:00:00+00:00, run_after=2024-08-04 00:00:00+00:00
[2024-08-04T13:05:00.379+0000] {processor.py:183} INFO - Processing /home/airflow/.local/lib/python3.12/site-packages/airflow/example_dags/tutorial.py took 0.208 seconds
[2024-08-04T13:05:30.525+0000] {processor.py:161} INFO - Started process (PID=140) to work on /home/airflow/.local/lib/python3.12/site-packages/airflow/example_dags/tutorial.py
[2024-08-04T13:05:30.527+0000] {processor.py:830} INFO - Processing file /home/airflow/.local/lib/python3.12/site-packages/airflow/example_dags/tutorial.py for tasks to queue
[2024-08-04T13:05:30.531+0000] {logging_mixin.py:188} INFO - [2024-08-04T13:05:30.530+0000] {dagbag.py:545} INFO - Filling up the DagBag from /home/airflow/.local/lib/python3.12/site-packages/airflow/example_dags/tutorial.py
[2024-08-04T13:05:30.537+0000] {processor.py:840} INFO - DAG(s) 'tutorial' retrieved from /home/airflow/.local/lib/python3.12/site-packages/airflow/example_dags/tutorial.py
[2024-08-04T13:05:30.565+0000] {logging_mixin.py:188} INFO - [2024-08-04T13:05:30.565+0000] {dag.py:3089} INFO - Sync 1 DAGs
[2024-08-04T13:05:30.592+0000] {logging_mixin.py:188} INFO - [2024-08-04T13:05:30.592+0000] {dag.py:3947} INFO - Setting next_dagrun for tutorial to 2024-08-03 00:00:00+00:00, run_after=2024-08-04 00:00:00+00:00
[2024-08-04T13:05:30.615+0000] {processor.py:183} INFO - Processing /home/airflow/.local/lib/python3.12/site-packages/airflow/example_dags/tutorial.py took 0.099 seconds
[2024-08-04T13:06:01.946+0000] {processor.py:161} INFO - Started process (PID=204) to work on /home/airflow/.local/lib/python3.12/site-packages/airflow/example_dags/tutorial.py
[2024-08-04T13:06:01.947+0000] {processor.py:830} INFO - Processing file /home/airflow/.local/lib/python3.12/site-packages/airflow/example_dags/tutorial.py for tasks to queue
[2024-08-04T13:06:01.950+0000] {logging_mixin.py:188} INFO - [2024-08-04T13:06:01.949+0000] {dagbag.py:545} INFO - Filling up the DagBag from /home/airflow/.local/lib/python3.12/site-packages/airflow/example_dags/tutorial.py
[2024-08-04T13:06:01.958+0000] {processor.py:840} INFO - DAG(s) 'tutorial' retrieved from /home/airflow/.local/lib/python3.12/site-packages/airflow/example_dags/tutorial.py
[2024-08-04T13:06:01.980+0000] {logging_mixin.py:188} INFO - [2024-08-04T13:06:01.980+0000] {dag.py:3089} INFO - Sync 1 DAGs
[2024-08-04T13:06:02.004+0000] {logging_mixin.py:188} INFO - [2024-08-04T13:06:02.004+0000] {dag.py:3947} INFO - Setting next_dagrun for tutorial to 2024-08-03 00:00:00+00:00, run_after=2024-08-04 00:00:00+00:00
[2024-08-04T13:06:02.027+0000] {processor.py:183} INFO - Processing /home/airflow/.local/lib/python3.12/site-packages/airflow/example_dags/tutorial.py took 0.088 seconds
[2024-08-04T13:06:32.724+0000] {processor.py:161} INFO - Started process (PID=272) to work on /home/airflow/.local/lib/python3.12/site-packages/airflow/example_dags/tutorial.py
[2024-08-04T13:06:32.725+0000] {processor.py:830} INFO - Processing file /home/airflow/.local/lib/python3.12/site-packages/airflow/example_dags/tutorial.py for tasks to queue
[2024-08-04T13:06:32.728+0000] {logging_mixin.py:188} INFO - [2024-08-04T13:06:32.727+0000] {dagbag.py:545} INFO - Filling up the DagBag from /home/airflow/.local/lib/python3.12/site-packages/airflow/example_dags/tutorial.py
[2024-08-04T13:06:32.734+0000] {processor.py:840} INFO - DAG(s) 'tutorial' retrieved from /home/airflow/.local/lib/python3.12/site-packages/airflow/example_dags/tutorial.py
[2024-08-04T13:06:32.754+0000] {logging_mixin.py:188} INFO - [2024-08-04T13:06:32.753+0000] {dag.py:3089} INFO - Sync 1 DAGs
[2024-08-04T13:06:32.779+0000] {logging_mixin.py:188} INFO - [2024-08-04T13:06:32.779+0000] {dag.py:3947} INFO - Setting next_dagrun for tutorial to 2024-08-03 00:00:00+00:00, run_after=2024-08-04 00:00:00+00:00
[2024-08-04T13:06:32.800+0000] {processor.py:183} INFO - Processing /home/airflow/.local/lib/python3.12/site-packages/airflow/example_dags/tutorial.py took 0.082 seconds
[2024-08-04T13:07:03.578+0000] {processor.py:161} INFO - Started process (PID=336) to work on /home/airflow/.local/lib/python3.12/site-packages/airflow/example_dags/tutorial.py
[2024-08-04T13:07:03.580+0000] {processor.py:830} INFO - Processing file /home/airflow/.local/lib/python3.12/site-packages/airflow/example_dags/tutorial.py for tasks to queue
[2024-08-04T13:07:03.585+0000] {logging_mixin.py:188} INFO - [2024-08-04T13:07:03.584+0000] {dagbag.py:545} INFO - Filling up the DagBag from /home/airflow/.local/lib/python3.12/site-packages/airflow/example_dags/tutorial.py
[2024-08-04T13:07:03.596+0000] {processor.py:840} INFO - DAG(s) 'tutorial' retrieved from /home/airflow/.local/lib/python3.12/site-packages/airflow/example_dags/tutorial.py
[2024-08-04T13:07:03.641+0000] {logging_mixin.py:188} INFO - [2024-08-04T13:07:03.640+0000] {dag.py:3089} INFO - Sync 1 DAGs
[2024-08-04T13:07:03.677+0000] {logging_mixin.py:188} INFO - [2024-08-04T13:07:03.676+0000] {dag.py:3947} INFO - Setting next_dagrun for tutorial to 2024-08-03 00:00:00+00:00, run_after=2024-08-04 00:00:00+00:00
[2024-08-04T13:07:03.704+0000] {processor.py:183} INFO - Processing /home/airflow/.local/lib/python3.12/site-packages/airflow/example_dags/tutorial.py took 0.136 seconds
[2024-08-04T13:07:35.200+0000] {processor.py:161} INFO - Started process (PID=400) to work on /home/airflow/.local/lib/python3.12/site-packages/airflow/example_dags/tutorial.py
[2024-08-04T13:07:35.202+0000] {processor.py:830} INFO - Processing file /home/airflow/.local/lib/python3.12/site-packages/airflow/example_dags/tutorial.py for tasks to queue
[2024-08-04T13:07:35.205+0000] {logging_mixin.py:188} INFO - [2024-08-04T13:07:35.205+0000] {dagbag.py:545} INFO - Filling up the DagBag from /home/airflow/.local/lib/python3.12/site-packages/airflow/example_dags/tutorial.py
[2024-08-04T13:07:35.214+0000] {processor.py:840} INFO - DAG(s) 'tutorial' retrieved from /home/airflow/.local/lib/python3.12/site-packages/airflow/example_dags/tutorial.py
[2024-08-04T13:07:35.241+0000] {logging_mixin.py:188} INFO - [2024-08-04T13:07:35.240+0000] {dag.py:3089} INFO - Sync 1 DAGs
[2024-08-04T13:07:35.274+0000] {logging_mixin.py:188} INFO - [2024-08-04T13:07:35.273+0000] {dag.py:3947} INFO - Setting next_dagrun for tutorial to 2024-08-03 00:00:00+00:00, run_after=2024-08-04 00:00:00+00:00
[2024-08-04T13:07:35.304+0000] {processor.py:183} INFO - Processing /home/airflow/.local/lib/python3.12/site-packages/airflow/example_dags/tutorial.py took 0.112 seconds
[2024-08-04T13:08:05.454+0000] {processor.py:161} INFO - Started process (PID=464) to work on /home/airflow/.local/lib/python3.12/site-packages/airflow/example_dags/tutorial.py
[2024-08-04T13:08:05.456+0000] {processor.py:830} INFO - Processing file /home/airflow/.local/lib/python3.12/site-packages/airflow/example_dags/tutorial.py for tasks to queue
[2024-08-04T13:08:05.459+0000] {logging_mixin.py:188} INFO - [2024-08-04T13:08:05.459+0000] {dagbag.py:545} INFO - Filling up the DagBag from /home/airflow/.local/lib/python3.12/site-packages/airflow/example_dags/tutorial.py
[2024-08-04T13:08:05.469+0000] {processor.py:840} INFO - DAG(s) 'tutorial' retrieved from /home/airflow/.local/lib/python3.12/site-packages/airflow/example_dags/tutorial.py
[2024-08-04T13:08:05.494+0000] {logging_mixin.py:188} INFO - [2024-08-04T13:08:05.494+0000] {dag.py:3089} INFO - Sync 1 DAGs
[2024-08-04T13:08:05.522+0000] {logging_mixin.py:188} INFO - [2024-08-04T13:08:05.522+0000] {dag.py:3947} INFO - Setting next_dagrun for tutorial to 2024-08-03 00:00:00+00:00, run_after=2024-08-04 00:00:00+00:00
[2024-08-04T13:08:05.553+0000] {processor.py:183} INFO - Processing /home/airflow/.local/lib/python3.12/site-packages/airflow/example_dags/tutorial.py took 0.106 seconds
[2024-08-04T13:08:36.779+0000] {processor.py:161} INFO - Started process (PID=534) to work on /home/airflow/.local/lib/python3.12/site-packages/airflow/example_dags/tutorial.py
[2024-08-04T13:08:36.780+0000] {processor.py:830} INFO - Processing file /home/airflow/.local/lib/python3.12/site-packages/airflow/example_dags/tutorial.py for tasks to queue
[2024-08-04T13:08:36.782+0000] {logging_mixin.py:188} INFO - [2024-08-04T13:08:36.782+0000] {dagbag.py:545} INFO - Filling up the DagBag from /home/airflow/.local/lib/python3.12/site-packages/airflow/example_dags/tutorial.py
[2024-08-04T13:08:36.788+0000] {processor.py:840} INFO - DAG(s) 'tutorial' retrieved from /home/airflow/.local/lib/python3.12/site-packages/airflow/example_dags/tutorial.py
[2024-08-04T13:08:36.810+0000] {logging_mixin.py:188} INFO - [2024-08-04T13:08:36.809+0000] {dag.py:3089} INFO - Sync 1 DAGs
[2024-08-04T13:08:36.833+0000] {logging_mixin.py:188} INFO - [2024-08-04T13:08:36.833+0000] {dag.py:3947} INFO - Setting next_dagrun for tutorial to 2024-08-03 00:00:00+00:00, run_after=2024-08-04 00:00:00+00:00
[2024-08-04T13:08:36.857+0000] {processor.py:183} INFO - Processing /home/airflow/.local/lib/python3.12/site-packages/airflow/example_dags/tutorial.py took 0.085 seconds
[2024-08-04T13:09:08.595+0000] {processor.py:161} INFO - Started process (PID=598) to work on /home/airflow/.local/lib/python3.12/site-packages/airflow/example_dags/tutorial.py
[2024-08-04T13:09:08.597+0000] {processor.py:830} INFO - Processing file /home/airflow/.local/lib/python3.12/site-packages/airflow/example_dags/tutorial.py for tasks to queue
[2024-08-04T13:09:08.600+0000] {logging_mixin.py:188} INFO - [2024-08-04T13:09:08.600+0000] {dagbag.py:545} INFO - Filling up the DagBag from /home/airflow/.local/lib/python3.12/site-packages/airflow/example_dags/tutorial.py
[2024-08-04T13:09:08.613+0000] {processor.py:840} INFO - DAG(s) 'tutorial' retrieved from /home/airflow/.local/lib/python3.12/site-packages/airflow/example_dags/tutorial.py
[2024-08-04T13:09:08.644+0000] {logging_mixin.py:188} INFO - [2024-08-04T13:09:08.643+0000] {dag.py:3089} INFO - Sync 1 DAGs
[2024-08-04T13:09:08.671+0000] {logging_mixin.py:188} INFO - [2024-08-04T13:09:08.671+0000] {dag.py:3947} INFO - Setting next_dagrun for tutorial to 2024-08-03 00:00:00+00:00, run_after=2024-08-04 00:00:00+00:00
[2024-08-04T13:09:08.708+0000] {processor.py:183} INFO - Processing /home/airflow/.local/lib/python3.12/site-packages/airflow/example_dags/tutorial.py took 0.124 seconds
[2024-08-04T13:09:39.786+0000] {processor.py:161} INFO - Started process (PID=661) to work on /home/airflow/.local/lib/python3.12/site-packages/airflow/example_dags/tutorial.py
[2024-08-04T13:09:39.787+0000] {processor.py:830} INFO - Processing file /home/airflow/.local/lib/python3.12/site-packages/airflow/example_dags/tutorial.py for tasks to queue
[2024-08-04T13:09:39.790+0000] {logging_mixin.py:188} INFO - [2024-08-04T13:09:39.790+0000] {dagbag.py:545} INFO - Filling up the DagBag from /home/airflow/.local/lib/python3.12/site-packages/airflow/example_dags/tutorial.py
[2024-08-04T13:09:39.799+0000] {processor.py:840} INFO - DAG(s) 'tutorial' retrieved from /home/airflow/.local/lib/python3.12/site-packages/airflow/example_dags/tutorial.py
[2024-08-04T13:09:39.834+0000] {logging_mixin.py:188} INFO - [2024-08-04T13:09:39.834+0000] {dag.py:3089} INFO - Sync 1 DAGs
[2024-08-04T13:09:39.880+0000] {logging_mixin.py:188} INFO - [2024-08-04T13:09:39.880+0000] {dag.py:3947} INFO - Setting next_dagrun for tutorial to 2024-08-03 00:00:00+00:00, run_after=2024-08-04 00:00:00+00:00
[2024-08-04T13:09:39.907+0000] {processor.py:183} INFO - Processing /home/airflow/.local/lib/python3.12/site-packages/airflow/example_dags/tutorial.py took 0.129 seconds
[2024-08-04T13:10:10.665+0000] {processor.py:161} INFO - Started process (PID=725) to work on /home/airflow/.local/lib/python3.12/site-packages/airflow/example_dags/tutorial.py
[2024-08-04T13:10:10.666+0000] {processor.py:830} INFO - Processing file /home/airflow/.local/lib/python3.12/site-packages/airflow/example_dags/tutorial.py for tasks to queue
[2024-08-04T13:10:10.668+0000] {logging_mixin.py:188} INFO - [2024-08-04T13:10:10.668+0000] {dagbag.py:545} INFO - Filling up the DagBag from /home/airflow/.local/lib/python3.12/site-packages/airflow/example_dags/tutorial.py
[2024-08-04T13:10:10.675+0000] {processor.py:840} INFO - DAG(s) 'tutorial' retrieved from /home/airflow/.local/lib/python3.12/site-packages/airflow/example_dags/tutorial.py
[2024-08-04T13:10:10.697+0000] {logging_mixin.py:188} INFO - [2024-08-04T13:10:10.697+0000] {dag.py:3089} INFO - Sync 1 DAGs
[2024-08-04T13:10:10.719+0000] {logging_mixin.py:188} INFO - [2024-08-04T13:10:10.719+0000] {dag.py:3947} INFO - Setting next_dagrun for tutorial to 2024-08-03 00:00:00+00:00, run_after=2024-08-04 00:00:00+00:00
[2024-08-04T13:10:10.744+0000] {processor.py:183} INFO - Processing /home/airflow/.local/lib/python3.12/site-packages/airflow/example_dags/tutorial.py took 0.086 seconds
[2024-08-04T13:10:40.909+0000] {processor.py:161} INFO - Started process (PID=789) to work on /home/airflow/.local/lib/python3.12/site-packages/airflow/example_dags/tutorial.py
[2024-08-04T13:10:40.910+0000] {processor.py:830} INFO - Processing file /home/airflow/.local/lib/python3.12/site-packages/airflow/example_dags/tutorial.py for tasks to queue
[2024-08-04T13:10:40.912+0000] {logging_mixin.py:188} INFO - [2024-08-04T13:10:40.912+0000] {dagbag.py:545} INFO - Filling up the DagBag from /home/airflow/.local/lib/python3.12/site-packages/airflow/example_dags/tutorial.py
[2024-08-04T13:10:40.918+0000] {processor.py:840} INFO - DAG(s) 'tutorial' retrieved from /home/airflow/.local/lib/python3.12/site-packages/airflow/example_dags/tutorial.py
[2024-08-04T13:10:40.937+0000] {logging_mixin.py:188} INFO - [2024-08-04T13:10:40.937+0000] {dag.py:3089} INFO - Sync 1 DAGs
[2024-08-04T13:10:40.960+0000] {logging_mixin.py:188} INFO - [2024-08-04T13:10:40.960+0000] {dag.py:3947} INFO - Setting next_dagrun for tutorial to 2024-08-03 00:00:00+00:00, run_after=2024-08-04 00:00:00+00:00
[2024-08-04T13:10:40.981+0000] {processor.py:183} INFO - Processing /home/airflow/.local/lib/python3.12/site-packages/airflow/example_dags/tutorial.py took 0.078 seconds
[2024-08-04T13:11:12.738+0000] {processor.py:161} INFO - Started process (PID=853) to work on /home/airflow/.local/lib/python3.12/site-packages/airflow/example_dags/tutorial.py
[2024-08-04T13:11:12.741+0000] {processor.py:830} INFO - Processing file /home/airflow/.local/lib/python3.12/site-packages/airflow/example_dags/tutorial.py for tasks to queue
[2024-08-04T13:11:12.743+0000] {logging_mixin.py:188} INFO - [2024-08-04T13:11:12.743+0000] {dagbag.py:545} INFO - Filling up the DagBag from /home/airflow/.local/lib/python3.12/site-packages/airflow/example_dags/tutorial.py
[2024-08-04T13:11:12.750+0000] {processor.py:840} INFO - DAG(s) 'tutorial' retrieved from /home/airflow/.local/lib/python3.12/site-packages/airflow/example_dags/tutorial.py
[2024-08-04T13:11:12.775+0000] {logging_mixin.py:188} INFO - [2024-08-04T13:11:12.774+0000] {dag.py:3089} INFO - Sync 1 DAGs
[2024-08-04T13:11:12.801+0000] {logging_mixin.py:188} INFO - [2024-08-04T13:11:12.800+0000] {dag.py:3947} INFO - Setting next_dagrun for tutorial to 2024-08-03 00:00:00+00:00, run_after=2024-08-04 00:00:00+00:00
[2024-08-04T13:11:12.823+0000] {processor.py:183} INFO - Processing /home/airflow/.local/lib/python3.12/site-packages/airflow/example_dags/tutorial.py took 0.091 seconds
[2024-08-04T13:11:43.495+0000] {processor.py:161} INFO - Started process (PID=917) to work on /home/airflow/.local/lib/python3.12/site-packages/airflow/example_dags/tutorial.py
[2024-08-04T13:11:43.496+0000] {processor.py:830} INFO - Processing file /home/airflow/.local/lib/python3.12/site-packages/airflow/example_dags/tutorial.py for tasks to queue
[2024-08-04T13:11:43.498+0000] {logging_mixin.py:188} INFO - [2024-08-04T13:11:43.498+0000] {dagbag.py:545} INFO - Filling up the DagBag from /home/airflow/.local/lib/python3.12/site-packages/airflow/example_dags/tutorial.py
[2024-08-04T13:11:43.505+0000] {processor.py:840} INFO - DAG(s) 'tutorial' retrieved from /home/airflow/.local/lib/python3.12/site-packages/airflow/example_dags/tutorial.py
[2024-08-04T13:11:43.528+0000] {logging_mixin.py:188} INFO - [2024-08-04T13:11:43.528+0000] {dag.py:3089} INFO - Sync 1 DAGs
[2024-08-04T13:11:43.554+0000] {logging_mixin.py:188} INFO - [2024-08-04T13:11:43.553+0000] {dag.py:3947} INFO - Setting next_dagrun for tutorial to 2024-08-03 00:00:00+00:00, run_after=2024-08-04 00:00:00+00:00
[2024-08-04T13:11:43.577+0000] {processor.py:183} INFO - Processing /home/airflow/.local/lib/python3.12/site-packages/airflow/example_dags/tutorial.py took 0.088 seconds
[2024-08-04T13:12:15.330+0000] {processor.py:161} INFO - Started process (PID=981) to work on /home/airflow/.local/lib/python3.12/site-packages/airflow/example_dags/tutorial.py
[2024-08-04T13:12:15.332+0000] {processor.py:830} INFO - Processing file /home/airflow/.local/lib/python3.12/site-packages/airflow/example_dags/tutorial.py for tasks to queue
[2024-08-04T13:12:15.334+0000] {logging_mixin.py:188} INFO - [2024-08-04T13:12:15.334+0000] {dagbag.py:545} INFO - Filling up the DagBag from /home/airflow/.local/lib/python3.12/site-packages/airflow/example_dags/tutorial.py
[2024-08-04T13:12:15.342+0000] {processor.py:840} INFO - DAG(s) 'tutorial' retrieved from /home/airflow/.local/lib/python3.12/site-packages/airflow/example_dags/tutorial.py
[2024-08-04T13:12:15.364+0000] {logging_mixin.py:188} INFO - [2024-08-04T13:12:15.363+0000] {dag.py:3089} INFO - Sync 1 DAGs
[2024-08-04T13:12:15.391+0000] {logging_mixin.py:188} INFO - [2024-08-04T13:12:15.391+0000] {dag.py:3947} INFO - Setting next_dagrun for tutorial to 2024-08-03 00:00:00+00:00, run_after=2024-08-04 00:00:00+00:00
[2024-08-04T13:12:15.418+0000] {processor.py:183} INFO - Processing /home/airflow/.local/lib/python3.12/site-packages/airflow/example_dags/tutorial.py took 0.093 seconds
[2024-08-04T13:12:46.793+0000] {processor.py:161} INFO - Started process (PID=1045) to work on /home/airflow/.local/lib/python3.12/site-packages/airflow/example_dags/tutorial.py
[2024-08-04T13:12:46.794+0000] {processor.py:830} INFO - Processing file /home/airflow/.local/lib/python3.12/site-packages/airflow/example_dags/tutorial.py for tasks to queue
[2024-08-04T13:12:46.796+0000] {logging_mixin.py:188} INFO - [2024-08-04T13:12:46.796+0000] {dagbag.py:545} INFO - Filling up the DagBag from /home/airflow/.local/lib/python3.12/site-packages/airflow/example_dags/tutorial.py
[2024-08-04T13:12:46.803+0000] {processor.py:840} INFO - DAG(s) 'tutorial' retrieved from /home/airflow/.local/lib/python3.12/site-packages/airflow/example_dags/tutorial.py
[2024-08-04T13:12:46.832+0000] {logging_mixin.py:188} INFO - [2024-08-04T13:12:46.831+0000] {dag.py:3089} INFO - Sync 1 DAGs
[2024-08-04T13:12:46.857+0000] {logging_mixin.py:188} INFO - [2024-08-04T13:12:46.857+0000] {dag.py:3947} INFO - Setting next_dagrun for tutorial to 2024-08-03 00:00:00+00:00, run_after=2024-08-04 00:00:00+00:00
[2024-08-04T13:12:46.881+0000] {processor.py:183} INFO - Processing /home/airflow/.local/lib/python3.12/site-packages/airflow/example_dags/tutorial.py took 0.093 seconds
[2024-08-04T13:13:17.506+0000] {processor.py:161} INFO - Started process (PID=1109) to work on /home/airflow/.local/lib/python3.12/site-packages/airflow/example_dags/tutorial.py
[2024-08-04T13:13:17.509+0000] {processor.py:830} INFO - Processing file /home/airflow/.local/lib/python3.12/site-packages/airflow/example_dags/tutorial.py for tasks to queue
[2024-08-04T13:13:17.511+0000] {logging_mixin.py:188} INFO - [2024-08-04T13:13:17.511+0000] {dagbag.py:545} INFO - Filling up the DagBag from /home/airflow/.local/lib/python3.12/site-packages/airflow/example_dags/tutorial.py
[2024-08-04T13:13:17.518+0000] {processor.py:840} INFO - DAG(s) 'tutorial' retrieved from /home/airflow/.local/lib/python3.12/site-packages/airflow/example_dags/tutorial.py
[2024-08-04T13:13:17.540+0000] {logging_mixin.py:188} INFO - [2024-08-04T13:13:17.540+0000] {dag.py:3089} INFO - Sync 1 DAGs
[2024-08-04T13:13:17.563+0000] {logging_mixin.py:188} INFO - [2024-08-04T13:13:17.563+0000] {dag.py:3947} INFO - Setting next_dagrun for tutorial to 2024-08-03 00:00:00+00:00, run_after=2024-08-04 00:00:00+00:00
[2024-08-04T13:13:17.583+0000] {processor.py:183} INFO - Processing /home/airflow/.local/lib/python3.12/site-packages/airflow/example_dags/tutorial.py took 0.084 seconds
[2024-08-04T13:13:49.274+0000] {processor.py:161} INFO - Started process (PID=1173) to work on /home/airflow/.local/lib/python3.12/site-packages/airflow/example_dags/tutorial.py
[2024-08-04T13:13:49.275+0000] {processor.py:830} INFO - Processing file /home/airflow/.local/lib/python3.12/site-packages/airflow/example_dags/tutorial.py for tasks to queue
[2024-08-04T13:13:49.278+0000] {logging_mixin.py:188} INFO - [2024-08-04T13:13:49.277+0000] {dagbag.py:545} INFO - Filling up the DagBag from /home/airflow/.local/lib/python3.12/site-packages/airflow/example_dags/tutorial.py
[2024-08-04T13:13:49.285+0000] {processor.py:840} INFO - DAG(s) 'tutorial' retrieved from /home/airflow/.local/lib/python3.12/site-packages/airflow/example_dags/tutorial.py
[2024-08-04T13:13:49.307+0000] {logging_mixin.py:188} INFO - [2024-08-04T13:13:49.307+0000] {dag.py:3089} INFO - Sync 1 DAGs
[2024-08-04T13:13:49.329+0000] {logging_mixin.py:188} INFO - [2024-08-04T13:13:49.329+0000] {dag.py:3947} INFO - Setting next_dagrun for tutorial to 2024-08-03 00:00:00+00:00, run_after=2024-08-04 00:00:00+00:00
[2024-08-04T13:13:49.353+0000] {processor.py:183} INFO - Processing /home/airflow/.local/lib/python3.12/site-packages/airflow/example_dags/tutorial.py took 0.089 seconds
[2024-08-04T13:14:21.503+0000] {processor.py:161} INFO - Started process (PID=1237) to work on /home/airflow/.local/lib/python3.12/site-packages/airflow/example_dags/tutorial.py
[2024-08-04T13:14:21.505+0000] {processor.py:830} INFO - Processing file /home/airflow/.local/lib/python3.12/site-packages/airflow/example_dags/tutorial.py for tasks to queue
[2024-08-04T13:14:21.508+0000] {logging_mixin.py:188} INFO - [2024-08-04T13:14:21.508+0000] {dagbag.py:545} INFO - Filling up the DagBag from /home/airflow/.local/lib/python3.12/site-packages/airflow/example_dags/tutorial.py
[2024-08-04T13:14:21.518+0000] {processor.py:840} INFO - DAG(s) 'tutorial' retrieved from /home/airflow/.local/lib/python3.12/site-packages/airflow/example_dags/tutorial.py
[2024-08-04T13:14:21.541+0000] {logging_mixin.py:188} INFO - [2024-08-04T13:14:21.541+0000] {dag.py:3089} INFO - Sync 1 DAGs
[2024-08-04T13:14:21.566+0000] {logging_mixin.py:188} INFO - [2024-08-04T13:14:21.565+0000] {dag.py:3947} INFO - Setting next_dagrun for tutorial to 2024-08-03 00:00:00+00:00, run_after=2024-08-04 00:00:00+00:00
[2024-08-04T13:14:21.594+0000] {processor.py:183} INFO - Processing /home/airflow/.local/lib/python3.12/site-packages/airflow/example_dags/tutorial.py took 0.101 seconds
[2024-08-04T13:14:52.417+0000] {processor.py:161} INFO - Started process (PID=1300) to work on /home/airflow/.local/lib/python3.12/site-packages/airflow/example_dags/tutorial.py
[2024-08-04T13:14:52.418+0000] {processor.py:830} INFO - Processing file /home/airflow/.local/lib/python3.12/site-packages/airflow/example_dags/tutorial.py for tasks to queue
[2024-08-04T13:14:52.421+0000] {logging_mixin.py:188} INFO - [2024-08-04T13:14:52.421+0000] {dagbag.py:545} INFO - Filling up the DagBag from /home/airflow/.local/lib/python3.12/site-packages/airflow/example_dags/tutorial.py
[2024-08-04T13:14:52.427+0000] {processor.py:840} INFO - DAG(s) 'tutorial' retrieved from /home/airflow/.local/lib/python3.12/site-packages/airflow/example_dags/tutorial.py
[2024-08-04T13:14:52.450+0000] {logging_mixin.py:188} INFO - [2024-08-04T13:14:52.449+0000] {dag.py:3089} INFO - Sync 1 DAGs
[2024-08-04T13:14:52.476+0000] {logging_mixin.py:188} INFO - [2024-08-04T13:14:52.475+0000] {dag.py:3947} INFO - Setting next_dagrun for tutorial to 2024-08-03 00:00:00+00:00, run_after=2024-08-04 00:00:00+00:00
[2024-08-04T13:14:52.499+0000] {processor.py:183} INFO - Processing /home/airflow/.local/lib/python3.12/site-packages/airflow/example_dags/tutorial.py took 0.088 seconds
[2024-08-04T13:15:23.645+0000] {processor.py:161} INFO - Started process (PID=1364) to work on /home/airflow/.local/lib/python3.12/site-packages/airflow/example_dags/tutorial.py
[2024-08-04T13:15:23.646+0000] {processor.py:830} INFO - Processing file /home/airflow/.local/lib/python3.12/site-packages/airflow/example_dags/tutorial.py for tasks to queue
[2024-08-04T13:15:23.649+0000] {logging_mixin.py:188} INFO - [2024-08-04T13:15:23.649+0000] {dagbag.py:545} INFO - Filling up the DagBag from /home/airflow/.local/lib/python3.12/site-packages/airflow/example_dags/tutorial.py
[2024-08-04T13:15:23.658+0000] {processor.py:840} INFO - DAG(s) 'tutorial' retrieved from /home/airflow/.local/lib/python3.12/site-packages/airflow/example_dags/tutorial.py
[2024-08-04T13:15:23.682+0000] {logging_mixin.py:188} INFO - [2024-08-04T13:15:23.681+0000] {dag.py:3089} INFO - Sync 1 DAGs
[2024-08-04T13:15:23.705+0000] {logging_mixin.py:188} INFO - [2024-08-04T13:15:23.705+0000] {dag.py:3947} INFO - Setting next_dagrun for tutorial to 2024-08-03 00:00:00+00:00, run_after=2024-08-04 00:00:00+00:00
[2024-08-04T13:15:23.729+0000] {processor.py:183} INFO - Processing /home/airflow/.local/lib/python3.12/site-packages/airflow/example_dags/tutorial.py took 0.093 seconds
[2024-08-04T13:15:54.156+0000] {processor.py:161} INFO - Started process (PID=1428) to work on /home/airflow/.local/lib/python3.12/site-packages/airflow/example_dags/tutorial.py
[2024-08-04T13:15:54.158+0000] {processor.py:830} INFO - Processing file /home/airflow/.local/lib/python3.12/site-packages/airflow/example_dags/tutorial.py for tasks to queue
[2024-08-04T13:15:54.162+0000] {logging_mixin.py:188} INFO - [2024-08-04T13:15:54.161+0000] {dagbag.py:545} INFO - Filling up the DagBag from /home/airflow/.local/lib/python3.12/site-packages/airflow/example_dags/tutorial.py
[2024-08-04T13:15:54.170+0000] {processor.py:840} INFO - DAG(s) 'tutorial' retrieved from /home/airflow/.local/lib/python3.12/site-packages/airflow/example_dags/tutorial.py
[2024-08-04T13:15:54.191+0000] {logging_mixin.py:188} INFO - [2024-08-04T13:15:54.191+0000] {dag.py:3089} INFO - Sync 1 DAGs
[2024-08-04T13:15:54.214+0000] {logging_mixin.py:188} INFO - [2024-08-04T13:15:54.213+0000] {dag.py:3947} INFO - Setting next_dagrun for tutorial to 2024-08-03 00:00:00+00:00, run_after=2024-08-04 00:00:00+00:00
[2024-08-04T13:15:54.234+0000] {processor.py:183} INFO - Processing /home/airflow/.local/lib/python3.12/site-packages/airflow/example_dags/tutorial.py took 0.086 seconds
[2024-08-04T13:16:24.752+0000] {processor.py:161} INFO - Started process (PID=1492) to work on /home/airflow/.local/lib/python3.12/site-packages/airflow/example_dags/tutorial.py
[2024-08-04T13:16:24.753+0000] {processor.py:830} INFO - Processing file /home/airflow/.local/lib/python3.12/site-packages/airflow/example_dags/tutorial.py for tasks to queue
[2024-08-04T13:16:24.757+0000] {logging_mixin.py:188} INFO - [2024-08-04T13:16:24.756+0000] {dagbag.py:545} INFO - Filling up the DagBag from /home/airflow/.local/lib/python3.12/site-packages/airflow/example_dags/tutorial.py
[2024-08-04T13:16:24.770+0000] {processor.py:840} INFO - DAG(s) 'tutorial' retrieved from /home/airflow/.local/lib/python3.12/site-packages/airflow/example_dags/tutorial.py
[2024-08-04T13:16:24.797+0000] {logging_mixin.py:188} INFO - [2024-08-04T13:16:24.797+0000] {dag.py:3089} INFO - Sync 1 DAGs
[2024-08-04T13:16:24.827+0000] {logging_mixin.py:188} INFO - [2024-08-04T13:16:24.826+0000] {dag.py:3947} INFO - Setting next_dagrun for tutorial to 2024-08-03 00:00:00+00:00, run_after=2024-08-04 00:00:00+00:00
[2024-08-04T13:16:24.855+0000] {processor.py:183} INFO - Processing /home/airflow/.local/lib/python3.12/site-packages/airflow/example_dags/tutorial.py took 0.111 seconds
[2024-08-04T13:16:55.999+0000] {processor.py:161} INFO - Started process (PID=1556) to work on /home/airflow/.local/lib/python3.12/site-packages/airflow/example_dags/tutorial.py
[2024-08-04T13:16:56.000+0000] {processor.py:830} INFO - Processing file /home/airflow/.local/lib/python3.12/site-packages/airflow/example_dags/tutorial.py for tasks to queue
[2024-08-04T13:16:56.002+0000] {logging_mixin.py:188} INFO - [2024-08-04T13:16:56.002+0000] {dagbag.py:545} INFO - Filling up the DagBag from /home/airflow/.local/lib/python3.12/site-packages/airflow/example_dags/tutorial.py
[2024-08-04T13:16:56.008+0000] {processor.py:840} INFO - DAG(s) 'tutorial' retrieved from /home/airflow/.local/lib/python3.12/site-packages/airflow/example_dags/tutorial.py
[2024-08-04T13:16:56.030+0000] {logging_mixin.py:188} INFO - [2024-08-04T13:16:56.030+0000] {dag.py:3089} INFO - Sync 1 DAGs
[2024-08-04T13:16:56.059+0000] {logging_mixin.py:188} INFO - [2024-08-04T13:16:56.059+0000] {dag.py:3947} INFO - Setting next_dagrun for tutorial to 2024-08-03 00:00:00+00:00, run_after=2024-08-04 00:00:00+00:00
[2024-08-04T13:16:56.085+0000] {processor.py:183} INFO - Processing /home/airflow/.local/lib/python3.12/site-packages/airflow/example_dags/tutorial.py took 0.091 seconds
[2024-08-04T13:17:26.534+0000] {processor.py:161} INFO - Started process (PID=1620) to work on /home/airflow/.local/lib/python3.12/site-packages/airflow/example_dags/tutorial.py
[2024-08-04T13:17:26.536+0000] {processor.py:830} INFO - Processing file /home/airflow/.local/lib/python3.12/site-packages/airflow/example_dags/tutorial.py for tasks to queue
[2024-08-04T13:17:26.547+0000] {logging_mixin.py:188} INFO - [2024-08-04T13:17:26.547+0000] {dagbag.py:545} INFO - Filling up the DagBag from /home/airflow/.local/lib/python3.12/site-packages/airflow/example_dags/tutorial.py
[2024-08-04T13:17:26.565+0000] {processor.py:840} INFO - DAG(s) 'tutorial' retrieved from /home/airflow/.local/lib/python3.12/site-packages/airflow/example_dags/tutorial.py
[2024-08-04T13:17:26.594+0000] {logging_mixin.py:188} INFO - [2024-08-04T13:17:26.593+0000] {dag.py:3089} INFO - Sync 1 DAGs
[2024-08-04T13:17:26.629+0000] {logging_mixin.py:188} INFO - [2024-08-04T13:17:26.628+0000] {dag.py:3947} INFO - Setting next_dagrun for tutorial to 2024-08-03 00:00:00+00:00, run_after=2024-08-04 00:00:00+00:00
[2024-08-04T13:17:26.648+0000] {processor.py:183} INFO - Processing /home/airflow/.local/lib/python3.12/site-packages/airflow/example_dags/tutorial.py took 0.121 seconds
[2024-08-04T13:17:57.106+0000] {processor.py:161} INFO - Started process (PID=1684) to work on /home/airflow/.local/lib/python3.12/site-packages/airflow/example_dags/tutorial.py
[2024-08-04T13:17:57.108+0000] {processor.py:830} INFO - Processing file /home/airflow/.local/lib/python3.12/site-packages/airflow/example_dags/tutorial.py for tasks to queue
[2024-08-04T13:17:57.111+0000] {logging_mixin.py:188} INFO - [2024-08-04T13:17:57.110+0000] {dagbag.py:545} INFO - Filling up the DagBag from /home/airflow/.local/lib/python3.12/site-packages/airflow/example_dags/tutorial.py
[2024-08-04T13:17:57.119+0000] {processor.py:840} INFO - DAG(s) 'tutorial' retrieved from /home/airflow/.local/lib/python3.12/site-packages/airflow/example_dags/tutorial.py
[2024-08-04T13:17:57.150+0000] {logging_mixin.py:188} INFO - [2024-08-04T13:17:57.150+0000] {dag.py:3089} INFO - Sync 1 DAGs
[2024-08-04T13:17:57.174+0000] {logging_mixin.py:188} INFO - [2024-08-04T13:17:57.173+0000] {dag.py:3947} INFO - Setting next_dagrun for tutorial to 2024-08-03 00:00:00+00:00, run_after=2024-08-04 00:00:00+00:00
[2024-08-04T13:17:57.208+0000] {processor.py:183} INFO - Processing /home/airflow/.local/lib/python3.12/site-packages/airflow/example_dags/tutorial.py took 0.109 seconds
[2024-08-04T13:18:28.521+0000] {processor.py:161} INFO - Started process (PID=1748) to work on /home/airflow/.local/lib/python3.12/site-packages/airflow/example_dags/tutorial.py
[2024-08-04T13:18:28.522+0000] {processor.py:830} INFO - Processing file /home/airflow/.local/lib/python3.12/site-packages/airflow/example_dags/tutorial.py for tasks to queue
[2024-08-04T13:18:28.524+0000] {logging_mixin.py:188} INFO - [2024-08-04T13:18:28.524+0000] {dagbag.py:545} INFO - Filling up the DagBag from /home/airflow/.local/lib/python3.12/site-packages/airflow/example_dags/tutorial.py
[2024-08-04T13:18:28.530+0000] {processor.py:840} INFO - DAG(s) 'tutorial' retrieved from /home/airflow/.local/lib/python3.12/site-packages/airflow/example_dags/tutorial.py
[2024-08-04T13:18:28.552+0000] {logging_mixin.py:188} INFO - [2024-08-04T13:18:28.552+0000] {dag.py:3089} INFO - Sync 1 DAGs
[2024-08-04T13:18:28.579+0000] {logging_mixin.py:188} INFO - [2024-08-04T13:18:28.579+0000] {dag.py:3947} INFO - Setting next_dagrun for tutorial to 2024-08-03 00:00:00+00:00, run_after=2024-08-04 00:00:00+00:00
[2024-08-04T13:18:28.607+0000] {processor.py:183} INFO - Processing /home/airflow/.local/lib/python3.12/site-packages/airflow/example_dags/tutorial.py took 0.092 seconds
[2024-08-04T13:19:01.454+0000] {processor.py:161} INFO - Started process (PID=1813) to work on /home/airflow/.local/lib/python3.12/site-packages/airflow/example_dags/tutorial.py
[2024-08-04T13:19:01.455+0000] {processor.py:830} INFO - Processing file /home/airflow/.local/lib/python3.12/site-packages/airflow/example_dags/tutorial.py for tasks to queue
[2024-08-04T13:19:01.457+0000] {logging_mixin.py:188} INFO - [2024-08-04T13:19:01.457+0000] {dagbag.py:545} INFO - Filling up the DagBag from /home/airflow/.local/lib/python3.12/site-packages/airflow/example_dags/tutorial.py
[2024-08-04T13:19:01.463+0000] {processor.py:840} INFO - DAG(s) 'tutorial' retrieved from /home/airflow/.local/lib/python3.12/site-packages/airflow/example_dags/tutorial.py
[2024-08-04T13:19:01.486+0000] {logging_mixin.py:188} INFO - [2024-08-04T13:19:01.486+0000] {dag.py:3089} INFO - Sync 1 DAGs
[2024-08-04T13:19:01.660+0000] {logging_mixin.py:188} INFO - [2024-08-04T13:19:01.659+0000] {dag.py:3947} INFO - Setting next_dagrun for tutorial to 2024-08-03 00:00:00+00:00, run_after=2024-08-04 00:00:00+00:00
[2024-08-04T13:19:01.683+0000] {processor.py:183} INFO - Processing /home/airflow/.local/lib/python3.12/site-packages/airflow/example_dags/tutorial.py took 0.235 seconds
[2024-08-04T13:19:32.118+0000] {processor.py:161} INFO - Started process (PID=1877) to work on /home/airflow/.local/lib/python3.12/site-packages/airflow/example_dags/tutorial.py
[2024-08-04T13:19:32.119+0000] {processor.py:830} INFO - Processing file /home/airflow/.local/lib/python3.12/site-packages/airflow/example_dags/tutorial.py for tasks to queue
[2024-08-04T13:19:32.121+0000] {logging_mixin.py:188} INFO - [2024-08-04T13:19:32.121+0000] {dagbag.py:545} INFO - Filling up the DagBag from /home/airflow/.local/lib/python3.12/site-packages/airflow/example_dags/tutorial.py
[2024-08-04T13:19:32.129+0000] {processor.py:840} INFO - DAG(s) 'tutorial' retrieved from /home/airflow/.local/lib/python3.12/site-packages/airflow/example_dags/tutorial.py
[2024-08-04T13:19:32.155+0000] {logging_mixin.py:188} INFO - [2024-08-04T13:19:32.154+0000] {dag.py:3089} INFO - Sync 1 DAGs
[2024-08-04T13:19:32.186+0000] {logging_mixin.py:188} INFO - [2024-08-04T13:19:32.186+0000] {dag.py:3947} INFO - Setting next_dagrun for tutorial to 2024-08-03 00:00:00+00:00, run_after=2024-08-04 00:00:00+00:00
[2024-08-04T13:19:32.215+0000] {processor.py:183} INFO - Processing /home/airflow/.local/lib/python3.12/site-packages/airflow/example_dags/tutorial.py took 0.105 seconds
[2024-08-04T13:20:02.296+0000] {processor.py:161} INFO - Started process (PID=1939) to work on /home/airflow/.local/lib/python3.12/site-packages/airflow/example_dags/tutorial.py
[2024-08-04T13:20:02.298+0000] {processor.py:830} INFO - Processing file /home/airflow/.local/lib/python3.12/site-packages/airflow/example_dags/tutorial.py for tasks to queue
[2024-08-04T13:20:02.301+0000] {logging_mixin.py:188} INFO - [2024-08-04T13:20:02.301+0000] {dagbag.py:545} INFO - Filling up the DagBag from /home/airflow/.local/lib/python3.12/site-packages/airflow/example_dags/tutorial.py
[2024-08-04T13:20:02.308+0000] {processor.py:840} INFO - DAG(s) 'tutorial' retrieved from /home/airflow/.local/lib/python3.12/site-packages/airflow/example_dags/tutorial.py
[2024-08-04T13:20:02.328+0000] {logging_mixin.py:188} INFO - [2024-08-04T13:20:02.327+0000] {dag.py:3089} INFO - Sync 1 DAGs
[2024-08-04T13:20:02.350+0000] {logging_mixin.py:188} INFO - [2024-08-04T13:20:02.350+0000] {dag.py:3947} INFO - Setting next_dagrun for tutorial to 2024-08-03 00:00:00+00:00, run_after=2024-08-04 00:00:00+00:00
[2024-08-04T13:20:02.373+0000] {processor.py:183} INFO - Processing /home/airflow/.local/lib/python3.12/site-packages/airflow/example_dags/tutorial.py took 0.083 seconds
[2024-08-04T13:20:33.816+0000] {processor.py:161} INFO - Started process (PID=2003) to work on /home/airflow/.local/lib/python3.12/site-packages/airflow/example_dags/tutorial.py
[2024-08-04T13:20:33.817+0000] {processor.py:830} INFO - Processing file /home/airflow/.local/lib/python3.12/site-packages/airflow/example_dags/tutorial.py for tasks to queue
[2024-08-04T13:20:33.819+0000] {logging_mixin.py:188} INFO - [2024-08-04T13:20:33.819+0000] {dagbag.py:545} INFO - Filling up the DagBag from /home/airflow/.local/lib/python3.12/site-packages/airflow/example_dags/tutorial.py
[2024-08-04T13:20:33.826+0000] {processor.py:840} INFO - DAG(s) 'tutorial' retrieved from /home/airflow/.local/lib/python3.12/site-packages/airflow/example_dags/tutorial.py
[2024-08-04T13:20:33.846+0000] {logging_mixin.py:188} INFO - [2024-08-04T13:20:33.846+0000] {dag.py:3089} INFO - Sync 1 DAGs
[2024-08-04T13:20:33.869+0000] {logging_mixin.py:188} INFO - [2024-08-04T13:20:33.868+0000] {dag.py:3947} INFO - Setting next_dagrun for tutorial to 2024-08-03 00:00:00+00:00, run_after=2024-08-04 00:00:00+00:00
[2024-08-04T13:20:33.889+0000] {processor.py:183} INFO - Processing /home/airflow/.local/lib/python3.12/site-packages/airflow/example_dags/tutorial.py took 0.080 seconds
[2024-08-04T13:21:06.289+0000] {processor.py:161} INFO - Started process (PID=2067) to work on /home/airflow/.local/lib/python3.12/site-packages/airflow/example_dags/tutorial.py
[2024-08-04T13:21:06.290+0000] {processor.py:830} INFO - Processing file /home/airflow/.local/lib/python3.12/site-packages/airflow/example_dags/tutorial.py for tasks to queue
[2024-08-04T13:21:06.293+0000] {logging_mixin.py:188} INFO - [2024-08-04T13:21:06.293+0000] {dagbag.py:545} INFO - Filling up the DagBag from /home/airflow/.local/lib/python3.12/site-packages/airflow/example_dags/tutorial.py
[2024-08-04T13:21:06.300+0000] {processor.py:840} INFO - DAG(s) 'tutorial' retrieved from /home/airflow/.local/lib/python3.12/site-packages/airflow/example_dags/tutorial.py
[2024-08-04T13:21:06.500+0000] {logging_mixin.py:188} INFO - [2024-08-04T13:21:06.500+0000] {dag.py:3089} INFO - Sync 1 DAGs
[2024-08-04T13:21:06.532+0000] {logging_mixin.py:188} INFO - [2024-08-04T13:21:06.532+0000] {dag.py:3947} INFO - Setting next_dagrun for tutorial to 2024-08-03 00:00:00+00:00, run_after=2024-08-04 00:00:00+00:00
[2024-08-04T13:21:06.559+0000] {processor.py:183} INFO - Processing /home/airflow/.local/lib/python3.12/site-packages/airflow/example_dags/tutorial.py took 0.278 seconds
[2024-08-04T13:21:37.484+0000] {processor.py:161} INFO - Started process (PID=2138) to work on /home/airflow/.local/lib/python3.12/site-packages/airflow/example_dags/tutorial.py
[2024-08-04T13:21:37.488+0000] {processor.py:830} INFO - Processing file /home/airflow/.local/lib/python3.12/site-packages/airflow/example_dags/tutorial.py for tasks to queue
[2024-08-04T13:21:37.491+0000] {logging_mixin.py:188} INFO - [2024-08-04T13:21:37.491+0000] {dagbag.py:545} INFO - Filling up the DagBag from /home/airflow/.local/lib/python3.12/site-packages/airflow/example_dags/tutorial.py
[2024-08-04T13:21:37.503+0000] {processor.py:840} INFO - DAG(s) 'tutorial' retrieved from /home/airflow/.local/lib/python3.12/site-packages/airflow/example_dags/tutorial.py
[2024-08-04T13:21:37.541+0000] {logging_mixin.py:188} INFO - [2024-08-04T13:21:37.540+0000] {dag.py:3089} INFO - Sync 1 DAGs
[2024-08-04T13:21:37.585+0000] {logging_mixin.py:188} INFO - [2024-08-04T13:21:37.585+0000] {dag.py:3947} INFO - Setting next_dagrun for tutorial to 2024-08-03 00:00:00+00:00, run_after=2024-08-04 00:00:00+00:00
[2024-08-04T13:21:37.623+0000] {processor.py:183} INFO - Processing /home/airflow/.local/lib/python3.12/site-packages/airflow/example_dags/tutorial.py took 0.149 seconds
[2024-08-04T13:22:08.028+0000] {processor.py:161} INFO - Started process (PID=2201) to work on /home/airflow/.local/lib/python3.12/site-packages/airflow/example_dags/tutorial.py
[2024-08-04T13:22:08.030+0000] {processor.py:830} INFO - Processing file /home/airflow/.local/lib/python3.12/site-packages/airflow/example_dags/tutorial.py for tasks to queue
[2024-08-04T13:22:08.033+0000] {logging_mixin.py:188} INFO - [2024-08-04T13:22:08.033+0000] {dagbag.py:545} INFO - Filling up the DagBag from /home/airflow/.local/lib/python3.12/site-packages/airflow/example_dags/tutorial.py
[2024-08-04T13:22:08.044+0000] {processor.py:840} INFO - DAG(s) 'tutorial' retrieved from /home/airflow/.local/lib/python3.12/site-packages/airflow/example_dags/tutorial.py
[2024-08-04T13:22:08.084+0000] {logging_mixin.py:188} INFO - [2024-08-04T13:22:08.084+0000] {dag.py:3089} INFO - Sync 1 DAGs
[2024-08-04T13:22:08.113+0000] {logging_mixin.py:188} INFO - [2024-08-04T13:22:08.113+0000] {dag.py:3947} INFO - Setting next_dagrun for tutorial to 2024-08-03 00:00:00+00:00, run_after=2024-08-04 00:00:00+00:00
[2024-08-04T13:22:08.144+0000] {processor.py:183} INFO - Processing /home/airflow/.local/lib/python3.12/site-packages/airflow/example_dags/tutorial.py took 0.128 seconds
[2024-08-04T13:22:38.738+0000] {processor.py:161} INFO - Started process (PID=2265) to work on /home/airflow/.local/lib/python3.12/site-packages/airflow/example_dags/tutorial.py
[2024-08-04T13:22:38.740+0000] {processor.py:830} INFO - Processing file /home/airflow/.local/lib/python3.12/site-packages/airflow/example_dags/tutorial.py for tasks to queue
[2024-08-04T13:22:38.743+0000] {logging_mixin.py:188} INFO - [2024-08-04T13:22:38.742+0000] {dagbag.py:545} INFO - Filling up the DagBag from /home/airflow/.local/lib/python3.12/site-packages/airflow/example_dags/tutorial.py
[2024-08-04T13:22:38.753+0000] {processor.py:840} INFO - DAG(s) 'tutorial' retrieved from /home/airflow/.local/lib/python3.12/site-packages/airflow/example_dags/tutorial.py
[2024-08-04T13:22:38.789+0000] {logging_mixin.py:188} INFO - [2024-08-04T13:22:38.789+0000] {dag.py:3089} INFO - Sync 1 DAGs
[2024-08-04T13:22:38.825+0000] {logging_mixin.py:188} INFO - [2024-08-04T13:22:38.825+0000] {dag.py:3947} INFO - Setting next_dagrun for tutorial to 2024-08-03 00:00:00+00:00, run_after=2024-08-04 00:00:00+00:00
[2024-08-04T13:22:38.852+0000] {processor.py:183} INFO - Processing /home/airflow/.local/lib/python3.12/site-packages/airflow/example_dags/tutorial.py took 0.123 seconds
[2024-08-04T13:23:09.505+0000] {processor.py:161} INFO - Started process (PID=2329) to work on /home/airflow/.local/lib/python3.12/site-packages/airflow/example_dags/tutorial.py
[2024-08-04T13:23:09.508+0000] {processor.py:830} INFO - Processing file /home/airflow/.local/lib/python3.12/site-packages/airflow/example_dags/tutorial.py for tasks to queue
[2024-08-04T13:23:09.512+0000] {logging_mixin.py:188} INFO - [2024-08-04T13:23:09.512+0000] {dagbag.py:545} INFO - Filling up the DagBag from /home/airflow/.local/lib/python3.12/site-packages/airflow/example_dags/tutorial.py
[2024-08-04T13:23:09.523+0000] {processor.py:840} INFO - DAG(s) 'tutorial' retrieved from /home/airflow/.local/lib/python3.12/site-packages/airflow/example_dags/tutorial.py
[2024-08-04T13:23:09.561+0000] {logging_mixin.py:188} INFO - [2024-08-04T13:23:09.560+0000] {dag.py:3089} INFO - Sync 1 DAGs
[2024-08-04T13:23:09.593+0000] {logging_mixin.py:188} INFO - [2024-08-04T13:23:09.593+0000] {dag.py:3947} INFO - Setting next_dagrun for tutorial to 2024-08-03 00:00:00+00:00, run_after=2024-08-04 00:00:00+00:00
[2024-08-04T13:23:09.626+0000] {processor.py:183} INFO - Processing /home/airflow/.local/lib/python3.12/site-packages/airflow/example_dags/tutorial.py took 0.131 seconds
[2024-08-04T13:23:39.952+0000] {processor.py:161} INFO - Started process (PID=2394) to work on /home/airflow/.local/lib/python3.12/site-packages/airflow/example_dags/tutorial.py
[2024-08-04T13:23:39.954+0000] {processor.py:830} INFO - Processing file /home/airflow/.local/lib/python3.12/site-packages/airflow/example_dags/tutorial.py for tasks to queue
[2024-08-04T13:23:39.957+0000] {logging_mixin.py:188} INFO - [2024-08-04T13:23:39.957+0000] {dagbag.py:545} INFO - Filling up the DagBag from /home/airflow/.local/lib/python3.12/site-packages/airflow/example_dags/tutorial.py
[2024-08-04T13:23:39.968+0000] {processor.py:840} INFO - DAG(s) 'tutorial' retrieved from /home/airflow/.local/lib/python3.12/site-packages/airflow/example_dags/tutorial.py
[2024-08-04T13:23:40.000+0000] {logging_mixin.py:188} INFO - [2024-08-04T13:23:39.999+0000] {dag.py:3089} INFO - Sync 1 DAGs
[2024-08-04T13:23:40.030+0000] {logging_mixin.py:188} INFO - [2024-08-04T13:23:40.030+0000] {dag.py:3947} INFO - Setting next_dagrun for tutorial to 2024-08-03 00:00:00+00:00, run_after=2024-08-04 00:00:00+00:00
[2024-08-04T13:23:40.054+0000] {processor.py:183} INFO - Processing /home/airflow/.local/lib/python3.12/site-packages/airflow/example_dags/tutorial.py took 0.111 seconds
[2024-08-04T13:24:10.437+0000] {processor.py:161} INFO - Started process (PID=2458) to work on /home/airflow/.local/lib/python3.12/site-packages/airflow/example_dags/tutorial.py
[2024-08-04T13:24:10.438+0000] {processor.py:830} INFO - Processing file /home/airflow/.local/lib/python3.12/site-packages/airflow/example_dags/tutorial.py for tasks to queue
[2024-08-04T13:24:10.440+0000] {logging_mixin.py:188} INFO - [2024-08-04T13:24:10.440+0000] {dagbag.py:545} INFO - Filling up the DagBag from /home/airflow/.local/lib/python3.12/site-packages/airflow/example_dags/tutorial.py
[2024-08-04T13:24:10.447+0000] {processor.py:840} INFO - DAG(s) 'tutorial' retrieved from /home/airflow/.local/lib/python3.12/site-packages/airflow/example_dags/tutorial.py
[2024-08-04T13:24:10.471+0000] {logging_mixin.py:188} INFO - [2024-08-04T13:24:10.471+0000] {dag.py:3089} INFO - Sync 1 DAGs
[2024-08-04T13:24:10.499+0000] {logging_mixin.py:188} INFO - [2024-08-04T13:24:10.499+0000] {dag.py:3947} INFO - Setting next_dagrun for tutorial to 2024-08-03 00:00:00+00:00, run_after=2024-08-04 00:00:00+00:00
[2024-08-04T13:24:10.522+0000] {processor.py:183} INFO - Processing /home/airflow/.local/lib/python3.12/site-packages/airflow/example_dags/tutorial.py took 0.091 seconds
[2024-08-04T13:24:41.130+0000] {processor.py:161} INFO - Started process (PID=2522) to work on /home/airflow/.local/lib/python3.12/site-packages/airflow/example_dags/tutorial.py
[2024-08-04T13:24:41.133+0000] {processor.py:830} INFO - Processing file /home/airflow/.local/lib/python3.12/site-packages/airflow/example_dags/tutorial.py for tasks to queue
[2024-08-04T13:24:41.135+0000] {logging_mixin.py:188} INFO - [2024-08-04T13:24:41.135+0000] {dagbag.py:545} INFO - Filling up the DagBag from /home/airflow/.local/lib/python3.12/site-packages/airflow/example_dags/tutorial.py
[2024-08-04T13:24:41.142+0000] {processor.py:840} INFO - DAG(s) 'tutorial' retrieved from /home/airflow/.local/lib/python3.12/site-packages/airflow/example_dags/tutorial.py
[2024-08-04T13:24:41.161+0000] {logging_mixin.py:188} INFO - [2024-08-04T13:24:41.161+0000] {dag.py:3089} INFO - Sync 1 DAGs
[2024-08-04T13:24:41.186+0000] {logging_mixin.py:188} INFO - [2024-08-04T13:24:41.186+0000] {dag.py:3947} INFO - Setting next_dagrun for tutorial to 2024-08-03 00:00:00+00:00, run_after=2024-08-04 00:00:00+00:00
[2024-08-04T13:24:41.213+0000] {processor.py:183} INFO - Processing /home/airflow/.local/lib/python3.12/site-packages/airflow/example_dags/tutorial.py took 0.089 seconds
[2024-08-04T13:25:12.234+0000] {processor.py:161} INFO - Started process (PID=2586) to work on /home/airflow/.local/lib/python3.12/site-packages/airflow/example_dags/tutorial.py
[2024-08-04T13:25:12.236+0000] {processor.py:830} INFO - Processing file /home/airflow/.local/lib/python3.12/site-packages/airflow/example_dags/tutorial.py for tasks to queue
[2024-08-04T13:25:12.238+0000] {logging_mixin.py:188} INFO - [2024-08-04T13:25:12.238+0000] {dagbag.py:545} INFO - Filling up the DagBag from /home/airflow/.local/lib/python3.12/site-packages/airflow/example_dags/tutorial.py
[2024-08-04T13:25:12.244+0000] {processor.py:840} INFO - DAG(s) 'tutorial' retrieved from /home/airflow/.local/lib/python3.12/site-packages/airflow/example_dags/tutorial.py
[2024-08-04T13:25:12.276+0000] {logging_mixin.py:188} INFO - [2024-08-04T13:25:12.276+0000] {dag.py:3089} INFO - Sync 1 DAGs
[2024-08-04T13:25:12.303+0000] {logging_mixin.py:188} INFO - [2024-08-04T13:25:12.302+0000] {dag.py:3947} INFO - Setting next_dagrun for tutorial to 2024-08-03 00:00:00+00:00, run_after=2024-08-04 00:00:00+00:00
[2024-08-04T13:25:12.326+0000] {processor.py:183} INFO - Processing /home/airflow/.local/lib/python3.12/site-packages/airflow/example_dags/tutorial.py took 0.098 seconds
[2024-08-04T13:25:42.903+0000] {processor.py:161} INFO - Started process (PID=2650) to work on /home/airflow/.local/lib/python3.12/site-packages/airflow/example_dags/tutorial.py
[2024-08-04T13:25:42.904+0000] {processor.py:830} INFO - Processing file /home/airflow/.local/lib/python3.12/site-packages/airflow/example_dags/tutorial.py for tasks to queue
[2024-08-04T13:25:42.906+0000] {logging_mixin.py:188} INFO - [2024-08-04T13:25:42.906+0000] {dagbag.py:545} INFO - Filling up the DagBag from /home/airflow/.local/lib/python3.12/site-packages/airflow/example_dags/tutorial.py
[2024-08-04T13:25:42.913+0000] {processor.py:840} INFO - DAG(s) 'tutorial' retrieved from /home/airflow/.local/lib/python3.12/site-packages/airflow/example_dags/tutorial.py
[2024-08-04T13:25:42.935+0000] {logging_mixin.py:188} INFO - [2024-08-04T13:25:42.934+0000] {dag.py:3089} INFO - Sync 1 DAGs
[2024-08-04T13:25:42.965+0000] {logging_mixin.py:188} INFO - [2024-08-04T13:25:42.965+0000] {dag.py:3947} INFO - Setting next_dagrun for tutorial to 2024-08-03 00:00:00+00:00, run_after=2024-08-04 00:00:00+00:00
[2024-08-04T13:25:42.990+0000] {processor.py:183} INFO - Processing /home/airflow/.local/lib/python3.12/site-packages/airflow/example_dags/tutorial.py took 0.094 seconds
[2024-08-04T13:26:14.499+0000] {processor.py:161} INFO - Started process (PID=2714) to work on /home/airflow/.local/lib/python3.12/site-packages/airflow/example_dags/tutorial.py
[2024-08-04T13:26:14.501+0000] {processor.py:830} INFO - Processing file /home/airflow/.local/lib/python3.12/site-packages/airflow/example_dags/tutorial.py for tasks to queue
[2024-08-04T13:26:14.505+0000] {logging_mixin.py:188} INFO - [2024-08-04T13:26:14.504+0000] {dagbag.py:545} INFO - Filling up the DagBag from /home/airflow/.local/lib/python3.12/site-packages/airflow/example_dags/tutorial.py
[2024-08-04T13:26:14.518+0000] {processor.py:840} INFO - DAG(s) 'tutorial' retrieved from /home/airflow/.local/lib/python3.12/site-packages/airflow/example_dags/tutorial.py
[2024-08-04T13:26:14.541+0000] {logging_mixin.py:188} INFO - [2024-08-04T13:26:14.541+0000] {dag.py:3089} INFO - Sync 1 DAGs
[2024-08-04T13:26:14.572+0000] {logging_mixin.py:188} INFO - [2024-08-04T13:26:14.572+0000] {dag.py:3947} INFO - Setting next_dagrun for tutorial to 2024-08-03 00:00:00+00:00, run_after=2024-08-04 00:00:00+00:00
[2024-08-04T13:26:14.681+0000] {processor.py:183} INFO - Processing /home/airflow/.local/lib/python3.12/site-packages/airflow/example_dags/tutorial.py took 0.189 seconds
[2024-08-04T13:26:45.201+0000] {processor.py:161} INFO - Started process (PID=2778) to work on /home/airflow/.local/lib/python3.12/site-packages/airflow/example_dags/tutorial.py
[2024-08-04T13:26:45.202+0000] {processor.py:830} INFO - Processing file /home/airflow/.local/lib/python3.12/site-packages/airflow/example_dags/tutorial.py for tasks to queue
[2024-08-04T13:26:45.204+0000] {logging_mixin.py:188} INFO - [2024-08-04T13:26:45.204+0000] {dagbag.py:545} INFO - Filling up the DagBag from /home/airflow/.local/lib/python3.12/site-packages/airflow/example_dags/tutorial.py
[2024-08-04T13:26:45.212+0000] {processor.py:840} INFO - DAG(s) 'tutorial' retrieved from /home/airflow/.local/lib/python3.12/site-packages/airflow/example_dags/tutorial.py
[2024-08-04T13:26:45.232+0000] {logging_mixin.py:188} INFO - [2024-08-04T13:26:45.232+0000] {dag.py:3089} INFO - Sync 1 DAGs
[2024-08-04T13:26:45.257+0000] {logging_mixin.py:188} INFO - [2024-08-04T13:26:45.256+0000] {dag.py:3947} INFO - Setting next_dagrun for tutorial to 2024-08-03 00:00:00+00:00, run_after=2024-08-04 00:00:00+00:00
[2024-08-04T13:26:45.277+0000] {processor.py:183} INFO - Processing /home/airflow/.local/lib/python3.12/site-packages/airflow/example_dags/tutorial.py took 0.083 seconds
[2024-08-04T13:27:16.079+0000] {processor.py:161} INFO - Started process (PID=2842) to work on /home/airflow/.local/lib/python3.12/site-packages/airflow/example_dags/tutorial.py
[2024-08-04T13:27:16.080+0000] {processor.py:830} INFO - Processing file /home/airflow/.local/lib/python3.12/site-packages/airflow/example_dags/tutorial.py for tasks to queue
[2024-08-04T13:27:16.082+0000] {logging_mixin.py:188} INFO - [2024-08-04T13:27:16.082+0000] {dagbag.py:545} INFO - Filling up the DagBag from /home/airflow/.local/lib/python3.12/site-packages/airflow/example_dags/tutorial.py
[2024-08-04T13:27:16.089+0000] {processor.py:840} INFO - DAG(s) 'tutorial' retrieved from /home/airflow/.local/lib/python3.12/site-packages/airflow/example_dags/tutorial.py
[2024-08-04T13:27:16.110+0000] {logging_mixin.py:188} INFO - [2024-08-04T13:27:16.110+0000] {dag.py:3089} INFO - Sync 1 DAGs
[2024-08-04T13:27:16.132+0000] {logging_mixin.py:188} INFO - [2024-08-04T13:27:16.131+0000] {dag.py:3947} INFO - Setting next_dagrun for tutorial to 2024-08-03 00:00:00+00:00, run_after=2024-08-04 00:00:00+00:00
[2024-08-04T13:27:16.152+0000] {processor.py:183} INFO - Processing /home/airflow/.local/lib/python3.12/site-packages/airflow/example_dags/tutorial.py took 0.080 seconds
[2024-08-04T13:27:46.972+0000] {processor.py:161} INFO - Started process (PID=2906) to work on /home/airflow/.local/lib/python3.12/site-packages/airflow/example_dags/tutorial.py
[2024-08-04T13:27:46.973+0000] {processor.py:830} INFO - Processing file /home/airflow/.local/lib/python3.12/site-packages/airflow/example_dags/tutorial.py for tasks to queue
[2024-08-04T13:27:46.975+0000] {logging_mixin.py:188} INFO - [2024-08-04T13:27:46.974+0000] {dagbag.py:545} INFO - Filling up the DagBag from /home/airflow/.local/lib/python3.12/site-packages/airflow/example_dags/tutorial.py
[2024-08-04T13:27:46.980+0000] {processor.py:840} INFO - DAG(s) 'tutorial' retrieved from /home/airflow/.local/lib/python3.12/site-packages/airflow/example_dags/tutorial.py
[2024-08-04T13:27:47.000+0000] {logging_mixin.py:188} INFO - [2024-08-04T13:27:46.999+0000] {dag.py:3089} INFO - Sync 1 DAGs
[2024-08-04T13:27:47.032+0000] {logging_mixin.py:188} INFO - [2024-08-04T13:27:47.032+0000] {dag.py:3947} INFO - Setting next_dagrun for tutorial to 2024-08-03 00:00:00+00:00, run_after=2024-08-04 00:00:00+00:00
[2024-08-04T13:27:47.052+0000] {processor.py:183} INFO - Processing /home/airflow/.local/lib/python3.12/site-packages/airflow/example_dags/tutorial.py took 0.086 seconds
[2024-08-04T13:28:17.716+0000] {processor.py:161} INFO - Started process (PID=2970) to work on /home/airflow/.local/lib/python3.12/site-packages/airflow/example_dags/tutorial.py
[2024-08-04T13:28:17.718+0000] {processor.py:830} INFO - Processing file /home/airflow/.local/lib/python3.12/site-packages/airflow/example_dags/tutorial.py for tasks to queue
[2024-08-04T13:28:17.720+0000] {logging_mixin.py:188} INFO - [2024-08-04T13:28:17.719+0000] {dagbag.py:545} INFO - Filling up the DagBag from /home/airflow/.local/lib/python3.12/site-packages/airflow/example_dags/tutorial.py
[2024-08-04T13:28:17.726+0000] {processor.py:840} INFO - DAG(s) 'tutorial' retrieved from /home/airflow/.local/lib/python3.12/site-packages/airflow/example_dags/tutorial.py
[2024-08-04T13:28:17.747+0000] {logging_mixin.py:188} INFO - [2024-08-04T13:28:17.747+0000] {dag.py:3089} INFO - Sync 1 DAGs
[2024-08-04T13:28:17.770+0000] {logging_mixin.py:188} INFO - [2024-08-04T13:28:17.770+0000] {dag.py:3947} INFO - Setting next_dagrun for tutorial to 2024-08-03 00:00:00+00:00, run_after=2024-08-04 00:00:00+00:00
[2024-08-04T13:28:17.790+0000] {processor.py:183} INFO - Processing /home/airflow/.local/lib/python3.12/site-packages/airflow/example_dags/tutorial.py took 0.080 seconds
[2024-08-04T13:28:49.363+0000] {processor.py:161} INFO - Started process (PID=3035) to work on /home/airflow/.local/lib/python3.12/site-packages/airflow/example_dags/tutorial.py
[2024-08-04T13:28:49.364+0000] {processor.py:830} INFO - Processing file /home/airflow/.local/lib/python3.12/site-packages/airflow/example_dags/tutorial.py for tasks to queue
[2024-08-04T13:28:49.366+0000] {logging_mixin.py:188} INFO - [2024-08-04T13:28:49.366+0000] {dagbag.py:545} INFO - Filling up the DagBag from /home/airflow/.local/lib/python3.12/site-packages/airflow/example_dags/tutorial.py
[2024-08-04T13:28:49.373+0000] {processor.py:840} INFO - DAG(s) 'tutorial' retrieved from /home/airflow/.local/lib/python3.12/site-packages/airflow/example_dags/tutorial.py
[2024-08-04T13:28:49.397+0000] {logging_mixin.py:188} INFO - [2024-08-04T13:28:49.396+0000] {dag.py:3089} INFO - Sync 1 DAGs
[2024-08-04T13:28:49.428+0000] {logging_mixin.py:188} INFO - [2024-08-04T13:28:49.427+0000] {dag.py:3947} INFO - Setting next_dagrun for tutorial to 2024-08-03 00:00:00+00:00, run_after=2024-08-04 00:00:00+00:00
[2024-08-04T13:28:49.463+0000] {processor.py:183} INFO - Processing /home/airflow/.local/lib/python3.12/site-packages/airflow/example_dags/tutorial.py took 0.107 seconds
[2024-08-04T13:29:20.210+0000] {processor.py:161} INFO - Started process (PID=3099) to work on /home/airflow/.local/lib/python3.12/site-packages/airflow/example_dags/tutorial.py
[2024-08-04T13:29:20.211+0000] {processor.py:830} INFO - Processing file /home/airflow/.local/lib/python3.12/site-packages/airflow/example_dags/tutorial.py for tasks to queue
[2024-08-04T13:29:20.213+0000] {logging_mixin.py:188} INFO - [2024-08-04T13:29:20.212+0000] {dagbag.py:545} INFO - Filling up the DagBag from /home/airflow/.local/lib/python3.12/site-packages/airflow/example_dags/tutorial.py
[2024-08-04T13:29:20.220+0000] {processor.py:840} INFO - DAG(s) 'tutorial' retrieved from /home/airflow/.local/lib/python3.12/site-packages/airflow/example_dags/tutorial.py
[2024-08-04T13:29:20.242+0000] {logging_mixin.py:188} INFO - [2024-08-04T13:29:20.242+0000] {dag.py:3089} INFO - Sync 1 DAGs
[2024-08-04T13:29:20.269+0000] {logging_mixin.py:188} INFO - [2024-08-04T13:29:20.269+0000] {dag.py:3947} INFO - Setting next_dagrun for tutorial to 2024-08-03 00:00:00+00:00, run_after=2024-08-04 00:00:00+00:00
[2024-08-04T13:29:20.294+0000] {processor.py:183} INFO - Processing /home/airflow/.local/lib/python3.12/site-packages/airflow/example_dags/tutorial.py took 0.091 seconds
[2024-08-04T13:29:51.237+0000] {processor.py:161} INFO - Started process (PID=3163) to work on /home/airflow/.local/lib/python3.12/site-packages/airflow/example_dags/tutorial.py
[2024-08-04T13:29:51.238+0000] {processor.py:830} INFO - Processing file /home/airflow/.local/lib/python3.12/site-packages/airflow/example_dags/tutorial.py for tasks to queue
[2024-08-04T13:29:51.241+0000] {logging_mixin.py:188} INFO - [2024-08-04T13:29:51.240+0000] {dagbag.py:545} INFO - Filling up the DagBag from /home/airflow/.local/lib/python3.12/site-packages/airflow/example_dags/tutorial.py
[2024-08-04T13:29:51.247+0000] {processor.py:840} INFO - DAG(s) 'tutorial' retrieved from /home/airflow/.local/lib/python3.12/site-packages/airflow/example_dags/tutorial.py
[2024-08-04T13:29:51.271+0000] {logging_mixin.py:188} INFO - [2024-08-04T13:29:51.270+0000] {dag.py:3089} INFO - Sync 1 DAGs
[2024-08-04T13:29:51.294+0000] {logging_mixin.py:188} INFO - [2024-08-04T13:29:51.294+0000] {dag.py:3947} INFO - Setting next_dagrun for tutorial to 2024-08-03 00:00:00+00:00, run_after=2024-08-04 00:00:00+00:00
[2024-08-04T13:29:51.324+0000] {processor.py:183} INFO - Processing /home/airflow/.local/lib/python3.12/site-packages/airflow/example_dags/tutorial.py took 0.093 seconds
[2024-08-04T13:30:22.770+0000] {processor.py:161} INFO - Started process (PID=3227) to work on /home/airflow/.local/lib/python3.12/site-packages/airflow/example_dags/tutorial.py
[2024-08-04T13:30:22.772+0000] {processor.py:830} INFO - Processing file /home/airflow/.local/lib/python3.12/site-packages/airflow/example_dags/tutorial.py for tasks to queue
[2024-08-04T13:30:22.775+0000] {logging_mixin.py:188} INFO - [2024-08-04T13:30:22.774+0000] {dagbag.py:545} INFO - Filling up the DagBag from /home/airflow/.local/lib/python3.12/site-packages/airflow/example_dags/tutorial.py
[2024-08-04T13:30:22.784+0000] {processor.py:840} INFO - DAG(s) 'tutorial' retrieved from /home/airflow/.local/lib/python3.12/site-packages/airflow/example_dags/tutorial.py
[2024-08-04T13:30:22.814+0000] {logging_mixin.py:188} INFO - [2024-08-04T13:30:22.813+0000] {dag.py:3089} INFO - Sync 1 DAGs
[2024-08-04T13:30:22.842+0000] {logging_mixin.py:188} INFO - [2024-08-04T13:30:22.842+0000] {dag.py:3947} INFO - Setting next_dagrun for tutorial to 2024-08-03 00:00:00+00:00, run_after=2024-08-04 00:00:00+00:00
[2024-08-04T13:30:22.868+0000] {processor.py:183} INFO - Processing /home/airflow/.local/lib/python3.12/site-packages/airflow/example_dags/tutorial.py took 0.106 seconds
[2024-08-04T13:30:53.686+0000] {processor.py:161} INFO - Started process (PID=3291) to work on /home/airflow/.local/lib/python3.12/site-packages/airflow/example_dags/tutorial.py
[2024-08-04T13:30:53.687+0000] {processor.py:830} INFO - Processing file /home/airflow/.local/lib/python3.12/site-packages/airflow/example_dags/tutorial.py for tasks to queue
[2024-08-04T13:30:53.690+0000] {logging_mixin.py:188} INFO - [2024-08-04T13:30:53.689+0000] {dagbag.py:545} INFO - Filling up the DagBag from /home/airflow/.local/lib/python3.12/site-packages/airflow/example_dags/tutorial.py
[2024-08-04T13:30:53.696+0000] {processor.py:840} INFO - DAG(s) 'tutorial' retrieved from /home/airflow/.local/lib/python3.12/site-packages/airflow/example_dags/tutorial.py
[2024-08-04T13:30:53.718+0000] {logging_mixin.py:188} INFO - [2024-08-04T13:30:53.718+0000] {dag.py:3089} INFO - Sync 1 DAGs
[2024-08-04T13:30:53.740+0000] {logging_mixin.py:188} INFO - [2024-08-04T13:30:53.740+0000] {dag.py:3947} INFO - Setting next_dagrun for tutorial to 2024-08-03 00:00:00+00:00, run_after=2024-08-04 00:00:00+00:00
[2024-08-04T13:30:53.759+0000] {processor.py:183} INFO - Processing /home/airflow/.local/lib/python3.12/site-packages/airflow/example_dags/tutorial.py took 0.082 seconds
[2024-08-04T13:31:24.258+0000] {processor.py:161} INFO - Started process (PID=3355) to work on /home/airflow/.local/lib/python3.12/site-packages/airflow/example_dags/tutorial.py
[2024-08-04T13:31:24.260+0000] {processor.py:830} INFO - Processing file /home/airflow/.local/lib/python3.12/site-packages/airflow/example_dags/tutorial.py for tasks to queue
[2024-08-04T13:31:24.265+0000] {logging_mixin.py:188} INFO - [2024-08-04T13:31:24.264+0000] {dagbag.py:545} INFO - Filling up the DagBag from /home/airflow/.local/lib/python3.12/site-packages/airflow/example_dags/tutorial.py
[2024-08-04T13:31:24.272+0000] {processor.py:840} INFO - DAG(s) 'tutorial' retrieved from /home/airflow/.local/lib/python3.12/site-packages/airflow/example_dags/tutorial.py
[2024-08-04T13:31:24.301+0000] {logging_mixin.py:188} INFO - [2024-08-04T13:31:24.301+0000] {dag.py:3089} INFO - Sync 1 DAGs
[2024-08-04T13:31:24.333+0000] {logging_mixin.py:188} INFO - [2024-08-04T13:31:24.332+0000] {dag.py:3947} INFO - Setting next_dagrun for tutorial to 2024-08-03 00:00:00+00:00, run_after=2024-08-04 00:00:00+00:00
[2024-08-04T13:31:24.365+0000] {processor.py:183} INFO - Processing /home/airflow/.local/lib/python3.12/site-packages/airflow/example_dags/tutorial.py took 0.115 seconds
[2024-08-04T13:31:55.265+0000] {processor.py:161} INFO - Started process (PID=3419) to work on /home/airflow/.local/lib/python3.12/site-packages/airflow/example_dags/tutorial.py
[2024-08-04T13:31:55.267+0000] {processor.py:830} INFO - Processing file /home/airflow/.local/lib/python3.12/site-packages/airflow/example_dags/tutorial.py for tasks to queue
[2024-08-04T13:31:55.275+0000] {logging_mixin.py:188} INFO - [2024-08-04T13:31:55.275+0000] {dagbag.py:545} INFO - Filling up the DagBag from /home/airflow/.local/lib/python3.12/site-packages/airflow/example_dags/tutorial.py
[2024-08-04T13:31:55.281+0000] {processor.py:840} INFO - DAG(s) 'tutorial' retrieved from /home/airflow/.local/lib/python3.12/site-packages/airflow/example_dags/tutorial.py
[2024-08-04T13:31:55.312+0000] {logging_mixin.py:188} INFO - [2024-08-04T13:31:55.312+0000] {dag.py:3089} INFO - Sync 1 DAGs
[2024-08-04T13:31:55.341+0000] {logging_mixin.py:188} INFO - [2024-08-04T13:31:55.341+0000] {dag.py:3947} INFO - Setting next_dagrun for tutorial to 2024-08-03 00:00:00+00:00, run_after=2024-08-04 00:00:00+00:00
[2024-08-04T13:31:55.373+0000] {processor.py:183} INFO - Processing /home/airflow/.local/lib/python3.12/site-packages/airflow/example_dags/tutorial.py took 0.124 seconds
[2024-08-04T13:32:25.848+0000] {processor.py:161} INFO - Started process (PID=3482) to work on /home/airflow/.local/lib/python3.12/site-packages/airflow/example_dags/tutorial.py
[2024-08-04T13:32:25.849+0000] {processor.py:830} INFO - Processing file /home/airflow/.local/lib/python3.12/site-packages/airflow/example_dags/tutorial.py for tasks to queue
[2024-08-04T13:32:25.853+0000] {logging_mixin.py:188} INFO - [2024-08-04T13:32:25.852+0000] {dagbag.py:545} INFO - Filling up the DagBag from /home/airflow/.local/lib/python3.12/site-packages/airflow/example_dags/tutorial.py
[2024-08-04T13:32:25.861+0000] {processor.py:840} INFO - DAG(s) 'tutorial' retrieved from /home/airflow/.local/lib/python3.12/site-packages/airflow/example_dags/tutorial.py
[2024-08-04T13:32:25.895+0000] {logging_mixin.py:188} INFO - [2024-08-04T13:32:25.894+0000] {dag.py:3089} INFO - Sync 1 DAGs
[2024-08-04T13:32:25.922+0000] {logging_mixin.py:188} INFO - [2024-08-04T13:32:25.922+0000] {dag.py:3947} INFO - Setting next_dagrun for tutorial to 2024-08-03 00:00:00+00:00, run_after=2024-08-04 00:00:00+00:00
[2024-08-04T13:32:26.060+0000] {processor.py:183} INFO - Processing /home/airflow/.local/lib/python3.12/site-packages/airflow/example_dags/tutorial.py took 0.222 seconds
[2024-08-04T13:32:56.559+0000] {processor.py:161} INFO - Started process (PID=3546) to work on /home/airflow/.local/lib/python3.12/site-packages/airflow/example_dags/tutorial.py
[2024-08-04T13:32:56.560+0000] {processor.py:830} INFO - Processing file /home/airflow/.local/lib/python3.12/site-packages/airflow/example_dags/tutorial.py for tasks to queue
[2024-08-04T13:32:56.563+0000] {logging_mixin.py:188} INFO - [2024-08-04T13:32:56.562+0000] {dagbag.py:545} INFO - Filling up the DagBag from /home/airflow/.local/lib/python3.12/site-packages/airflow/example_dags/tutorial.py
[2024-08-04T13:32:56.568+0000] {processor.py:840} INFO - DAG(s) 'tutorial' retrieved from /home/airflow/.local/lib/python3.12/site-packages/airflow/example_dags/tutorial.py
[2024-08-04T13:32:56.588+0000] {logging_mixin.py:188} INFO - [2024-08-04T13:32:56.588+0000] {dag.py:3089} INFO - Sync 1 DAGs
[2024-08-04T13:32:56.611+0000] {logging_mixin.py:188} INFO - [2024-08-04T13:32:56.610+0000] {dag.py:3947} INFO - Setting next_dagrun for tutorial to 2024-08-03 00:00:00+00:00, run_after=2024-08-04 00:00:00+00:00
[2024-08-04T13:32:56.632+0000] {processor.py:183} INFO - Processing /home/airflow/.local/lib/python3.12/site-packages/airflow/example_dags/tutorial.py took 0.079 seconds
[2024-08-04T13:33:27.372+0000] {processor.py:161} INFO - Started process (PID=3610) to work on /home/airflow/.local/lib/python3.12/site-packages/airflow/example_dags/tutorial.py
[2024-08-04T13:33:27.373+0000] {processor.py:830} INFO - Processing file /home/airflow/.local/lib/python3.12/site-packages/airflow/example_dags/tutorial.py for tasks to queue
[2024-08-04T13:33:27.376+0000] {logging_mixin.py:188} INFO - [2024-08-04T13:33:27.375+0000] {dagbag.py:545} INFO - Filling up the DagBag from /home/airflow/.local/lib/python3.12/site-packages/airflow/example_dags/tutorial.py
[2024-08-04T13:33:27.382+0000] {processor.py:840} INFO - DAG(s) 'tutorial' retrieved from /home/airflow/.local/lib/python3.12/site-packages/airflow/example_dags/tutorial.py
[2024-08-04T13:33:27.411+0000] {logging_mixin.py:188} INFO - [2024-08-04T13:33:27.411+0000] {dag.py:3089} INFO - Sync 1 DAGs
[2024-08-04T13:33:27.450+0000] {logging_mixin.py:188} INFO - [2024-08-04T13:33:27.450+0000] {dag.py:3947} INFO - Setting next_dagrun for tutorial to 2024-08-03 00:00:00+00:00, run_after=2024-08-04 00:00:00+00:00
[2024-08-04T13:33:27.480+0000] {processor.py:183} INFO - Processing /home/airflow/.local/lib/python3.12/site-packages/airflow/example_dags/tutorial.py took 0.115 seconds
[2024-08-04T13:33:57.881+0000] {processor.py:161} INFO - Started process (PID=3674) to work on /home/airflow/.local/lib/python3.12/site-packages/airflow/example_dags/tutorial.py
[2024-08-04T13:33:57.887+0000] {processor.py:830} INFO - Processing file /home/airflow/.local/lib/python3.12/site-packages/airflow/example_dags/tutorial.py for tasks to queue
[2024-08-04T13:33:57.893+0000] {logging_mixin.py:188} INFO - [2024-08-04T13:33:57.892+0000] {dagbag.py:545} INFO - Filling up the DagBag from /home/airflow/.local/lib/python3.12/site-packages/airflow/example_dags/tutorial.py
[2024-08-04T13:33:57.908+0000] {processor.py:840} INFO - DAG(s) 'tutorial' retrieved from /home/airflow/.local/lib/python3.12/site-packages/airflow/example_dags/tutorial.py
[2024-08-04T13:33:57.935+0000] {logging_mixin.py:188} INFO - [2024-08-04T13:33:57.935+0000] {dag.py:3089} INFO - Sync 1 DAGs
[2024-08-04T13:33:57.959+0000] {logging_mixin.py:188} INFO - [2024-08-04T13:33:57.959+0000] {dag.py:3947} INFO - Setting next_dagrun for tutorial to 2024-08-03 00:00:00+00:00, run_after=2024-08-04 00:00:00+00:00
[2024-08-04T13:33:57.984+0000] {processor.py:183} INFO - Processing /home/airflow/.local/lib/python3.12/site-packages/airflow/example_dags/tutorial.py took 0.109 seconds
[2024-08-04T13:34:29.327+0000] {processor.py:161} INFO - Started process (PID=3738) to work on /home/airflow/.local/lib/python3.12/site-packages/airflow/example_dags/tutorial.py
[2024-08-04T13:34:29.328+0000] {processor.py:830} INFO - Processing file /home/airflow/.local/lib/python3.12/site-packages/airflow/example_dags/tutorial.py for tasks to queue
[2024-08-04T13:34:29.330+0000] {logging_mixin.py:188} INFO - [2024-08-04T13:34:29.330+0000] {dagbag.py:545} INFO - Filling up the DagBag from /home/airflow/.local/lib/python3.12/site-packages/airflow/example_dags/tutorial.py
[2024-08-04T13:34:29.336+0000] {processor.py:840} INFO - DAG(s) 'tutorial' retrieved from /home/airflow/.local/lib/python3.12/site-packages/airflow/example_dags/tutorial.py
[2024-08-04T13:34:29.360+0000] {logging_mixin.py:188} INFO - [2024-08-04T13:34:29.360+0000] {dag.py:3089} INFO - Sync 1 DAGs
[2024-08-04T13:34:29.385+0000] {logging_mixin.py:188} INFO - [2024-08-04T13:34:29.384+0000] {dag.py:3947} INFO - Setting next_dagrun for tutorial to 2024-08-03 00:00:00+00:00, run_after=2024-08-04 00:00:00+00:00
[2024-08-04T13:34:29.415+0000] {processor.py:183} INFO - Processing /home/airflow/.local/lib/python3.12/site-packages/airflow/example_dags/tutorial.py took 0.095 seconds
[2024-08-04T13:34:59.602+0000] {processor.py:161} INFO - Started process (PID=3802) to work on /home/airflow/.local/lib/python3.12/site-packages/airflow/example_dags/tutorial.py
[2024-08-04T13:34:59.603+0000] {processor.py:830} INFO - Processing file /home/airflow/.local/lib/python3.12/site-packages/airflow/example_dags/tutorial.py for tasks to queue
[2024-08-04T13:34:59.605+0000] {logging_mixin.py:188} INFO - [2024-08-04T13:34:59.605+0000] {dagbag.py:545} INFO - Filling up the DagBag from /home/airflow/.local/lib/python3.12/site-packages/airflow/example_dags/tutorial.py
[2024-08-04T13:34:59.612+0000] {processor.py:840} INFO - DAG(s) 'tutorial' retrieved from /home/airflow/.local/lib/python3.12/site-packages/airflow/example_dags/tutorial.py
[2024-08-04T13:34:59.634+0000] {logging_mixin.py:188} INFO - [2024-08-04T13:34:59.634+0000] {dag.py:3089} INFO - Sync 1 DAGs
[2024-08-04T13:34:59.657+0000] {logging_mixin.py:188} INFO - [2024-08-04T13:34:59.656+0000] {dag.py:3947} INFO - Setting next_dagrun for tutorial to 2024-08-03 00:00:00+00:00, run_after=2024-08-04 00:00:00+00:00
[2024-08-04T13:34:59.686+0000] {processor.py:183} INFO - Processing /home/airflow/.local/lib/python3.12/site-packages/airflow/example_dags/tutorial.py took 0.091 seconds
