[2024-07-13T15:56:58.821+0000] {taskinstance.py:1165} INFO - Dependencies all met for <TaskInstance: user_processing.extract_user manual__2024-07-13T15:56:53.610147+00:00 [queued]>
[2024-07-13T15:56:58.837+0000] {taskinstance.py:1165} INFO - Dependencies all met for <TaskInstance: user_processing.extract_user manual__2024-07-13T15:56:53.610147+00:00 [queued]>
[2024-07-13T15:56:58.838+0000] {taskinstance.py:1362} INFO - 
--------------------------------------------------------------------------------
[2024-07-13T15:56:58.839+0000] {taskinstance.py:1363} INFO - Starting attempt 1 of 1
[2024-07-13T15:56:58.839+0000] {taskinstance.py:1364} INFO - 
--------------------------------------------------------------------------------
[2024-07-13T15:56:58.859+0000] {taskinstance.py:1383} INFO - Executing <Task(SimpleHttpOperator): extract_user> on 2024-07-13 15:56:53.610147+00:00
[2024-07-13T15:56:58.870+0000] {standard_task_runner.py:55} INFO - Started process 5513 to run task
[2024-07-13T15:56:58.875+0000] {standard_task_runner.py:82} INFO - Running: ['***', 'tasks', 'run', 'user_processing', 'extract_user', 'manual__2024-07-13T15:56:53.610147+00:00', '--job-id', '37', '--raw', '--subdir', 'DAGS_FOLDER/user_processing.py', '--cfg-path', '/tmp/tmpmmff_t6v']
[2024-07-13T15:56:58.878+0000] {standard_task_runner.py:83} INFO - Job 37: Subtask extract_user
[2024-07-13T15:56:58.951+0000] {task_command.py:376} INFO - Running <TaskInstance: user_processing.extract_user manual__2024-07-13T15:56:53.610147+00:00 [running]> on host 87b219e3aacc
[2024-07-13T15:56:59.054+0000] {taskinstance.py:1592} INFO - Exporting the following env vars:
AIRFLOW_CTX_DAG_OWNER=***
AIRFLOW_CTX_DAG_ID=user_processing
AIRFLOW_CTX_TASK_ID=extract_user
AIRFLOW_CTX_EXECUTION_DATE=2024-07-13T15:56:53.610147+00:00
AIRFLOW_CTX_TRY_NUMBER=1
AIRFLOW_CTX_DAG_RUN_ID=manual__2024-07-13T15:56:53.610147+00:00
[2024-07-13T15:56:59.056+0000] {http.py:121} INFO - Calling HTTP method
[2024-07-13T15:56:59.066+0000] {base.py:71} INFO - Using connection ID 'user_api' for task execution.
[2024-07-13T15:56:59.069+0000] {http.py:148} INFO - Sending 'GET' to url: https://randomuser.me/api/
[2024-07-13T15:57:05.038+0000] {http.py:125} INFO - {"results":[{"gender":"female","name":{"title":"Miss","first":"Amparo","last":"Bravo"},"location":{"street":{"number":9821,"name":"Calle Covadonga"},"city":"Málaga","state":"Comunidad Valenciana","country":"Spain","postcode":39901,"coordinates":{"latitude":"-31.6197","longitude":"109.8003"},"timezone":{"offset":"-5:00","description":"Eastern Time (US & Canada), Bogota, Lima"}},"email":"amparo.bravo@example.com","login":{"uuid":"0004f389-5e9a-4cb1-aa68-45f5e212eb93","username":"orangeelephant383","password":"happyday","salt":"6KPWSf6N","md5":"47633bd0cfa7c925a084b7c8bdc698d7","sha1":"5be1757246112b3f96f96d237613faccc2e3af12","sha256":"b630819f850021a8899604d310d68330a12006a0927f9fe633c52aa3f08e1493"},"dob":{"date":"1999-10-06T11:31:32.139Z","age":24},"registered":{"date":"2009-07-01T03:18:48.870Z","age":15},"phone":"910-196-620","cell":"609-972-396","id":{"name":"DNI","value":"32144166-K"},"picture":{"large":"https://randomuser.me/api/portraits/women/88.jpg","medium":"https://randomuser.me/api/portraits/med/women/88.jpg","thumbnail":"https://randomuser.me/api/portraits/thumb/women/88.jpg"},"nat":"ES"}],"info":{"seed":"e7b486dd7169928a","results":1,"page":1,"version":"1.4"}}
[2024-07-13T15:57:05.076+0000] {taskinstance.py:1406} INFO - Marking task as SUCCESS. dag_id=user_processing, task_id=extract_user, execution_date=20240713T155653, start_date=20240713T155658, end_date=20240713T155705
[2024-07-13T15:57:05.111+0000] {local_task_job.py:164} INFO - Task exited with return code 0
[2024-07-13T15:57:05.176+0000] {local_task_job.py:273} INFO - 1 downstream tasks scheduled from follow-on schedule check
