[2024-07-13T15:39:01.642+0000] {taskinstance.py:1165} INFO - Dependencies all met for <TaskInstance: user_processing.extract_user manual__2024-07-13T15:38:55.942475+00:00 [queued]>
[2024-07-13T15:39:01.657+0000] {taskinstance.py:1165} INFO - Dependencies all met for <TaskInstance: user_processing.extract_user manual__2024-07-13T15:38:55.942475+00:00 [queued]>
[2024-07-13T15:39:01.658+0000] {taskinstance.py:1362} INFO - 
--------------------------------------------------------------------------------
[2024-07-13T15:39:01.658+0000] {taskinstance.py:1363} INFO - Starting attempt 1 of 1
[2024-07-13T15:39:01.659+0000] {taskinstance.py:1364} INFO - 
--------------------------------------------------------------------------------
[2024-07-13T15:39:01.676+0000] {taskinstance.py:1383} INFO - Executing <Task(SimpleHttpOperator): extract_user> on 2024-07-13 15:38:55.942475+00:00
[2024-07-13T15:39:01.686+0000] {standard_task_runner.py:55} INFO - Started process 4641 to run task
[2024-07-13T15:39:01.690+0000] {standard_task_runner.py:82} INFO - Running: ['***', 'tasks', 'run', 'user_processing', 'extract_user', 'manual__2024-07-13T15:38:55.942475+00:00', '--job-id', '27', '--raw', '--subdir', 'DAGS_FOLDER/user_processing.py', '--cfg-path', '/tmp/tmpnn69k0hh']
[2024-07-13T15:39:01.693+0000] {standard_task_runner.py:83} INFO - Job 27: Subtask extract_user
[2024-07-13T15:39:01.765+0000] {task_command.py:376} INFO - Running <TaskInstance: user_processing.extract_user manual__2024-07-13T15:38:55.942475+00:00 [running]> on host 87b219e3aacc
[2024-07-13T15:39:01.846+0000] {taskinstance.py:1592} INFO - Exporting the following env vars:
AIRFLOW_CTX_DAG_OWNER=***
AIRFLOW_CTX_DAG_ID=user_processing
AIRFLOW_CTX_TASK_ID=extract_user
AIRFLOW_CTX_EXECUTION_DATE=2024-07-13T15:38:55.942475+00:00
AIRFLOW_CTX_TRY_NUMBER=1
AIRFLOW_CTX_DAG_RUN_ID=manual__2024-07-13T15:38:55.942475+00:00
[2024-07-13T15:39:01.848+0000] {http.py:121} INFO - Calling HTTP method
[2024-07-13T15:39:01.858+0000] {base.py:71} INFO - Using connection ID 'user_api' for task execution.
[2024-07-13T15:39:01.887+0000] {http.py:148} INFO - Sending 'GET' to url: https://randomuser.me/api/
[2024-07-13T15:39:02.941+0000] {http.py:125} INFO - {"results":[{"gender":"male","name":{"title":"Monsieur","first":"António","last":"Bernard"},"location":{"street":{"number":7719,"name":"Rue Principale"},"city":"Freienbach","state":"Solothurn","country":"Switzerland","postcode":8319,"coordinates":{"latitude":"-58.1088","longitude":"-151.5463"},"timezone":{"offset":"+3:30","description":"Tehran"}},"email":"antonio.bernard@example.com","login":{"uuid":"109cf4a3-caf1-44d7-8f10-1785db84d6a8","username":"beautifulbear169","password":"witch","salt":"VO7hq2CI","md5":"55f1ebd77f056c008a896eca42d310eb","sha1":"441ab09af5e71fd52b2ed563ff931c8caf6d4428","sha256":"8653aaa4183bec0f24714a7cfecc18967480db87234eb51831d8daef902cc4df"},"dob":{"date":"1972-08-15T23:00:50.563Z","age":51},"registered":{"date":"2013-07-13T17:01:16.162Z","age":10},"phone":"078 528 46 59","cell":"076 792 38 58","id":{"name":"AVS","value":"756.5207.5779.05"},"picture":{"large":"https://randomuser.me/api/portraits/men/32.jpg","medium":"https://randomuser.me/api/portraits/med/men/32.jpg","thumbnail":"https://randomuser.me/api/portraits/thumb/men/32.jpg"},"nat":"CH"}],"info":{"seed":"8775d99e033a4809","results":1,"page":1,"version":"1.4"}}
[2024-07-13T15:39:02.993+0000] {taskinstance.py:1406} INFO - Marking task as SUCCESS. dag_id=user_processing, task_id=extract_user, execution_date=20240713T153855, start_date=20240713T153901, end_date=20240713T153902
[2024-07-13T15:39:03.069+0000] {local_task_job.py:164} INFO - Task exited with return code 0
[2024-07-13T15:39:03.129+0000] {local_task_job.py:273} INFO - 1 downstream tasks scheduled from follow-on schedule check
