[2024-07-17T03:44:51.234+0000] {taskinstance.py:1083} INFO - Dependencies all met for <TaskInstance: user_processing.is_api_available scheduled__2024-07-16T00:00:00+00:00 [queued]>
[2024-07-17T03:44:51.245+0000] {taskinstance.py:1083} INFO - Dependencies all met for <TaskInstance: user_processing.is_api_available scheduled__2024-07-16T00:00:00+00:00 [queued]>
[2024-07-17T03:44:51.247+0000] {taskinstance.py:1279} INFO - 
--------------------------------------------------------------------------------
[2024-07-17T03:44:51.248+0000] {taskinstance.py:1280} INFO - Starting attempt 1 of 1
[2024-07-17T03:44:51.248+0000] {taskinstance.py:1281} INFO - 
--------------------------------------------------------------------------------
[2024-07-17T03:44:51.266+0000] {taskinstance.py:1300} INFO - Executing <Task(HttpSensor): is_api_available> on 2024-07-16 00:00:00+00:00
[2024-07-17T03:44:51.276+0000] {standard_task_runner.py:55} INFO - Started process 111 to run task
[2024-07-17T03:44:51.280+0000] {standard_task_runner.py:82} INFO - Running: ['***', 'tasks', 'run', 'user_processing', 'is_api_available', 'scheduled__2024-07-16T00:00:00+00:00', '--job-id', '85', '--raw', '--subdir', 'DAGS_FOLDER/user_processing.py', '--cfg-path', '/tmp/tmp_o8o95eu']
[2024-07-17T03:44:51.282+0000] {standard_task_runner.py:83} INFO - Job 85: Subtask is_api_available
[2024-07-17T03:44:51.355+0000] {task_command.py:388} INFO - Running <TaskInstance: user_processing.is_api_available scheduled__2024-07-16T00:00:00+00:00 [running]> on host 5bbd737422cd
[2024-07-17T03:44:51.458+0000] {taskinstance.py:1509} INFO - Exporting the following env vars:
AIRFLOW_CTX_DAG_OWNER=***
AIRFLOW_CTX_DAG_ID=user_processing
AIRFLOW_CTX_TASK_ID=is_api_available
AIRFLOW_CTX_EXECUTION_DATE=2024-07-16T00:00:00+00:00
AIRFLOW_CTX_TRY_NUMBER=1
AIRFLOW_CTX_DAG_RUN_ID=scheduled__2024-07-16T00:00:00+00:00
[2024-07-17T03:44:51.462+0000] {http.py:122} INFO - Poking: api/
[2024-07-17T03:44:51.474+0000] {base.py:73} INFO - Using connection ID 'user_api' for task execution.
[2024-07-17T03:44:52.010+0000] {base.py:228} INFO - Success criteria met. Exiting.
[2024-07-17T03:44:52.030+0000] {taskinstance.py:1323} INFO - Marking task as SUCCESS. dag_id=user_processing, task_id=is_api_available, execution_date=20240716T000000, start_date=20240717T034451, end_date=20240717T034452
[2024-07-17T03:44:52.096+0000] {local_task_job.py:208} INFO - Task exited with return code 0
[2024-07-17T03:44:52.158+0000] {taskinstance.py:2578} INFO - 1 downstream tasks scheduled from follow-on schedule check
