[2024-07-14T13:33:22.545+0000] {processor.py:154} INFO - Started process (PID=79) to work on /home/airflow/.local/lib/python3.7/site-packages/airflow/example_dags/example_branch_python_dop_operator_3.py
[2024-07-14T13:33:22.546+0000] {processor.py:756} INFO - Processing file /home/airflow/.local/lib/python3.7/site-packages/airflow/example_dags/example_branch_python_dop_operator_3.py for tasks to queue
[2024-07-14T13:33:22.547+0000] {logging_mixin.py:120} INFO - [2024-07-14T13:33:22.547+0000] {dagbag.py:537} INFO - Filling up the DagBag from /home/airflow/.local/lib/python3.7/site-packages/airflow/example_dags/example_branch_python_dop_operator_3.py
[2024-07-14T13:33:22.582+0000] {processor.py:766} INFO - DAG(s) dict_keys(['example_branch_dop_operator_v3']) retrieved from /home/airflow/.local/lib/python3.7/site-packages/airflow/example_dags/example_branch_python_dop_operator_3.py
[2024-07-14T13:33:22.629+0000] {logging_mixin.py:120} INFO - [2024-07-14T13:33:22.629+0000] {dag.py:2585} INFO - Sync 1 DAGs
[2024-07-14T13:33:22.669+0000] {logging_mixin.py:120} INFO - [2024-07-14T13:33:22.668+0000] {dag.py:3340} INFO - Setting next_dagrun for example_branch_dop_operator_v3 to 2024-07-14T13:32:00+00:00, run_after=2024-07-14T13:33:00+00:00
[2024-07-14T13:33:22.703+0000] {processor.py:176} INFO - Processing /home/airflow/.local/lib/python3.7/site-packages/airflow/example_dags/example_branch_python_dop_operator_3.py took 0.162 seconds
[2024-07-14T13:33:52.765+0000] {processor.py:154} INFO - Started process (PID=136) to work on /home/airflow/.local/lib/python3.7/site-packages/airflow/example_dags/example_branch_python_dop_operator_3.py
[2024-07-14T13:33:52.767+0000] {processor.py:756} INFO - Processing file /home/airflow/.local/lib/python3.7/site-packages/airflow/example_dags/example_branch_python_dop_operator_3.py for tasks to queue
[2024-07-14T13:33:52.768+0000] {logging_mixin.py:120} INFO - [2024-07-14T13:33:52.768+0000] {dagbag.py:537} INFO - Filling up the DagBag from /home/airflow/.local/lib/python3.7/site-packages/airflow/example_dags/example_branch_python_dop_operator_3.py
[2024-07-14T13:33:52.798+0000] {processor.py:766} INFO - DAG(s) dict_keys(['example_branch_dop_operator_v3']) retrieved from /home/airflow/.local/lib/python3.7/site-packages/airflow/example_dags/example_branch_python_dop_operator_3.py
[2024-07-14T13:33:52.823+0000] {logging_mixin.py:120} INFO - [2024-07-14T13:33:52.823+0000] {dag.py:2585} INFO - Sync 1 DAGs
[2024-07-14T13:33:52.868+0000] {logging_mixin.py:120} INFO - [2024-07-14T13:33:52.868+0000] {dag.py:3340} INFO - Setting next_dagrun for example_branch_dop_operator_v3 to 2024-07-14T13:32:00+00:00, run_after=2024-07-14T13:33:00+00:00
[2024-07-14T13:33:52.889+0000] {processor.py:176} INFO - Processing /home/airflow/.local/lib/python3.7/site-packages/airflow/example_dags/example_branch_python_dop_operator_3.py took 0.126 seconds
[2024-07-14T13:34:23.372+0000] {processor.py:154} INFO - Started process (PID=203) to work on /home/airflow/.local/lib/python3.7/site-packages/airflow/example_dags/example_branch_python_dop_operator_3.py
[2024-07-14T13:34:23.374+0000] {processor.py:756} INFO - Processing file /home/airflow/.local/lib/python3.7/site-packages/airflow/example_dags/example_branch_python_dop_operator_3.py for tasks to queue
[2024-07-14T13:34:23.375+0000] {logging_mixin.py:120} INFO - [2024-07-14T13:34:23.375+0000] {dagbag.py:537} INFO - Filling up the DagBag from /home/airflow/.local/lib/python3.7/site-packages/airflow/example_dags/example_branch_python_dop_operator_3.py
[2024-07-14T13:34:23.391+0000] {processor.py:766} INFO - DAG(s) dict_keys(['example_branch_dop_operator_v3']) retrieved from /home/airflow/.local/lib/python3.7/site-packages/airflow/example_dags/example_branch_python_dop_operator_3.py
[2024-07-14T13:34:23.419+0000] {logging_mixin.py:120} INFO - [2024-07-14T13:34:23.418+0000] {dag.py:2585} INFO - Sync 1 DAGs
[2024-07-14T13:34:23.442+0000] {logging_mixin.py:120} INFO - [2024-07-14T13:34:23.442+0000] {dag.py:3340} INFO - Setting next_dagrun for example_branch_dop_operator_v3 to 2024-07-14T13:33:00+00:00, run_after=2024-07-14T13:34:00+00:00
[2024-07-14T13:34:23.462+0000] {processor.py:176} INFO - Processing /home/airflow/.local/lib/python3.7/site-packages/airflow/example_dags/example_branch_python_dop_operator_3.py took 0.092 seconds
[2024-07-14T13:34:53.816+0000] {processor.py:154} INFO - Started process (PID=268) to work on /home/airflow/.local/lib/python3.7/site-packages/airflow/example_dags/example_branch_python_dop_operator_3.py
[2024-07-14T13:34:53.817+0000] {processor.py:756} INFO - Processing file /home/airflow/.local/lib/python3.7/site-packages/airflow/example_dags/example_branch_python_dop_operator_3.py for tasks to queue
[2024-07-14T13:34:53.817+0000] {logging_mixin.py:120} INFO - [2024-07-14T13:34:53.817+0000] {dagbag.py:537} INFO - Filling up the DagBag from /home/airflow/.local/lib/python3.7/site-packages/airflow/example_dags/example_branch_python_dop_operator_3.py
[2024-07-14T13:34:53.834+0000] {processor.py:766} INFO - DAG(s) dict_keys(['example_branch_dop_operator_v3']) retrieved from /home/airflow/.local/lib/python3.7/site-packages/airflow/example_dags/example_branch_python_dop_operator_3.py
[2024-07-14T13:34:53.868+0000] {logging_mixin.py:120} INFO - [2024-07-14T13:34:53.868+0000] {dag.py:2585} INFO - Sync 1 DAGs
[2024-07-14T13:34:53.889+0000] {logging_mixin.py:120} INFO - [2024-07-14T13:34:53.889+0000] {dag.py:3340} INFO - Setting next_dagrun for example_branch_dop_operator_v3 to 2024-07-14T13:33:00+00:00, run_after=2024-07-14T13:34:00+00:00
[2024-07-14T13:34:53.905+0000] {processor.py:176} INFO - Processing /home/airflow/.local/lib/python3.7/site-packages/airflow/example_dags/example_branch_python_dop_operator_3.py took 0.091 seconds
[2024-07-14T13:35:24.654+0000] {processor.py:154} INFO - Started process (PID=333) to work on /home/airflow/.local/lib/python3.7/site-packages/airflow/example_dags/example_branch_python_dop_operator_3.py
[2024-07-14T13:35:24.654+0000] {processor.py:756} INFO - Processing file /home/airflow/.local/lib/python3.7/site-packages/airflow/example_dags/example_branch_python_dop_operator_3.py for tasks to queue
[2024-07-14T13:35:24.655+0000] {logging_mixin.py:120} INFO - [2024-07-14T13:35:24.655+0000] {dagbag.py:537} INFO - Filling up the DagBag from /home/airflow/.local/lib/python3.7/site-packages/airflow/example_dags/example_branch_python_dop_operator_3.py
[2024-07-14T13:35:24.672+0000] {processor.py:766} INFO - DAG(s) dict_keys(['example_branch_dop_operator_v3']) retrieved from /home/airflow/.local/lib/python3.7/site-packages/airflow/example_dags/example_branch_python_dop_operator_3.py
[2024-07-14T13:35:24.698+0000] {logging_mixin.py:120} INFO - [2024-07-14T13:35:24.698+0000] {dag.py:2585} INFO - Sync 1 DAGs
[2024-07-14T13:35:24.720+0000] {logging_mixin.py:120} INFO - [2024-07-14T13:35:24.719+0000] {dag.py:3340} INFO - Setting next_dagrun for example_branch_dop_operator_v3 to 2024-07-14T13:34:00+00:00, run_after=2024-07-14T13:35:00+00:00
[2024-07-14T13:35:24.741+0000] {processor.py:176} INFO - Processing /home/airflow/.local/lib/python3.7/site-packages/airflow/example_dags/example_branch_python_dop_operator_3.py took 0.089 seconds
[2024-07-14T13:35:55.274+0000] {processor.py:154} INFO - Started process (PID=390) to work on /home/airflow/.local/lib/python3.7/site-packages/airflow/example_dags/example_branch_python_dop_operator_3.py
[2024-07-14T13:35:55.275+0000] {processor.py:756} INFO - Processing file /home/airflow/.local/lib/python3.7/site-packages/airflow/example_dags/example_branch_python_dop_operator_3.py for tasks to queue
[2024-07-14T13:35:55.276+0000] {logging_mixin.py:120} INFO - [2024-07-14T13:35:55.276+0000] {dagbag.py:537} INFO - Filling up the DagBag from /home/airflow/.local/lib/python3.7/site-packages/airflow/example_dags/example_branch_python_dop_operator_3.py
[2024-07-14T13:35:55.297+0000] {processor.py:766} INFO - DAG(s) dict_keys(['example_branch_dop_operator_v3']) retrieved from /home/airflow/.local/lib/python3.7/site-packages/airflow/example_dags/example_branch_python_dop_operator_3.py
[2024-07-14T13:35:55.327+0000] {logging_mixin.py:120} INFO - [2024-07-14T13:35:55.327+0000] {dag.py:2585} INFO - Sync 1 DAGs
[2024-07-14T13:35:55.347+0000] {logging_mixin.py:120} INFO - [2024-07-14T13:35:55.347+0000] {dag.py:3340} INFO - Setting next_dagrun for example_branch_dop_operator_v3 to 2024-07-14T13:34:00+00:00, run_after=2024-07-14T13:35:00+00:00
[2024-07-14T13:35:55.366+0000] {processor.py:176} INFO - Processing /home/airflow/.local/lib/python3.7/site-packages/airflow/example_dags/example_branch_python_dop_operator_3.py took 0.093 seconds
[2024-07-14T13:36:25.583+0000] {processor.py:154} INFO - Started process (PID=456) to work on /home/airflow/.local/lib/python3.7/site-packages/airflow/example_dags/example_branch_python_dop_operator_3.py
[2024-07-14T13:36:25.584+0000] {processor.py:756} INFO - Processing file /home/airflow/.local/lib/python3.7/site-packages/airflow/example_dags/example_branch_python_dop_operator_3.py for tasks to queue
[2024-07-14T13:36:25.585+0000] {logging_mixin.py:120} INFO - [2024-07-14T13:36:25.585+0000] {dagbag.py:537} INFO - Filling up the DagBag from /home/airflow/.local/lib/python3.7/site-packages/airflow/example_dags/example_branch_python_dop_operator_3.py
[2024-07-14T13:36:25.608+0000] {processor.py:766} INFO - DAG(s) dict_keys(['example_branch_dop_operator_v3']) retrieved from /home/airflow/.local/lib/python3.7/site-packages/airflow/example_dags/example_branch_python_dop_operator_3.py
[2024-07-14T13:36:25.634+0000] {logging_mixin.py:120} INFO - [2024-07-14T13:36:25.634+0000] {dag.py:2585} INFO - Sync 1 DAGs
[2024-07-14T13:36:25.655+0000] {logging_mixin.py:120} INFO - [2024-07-14T13:36:25.655+0000] {dag.py:3340} INFO - Setting next_dagrun for example_branch_dop_operator_v3 to 2024-07-14T13:35:00+00:00, run_after=2024-07-14T13:36:00+00:00
[2024-07-14T13:36:25.670+0000] {processor.py:176} INFO - Processing /home/airflow/.local/lib/python3.7/site-packages/airflow/example_dags/example_branch_python_dop_operator_3.py took 0.091 seconds
[2024-07-14T13:36:56.505+0000] {processor.py:154} INFO - Started process (PID=522) to work on /home/airflow/.local/lib/python3.7/site-packages/airflow/example_dags/example_branch_python_dop_operator_3.py
[2024-07-14T13:36:56.509+0000] {processor.py:756} INFO - Processing file /home/airflow/.local/lib/python3.7/site-packages/airflow/example_dags/example_branch_python_dop_operator_3.py for tasks to queue
[2024-07-14T13:36:56.509+0000] {logging_mixin.py:120} INFO - [2024-07-14T13:36:56.509+0000] {dagbag.py:537} INFO - Filling up the DagBag from /home/airflow/.local/lib/python3.7/site-packages/airflow/example_dags/example_branch_python_dop_operator_3.py
[2024-07-14T13:36:56.537+0000] {processor.py:766} INFO - DAG(s) dict_keys(['example_branch_dop_operator_v3']) retrieved from /home/airflow/.local/lib/python3.7/site-packages/airflow/example_dags/example_branch_python_dop_operator_3.py
[2024-07-14T13:36:56.567+0000] {logging_mixin.py:120} INFO - [2024-07-14T13:36:56.567+0000] {dag.py:2585} INFO - Sync 1 DAGs
[2024-07-14T13:36:56.589+0000] {logging_mixin.py:120} INFO - [2024-07-14T13:36:56.588+0000] {dag.py:3340} INFO - Setting next_dagrun for example_branch_dop_operator_v3 to 2024-07-14T13:35:00+00:00, run_after=2024-07-14T13:36:00+00:00
[2024-07-14T13:36:56.604+0000] {processor.py:176} INFO - Processing /home/airflow/.local/lib/python3.7/site-packages/airflow/example_dags/example_branch_python_dop_operator_3.py took 0.102 seconds
[2024-07-14T13:37:26.946+0000] {processor.py:154} INFO - Started process (PID=588) to work on /home/airflow/.local/lib/python3.7/site-packages/airflow/example_dags/example_branch_python_dop_operator_3.py
[2024-07-14T13:37:26.948+0000] {processor.py:756} INFO - Processing file /home/airflow/.local/lib/python3.7/site-packages/airflow/example_dags/example_branch_python_dop_operator_3.py for tasks to queue
[2024-07-14T13:37:26.951+0000] {logging_mixin.py:120} INFO - [2024-07-14T13:37:26.951+0000] {dagbag.py:537} INFO - Filling up the DagBag from /home/airflow/.local/lib/python3.7/site-packages/airflow/example_dags/example_branch_python_dop_operator_3.py
[2024-07-14T13:37:26.978+0000] {processor.py:766} INFO - DAG(s) dict_keys(['example_branch_dop_operator_v3']) retrieved from /home/airflow/.local/lib/python3.7/site-packages/airflow/example_dags/example_branch_python_dop_operator_3.py
[2024-07-14T13:37:27.015+0000] {logging_mixin.py:120} INFO - [2024-07-14T13:37:27.015+0000] {dag.py:2585} INFO - Sync 1 DAGs
[2024-07-14T13:37:27.043+0000] {logging_mixin.py:120} INFO - [2024-07-14T13:37:27.043+0000] {dag.py:3340} INFO - Setting next_dagrun for example_branch_dop_operator_v3 to 2024-07-14T13:36:00+00:00, run_after=2024-07-14T13:37:00+00:00
[2024-07-14T13:37:27.119+0000] {processor.py:176} INFO - Processing /home/airflow/.local/lib/python3.7/site-packages/airflow/example_dags/example_branch_python_dop_operator_3.py took 0.175 seconds
[2024-07-14T13:37:58.058+0000] {processor.py:154} INFO - Started process (PID=645) to work on /home/airflow/.local/lib/python3.7/site-packages/airflow/example_dags/example_branch_python_dop_operator_3.py
[2024-07-14T13:37:58.059+0000] {processor.py:756} INFO - Processing file /home/airflow/.local/lib/python3.7/site-packages/airflow/example_dags/example_branch_python_dop_operator_3.py for tasks to queue
[2024-07-14T13:37:58.059+0000] {logging_mixin.py:120} INFO - [2024-07-14T13:37:58.059+0000] {dagbag.py:537} INFO - Filling up the DagBag from /home/airflow/.local/lib/python3.7/site-packages/airflow/example_dags/example_branch_python_dop_operator_3.py
[2024-07-14T13:37:58.078+0000] {processor.py:766} INFO - DAG(s) dict_keys(['example_branch_dop_operator_v3']) retrieved from /home/airflow/.local/lib/python3.7/site-packages/airflow/example_dags/example_branch_python_dop_operator_3.py
[2024-07-14T13:37:58.109+0000] {logging_mixin.py:120} INFO - [2024-07-14T13:37:58.109+0000] {dag.py:2585} INFO - Sync 1 DAGs
[2024-07-14T13:37:58.133+0000] {logging_mixin.py:120} INFO - [2024-07-14T13:37:58.132+0000] {dag.py:3340} INFO - Setting next_dagrun for example_branch_dop_operator_v3 to 2024-07-14T13:36:00+00:00, run_after=2024-07-14T13:37:00+00:00
[2024-07-14T13:37:58.148+0000] {processor.py:176} INFO - Processing /home/airflow/.local/lib/python3.7/site-packages/airflow/example_dags/example_branch_python_dop_operator_3.py took 0.092 seconds
[2024-07-14T13:38:28.591+0000] {processor.py:154} INFO - Started process (PID=711) to work on /home/airflow/.local/lib/python3.7/site-packages/airflow/example_dags/example_branch_python_dop_operator_3.py
[2024-07-14T13:38:28.592+0000] {processor.py:756} INFO - Processing file /home/airflow/.local/lib/python3.7/site-packages/airflow/example_dags/example_branch_python_dop_operator_3.py for tasks to queue
[2024-07-14T13:38:28.592+0000] {logging_mixin.py:120} INFO - [2024-07-14T13:38:28.592+0000] {dagbag.py:537} INFO - Filling up the DagBag from /home/airflow/.local/lib/python3.7/site-packages/airflow/example_dags/example_branch_python_dop_operator_3.py
[2024-07-14T13:38:28.609+0000] {processor.py:766} INFO - DAG(s) dict_keys(['example_branch_dop_operator_v3']) retrieved from /home/airflow/.local/lib/python3.7/site-packages/airflow/example_dags/example_branch_python_dop_operator_3.py
[2024-07-14T13:38:28.638+0000] {logging_mixin.py:120} INFO - [2024-07-14T13:38:28.638+0000] {dag.py:2585} INFO - Sync 1 DAGs
[2024-07-14T13:38:28.660+0000] {logging_mixin.py:120} INFO - [2024-07-14T13:38:28.660+0000] {dag.py:3340} INFO - Setting next_dagrun for example_branch_dop_operator_v3 to 2024-07-14T13:37:00+00:00, run_after=2024-07-14T13:38:00+00:00
[2024-07-14T13:38:28.675+0000] {processor.py:176} INFO - Processing /home/airflow/.local/lib/python3.7/site-packages/airflow/example_dags/example_branch_python_dop_operator_3.py took 0.086 seconds
[2024-07-14T13:38:58.959+0000] {processor.py:154} INFO - Started process (PID=777) to work on /home/airflow/.local/lib/python3.7/site-packages/airflow/example_dags/example_branch_python_dop_operator_3.py
[2024-07-14T13:38:58.960+0000] {processor.py:756} INFO - Processing file /home/airflow/.local/lib/python3.7/site-packages/airflow/example_dags/example_branch_python_dop_operator_3.py for tasks to queue
[2024-07-14T13:38:58.961+0000] {logging_mixin.py:120} INFO - [2024-07-14T13:38:58.961+0000] {dagbag.py:537} INFO - Filling up the DagBag from /home/airflow/.local/lib/python3.7/site-packages/airflow/example_dags/example_branch_python_dop_operator_3.py
[2024-07-14T13:38:58.980+0000] {processor.py:766} INFO - DAG(s) dict_keys(['example_branch_dop_operator_v3']) retrieved from /home/airflow/.local/lib/python3.7/site-packages/airflow/example_dags/example_branch_python_dop_operator_3.py
[2024-07-14T13:38:59.018+0000] {logging_mixin.py:120} INFO - [2024-07-14T13:38:59.018+0000] {dag.py:2585} INFO - Sync 1 DAGs
[2024-07-14T13:38:59.041+0000] {logging_mixin.py:120} INFO - [2024-07-14T13:38:59.041+0000] {dag.py:3340} INFO - Setting next_dagrun for example_branch_dop_operator_v3 to 2024-07-14T13:37:00+00:00, run_after=2024-07-14T13:38:00+00:00
[2024-07-14T13:38:59.059+0000] {processor.py:176} INFO - Processing /home/airflow/.local/lib/python3.7/site-packages/airflow/example_dags/example_branch_python_dop_operator_3.py took 0.105 seconds
[2024-07-14T13:39:30.016+0000] {processor.py:154} INFO - Started process (PID=840) to work on /home/airflow/.local/lib/python3.7/site-packages/airflow/example_dags/example_branch_python_dop_operator_3.py
[2024-07-14T13:39:30.017+0000] {processor.py:756} INFO - Processing file /home/airflow/.local/lib/python3.7/site-packages/airflow/example_dags/example_branch_python_dop_operator_3.py for tasks to queue
[2024-07-14T13:39:30.017+0000] {logging_mixin.py:120} INFO - [2024-07-14T13:39:30.017+0000] {dagbag.py:537} INFO - Filling up the DagBag from /home/airflow/.local/lib/python3.7/site-packages/airflow/example_dags/example_branch_python_dop_operator_3.py
[2024-07-14T13:39:30.033+0000] {processor.py:766} INFO - DAG(s) dict_keys(['example_branch_dop_operator_v3']) retrieved from /home/airflow/.local/lib/python3.7/site-packages/airflow/example_dags/example_branch_python_dop_operator_3.py
[2024-07-14T13:39:30.058+0000] {logging_mixin.py:120} INFO - [2024-07-14T13:39:30.058+0000] {dag.py:2585} INFO - Sync 1 DAGs
[2024-07-14T13:39:30.079+0000] {logging_mixin.py:120} INFO - [2024-07-14T13:39:30.079+0000] {dag.py:3340} INFO - Setting next_dagrun for example_branch_dop_operator_v3 to 2024-07-14T13:38:00+00:00, run_after=2024-07-14T13:39:00+00:00
[2024-07-14T13:39:30.094+0000] {processor.py:176} INFO - Processing /home/airflow/.local/lib/python3.7/site-packages/airflow/example_dags/example_branch_python_dop_operator_3.py took 0.081 seconds
[2024-07-14T13:40:00.167+0000] {processor.py:154} INFO - Started process (PID=896) to work on /home/airflow/.local/lib/python3.7/site-packages/airflow/example_dags/example_branch_python_dop_operator_3.py
[2024-07-14T13:40:00.168+0000] {processor.py:756} INFO - Processing file /home/airflow/.local/lib/python3.7/site-packages/airflow/example_dags/example_branch_python_dop_operator_3.py for tasks to queue
[2024-07-14T13:40:00.169+0000] {logging_mixin.py:120} INFO - [2024-07-14T13:40:00.168+0000] {dagbag.py:537} INFO - Filling up the DagBag from /home/airflow/.local/lib/python3.7/site-packages/airflow/example_dags/example_branch_python_dop_operator_3.py
[2024-07-14T13:40:00.183+0000] {processor.py:766} INFO - DAG(s) dict_keys(['example_branch_dop_operator_v3']) retrieved from /home/airflow/.local/lib/python3.7/site-packages/airflow/example_dags/example_branch_python_dop_operator_3.py
[2024-07-14T13:40:00.217+0000] {logging_mixin.py:120} INFO - [2024-07-14T13:40:00.217+0000] {dag.py:2585} INFO - Sync 1 DAGs
[2024-07-14T13:40:00.238+0000] {logging_mixin.py:120} INFO - [2024-07-14T13:40:00.238+0000] {dag.py:3340} INFO - Setting next_dagrun for example_branch_dop_operator_v3 to 2024-07-14T13:39:00+00:00, run_after=2024-07-14T13:40:00+00:00
[2024-07-14T13:40:00.254+0000] {processor.py:176} INFO - Processing /home/airflow/.local/lib/python3.7/site-packages/airflow/example_dags/example_branch_python_dop_operator_3.py took 0.089 seconds
[2024-07-14T13:40:30.890+0000] {processor.py:154} INFO - Started process (PID=962) to work on /home/airflow/.local/lib/python3.7/site-packages/airflow/example_dags/example_branch_python_dop_operator_3.py
[2024-07-14T13:40:30.891+0000] {processor.py:756} INFO - Processing file /home/airflow/.local/lib/python3.7/site-packages/airflow/example_dags/example_branch_python_dop_operator_3.py for tasks to queue
[2024-07-14T13:40:30.892+0000] {logging_mixin.py:120} INFO - [2024-07-14T13:40:30.892+0000] {dagbag.py:537} INFO - Filling up the DagBag from /home/airflow/.local/lib/python3.7/site-packages/airflow/example_dags/example_branch_python_dop_operator_3.py
[2024-07-14T13:40:30.909+0000] {processor.py:766} INFO - DAG(s) dict_keys(['example_branch_dop_operator_v3']) retrieved from /home/airflow/.local/lib/python3.7/site-packages/airflow/example_dags/example_branch_python_dop_operator_3.py
[2024-07-14T13:40:30.937+0000] {logging_mixin.py:120} INFO - [2024-07-14T13:40:30.937+0000] {dag.py:2585} INFO - Sync 1 DAGs
[2024-07-14T13:40:30.961+0000] {logging_mixin.py:120} INFO - [2024-07-14T13:40:30.961+0000] {dag.py:3340} INFO - Setting next_dagrun for example_branch_dop_operator_v3 to 2024-07-14T13:39:00+00:00, run_after=2024-07-14T13:40:00+00:00
[2024-07-14T13:40:30.978+0000] {processor.py:176} INFO - Processing /home/airflow/.local/lib/python3.7/site-packages/airflow/example_dags/example_branch_python_dop_operator_3.py took 0.090 seconds
[2024-07-14T13:41:01.146+0000] {processor.py:154} INFO - Started process (PID=1028) to work on /home/airflow/.local/lib/python3.7/site-packages/airflow/example_dags/example_branch_python_dop_operator_3.py
[2024-07-14T13:41:01.147+0000] {processor.py:756} INFO - Processing file /home/airflow/.local/lib/python3.7/site-packages/airflow/example_dags/example_branch_python_dop_operator_3.py for tasks to queue
[2024-07-14T13:41:01.149+0000] {logging_mixin.py:120} INFO - [2024-07-14T13:41:01.149+0000] {dagbag.py:537} INFO - Filling up the DagBag from /home/airflow/.local/lib/python3.7/site-packages/airflow/example_dags/example_branch_python_dop_operator_3.py
[2024-07-14T13:41:01.165+0000] {processor.py:766} INFO - DAG(s) dict_keys(['example_branch_dop_operator_v3']) retrieved from /home/airflow/.local/lib/python3.7/site-packages/airflow/example_dags/example_branch_python_dop_operator_3.py
[2024-07-14T13:41:01.192+0000] {logging_mixin.py:120} INFO - [2024-07-14T13:41:01.192+0000] {dag.py:2585} INFO - Sync 1 DAGs
[2024-07-14T13:41:01.212+0000] {logging_mixin.py:120} INFO - [2024-07-14T13:41:01.212+0000] {dag.py:3340} INFO - Setting next_dagrun for example_branch_dop_operator_v3 to 2024-07-14T13:40:00+00:00, run_after=2024-07-14T13:41:00+00:00
[2024-07-14T13:41:01.228+0000] {processor.py:176} INFO - Processing /home/airflow/.local/lib/python3.7/site-packages/airflow/example_dags/example_branch_python_dop_operator_3.py took 0.085 seconds
[2024-07-14T13:41:31.347+0000] {processor.py:154} INFO - Started process (PID=1094) to work on /home/airflow/.local/lib/python3.7/site-packages/airflow/example_dags/example_branch_python_dop_operator_3.py
[2024-07-14T13:41:31.348+0000] {processor.py:756} INFO - Processing file /home/airflow/.local/lib/python3.7/site-packages/airflow/example_dags/example_branch_python_dop_operator_3.py for tasks to queue
[2024-07-14T13:41:31.349+0000] {logging_mixin.py:120} INFO - [2024-07-14T13:41:31.349+0000] {dagbag.py:537} INFO - Filling up the DagBag from /home/airflow/.local/lib/python3.7/site-packages/airflow/example_dags/example_branch_python_dop_operator_3.py
[2024-07-14T13:41:31.366+0000] {processor.py:766} INFO - DAG(s) dict_keys(['example_branch_dop_operator_v3']) retrieved from /home/airflow/.local/lib/python3.7/site-packages/airflow/example_dags/example_branch_python_dop_operator_3.py
[2024-07-14T13:41:31.394+0000] {logging_mixin.py:120} INFO - [2024-07-14T13:41:31.393+0000] {dag.py:2585} INFO - Sync 1 DAGs
[2024-07-14T13:41:31.414+0000] {logging_mixin.py:120} INFO - [2024-07-14T13:41:31.414+0000] {dag.py:3340} INFO - Setting next_dagrun for example_branch_dop_operator_v3 to 2024-07-14T13:40:00+00:00, run_after=2024-07-14T13:41:00+00:00
[2024-07-14T13:41:31.431+0000] {processor.py:176} INFO - Processing /home/airflow/.local/lib/python3.7/site-packages/airflow/example_dags/example_branch_python_dop_operator_3.py took 0.086 seconds
[2024-07-14T13:42:01.498+0000] {processor.py:154} INFO - Started process (PID=1151) to work on /home/airflow/.local/lib/python3.7/site-packages/airflow/example_dags/example_branch_python_dop_operator_3.py
[2024-07-14T13:42:01.499+0000] {processor.py:756} INFO - Processing file /home/airflow/.local/lib/python3.7/site-packages/airflow/example_dags/example_branch_python_dop_operator_3.py for tasks to queue
[2024-07-14T13:42:01.500+0000] {logging_mixin.py:120} INFO - [2024-07-14T13:42:01.499+0000] {dagbag.py:537} INFO - Filling up the DagBag from /home/airflow/.local/lib/python3.7/site-packages/airflow/example_dags/example_branch_python_dop_operator_3.py
[2024-07-14T13:42:01.515+0000] {processor.py:766} INFO - DAG(s) dict_keys(['example_branch_dop_operator_v3']) retrieved from /home/airflow/.local/lib/python3.7/site-packages/airflow/example_dags/example_branch_python_dop_operator_3.py
[2024-07-14T13:42:01.551+0000] {logging_mixin.py:120} INFO - [2024-07-14T13:42:01.551+0000] {dag.py:2585} INFO - Sync 1 DAGs
[2024-07-14T13:42:01.581+0000] {logging_mixin.py:120} INFO - [2024-07-14T13:42:01.581+0000] {dag.py:3340} INFO - Setting next_dagrun for example_branch_dop_operator_v3 to 2024-07-14T13:41:00+00:00, run_after=2024-07-14T13:42:00+00:00
[2024-07-14T13:42:01.603+0000] {processor.py:176} INFO - Processing /home/airflow/.local/lib/python3.7/site-packages/airflow/example_dags/example_branch_python_dop_operator_3.py took 0.107 seconds
[2024-07-14T13:42:32.103+0000] {processor.py:154} INFO - Started process (PID=1217) to work on /home/airflow/.local/lib/python3.7/site-packages/airflow/example_dags/example_branch_python_dop_operator_3.py
[2024-07-14T13:42:32.104+0000] {processor.py:756} INFO - Processing file /home/airflow/.local/lib/python3.7/site-packages/airflow/example_dags/example_branch_python_dop_operator_3.py for tasks to queue
[2024-07-14T13:42:32.105+0000] {logging_mixin.py:120} INFO - [2024-07-14T13:42:32.105+0000] {dagbag.py:537} INFO - Filling up the DagBag from /home/airflow/.local/lib/python3.7/site-packages/airflow/example_dags/example_branch_python_dop_operator_3.py
[2024-07-14T13:42:32.120+0000] {processor.py:766} INFO - DAG(s) dict_keys(['example_branch_dop_operator_v3']) retrieved from /home/airflow/.local/lib/python3.7/site-packages/airflow/example_dags/example_branch_python_dop_operator_3.py
[2024-07-14T13:42:32.145+0000] {logging_mixin.py:120} INFO - [2024-07-14T13:42:32.145+0000] {dag.py:2585} INFO - Sync 1 DAGs
[2024-07-14T13:42:32.169+0000] {logging_mixin.py:120} INFO - [2024-07-14T13:42:32.169+0000] {dag.py:3340} INFO - Setting next_dagrun for example_branch_dop_operator_v3 to 2024-07-14T13:41:00+00:00, run_after=2024-07-14T13:42:00+00:00
[2024-07-14T13:42:32.185+0000] {processor.py:176} INFO - Processing /home/airflow/.local/lib/python3.7/site-packages/airflow/example_dags/example_branch_python_dop_operator_3.py took 0.086 seconds
[2024-07-14T13:43:03.001+0000] {processor.py:154} INFO - Started process (PID=1283) to work on /home/airflow/.local/lib/python3.7/site-packages/airflow/example_dags/example_branch_python_dop_operator_3.py
[2024-07-14T13:43:03.002+0000] {processor.py:756} INFO - Processing file /home/airflow/.local/lib/python3.7/site-packages/airflow/example_dags/example_branch_python_dop_operator_3.py for tasks to queue
[2024-07-14T13:43:03.003+0000] {logging_mixin.py:120} INFO - [2024-07-14T13:43:03.003+0000] {dagbag.py:537} INFO - Filling up the DagBag from /home/airflow/.local/lib/python3.7/site-packages/airflow/example_dags/example_branch_python_dop_operator_3.py
[2024-07-14T13:43:03.019+0000] {processor.py:766} INFO - DAG(s) dict_keys(['example_branch_dop_operator_v3']) retrieved from /home/airflow/.local/lib/python3.7/site-packages/airflow/example_dags/example_branch_python_dop_operator_3.py
[2024-07-14T13:43:03.045+0000] {logging_mixin.py:120} INFO - [2024-07-14T13:43:03.045+0000] {dag.py:2585} INFO - Sync 1 DAGs
[2024-07-14T13:43:03.071+0000] {logging_mixin.py:120} INFO - [2024-07-14T13:43:03.071+0000] {dag.py:3340} INFO - Setting next_dagrun for example_branch_dop_operator_v3 to 2024-07-14T13:42:00+00:00, run_after=2024-07-14T13:43:00+00:00
[2024-07-14T13:43:03.105+0000] {processor.py:176} INFO - Processing /home/airflow/.local/lib/python3.7/site-packages/airflow/example_dags/example_branch_python_dop_operator_3.py took 0.106 seconds
[2024-07-14T13:43:33.331+0000] {processor.py:154} INFO - Started process (PID=1350) to work on /home/airflow/.local/lib/python3.7/site-packages/airflow/example_dags/example_branch_python_dop_operator_3.py
[2024-07-14T13:43:33.334+0000] {processor.py:756} INFO - Processing file /home/airflow/.local/lib/python3.7/site-packages/airflow/example_dags/example_branch_python_dop_operator_3.py for tasks to queue
[2024-07-14T13:43:33.335+0000] {logging_mixin.py:120} INFO - [2024-07-14T13:43:33.335+0000] {dagbag.py:537} INFO - Filling up the DagBag from /home/airflow/.local/lib/python3.7/site-packages/airflow/example_dags/example_branch_python_dop_operator_3.py
[2024-07-14T13:43:33.359+0000] {processor.py:766} INFO - DAG(s) dict_keys(['example_branch_dop_operator_v3']) retrieved from /home/airflow/.local/lib/python3.7/site-packages/airflow/example_dags/example_branch_python_dop_operator_3.py
[2024-07-14T13:43:33.385+0000] {logging_mixin.py:120} INFO - [2024-07-14T13:43:33.384+0000] {dag.py:2585} INFO - Sync 1 DAGs
[2024-07-14T13:43:33.405+0000] {logging_mixin.py:120} INFO - [2024-07-14T13:43:33.405+0000] {dag.py:3340} INFO - Setting next_dagrun for example_branch_dop_operator_v3 to 2024-07-14T13:42:00+00:00, run_after=2024-07-14T13:43:00+00:00
[2024-07-14T13:43:33.422+0000] {processor.py:176} INFO - Processing /home/airflow/.local/lib/python3.7/site-packages/airflow/example_dags/example_branch_python_dop_operator_3.py took 0.093 seconds
[2024-07-14T13:44:03.571+0000] {processor.py:154} INFO - Started process (PID=1415) to work on /home/airflow/.local/lib/python3.7/site-packages/airflow/example_dags/example_branch_python_dop_operator_3.py
[2024-07-14T13:44:03.574+0000] {processor.py:756} INFO - Processing file /home/airflow/.local/lib/python3.7/site-packages/airflow/example_dags/example_branch_python_dop_operator_3.py for tasks to queue
[2024-07-14T13:44:03.574+0000] {logging_mixin.py:120} INFO - [2024-07-14T13:44:03.574+0000] {dagbag.py:537} INFO - Filling up the DagBag from /home/airflow/.local/lib/python3.7/site-packages/airflow/example_dags/example_branch_python_dop_operator_3.py
[2024-07-14T13:44:03.593+0000] {processor.py:766} INFO - DAG(s) dict_keys(['example_branch_dop_operator_v3']) retrieved from /home/airflow/.local/lib/python3.7/site-packages/airflow/example_dags/example_branch_python_dop_operator_3.py
[2024-07-14T13:44:03.621+0000] {logging_mixin.py:120} INFO - [2024-07-14T13:44:03.621+0000] {dag.py:2585} INFO - Sync 1 DAGs
[2024-07-14T13:44:03.649+0000] {logging_mixin.py:120} INFO - [2024-07-14T13:44:03.649+0000] {dag.py:3340} INFO - Setting next_dagrun for example_branch_dop_operator_v3 to 2024-07-14T13:43:00+00:00, run_after=2024-07-14T13:44:00+00:00
[2024-07-14T13:44:03.670+0000] {processor.py:176} INFO - Processing /home/airflow/.local/lib/python3.7/site-packages/airflow/example_dags/example_branch_python_dop_operator_3.py took 0.103 seconds
[2024-07-14T13:44:34.303+0000] {processor.py:154} INFO - Started process (PID=1471) to work on /home/airflow/.local/lib/python3.7/site-packages/airflow/example_dags/example_branch_python_dop_operator_3.py
[2024-07-14T13:44:34.304+0000] {processor.py:756} INFO - Processing file /home/airflow/.local/lib/python3.7/site-packages/airflow/example_dags/example_branch_python_dop_operator_3.py for tasks to queue
[2024-07-14T13:44:34.305+0000] {logging_mixin.py:120} INFO - [2024-07-14T13:44:34.305+0000] {dagbag.py:537} INFO - Filling up the DagBag from /home/airflow/.local/lib/python3.7/site-packages/airflow/example_dags/example_branch_python_dop_operator_3.py
[2024-07-14T13:44:34.321+0000] {processor.py:766} INFO - DAG(s) dict_keys(['example_branch_dop_operator_v3']) retrieved from /home/airflow/.local/lib/python3.7/site-packages/airflow/example_dags/example_branch_python_dop_operator_3.py
[2024-07-14T13:44:34.355+0000] {logging_mixin.py:120} INFO - [2024-07-14T13:44:34.354+0000] {dag.py:2585} INFO - Sync 1 DAGs
[2024-07-14T13:44:34.377+0000] {logging_mixin.py:120} INFO - [2024-07-14T13:44:34.377+0000] {dag.py:3340} INFO - Setting next_dagrun for example_branch_dop_operator_v3 to 2024-07-14T13:43:00+00:00, run_after=2024-07-14T13:44:00+00:00
[2024-07-14T13:44:34.400+0000] {processor.py:176} INFO - Processing /home/airflow/.local/lib/python3.7/site-packages/airflow/example_dags/example_branch_python_dop_operator_3.py took 0.100 seconds
[2024-07-14T13:45:05.094+0000] {processor.py:154} INFO - Started process (PID=1536) to work on /home/airflow/.local/lib/python3.7/site-packages/airflow/example_dags/example_branch_python_dop_operator_3.py
[2024-07-14T13:45:05.094+0000] {processor.py:756} INFO - Processing file /home/airflow/.local/lib/python3.7/site-packages/airflow/example_dags/example_branch_python_dop_operator_3.py for tasks to queue
[2024-07-14T13:45:05.095+0000] {logging_mixin.py:120} INFO - [2024-07-14T13:45:05.095+0000] {dagbag.py:537} INFO - Filling up the DagBag from /home/airflow/.local/lib/python3.7/site-packages/airflow/example_dags/example_branch_python_dop_operator_3.py
[2024-07-14T13:45:05.109+0000] {processor.py:766} INFO - DAG(s) dict_keys(['example_branch_dop_operator_v3']) retrieved from /home/airflow/.local/lib/python3.7/site-packages/airflow/example_dags/example_branch_python_dop_operator_3.py
[2024-07-14T13:45:05.135+0000] {logging_mixin.py:120} INFO - [2024-07-14T13:45:05.135+0000] {dag.py:2585} INFO - Sync 1 DAGs
[2024-07-14T13:45:05.154+0000] {logging_mixin.py:120} INFO - [2024-07-14T13:45:05.153+0000] {dag.py:3340} INFO - Setting next_dagrun for example_branch_dop_operator_v3 to 2024-07-14T13:44:00+00:00, run_after=2024-07-14T13:45:00+00:00
[2024-07-14T13:45:05.170+0000] {processor.py:176} INFO - Processing /home/airflow/.local/lib/python3.7/site-packages/airflow/example_dags/example_branch_python_dop_operator_3.py took 0.078 seconds
[2024-07-14T13:45:35.404+0000] {processor.py:154} INFO - Started process (PID=1601) to work on /home/airflow/.local/lib/python3.7/site-packages/airflow/example_dags/example_branch_python_dop_operator_3.py
[2024-07-14T13:45:35.405+0000] {processor.py:756} INFO - Processing file /home/airflow/.local/lib/python3.7/site-packages/airflow/example_dags/example_branch_python_dop_operator_3.py for tasks to queue
[2024-07-14T13:45:35.405+0000] {logging_mixin.py:120} INFO - [2024-07-14T13:45:35.405+0000] {dagbag.py:537} INFO - Filling up the DagBag from /home/airflow/.local/lib/python3.7/site-packages/airflow/example_dags/example_branch_python_dop_operator_3.py
[2024-07-14T13:45:35.423+0000] {processor.py:766} INFO - DAG(s) dict_keys(['example_branch_dop_operator_v3']) retrieved from /home/airflow/.local/lib/python3.7/site-packages/airflow/example_dags/example_branch_python_dop_operator_3.py
[2024-07-14T13:45:35.449+0000] {logging_mixin.py:120} INFO - [2024-07-14T13:45:35.449+0000] {dag.py:2585} INFO - Sync 1 DAGs
[2024-07-14T13:45:35.469+0000] {logging_mixin.py:120} INFO - [2024-07-14T13:45:35.469+0000] {dag.py:3340} INFO - Setting next_dagrun for example_branch_dop_operator_v3 to 2024-07-14T13:44:00+00:00, run_after=2024-07-14T13:45:00+00:00
[2024-07-14T13:45:35.483+0000] {processor.py:176} INFO - Processing /home/airflow/.local/lib/python3.7/site-packages/airflow/example_dags/example_branch_python_dop_operator_3.py took 0.081 seconds
[2024-07-14T13:46:05.882+0000] {processor.py:154} INFO - Started process (PID=1665) to work on /home/airflow/.local/lib/python3.7/site-packages/airflow/example_dags/example_branch_python_dop_operator_3.py
[2024-07-14T13:46:05.883+0000] {processor.py:756} INFO - Processing file /home/airflow/.local/lib/python3.7/site-packages/airflow/example_dags/example_branch_python_dop_operator_3.py for tasks to queue
[2024-07-14T13:46:05.883+0000] {logging_mixin.py:120} INFO - [2024-07-14T13:46:05.883+0000] {dagbag.py:537} INFO - Filling up the DagBag from /home/airflow/.local/lib/python3.7/site-packages/airflow/example_dags/example_branch_python_dop_operator_3.py
[2024-07-14T13:46:05.898+0000] {processor.py:766} INFO - DAG(s) dict_keys(['example_branch_dop_operator_v3']) retrieved from /home/airflow/.local/lib/python3.7/site-packages/airflow/example_dags/example_branch_python_dop_operator_3.py
[2024-07-14T13:46:05.923+0000] {logging_mixin.py:120} INFO - [2024-07-14T13:46:05.923+0000] {dag.py:2585} INFO - Sync 1 DAGs
[2024-07-14T13:46:05.948+0000] {logging_mixin.py:120} INFO - [2024-07-14T13:46:05.948+0000] {dag.py:3340} INFO - Setting next_dagrun for example_branch_dop_operator_v3 to 2024-07-14T13:45:00+00:00, run_after=2024-07-14T13:46:00+00:00
[2024-07-14T13:46:05.962+0000] {processor.py:176} INFO - Processing /home/airflow/.local/lib/python3.7/site-packages/airflow/example_dags/example_branch_python_dop_operator_3.py took 0.082 seconds
[2024-07-14T13:46:36.857+0000] {processor.py:154} INFO - Started process (PID=1731) to work on /home/airflow/.local/lib/python3.7/site-packages/airflow/example_dags/example_branch_python_dop_operator_3.py
[2024-07-14T13:46:36.863+0000] {processor.py:756} INFO - Processing file /home/airflow/.local/lib/python3.7/site-packages/airflow/example_dags/example_branch_python_dop_operator_3.py for tasks to queue
[2024-07-14T13:46:36.863+0000] {logging_mixin.py:120} INFO - [2024-07-14T13:46:36.863+0000] {dagbag.py:537} INFO - Filling up the DagBag from /home/airflow/.local/lib/python3.7/site-packages/airflow/example_dags/example_branch_python_dop_operator_3.py
[2024-07-14T13:46:36.878+0000] {processor.py:766} INFO - DAG(s) dict_keys(['example_branch_dop_operator_v3']) retrieved from /home/airflow/.local/lib/python3.7/site-packages/airflow/example_dags/example_branch_python_dop_operator_3.py
[2024-07-14T13:46:36.910+0000] {logging_mixin.py:120} INFO - [2024-07-14T13:46:36.910+0000] {dag.py:2585} INFO - Sync 1 DAGs
[2024-07-14T13:46:36.929+0000] {logging_mixin.py:120} INFO - [2024-07-14T13:46:36.929+0000] {dag.py:3340} INFO - Setting next_dagrun for example_branch_dop_operator_v3 to 2024-07-14T13:45:00+00:00, run_after=2024-07-14T13:46:00+00:00
[2024-07-14T13:46:36.943+0000] {processor.py:176} INFO - Processing /home/airflow/.local/lib/python3.7/site-packages/airflow/example_dags/example_branch_python_dop_operator_3.py took 0.089 seconds
[2024-07-14T13:47:07.470+0000] {processor.py:154} INFO - Started process (PID=1788) to work on /home/airflow/.local/lib/python3.7/site-packages/airflow/example_dags/example_branch_python_dop_operator_3.py
[2024-07-14T13:47:07.470+0000] {processor.py:756} INFO - Processing file /home/airflow/.local/lib/python3.7/site-packages/airflow/example_dags/example_branch_python_dop_operator_3.py for tasks to queue
[2024-07-14T13:47:07.471+0000] {logging_mixin.py:120} INFO - [2024-07-14T13:47:07.471+0000] {dagbag.py:537} INFO - Filling up the DagBag from /home/airflow/.local/lib/python3.7/site-packages/airflow/example_dags/example_branch_python_dop_operator_3.py
[2024-07-14T13:47:07.485+0000] {processor.py:766} INFO - DAG(s) dict_keys(['example_branch_dop_operator_v3']) retrieved from /home/airflow/.local/lib/python3.7/site-packages/airflow/example_dags/example_branch_python_dop_operator_3.py
[2024-07-14T13:47:07.514+0000] {logging_mixin.py:120} INFO - [2024-07-14T13:47:07.514+0000] {dag.py:2585} INFO - Sync 1 DAGs
[2024-07-14T13:47:07.552+0000] {logging_mixin.py:120} INFO - [2024-07-14T13:47:07.552+0000] {dag.py:3340} INFO - Setting next_dagrun for example_branch_dop_operator_v3 to 2024-07-14T13:46:00+00:00, run_after=2024-07-14T13:47:00+00:00
[2024-07-14T13:47:07.569+0000] {processor.py:176} INFO - Processing /home/airflow/.local/lib/python3.7/site-packages/airflow/example_dags/example_branch_python_dop_operator_3.py took 0.101 seconds
[2024-07-14T13:47:37.938+0000] {processor.py:154} INFO - Started process (PID=1854) to work on /home/airflow/.local/lib/python3.7/site-packages/airflow/example_dags/example_branch_python_dop_operator_3.py
[2024-07-14T13:47:37.939+0000] {processor.py:756} INFO - Processing file /home/airflow/.local/lib/python3.7/site-packages/airflow/example_dags/example_branch_python_dop_operator_3.py for tasks to queue
[2024-07-14T13:47:37.940+0000] {logging_mixin.py:120} INFO - [2024-07-14T13:47:37.940+0000] {dagbag.py:537} INFO - Filling up the DagBag from /home/airflow/.local/lib/python3.7/site-packages/airflow/example_dags/example_branch_python_dop_operator_3.py
[2024-07-14T13:47:37.956+0000] {processor.py:766} INFO - DAG(s) dict_keys(['example_branch_dop_operator_v3']) retrieved from /home/airflow/.local/lib/python3.7/site-packages/airflow/example_dags/example_branch_python_dop_operator_3.py
[2024-07-14T13:47:37.984+0000] {logging_mixin.py:120} INFO - [2024-07-14T13:47:37.984+0000] {dag.py:2585} INFO - Sync 1 DAGs
[2024-07-14T13:47:38.022+0000] {logging_mixin.py:120} INFO - [2024-07-14T13:47:38.022+0000] {dag.py:3340} INFO - Setting next_dagrun for example_branch_dop_operator_v3 to 2024-07-14T13:46:00+00:00, run_after=2024-07-14T13:47:00+00:00
[2024-07-14T13:47:38.067+0000] {processor.py:176} INFO - Processing /home/airflow/.local/lib/python3.7/site-packages/airflow/example_dags/example_branch_python_dop_operator_3.py took 0.132 seconds
[2024-07-14T13:48:08.130+0000] {processor.py:154} INFO - Started process (PID=1920) to work on /home/airflow/.local/lib/python3.7/site-packages/airflow/example_dags/example_branch_python_dop_operator_3.py
[2024-07-14T13:48:08.131+0000] {processor.py:756} INFO - Processing file /home/airflow/.local/lib/python3.7/site-packages/airflow/example_dags/example_branch_python_dop_operator_3.py for tasks to queue
[2024-07-14T13:48:08.131+0000] {logging_mixin.py:120} INFO - [2024-07-14T13:48:08.131+0000] {dagbag.py:537} INFO - Filling up the DagBag from /home/airflow/.local/lib/python3.7/site-packages/airflow/example_dags/example_branch_python_dop_operator_3.py
[2024-07-14T13:48:08.152+0000] {processor.py:766} INFO - DAG(s) dict_keys(['example_branch_dop_operator_v3']) retrieved from /home/airflow/.local/lib/python3.7/site-packages/airflow/example_dags/example_branch_python_dop_operator_3.py
[2024-07-14T13:48:08.186+0000] {logging_mixin.py:120} INFO - [2024-07-14T13:48:08.186+0000] {dag.py:2585} INFO - Sync 1 DAGs
[2024-07-14T13:48:08.217+0000] {logging_mixin.py:120} INFO - [2024-07-14T13:48:08.216+0000] {dag.py:3340} INFO - Setting next_dagrun for example_branch_dop_operator_v3 to 2024-07-14T13:47:00+00:00, run_after=2024-07-14T13:48:00+00:00
[2024-07-14T13:48:08.243+0000] {processor.py:176} INFO - Processing /home/airflow/.local/lib/python3.7/site-packages/airflow/example_dags/example_branch_python_dop_operator_3.py took 0.116 seconds
[2024-07-14T13:48:38.868+0000] {processor.py:154} INFO - Started process (PID=1986) to work on /home/airflow/.local/lib/python3.7/site-packages/airflow/example_dags/example_branch_python_dop_operator_3.py
[2024-07-14T13:48:38.868+0000] {processor.py:756} INFO - Processing file /home/airflow/.local/lib/python3.7/site-packages/airflow/example_dags/example_branch_python_dop_operator_3.py for tasks to queue
[2024-07-14T13:48:38.869+0000] {logging_mixin.py:120} INFO - [2024-07-14T13:48:38.869+0000] {dagbag.py:537} INFO - Filling up the DagBag from /home/airflow/.local/lib/python3.7/site-packages/airflow/example_dags/example_branch_python_dop_operator_3.py
[2024-07-14T13:48:38.885+0000] {processor.py:766} INFO - DAG(s) dict_keys(['example_branch_dop_operator_v3']) retrieved from /home/airflow/.local/lib/python3.7/site-packages/airflow/example_dags/example_branch_python_dop_operator_3.py
[2024-07-14T13:48:38.912+0000] {logging_mixin.py:120} INFO - [2024-07-14T13:48:38.912+0000] {dag.py:2585} INFO - Sync 1 DAGs
[2024-07-14T13:48:38.932+0000] {logging_mixin.py:120} INFO - [2024-07-14T13:48:38.932+0000] {dag.py:3340} INFO - Setting next_dagrun for example_branch_dop_operator_v3 to 2024-07-14T13:47:00+00:00, run_after=2024-07-14T13:48:00+00:00
[2024-07-14T13:48:38.946+0000] {processor.py:176} INFO - Processing /home/airflow/.local/lib/python3.7/site-packages/airflow/example_dags/example_branch_python_dop_operator_3.py took 0.081 seconds
[2024-07-14T13:49:09.681+0000] {processor.py:154} INFO - Started process (PID=2052) to work on /home/airflow/.local/lib/python3.7/site-packages/airflow/example_dags/example_branch_python_dop_operator_3.py
[2024-07-14T13:49:09.682+0000] {processor.py:756} INFO - Processing file /home/airflow/.local/lib/python3.7/site-packages/airflow/example_dags/example_branch_python_dop_operator_3.py for tasks to queue
[2024-07-14T13:49:09.683+0000] {logging_mixin.py:120} INFO - [2024-07-14T13:49:09.683+0000] {dagbag.py:537} INFO - Filling up the DagBag from /home/airflow/.local/lib/python3.7/site-packages/airflow/example_dags/example_branch_python_dop_operator_3.py
[2024-07-14T13:49:09.699+0000] {processor.py:766} INFO - DAG(s) dict_keys(['example_branch_dop_operator_v3']) retrieved from /home/airflow/.local/lib/python3.7/site-packages/airflow/example_dags/example_branch_python_dop_operator_3.py
[2024-07-14T13:49:09.734+0000] {logging_mixin.py:120} INFO - [2024-07-14T13:49:09.733+0000] {dag.py:2585} INFO - Sync 1 DAGs
[2024-07-14T13:49:09.755+0000] {logging_mixin.py:120} INFO - [2024-07-14T13:49:09.755+0000] {dag.py:3340} INFO - Setting next_dagrun for example_branch_dop_operator_v3 to 2024-07-14T13:48:00+00:00, run_after=2024-07-14T13:49:00+00:00
[2024-07-14T13:49:09.772+0000] {processor.py:176} INFO - Processing /home/airflow/.local/lib/python3.7/site-packages/airflow/example_dags/example_branch_python_dop_operator_3.py took 0.092 seconds
[2024-07-14T13:49:40.381+0000] {processor.py:154} INFO - Started process (PID=2109) to work on /home/airflow/.local/lib/python3.7/site-packages/airflow/example_dags/example_branch_python_dop_operator_3.py
[2024-07-14T13:49:40.389+0000] {processor.py:756} INFO - Processing file /home/airflow/.local/lib/python3.7/site-packages/airflow/example_dags/example_branch_python_dop_operator_3.py for tasks to queue
[2024-07-14T13:49:40.390+0000] {logging_mixin.py:120} INFO - [2024-07-14T13:49:40.390+0000] {dagbag.py:537} INFO - Filling up the DagBag from /home/airflow/.local/lib/python3.7/site-packages/airflow/example_dags/example_branch_python_dop_operator_3.py
[2024-07-14T13:49:40.406+0000] {processor.py:766} INFO - DAG(s) dict_keys(['example_branch_dop_operator_v3']) retrieved from /home/airflow/.local/lib/python3.7/site-packages/airflow/example_dags/example_branch_python_dop_operator_3.py
[2024-07-14T13:49:40.432+0000] {logging_mixin.py:120} INFO - [2024-07-14T13:49:40.432+0000] {dag.py:2585} INFO - Sync 1 DAGs
[2024-07-14T13:49:40.455+0000] {logging_mixin.py:120} INFO - [2024-07-14T13:49:40.455+0000] {dag.py:3340} INFO - Setting next_dagrun for example_branch_dop_operator_v3 to 2024-07-14T13:48:00+00:00, run_after=2024-07-14T13:49:00+00:00
[2024-07-14T13:49:40.472+0000] {processor.py:176} INFO - Processing /home/airflow/.local/lib/python3.7/site-packages/airflow/example_dags/example_branch_python_dop_operator_3.py took 0.092 seconds
[2024-07-14T13:50:11.122+0000] {processor.py:154} INFO - Started process (PID=2175) to work on /home/airflow/.local/lib/python3.7/site-packages/airflow/example_dags/example_branch_python_dop_operator_3.py
[2024-07-14T13:50:11.122+0000] {processor.py:756} INFO - Processing file /home/airflow/.local/lib/python3.7/site-packages/airflow/example_dags/example_branch_python_dop_operator_3.py for tasks to queue
[2024-07-14T13:50:11.123+0000] {logging_mixin.py:120} INFO - [2024-07-14T13:50:11.123+0000] {dagbag.py:537} INFO - Filling up the DagBag from /home/airflow/.local/lib/python3.7/site-packages/airflow/example_dags/example_branch_python_dop_operator_3.py
[2024-07-14T13:50:11.139+0000] {processor.py:766} INFO - DAG(s) dict_keys(['example_branch_dop_operator_v3']) retrieved from /home/airflow/.local/lib/python3.7/site-packages/airflow/example_dags/example_branch_python_dop_operator_3.py
[2024-07-14T13:50:11.173+0000] {logging_mixin.py:120} INFO - [2024-07-14T13:50:11.172+0000] {dag.py:2585} INFO - Sync 1 DAGs
[2024-07-14T13:50:11.197+0000] {logging_mixin.py:120} INFO - [2024-07-14T13:50:11.197+0000] {dag.py:3340} INFO - Setting next_dagrun for example_branch_dop_operator_v3 to 2024-07-14T13:49:00+00:00, run_after=2024-07-14T13:50:00+00:00
[2024-07-14T13:50:11.214+0000] {processor.py:176} INFO - Processing /home/airflow/.local/lib/python3.7/site-packages/airflow/example_dags/example_branch_python_dop_operator_3.py took 0.095 seconds
[2024-07-14T13:50:42.151+0000] {processor.py:154} INFO - Started process (PID=2241) to work on /home/airflow/.local/lib/python3.7/site-packages/airflow/example_dags/example_branch_python_dop_operator_3.py
[2024-07-14T13:50:42.152+0000] {processor.py:756} INFO - Processing file /home/airflow/.local/lib/python3.7/site-packages/airflow/example_dags/example_branch_python_dop_operator_3.py for tasks to queue
[2024-07-14T13:50:42.153+0000] {logging_mixin.py:120} INFO - [2024-07-14T13:50:42.153+0000] {dagbag.py:537} INFO - Filling up the DagBag from /home/airflow/.local/lib/python3.7/site-packages/airflow/example_dags/example_branch_python_dop_operator_3.py
[2024-07-14T13:50:42.168+0000] {processor.py:766} INFO - DAG(s) dict_keys(['example_branch_dop_operator_v3']) retrieved from /home/airflow/.local/lib/python3.7/site-packages/airflow/example_dags/example_branch_python_dop_operator_3.py
[2024-07-14T13:50:42.195+0000] {logging_mixin.py:120} INFO - [2024-07-14T13:50:42.194+0000] {dag.py:2585} INFO - Sync 1 DAGs
[2024-07-14T13:50:42.218+0000] {logging_mixin.py:120} INFO - [2024-07-14T13:50:42.218+0000] {dag.py:3340} INFO - Setting next_dagrun for example_branch_dop_operator_v3 to 2024-07-14T13:49:00+00:00, run_after=2024-07-14T13:50:00+00:00
[2024-07-14T13:50:42.232+0000] {processor.py:176} INFO - Processing /home/airflow/.local/lib/python3.7/site-packages/airflow/example_dags/example_branch_python_dop_operator_3.py took 0.083 seconds
[2024-07-14T13:51:12.541+0000] {processor.py:154} INFO - Started process (PID=2307) to work on /home/airflow/.local/lib/python3.7/site-packages/airflow/example_dags/example_branch_python_dop_operator_3.py
[2024-07-14T13:51:12.542+0000] {processor.py:756} INFO - Processing file /home/airflow/.local/lib/python3.7/site-packages/airflow/example_dags/example_branch_python_dop_operator_3.py for tasks to queue
[2024-07-14T13:51:12.542+0000] {logging_mixin.py:120} INFO - [2024-07-14T13:51:12.542+0000] {dagbag.py:537} INFO - Filling up the DagBag from /home/airflow/.local/lib/python3.7/site-packages/airflow/example_dags/example_branch_python_dop_operator_3.py
[2024-07-14T13:51:12.559+0000] {processor.py:766} INFO - DAG(s) dict_keys(['example_branch_dop_operator_v3']) retrieved from /home/airflow/.local/lib/python3.7/site-packages/airflow/example_dags/example_branch_python_dop_operator_3.py
[2024-07-14T13:51:12.583+0000] {logging_mixin.py:120} INFO - [2024-07-14T13:51:12.583+0000] {dag.py:2585} INFO - Sync 1 DAGs
[2024-07-14T13:51:12.608+0000] {logging_mixin.py:120} INFO - [2024-07-14T13:51:12.608+0000] {dag.py:3340} INFO - Setting next_dagrun for example_branch_dop_operator_v3 to 2024-07-14T13:50:00+00:00, run_after=2024-07-14T13:51:00+00:00
[2024-07-14T13:51:12.633+0000] {processor.py:176} INFO - Processing /home/airflow/.local/lib/python3.7/site-packages/airflow/example_dags/example_branch_python_dop_operator_3.py took 0.094 seconds
[2024-07-14T13:51:43.028+0000] {processor.py:154} INFO - Started process (PID=2371) to work on /home/airflow/.local/lib/python3.7/site-packages/airflow/example_dags/example_branch_python_dop_operator_3.py
[2024-07-14T13:51:43.029+0000] {processor.py:756} INFO - Processing file /home/airflow/.local/lib/python3.7/site-packages/airflow/example_dags/example_branch_python_dop_operator_3.py for tasks to queue
[2024-07-14T13:51:43.029+0000] {logging_mixin.py:120} INFO - [2024-07-14T13:51:43.029+0000] {dagbag.py:537} INFO - Filling up the DagBag from /home/airflow/.local/lib/python3.7/site-packages/airflow/example_dags/example_branch_python_dop_operator_3.py
[2024-07-14T13:51:43.045+0000] {processor.py:766} INFO - DAG(s) dict_keys(['example_branch_dop_operator_v3']) retrieved from /home/airflow/.local/lib/python3.7/site-packages/airflow/example_dags/example_branch_python_dop_operator_3.py
[2024-07-14T13:51:43.074+0000] {logging_mixin.py:120} INFO - [2024-07-14T13:51:43.073+0000] {dag.py:2585} INFO - Sync 1 DAGs
[2024-07-14T13:51:43.094+0000] {logging_mixin.py:120} INFO - [2024-07-14T13:51:43.094+0000] {dag.py:3340} INFO - Setting next_dagrun for example_branch_dop_operator_v3 to 2024-07-14T13:50:00+00:00, run_after=2024-07-14T13:51:00+00:00
[2024-07-14T13:51:43.109+0000] {processor.py:176} INFO - Processing /home/airflow/.local/lib/python3.7/site-packages/airflow/example_dags/example_branch_python_dop_operator_3.py took 0.082 seconds
[2024-07-14T13:52:13.222+0000] {processor.py:154} INFO - Started process (PID=2430) to work on /home/airflow/.local/lib/python3.7/site-packages/airflow/example_dags/example_branch_python_dop_operator_3.py
[2024-07-14T13:52:13.222+0000] {processor.py:756} INFO - Processing file /home/airflow/.local/lib/python3.7/site-packages/airflow/example_dags/example_branch_python_dop_operator_3.py for tasks to queue
[2024-07-14T13:52:13.224+0000] {logging_mixin.py:120} INFO - [2024-07-14T13:52:13.224+0000] {dagbag.py:537} INFO - Filling up the DagBag from /home/airflow/.local/lib/python3.7/site-packages/airflow/example_dags/example_branch_python_dop_operator_3.py
[2024-07-14T13:52:13.258+0000] {processor.py:766} INFO - DAG(s) dict_keys(['example_branch_dop_operator_v3']) retrieved from /home/airflow/.local/lib/python3.7/site-packages/airflow/example_dags/example_branch_python_dop_operator_3.py
[2024-07-14T13:52:13.314+0000] {logging_mixin.py:120} INFO - [2024-07-14T13:52:13.314+0000] {dag.py:2585} INFO - Sync 1 DAGs
[2024-07-14T13:52:13.356+0000] {logging_mixin.py:120} INFO - [2024-07-14T13:52:13.356+0000] {dag.py:3340} INFO - Setting next_dagrun for example_branch_dop_operator_v3 to 2024-07-14T13:51:00+00:00, run_after=2024-07-14T13:52:00+00:00
[2024-07-14T13:52:13.477+0000] {processor.py:176} INFO - Processing /home/airflow/.local/lib/python3.7/site-packages/airflow/example_dags/example_branch_python_dop_operator_3.py took 0.258 seconds
[2024-07-14T13:52:43.697+0000] {processor.py:154} INFO - Started process (PID=2496) to work on /home/airflow/.local/lib/python3.7/site-packages/airflow/example_dags/example_branch_python_dop_operator_3.py
[2024-07-14T13:52:43.697+0000] {processor.py:756} INFO - Processing file /home/airflow/.local/lib/python3.7/site-packages/airflow/example_dags/example_branch_python_dop_operator_3.py for tasks to queue
[2024-07-14T13:52:43.698+0000] {logging_mixin.py:120} INFO - [2024-07-14T13:52:43.698+0000] {dagbag.py:537} INFO - Filling up the DagBag from /home/airflow/.local/lib/python3.7/site-packages/airflow/example_dags/example_branch_python_dop_operator_3.py
[2024-07-14T13:52:43.714+0000] {processor.py:766} INFO - DAG(s) dict_keys(['example_branch_dop_operator_v3']) retrieved from /home/airflow/.local/lib/python3.7/site-packages/airflow/example_dags/example_branch_python_dop_operator_3.py
[2024-07-14T13:52:43.747+0000] {logging_mixin.py:120} INFO - [2024-07-14T13:52:43.747+0000] {dag.py:2585} INFO - Sync 1 DAGs
[2024-07-14T13:52:43.774+0000] {logging_mixin.py:120} INFO - [2024-07-14T13:52:43.773+0000] {dag.py:3340} INFO - Setting next_dagrun for example_branch_dop_operator_v3 to 2024-07-14T13:51:00+00:00, run_after=2024-07-14T13:52:00+00:00
[2024-07-14T13:52:43.787+0000] {processor.py:176} INFO - Processing /home/airflow/.local/lib/python3.7/site-packages/airflow/example_dags/example_branch_python_dop_operator_3.py took 0.093 seconds
[2024-07-14T13:53:13.962+0000] {processor.py:154} INFO - Started process (PID=2562) to work on /home/airflow/.local/lib/python3.7/site-packages/airflow/example_dags/example_branch_python_dop_operator_3.py
[2024-07-14T13:53:13.963+0000] {processor.py:756} INFO - Processing file /home/airflow/.local/lib/python3.7/site-packages/airflow/example_dags/example_branch_python_dop_operator_3.py for tasks to queue
[2024-07-14T13:53:13.963+0000] {logging_mixin.py:120} INFO - [2024-07-14T13:53:13.963+0000] {dagbag.py:537} INFO - Filling up the DagBag from /home/airflow/.local/lib/python3.7/site-packages/airflow/example_dags/example_branch_python_dop_operator_3.py
[2024-07-14T13:53:13.980+0000] {processor.py:766} INFO - DAG(s) dict_keys(['example_branch_dop_operator_v3']) retrieved from /home/airflow/.local/lib/python3.7/site-packages/airflow/example_dags/example_branch_python_dop_operator_3.py
[2024-07-14T13:53:14.006+0000] {logging_mixin.py:120} INFO - [2024-07-14T13:53:14.005+0000] {dag.py:2585} INFO - Sync 1 DAGs
[2024-07-14T13:53:14.024+0000] {logging_mixin.py:120} INFO - [2024-07-14T13:53:14.024+0000] {dag.py:3340} INFO - Setting next_dagrun for example_branch_dop_operator_v3 to 2024-07-14T13:52:00+00:00, run_after=2024-07-14T13:53:00+00:00
[2024-07-14T13:53:14.038+0000] {processor.py:176} INFO - Processing /home/airflow/.local/lib/python3.7/site-packages/airflow/example_dags/example_branch_python_dop_operator_3.py took 0.078 seconds
[2024-07-14T13:53:44.152+0000] {processor.py:154} INFO - Started process (PID=2628) to work on /home/airflow/.local/lib/python3.7/site-packages/airflow/example_dags/example_branch_python_dop_operator_3.py
[2024-07-14T13:53:44.153+0000] {processor.py:756} INFO - Processing file /home/airflow/.local/lib/python3.7/site-packages/airflow/example_dags/example_branch_python_dop_operator_3.py for tasks to queue
[2024-07-14T13:53:44.154+0000] {logging_mixin.py:120} INFO - [2024-07-14T13:53:44.154+0000] {dagbag.py:537} INFO - Filling up the DagBag from /home/airflow/.local/lib/python3.7/site-packages/airflow/example_dags/example_branch_python_dop_operator_3.py
[2024-07-14T13:53:44.171+0000] {processor.py:766} INFO - DAG(s) dict_keys(['example_branch_dop_operator_v3']) retrieved from /home/airflow/.local/lib/python3.7/site-packages/airflow/example_dags/example_branch_python_dop_operator_3.py
[2024-07-14T13:53:44.205+0000] {logging_mixin.py:120} INFO - [2024-07-14T13:53:44.205+0000] {dag.py:2585} INFO - Sync 1 DAGs
[2024-07-14T13:53:44.230+0000] {logging_mixin.py:120} INFO - [2024-07-14T13:53:44.230+0000] {dag.py:3340} INFO - Setting next_dagrun for example_branch_dop_operator_v3 to 2024-07-14T13:52:00+00:00, run_after=2024-07-14T13:53:00+00:00
[2024-07-14T13:53:44.251+0000] {processor.py:176} INFO - Processing /home/airflow/.local/lib/python3.7/site-packages/airflow/example_dags/example_branch_python_dop_operator_3.py took 0.101 seconds
[2024-07-14T13:54:14.552+0000] {processor.py:154} INFO - Started process (PID=2684) to work on /home/airflow/.local/lib/python3.7/site-packages/airflow/example_dags/example_branch_python_dop_operator_3.py
[2024-07-14T13:54:14.553+0000] {processor.py:756} INFO - Processing file /home/airflow/.local/lib/python3.7/site-packages/airflow/example_dags/example_branch_python_dop_operator_3.py for tasks to queue
[2024-07-14T13:54:14.553+0000] {logging_mixin.py:120} INFO - [2024-07-14T13:54:14.553+0000] {dagbag.py:537} INFO - Filling up the DagBag from /home/airflow/.local/lib/python3.7/site-packages/airflow/example_dags/example_branch_python_dop_operator_3.py
[2024-07-14T13:54:14.569+0000] {processor.py:766} INFO - DAG(s) dict_keys(['example_branch_dop_operator_v3']) retrieved from /home/airflow/.local/lib/python3.7/site-packages/airflow/example_dags/example_branch_python_dop_operator_3.py
[2024-07-14T13:54:14.595+0000] {logging_mixin.py:120} INFO - [2024-07-14T13:54:14.595+0000] {dag.py:2585} INFO - Sync 1 DAGs
[2024-07-14T13:54:14.614+0000] {logging_mixin.py:120} INFO - [2024-07-14T13:54:14.614+0000] {dag.py:3340} INFO - Setting next_dagrun for example_branch_dop_operator_v3 to 2024-07-14T13:53:00+00:00, run_after=2024-07-14T13:54:00+00:00
[2024-07-14T13:54:14.630+0000] {processor.py:176} INFO - Processing /home/airflow/.local/lib/python3.7/site-packages/airflow/example_dags/example_branch_python_dop_operator_3.py took 0.080 seconds
[2024-07-14T13:54:45.013+0000] {processor.py:154} INFO - Started process (PID=2750) to work on /home/airflow/.local/lib/python3.7/site-packages/airflow/example_dags/example_branch_python_dop_operator_3.py
[2024-07-14T13:54:45.014+0000] {processor.py:756} INFO - Processing file /home/airflow/.local/lib/python3.7/site-packages/airflow/example_dags/example_branch_python_dop_operator_3.py for tasks to queue
[2024-07-14T13:54:45.015+0000] {logging_mixin.py:120} INFO - [2024-07-14T13:54:45.015+0000] {dagbag.py:537} INFO - Filling up the DagBag from /home/airflow/.local/lib/python3.7/site-packages/airflow/example_dags/example_branch_python_dop_operator_3.py
[2024-07-14T13:54:45.030+0000] {processor.py:766} INFO - DAG(s) dict_keys(['example_branch_dop_operator_v3']) retrieved from /home/airflow/.local/lib/python3.7/site-packages/airflow/example_dags/example_branch_python_dop_operator_3.py
[2024-07-14T13:54:45.073+0000] {logging_mixin.py:120} INFO - [2024-07-14T13:54:45.073+0000] {dag.py:2585} INFO - Sync 1 DAGs
[2024-07-14T13:54:45.095+0000] {logging_mixin.py:120} INFO - [2024-07-14T13:54:45.095+0000] {dag.py:3340} INFO - Setting next_dagrun for example_branch_dop_operator_v3 to 2024-07-14T13:53:00+00:00, run_after=2024-07-14T13:54:00+00:00
[2024-07-14T13:54:45.117+0000] {processor.py:176} INFO - Processing /home/airflow/.local/lib/python3.7/site-packages/airflow/example_dags/example_branch_python_dop_operator_3.py took 0.106 seconds
[2024-07-14T13:55:15.198+0000] {processor.py:154} INFO - Started process (PID=2816) to work on /home/airflow/.local/lib/python3.7/site-packages/airflow/example_dags/example_branch_python_dop_operator_3.py
[2024-07-14T13:55:15.199+0000] {processor.py:756} INFO - Processing file /home/airflow/.local/lib/python3.7/site-packages/airflow/example_dags/example_branch_python_dop_operator_3.py for tasks to queue
[2024-07-14T13:55:15.200+0000] {logging_mixin.py:120} INFO - [2024-07-14T13:55:15.200+0000] {dagbag.py:537} INFO - Filling up the DagBag from /home/airflow/.local/lib/python3.7/site-packages/airflow/example_dags/example_branch_python_dop_operator_3.py
[2024-07-14T13:55:15.214+0000] {processor.py:766} INFO - DAG(s) dict_keys(['example_branch_dop_operator_v3']) retrieved from /home/airflow/.local/lib/python3.7/site-packages/airflow/example_dags/example_branch_python_dop_operator_3.py
[2024-07-14T13:55:15.247+0000] {logging_mixin.py:120} INFO - [2024-07-14T13:55:15.247+0000] {dag.py:2585} INFO - Sync 1 DAGs
[2024-07-14T13:55:15.279+0000] {logging_mixin.py:120} INFO - [2024-07-14T13:55:15.279+0000] {dag.py:3340} INFO - Setting next_dagrun for example_branch_dop_operator_v3 to 2024-07-14T13:54:00+00:00, run_after=2024-07-14T13:55:00+00:00
[2024-07-14T13:55:15.298+0000] {processor.py:176} INFO - Processing /home/airflow/.local/lib/python3.7/site-packages/airflow/example_dags/example_branch_python_dop_operator_3.py took 0.102 seconds
[2024-07-14T13:55:45.792+0000] {processor.py:154} INFO - Started process (PID=2882) to work on /home/airflow/.local/lib/python3.7/site-packages/airflow/example_dags/example_branch_python_dop_operator_3.py
[2024-07-14T13:55:45.793+0000] {processor.py:756} INFO - Processing file /home/airflow/.local/lib/python3.7/site-packages/airflow/example_dags/example_branch_python_dop_operator_3.py for tasks to queue
[2024-07-14T13:55:45.793+0000] {logging_mixin.py:120} INFO - [2024-07-14T13:55:45.793+0000] {dagbag.py:537} INFO - Filling up the DagBag from /home/airflow/.local/lib/python3.7/site-packages/airflow/example_dags/example_branch_python_dop_operator_3.py
[2024-07-14T13:55:45.812+0000] {processor.py:766} INFO - DAG(s) dict_keys(['example_branch_dop_operator_v3']) retrieved from /home/airflow/.local/lib/python3.7/site-packages/airflow/example_dags/example_branch_python_dop_operator_3.py
[2024-07-14T13:55:45.846+0000] {logging_mixin.py:120} INFO - [2024-07-14T13:55:45.846+0000] {dag.py:2585} INFO - Sync 1 DAGs
[2024-07-14T13:55:45.869+0000] {logging_mixin.py:120} INFO - [2024-07-14T13:55:45.869+0000] {dag.py:3340} INFO - Setting next_dagrun for example_branch_dop_operator_v3 to 2024-07-14T13:54:00+00:00, run_after=2024-07-14T13:55:00+00:00
[2024-07-14T13:55:45.887+0000] {processor.py:176} INFO - Processing /home/airflow/.local/lib/python3.7/site-packages/airflow/example_dags/example_branch_python_dop_operator_3.py took 0.098 seconds
[2024-07-14T14:28:41.083+0000] {processor.py:153} INFO - Started process (PID=66) to work on /home/airflow/.local/lib/python3.7/site-packages/airflow/example_dags/example_branch_python_dop_operator_3.py
[2024-07-14T14:28:41.084+0000] {processor.py:743} INFO - Processing file /home/airflow/.local/lib/python3.7/site-packages/airflow/example_dags/example_branch_python_dop_operator_3.py for tasks to queue
[2024-07-14T14:28:41.084+0000] {logging_mixin.py:137} INFO - [2024-07-14T14:28:41.084+0000] {dagbag.py:538} INFO - Filling up the DagBag from /home/airflow/.local/lib/python3.7/site-packages/airflow/example_dags/example_branch_python_dop_operator_3.py
[2024-07-14T14:28:41.107+0000] {processor.py:753} INFO - DAG(s) dict_keys(['example_branch_dop_operator_v3']) retrieved from /home/airflow/.local/lib/python3.7/site-packages/airflow/example_dags/example_branch_python_dop_operator_3.py
[2024-07-14T14:28:41.119+0000] {logging_mixin.py:137} INFO - [2024-07-14T14:28:41.119+0000] {dag.py:2690} INFO - Sync 1 DAGs
[2024-07-14T14:28:41.146+0000] {logging_mixin.py:137} INFO - [2024-07-14T14:28:41.146+0000] {dag.py:3441} INFO - Setting next_dagrun for example_branch_dop_operator_v3 to 2024-07-14T14:27:00+00:00, run_after=2024-07-14T14:28:00+00:00
[2024-07-14T14:28:41.164+0000] {processor.py:175} INFO - Processing /home/airflow/.local/lib/python3.7/site-packages/airflow/example_dags/example_branch_python_dop_operator_3.py took 0.085 seconds
[2024-07-14T14:29:11.377+0000] {processor.py:153} INFO - Started process (PID=198) to work on /home/airflow/.local/lib/python3.7/site-packages/airflow/example_dags/example_branch_python_dop_operator_3.py
[2024-07-14T14:29:11.380+0000] {processor.py:743} INFO - Processing file /home/airflow/.local/lib/python3.7/site-packages/airflow/example_dags/example_branch_python_dop_operator_3.py for tasks to queue
[2024-07-14T14:29:11.380+0000] {logging_mixin.py:137} INFO - [2024-07-14T14:29:11.380+0000] {dagbag.py:538} INFO - Filling up the DagBag from /home/airflow/.local/lib/python3.7/site-packages/airflow/example_dags/example_branch_python_dop_operator_3.py
[2024-07-14T14:29:11.395+0000] {processor.py:753} INFO - DAG(s) dict_keys(['example_branch_dop_operator_v3']) retrieved from /home/airflow/.local/lib/python3.7/site-packages/airflow/example_dags/example_branch_python_dop_operator_3.py
[2024-07-14T14:29:11.413+0000] {logging_mixin.py:137} INFO - [2024-07-14T14:29:11.412+0000] {dag.py:2690} INFO - Sync 1 DAGs
[2024-07-14T14:29:11.434+0000] {logging_mixin.py:137} INFO - [2024-07-14T14:29:11.434+0000] {dag.py:3441} INFO - Setting next_dagrun for example_branch_dop_operator_v3 to 2024-07-14T14:28:00+00:00, run_after=2024-07-14T14:29:00+00:00
[2024-07-14T14:29:11.449+0000] {processor.py:175} INFO - Processing /home/airflow/.local/lib/python3.7/site-packages/airflow/example_dags/example_branch_python_dop_operator_3.py took 0.074 seconds
