[2024-07-14T13:33:22.889+0000] {processor.py:154} INFO - Started process (PID=81) to work on /home/airflow/.local/lib/python3.7/site-packages/airflow/example_dags/example_dag_decorator.py
[2024-07-14T13:33:22.890+0000] {processor.py:756} INFO - Processing file /home/airflow/.local/lib/python3.7/site-packages/airflow/example_dags/example_dag_decorator.py for tasks to queue
[2024-07-14T13:33:22.891+0000] {logging_mixin.py:120} INFO - [2024-07-14T13:33:22.891+0000] {dagbag.py:537} INFO - Filling up the DagBag from /home/airflow/.local/lib/python3.7/site-packages/airflow/example_dags/example_dag_decorator.py
[2024-07-14T13:33:22.913+0000] {logging_mixin.py:120} INFO - [2024-07-14T13:33:22.913+0000] {taskmixin.py:205} WARNING - Dependency <Task(_PythonDecoratedOperator): prepare_email>, send_email already registered for DAG: example_dag_decorator
[2024-07-14T13:33:22.914+0000] {logging_mixin.py:120} INFO - [2024-07-14T13:33:22.914+0000] {taskmixin.py:205} WARNING - Dependency <Task(EmailOperator): send_email>, prepare_email already registered for DAG: example_dag_decorator
[2024-07-14T13:33:22.930+0000] {processor.py:766} INFO - DAG(s) dict_keys(['example_dag_decorator']) retrieved from /home/airflow/.local/lib/python3.7/site-packages/airflow/example_dags/example_dag_decorator.py
[2024-07-14T13:33:23.042+0000] {logging_mixin.py:120} INFO - [2024-07-14T13:33:23.042+0000] {dag.py:2585} INFO - Sync 1 DAGs
[2024-07-14T13:33:23.077+0000] {logging_mixin.py:120} INFO - [2024-07-14T13:33:23.076+0000] {dag.py:3340} INFO - Setting next_dagrun for example_dag_decorator to None, run_after=None
[2024-07-14T13:33:24.463+0000] {logging_mixin.py:120} INFO - [2024-07-14T13:33:24.463+0000] {dag.py:2585} INFO - Sync 1 DAGs
[2024-07-14T13:33:24.470+0000] {logging_mixin.py:120} INFO - [2024-07-14T13:33:24.470+0000] {dag.py:3340} INFO - Setting next_dagrun for example_dag_decorator to None, run_after=None
[2024-07-14T13:33:24.486+0000] {processor.py:176} INFO - Processing /home/airflow/.local/lib/python3.7/site-packages/airflow/example_dags/example_dag_decorator.py took 1.601 seconds
[2024-07-14T13:33:54.943+0000] {processor.py:154} INFO - Started process (PID=148) to work on /home/airflow/.local/lib/python3.7/site-packages/airflow/example_dags/example_dag_decorator.py
[2024-07-14T13:33:54.945+0000] {processor.py:756} INFO - Processing file /home/airflow/.local/lib/python3.7/site-packages/airflow/example_dags/example_dag_decorator.py for tasks to queue
[2024-07-14T13:33:54.949+0000] {logging_mixin.py:120} INFO - [2024-07-14T13:33:54.949+0000] {dagbag.py:537} INFO - Filling up the DagBag from /home/airflow/.local/lib/python3.7/site-packages/airflow/example_dags/example_dag_decorator.py
[2024-07-14T13:33:54.971+0000] {logging_mixin.py:120} INFO - [2024-07-14T13:33:54.971+0000] {taskmixin.py:205} WARNING - Dependency <Task(_PythonDecoratedOperator): prepare_email>, send_email already registered for DAG: example_dag_decorator
[2024-07-14T13:33:54.973+0000] {logging_mixin.py:120} INFO - [2024-07-14T13:33:54.972+0000] {taskmixin.py:205} WARNING - Dependency <Task(EmailOperator): send_email>, prepare_email already registered for DAG: example_dag_decorator
[2024-07-14T13:33:54.992+0000] {processor.py:766} INFO - DAG(s) dict_keys(['example_dag_decorator']) retrieved from /home/airflow/.local/lib/python3.7/site-packages/airflow/example_dags/example_dag_decorator.py
[2024-07-14T13:33:55.104+0000] {logging_mixin.py:120} INFO - [2024-07-14T13:33:55.104+0000] {dag.py:2585} INFO - Sync 1 DAGs
[2024-07-14T13:33:55.130+0000] {logging_mixin.py:120} INFO - [2024-07-14T13:33:55.130+0000] {dag.py:3340} INFO - Setting next_dagrun for example_dag_decorator to None, run_after=None
[2024-07-14T13:33:55.157+0000] {processor.py:176} INFO - Processing /home/airflow/.local/lib/python3.7/site-packages/airflow/example_dags/example_dag_decorator.py took 0.218 seconds
[2024-07-14T13:34:25.676+0000] {processor.py:154} INFO - Started process (PID=206) to work on /home/airflow/.local/lib/python3.7/site-packages/airflow/example_dags/example_dag_decorator.py
[2024-07-14T13:34:25.678+0000] {processor.py:756} INFO - Processing file /home/airflow/.local/lib/python3.7/site-packages/airflow/example_dags/example_dag_decorator.py for tasks to queue
[2024-07-14T13:34:25.679+0000] {logging_mixin.py:120} INFO - [2024-07-14T13:34:25.679+0000] {dagbag.py:537} INFO - Filling up the DagBag from /home/airflow/.local/lib/python3.7/site-packages/airflow/example_dags/example_dag_decorator.py
[2024-07-14T13:34:25.692+0000] {logging_mixin.py:120} INFO - [2024-07-14T13:34:25.692+0000] {taskmixin.py:205} WARNING - Dependency <Task(_PythonDecoratedOperator): prepare_email>, send_email already registered for DAG: example_dag_decorator
[2024-07-14T13:34:25.693+0000] {logging_mixin.py:120} INFO - [2024-07-14T13:34:25.693+0000] {taskmixin.py:205} WARNING - Dependency <Task(EmailOperator): send_email>, prepare_email already registered for DAG: example_dag_decorator
[2024-07-14T13:34:25.724+0000] {processor.py:766} INFO - DAG(s) dict_keys(['example_dag_decorator']) retrieved from /home/airflow/.local/lib/python3.7/site-packages/airflow/example_dags/example_dag_decorator.py
[2024-07-14T13:34:25.881+0000] {logging_mixin.py:120} INFO - [2024-07-14T13:34:25.880+0000] {dag.py:2585} INFO - Sync 1 DAGs
[2024-07-14T13:34:25.957+0000] {logging_mixin.py:120} INFO - [2024-07-14T13:34:25.956+0000] {dag.py:3340} INFO - Setting next_dagrun for example_dag_decorator to None, run_after=None
[2024-07-14T13:34:25.982+0000] {processor.py:176} INFO - Processing /home/airflow/.local/lib/python3.7/site-packages/airflow/example_dags/example_dag_decorator.py took 0.308 seconds
[2024-07-14T13:34:56.958+0000] {processor.py:154} INFO - Started process (PID=271) to work on /home/airflow/.local/lib/python3.7/site-packages/airflow/example_dags/example_dag_decorator.py
[2024-07-14T13:34:56.960+0000] {processor.py:756} INFO - Processing file /home/airflow/.local/lib/python3.7/site-packages/airflow/example_dags/example_dag_decorator.py for tasks to queue
[2024-07-14T13:34:56.961+0000] {logging_mixin.py:120} INFO - [2024-07-14T13:34:56.961+0000] {dagbag.py:537} INFO - Filling up the DagBag from /home/airflow/.local/lib/python3.7/site-packages/airflow/example_dags/example_dag_decorator.py
[2024-07-14T13:34:56.978+0000] {logging_mixin.py:120} INFO - [2024-07-14T13:34:56.978+0000] {taskmixin.py:205} WARNING - Dependency <Task(_PythonDecoratedOperator): prepare_email>, send_email already registered for DAG: example_dag_decorator
[2024-07-14T13:34:56.979+0000] {logging_mixin.py:120} INFO - [2024-07-14T13:34:56.979+0000] {taskmixin.py:205} WARNING - Dependency <Task(EmailOperator): send_email>, prepare_email already registered for DAG: example_dag_decorator
[2024-07-14T13:34:56.988+0000] {processor.py:766} INFO - DAG(s) dict_keys(['example_dag_decorator']) retrieved from /home/airflow/.local/lib/python3.7/site-packages/airflow/example_dags/example_dag_decorator.py
[2024-07-14T13:34:57.073+0000] {logging_mixin.py:120} INFO - [2024-07-14T13:34:57.073+0000] {dag.py:2585} INFO - Sync 1 DAGs
[2024-07-14T13:34:57.130+0000] {logging_mixin.py:120} INFO - [2024-07-14T13:34:57.130+0000] {dag.py:3340} INFO - Setting next_dagrun for example_dag_decorator to None, run_after=None
[2024-07-14T13:34:57.164+0000] {processor.py:176} INFO - Processing /home/airflow/.local/lib/python3.7/site-packages/airflow/example_dags/example_dag_decorator.py took 0.207 seconds
[2024-07-14T13:35:27.952+0000] {processor.py:154} INFO - Started process (PID=336) to work on /home/airflow/.local/lib/python3.7/site-packages/airflow/example_dags/example_dag_decorator.py
[2024-07-14T13:35:27.954+0000] {processor.py:756} INFO - Processing file /home/airflow/.local/lib/python3.7/site-packages/airflow/example_dags/example_dag_decorator.py for tasks to queue
[2024-07-14T13:35:27.955+0000] {logging_mixin.py:120} INFO - [2024-07-14T13:35:27.955+0000] {dagbag.py:537} INFO - Filling up the DagBag from /home/airflow/.local/lib/python3.7/site-packages/airflow/example_dags/example_dag_decorator.py
[2024-07-14T13:35:27.994+0000] {logging_mixin.py:120} INFO - [2024-07-14T13:35:27.994+0000] {taskmixin.py:205} WARNING - Dependency <Task(_PythonDecoratedOperator): prepare_email>, send_email already registered for DAG: example_dag_decorator
[2024-07-14T13:35:28.018+0000] {logging_mixin.py:120} INFO - [2024-07-14T13:35:28.018+0000] {taskmixin.py:205} WARNING - Dependency <Task(EmailOperator): send_email>, prepare_email already registered for DAG: example_dag_decorator
[2024-07-14T13:35:28.115+0000] {processor.py:766} INFO - DAG(s) dict_keys(['example_dag_decorator']) retrieved from /home/airflow/.local/lib/python3.7/site-packages/airflow/example_dags/example_dag_decorator.py
[2024-07-14T13:35:28.223+0000] {logging_mixin.py:120} INFO - [2024-07-14T13:35:28.223+0000] {dag.py:2585} INFO - Sync 1 DAGs
[2024-07-14T13:35:28.242+0000] {logging_mixin.py:120} INFO - [2024-07-14T13:35:28.242+0000] {dag.py:3340} INFO - Setting next_dagrun for example_dag_decorator to None, run_after=None
[2024-07-14T13:35:28.270+0000] {processor.py:176} INFO - Processing /home/airflow/.local/lib/python3.7/site-packages/airflow/example_dags/example_dag_decorator.py took 0.320 seconds
[2024-07-14T13:35:58.425+0000] {processor.py:154} INFO - Started process (PID=402) to work on /home/airflow/.local/lib/python3.7/site-packages/airflow/example_dags/example_dag_decorator.py
[2024-07-14T13:35:58.426+0000] {processor.py:756} INFO - Processing file /home/airflow/.local/lib/python3.7/site-packages/airflow/example_dags/example_dag_decorator.py for tasks to queue
[2024-07-14T13:35:58.427+0000] {logging_mixin.py:120} INFO - [2024-07-14T13:35:58.427+0000] {dagbag.py:537} INFO - Filling up the DagBag from /home/airflow/.local/lib/python3.7/site-packages/airflow/example_dags/example_dag_decorator.py
[2024-07-14T13:35:58.438+0000] {logging_mixin.py:120} INFO - [2024-07-14T13:35:58.437+0000] {taskmixin.py:205} WARNING - Dependency <Task(_PythonDecoratedOperator): prepare_email>, send_email already registered for DAG: example_dag_decorator
[2024-07-14T13:35:58.440+0000] {logging_mixin.py:120} INFO - [2024-07-14T13:35:58.440+0000] {taskmixin.py:205} WARNING - Dependency <Task(EmailOperator): send_email>, prepare_email already registered for DAG: example_dag_decorator
[2024-07-14T13:35:58.450+0000] {processor.py:766} INFO - DAG(s) dict_keys(['example_dag_decorator']) retrieved from /home/airflow/.local/lib/python3.7/site-packages/airflow/example_dags/example_dag_decorator.py
[2024-07-14T13:35:58.510+0000] {logging_mixin.py:120} INFO - [2024-07-14T13:35:58.510+0000] {dag.py:2585} INFO - Sync 1 DAGs
[2024-07-14T13:35:58.528+0000] {logging_mixin.py:120} INFO - [2024-07-14T13:35:58.528+0000] {dag.py:3340} INFO - Setting next_dagrun for example_dag_decorator to None, run_after=None
[2024-07-14T13:35:58.548+0000] {processor.py:176} INFO - Processing /home/airflow/.local/lib/python3.7/site-packages/airflow/example_dags/example_dag_decorator.py took 0.125 seconds
[2024-07-14T13:36:28.903+0000] {processor.py:154} INFO - Started process (PID=459) to work on /home/airflow/.local/lib/python3.7/site-packages/airflow/example_dags/example_dag_decorator.py
[2024-07-14T13:36:28.904+0000] {processor.py:756} INFO - Processing file /home/airflow/.local/lib/python3.7/site-packages/airflow/example_dags/example_dag_decorator.py for tasks to queue
[2024-07-14T13:36:28.904+0000] {logging_mixin.py:120} INFO - [2024-07-14T13:36:28.904+0000] {dagbag.py:537} INFO - Filling up the DagBag from /home/airflow/.local/lib/python3.7/site-packages/airflow/example_dags/example_dag_decorator.py
[2024-07-14T13:36:28.918+0000] {logging_mixin.py:120} INFO - [2024-07-14T13:36:28.918+0000] {taskmixin.py:205} WARNING - Dependency <Task(_PythonDecoratedOperator): prepare_email>, send_email already registered for DAG: example_dag_decorator
[2024-07-14T13:36:28.919+0000] {logging_mixin.py:120} INFO - [2024-07-14T13:36:28.918+0000] {taskmixin.py:205} WARNING - Dependency <Task(EmailOperator): send_email>, prepare_email already registered for DAG: example_dag_decorator
[2024-07-14T13:36:28.927+0000] {processor.py:766} INFO - DAG(s) dict_keys(['example_dag_decorator']) retrieved from /home/airflow/.local/lib/python3.7/site-packages/airflow/example_dags/example_dag_decorator.py
[2024-07-14T13:36:28.989+0000] {logging_mixin.py:120} INFO - [2024-07-14T13:36:28.989+0000] {dag.py:2585} INFO - Sync 1 DAGs
[2024-07-14T13:36:29.006+0000] {logging_mixin.py:120} INFO - [2024-07-14T13:36:29.006+0000] {dag.py:3340} INFO - Setting next_dagrun for example_dag_decorator to None, run_after=None
[2024-07-14T13:36:29.033+0000] {processor.py:176} INFO - Processing /home/airflow/.local/lib/python3.7/site-packages/airflow/example_dags/example_dag_decorator.py took 0.132 seconds
[2024-07-14T13:36:59.641+0000] {processor.py:154} INFO - Started process (PID=525) to work on /home/airflow/.local/lib/python3.7/site-packages/airflow/example_dags/example_dag_decorator.py
[2024-07-14T13:36:59.642+0000] {processor.py:756} INFO - Processing file /home/airflow/.local/lib/python3.7/site-packages/airflow/example_dags/example_dag_decorator.py for tasks to queue
[2024-07-14T13:36:59.643+0000] {logging_mixin.py:120} INFO - [2024-07-14T13:36:59.643+0000] {dagbag.py:537} INFO - Filling up the DagBag from /home/airflow/.local/lib/python3.7/site-packages/airflow/example_dags/example_dag_decorator.py
[2024-07-14T13:36:59.656+0000] {logging_mixin.py:120} INFO - [2024-07-14T13:36:59.656+0000] {taskmixin.py:205} WARNING - Dependency <Task(_PythonDecoratedOperator): prepare_email>, send_email already registered for DAG: example_dag_decorator
[2024-07-14T13:36:59.657+0000] {logging_mixin.py:120} INFO - [2024-07-14T13:36:59.657+0000] {taskmixin.py:205} WARNING - Dependency <Task(EmailOperator): send_email>, prepare_email already registered for DAG: example_dag_decorator
[2024-07-14T13:36:59.665+0000] {processor.py:766} INFO - DAG(s) dict_keys(['example_dag_decorator']) retrieved from /home/airflow/.local/lib/python3.7/site-packages/airflow/example_dags/example_dag_decorator.py
[2024-07-14T13:36:59.727+0000] {logging_mixin.py:120} INFO - [2024-07-14T13:36:59.726+0000] {dag.py:2585} INFO - Sync 1 DAGs
[2024-07-14T13:36:59.747+0000] {logging_mixin.py:120} INFO - [2024-07-14T13:36:59.746+0000] {dag.py:3340} INFO - Setting next_dagrun for example_dag_decorator to None, run_after=None
[2024-07-14T13:36:59.762+0000] {processor.py:176} INFO - Processing /home/airflow/.local/lib/python3.7/site-packages/airflow/example_dags/example_dag_decorator.py took 0.122 seconds
[2024-07-14T13:37:30.183+0000] {processor.py:154} INFO - Started process (PID=591) to work on /home/airflow/.local/lib/python3.7/site-packages/airflow/example_dags/example_dag_decorator.py
[2024-07-14T13:37:30.185+0000] {processor.py:756} INFO - Processing file /home/airflow/.local/lib/python3.7/site-packages/airflow/example_dags/example_dag_decorator.py for tasks to queue
[2024-07-14T13:37:30.186+0000] {logging_mixin.py:120} INFO - [2024-07-14T13:37:30.186+0000] {dagbag.py:537} INFO - Filling up the DagBag from /home/airflow/.local/lib/python3.7/site-packages/airflow/example_dags/example_dag_decorator.py
[2024-07-14T13:37:30.202+0000] {logging_mixin.py:120} INFO - [2024-07-14T13:37:30.202+0000] {taskmixin.py:205} WARNING - Dependency <Task(_PythonDecoratedOperator): prepare_email>, send_email already registered for DAG: example_dag_decorator
[2024-07-14T13:37:30.212+0000] {logging_mixin.py:120} INFO - [2024-07-14T13:37:30.212+0000] {taskmixin.py:205} WARNING - Dependency <Task(EmailOperator): send_email>, prepare_email already registered for DAG: example_dag_decorator
[2024-07-14T13:37:30.225+0000] {processor.py:766} INFO - DAG(s) dict_keys(['example_dag_decorator']) retrieved from /home/airflow/.local/lib/python3.7/site-packages/airflow/example_dags/example_dag_decorator.py
[2024-07-14T13:37:30.323+0000] {logging_mixin.py:120} INFO - [2024-07-14T13:37:30.322+0000] {dag.py:2585} INFO - Sync 1 DAGs
[2024-07-14T13:37:30.338+0000] {logging_mixin.py:120} INFO - [2024-07-14T13:37:30.338+0000] {dag.py:3340} INFO - Setting next_dagrun for example_dag_decorator to None, run_after=None
[2024-07-14T13:37:30.354+0000] {processor.py:176} INFO - Processing /home/airflow/.local/lib/python3.7/site-packages/airflow/example_dags/example_dag_decorator.py took 0.172 seconds
[2024-07-14T13:38:01.203+0000] {processor.py:154} INFO - Started process (PID=657) to work on /home/airflow/.local/lib/python3.7/site-packages/airflow/example_dags/example_dag_decorator.py
[2024-07-14T13:38:01.204+0000] {processor.py:756} INFO - Processing file /home/airflow/.local/lib/python3.7/site-packages/airflow/example_dags/example_dag_decorator.py for tasks to queue
[2024-07-14T13:38:01.205+0000] {logging_mixin.py:120} INFO - [2024-07-14T13:38:01.205+0000] {dagbag.py:537} INFO - Filling up the DagBag from /home/airflow/.local/lib/python3.7/site-packages/airflow/example_dags/example_dag_decorator.py
[2024-07-14T13:38:01.216+0000] {logging_mixin.py:120} INFO - [2024-07-14T13:38:01.216+0000] {taskmixin.py:205} WARNING - Dependency <Task(_PythonDecoratedOperator): prepare_email>, send_email already registered for DAG: example_dag_decorator
[2024-07-14T13:38:01.219+0000] {logging_mixin.py:120} INFO - [2024-07-14T13:38:01.219+0000] {taskmixin.py:205} WARNING - Dependency <Task(EmailOperator): send_email>, prepare_email already registered for DAG: example_dag_decorator
[2024-07-14T13:38:01.227+0000] {processor.py:766} INFO - DAG(s) dict_keys(['example_dag_decorator']) retrieved from /home/airflow/.local/lib/python3.7/site-packages/airflow/example_dags/example_dag_decorator.py
[2024-07-14T13:38:01.310+0000] {logging_mixin.py:120} INFO - [2024-07-14T13:38:01.310+0000] {dag.py:2585} INFO - Sync 1 DAGs
[2024-07-14T13:38:01.327+0000] {logging_mixin.py:120} INFO - [2024-07-14T13:38:01.327+0000] {dag.py:3340} INFO - Setting next_dagrun for example_dag_decorator to None, run_after=None
[2024-07-14T13:38:01.348+0000] {processor.py:176} INFO - Processing /home/airflow/.local/lib/python3.7/site-packages/airflow/example_dags/example_dag_decorator.py took 0.147 seconds
[2024-07-14T13:38:31.721+0000] {processor.py:154} INFO - Started process (PID=714) to work on /home/airflow/.local/lib/python3.7/site-packages/airflow/example_dags/example_dag_decorator.py
[2024-07-14T13:38:31.721+0000] {processor.py:756} INFO - Processing file /home/airflow/.local/lib/python3.7/site-packages/airflow/example_dags/example_dag_decorator.py for tasks to queue
[2024-07-14T13:38:31.724+0000] {logging_mixin.py:120} INFO - [2024-07-14T13:38:31.724+0000] {dagbag.py:537} INFO - Filling up the DagBag from /home/airflow/.local/lib/python3.7/site-packages/airflow/example_dags/example_dag_decorator.py
[2024-07-14T13:38:31.737+0000] {logging_mixin.py:120} INFO - [2024-07-14T13:38:31.736+0000] {taskmixin.py:205} WARNING - Dependency <Task(_PythonDecoratedOperator): prepare_email>, send_email already registered for DAG: example_dag_decorator
[2024-07-14T13:38:31.739+0000] {logging_mixin.py:120} INFO - [2024-07-14T13:38:31.739+0000] {taskmixin.py:205} WARNING - Dependency <Task(EmailOperator): send_email>, prepare_email already registered for DAG: example_dag_decorator
[2024-07-14T13:38:31.752+0000] {processor.py:766} INFO - DAG(s) dict_keys(['example_dag_decorator']) retrieved from /home/airflow/.local/lib/python3.7/site-packages/airflow/example_dags/example_dag_decorator.py
[2024-07-14T13:38:31.834+0000] {logging_mixin.py:120} INFO - [2024-07-14T13:38:31.834+0000] {dag.py:2585} INFO - Sync 1 DAGs
[2024-07-14T13:38:31.857+0000] {logging_mixin.py:120} INFO - [2024-07-14T13:38:31.857+0000] {dag.py:3340} INFO - Setting next_dagrun for example_dag_decorator to None, run_after=None
[2024-07-14T13:38:31.879+0000] {processor.py:176} INFO - Processing /home/airflow/.local/lib/python3.7/site-packages/airflow/example_dags/example_dag_decorator.py took 0.161 seconds
[2024-07-14T13:39:02.185+0000] {processor.py:154} INFO - Started process (PID=780) to work on /home/airflow/.local/lib/python3.7/site-packages/airflow/example_dags/example_dag_decorator.py
[2024-07-14T13:39:02.186+0000] {processor.py:756} INFO - Processing file /home/airflow/.local/lib/python3.7/site-packages/airflow/example_dags/example_dag_decorator.py for tasks to queue
[2024-07-14T13:39:02.187+0000] {logging_mixin.py:120} INFO - [2024-07-14T13:39:02.187+0000] {dagbag.py:537} INFO - Filling up the DagBag from /home/airflow/.local/lib/python3.7/site-packages/airflow/example_dags/example_dag_decorator.py
[2024-07-14T13:39:02.200+0000] {logging_mixin.py:120} INFO - [2024-07-14T13:39:02.200+0000] {taskmixin.py:205} WARNING - Dependency <Task(_PythonDecoratedOperator): prepare_email>, send_email already registered for DAG: example_dag_decorator
[2024-07-14T13:39:02.201+0000] {logging_mixin.py:120} INFO - [2024-07-14T13:39:02.201+0000] {taskmixin.py:205} WARNING - Dependency <Task(EmailOperator): send_email>, prepare_email already registered for DAG: example_dag_decorator
[2024-07-14T13:39:02.209+0000] {processor.py:766} INFO - DAG(s) dict_keys(['example_dag_decorator']) retrieved from /home/airflow/.local/lib/python3.7/site-packages/airflow/example_dags/example_dag_decorator.py
[2024-07-14T13:39:02.271+0000] {logging_mixin.py:120} INFO - [2024-07-14T13:39:02.271+0000] {dag.py:2585} INFO - Sync 1 DAGs
[2024-07-14T13:39:02.288+0000] {logging_mixin.py:120} INFO - [2024-07-14T13:39:02.287+0000] {dag.py:3340} INFO - Setting next_dagrun for example_dag_decorator to None, run_after=None
[2024-07-14T13:39:02.302+0000] {processor.py:176} INFO - Processing /home/airflow/.local/lib/python3.7/site-packages/airflow/example_dags/example_dag_decorator.py took 0.120 seconds
[2024-07-14T13:39:32.678+0000] {processor.py:154} INFO - Started process (PID=844) to work on /home/airflow/.local/lib/python3.7/site-packages/airflow/example_dags/example_dag_decorator.py
[2024-07-14T13:39:32.705+0000] {processor.py:756} INFO - Processing file /home/airflow/.local/lib/python3.7/site-packages/airflow/example_dags/example_dag_decorator.py for tasks to queue
[2024-07-14T13:39:32.706+0000] {logging_mixin.py:120} INFO - [2024-07-14T13:39:32.706+0000] {dagbag.py:537} INFO - Filling up the DagBag from /home/airflow/.local/lib/python3.7/site-packages/airflow/example_dags/example_dag_decorator.py
[2024-07-14T13:39:32.727+0000] {logging_mixin.py:120} INFO - [2024-07-14T13:39:32.727+0000] {taskmixin.py:205} WARNING - Dependency <Task(_PythonDecoratedOperator): prepare_email>, send_email already registered for DAG: example_dag_decorator
[2024-07-14T13:39:32.737+0000] {logging_mixin.py:120} INFO - [2024-07-14T13:39:32.737+0000] {taskmixin.py:205} WARNING - Dependency <Task(EmailOperator): send_email>, prepare_email already registered for DAG: example_dag_decorator
[2024-07-14T13:39:32.748+0000] {processor.py:766} INFO - DAG(s) dict_keys(['example_dag_decorator']) retrieved from /home/airflow/.local/lib/python3.7/site-packages/airflow/example_dags/example_dag_decorator.py
[2024-07-14T13:39:32.804+0000] {logging_mixin.py:120} INFO - [2024-07-14T13:39:32.804+0000] {dag.py:2585} INFO - Sync 1 DAGs
[2024-07-14T13:39:32.822+0000] {logging_mixin.py:120} INFO - [2024-07-14T13:39:32.822+0000] {dag.py:3340} INFO - Setting next_dagrun for example_dag_decorator to None, run_after=None
[2024-07-14T13:39:32.841+0000] {processor.py:176} INFO - Processing /home/airflow/.local/lib/python3.7/site-packages/airflow/example_dags/example_dag_decorator.py took 0.167 seconds
[2024-07-14T13:40:03.420+0000] {processor.py:154} INFO - Started process (PID=910) to work on /home/airflow/.local/lib/python3.7/site-packages/airflow/example_dags/example_dag_decorator.py
[2024-07-14T13:40:03.421+0000] {processor.py:756} INFO - Processing file /home/airflow/.local/lib/python3.7/site-packages/airflow/example_dags/example_dag_decorator.py for tasks to queue
[2024-07-14T13:40:03.424+0000] {logging_mixin.py:120} INFO - [2024-07-14T13:40:03.424+0000] {dagbag.py:537} INFO - Filling up the DagBag from /home/airflow/.local/lib/python3.7/site-packages/airflow/example_dags/example_dag_decorator.py
[2024-07-14T13:40:03.437+0000] {logging_mixin.py:120} INFO - [2024-07-14T13:40:03.437+0000] {taskmixin.py:205} WARNING - Dependency <Task(_PythonDecoratedOperator): prepare_email>, send_email already registered for DAG: example_dag_decorator
[2024-07-14T13:40:03.438+0000] {logging_mixin.py:120} INFO - [2024-07-14T13:40:03.438+0000] {taskmixin.py:205} WARNING - Dependency <Task(EmailOperator): send_email>, prepare_email already registered for DAG: example_dag_decorator
[2024-07-14T13:40:03.448+0000] {processor.py:766} INFO - DAG(s) dict_keys(['example_dag_decorator']) retrieved from /home/airflow/.local/lib/python3.7/site-packages/airflow/example_dags/example_dag_decorator.py
[2024-07-14T13:40:03.506+0000] {logging_mixin.py:120} INFO - [2024-07-14T13:40:03.506+0000] {dag.py:2585} INFO - Sync 1 DAGs
[2024-07-14T13:40:03.524+0000] {logging_mixin.py:120} INFO - [2024-07-14T13:40:03.524+0000] {dag.py:3340} INFO - Setting next_dagrun for example_dag_decorator to None, run_after=None
[2024-07-14T13:40:03.545+0000] {processor.py:176} INFO - Processing /home/airflow/.local/lib/python3.7/site-packages/airflow/example_dags/example_dag_decorator.py took 0.128 seconds
[2024-07-14T13:40:34.199+0000] {processor.py:154} INFO - Started process (PID=976) to work on /home/airflow/.local/lib/python3.7/site-packages/airflow/example_dags/example_dag_decorator.py
[2024-07-14T13:40:34.200+0000] {processor.py:756} INFO - Processing file /home/airflow/.local/lib/python3.7/site-packages/airflow/example_dags/example_dag_decorator.py for tasks to queue
[2024-07-14T13:40:34.201+0000] {logging_mixin.py:120} INFO - [2024-07-14T13:40:34.201+0000] {dagbag.py:537} INFO - Filling up the DagBag from /home/airflow/.local/lib/python3.7/site-packages/airflow/example_dags/example_dag_decorator.py
[2024-07-14T13:40:34.215+0000] {logging_mixin.py:120} INFO - [2024-07-14T13:40:34.215+0000] {taskmixin.py:205} WARNING - Dependency <Task(_PythonDecoratedOperator): prepare_email>, send_email already registered for DAG: example_dag_decorator
[2024-07-14T13:40:34.218+0000] {logging_mixin.py:120} INFO - [2024-07-14T13:40:34.216+0000] {taskmixin.py:205} WARNING - Dependency <Task(EmailOperator): send_email>, prepare_email already registered for DAG: example_dag_decorator
[2024-07-14T13:40:34.227+0000] {processor.py:766} INFO - DAG(s) dict_keys(['example_dag_decorator']) retrieved from /home/airflow/.local/lib/python3.7/site-packages/airflow/example_dags/example_dag_decorator.py
[2024-07-14T13:40:34.289+0000] {logging_mixin.py:120} INFO - [2024-07-14T13:40:34.289+0000] {dag.py:2585} INFO - Sync 1 DAGs
[2024-07-14T13:40:34.306+0000] {logging_mixin.py:120} INFO - [2024-07-14T13:40:34.306+0000] {dag.py:3340} INFO - Setting next_dagrun for example_dag_decorator to None, run_after=None
[2024-07-14T13:40:34.323+0000] {processor.py:176} INFO - Processing /home/airflow/.local/lib/python3.7/site-packages/airflow/example_dags/example_dag_decorator.py took 0.126 seconds
[2024-07-14T13:41:04.765+0000] {processor.py:154} INFO - Started process (PID=1033) to work on /home/airflow/.local/lib/python3.7/site-packages/airflow/example_dags/example_dag_decorator.py
[2024-07-14T13:41:04.766+0000] {processor.py:756} INFO - Processing file /home/airflow/.local/lib/python3.7/site-packages/airflow/example_dags/example_dag_decorator.py for tasks to queue
[2024-07-14T13:41:04.766+0000] {logging_mixin.py:120} INFO - [2024-07-14T13:41:04.766+0000] {dagbag.py:537} INFO - Filling up the DagBag from /home/airflow/.local/lib/python3.7/site-packages/airflow/example_dags/example_dag_decorator.py
[2024-07-14T13:41:04.778+0000] {logging_mixin.py:120} INFO - [2024-07-14T13:41:04.778+0000] {taskmixin.py:205} WARNING - Dependency <Task(_PythonDecoratedOperator): prepare_email>, send_email already registered for DAG: example_dag_decorator
[2024-07-14T13:41:04.779+0000] {logging_mixin.py:120} INFO - [2024-07-14T13:41:04.779+0000] {taskmixin.py:205} WARNING - Dependency <Task(EmailOperator): send_email>, prepare_email already registered for DAG: example_dag_decorator
[2024-07-14T13:41:04.787+0000] {processor.py:766} INFO - DAG(s) dict_keys(['example_dag_decorator']) retrieved from /home/airflow/.local/lib/python3.7/site-packages/airflow/example_dags/example_dag_decorator.py
[2024-07-14T13:41:04.849+0000] {logging_mixin.py:120} INFO - [2024-07-14T13:41:04.849+0000] {dag.py:2585} INFO - Sync 1 DAGs
[2024-07-14T13:41:04.873+0000] {logging_mixin.py:120} INFO - [2024-07-14T13:41:04.873+0000] {dag.py:3340} INFO - Setting next_dagrun for example_dag_decorator to None, run_after=None
[2024-07-14T13:41:04.893+0000] {processor.py:176} INFO - Processing /home/airflow/.local/lib/python3.7/site-packages/airflow/example_dags/example_dag_decorator.py took 0.131 seconds
[2024-07-14T13:41:34.942+0000] {processor.py:154} INFO - Started process (PID=1098) to work on /home/airflow/.local/lib/python3.7/site-packages/airflow/example_dags/example_dag_decorator.py
[2024-07-14T13:41:34.943+0000] {processor.py:756} INFO - Processing file /home/airflow/.local/lib/python3.7/site-packages/airflow/example_dags/example_dag_decorator.py for tasks to queue
[2024-07-14T13:41:34.944+0000] {logging_mixin.py:120} INFO - [2024-07-14T13:41:34.944+0000] {dagbag.py:537} INFO - Filling up the DagBag from /home/airflow/.local/lib/python3.7/site-packages/airflow/example_dags/example_dag_decorator.py
[2024-07-14T13:41:34.958+0000] {logging_mixin.py:120} INFO - [2024-07-14T13:41:34.958+0000] {taskmixin.py:205} WARNING - Dependency <Task(_PythonDecoratedOperator): prepare_email>, send_email already registered for DAG: example_dag_decorator
[2024-07-14T13:41:34.959+0000] {logging_mixin.py:120} INFO - [2024-07-14T13:41:34.959+0000] {taskmixin.py:205} WARNING - Dependency <Task(EmailOperator): send_email>, prepare_email already registered for DAG: example_dag_decorator
[2024-07-14T13:41:34.970+0000] {processor.py:766} INFO - DAG(s) dict_keys(['example_dag_decorator']) retrieved from /home/airflow/.local/lib/python3.7/site-packages/airflow/example_dags/example_dag_decorator.py
[2024-07-14T13:41:35.050+0000] {logging_mixin.py:120} INFO - [2024-07-14T13:41:35.050+0000] {dag.py:2585} INFO - Sync 1 DAGs
[2024-07-14T13:41:35.072+0000] {logging_mixin.py:120} INFO - [2024-07-14T13:41:35.072+0000] {dag.py:3340} INFO - Setting next_dagrun for example_dag_decorator to None, run_after=None
[2024-07-14T13:41:35.095+0000] {processor.py:176} INFO - Processing /home/airflow/.local/lib/python3.7/site-packages/airflow/example_dags/example_dag_decorator.py took 0.155 seconds
[2024-07-14T13:42:05.913+0000] {processor.py:154} INFO - Started process (PID=1165) to work on /home/airflow/.local/lib/python3.7/site-packages/airflow/example_dags/example_dag_decorator.py
[2024-07-14T13:42:05.914+0000] {processor.py:756} INFO - Processing file /home/airflow/.local/lib/python3.7/site-packages/airflow/example_dags/example_dag_decorator.py for tasks to queue
[2024-07-14T13:42:05.916+0000] {logging_mixin.py:120} INFO - [2024-07-14T13:42:05.915+0000] {dagbag.py:537} INFO - Filling up the DagBag from /home/airflow/.local/lib/python3.7/site-packages/airflow/example_dags/example_dag_decorator.py
[2024-07-14T13:42:05.926+0000] {logging_mixin.py:120} INFO - [2024-07-14T13:42:05.926+0000] {taskmixin.py:205} WARNING - Dependency <Task(_PythonDecoratedOperator): prepare_email>, send_email already registered for DAG: example_dag_decorator
[2024-07-14T13:42:05.927+0000] {logging_mixin.py:120} INFO - [2024-07-14T13:42:05.927+0000] {taskmixin.py:205} WARNING - Dependency <Task(EmailOperator): send_email>, prepare_email already registered for DAG: example_dag_decorator
[2024-07-14T13:42:05.934+0000] {processor.py:766} INFO - DAG(s) dict_keys(['example_dag_decorator']) retrieved from /home/airflow/.local/lib/python3.7/site-packages/airflow/example_dags/example_dag_decorator.py
[2024-07-14T13:42:05.994+0000] {logging_mixin.py:120} INFO - [2024-07-14T13:42:05.994+0000] {dag.py:2585} INFO - Sync 1 DAGs
[2024-07-14T13:42:06.009+0000] {logging_mixin.py:120} INFO - [2024-07-14T13:42:06.009+0000] {dag.py:3340} INFO - Setting next_dagrun for example_dag_decorator to None, run_after=None
[2024-07-14T13:42:06.028+0000] {processor.py:176} INFO - Processing /home/airflow/.local/lib/python3.7/site-packages/airflow/example_dags/example_dag_decorator.py took 0.117 seconds
[2024-07-14T13:42:36.491+0000] {processor.py:154} INFO - Started process (PID=1231) to work on /home/airflow/.local/lib/python3.7/site-packages/airflow/example_dags/example_dag_decorator.py
[2024-07-14T13:42:36.492+0000] {processor.py:756} INFO - Processing file /home/airflow/.local/lib/python3.7/site-packages/airflow/example_dags/example_dag_decorator.py for tasks to queue
[2024-07-14T13:42:36.493+0000] {logging_mixin.py:120} INFO - [2024-07-14T13:42:36.493+0000] {dagbag.py:537} INFO - Filling up the DagBag from /home/airflow/.local/lib/python3.7/site-packages/airflow/example_dags/example_dag_decorator.py
[2024-07-14T13:42:36.506+0000] {logging_mixin.py:120} INFO - [2024-07-14T13:42:36.506+0000] {taskmixin.py:205} WARNING - Dependency <Task(_PythonDecoratedOperator): prepare_email>, send_email already registered for DAG: example_dag_decorator
[2024-07-14T13:42:36.507+0000] {logging_mixin.py:120} INFO - [2024-07-14T13:42:36.507+0000] {taskmixin.py:205} WARNING - Dependency <Task(EmailOperator): send_email>, prepare_email already registered for DAG: example_dag_decorator
[2024-07-14T13:42:36.517+0000] {processor.py:766} INFO - DAG(s) dict_keys(['example_dag_decorator']) retrieved from /home/airflow/.local/lib/python3.7/site-packages/airflow/example_dags/example_dag_decorator.py
[2024-07-14T13:42:36.584+0000] {logging_mixin.py:120} INFO - [2024-07-14T13:42:36.584+0000] {dag.py:2585} INFO - Sync 1 DAGs
[2024-07-14T13:42:36.601+0000] {logging_mixin.py:120} INFO - [2024-07-14T13:42:36.601+0000] {dag.py:3340} INFO - Setting next_dagrun for example_dag_decorator to None, run_after=None
[2024-07-14T13:42:36.618+0000] {processor.py:176} INFO - Processing /home/airflow/.local/lib/python3.7/site-packages/airflow/example_dags/example_dag_decorator.py took 0.129 seconds
[2024-07-14T13:43:07.441+0000] {processor.py:154} INFO - Started process (PID=1288) to work on /home/airflow/.local/lib/python3.7/site-packages/airflow/example_dags/example_dag_decorator.py
[2024-07-14T13:43:07.442+0000] {processor.py:756} INFO - Processing file /home/airflow/.local/lib/python3.7/site-packages/airflow/example_dags/example_dag_decorator.py for tasks to queue
[2024-07-14T13:43:07.443+0000] {logging_mixin.py:120} INFO - [2024-07-14T13:43:07.443+0000] {dagbag.py:537} INFO - Filling up the DagBag from /home/airflow/.local/lib/python3.7/site-packages/airflow/example_dags/example_dag_decorator.py
[2024-07-14T13:43:07.452+0000] {logging_mixin.py:120} INFO - [2024-07-14T13:43:07.452+0000] {taskmixin.py:205} WARNING - Dependency <Task(_PythonDecoratedOperator): prepare_email>, send_email already registered for DAG: example_dag_decorator
[2024-07-14T13:43:07.456+0000] {logging_mixin.py:120} INFO - [2024-07-14T13:43:07.456+0000] {taskmixin.py:205} WARNING - Dependency <Task(EmailOperator): send_email>, prepare_email already registered for DAG: example_dag_decorator
[2024-07-14T13:43:07.464+0000] {processor.py:766} INFO - DAG(s) dict_keys(['example_dag_decorator']) retrieved from /home/airflow/.local/lib/python3.7/site-packages/airflow/example_dags/example_dag_decorator.py
[2024-07-14T13:43:07.535+0000] {logging_mixin.py:120} INFO - [2024-07-14T13:43:07.535+0000] {dag.py:2585} INFO - Sync 1 DAGs
[2024-07-14T13:43:07.561+0000] {logging_mixin.py:120} INFO - [2024-07-14T13:43:07.561+0000] {dag.py:3340} INFO - Setting next_dagrun for example_dag_decorator to None, run_after=None
[2024-07-14T13:43:07.588+0000] {processor.py:176} INFO - Processing /home/airflow/.local/lib/python3.7/site-packages/airflow/example_dags/example_dag_decorator.py took 0.149 seconds
[2024-07-14T13:43:37.733+0000] {processor.py:154} INFO - Started process (PID=1354) to work on /home/airflow/.local/lib/python3.7/site-packages/airflow/example_dags/example_dag_decorator.py
[2024-07-14T13:43:37.734+0000] {processor.py:756} INFO - Processing file /home/airflow/.local/lib/python3.7/site-packages/airflow/example_dags/example_dag_decorator.py for tasks to queue
[2024-07-14T13:43:37.734+0000] {logging_mixin.py:120} INFO - [2024-07-14T13:43:37.734+0000] {dagbag.py:537} INFO - Filling up the DagBag from /home/airflow/.local/lib/python3.7/site-packages/airflow/example_dags/example_dag_decorator.py
[2024-07-14T13:43:37.746+0000] {logging_mixin.py:120} INFO - [2024-07-14T13:43:37.746+0000] {taskmixin.py:205} WARNING - Dependency <Task(_PythonDecoratedOperator): prepare_email>, send_email already registered for DAG: example_dag_decorator
[2024-07-14T13:43:37.746+0000] {logging_mixin.py:120} INFO - [2024-07-14T13:43:37.746+0000] {taskmixin.py:205} WARNING - Dependency <Task(EmailOperator): send_email>, prepare_email already registered for DAG: example_dag_decorator
[2024-07-14T13:43:37.754+0000] {processor.py:766} INFO - DAG(s) dict_keys(['example_dag_decorator']) retrieved from /home/airflow/.local/lib/python3.7/site-packages/airflow/example_dags/example_dag_decorator.py
[2024-07-14T13:43:37.856+0000] {logging_mixin.py:120} INFO - [2024-07-14T13:43:37.856+0000] {dag.py:2585} INFO - Sync 1 DAGs
[2024-07-14T13:43:37.890+0000] {logging_mixin.py:120} INFO - [2024-07-14T13:43:37.890+0000] {dag.py:3340} INFO - Setting next_dagrun for example_dag_decorator to None, run_after=None
[2024-07-14T13:43:37.910+0000] {processor.py:176} INFO - Processing /home/airflow/.local/lib/python3.7/site-packages/airflow/example_dags/example_dag_decorator.py took 0.179 seconds
[2024-07-14T13:44:08.933+0000] {processor.py:154} INFO - Started process (PID=1420) to work on /home/airflow/.local/lib/python3.7/site-packages/airflow/example_dags/example_dag_decorator.py
[2024-07-14T13:44:08.934+0000] {processor.py:756} INFO - Processing file /home/airflow/.local/lib/python3.7/site-packages/airflow/example_dags/example_dag_decorator.py for tasks to queue
[2024-07-14T13:44:08.935+0000] {logging_mixin.py:120} INFO - [2024-07-14T13:44:08.935+0000] {dagbag.py:537} INFO - Filling up the DagBag from /home/airflow/.local/lib/python3.7/site-packages/airflow/example_dags/example_dag_decorator.py
[2024-07-14T13:44:08.947+0000] {logging_mixin.py:120} INFO - [2024-07-14T13:44:08.947+0000] {taskmixin.py:205} WARNING - Dependency <Task(_PythonDecoratedOperator): prepare_email>, send_email already registered for DAG: example_dag_decorator
[2024-07-14T13:44:08.948+0000] {logging_mixin.py:120} INFO - [2024-07-14T13:44:08.948+0000] {taskmixin.py:205} WARNING - Dependency <Task(EmailOperator): send_email>, prepare_email already registered for DAG: example_dag_decorator
[2024-07-14T13:44:08.956+0000] {processor.py:766} INFO - DAG(s) dict_keys(['example_dag_decorator']) retrieved from /home/airflow/.local/lib/python3.7/site-packages/airflow/example_dags/example_dag_decorator.py
[2024-07-14T13:44:09.015+0000] {logging_mixin.py:120} INFO - [2024-07-14T13:44:09.015+0000] {dag.py:2585} INFO - Sync 1 DAGs
[2024-07-14T13:44:09.033+0000] {logging_mixin.py:120} INFO - [2024-07-14T13:44:09.033+0000] {dag.py:3340} INFO - Setting next_dagrun for example_dag_decorator to None, run_after=None
[2024-07-14T13:44:09.051+0000] {processor.py:176} INFO - Processing /home/airflow/.local/lib/python3.7/site-packages/airflow/example_dags/example_dag_decorator.py took 0.120 seconds
[2024-07-14T13:44:39.768+0000] {processor.py:154} INFO - Started process (PID=1485) to work on /home/airflow/.local/lib/python3.7/site-packages/airflow/example_dags/example_dag_decorator.py
[2024-07-14T13:44:39.769+0000] {processor.py:756} INFO - Processing file /home/airflow/.local/lib/python3.7/site-packages/airflow/example_dags/example_dag_decorator.py for tasks to queue
[2024-07-14T13:44:39.770+0000] {logging_mixin.py:120} INFO - [2024-07-14T13:44:39.770+0000] {dagbag.py:537} INFO - Filling up the DagBag from /home/airflow/.local/lib/python3.7/site-packages/airflow/example_dags/example_dag_decorator.py
[2024-07-14T13:44:39.781+0000] {logging_mixin.py:120} INFO - [2024-07-14T13:44:39.781+0000] {taskmixin.py:205} WARNING - Dependency <Task(_PythonDecoratedOperator): prepare_email>, send_email already registered for DAG: example_dag_decorator
[2024-07-14T13:44:39.781+0000] {logging_mixin.py:120} INFO - [2024-07-14T13:44:39.781+0000] {taskmixin.py:205} WARNING - Dependency <Task(EmailOperator): send_email>, prepare_email already registered for DAG: example_dag_decorator
[2024-07-14T13:44:39.791+0000] {processor.py:766} INFO - DAG(s) dict_keys(['example_dag_decorator']) retrieved from /home/airflow/.local/lib/python3.7/site-packages/airflow/example_dags/example_dag_decorator.py
[2024-07-14T13:44:39.853+0000] {logging_mixin.py:120} INFO - [2024-07-14T13:44:39.853+0000] {dag.py:2585} INFO - Sync 1 DAGs
[2024-07-14T13:44:39.870+0000] {logging_mixin.py:120} INFO - [2024-07-14T13:44:39.870+0000] {dag.py:3340} INFO - Setting next_dagrun for example_dag_decorator to None, run_after=None
[2024-07-14T13:44:39.888+0000] {processor.py:176} INFO - Processing /home/airflow/.local/lib/python3.7/site-packages/airflow/example_dags/example_dag_decorator.py took 0.122 seconds
[2024-07-14T13:45:10.530+0000] {processor.py:154} INFO - Started process (PID=1550) to work on /home/airflow/.local/lib/python3.7/site-packages/airflow/example_dags/example_dag_decorator.py
[2024-07-14T13:45:10.531+0000] {processor.py:756} INFO - Processing file /home/airflow/.local/lib/python3.7/site-packages/airflow/example_dags/example_dag_decorator.py for tasks to queue
[2024-07-14T13:45:10.532+0000] {logging_mixin.py:120} INFO - [2024-07-14T13:45:10.532+0000] {dagbag.py:537} INFO - Filling up the DagBag from /home/airflow/.local/lib/python3.7/site-packages/airflow/example_dags/example_dag_decorator.py
[2024-07-14T13:45:10.542+0000] {logging_mixin.py:120} INFO - [2024-07-14T13:45:10.542+0000] {taskmixin.py:205} WARNING - Dependency <Task(_PythonDecoratedOperator): prepare_email>, send_email already registered for DAG: example_dag_decorator
[2024-07-14T13:45:10.542+0000] {logging_mixin.py:120} INFO - [2024-07-14T13:45:10.542+0000] {taskmixin.py:205} WARNING - Dependency <Task(EmailOperator): send_email>, prepare_email already registered for DAG: example_dag_decorator
[2024-07-14T13:45:10.553+0000] {processor.py:766} INFO - DAG(s) dict_keys(['example_dag_decorator']) retrieved from /home/airflow/.local/lib/python3.7/site-packages/airflow/example_dags/example_dag_decorator.py
[2024-07-14T13:45:10.605+0000] {logging_mixin.py:120} INFO - [2024-07-14T13:45:10.604+0000] {dag.py:2585} INFO - Sync 1 DAGs
[2024-07-14T13:45:10.623+0000] {logging_mixin.py:120} INFO - [2024-07-14T13:45:10.622+0000] {dag.py:3340} INFO - Setting next_dagrun for example_dag_decorator to None, run_after=None
[2024-07-14T13:45:10.642+0000] {processor.py:176} INFO - Processing /home/airflow/.local/lib/python3.7/site-packages/airflow/example_dags/example_dag_decorator.py took 0.114 seconds
[2024-07-14T13:45:41.344+0000] {processor.py:154} INFO - Started process (PID=1613) to work on /home/airflow/.local/lib/python3.7/site-packages/airflow/example_dags/example_dag_decorator.py
[2024-07-14T13:45:41.359+0000] {processor.py:756} INFO - Processing file /home/airflow/.local/lib/python3.7/site-packages/airflow/example_dags/example_dag_decorator.py for tasks to queue
[2024-07-14T13:45:41.359+0000] {logging_mixin.py:120} INFO - [2024-07-14T13:45:41.359+0000] {dagbag.py:537} INFO - Filling up the DagBag from /home/airflow/.local/lib/python3.7/site-packages/airflow/example_dags/example_dag_decorator.py
[2024-07-14T13:45:41.387+0000] {logging_mixin.py:120} INFO - [2024-07-14T13:45:41.386+0000] {taskmixin.py:205} WARNING - Dependency <Task(_PythonDecoratedOperator): prepare_email>, send_email already registered for DAG: example_dag_decorator
[2024-07-14T13:45:41.395+0000] {logging_mixin.py:120} INFO - [2024-07-14T13:45:41.395+0000] {taskmixin.py:205} WARNING - Dependency <Task(EmailOperator): send_email>, prepare_email already registered for DAG: example_dag_decorator
[2024-07-14T13:45:41.405+0000] {processor.py:766} INFO - DAG(s) dict_keys(['example_dag_decorator']) retrieved from /home/airflow/.local/lib/python3.7/site-packages/airflow/example_dags/example_dag_decorator.py
[2024-07-14T13:45:41.467+0000] {logging_mixin.py:120} INFO - [2024-07-14T13:45:41.467+0000] {dag.py:2585} INFO - Sync 1 DAGs
[2024-07-14T13:45:41.482+0000] {logging_mixin.py:120} INFO - [2024-07-14T13:45:41.481+0000] {dag.py:3340} INFO - Setting next_dagrun for example_dag_decorator to None, run_after=None
[2024-07-14T13:45:41.502+0000] {processor.py:176} INFO - Processing /home/airflow/.local/lib/python3.7/site-packages/airflow/example_dags/example_dag_decorator.py took 0.159 seconds
[2024-07-14T13:46:12.341+0000] {processor.py:154} INFO - Started process (PID=1670) to work on /home/airflow/.local/lib/python3.7/site-packages/airflow/example_dags/example_dag_decorator.py
[2024-07-14T13:46:12.342+0000] {processor.py:756} INFO - Processing file /home/airflow/.local/lib/python3.7/site-packages/airflow/example_dags/example_dag_decorator.py for tasks to queue
[2024-07-14T13:46:12.342+0000] {logging_mixin.py:120} INFO - [2024-07-14T13:46:12.342+0000] {dagbag.py:537} INFO - Filling up the DagBag from /home/airflow/.local/lib/python3.7/site-packages/airflow/example_dags/example_dag_decorator.py
[2024-07-14T13:46:12.353+0000] {logging_mixin.py:120} INFO - [2024-07-14T13:46:12.352+0000] {taskmixin.py:205} WARNING - Dependency <Task(_PythonDecoratedOperator): prepare_email>, send_email already registered for DAG: example_dag_decorator
[2024-07-14T13:46:12.353+0000] {logging_mixin.py:120} INFO - [2024-07-14T13:46:12.353+0000] {taskmixin.py:205} WARNING - Dependency <Task(EmailOperator): send_email>, prepare_email already registered for DAG: example_dag_decorator
[2024-07-14T13:46:12.363+0000] {processor.py:766} INFO - DAG(s) dict_keys(['example_dag_decorator']) retrieved from /home/airflow/.local/lib/python3.7/site-packages/airflow/example_dags/example_dag_decorator.py
[2024-07-14T13:46:12.415+0000] {logging_mixin.py:120} INFO - [2024-07-14T13:46:12.415+0000] {dag.py:2585} INFO - Sync 1 DAGs
[2024-07-14T13:46:12.439+0000] {logging_mixin.py:120} INFO - [2024-07-14T13:46:12.438+0000] {dag.py:3340} INFO - Setting next_dagrun for example_dag_decorator to None, run_after=None
[2024-07-14T13:46:12.462+0000] {processor.py:176} INFO - Processing /home/airflow/.local/lib/python3.7/site-packages/airflow/example_dags/example_dag_decorator.py took 0.123 seconds
[2024-07-14T13:46:43.294+0000] {processor.py:154} INFO - Started process (PID=1736) to work on /home/airflow/.local/lib/python3.7/site-packages/airflow/example_dags/example_dag_decorator.py
[2024-07-14T13:46:43.295+0000] {processor.py:756} INFO - Processing file /home/airflow/.local/lib/python3.7/site-packages/airflow/example_dags/example_dag_decorator.py for tasks to queue
[2024-07-14T13:46:43.295+0000] {logging_mixin.py:120} INFO - [2024-07-14T13:46:43.295+0000] {dagbag.py:537} INFO - Filling up the DagBag from /home/airflow/.local/lib/python3.7/site-packages/airflow/example_dags/example_dag_decorator.py
[2024-07-14T13:46:43.307+0000] {logging_mixin.py:120} INFO - [2024-07-14T13:46:43.307+0000] {taskmixin.py:205} WARNING - Dependency <Task(_PythonDecoratedOperator): prepare_email>, send_email already registered for DAG: example_dag_decorator
[2024-07-14T13:46:43.308+0000] {logging_mixin.py:120} INFO - [2024-07-14T13:46:43.308+0000] {taskmixin.py:205} WARNING - Dependency <Task(EmailOperator): send_email>, prepare_email already registered for DAG: example_dag_decorator
[2024-07-14T13:46:43.316+0000] {processor.py:766} INFO - DAG(s) dict_keys(['example_dag_decorator']) retrieved from /home/airflow/.local/lib/python3.7/site-packages/airflow/example_dags/example_dag_decorator.py
[2024-07-14T13:46:43.376+0000] {logging_mixin.py:120} INFO - [2024-07-14T13:46:43.375+0000] {dag.py:2585} INFO - Sync 1 DAGs
[2024-07-14T13:46:43.394+0000] {logging_mixin.py:120} INFO - [2024-07-14T13:46:43.394+0000] {dag.py:3340} INFO - Setting next_dagrun for example_dag_decorator to None, run_after=None
[2024-07-14T13:46:43.410+0000] {processor.py:176} INFO - Processing /home/airflow/.local/lib/python3.7/site-packages/airflow/example_dags/example_dag_decorator.py took 0.119 seconds
[2024-07-14T13:47:13.906+0000] {processor.py:154} INFO - Started process (PID=1802) to work on /home/airflow/.local/lib/python3.7/site-packages/airflow/example_dags/example_dag_decorator.py
[2024-07-14T13:47:13.907+0000] {processor.py:756} INFO - Processing file /home/airflow/.local/lib/python3.7/site-packages/airflow/example_dags/example_dag_decorator.py for tasks to queue
[2024-07-14T13:47:13.907+0000] {logging_mixin.py:120} INFO - [2024-07-14T13:47:13.907+0000] {dagbag.py:537} INFO - Filling up the DagBag from /home/airflow/.local/lib/python3.7/site-packages/airflow/example_dags/example_dag_decorator.py
[2024-07-14T13:47:13.917+0000] {logging_mixin.py:120} INFO - [2024-07-14T13:47:13.917+0000] {taskmixin.py:205} WARNING - Dependency <Task(_PythonDecoratedOperator): prepare_email>, send_email already registered for DAG: example_dag_decorator
[2024-07-14T13:47:13.917+0000] {logging_mixin.py:120} INFO - [2024-07-14T13:47:13.917+0000] {taskmixin.py:205} WARNING - Dependency <Task(EmailOperator): send_email>, prepare_email already registered for DAG: example_dag_decorator
[2024-07-14T13:47:13.925+0000] {processor.py:766} INFO - DAG(s) dict_keys(['example_dag_decorator']) retrieved from /home/airflow/.local/lib/python3.7/site-packages/airflow/example_dags/example_dag_decorator.py
[2024-07-14T13:47:13.979+0000] {logging_mixin.py:120} INFO - [2024-07-14T13:47:13.979+0000] {dag.py:2585} INFO - Sync 1 DAGs
[2024-07-14T13:47:13.994+0000] {logging_mixin.py:120} INFO - [2024-07-14T13:47:13.994+0000] {dag.py:3340} INFO - Setting next_dagrun for example_dag_decorator to None, run_after=None
[2024-07-14T13:47:14.011+0000] {processor.py:176} INFO - Processing /home/airflow/.local/lib/python3.7/site-packages/airflow/example_dags/example_dag_decorator.py took 0.107 seconds
[2024-07-14T13:47:44.391+0000] {processor.py:154} INFO - Started process (PID=1868) to work on /home/airflow/.local/lib/python3.7/site-packages/airflow/example_dags/example_dag_decorator.py
[2024-07-14T13:47:44.392+0000] {processor.py:756} INFO - Processing file /home/airflow/.local/lib/python3.7/site-packages/airflow/example_dags/example_dag_decorator.py for tasks to queue
[2024-07-14T13:47:44.393+0000] {logging_mixin.py:120} INFO - [2024-07-14T13:47:44.393+0000] {dagbag.py:537} INFO - Filling up the DagBag from /home/airflow/.local/lib/python3.7/site-packages/airflow/example_dags/example_dag_decorator.py
[2024-07-14T13:47:44.402+0000] {logging_mixin.py:120} INFO - [2024-07-14T13:47:44.402+0000] {taskmixin.py:205} WARNING - Dependency <Task(_PythonDecoratedOperator): prepare_email>, send_email already registered for DAG: example_dag_decorator
[2024-07-14T13:47:44.408+0000] {logging_mixin.py:120} INFO - [2024-07-14T13:47:44.408+0000] {taskmixin.py:205} WARNING - Dependency <Task(EmailOperator): send_email>, prepare_email already registered for DAG: example_dag_decorator
[2024-07-14T13:47:44.415+0000] {processor.py:766} INFO - DAG(s) dict_keys(['example_dag_decorator']) retrieved from /home/airflow/.local/lib/python3.7/site-packages/airflow/example_dags/example_dag_decorator.py
[2024-07-14T13:47:44.472+0000] {logging_mixin.py:120} INFO - [2024-07-14T13:47:44.472+0000] {dag.py:2585} INFO - Sync 1 DAGs
[2024-07-14T13:47:44.487+0000] {logging_mixin.py:120} INFO - [2024-07-14T13:47:44.487+0000] {dag.py:3340} INFO - Setting next_dagrun for example_dag_decorator to None, run_after=None
[2024-07-14T13:47:44.504+0000] {processor.py:176} INFO - Processing /home/airflow/.local/lib/python3.7/site-packages/airflow/example_dags/example_dag_decorator.py took 0.115 seconds
[2024-07-14T13:48:14.622+0000] {processor.py:154} INFO - Started process (PID=1933) to work on /home/airflow/.local/lib/python3.7/site-packages/airflow/example_dags/example_dag_decorator.py
[2024-07-14T13:48:14.623+0000] {processor.py:756} INFO - Processing file /home/airflow/.local/lib/python3.7/site-packages/airflow/example_dags/example_dag_decorator.py for tasks to queue
[2024-07-14T13:48:14.624+0000] {logging_mixin.py:120} INFO - [2024-07-14T13:48:14.623+0000] {dagbag.py:537} INFO - Filling up the DagBag from /home/airflow/.local/lib/python3.7/site-packages/airflow/example_dags/example_dag_decorator.py
[2024-07-14T13:48:14.635+0000] {logging_mixin.py:120} INFO - [2024-07-14T13:48:14.635+0000] {taskmixin.py:205} WARNING - Dependency <Task(_PythonDecoratedOperator): prepare_email>, send_email already registered for DAG: example_dag_decorator
[2024-07-14T13:48:14.636+0000] {logging_mixin.py:120} INFO - [2024-07-14T13:48:14.636+0000] {taskmixin.py:205} WARNING - Dependency <Task(EmailOperator): send_email>, prepare_email already registered for DAG: example_dag_decorator
[2024-07-14T13:48:14.644+0000] {processor.py:766} INFO - DAG(s) dict_keys(['example_dag_decorator']) retrieved from /home/airflow/.local/lib/python3.7/site-packages/airflow/example_dags/example_dag_decorator.py
[2024-07-14T13:48:14.704+0000] {logging_mixin.py:120} INFO - [2024-07-14T13:48:14.702+0000] {dag.py:2585} INFO - Sync 1 DAGs
[2024-07-14T13:48:14.721+0000] {logging_mixin.py:120} INFO - [2024-07-14T13:48:14.721+0000] {dag.py:3340} INFO - Setting next_dagrun for example_dag_decorator to None, run_after=None
[2024-07-14T13:48:14.741+0000] {processor.py:176} INFO - Processing /home/airflow/.local/lib/python3.7/site-packages/airflow/example_dags/example_dag_decorator.py took 0.120 seconds
[2024-07-14T13:48:45.046+0000] {processor.py:154} INFO - Started process (PID=1989) to work on /home/airflow/.local/lib/python3.7/site-packages/airflow/example_dags/example_dag_decorator.py
[2024-07-14T13:48:45.046+0000] {processor.py:756} INFO - Processing file /home/airflow/.local/lib/python3.7/site-packages/airflow/example_dags/example_dag_decorator.py for tasks to queue
[2024-07-14T13:48:45.047+0000] {logging_mixin.py:120} INFO - [2024-07-14T13:48:45.047+0000] {dagbag.py:537} INFO - Filling up the DagBag from /home/airflow/.local/lib/python3.7/site-packages/airflow/example_dags/example_dag_decorator.py
[2024-07-14T13:48:45.056+0000] {logging_mixin.py:120} INFO - [2024-07-14T13:48:45.056+0000] {taskmixin.py:205} WARNING - Dependency <Task(_PythonDecoratedOperator): prepare_email>, send_email already registered for DAG: example_dag_decorator
[2024-07-14T13:48:45.056+0000] {logging_mixin.py:120} INFO - [2024-07-14T13:48:45.056+0000] {taskmixin.py:205} WARNING - Dependency <Task(EmailOperator): send_email>, prepare_email already registered for DAG: example_dag_decorator
[2024-07-14T13:48:45.064+0000] {processor.py:766} INFO - DAG(s) dict_keys(['example_dag_decorator']) retrieved from /home/airflow/.local/lib/python3.7/site-packages/airflow/example_dags/example_dag_decorator.py
[2024-07-14T13:48:45.123+0000] {logging_mixin.py:120} INFO - [2024-07-14T13:48:45.122+0000] {dag.py:2585} INFO - Sync 1 DAGs
[2024-07-14T13:48:45.141+0000] {logging_mixin.py:120} INFO - [2024-07-14T13:48:45.141+0000] {dag.py:3340} INFO - Setting next_dagrun for example_dag_decorator to None, run_after=None
[2024-07-14T13:48:45.163+0000] {processor.py:176} INFO - Processing /home/airflow/.local/lib/python3.7/site-packages/airflow/example_dags/example_dag_decorator.py took 0.119 seconds
[2024-07-14T13:49:16.152+0000] {processor.py:154} INFO - Started process (PID=2057) to work on /home/airflow/.local/lib/python3.7/site-packages/airflow/example_dags/example_dag_decorator.py
[2024-07-14T13:49:16.153+0000] {processor.py:756} INFO - Processing file /home/airflow/.local/lib/python3.7/site-packages/airflow/example_dags/example_dag_decorator.py for tasks to queue
[2024-07-14T13:49:16.154+0000] {logging_mixin.py:120} INFO - [2024-07-14T13:49:16.153+0000] {dagbag.py:537} INFO - Filling up the DagBag from /home/airflow/.local/lib/python3.7/site-packages/airflow/example_dags/example_dag_decorator.py
[2024-07-14T13:49:16.164+0000] {logging_mixin.py:120} INFO - [2024-07-14T13:49:16.164+0000] {taskmixin.py:205} WARNING - Dependency <Task(_PythonDecoratedOperator): prepare_email>, send_email already registered for DAG: example_dag_decorator
[2024-07-14T13:49:16.165+0000] {logging_mixin.py:120} INFO - [2024-07-14T13:49:16.165+0000] {taskmixin.py:205} WARNING - Dependency <Task(EmailOperator): send_email>, prepare_email already registered for DAG: example_dag_decorator
[2024-07-14T13:49:16.175+0000] {processor.py:766} INFO - DAG(s) dict_keys(['example_dag_decorator']) retrieved from /home/airflow/.local/lib/python3.7/site-packages/airflow/example_dags/example_dag_decorator.py
[2024-07-14T13:49:16.235+0000] {logging_mixin.py:120} INFO - [2024-07-14T13:49:16.235+0000] {dag.py:2585} INFO - Sync 1 DAGs
[2024-07-14T13:49:16.252+0000] {logging_mixin.py:120} INFO - [2024-07-14T13:49:16.251+0000] {dag.py:3340} INFO - Setting next_dagrun for example_dag_decorator to None, run_after=None
[2024-07-14T13:49:16.269+0000] {processor.py:176} INFO - Processing /home/airflow/.local/lib/python3.7/site-packages/airflow/example_dags/example_dag_decorator.py took 0.120 seconds
[2024-07-14T13:49:46.931+0000] {processor.py:154} INFO - Started process (PID=2123) to work on /home/airflow/.local/lib/python3.7/site-packages/airflow/example_dags/example_dag_decorator.py
[2024-07-14T13:49:46.932+0000] {processor.py:756} INFO - Processing file /home/airflow/.local/lib/python3.7/site-packages/airflow/example_dags/example_dag_decorator.py for tasks to queue
[2024-07-14T13:49:46.933+0000] {logging_mixin.py:120} INFO - [2024-07-14T13:49:46.933+0000] {dagbag.py:537} INFO - Filling up the DagBag from /home/airflow/.local/lib/python3.7/site-packages/airflow/example_dags/example_dag_decorator.py
[2024-07-14T13:49:46.944+0000] {logging_mixin.py:120} INFO - [2024-07-14T13:49:46.943+0000] {taskmixin.py:205} WARNING - Dependency <Task(_PythonDecoratedOperator): prepare_email>, send_email already registered for DAG: example_dag_decorator
[2024-07-14T13:49:46.944+0000] {logging_mixin.py:120} INFO - [2024-07-14T13:49:46.944+0000] {taskmixin.py:205} WARNING - Dependency <Task(EmailOperator): send_email>, prepare_email already registered for DAG: example_dag_decorator
[2024-07-14T13:49:46.952+0000] {processor.py:766} INFO - DAG(s) dict_keys(['example_dag_decorator']) retrieved from /home/airflow/.local/lib/python3.7/site-packages/airflow/example_dags/example_dag_decorator.py
[2024-07-14T13:49:47.009+0000] {logging_mixin.py:120} INFO - [2024-07-14T13:49:47.008+0000] {dag.py:2585} INFO - Sync 1 DAGs
[2024-07-14T13:49:47.031+0000] {logging_mixin.py:120} INFO - [2024-07-14T13:49:47.030+0000] {dag.py:3340} INFO - Setting next_dagrun for example_dag_decorator to None, run_after=None
[2024-07-14T13:49:47.053+0000] {processor.py:176} INFO - Processing /home/airflow/.local/lib/python3.7/site-packages/airflow/example_dags/example_dag_decorator.py took 0.124 seconds
[2024-07-14T13:50:17.640+0000] {processor.py:154} INFO - Started process (PID=2189) to work on /home/airflow/.local/lib/python3.7/site-packages/airflow/example_dags/example_dag_decorator.py
[2024-07-14T13:50:17.641+0000] {processor.py:756} INFO - Processing file /home/airflow/.local/lib/python3.7/site-packages/airflow/example_dags/example_dag_decorator.py for tasks to queue
[2024-07-14T13:50:17.642+0000] {logging_mixin.py:120} INFO - [2024-07-14T13:50:17.641+0000] {dagbag.py:537} INFO - Filling up the DagBag from /home/airflow/.local/lib/python3.7/site-packages/airflow/example_dags/example_dag_decorator.py
[2024-07-14T13:50:17.651+0000] {logging_mixin.py:120} INFO - [2024-07-14T13:50:17.651+0000] {taskmixin.py:205} WARNING - Dependency <Task(_PythonDecoratedOperator): prepare_email>, send_email already registered for DAG: example_dag_decorator
[2024-07-14T13:50:17.652+0000] {logging_mixin.py:120} INFO - [2024-07-14T13:50:17.652+0000] {taskmixin.py:205} WARNING - Dependency <Task(EmailOperator): send_email>, prepare_email already registered for DAG: example_dag_decorator
[2024-07-14T13:50:17.660+0000] {processor.py:766} INFO - DAG(s) dict_keys(['example_dag_decorator']) retrieved from /home/airflow/.local/lib/python3.7/site-packages/airflow/example_dags/example_dag_decorator.py
[2024-07-14T13:50:17.715+0000] {logging_mixin.py:120} INFO - [2024-07-14T13:50:17.715+0000] {dag.py:2585} INFO - Sync 1 DAGs
[2024-07-14T13:50:17.729+0000] {logging_mixin.py:120} INFO - [2024-07-14T13:50:17.729+0000] {dag.py:3340} INFO - Setting next_dagrun for example_dag_decorator to None, run_after=None
[2024-07-14T13:50:17.746+0000] {processor.py:176} INFO - Processing /home/airflow/.local/lib/python3.7/site-packages/airflow/example_dags/example_dag_decorator.py took 0.108 seconds
[2024-07-14T13:50:48.595+0000] {processor.py:154} INFO - Started process (PID=2255) to work on /home/airflow/.local/lib/python3.7/site-packages/airflow/example_dags/example_dag_decorator.py
[2024-07-14T13:50:48.596+0000] {processor.py:756} INFO - Processing file /home/airflow/.local/lib/python3.7/site-packages/airflow/example_dags/example_dag_decorator.py for tasks to queue
[2024-07-14T13:50:48.596+0000] {logging_mixin.py:120} INFO - [2024-07-14T13:50:48.596+0000] {dagbag.py:537} INFO - Filling up the DagBag from /home/airflow/.local/lib/python3.7/site-packages/airflow/example_dags/example_dag_decorator.py
[2024-07-14T13:50:48.606+0000] {logging_mixin.py:120} INFO - [2024-07-14T13:50:48.606+0000] {taskmixin.py:205} WARNING - Dependency <Task(_PythonDecoratedOperator): prepare_email>, send_email already registered for DAG: example_dag_decorator
[2024-07-14T13:50:48.606+0000] {logging_mixin.py:120} INFO - [2024-07-14T13:50:48.606+0000] {taskmixin.py:205} WARNING - Dependency <Task(EmailOperator): send_email>, prepare_email already registered for DAG: example_dag_decorator
[2024-07-14T13:50:48.614+0000] {processor.py:766} INFO - DAG(s) dict_keys(['example_dag_decorator']) retrieved from /home/airflow/.local/lib/python3.7/site-packages/airflow/example_dags/example_dag_decorator.py
[2024-07-14T13:50:48.671+0000] {logging_mixin.py:120} INFO - [2024-07-14T13:50:48.671+0000] {dag.py:2585} INFO - Sync 1 DAGs
[2024-07-14T13:50:48.691+0000] {logging_mixin.py:120} INFO - [2024-07-14T13:50:48.691+0000] {dag.py:3340} INFO - Setting next_dagrun for example_dag_decorator to None, run_after=None
[2024-07-14T13:50:48.711+0000] {processor.py:176} INFO - Processing /home/airflow/.local/lib/python3.7/site-packages/airflow/example_dags/example_dag_decorator.py took 0.119 seconds
[2024-07-14T13:51:18.789+0000] {processor.py:154} INFO - Started process (PID=2310) to work on /home/airflow/.local/lib/python3.7/site-packages/airflow/example_dags/example_dag_decorator.py
[2024-07-14T13:51:18.791+0000] {processor.py:756} INFO - Processing file /home/airflow/.local/lib/python3.7/site-packages/airflow/example_dags/example_dag_decorator.py for tasks to queue
[2024-07-14T13:51:18.794+0000] {logging_mixin.py:120} INFO - [2024-07-14T13:51:18.794+0000] {dagbag.py:537} INFO - Filling up the DagBag from /home/airflow/.local/lib/python3.7/site-packages/airflow/example_dags/example_dag_decorator.py
[2024-07-14T13:51:18.831+0000] {logging_mixin.py:120} INFO - [2024-07-14T13:51:18.831+0000] {taskmixin.py:205} WARNING - Dependency <Task(_PythonDecoratedOperator): prepare_email>, send_email already registered for DAG: example_dag_decorator
[2024-07-14T13:51:18.835+0000] {logging_mixin.py:120} INFO - [2024-07-14T13:51:18.835+0000] {taskmixin.py:205} WARNING - Dependency <Task(EmailOperator): send_email>, prepare_email already registered for DAG: example_dag_decorator
[2024-07-14T13:51:18.852+0000] {processor.py:766} INFO - DAG(s) dict_keys(['example_dag_decorator']) retrieved from /home/airflow/.local/lib/python3.7/site-packages/airflow/example_dags/example_dag_decorator.py
[2024-07-14T13:51:18.927+0000] {logging_mixin.py:120} INFO - [2024-07-14T13:51:18.927+0000] {dag.py:2585} INFO - Sync 1 DAGs
[2024-07-14T13:51:18.944+0000] {logging_mixin.py:120} INFO - [2024-07-14T13:51:18.944+0000] {dag.py:3340} INFO - Setting next_dagrun for example_dag_decorator to None, run_after=None
[2024-07-14T13:51:18.964+0000] {processor.py:176} INFO - Processing /home/airflow/.local/lib/python3.7/site-packages/airflow/example_dags/example_dag_decorator.py took 0.178 seconds
[2024-07-14T13:51:49.214+0000] {processor.py:154} INFO - Started process (PID=2376) to work on /home/airflow/.local/lib/python3.7/site-packages/airflow/example_dags/example_dag_decorator.py
[2024-07-14T13:51:49.215+0000] {processor.py:756} INFO - Processing file /home/airflow/.local/lib/python3.7/site-packages/airflow/example_dags/example_dag_decorator.py for tasks to queue
[2024-07-14T13:51:49.216+0000] {logging_mixin.py:120} INFO - [2024-07-14T13:51:49.216+0000] {dagbag.py:537} INFO - Filling up the DagBag from /home/airflow/.local/lib/python3.7/site-packages/airflow/example_dags/example_dag_decorator.py
[2024-07-14T13:51:49.228+0000] {logging_mixin.py:120} INFO - [2024-07-14T13:51:49.228+0000] {taskmixin.py:205} WARNING - Dependency <Task(_PythonDecoratedOperator): prepare_email>, send_email already registered for DAG: example_dag_decorator
[2024-07-14T13:51:49.229+0000] {logging_mixin.py:120} INFO - [2024-07-14T13:51:49.229+0000] {taskmixin.py:205} WARNING - Dependency <Task(EmailOperator): send_email>, prepare_email already registered for DAG: example_dag_decorator
[2024-07-14T13:51:49.239+0000] {processor.py:766} INFO - DAG(s) dict_keys(['example_dag_decorator']) retrieved from /home/airflow/.local/lib/python3.7/site-packages/airflow/example_dags/example_dag_decorator.py
[2024-07-14T13:51:49.306+0000] {logging_mixin.py:120} INFO - [2024-07-14T13:51:49.306+0000] {dag.py:2585} INFO - Sync 1 DAGs
[2024-07-14T13:51:49.333+0000] {logging_mixin.py:120} INFO - [2024-07-14T13:51:49.333+0000] {dag.py:3340} INFO - Setting next_dagrun for example_dag_decorator to None, run_after=None
[2024-07-14T13:51:49.489+0000] {processor.py:176} INFO - Processing /home/airflow/.local/lib/python3.7/site-packages/airflow/example_dags/example_dag_decorator.py took 0.277 seconds
[2024-07-14T13:52:19.653+0000] {processor.py:154} INFO - Started process (PID=2442) to work on /home/airflow/.local/lib/python3.7/site-packages/airflow/example_dags/example_dag_decorator.py
[2024-07-14T13:52:19.654+0000] {processor.py:756} INFO - Processing file /home/airflow/.local/lib/python3.7/site-packages/airflow/example_dags/example_dag_decorator.py for tasks to queue
[2024-07-14T13:52:19.654+0000] {logging_mixin.py:120} INFO - [2024-07-14T13:52:19.654+0000] {dagbag.py:537} INFO - Filling up the DagBag from /home/airflow/.local/lib/python3.7/site-packages/airflow/example_dags/example_dag_decorator.py
[2024-07-14T13:52:19.664+0000] {logging_mixin.py:120} INFO - [2024-07-14T13:52:19.664+0000] {taskmixin.py:205} WARNING - Dependency <Task(_PythonDecoratedOperator): prepare_email>, send_email already registered for DAG: example_dag_decorator
[2024-07-14T13:52:19.664+0000] {logging_mixin.py:120} INFO - [2024-07-14T13:52:19.664+0000] {taskmixin.py:205} WARNING - Dependency <Task(EmailOperator): send_email>, prepare_email already registered for DAG: example_dag_decorator
[2024-07-14T13:52:19.672+0000] {processor.py:766} INFO - DAG(s) dict_keys(['example_dag_decorator']) retrieved from /home/airflow/.local/lib/python3.7/site-packages/airflow/example_dags/example_dag_decorator.py
[2024-07-14T13:52:19.726+0000] {logging_mixin.py:120} INFO - [2024-07-14T13:52:19.726+0000] {dag.py:2585} INFO - Sync 1 DAGs
[2024-07-14T13:52:19.742+0000] {logging_mixin.py:120} INFO - [2024-07-14T13:52:19.742+0000] {dag.py:3340} INFO - Setting next_dagrun for example_dag_decorator to None, run_after=None
[2024-07-14T13:52:19.769+0000] {processor.py:176} INFO - Processing /home/airflow/.local/lib/python3.7/site-packages/airflow/example_dags/example_dag_decorator.py took 0.117 seconds
[2024-07-14T13:52:49.993+0000] {processor.py:154} INFO - Started process (PID=2508) to work on /home/airflow/.local/lib/python3.7/site-packages/airflow/example_dags/example_dag_decorator.py
[2024-07-14T13:52:49.994+0000] {processor.py:756} INFO - Processing file /home/airflow/.local/lib/python3.7/site-packages/airflow/example_dags/example_dag_decorator.py for tasks to queue
[2024-07-14T13:52:49.995+0000] {logging_mixin.py:120} INFO - [2024-07-14T13:52:49.995+0000] {dagbag.py:537} INFO - Filling up the DagBag from /home/airflow/.local/lib/python3.7/site-packages/airflow/example_dags/example_dag_decorator.py
[2024-07-14T13:52:50.007+0000] {logging_mixin.py:120} INFO - [2024-07-14T13:52:50.007+0000] {taskmixin.py:205} WARNING - Dependency <Task(_PythonDecoratedOperator): prepare_email>, send_email already registered for DAG: example_dag_decorator
[2024-07-14T13:52:50.008+0000] {logging_mixin.py:120} INFO - [2024-07-14T13:52:50.007+0000] {taskmixin.py:205} WARNING - Dependency <Task(EmailOperator): send_email>, prepare_email already registered for DAG: example_dag_decorator
[2024-07-14T13:52:50.016+0000] {processor.py:766} INFO - DAG(s) dict_keys(['example_dag_decorator']) retrieved from /home/airflow/.local/lib/python3.7/site-packages/airflow/example_dags/example_dag_decorator.py
[2024-07-14T13:52:50.069+0000] {logging_mixin.py:120} INFO - [2024-07-14T13:52:50.068+0000] {dag.py:2585} INFO - Sync 1 DAGs
[2024-07-14T13:52:50.087+0000] {logging_mixin.py:120} INFO - [2024-07-14T13:52:50.087+0000] {dag.py:3340} INFO - Setting next_dagrun for example_dag_decorator to None, run_after=None
[2024-07-14T13:52:50.105+0000] {processor.py:176} INFO - Processing /home/airflow/.local/lib/python3.7/site-packages/airflow/example_dags/example_dag_decorator.py took 0.114 seconds
[2024-07-14T13:53:20.148+0000] {processor.py:154} INFO - Started process (PID=2564) to work on /home/airflow/.local/lib/python3.7/site-packages/airflow/example_dags/example_dag_decorator.py
[2024-07-14T13:53:20.149+0000] {processor.py:756} INFO - Processing file /home/airflow/.local/lib/python3.7/site-packages/airflow/example_dags/example_dag_decorator.py for tasks to queue
[2024-07-14T13:53:20.149+0000] {logging_mixin.py:120} INFO - [2024-07-14T13:53:20.149+0000] {dagbag.py:537} INFO - Filling up the DagBag from /home/airflow/.local/lib/python3.7/site-packages/airflow/example_dags/example_dag_decorator.py
[2024-07-14T13:53:20.159+0000] {logging_mixin.py:120} INFO - [2024-07-14T13:53:20.159+0000] {taskmixin.py:205} WARNING - Dependency <Task(_PythonDecoratedOperator): prepare_email>, send_email already registered for DAG: example_dag_decorator
[2024-07-14T13:53:20.160+0000] {logging_mixin.py:120} INFO - [2024-07-14T13:53:20.160+0000] {taskmixin.py:205} WARNING - Dependency <Task(EmailOperator): send_email>, prepare_email already registered for DAG: example_dag_decorator
[2024-07-14T13:53:20.167+0000] {processor.py:766} INFO - DAG(s) dict_keys(['example_dag_decorator']) retrieved from /home/airflow/.local/lib/python3.7/site-packages/airflow/example_dags/example_dag_decorator.py
[2024-07-14T13:53:20.235+0000] {logging_mixin.py:120} INFO - [2024-07-14T13:53:20.235+0000] {dag.py:2585} INFO - Sync 1 DAGs
[2024-07-14T13:53:20.257+0000] {logging_mixin.py:120} INFO - [2024-07-14T13:53:20.257+0000] {dag.py:3340} INFO - Setting next_dagrun for example_dag_decorator to None, run_after=None
[2024-07-14T13:53:20.281+0000] {processor.py:176} INFO - Processing /home/airflow/.local/lib/python3.7/site-packages/airflow/example_dags/example_dag_decorator.py took 0.135 seconds
[2024-07-14T13:53:50.343+0000] {processor.py:154} INFO - Started process (PID=2630) to work on /home/airflow/.local/lib/python3.7/site-packages/airflow/example_dags/example_dag_decorator.py
[2024-07-14T13:53:50.344+0000] {processor.py:756} INFO - Processing file /home/airflow/.local/lib/python3.7/site-packages/airflow/example_dags/example_dag_decorator.py for tasks to queue
[2024-07-14T13:53:50.345+0000] {logging_mixin.py:120} INFO - [2024-07-14T13:53:50.344+0000] {dagbag.py:537} INFO - Filling up the DagBag from /home/airflow/.local/lib/python3.7/site-packages/airflow/example_dags/example_dag_decorator.py
[2024-07-14T13:53:50.354+0000] {logging_mixin.py:120} INFO - [2024-07-14T13:53:50.354+0000] {taskmixin.py:205} WARNING - Dependency <Task(_PythonDecoratedOperator): prepare_email>, send_email already registered for DAG: example_dag_decorator
[2024-07-14T13:53:50.354+0000] {logging_mixin.py:120} INFO - [2024-07-14T13:53:50.354+0000] {taskmixin.py:205} WARNING - Dependency <Task(EmailOperator): send_email>, prepare_email already registered for DAG: example_dag_decorator
[2024-07-14T13:53:50.362+0000] {processor.py:766} INFO - DAG(s) dict_keys(['example_dag_decorator']) retrieved from /home/airflow/.local/lib/python3.7/site-packages/airflow/example_dags/example_dag_decorator.py
[2024-07-14T13:53:50.416+0000] {logging_mixin.py:120} INFO - [2024-07-14T13:53:50.416+0000] {dag.py:2585} INFO - Sync 1 DAGs
[2024-07-14T13:53:50.433+0000] {logging_mixin.py:120} INFO - [2024-07-14T13:53:50.433+0000] {dag.py:3340} INFO - Setting next_dagrun for example_dag_decorator to None, run_after=None
[2024-07-14T13:53:50.451+0000] {processor.py:176} INFO - Processing /home/airflow/.local/lib/python3.7/site-packages/airflow/example_dags/example_dag_decorator.py took 0.110 seconds
[2024-07-14T13:54:20.711+0000] {processor.py:154} INFO - Started process (PID=2695) to work on /home/airflow/.local/lib/python3.7/site-packages/airflow/example_dags/example_dag_decorator.py
[2024-07-14T13:54:20.714+0000] {processor.py:756} INFO - Processing file /home/airflow/.local/lib/python3.7/site-packages/airflow/example_dags/example_dag_decorator.py for tasks to queue
[2024-07-14T13:54:20.715+0000] {logging_mixin.py:120} INFO - [2024-07-14T13:54:20.715+0000] {dagbag.py:537} INFO - Filling up the DagBag from /home/airflow/.local/lib/python3.7/site-packages/airflow/example_dags/example_dag_decorator.py
[2024-07-14T13:54:20.726+0000] {logging_mixin.py:120} INFO - [2024-07-14T13:54:20.726+0000] {taskmixin.py:205} WARNING - Dependency <Task(_PythonDecoratedOperator): prepare_email>, send_email already registered for DAG: example_dag_decorator
[2024-07-14T13:54:20.728+0000] {logging_mixin.py:120} INFO - [2024-07-14T13:54:20.728+0000] {taskmixin.py:205} WARNING - Dependency <Task(EmailOperator): send_email>, prepare_email already registered for DAG: example_dag_decorator
[2024-07-14T13:54:20.741+0000] {processor.py:766} INFO - DAG(s) dict_keys(['example_dag_decorator']) retrieved from /home/airflow/.local/lib/python3.7/site-packages/airflow/example_dags/example_dag_decorator.py
[2024-07-14T13:54:20.798+0000] {logging_mixin.py:120} INFO - [2024-07-14T13:54:20.798+0000] {dag.py:2585} INFO - Sync 1 DAGs
[2024-07-14T13:54:20.822+0000] {logging_mixin.py:120} INFO - [2024-07-14T13:54:20.822+0000] {dag.py:3340} INFO - Setting next_dagrun for example_dag_decorator to None, run_after=None
[2024-07-14T13:54:20.847+0000] {processor.py:176} INFO - Processing /home/airflow/.local/lib/python3.7/site-packages/airflow/example_dags/example_dag_decorator.py took 0.139 seconds
[2024-07-14T13:54:51.130+0000] {processor.py:154} INFO - Started process (PID=2761) to work on /home/airflow/.local/lib/python3.7/site-packages/airflow/example_dags/example_dag_decorator.py
[2024-07-14T13:54:51.130+0000] {processor.py:756} INFO - Processing file /home/airflow/.local/lib/python3.7/site-packages/airflow/example_dags/example_dag_decorator.py for tasks to queue
[2024-07-14T13:54:51.131+0000] {logging_mixin.py:120} INFO - [2024-07-14T13:54:51.131+0000] {dagbag.py:537} INFO - Filling up the DagBag from /home/airflow/.local/lib/python3.7/site-packages/airflow/example_dags/example_dag_decorator.py
[2024-07-14T13:54:51.149+0000] {logging_mixin.py:120} INFO - [2024-07-14T13:54:51.149+0000] {taskmixin.py:205} WARNING - Dependency <Task(_PythonDecoratedOperator): prepare_email>, send_email already registered for DAG: example_dag_decorator
[2024-07-14T13:54:51.150+0000] {logging_mixin.py:120} INFO - [2024-07-14T13:54:51.150+0000] {taskmixin.py:205} WARNING - Dependency <Task(EmailOperator): send_email>, prepare_email already registered for DAG: example_dag_decorator
[2024-07-14T13:54:51.162+0000] {processor.py:766} INFO - DAG(s) dict_keys(['example_dag_decorator']) retrieved from /home/airflow/.local/lib/python3.7/site-packages/airflow/example_dags/example_dag_decorator.py
[2024-07-14T13:54:51.223+0000] {logging_mixin.py:120} INFO - [2024-07-14T13:54:51.223+0000] {dag.py:2585} INFO - Sync 1 DAGs
[2024-07-14T13:54:51.241+0000] {logging_mixin.py:120} INFO - [2024-07-14T13:54:51.241+0000] {dag.py:3340} INFO - Setting next_dagrun for example_dag_decorator to None, run_after=None
[2024-07-14T13:54:51.307+0000] {processor.py:176} INFO - Processing /home/airflow/.local/lib/python3.7/site-packages/airflow/example_dags/example_dag_decorator.py took 0.179 seconds
[2024-07-14T13:55:21.440+0000] {processor.py:154} INFO - Started process (PID=2818) to work on /home/airflow/.local/lib/python3.7/site-packages/airflow/example_dags/example_dag_decorator.py
[2024-07-14T13:55:21.441+0000] {processor.py:756} INFO - Processing file /home/airflow/.local/lib/python3.7/site-packages/airflow/example_dags/example_dag_decorator.py for tasks to queue
[2024-07-14T13:55:21.442+0000] {logging_mixin.py:120} INFO - [2024-07-14T13:55:21.442+0000] {dagbag.py:537} INFO - Filling up the DagBag from /home/airflow/.local/lib/python3.7/site-packages/airflow/example_dags/example_dag_decorator.py
[2024-07-14T13:55:21.455+0000] {logging_mixin.py:120} INFO - [2024-07-14T13:55:21.455+0000] {taskmixin.py:205} WARNING - Dependency <Task(_PythonDecoratedOperator): prepare_email>, send_email already registered for DAG: example_dag_decorator
[2024-07-14T13:55:21.455+0000] {logging_mixin.py:120} INFO - [2024-07-14T13:55:21.455+0000] {taskmixin.py:205} WARNING - Dependency <Task(EmailOperator): send_email>, prepare_email already registered for DAG: example_dag_decorator
[2024-07-14T13:55:21.465+0000] {processor.py:766} INFO - DAG(s) dict_keys(['example_dag_decorator']) retrieved from /home/airflow/.local/lib/python3.7/site-packages/airflow/example_dags/example_dag_decorator.py
[2024-07-14T13:55:21.521+0000] {logging_mixin.py:120} INFO - [2024-07-14T13:55:21.521+0000] {dag.py:2585} INFO - Sync 1 DAGs
[2024-07-14T13:55:21.537+0000] {logging_mixin.py:120} INFO - [2024-07-14T13:55:21.537+0000] {dag.py:3340} INFO - Setting next_dagrun for example_dag_decorator to None, run_after=None
[2024-07-14T13:55:21.552+0000] {processor.py:176} INFO - Processing /home/airflow/.local/lib/python3.7/site-packages/airflow/example_dags/example_dag_decorator.py took 0.115 seconds
[2024-07-14T13:55:52.098+0000] {processor.py:154} INFO - Started process (PID=2885) to work on /home/airflow/.local/lib/python3.7/site-packages/airflow/example_dags/example_dag_decorator.py
[2024-07-14T13:55:52.100+0000] {processor.py:756} INFO - Processing file /home/airflow/.local/lib/python3.7/site-packages/airflow/example_dags/example_dag_decorator.py for tasks to queue
[2024-07-14T13:55:52.102+0000] {logging_mixin.py:120} INFO - [2024-07-14T13:55:52.102+0000] {dagbag.py:537} INFO - Filling up the DagBag from /home/airflow/.local/lib/python3.7/site-packages/airflow/example_dags/example_dag_decorator.py
[2024-07-14T13:55:52.113+0000] {logging_mixin.py:120} INFO - [2024-07-14T13:55:52.113+0000] {taskmixin.py:205} WARNING - Dependency <Task(_PythonDecoratedOperator): prepare_email>, send_email already registered for DAG: example_dag_decorator
[2024-07-14T13:55:52.114+0000] {logging_mixin.py:120} INFO - [2024-07-14T13:55:52.114+0000] {taskmixin.py:205} WARNING - Dependency <Task(EmailOperator): send_email>, prepare_email already registered for DAG: example_dag_decorator
[2024-07-14T13:55:52.123+0000] {processor.py:766} INFO - DAG(s) dict_keys(['example_dag_decorator']) retrieved from /home/airflow/.local/lib/python3.7/site-packages/airflow/example_dags/example_dag_decorator.py
[2024-07-14T13:55:52.178+0000] {logging_mixin.py:120} INFO - [2024-07-14T13:55:52.178+0000] {dag.py:2585} INFO - Sync 1 DAGs
[2024-07-14T13:55:52.204+0000] {logging_mixin.py:120} INFO - [2024-07-14T13:55:52.204+0000] {dag.py:3340} INFO - Setting next_dagrun for example_dag_decorator to None, run_after=None
[2024-07-14T13:55:52.222+0000] {processor.py:176} INFO - Processing /home/airflow/.local/lib/python3.7/site-packages/airflow/example_dags/example_dag_decorator.py took 0.127 seconds
[2024-07-14T14:28:41.189+0000] {processor.py:153} INFO - Started process (PID=68) to work on /home/airflow/.local/lib/python3.7/site-packages/airflow/example_dags/example_dag_decorator.py
[2024-07-14T14:28:41.190+0000] {processor.py:743} INFO - Processing file /home/airflow/.local/lib/python3.7/site-packages/airflow/example_dags/example_dag_decorator.py for tasks to queue
[2024-07-14T14:28:41.191+0000] {logging_mixin.py:137} INFO - [2024-07-14T14:28:41.190+0000] {dagbag.py:538} INFO - Filling up the DagBag from /home/airflow/.local/lib/python3.7/site-packages/airflow/example_dags/example_dag_decorator.py
[2024-07-14T14:28:41.207+0000] {logging_mixin.py:137} INFO - [2024-07-14T14:28:41.207+0000] {taskmixin.py:205} WARNING - Dependency <Task(_PythonDecoratedOperator): prepare_email>, send_email already registered for DAG: example_dag_decorator
[2024-07-14T14:28:41.208+0000] {logging_mixin.py:137} INFO - [2024-07-14T14:28:41.208+0000] {taskmixin.py:205} WARNING - Dependency <Task(EmailOperator): send_email>, prepare_email already registered for DAG: example_dag_decorator
[2024-07-14T14:28:41.224+0000] {processor.py:753} INFO - DAG(s) dict_keys(['example_dag_decorator']) retrieved from /home/airflow/.local/lib/python3.7/site-packages/airflow/example_dags/example_dag_decorator.py
[2024-07-14T14:28:41.235+0000] {logging_mixin.py:137} INFO - [2024-07-14T14:28:41.235+0000] {dag.py:2690} INFO - Sync 1 DAGs
[2024-07-14T14:28:41.259+0000] {logging_mixin.py:137} INFO - [2024-07-14T14:28:41.259+0000] {dag.py:3441} INFO - Setting next_dagrun for example_dag_decorator to None, run_after=None
[2024-07-14T14:28:41.279+0000] {processor.py:175} INFO - Processing /home/airflow/.local/lib/python3.7/site-packages/airflow/example_dags/example_dag_decorator.py took 0.093 seconds
[2024-07-14T14:29:11.536+0000] {processor.py:153} INFO - Started process (PID=200) to work on /home/airflow/.local/lib/python3.7/site-packages/airflow/example_dags/example_dag_decorator.py
[2024-07-14T14:29:11.537+0000] {processor.py:743} INFO - Processing file /home/airflow/.local/lib/python3.7/site-packages/airflow/example_dags/example_dag_decorator.py for tasks to queue
[2024-07-14T14:29:11.539+0000] {logging_mixin.py:137} INFO - [2024-07-14T14:29:11.539+0000] {dagbag.py:538} INFO - Filling up the DagBag from /home/airflow/.local/lib/python3.7/site-packages/airflow/example_dags/example_dag_decorator.py
[2024-07-14T14:29:11.560+0000] {logging_mixin.py:137} INFO - [2024-07-14T14:29:11.560+0000] {taskmixin.py:205} WARNING - Dependency <Task(_PythonDecoratedOperator): prepare_email>, send_email already registered for DAG: example_dag_decorator
[2024-07-14T14:29:11.561+0000] {logging_mixin.py:137} INFO - [2024-07-14T14:29:11.561+0000] {taskmixin.py:205} WARNING - Dependency <Task(EmailOperator): send_email>, prepare_email already registered for DAG: example_dag_decorator
[2024-07-14T14:29:11.568+0000] {processor.py:753} INFO - DAG(s) dict_keys(['example_dag_decorator']) retrieved from /home/airflow/.local/lib/python3.7/site-packages/airflow/example_dags/example_dag_decorator.py
[2024-07-14T14:29:11.630+0000] {logging_mixin.py:137} INFO - [2024-07-14T14:29:11.630+0000] {dag.py:2690} INFO - Sync 1 DAGs
[2024-07-14T14:29:11.646+0000] {logging_mixin.py:137} INFO - [2024-07-14T14:29:11.646+0000] {dag.py:3441} INFO - Setting next_dagrun for example_dag_decorator to None, run_after=None
[2024-07-14T14:29:11.663+0000] {processor.py:175} INFO - Processing /home/airflow/.local/lib/python3.7/site-packages/airflow/example_dags/example_dag_decorator.py took 0.131 seconds
