[2024-07-14T13:33:25.197+0000] {processor.py:154} INFO - Started process (PID=93) to work on /home/airflow/.local/lib/python3.7/site-packages/airflow/example_dags/example_branch_labels.py
[2024-07-14T13:33:25.198+0000] {processor.py:756} INFO - Processing file /home/airflow/.local/lib/python3.7/site-packages/airflow/example_dags/example_branch_labels.py for tasks to queue
[2024-07-14T13:33:25.199+0000] {logging_mixin.py:120} INFO - [2024-07-14T13:33:25.199+0000] {dagbag.py:537} INFO - Filling up the DagBag from /home/airflow/.local/lib/python3.7/site-packages/airflow/example_dags/example_branch_labels.py
[2024-07-14T13:33:25.217+0000] {processor.py:766} INFO - DAG(s) dict_keys(['example_branch_labels']) retrieved from /home/airflow/.local/lib/python3.7/site-packages/airflow/example_dags/example_branch_labels.py
[2024-07-14T13:33:25.267+0000] {logging_mixin.py:120} INFO - [2024-07-14T13:33:25.267+0000] {dag.py:2585} INFO - Sync 1 DAGs
[2024-07-14T13:33:25.302+0000] {logging_mixin.py:120} INFO - [2024-07-14T13:33:25.302+0000] {dag.py:3340} INFO - Setting next_dagrun for example_branch_labels to 2024-07-13T00:00:00+00:00, run_after=2024-07-14T00:00:00+00:00
[2024-07-14T13:33:25.334+0000] {processor.py:176} INFO - Processing /home/airflow/.local/lib/python3.7/site-packages/airflow/example_dags/example_branch_labels.py took 0.143 seconds
[2024-07-14T13:33:56.438+0000] {processor.py:154} INFO - Started process (PID=160) to work on /home/airflow/.local/lib/python3.7/site-packages/airflow/example_dags/example_branch_labels.py
[2024-07-14T13:33:56.439+0000] {processor.py:756} INFO - Processing file /home/airflow/.local/lib/python3.7/site-packages/airflow/example_dags/example_branch_labels.py for tasks to queue
[2024-07-14T13:33:56.440+0000] {logging_mixin.py:120} INFO - [2024-07-14T13:33:56.440+0000] {dagbag.py:537} INFO - Filling up the DagBag from /home/airflow/.local/lib/python3.7/site-packages/airflow/example_dags/example_branch_labels.py
[2024-07-14T13:33:56.455+0000] {processor.py:766} INFO - DAG(s) dict_keys(['example_branch_labels']) retrieved from /home/airflow/.local/lib/python3.7/site-packages/airflow/example_dags/example_branch_labels.py
[2024-07-14T13:33:56.502+0000] {logging_mixin.py:120} INFO - [2024-07-14T13:33:56.502+0000] {dag.py:2585} INFO - Sync 1 DAGs
[2024-07-14T13:33:56.536+0000] {logging_mixin.py:120} INFO - [2024-07-14T13:33:56.536+0000] {dag.py:3340} INFO - Setting next_dagrun for example_branch_labels to 2024-07-13T00:00:00+00:00, run_after=2024-07-14T00:00:00+00:00
[2024-07-14T13:33:56.557+0000] {processor.py:176} INFO - Processing /home/airflow/.local/lib/python3.7/site-packages/airflow/example_dags/example_branch_labels.py took 0.122 seconds
[2024-07-14T13:34:27.115+0000] {processor.py:154} INFO - Started process (PID=218) to work on /home/airflow/.local/lib/python3.7/site-packages/airflow/example_dags/example_branch_labels.py
[2024-07-14T13:34:27.116+0000] {processor.py:756} INFO - Processing file /home/airflow/.local/lib/python3.7/site-packages/airflow/example_dags/example_branch_labels.py for tasks to queue
[2024-07-14T13:34:27.117+0000] {logging_mixin.py:120} INFO - [2024-07-14T13:34:27.116+0000] {dagbag.py:537} INFO - Filling up the DagBag from /home/airflow/.local/lib/python3.7/site-packages/airflow/example_dags/example_branch_labels.py
[2024-07-14T13:34:27.128+0000] {processor.py:766} INFO - DAG(s) dict_keys(['example_branch_labels']) retrieved from /home/airflow/.local/lib/python3.7/site-packages/airflow/example_dags/example_branch_labels.py
[2024-07-14T13:34:27.163+0000] {logging_mixin.py:120} INFO - [2024-07-14T13:34:27.162+0000] {dag.py:2585} INFO - Sync 1 DAGs
[2024-07-14T13:34:27.187+0000] {logging_mixin.py:120} INFO - [2024-07-14T13:34:27.187+0000] {dag.py:3340} INFO - Setting next_dagrun for example_branch_labels to 2024-07-13T00:00:00+00:00, run_after=2024-07-14T00:00:00+00:00
[2024-07-14T13:34:27.217+0000] {processor.py:176} INFO - Processing /home/airflow/.local/lib/python3.7/site-packages/airflow/example_dags/example_branch_labels.py took 0.105 seconds
[2024-07-14T13:34:58.328+0000] {processor.py:154} INFO - Started process (PID=283) to work on /home/airflow/.local/lib/python3.7/site-packages/airflow/example_dags/example_branch_labels.py
[2024-07-14T13:34:58.330+0000] {processor.py:756} INFO - Processing file /home/airflow/.local/lib/python3.7/site-packages/airflow/example_dags/example_branch_labels.py for tasks to queue
[2024-07-14T13:34:58.330+0000] {logging_mixin.py:120} INFO - [2024-07-14T13:34:58.330+0000] {dagbag.py:537} INFO - Filling up the DagBag from /home/airflow/.local/lib/python3.7/site-packages/airflow/example_dags/example_branch_labels.py
[2024-07-14T13:34:58.340+0000] {processor.py:766} INFO - DAG(s) dict_keys(['example_branch_labels']) retrieved from /home/airflow/.local/lib/python3.7/site-packages/airflow/example_dags/example_branch_labels.py
[2024-07-14T13:34:58.367+0000] {logging_mixin.py:120} INFO - [2024-07-14T13:34:58.367+0000] {dag.py:2585} INFO - Sync 1 DAGs
[2024-07-14T13:34:58.386+0000] {logging_mixin.py:120} INFO - [2024-07-14T13:34:58.386+0000] {dag.py:3340} INFO - Setting next_dagrun for example_branch_labels to 2024-07-13T00:00:00+00:00, run_after=2024-07-14T00:00:00+00:00
[2024-07-14T13:34:58.405+0000] {processor.py:176} INFO - Processing /home/airflow/.local/lib/python3.7/site-packages/airflow/example_dags/example_branch_labels.py took 0.078 seconds
[2024-07-14T13:35:29.072+0000] {processor.py:154} INFO - Started process (PID=348) to work on /home/airflow/.local/lib/python3.7/site-packages/airflow/example_dags/example_branch_labels.py
[2024-07-14T13:35:29.073+0000] {processor.py:756} INFO - Processing file /home/airflow/.local/lib/python3.7/site-packages/airflow/example_dags/example_branch_labels.py for tasks to queue
[2024-07-14T13:35:29.074+0000] {logging_mixin.py:120} INFO - [2024-07-14T13:35:29.074+0000] {dagbag.py:537} INFO - Filling up the DagBag from /home/airflow/.local/lib/python3.7/site-packages/airflow/example_dags/example_branch_labels.py
[2024-07-14T13:35:29.084+0000] {processor.py:766} INFO - DAG(s) dict_keys(['example_branch_labels']) retrieved from /home/airflow/.local/lib/python3.7/site-packages/airflow/example_dags/example_branch_labels.py
[2024-07-14T13:35:29.110+0000] {logging_mixin.py:120} INFO - [2024-07-14T13:35:29.110+0000] {dag.py:2585} INFO - Sync 1 DAGs
[2024-07-14T13:35:29.128+0000] {logging_mixin.py:120} INFO - [2024-07-14T13:35:29.128+0000] {dag.py:3340} INFO - Setting next_dagrun for example_branch_labels to 2024-07-13T00:00:00+00:00, run_after=2024-07-14T00:00:00+00:00
[2024-07-14T13:35:29.144+0000] {processor.py:176} INFO - Processing /home/airflow/.local/lib/python3.7/site-packages/airflow/example_dags/example_branch_labels.py took 0.074 seconds
[2024-07-14T13:35:59.334+0000] {processor.py:154} INFO - Started process (PID=414) to work on /home/airflow/.local/lib/python3.7/site-packages/airflow/example_dags/example_branch_labels.py
[2024-07-14T13:35:59.335+0000] {processor.py:756} INFO - Processing file /home/airflow/.local/lib/python3.7/site-packages/airflow/example_dags/example_branch_labels.py for tasks to queue
[2024-07-14T13:35:59.336+0000] {logging_mixin.py:120} INFO - [2024-07-14T13:35:59.336+0000] {dagbag.py:537} INFO - Filling up the DagBag from /home/airflow/.local/lib/python3.7/site-packages/airflow/example_dags/example_branch_labels.py
[2024-07-14T13:35:59.346+0000] {processor.py:766} INFO - DAG(s) dict_keys(['example_branch_labels']) retrieved from /home/airflow/.local/lib/python3.7/site-packages/airflow/example_dags/example_branch_labels.py
[2024-07-14T13:35:59.372+0000] {logging_mixin.py:120} INFO - [2024-07-14T13:35:59.372+0000] {dag.py:2585} INFO - Sync 1 DAGs
[2024-07-14T13:35:59.392+0000] {logging_mixin.py:120} INFO - [2024-07-14T13:35:59.392+0000] {dag.py:3340} INFO - Setting next_dagrun for example_branch_labels to 2024-07-13T00:00:00+00:00, run_after=2024-07-14T00:00:00+00:00
[2024-07-14T13:35:59.406+0000] {processor.py:176} INFO - Processing /home/airflow/.local/lib/python3.7/site-packages/airflow/example_dags/example_branch_labels.py took 0.074 seconds
[2024-07-14T13:36:30.124+0000] {processor.py:154} INFO - Started process (PID=478) to work on /home/airflow/.local/lib/python3.7/site-packages/airflow/example_dags/example_branch_labels.py
[2024-07-14T13:36:30.125+0000] {processor.py:756} INFO - Processing file /home/airflow/.local/lib/python3.7/site-packages/airflow/example_dags/example_branch_labels.py for tasks to queue
[2024-07-14T13:36:30.126+0000] {logging_mixin.py:120} INFO - [2024-07-14T13:36:30.126+0000] {dagbag.py:537} INFO - Filling up the DagBag from /home/airflow/.local/lib/python3.7/site-packages/airflow/example_dags/example_branch_labels.py
[2024-07-14T13:36:30.135+0000] {processor.py:766} INFO - DAG(s) dict_keys(['example_branch_labels']) retrieved from /home/airflow/.local/lib/python3.7/site-packages/airflow/example_dags/example_branch_labels.py
[2024-07-14T13:36:30.165+0000] {logging_mixin.py:120} INFO - [2024-07-14T13:36:30.165+0000] {dag.py:2585} INFO - Sync 1 DAGs
[2024-07-14T13:36:30.183+0000] {logging_mixin.py:120} INFO - [2024-07-14T13:36:30.182+0000] {dag.py:3340} INFO - Setting next_dagrun for example_branch_labels to 2024-07-13T00:00:00+00:00, run_after=2024-07-14T00:00:00+00:00
[2024-07-14T13:36:30.198+0000] {processor.py:176} INFO - Processing /home/airflow/.local/lib/python3.7/site-packages/airflow/example_dags/example_branch_labels.py took 0.076 seconds
[2024-07-14T13:37:00.831+0000] {processor.py:154} INFO - Started process (PID=537) to work on /home/airflow/.local/lib/python3.7/site-packages/airflow/example_dags/example_branch_labels.py
[2024-07-14T13:37:00.831+0000] {processor.py:756} INFO - Processing file /home/airflow/.local/lib/python3.7/site-packages/airflow/example_dags/example_branch_labels.py for tasks to queue
[2024-07-14T13:37:00.832+0000] {logging_mixin.py:120} INFO - [2024-07-14T13:37:00.832+0000] {dagbag.py:537} INFO - Filling up the DagBag from /home/airflow/.local/lib/python3.7/site-packages/airflow/example_dags/example_branch_labels.py
[2024-07-14T13:37:00.842+0000] {processor.py:766} INFO - DAG(s) dict_keys(['example_branch_labels']) retrieved from /home/airflow/.local/lib/python3.7/site-packages/airflow/example_dags/example_branch_labels.py
[2024-07-14T13:37:00.871+0000] {logging_mixin.py:120} INFO - [2024-07-14T13:37:00.871+0000] {dag.py:2585} INFO - Sync 1 DAGs
[2024-07-14T13:37:00.888+0000] {logging_mixin.py:120} INFO - [2024-07-14T13:37:00.888+0000] {dag.py:3340} INFO - Setting next_dagrun for example_branch_labels to 2024-07-13T00:00:00+00:00, run_after=2024-07-14T00:00:00+00:00
[2024-07-14T13:37:00.901+0000] {processor.py:176} INFO - Processing /home/airflow/.local/lib/python3.7/site-packages/airflow/example_dags/example_branch_labels.py took 0.073 seconds
[2024-07-14T13:37:31.025+0000] {processor.py:154} INFO - Started process (PID=603) to work on /home/airflow/.local/lib/python3.7/site-packages/airflow/example_dags/example_branch_labels.py
[2024-07-14T13:37:31.026+0000] {processor.py:756} INFO - Processing file /home/airflow/.local/lib/python3.7/site-packages/airflow/example_dags/example_branch_labels.py for tasks to queue
[2024-07-14T13:37:31.026+0000] {logging_mixin.py:120} INFO - [2024-07-14T13:37:31.026+0000] {dagbag.py:537} INFO - Filling up the DagBag from /home/airflow/.local/lib/python3.7/site-packages/airflow/example_dags/example_branch_labels.py
[2024-07-14T13:37:31.036+0000] {processor.py:766} INFO - DAG(s) dict_keys(['example_branch_labels']) retrieved from /home/airflow/.local/lib/python3.7/site-packages/airflow/example_dags/example_branch_labels.py
[2024-07-14T13:37:31.062+0000] {logging_mixin.py:120} INFO - [2024-07-14T13:37:31.062+0000] {dag.py:2585} INFO - Sync 1 DAGs
[2024-07-14T13:37:31.084+0000] {logging_mixin.py:120} INFO - [2024-07-14T13:37:31.084+0000] {dag.py:3340} INFO - Setting next_dagrun for example_branch_labels to 2024-07-13T00:00:00+00:00, run_after=2024-07-14T00:00:00+00:00
[2024-07-14T13:37:31.100+0000] {processor.py:176} INFO - Processing /home/airflow/.local/lib/python3.7/site-packages/airflow/example_dags/example_branch_labels.py took 0.077 seconds
[2024-07-14T13:38:02.095+0000] {processor.py:154} INFO - Started process (PID=669) to work on /home/airflow/.local/lib/python3.7/site-packages/airflow/example_dags/example_branch_labels.py
[2024-07-14T13:38:02.097+0000] {processor.py:756} INFO - Processing file /home/airflow/.local/lib/python3.7/site-packages/airflow/example_dags/example_branch_labels.py for tasks to queue
[2024-07-14T13:38:02.098+0000] {logging_mixin.py:120} INFO - [2024-07-14T13:38:02.098+0000] {dagbag.py:537} INFO - Filling up the DagBag from /home/airflow/.local/lib/python3.7/site-packages/airflow/example_dags/example_branch_labels.py
[2024-07-14T13:38:02.114+0000] {processor.py:766} INFO - DAG(s) dict_keys(['example_branch_labels']) retrieved from /home/airflow/.local/lib/python3.7/site-packages/airflow/example_dags/example_branch_labels.py
[2024-07-14T13:38:02.140+0000] {logging_mixin.py:120} INFO - [2024-07-14T13:38:02.140+0000] {dag.py:2585} INFO - Sync 1 DAGs
[2024-07-14T13:38:02.159+0000] {logging_mixin.py:120} INFO - [2024-07-14T13:38:02.159+0000] {dag.py:3340} INFO - Setting next_dagrun for example_branch_labels to 2024-07-13T00:00:00+00:00, run_after=2024-07-14T00:00:00+00:00
[2024-07-14T13:38:02.176+0000] {processor.py:176} INFO - Processing /home/airflow/.local/lib/python3.7/site-packages/airflow/example_dags/example_branch_labels.py took 0.082 seconds
[2024-07-14T13:38:32.586+0000] {processor.py:154} INFO - Started process (PID=735) to work on /home/airflow/.local/lib/python3.7/site-packages/airflow/example_dags/example_branch_labels.py
[2024-07-14T13:38:32.587+0000] {processor.py:756} INFO - Processing file /home/airflow/.local/lib/python3.7/site-packages/airflow/example_dags/example_branch_labels.py for tasks to queue
[2024-07-14T13:38:32.588+0000] {logging_mixin.py:120} INFO - [2024-07-14T13:38:32.588+0000] {dagbag.py:537} INFO - Filling up the DagBag from /home/airflow/.local/lib/python3.7/site-packages/airflow/example_dags/example_branch_labels.py
[2024-07-14T13:38:32.601+0000] {processor.py:766} INFO - DAG(s) dict_keys(['example_branch_labels']) retrieved from /home/airflow/.local/lib/python3.7/site-packages/airflow/example_dags/example_branch_labels.py
[2024-07-14T13:38:32.630+0000] {logging_mixin.py:120} INFO - [2024-07-14T13:38:32.630+0000] {dag.py:2585} INFO - Sync 1 DAGs
[2024-07-14T13:38:32.647+0000] {logging_mixin.py:120} INFO - [2024-07-14T13:38:32.647+0000] {dag.py:3340} INFO - Setting next_dagrun for example_branch_labels to 2024-07-13T00:00:00+00:00, run_after=2024-07-14T00:00:00+00:00
[2024-07-14T13:38:32.664+0000] {processor.py:176} INFO - Processing /home/airflow/.local/lib/python3.7/site-packages/airflow/example_dags/example_branch_labels.py took 0.080 seconds
[2024-07-14T13:39:03.015+0000] {processor.py:154} INFO - Started process (PID=792) to work on /home/airflow/.local/lib/python3.7/site-packages/airflow/example_dags/example_branch_labels.py
[2024-07-14T13:39:03.016+0000] {processor.py:756} INFO - Processing file /home/airflow/.local/lib/python3.7/site-packages/airflow/example_dags/example_branch_labels.py for tasks to queue
[2024-07-14T13:39:03.016+0000] {logging_mixin.py:120} INFO - [2024-07-14T13:39:03.016+0000] {dagbag.py:537} INFO - Filling up the DagBag from /home/airflow/.local/lib/python3.7/site-packages/airflow/example_dags/example_branch_labels.py
[2024-07-14T13:39:03.026+0000] {processor.py:766} INFO - DAG(s) dict_keys(['example_branch_labels']) retrieved from /home/airflow/.local/lib/python3.7/site-packages/airflow/example_dags/example_branch_labels.py
[2024-07-14T13:39:03.053+0000] {logging_mixin.py:120} INFO - [2024-07-14T13:39:03.053+0000] {dag.py:2585} INFO - Sync 1 DAGs
[2024-07-14T13:39:03.071+0000] {logging_mixin.py:120} INFO - [2024-07-14T13:39:03.071+0000] {dag.py:3340} INFO - Setting next_dagrun for example_branch_labels to 2024-07-13T00:00:00+00:00, run_after=2024-07-14T00:00:00+00:00
[2024-07-14T13:39:03.085+0000] {processor.py:176} INFO - Processing /home/airflow/.local/lib/python3.7/site-packages/airflow/example_dags/example_branch_labels.py took 0.072 seconds
[2024-07-14T13:39:33.724+0000] {processor.py:154} INFO - Started process (PID=856) to work on /home/airflow/.local/lib/python3.7/site-packages/airflow/example_dags/example_branch_labels.py
[2024-07-14T13:39:33.725+0000] {processor.py:756} INFO - Processing file /home/airflow/.local/lib/python3.7/site-packages/airflow/example_dags/example_branch_labels.py for tasks to queue
[2024-07-14T13:39:33.726+0000] {logging_mixin.py:120} INFO - [2024-07-14T13:39:33.726+0000] {dagbag.py:537} INFO - Filling up the DagBag from /home/airflow/.local/lib/python3.7/site-packages/airflow/example_dags/example_branch_labels.py
[2024-07-14T13:39:33.736+0000] {processor.py:766} INFO - DAG(s) dict_keys(['example_branch_labels']) retrieved from /home/airflow/.local/lib/python3.7/site-packages/airflow/example_dags/example_branch_labels.py
[2024-07-14T13:39:33.765+0000] {logging_mixin.py:120} INFO - [2024-07-14T13:39:33.765+0000] {dag.py:2585} INFO - Sync 1 DAGs
[2024-07-14T13:39:33.783+0000] {logging_mixin.py:120} INFO - [2024-07-14T13:39:33.783+0000] {dag.py:3340} INFO - Setting next_dagrun for example_branch_labels to 2024-07-13T00:00:00+00:00, run_after=2024-07-14T00:00:00+00:00
[2024-07-14T13:39:33.799+0000] {processor.py:176} INFO - Processing /home/airflow/.local/lib/python3.7/site-packages/airflow/example_dags/example_branch_labels.py took 0.077 seconds
[2024-07-14T13:40:04.492+0000] {processor.py:154} INFO - Started process (PID=922) to work on /home/airflow/.local/lib/python3.7/site-packages/airflow/example_dags/example_branch_labels.py
[2024-07-14T13:40:04.492+0000] {processor.py:756} INFO - Processing file /home/airflow/.local/lib/python3.7/site-packages/airflow/example_dags/example_branch_labels.py for tasks to queue
[2024-07-14T13:40:04.493+0000] {logging_mixin.py:120} INFO - [2024-07-14T13:40:04.493+0000] {dagbag.py:537} INFO - Filling up the DagBag from /home/airflow/.local/lib/python3.7/site-packages/airflow/example_dags/example_branch_labels.py
[2024-07-14T13:40:04.504+0000] {processor.py:766} INFO - DAG(s) dict_keys(['example_branch_labels']) retrieved from /home/airflow/.local/lib/python3.7/site-packages/airflow/example_dags/example_branch_labels.py
[2024-07-14T13:40:04.531+0000] {logging_mixin.py:120} INFO - [2024-07-14T13:40:04.531+0000] {dag.py:2585} INFO - Sync 1 DAGs
[2024-07-14T13:40:04.550+0000] {logging_mixin.py:120} INFO - [2024-07-14T13:40:04.549+0000] {dag.py:3340} INFO - Setting next_dagrun for example_branch_labels to 2024-07-13T00:00:00+00:00, run_after=2024-07-14T00:00:00+00:00
[2024-07-14T13:40:04.563+0000] {processor.py:176} INFO - Processing /home/airflow/.local/lib/python3.7/site-packages/airflow/example_dags/example_branch_labels.py took 0.074 seconds
[2024-07-14T13:40:35.257+0000] {processor.py:154} INFO - Started process (PID=988) to work on /home/airflow/.local/lib/python3.7/site-packages/airflow/example_dags/example_branch_labels.py
[2024-07-14T13:40:35.258+0000] {processor.py:756} INFO - Processing file /home/airflow/.local/lib/python3.7/site-packages/airflow/example_dags/example_branch_labels.py for tasks to queue
[2024-07-14T13:40:35.259+0000] {logging_mixin.py:120} INFO - [2024-07-14T13:40:35.259+0000] {dagbag.py:537} INFO - Filling up the DagBag from /home/airflow/.local/lib/python3.7/site-packages/airflow/example_dags/example_branch_labels.py
[2024-07-14T13:40:35.270+0000] {processor.py:766} INFO - DAG(s) dict_keys(['example_branch_labels']) retrieved from /home/airflow/.local/lib/python3.7/site-packages/airflow/example_dags/example_branch_labels.py
[2024-07-14T13:40:35.299+0000] {logging_mixin.py:120} INFO - [2024-07-14T13:40:35.299+0000] {dag.py:2585} INFO - Sync 1 DAGs
[2024-07-14T13:40:35.318+0000] {logging_mixin.py:120} INFO - [2024-07-14T13:40:35.317+0000] {dag.py:3340} INFO - Setting next_dagrun for example_branch_labels to 2024-07-13T00:00:00+00:00, run_after=2024-07-14T00:00:00+00:00
[2024-07-14T13:40:35.336+0000] {processor.py:176} INFO - Processing /home/airflow/.local/lib/python3.7/site-packages/airflow/example_dags/example_branch_labels.py took 0.081 seconds
[2024-07-14T13:41:05.775+0000] {processor.py:154} INFO - Started process (PID=1045) to work on /home/airflow/.local/lib/python3.7/site-packages/airflow/example_dags/example_branch_labels.py
[2024-07-14T13:41:05.776+0000] {processor.py:756} INFO - Processing file /home/airflow/.local/lib/python3.7/site-packages/airflow/example_dags/example_branch_labels.py for tasks to queue
[2024-07-14T13:41:05.777+0000] {logging_mixin.py:120} INFO - [2024-07-14T13:41:05.777+0000] {dagbag.py:537} INFO - Filling up the DagBag from /home/airflow/.local/lib/python3.7/site-packages/airflow/example_dags/example_branch_labels.py
[2024-07-14T13:41:05.790+0000] {processor.py:766} INFO - DAG(s) dict_keys(['example_branch_labels']) retrieved from /home/airflow/.local/lib/python3.7/site-packages/airflow/example_dags/example_branch_labels.py
[2024-07-14T13:41:05.817+0000] {logging_mixin.py:120} INFO - [2024-07-14T13:41:05.817+0000] {dag.py:2585} INFO - Sync 1 DAGs
[2024-07-14T13:41:05.835+0000] {logging_mixin.py:120} INFO - [2024-07-14T13:41:05.834+0000] {dag.py:3340} INFO - Setting next_dagrun for example_branch_labels to 2024-07-13T00:00:00+00:00, run_after=2024-07-14T00:00:00+00:00
[2024-07-14T13:41:05.852+0000] {processor.py:176} INFO - Processing /home/airflow/.local/lib/python3.7/site-packages/airflow/example_dags/example_branch_labels.py took 0.079 seconds
[2024-07-14T13:41:36.018+0000] {processor.py:154} INFO - Started process (PID=1111) to work on /home/airflow/.local/lib/python3.7/site-packages/airflow/example_dags/example_branch_labels.py
[2024-07-14T13:41:36.020+0000] {processor.py:756} INFO - Processing file /home/airflow/.local/lib/python3.7/site-packages/airflow/example_dags/example_branch_labels.py for tasks to queue
[2024-07-14T13:41:36.020+0000] {logging_mixin.py:120} INFO - [2024-07-14T13:41:36.020+0000] {dagbag.py:537} INFO - Filling up the DagBag from /home/airflow/.local/lib/python3.7/site-packages/airflow/example_dags/example_branch_labels.py
[2024-07-14T13:41:36.031+0000] {processor.py:766} INFO - DAG(s) dict_keys(['example_branch_labels']) retrieved from /home/airflow/.local/lib/python3.7/site-packages/airflow/example_dags/example_branch_labels.py
[2024-07-14T13:41:36.059+0000] {logging_mixin.py:120} INFO - [2024-07-14T13:41:36.059+0000] {dag.py:2585} INFO - Sync 1 DAGs
[2024-07-14T13:41:36.077+0000] {logging_mixin.py:120} INFO - [2024-07-14T13:41:36.077+0000] {dag.py:3340} INFO - Setting next_dagrun for example_branch_labels to 2024-07-13T00:00:00+00:00, run_after=2024-07-14T00:00:00+00:00
[2024-07-14T13:41:36.093+0000] {processor.py:176} INFO - Processing /home/airflow/.local/lib/python3.7/site-packages/airflow/example_dags/example_branch_labels.py took 0.077 seconds
[2024-07-14T13:42:06.745+0000] {processor.py:154} INFO - Started process (PID=1177) to work on /home/airflow/.local/lib/python3.7/site-packages/airflow/example_dags/example_branch_labels.py
[2024-07-14T13:42:06.746+0000] {processor.py:756} INFO - Processing file /home/airflow/.local/lib/python3.7/site-packages/airflow/example_dags/example_branch_labels.py for tasks to queue
[2024-07-14T13:42:06.747+0000] {logging_mixin.py:120} INFO - [2024-07-14T13:42:06.747+0000] {dagbag.py:537} INFO - Filling up the DagBag from /home/airflow/.local/lib/python3.7/site-packages/airflow/example_dags/example_branch_labels.py
[2024-07-14T13:42:06.759+0000] {processor.py:766} INFO - DAG(s) dict_keys(['example_branch_labels']) retrieved from /home/airflow/.local/lib/python3.7/site-packages/airflow/example_dags/example_branch_labels.py
[2024-07-14T13:42:06.786+0000] {logging_mixin.py:120} INFO - [2024-07-14T13:42:06.786+0000] {dag.py:2585} INFO - Sync 1 DAGs
[2024-07-14T13:42:06.806+0000] {logging_mixin.py:120} INFO - [2024-07-14T13:42:06.806+0000] {dag.py:3340} INFO - Setting next_dagrun for example_branch_labels to 2024-07-13T00:00:00+00:00, run_after=2024-07-14T00:00:00+00:00
[2024-07-14T13:42:06.820+0000] {processor.py:176} INFO - Processing /home/airflow/.local/lib/python3.7/site-packages/airflow/example_dags/example_branch_labels.py took 0.078 seconds
[2024-07-14T13:42:37.360+0000] {processor.py:154} INFO - Started process (PID=1243) to work on /home/airflow/.local/lib/python3.7/site-packages/airflow/example_dags/example_branch_labels.py
[2024-07-14T13:42:37.361+0000] {processor.py:756} INFO - Processing file /home/airflow/.local/lib/python3.7/site-packages/airflow/example_dags/example_branch_labels.py for tasks to queue
[2024-07-14T13:42:37.362+0000] {logging_mixin.py:120} INFO - [2024-07-14T13:42:37.362+0000] {dagbag.py:537} INFO - Filling up the DagBag from /home/airflow/.local/lib/python3.7/site-packages/airflow/example_dags/example_branch_labels.py
[2024-07-14T13:42:37.372+0000] {processor.py:766} INFO - DAG(s) dict_keys(['example_branch_labels']) retrieved from /home/airflow/.local/lib/python3.7/site-packages/airflow/example_dags/example_branch_labels.py
[2024-07-14T13:42:37.399+0000] {logging_mixin.py:120} INFO - [2024-07-14T13:42:37.399+0000] {dag.py:2585} INFO - Sync 1 DAGs
[2024-07-14T13:42:37.415+0000] {logging_mixin.py:120} INFO - [2024-07-14T13:42:37.415+0000] {dag.py:3340} INFO - Setting next_dagrun for example_branch_labels to 2024-07-13T00:00:00+00:00, run_after=2024-07-14T00:00:00+00:00
[2024-07-14T13:42:37.430+0000] {processor.py:176} INFO - Processing /home/airflow/.local/lib/python3.7/site-packages/airflow/example_dags/example_branch_labels.py took 0.072 seconds
[2024-07-14T13:43:08.513+0000] {processor.py:154} INFO - Started process (PID=1310) to work on /home/airflow/.local/lib/python3.7/site-packages/airflow/example_dags/example_branch_labels.py
[2024-07-14T13:43:08.513+0000] {processor.py:756} INFO - Processing file /home/airflow/.local/lib/python3.7/site-packages/airflow/example_dags/example_branch_labels.py for tasks to queue
[2024-07-14T13:43:08.514+0000] {logging_mixin.py:120} INFO - [2024-07-14T13:43:08.514+0000] {dagbag.py:537} INFO - Filling up the DagBag from /home/airflow/.local/lib/python3.7/site-packages/airflow/example_dags/example_branch_labels.py
[2024-07-14T13:43:08.524+0000] {processor.py:766} INFO - DAG(s) dict_keys(['example_branch_labels']) retrieved from /home/airflow/.local/lib/python3.7/site-packages/airflow/example_dags/example_branch_labels.py
[2024-07-14T13:43:08.554+0000] {logging_mixin.py:120} INFO - [2024-07-14T13:43:08.554+0000] {dag.py:2585} INFO - Sync 1 DAGs
[2024-07-14T13:43:08.585+0000] {logging_mixin.py:120} INFO - [2024-07-14T13:43:08.585+0000] {dag.py:3340} INFO - Setting next_dagrun for example_branch_labels to 2024-07-13T00:00:00+00:00, run_after=2024-07-14T00:00:00+00:00
[2024-07-14T13:43:08.619+0000] {processor.py:176} INFO - Processing /home/airflow/.local/lib/python3.7/site-packages/airflow/example_dags/example_branch_labels.py took 0.108 seconds
[2024-07-14T13:43:39.184+0000] {processor.py:154} INFO - Started process (PID=1367) to work on /home/airflow/.local/lib/python3.7/site-packages/airflow/example_dags/example_branch_labels.py
[2024-07-14T13:43:39.184+0000] {processor.py:756} INFO - Processing file /home/airflow/.local/lib/python3.7/site-packages/airflow/example_dags/example_branch_labels.py for tasks to queue
[2024-07-14T13:43:39.185+0000] {logging_mixin.py:120} INFO - [2024-07-14T13:43:39.185+0000] {dagbag.py:537} INFO - Filling up the DagBag from /home/airflow/.local/lib/python3.7/site-packages/airflow/example_dags/example_branch_labels.py
[2024-07-14T13:43:39.199+0000] {processor.py:766} INFO - DAG(s) dict_keys(['example_branch_labels']) retrieved from /home/airflow/.local/lib/python3.7/site-packages/airflow/example_dags/example_branch_labels.py
[2024-07-14T13:43:39.232+0000] {logging_mixin.py:120} INFO - [2024-07-14T13:43:39.232+0000] {dag.py:2585} INFO - Sync 1 DAGs
[2024-07-14T13:43:39.250+0000] {logging_mixin.py:120} INFO - [2024-07-14T13:43:39.250+0000] {dag.py:3340} INFO - Setting next_dagrun for example_branch_labels to 2024-07-13T00:00:00+00:00, run_after=2024-07-14T00:00:00+00:00
[2024-07-14T13:43:39.270+0000] {processor.py:176} INFO - Processing /home/airflow/.local/lib/python3.7/site-packages/airflow/example_dags/example_branch_labels.py took 0.089 seconds
[2024-07-14T13:44:09.769+0000] {processor.py:154} INFO - Started process (PID=1432) to work on /home/airflow/.local/lib/python3.7/site-packages/airflow/example_dags/example_branch_labels.py
[2024-07-14T13:44:09.772+0000] {processor.py:756} INFO - Processing file /home/airflow/.local/lib/python3.7/site-packages/airflow/example_dags/example_branch_labels.py for tasks to queue
[2024-07-14T13:44:09.773+0000] {logging_mixin.py:120} INFO - [2024-07-14T13:44:09.773+0000] {dagbag.py:537} INFO - Filling up the DagBag from /home/airflow/.local/lib/python3.7/site-packages/airflow/example_dags/example_branch_labels.py
[2024-07-14T13:44:09.782+0000] {processor.py:766} INFO - DAG(s) dict_keys(['example_branch_labels']) retrieved from /home/airflow/.local/lib/python3.7/site-packages/airflow/example_dags/example_branch_labels.py
[2024-07-14T13:44:09.807+0000] {logging_mixin.py:120} INFO - [2024-07-14T13:44:09.807+0000] {dag.py:2585} INFO - Sync 1 DAGs
[2024-07-14T13:44:09.829+0000] {logging_mixin.py:120} INFO - [2024-07-14T13:44:09.828+0000] {dag.py:3340} INFO - Setting next_dagrun for example_branch_labels to 2024-07-13T00:00:00+00:00, run_after=2024-07-14T00:00:00+00:00
[2024-07-14T13:44:09.845+0000] {processor.py:176} INFO - Processing /home/airflow/.local/lib/python3.7/site-packages/airflow/example_dags/example_branch_labels.py took 0.079 seconds
[2024-07-14T13:44:40.672+0000] {processor.py:154} INFO - Started process (PID=1497) to work on /home/airflow/.local/lib/python3.7/site-packages/airflow/example_dags/example_branch_labels.py
[2024-07-14T13:44:40.673+0000] {processor.py:756} INFO - Processing file /home/airflow/.local/lib/python3.7/site-packages/airflow/example_dags/example_branch_labels.py for tasks to queue
[2024-07-14T13:44:40.673+0000] {logging_mixin.py:120} INFO - [2024-07-14T13:44:40.673+0000] {dagbag.py:537} INFO - Filling up the DagBag from /home/airflow/.local/lib/python3.7/site-packages/airflow/example_dags/example_branch_labels.py
[2024-07-14T13:44:40.684+0000] {processor.py:766} INFO - DAG(s) dict_keys(['example_branch_labels']) retrieved from /home/airflow/.local/lib/python3.7/site-packages/airflow/example_dags/example_branch_labels.py
[2024-07-14T13:44:40.719+0000] {logging_mixin.py:120} INFO - [2024-07-14T13:44:40.719+0000] {dag.py:2585} INFO - Sync 1 DAGs
[2024-07-14T13:44:40.739+0000] {logging_mixin.py:120} INFO - [2024-07-14T13:44:40.739+0000] {dag.py:3340} INFO - Setting next_dagrun for example_branch_labels to 2024-07-13T00:00:00+00:00, run_after=2024-07-14T00:00:00+00:00
[2024-07-14T13:44:40.758+0000] {processor.py:176} INFO - Processing /home/airflow/.local/lib/python3.7/site-packages/airflow/example_dags/example_branch_labels.py took 0.088 seconds
[2024-07-14T13:45:11.388+0000] {processor.py:154} INFO - Started process (PID=1562) to work on /home/airflow/.local/lib/python3.7/site-packages/airflow/example_dags/example_branch_labels.py
[2024-07-14T13:45:11.389+0000] {processor.py:756} INFO - Processing file /home/airflow/.local/lib/python3.7/site-packages/airflow/example_dags/example_branch_labels.py for tasks to queue
[2024-07-14T13:45:11.390+0000] {logging_mixin.py:120} INFO - [2024-07-14T13:45:11.390+0000] {dagbag.py:537} INFO - Filling up the DagBag from /home/airflow/.local/lib/python3.7/site-packages/airflow/example_dags/example_branch_labels.py
[2024-07-14T13:45:11.401+0000] {processor.py:766} INFO - DAG(s) dict_keys(['example_branch_labels']) retrieved from /home/airflow/.local/lib/python3.7/site-packages/airflow/example_dags/example_branch_labels.py
[2024-07-14T13:45:11.431+0000] {logging_mixin.py:120} INFO - [2024-07-14T13:45:11.431+0000] {dag.py:2585} INFO - Sync 1 DAGs
[2024-07-14T13:45:11.457+0000] {logging_mixin.py:120} INFO - [2024-07-14T13:45:11.457+0000] {dag.py:3340} INFO - Setting next_dagrun for example_branch_labels to 2024-07-13T00:00:00+00:00, run_after=2024-07-14T00:00:00+00:00
[2024-07-14T13:45:11.479+0000] {processor.py:176} INFO - Processing /home/airflow/.local/lib/python3.7/site-packages/airflow/example_dags/example_branch_labels.py took 0.093 seconds
[2024-07-14T13:45:42.429+0000] {processor.py:154} INFO - Started process (PID=1626) to work on /home/airflow/.local/lib/python3.7/site-packages/airflow/example_dags/example_branch_labels.py
[2024-07-14T13:45:42.430+0000] {processor.py:756} INFO - Processing file /home/airflow/.local/lib/python3.7/site-packages/airflow/example_dags/example_branch_labels.py for tasks to queue
[2024-07-14T13:45:42.431+0000] {logging_mixin.py:120} INFO - [2024-07-14T13:45:42.431+0000] {dagbag.py:537} INFO - Filling up the DagBag from /home/airflow/.local/lib/python3.7/site-packages/airflow/example_dags/example_branch_labels.py
[2024-07-14T13:45:42.442+0000] {processor.py:766} INFO - DAG(s) dict_keys(['example_branch_labels']) retrieved from /home/airflow/.local/lib/python3.7/site-packages/airflow/example_dags/example_branch_labels.py
[2024-07-14T13:45:42.469+0000] {logging_mixin.py:120} INFO - [2024-07-14T13:45:42.469+0000] {dag.py:2585} INFO - Sync 1 DAGs
[2024-07-14T13:45:42.486+0000] {logging_mixin.py:120} INFO - [2024-07-14T13:45:42.486+0000] {dag.py:3340} INFO - Setting next_dagrun for example_branch_labels to 2024-07-13T00:00:00+00:00, run_after=2024-07-14T00:00:00+00:00
[2024-07-14T13:45:42.518+0000] {processor.py:176} INFO - Processing /home/airflow/.local/lib/python3.7/site-packages/airflow/example_dags/example_branch_labels.py took 0.091 seconds
[2024-07-14T13:46:13.208+0000] {processor.py:154} INFO - Started process (PID=1682) to work on /home/airflow/.local/lib/python3.7/site-packages/airflow/example_dags/example_branch_labels.py
[2024-07-14T13:46:13.208+0000] {processor.py:756} INFO - Processing file /home/airflow/.local/lib/python3.7/site-packages/airflow/example_dags/example_branch_labels.py for tasks to queue
[2024-07-14T13:46:13.209+0000] {logging_mixin.py:120} INFO - [2024-07-14T13:46:13.209+0000] {dagbag.py:537} INFO - Filling up the DagBag from /home/airflow/.local/lib/python3.7/site-packages/airflow/example_dags/example_branch_labels.py
[2024-07-14T13:46:13.219+0000] {processor.py:766} INFO - DAG(s) dict_keys(['example_branch_labels']) retrieved from /home/airflow/.local/lib/python3.7/site-packages/airflow/example_dags/example_branch_labels.py
[2024-07-14T13:46:13.248+0000] {logging_mixin.py:120} INFO - [2024-07-14T13:46:13.247+0000] {dag.py:2585} INFO - Sync 1 DAGs
[2024-07-14T13:46:13.310+0000] {logging_mixin.py:120} INFO - [2024-07-14T13:46:13.310+0000] {dag.py:3340} INFO - Setting next_dagrun for example_branch_labels to 2024-07-13T00:00:00+00:00, run_after=2024-07-14T00:00:00+00:00
[2024-07-14T13:46:13.324+0000] {processor.py:176} INFO - Processing /home/airflow/.local/lib/python3.7/site-packages/airflow/example_dags/example_branch_labels.py took 0.119 seconds
[2024-07-14T13:46:44.081+0000] {processor.py:154} INFO - Started process (PID=1748) to work on /home/airflow/.local/lib/python3.7/site-packages/airflow/example_dags/example_branch_labels.py
[2024-07-14T13:46:44.082+0000] {processor.py:756} INFO - Processing file /home/airflow/.local/lib/python3.7/site-packages/airflow/example_dags/example_branch_labels.py for tasks to queue
[2024-07-14T13:46:44.083+0000] {logging_mixin.py:120} INFO - [2024-07-14T13:46:44.083+0000] {dagbag.py:537} INFO - Filling up the DagBag from /home/airflow/.local/lib/python3.7/site-packages/airflow/example_dags/example_branch_labels.py
[2024-07-14T13:46:44.092+0000] {processor.py:766} INFO - DAG(s) dict_keys(['example_branch_labels']) retrieved from /home/airflow/.local/lib/python3.7/site-packages/airflow/example_dags/example_branch_labels.py
[2024-07-14T13:46:44.120+0000] {logging_mixin.py:120} INFO - [2024-07-14T13:46:44.120+0000] {dag.py:2585} INFO - Sync 1 DAGs
[2024-07-14T13:46:44.137+0000] {logging_mixin.py:120} INFO - [2024-07-14T13:46:44.137+0000] {dag.py:3340} INFO - Setting next_dagrun for example_branch_labels to 2024-07-13T00:00:00+00:00, run_after=2024-07-14T00:00:00+00:00
[2024-07-14T13:46:44.151+0000] {processor.py:176} INFO - Processing /home/airflow/.local/lib/python3.7/site-packages/airflow/example_dags/example_branch_labels.py took 0.072 seconds
[2024-07-14T13:47:15.143+0000] {processor.py:154} INFO - Started process (PID=1814) to work on /home/airflow/.local/lib/python3.7/site-packages/airflow/example_dags/example_branch_labels.py
[2024-07-14T13:47:15.144+0000] {processor.py:756} INFO - Processing file /home/airflow/.local/lib/python3.7/site-packages/airflow/example_dags/example_branch_labels.py for tasks to queue
[2024-07-14T13:47:15.145+0000] {logging_mixin.py:120} INFO - [2024-07-14T13:47:15.145+0000] {dagbag.py:537} INFO - Filling up the DagBag from /home/airflow/.local/lib/python3.7/site-packages/airflow/example_dags/example_branch_labels.py
[2024-07-14T13:47:15.154+0000] {processor.py:766} INFO - DAG(s) dict_keys(['example_branch_labels']) retrieved from /home/airflow/.local/lib/python3.7/site-packages/airflow/example_dags/example_branch_labels.py
[2024-07-14T13:47:15.182+0000] {logging_mixin.py:120} INFO - [2024-07-14T13:47:15.182+0000] {dag.py:2585} INFO - Sync 1 DAGs
[2024-07-14T13:47:15.199+0000] {logging_mixin.py:120} INFO - [2024-07-14T13:47:15.199+0000] {dag.py:3340} INFO - Setting next_dagrun for example_branch_labels to 2024-07-13T00:00:00+00:00, run_after=2024-07-14T00:00:00+00:00
[2024-07-14T13:47:15.216+0000] {processor.py:176} INFO - Processing /home/airflow/.local/lib/python3.7/site-packages/airflow/example_dags/example_branch_labels.py took 0.075 seconds
[2024-07-14T13:47:46.639+0000] {processor.py:154} INFO - Started process (PID=1880) to work on /home/airflow/.local/lib/python3.7/site-packages/airflow/example_dags/example_branch_labels.py
[2024-07-14T13:47:46.640+0000] {processor.py:756} INFO - Processing file /home/airflow/.local/lib/python3.7/site-packages/airflow/example_dags/example_branch_labels.py for tasks to queue
[2024-07-14T13:47:46.641+0000] {logging_mixin.py:120} INFO - [2024-07-14T13:47:46.641+0000] {dagbag.py:537} INFO - Filling up the DagBag from /home/airflow/.local/lib/python3.7/site-packages/airflow/example_dags/example_branch_labels.py
[2024-07-14T13:47:46.656+0000] {processor.py:766} INFO - DAG(s) dict_keys(['example_branch_labels']) retrieved from /home/airflow/.local/lib/python3.7/site-packages/airflow/example_dags/example_branch_labels.py
[2024-07-14T13:47:46.693+0000] {logging_mixin.py:120} INFO - [2024-07-14T13:47:46.691+0000] {dag.py:2585} INFO - Sync 1 DAGs
[2024-07-14T13:47:46.714+0000] {logging_mixin.py:120} INFO - [2024-07-14T13:47:46.714+0000] {dag.py:3340} INFO - Setting next_dagrun for example_branch_labels to 2024-07-13T00:00:00+00:00, run_after=2024-07-14T00:00:00+00:00
[2024-07-14T13:47:46.737+0000] {processor.py:176} INFO - Processing /home/airflow/.local/lib/python3.7/site-packages/airflow/example_dags/example_branch_labels.py took 0.100 seconds
[2024-07-14T13:48:17.702+0000] {processor.py:154} INFO - Started process (PID=1946) to work on /home/airflow/.local/lib/python3.7/site-packages/airflow/example_dags/example_branch_labels.py
[2024-07-14T13:48:17.703+0000] {processor.py:756} INFO - Processing file /home/airflow/.local/lib/python3.7/site-packages/airflow/example_dags/example_branch_labels.py for tasks to queue
[2024-07-14T13:48:17.703+0000] {logging_mixin.py:120} INFO - [2024-07-14T13:48:17.703+0000] {dagbag.py:537} INFO - Filling up the DagBag from /home/airflow/.local/lib/python3.7/site-packages/airflow/example_dags/example_branch_labels.py
[2024-07-14T13:48:17.714+0000] {processor.py:766} INFO - DAG(s) dict_keys(['example_branch_labels']) retrieved from /home/airflow/.local/lib/python3.7/site-packages/airflow/example_dags/example_branch_labels.py
[2024-07-14T13:48:17.743+0000] {logging_mixin.py:120} INFO - [2024-07-14T13:48:17.743+0000] {dag.py:2585} INFO - Sync 1 DAGs
[2024-07-14T13:48:17.765+0000] {logging_mixin.py:120} INFO - [2024-07-14T13:48:17.765+0000] {dag.py:3340} INFO - Setting next_dagrun for example_branch_labels to 2024-07-13T00:00:00+00:00, run_after=2024-07-14T00:00:00+00:00
[2024-07-14T13:48:17.789+0000] {processor.py:176} INFO - Processing /home/airflow/.local/lib/python3.7/site-packages/airflow/example_dags/example_branch_labels.py took 0.090 seconds
[2024-07-14T13:48:48.393+0000] {processor.py:154} INFO - Started process (PID=2012) to work on /home/airflow/.local/lib/python3.7/site-packages/airflow/example_dags/example_branch_labels.py
[2024-07-14T13:48:48.394+0000] {processor.py:756} INFO - Processing file /home/airflow/.local/lib/python3.7/site-packages/airflow/example_dags/example_branch_labels.py for tasks to queue
[2024-07-14T13:48:48.394+0000] {logging_mixin.py:120} INFO - [2024-07-14T13:48:48.394+0000] {dagbag.py:537} INFO - Filling up the DagBag from /home/airflow/.local/lib/python3.7/site-packages/airflow/example_dags/example_branch_labels.py
[2024-07-14T13:48:48.405+0000] {processor.py:766} INFO - DAG(s) dict_keys(['example_branch_labels']) retrieved from /home/airflow/.local/lib/python3.7/site-packages/airflow/example_dags/example_branch_labels.py
[2024-07-14T13:48:48.438+0000] {logging_mixin.py:120} INFO - [2024-07-14T13:48:48.438+0000] {dag.py:2585} INFO - Sync 1 DAGs
[2024-07-14T13:48:48.456+0000] {logging_mixin.py:120} INFO - [2024-07-14T13:48:48.456+0000] {dag.py:3340} INFO - Setting next_dagrun for example_branch_labels to 2024-07-13T00:00:00+00:00, run_after=2024-07-14T00:00:00+00:00
[2024-07-14T13:48:48.469+0000] {processor.py:176} INFO - Processing /home/airflow/.local/lib/python3.7/site-packages/airflow/example_dags/example_branch_labels.py took 0.078 seconds
[2024-07-14T13:49:19.002+0000] {processor.py:154} INFO - Started process (PID=2069) to work on /home/airflow/.local/lib/python3.7/site-packages/airflow/example_dags/example_branch_labels.py
[2024-07-14T13:49:19.006+0000] {processor.py:756} INFO - Processing file /home/airflow/.local/lib/python3.7/site-packages/airflow/example_dags/example_branch_labels.py for tasks to queue
[2024-07-14T13:49:19.006+0000] {logging_mixin.py:120} INFO - [2024-07-14T13:49:19.006+0000] {dagbag.py:537} INFO - Filling up the DagBag from /home/airflow/.local/lib/python3.7/site-packages/airflow/example_dags/example_branch_labels.py
[2024-07-14T13:49:19.016+0000] {processor.py:766} INFO - DAG(s) dict_keys(['example_branch_labels']) retrieved from /home/airflow/.local/lib/python3.7/site-packages/airflow/example_dags/example_branch_labels.py
[2024-07-14T13:49:19.045+0000] {logging_mixin.py:120} INFO - [2024-07-14T13:49:19.045+0000] {dag.py:2585} INFO - Sync 1 DAGs
[2024-07-14T13:49:19.065+0000] {logging_mixin.py:120} INFO - [2024-07-14T13:49:19.065+0000] {dag.py:3340} INFO - Setting next_dagrun for example_branch_labels to 2024-07-13T00:00:00+00:00, run_after=2024-07-14T00:00:00+00:00
[2024-07-14T13:49:19.078+0000] {processor.py:176} INFO - Processing /home/airflow/.local/lib/python3.7/site-packages/airflow/example_dags/example_branch_labels.py took 0.078 seconds
[2024-07-14T13:49:49.898+0000] {processor.py:154} INFO - Started process (PID=2135) to work on /home/airflow/.local/lib/python3.7/site-packages/airflow/example_dags/example_branch_labels.py
[2024-07-14T13:49:49.898+0000] {processor.py:756} INFO - Processing file /home/airflow/.local/lib/python3.7/site-packages/airflow/example_dags/example_branch_labels.py for tasks to queue
[2024-07-14T13:49:49.899+0000] {logging_mixin.py:120} INFO - [2024-07-14T13:49:49.899+0000] {dagbag.py:537} INFO - Filling up the DagBag from /home/airflow/.local/lib/python3.7/site-packages/airflow/example_dags/example_branch_labels.py
[2024-07-14T13:49:49.912+0000] {processor.py:766} INFO - DAG(s) dict_keys(['example_branch_labels']) retrieved from /home/airflow/.local/lib/python3.7/site-packages/airflow/example_dags/example_branch_labels.py
[2024-07-14T13:49:49.943+0000] {logging_mixin.py:120} INFO - [2024-07-14T13:49:49.943+0000] {dag.py:2585} INFO - Sync 1 DAGs
[2024-07-14T13:49:49.964+0000] {logging_mixin.py:120} INFO - [2024-07-14T13:49:49.964+0000] {dag.py:3340} INFO - Setting next_dagrun for example_branch_labels to 2024-07-13T00:00:00+00:00, run_after=2024-07-14T00:00:00+00:00
[2024-07-14T13:49:49.981+0000] {processor.py:176} INFO - Processing /home/airflow/.local/lib/python3.7/site-packages/airflow/example_dags/example_branch_labels.py took 0.085 seconds
[2024-07-14T13:50:20.524+0000] {processor.py:154} INFO - Started process (PID=2201) to work on /home/airflow/.local/lib/python3.7/site-packages/airflow/example_dags/example_branch_labels.py
[2024-07-14T13:50:20.526+0000] {processor.py:756} INFO - Processing file /home/airflow/.local/lib/python3.7/site-packages/airflow/example_dags/example_branch_labels.py for tasks to queue
[2024-07-14T13:50:20.527+0000] {logging_mixin.py:120} INFO - [2024-07-14T13:50:20.527+0000] {dagbag.py:537} INFO - Filling up the DagBag from /home/airflow/.local/lib/python3.7/site-packages/airflow/example_dags/example_branch_labels.py
[2024-07-14T13:50:20.536+0000] {processor.py:766} INFO - DAG(s) dict_keys(['example_branch_labels']) retrieved from /home/airflow/.local/lib/python3.7/site-packages/airflow/example_dags/example_branch_labels.py
[2024-07-14T13:50:20.565+0000] {logging_mixin.py:120} INFO - [2024-07-14T13:50:20.565+0000] {dag.py:2585} INFO - Sync 1 DAGs
[2024-07-14T13:50:20.593+0000] {logging_mixin.py:120} INFO - [2024-07-14T13:50:20.593+0000] {dag.py:3340} INFO - Setting next_dagrun for example_branch_labels to 2024-07-13T00:00:00+00:00, run_after=2024-07-14T00:00:00+00:00
[2024-07-14T13:50:20.609+0000] {processor.py:176} INFO - Processing /home/airflow/.local/lib/python3.7/site-packages/airflow/example_dags/example_branch_labels.py took 0.087 seconds
[2024-07-14T13:50:50.763+0000] {processor.py:154} INFO - Started process (PID=2267) to work on /home/airflow/.local/lib/python3.7/site-packages/airflow/example_dags/example_branch_labels.py
[2024-07-14T13:50:50.764+0000] {processor.py:756} INFO - Processing file /home/airflow/.local/lib/python3.7/site-packages/airflow/example_dags/example_branch_labels.py for tasks to queue
[2024-07-14T13:50:50.765+0000] {logging_mixin.py:120} INFO - [2024-07-14T13:50:50.765+0000] {dagbag.py:537} INFO - Filling up the DagBag from /home/airflow/.local/lib/python3.7/site-packages/airflow/example_dags/example_branch_labels.py
[2024-07-14T13:50:50.774+0000] {processor.py:766} INFO - DAG(s) dict_keys(['example_branch_labels']) retrieved from /home/airflow/.local/lib/python3.7/site-packages/airflow/example_dags/example_branch_labels.py
[2024-07-14T13:50:50.805+0000] {logging_mixin.py:120} INFO - [2024-07-14T13:50:50.805+0000] {dag.py:2585} INFO - Sync 1 DAGs
[2024-07-14T13:50:50.823+0000] {logging_mixin.py:120} INFO - [2024-07-14T13:50:50.823+0000] {dag.py:3340} INFO - Setting next_dagrun for example_branch_labels to 2024-07-13T00:00:00+00:00, run_after=2024-07-14T00:00:00+00:00
[2024-07-14T13:50:50.837+0000] {processor.py:176} INFO - Processing /home/airflow/.local/lib/python3.7/site-packages/airflow/example_dags/example_branch_labels.py took 0.076 seconds
[2024-07-14T13:51:21.240+0000] {processor.py:154} INFO - Started process (PID=2333) to work on /home/airflow/.local/lib/python3.7/site-packages/airflow/example_dags/example_branch_labels.py
[2024-07-14T13:51:21.241+0000] {processor.py:756} INFO - Processing file /home/airflow/.local/lib/python3.7/site-packages/airflow/example_dags/example_branch_labels.py for tasks to queue
[2024-07-14T13:51:21.241+0000] {logging_mixin.py:120} INFO - [2024-07-14T13:51:21.241+0000] {dagbag.py:537} INFO - Filling up the DagBag from /home/airflow/.local/lib/python3.7/site-packages/airflow/example_dags/example_branch_labels.py
[2024-07-14T13:51:21.251+0000] {processor.py:766} INFO - DAG(s) dict_keys(['example_branch_labels']) retrieved from /home/airflow/.local/lib/python3.7/site-packages/airflow/example_dags/example_branch_labels.py
[2024-07-14T13:51:21.284+0000] {logging_mixin.py:120} INFO - [2024-07-14T13:51:21.283+0000] {dag.py:2585} INFO - Sync 1 DAGs
[2024-07-14T13:51:21.306+0000] {logging_mixin.py:120} INFO - [2024-07-14T13:51:21.306+0000] {dag.py:3340} INFO - Setting next_dagrun for example_branch_labels to 2024-07-13T00:00:00+00:00, run_after=2024-07-14T00:00:00+00:00
[2024-07-14T13:51:21.325+0000] {processor.py:176} INFO - Processing /home/airflow/.local/lib/python3.7/site-packages/airflow/example_dags/example_branch_labels.py took 0.087 seconds
[2024-07-14T13:51:51.535+0000] {processor.py:154} INFO - Started process (PID=2390) to work on /home/airflow/.local/lib/python3.7/site-packages/airflow/example_dags/example_branch_labels.py
[2024-07-14T13:51:51.536+0000] {processor.py:756} INFO - Processing file /home/airflow/.local/lib/python3.7/site-packages/airflow/example_dags/example_branch_labels.py for tasks to queue
[2024-07-14T13:51:51.537+0000] {logging_mixin.py:120} INFO - [2024-07-14T13:51:51.537+0000] {dagbag.py:537} INFO - Filling up the DagBag from /home/airflow/.local/lib/python3.7/site-packages/airflow/example_dags/example_branch_labels.py
[2024-07-14T13:51:51.548+0000] {processor.py:766} INFO - DAG(s) dict_keys(['example_branch_labels']) retrieved from /home/airflow/.local/lib/python3.7/site-packages/airflow/example_dags/example_branch_labels.py
[2024-07-14T13:51:51.578+0000] {logging_mixin.py:120} INFO - [2024-07-14T13:51:51.578+0000] {dag.py:2585} INFO - Sync 1 DAGs
[2024-07-14T13:51:51.599+0000] {logging_mixin.py:120} INFO - [2024-07-14T13:51:51.598+0000] {dag.py:3340} INFO - Setting next_dagrun for example_branch_labels to 2024-07-13T00:00:00+00:00, run_after=2024-07-14T00:00:00+00:00
[2024-07-14T13:51:51.616+0000] {processor.py:176} INFO - Processing /home/airflow/.local/lib/python3.7/site-packages/airflow/example_dags/example_branch_labels.py took 0.083 seconds
[2024-07-14T13:52:21.818+0000] {processor.py:154} INFO - Started process (PID=2456) to work on /home/airflow/.local/lib/python3.7/site-packages/airflow/example_dags/example_branch_labels.py
[2024-07-14T13:52:21.819+0000] {processor.py:756} INFO - Processing file /home/airflow/.local/lib/python3.7/site-packages/airflow/example_dags/example_branch_labels.py for tasks to queue
[2024-07-14T13:52:21.819+0000] {logging_mixin.py:120} INFO - [2024-07-14T13:52:21.819+0000] {dagbag.py:537} INFO - Filling up the DagBag from /home/airflow/.local/lib/python3.7/site-packages/airflow/example_dags/example_branch_labels.py
[2024-07-14T13:52:21.833+0000] {processor.py:766} INFO - DAG(s) dict_keys(['example_branch_labels']) retrieved from /home/airflow/.local/lib/python3.7/site-packages/airflow/example_dags/example_branch_labels.py
[2024-07-14T13:52:21.865+0000] {logging_mixin.py:120} INFO - [2024-07-14T13:52:21.865+0000] {dag.py:2585} INFO - Sync 1 DAGs
[2024-07-14T13:52:21.888+0000] {logging_mixin.py:120} INFO - [2024-07-14T13:52:21.888+0000] {dag.py:3340} INFO - Setting next_dagrun for example_branch_labels to 2024-07-13T00:00:00+00:00, run_after=2024-07-14T00:00:00+00:00
[2024-07-14T13:52:21.905+0000] {processor.py:176} INFO - Processing /home/airflow/.local/lib/python3.7/site-packages/airflow/example_dags/example_branch_labels.py took 0.091 seconds
[2024-07-14T13:52:52.262+0000] {processor.py:154} INFO - Started process (PID=2522) to work on /home/airflow/.local/lib/python3.7/site-packages/airflow/example_dags/example_branch_labels.py
[2024-07-14T13:52:52.263+0000] {processor.py:756} INFO - Processing file /home/airflow/.local/lib/python3.7/site-packages/airflow/example_dags/example_branch_labels.py for tasks to queue
[2024-07-14T13:52:52.263+0000] {logging_mixin.py:120} INFO - [2024-07-14T13:52:52.263+0000] {dagbag.py:537} INFO - Filling up the DagBag from /home/airflow/.local/lib/python3.7/site-packages/airflow/example_dags/example_branch_labels.py
[2024-07-14T13:52:52.274+0000] {processor.py:766} INFO - DAG(s) dict_keys(['example_branch_labels']) retrieved from /home/airflow/.local/lib/python3.7/site-packages/airflow/example_dags/example_branch_labels.py
[2024-07-14T13:52:52.302+0000] {logging_mixin.py:120} INFO - [2024-07-14T13:52:52.301+0000] {dag.py:2585} INFO - Sync 1 DAGs
[2024-07-14T13:52:52.320+0000] {logging_mixin.py:120} INFO - [2024-07-14T13:52:52.320+0000] {dag.py:3340} INFO - Setting next_dagrun for example_branch_labels to 2024-07-13T00:00:00+00:00, run_after=2024-07-14T00:00:00+00:00
[2024-07-14T13:52:52.337+0000] {processor.py:176} INFO - Processing /home/airflow/.local/lib/python3.7/site-packages/airflow/example_dags/example_branch_labels.py took 0.077 seconds
[2024-07-14T13:53:22.573+0000] {processor.py:154} INFO - Started process (PID=2588) to work on /home/airflow/.local/lib/python3.7/site-packages/airflow/example_dags/example_branch_labels.py
[2024-07-14T13:53:22.574+0000] {processor.py:756} INFO - Processing file /home/airflow/.local/lib/python3.7/site-packages/airflow/example_dags/example_branch_labels.py for tasks to queue
[2024-07-14T13:53:22.575+0000] {logging_mixin.py:120} INFO - [2024-07-14T13:53:22.574+0000] {dagbag.py:537} INFO - Filling up the DagBag from /home/airflow/.local/lib/python3.7/site-packages/airflow/example_dags/example_branch_labels.py
[2024-07-14T13:53:22.584+0000] {processor.py:766} INFO - DAG(s) dict_keys(['example_branch_labels']) retrieved from /home/airflow/.local/lib/python3.7/site-packages/airflow/example_dags/example_branch_labels.py
[2024-07-14T13:53:22.610+0000] {logging_mixin.py:120} INFO - [2024-07-14T13:53:22.610+0000] {dag.py:2585} INFO - Sync 1 DAGs
[2024-07-14T13:53:22.633+0000] {logging_mixin.py:120} INFO - [2024-07-14T13:53:22.633+0000] {dag.py:3340} INFO - Setting next_dagrun for example_branch_labels to 2024-07-13T00:00:00+00:00, run_after=2024-07-14T00:00:00+00:00
[2024-07-14T13:53:22.647+0000] {processor.py:176} INFO - Processing /home/airflow/.local/lib/python3.7/site-packages/airflow/example_dags/example_branch_labels.py took 0.076 seconds
[2024-07-14T13:53:53.089+0000] {processor.py:154} INFO - Started process (PID=2645) to work on /home/airflow/.local/lib/python3.7/site-packages/airflow/example_dags/example_branch_labels.py
[2024-07-14T13:53:53.090+0000] {processor.py:756} INFO - Processing file /home/airflow/.local/lib/python3.7/site-packages/airflow/example_dags/example_branch_labels.py for tasks to queue
[2024-07-14T13:53:53.091+0000] {logging_mixin.py:120} INFO - [2024-07-14T13:53:53.090+0000] {dagbag.py:537} INFO - Filling up the DagBag from /home/airflow/.local/lib/python3.7/site-packages/airflow/example_dags/example_branch_labels.py
[2024-07-14T13:53:53.103+0000] {processor.py:766} INFO - DAG(s) dict_keys(['example_branch_labels']) retrieved from /home/airflow/.local/lib/python3.7/site-packages/airflow/example_dags/example_branch_labels.py
[2024-07-14T13:53:53.133+0000] {logging_mixin.py:120} INFO - [2024-07-14T13:53:53.132+0000] {dag.py:2585} INFO - Sync 1 DAGs
[2024-07-14T13:53:53.152+0000] {logging_mixin.py:120} INFO - [2024-07-14T13:53:53.152+0000] {dag.py:3340} INFO - Setting next_dagrun for example_branch_labels to 2024-07-13T00:00:00+00:00, run_after=2024-07-14T00:00:00+00:00
[2024-07-14T13:53:53.169+0000] {processor.py:176} INFO - Processing /home/airflow/.local/lib/python3.7/site-packages/airflow/example_dags/example_branch_labels.py took 0.082 seconds
[2024-07-14T13:54:24.149+0000] {processor.py:154} INFO - Started process (PID=2710) to work on /home/airflow/.local/lib/python3.7/site-packages/airflow/example_dags/example_branch_labels.py
[2024-07-14T13:54:24.150+0000] {processor.py:756} INFO - Processing file /home/airflow/.local/lib/python3.7/site-packages/airflow/example_dags/example_branch_labels.py for tasks to queue
[2024-07-14T13:54:24.150+0000] {logging_mixin.py:120} INFO - [2024-07-14T13:54:24.150+0000] {dagbag.py:537} INFO - Filling up the DagBag from /home/airflow/.local/lib/python3.7/site-packages/airflow/example_dags/example_branch_labels.py
[2024-07-14T13:54:24.160+0000] {processor.py:766} INFO - DAG(s) dict_keys(['example_branch_labels']) retrieved from /home/airflow/.local/lib/python3.7/site-packages/airflow/example_dags/example_branch_labels.py
[2024-07-14T13:54:24.185+0000] {logging_mixin.py:120} INFO - [2024-07-14T13:54:24.184+0000] {dag.py:2585} INFO - Sync 1 DAGs
[2024-07-14T13:54:24.201+0000] {logging_mixin.py:120} INFO - [2024-07-14T13:54:24.201+0000] {dag.py:3340} INFO - Setting next_dagrun for example_branch_labels to 2024-07-13T00:00:00+00:00, run_after=2024-07-14T00:00:00+00:00
[2024-07-14T13:54:24.213+0000] {processor.py:176} INFO - Processing /home/airflow/.local/lib/python3.7/site-packages/airflow/example_dags/example_branch_labels.py took 0.066 seconds
[2024-07-14T13:54:54.502+0000] {processor.py:154} INFO - Started process (PID=2776) to work on /home/airflow/.local/lib/python3.7/site-packages/airflow/example_dags/example_branch_labels.py
[2024-07-14T13:54:54.503+0000] {processor.py:756} INFO - Processing file /home/airflow/.local/lib/python3.7/site-packages/airflow/example_dags/example_branch_labels.py for tasks to queue
[2024-07-14T13:54:54.504+0000] {logging_mixin.py:120} INFO - [2024-07-14T13:54:54.503+0000] {dagbag.py:537} INFO - Filling up the DagBag from /home/airflow/.local/lib/python3.7/site-packages/airflow/example_dags/example_branch_labels.py
[2024-07-14T13:54:54.514+0000] {processor.py:766} INFO - DAG(s) dict_keys(['example_branch_labels']) retrieved from /home/airflow/.local/lib/python3.7/site-packages/airflow/example_dags/example_branch_labels.py
[2024-07-14T13:54:54.541+0000] {logging_mixin.py:120} INFO - [2024-07-14T13:54:54.540+0000] {dag.py:2585} INFO - Sync 1 DAGs
[2024-07-14T13:54:54.560+0000] {logging_mixin.py:120} INFO - [2024-07-14T13:54:54.560+0000] {dag.py:3340} INFO - Setting next_dagrun for example_branch_labels to 2024-07-13T00:00:00+00:00, run_after=2024-07-14T00:00:00+00:00
[2024-07-14T13:54:54.575+0000] {processor.py:176} INFO - Processing /home/airflow/.local/lib/python3.7/site-packages/airflow/example_dags/example_branch_labels.py took 0.075 seconds
[2024-07-14T13:55:24.654+0000] {processor.py:154} INFO - Started process (PID=2840) to work on /home/airflow/.local/lib/python3.7/site-packages/airflow/example_dags/example_branch_labels.py
[2024-07-14T13:55:24.655+0000] {processor.py:756} INFO - Processing file /home/airflow/.local/lib/python3.7/site-packages/airflow/example_dags/example_branch_labels.py for tasks to queue
[2024-07-14T13:55:24.657+0000] {logging_mixin.py:120} INFO - [2024-07-14T13:55:24.657+0000] {dagbag.py:537} INFO - Filling up the DagBag from /home/airflow/.local/lib/python3.7/site-packages/airflow/example_dags/example_branch_labels.py
[2024-07-14T13:55:24.667+0000] {processor.py:766} INFO - DAG(s) dict_keys(['example_branch_labels']) retrieved from /home/airflow/.local/lib/python3.7/site-packages/airflow/example_dags/example_branch_labels.py
[2024-07-14T13:55:24.701+0000] {logging_mixin.py:120} INFO - [2024-07-14T13:55:24.700+0000] {dag.py:2585} INFO - Sync 1 DAGs
[2024-07-14T13:55:24.717+0000] {logging_mixin.py:120} INFO - [2024-07-14T13:55:24.717+0000] {dag.py:3340} INFO - Setting next_dagrun for example_branch_labels to 2024-07-13T00:00:00+00:00, run_after=2024-07-14T00:00:00+00:00
[2024-07-14T13:55:24.731+0000] {processor.py:176} INFO - Processing /home/airflow/.local/lib/python3.7/site-packages/airflow/example_dags/example_branch_labels.py took 0.078 seconds
[2024-07-14T13:55:55.146+0000] {processor.py:154} INFO - Started process (PID=2897) to work on /home/airflow/.local/lib/python3.7/site-packages/airflow/example_dags/example_branch_labels.py
[2024-07-14T13:55:55.148+0000] {processor.py:756} INFO - Processing file /home/airflow/.local/lib/python3.7/site-packages/airflow/example_dags/example_branch_labels.py for tasks to queue
[2024-07-14T13:55:55.152+0000] {logging_mixin.py:120} INFO - [2024-07-14T13:55:55.152+0000] {dagbag.py:537} INFO - Filling up the DagBag from /home/airflow/.local/lib/python3.7/site-packages/airflow/example_dags/example_branch_labels.py
[2024-07-14T13:55:55.192+0000] {processor.py:766} INFO - DAG(s) dict_keys(['example_branch_labels']) retrieved from /home/airflow/.local/lib/python3.7/site-packages/airflow/example_dags/example_branch_labels.py
[2024-07-14T13:55:55.244+0000] {logging_mixin.py:120} INFO - [2024-07-14T13:55:55.244+0000] {dag.py:2585} INFO - Sync 1 DAGs
[2024-07-14T13:55:55.262+0000] {logging_mixin.py:120} INFO - [2024-07-14T13:55:55.262+0000] {dag.py:3340} INFO - Setting next_dagrun for example_branch_labels to 2024-07-13T00:00:00+00:00, run_after=2024-07-14T00:00:00+00:00
[2024-07-14T13:55:55.294+0000] {processor.py:176} INFO - Processing /home/airflow/.local/lib/python3.7/site-packages/airflow/example_dags/example_branch_labels.py took 0.150 seconds
[2024-07-14T14:28:41.957+0000] {processor.py:153} INFO - Started process (PID=81) to work on /home/airflow/.local/lib/python3.7/site-packages/airflow/example_dags/example_branch_labels.py
[2024-07-14T14:28:41.958+0000] {processor.py:743} INFO - Processing file /home/airflow/.local/lib/python3.7/site-packages/airflow/example_dags/example_branch_labels.py for tasks to queue
[2024-07-14T14:28:41.959+0000] {logging_mixin.py:137} INFO - [2024-07-14T14:28:41.959+0000] {dagbag.py:538} INFO - Filling up the DagBag from /home/airflow/.local/lib/python3.7/site-packages/airflow/example_dags/example_branch_labels.py
[2024-07-14T14:28:41.977+0000] {processor.py:753} INFO - DAG(s) dict_keys(['example_branch_labels']) retrieved from /home/airflow/.local/lib/python3.7/site-packages/airflow/example_dags/example_branch_labels.py
[2024-07-14T14:28:41.992+0000] {logging_mixin.py:137} INFO - [2024-07-14T14:28:41.992+0000] {dag.py:2690} INFO - Sync 1 DAGs
[2024-07-14T14:28:42.022+0000] {logging_mixin.py:137} INFO - [2024-07-14T14:28:42.022+0000] {dag.py:3441} INFO - Setting next_dagrun for example_branch_labels to 2024-07-13T00:00:00+00:00, run_after=2024-07-14T00:00:00+00:00
[2024-07-14T14:28:42.045+0000] {processor.py:175} INFO - Processing /home/airflow/.local/lib/python3.7/site-packages/airflow/example_dags/example_branch_labels.py took 0.092 seconds
[2024-07-14T14:29:12.437+0000] {processor.py:153} INFO - Started process (PID=213) to work on /home/airflow/.local/lib/python3.7/site-packages/airflow/example_dags/example_branch_labels.py
[2024-07-14T14:29:12.438+0000] {processor.py:743} INFO - Processing file /home/airflow/.local/lib/python3.7/site-packages/airflow/example_dags/example_branch_labels.py for tasks to queue
[2024-07-14T14:29:12.438+0000] {logging_mixin.py:137} INFO - [2024-07-14T14:29:12.438+0000] {dagbag.py:538} INFO - Filling up the DagBag from /home/airflow/.local/lib/python3.7/site-packages/airflow/example_dags/example_branch_labels.py
[2024-07-14T14:29:12.448+0000] {processor.py:753} INFO - DAG(s) dict_keys(['example_branch_labels']) retrieved from /home/airflow/.local/lib/python3.7/site-packages/airflow/example_dags/example_branch_labels.py
[2024-07-14T14:29:12.468+0000] {logging_mixin.py:137} INFO - [2024-07-14T14:29:12.468+0000] {dag.py:2690} INFO - Sync 1 DAGs
[2024-07-14T14:29:12.488+0000] {logging_mixin.py:137} INFO - [2024-07-14T14:29:12.488+0000] {dag.py:3441} INFO - Setting next_dagrun for example_branch_labels to 2024-07-13T00:00:00+00:00, run_after=2024-07-14T00:00:00+00:00
[2024-07-14T14:29:12.508+0000] {processor.py:175} INFO - Processing /home/airflow/.local/lib/python3.7/site-packages/airflow/example_dags/example_branch_labels.py took 0.074 seconds
