[2024-07-14T13:33:25.338+0000] {processor.py:154} INFO - Started process (PID=94) to work on /home/airflow/.local/lib/python3.7/site-packages/airflow/example_dags/example_branch_operator_decorator.py
[2024-07-14T13:33:25.341+0000] {processor.py:756} INFO - Processing file /home/airflow/.local/lib/python3.7/site-packages/airflow/example_dags/example_branch_operator_decorator.py for tasks to queue
[2024-07-14T13:33:25.342+0000] {logging_mixin.py:120} INFO - [2024-07-14T13:33:25.342+0000] {dagbag.py:537} INFO - Filling up the DagBag from /home/airflow/.local/lib/python3.7/site-packages/airflow/example_dags/example_branch_operator_decorator.py
[2024-07-14T13:33:25.385+0000] {processor.py:766} INFO - DAG(s) dict_keys(['example_branch_python_operator_decorator']) retrieved from /home/airflow/.local/lib/python3.7/site-packages/airflow/example_dags/example_branch_operator_decorator.py
[2024-07-14T13:33:25.415+0000] {logging_mixin.py:120} INFO - [2024-07-14T13:33:25.415+0000] {dag.py:2585} INFO - Sync 1 DAGs
[2024-07-14T13:33:25.460+0000] {logging_mixin.py:120} INFO - [2024-07-14T13:33:25.460+0000] {dag.py:3340} INFO - Setting next_dagrun for example_branch_python_operator_decorator to 2024-07-13T00:00:00+00:00, run_after=2024-07-14T00:00:00+00:00
[2024-07-14T13:33:25.505+0000] {processor.py:176} INFO - Processing /home/airflow/.local/lib/python3.7/site-packages/airflow/example_dags/example_branch_operator_decorator.py took 0.172 seconds
[2024-07-14T13:33:56.590+0000] {processor.py:154} INFO - Started process (PID=161) to work on /home/airflow/.local/lib/python3.7/site-packages/airflow/example_dags/example_branch_operator_decorator.py
[2024-07-14T13:33:56.591+0000] {processor.py:756} INFO - Processing file /home/airflow/.local/lib/python3.7/site-packages/airflow/example_dags/example_branch_operator_decorator.py for tasks to queue
[2024-07-14T13:33:56.592+0000] {logging_mixin.py:120} INFO - [2024-07-14T13:33:56.592+0000] {dagbag.py:537} INFO - Filling up the DagBag from /home/airflow/.local/lib/python3.7/site-packages/airflow/example_dags/example_branch_operator_decorator.py
[2024-07-14T13:33:56.616+0000] {processor.py:766} INFO - DAG(s) dict_keys(['example_branch_python_operator_decorator']) retrieved from /home/airflow/.local/lib/python3.7/site-packages/airflow/example_dags/example_branch_operator_decorator.py
[2024-07-14T13:33:56.663+0000] {logging_mixin.py:120} INFO - [2024-07-14T13:33:56.663+0000] {dag.py:2585} INFO - Sync 1 DAGs
[2024-07-14T13:33:56.687+0000] {logging_mixin.py:120} INFO - [2024-07-14T13:33:56.687+0000] {dag.py:3340} INFO - Setting next_dagrun for example_branch_python_operator_decorator to 2024-07-13T00:00:00+00:00, run_after=2024-07-14T00:00:00+00:00
[2024-07-14T13:33:56.708+0000] {processor.py:176} INFO - Processing /home/airflow/.local/lib/python3.7/site-packages/airflow/example_dags/example_branch_operator_decorator.py took 0.121 seconds
[2024-07-14T13:34:27.169+0000] {processor.py:154} INFO - Started process (PID=219) to work on /home/airflow/.local/lib/python3.7/site-packages/airflow/example_dags/example_branch_operator_decorator.py
[2024-07-14T13:34:27.170+0000] {processor.py:756} INFO - Processing file /home/airflow/.local/lib/python3.7/site-packages/airflow/example_dags/example_branch_operator_decorator.py for tasks to queue
[2024-07-14T13:34:27.171+0000] {logging_mixin.py:120} INFO - [2024-07-14T13:34:27.171+0000] {dagbag.py:537} INFO - Filling up the DagBag from /home/airflow/.local/lib/python3.7/site-packages/airflow/example_dags/example_branch_operator_decorator.py
[2024-07-14T13:34:27.194+0000] {processor.py:766} INFO - DAG(s) dict_keys(['example_branch_python_operator_decorator']) retrieved from /home/airflow/.local/lib/python3.7/site-packages/airflow/example_dags/example_branch_operator_decorator.py
[2024-07-14T13:34:27.239+0000] {logging_mixin.py:120} INFO - [2024-07-14T13:34:27.239+0000] {dag.py:2585} INFO - Sync 1 DAGs
[2024-07-14T13:34:27.261+0000] {logging_mixin.py:120} INFO - [2024-07-14T13:34:27.261+0000] {dag.py:3340} INFO - Setting next_dagrun for example_branch_python_operator_decorator to 2024-07-13T00:00:00+00:00, run_after=2024-07-14T00:00:00+00:00
[2024-07-14T13:34:27.278+0000] {processor.py:176} INFO - Processing /home/airflow/.local/lib/python3.7/site-packages/airflow/example_dags/example_branch_operator_decorator.py took 0.111 seconds
[2024-07-14T13:34:58.345+0000] {processor.py:154} INFO - Started process (PID=284) to work on /home/airflow/.local/lib/python3.7/site-packages/airflow/example_dags/example_branch_operator_decorator.py
[2024-07-14T13:34:58.346+0000] {processor.py:756} INFO - Processing file /home/airflow/.local/lib/python3.7/site-packages/airflow/example_dags/example_branch_operator_decorator.py for tasks to queue
[2024-07-14T13:34:58.347+0000] {logging_mixin.py:120} INFO - [2024-07-14T13:34:58.347+0000] {dagbag.py:537} INFO - Filling up the DagBag from /home/airflow/.local/lib/python3.7/site-packages/airflow/example_dags/example_branch_operator_decorator.py
[2024-07-14T13:34:58.362+0000] {processor.py:766} INFO - DAG(s) dict_keys(['example_branch_python_operator_decorator']) retrieved from /home/airflow/.local/lib/python3.7/site-packages/airflow/example_dags/example_branch_operator_decorator.py
[2024-07-14T13:34:58.392+0000] {logging_mixin.py:120} INFO - [2024-07-14T13:34:58.392+0000] {dag.py:2585} INFO - Sync 1 DAGs
[2024-07-14T13:34:58.416+0000] {logging_mixin.py:120} INFO - [2024-07-14T13:34:58.415+0000] {dag.py:3340} INFO - Setting next_dagrun for example_branch_python_operator_decorator to 2024-07-13T00:00:00+00:00, run_after=2024-07-14T00:00:00+00:00
[2024-07-14T13:34:58.452+0000] {processor.py:176} INFO - Processing /home/airflow/.local/lib/python3.7/site-packages/airflow/example_dags/example_branch_operator_decorator.py took 0.109 seconds
[2024-07-14T13:35:29.131+0000] {processor.py:154} INFO - Started process (PID=349) to work on /home/airflow/.local/lib/python3.7/site-packages/airflow/example_dags/example_branch_operator_decorator.py
[2024-07-14T13:35:29.132+0000] {processor.py:756} INFO - Processing file /home/airflow/.local/lib/python3.7/site-packages/airflow/example_dags/example_branch_operator_decorator.py for tasks to queue
[2024-07-14T13:35:29.133+0000] {logging_mixin.py:120} INFO - [2024-07-14T13:35:29.133+0000] {dagbag.py:537} INFO - Filling up the DagBag from /home/airflow/.local/lib/python3.7/site-packages/airflow/example_dags/example_branch_operator_decorator.py
[2024-07-14T13:35:29.150+0000] {processor.py:766} INFO - DAG(s) dict_keys(['example_branch_python_operator_decorator']) retrieved from /home/airflow/.local/lib/python3.7/site-packages/airflow/example_dags/example_branch_operator_decorator.py
[2024-07-14T13:35:29.181+0000] {logging_mixin.py:120} INFO - [2024-07-14T13:35:29.181+0000] {dag.py:2585} INFO - Sync 1 DAGs
[2024-07-14T13:35:29.200+0000] {logging_mixin.py:120} INFO - [2024-07-14T13:35:29.200+0000] {dag.py:3340} INFO - Setting next_dagrun for example_branch_python_operator_decorator to 2024-07-13T00:00:00+00:00, run_after=2024-07-14T00:00:00+00:00
[2024-07-14T13:35:29.219+0000] {processor.py:176} INFO - Processing /home/airflow/.local/lib/python3.7/site-packages/airflow/example_dags/example_branch_operator_decorator.py took 0.089 seconds
[2024-07-14T13:35:59.387+0000] {processor.py:154} INFO - Started process (PID=415) to work on /home/airflow/.local/lib/python3.7/site-packages/airflow/example_dags/example_branch_operator_decorator.py
[2024-07-14T13:35:59.388+0000] {processor.py:756} INFO - Processing file /home/airflow/.local/lib/python3.7/site-packages/airflow/example_dags/example_branch_operator_decorator.py for tasks to queue
[2024-07-14T13:35:59.388+0000] {logging_mixin.py:120} INFO - [2024-07-14T13:35:59.388+0000] {dagbag.py:537} INFO - Filling up the DagBag from /home/airflow/.local/lib/python3.7/site-packages/airflow/example_dags/example_branch_operator_decorator.py
[2024-07-14T13:35:59.405+0000] {processor.py:766} INFO - DAG(s) dict_keys(['example_branch_python_operator_decorator']) retrieved from /home/airflow/.local/lib/python3.7/site-packages/airflow/example_dags/example_branch_operator_decorator.py
[2024-07-14T13:35:59.434+0000] {logging_mixin.py:120} INFO - [2024-07-14T13:35:59.434+0000] {dag.py:2585} INFO - Sync 1 DAGs
[2024-07-14T13:35:59.452+0000] {logging_mixin.py:120} INFO - [2024-07-14T13:35:59.452+0000] {dag.py:3340} INFO - Setting next_dagrun for example_branch_python_operator_decorator to 2024-07-13T00:00:00+00:00, run_after=2024-07-14T00:00:00+00:00
[2024-07-14T13:35:59.468+0000] {processor.py:176} INFO - Processing /home/airflow/.local/lib/python3.7/site-packages/airflow/example_dags/example_branch_operator_decorator.py took 0.083 seconds
[2024-07-14T13:36:30.130+0000] {processor.py:154} INFO - Started process (PID=479) to work on /home/airflow/.local/lib/python3.7/site-packages/airflow/example_dags/example_branch_operator_decorator.py
[2024-07-14T13:36:30.131+0000] {processor.py:756} INFO - Processing file /home/airflow/.local/lib/python3.7/site-packages/airflow/example_dags/example_branch_operator_decorator.py for tasks to queue
[2024-07-14T13:36:30.132+0000] {logging_mixin.py:120} INFO - [2024-07-14T13:36:30.132+0000] {dagbag.py:537} INFO - Filling up the DagBag from /home/airflow/.local/lib/python3.7/site-packages/airflow/example_dags/example_branch_operator_decorator.py
[2024-07-14T13:36:30.147+0000] {processor.py:766} INFO - DAG(s) dict_keys(['example_branch_python_operator_decorator']) retrieved from /home/airflow/.local/lib/python3.7/site-packages/airflow/example_dags/example_branch_operator_decorator.py
[2024-07-14T13:36:30.178+0000] {logging_mixin.py:120} INFO - [2024-07-14T13:36:30.178+0000] {dag.py:2585} INFO - Sync 1 DAGs
[2024-07-14T13:36:30.194+0000] {logging_mixin.py:120} INFO - [2024-07-14T13:36:30.194+0000] {dag.py:3340} INFO - Setting next_dagrun for example_branch_python_operator_decorator to 2024-07-13T00:00:00+00:00, run_after=2024-07-14T00:00:00+00:00
[2024-07-14T13:36:30.208+0000] {processor.py:176} INFO - Processing /home/airflow/.local/lib/python3.7/site-packages/airflow/example_dags/example_branch_operator_decorator.py took 0.079 seconds
[2024-07-14T13:37:00.883+0000] {processor.py:154} INFO - Started process (PID=538) to work on /home/airflow/.local/lib/python3.7/site-packages/airflow/example_dags/example_branch_operator_decorator.py
[2024-07-14T13:37:00.884+0000] {processor.py:756} INFO - Processing file /home/airflow/.local/lib/python3.7/site-packages/airflow/example_dags/example_branch_operator_decorator.py for tasks to queue
[2024-07-14T13:37:00.885+0000] {logging_mixin.py:120} INFO - [2024-07-14T13:37:00.885+0000] {dagbag.py:537} INFO - Filling up the DagBag from /home/airflow/.local/lib/python3.7/site-packages/airflow/example_dags/example_branch_operator_decorator.py
[2024-07-14T13:37:00.902+0000] {processor.py:766} INFO - DAG(s) dict_keys(['example_branch_python_operator_decorator']) retrieved from /home/airflow/.local/lib/python3.7/site-packages/airflow/example_dags/example_branch_operator_decorator.py
[2024-07-14T13:37:00.931+0000] {logging_mixin.py:120} INFO - [2024-07-14T13:37:00.931+0000] {dag.py:2585} INFO - Sync 1 DAGs
[2024-07-14T13:37:00.949+0000] {logging_mixin.py:120} INFO - [2024-07-14T13:37:00.949+0000] {dag.py:3340} INFO - Setting next_dagrun for example_branch_python_operator_decorator to 2024-07-13T00:00:00+00:00, run_after=2024-07-14T00:00:00+00:00
[2024-07-14T13:37:00.967+0000] {processor.py:176} INFO - Processing /home/airflow/.local/lib/python3.7/site-packages/airflow/example_dags/example_branch_operator_decorator.py took 0.085 seconds
[2024-07-14T13:37:31.116+0000] {processor.py:154} INFO - Started process (PID=604) to work on /home/airflow/.local/lib/python3.7/site-packages/airflow/example_dags/example_branch_operator_decorator.py
[2024-07-14T13:37:31.117+0000] {processor.py:756} INFO - Processing file /home/airflow/.local/lib/python3.7/site-packages/airflow/example_dags/example_branch_operator_decorator.py for tasks to queue
[2024-07-14T13:37:31.118+0000] {logging_mixin.py:120} INFO - [2024-07-14T13:37:31.118+0000] {dagbag.py:537} INFO - Filling up the DagBag from /home/airflow/.local/lib/python3.7/site-packages/airflow/example_dags/example_branch_operator_decorator.py
[2024-07-14T13:37:31.140+0000] {processor.py:766} INFO - DAG(s) dict_keys(['example_branch_python_operator_decorator']) retrieved from /home/airflow/.local/lib/python3.7/site-packages/airflow/example_dags/example_branch_operator_decorator.py
[2024-07-14T13:37:31.168+0000] {logging_mixin.py:120} INFO - [2024-07-14T13:37:31.168+0000] {dag.py:2585} INFO - Sync 1 DAGs
[2024-07-14T13:37:31.186+0000] {logging_mixin.py:120} INFO - [2024-07-14T13:37:31.186+0000] {dag.py:3340} INFO - Setting next_dagrun for example_branch_python_operator_decorator to 2024-07-13T00:00:00+00:00, run_after=2024-07-14T00:00:00+00:00
[2024-07-14T13:37:31.205+0000] {processor.py:176} INFO - Processing /home/airflow/.local/lib/python3.7/site-packages/airflow/example_dags/example_branch_operator_decorator.py took 0.091 seconds
[2024-07-14T13:38:02.107+0000] {processor.py:154} INFO - Started process (PID=670) to work on /home/airflow/.local/lib/python3.7/site-packages/airflow/example_dags/example_branch_operator_decorator.py
[2024-07-14T13:38:02.108+0000] {processor.py:756} INFO - Processing file /home/airflow/.local/lib/python3.7/site-packages/airflow/example_dags/example_branch_operator_decorator.py for tasks to queue
[2024-07-14T13:38:02.108+0000] {logging_mixin.py:120} INFO - [2024-07-14T13:38:02.108+0000] {dagbag.py:537} INFO - Filling up the DagBag from /home/airflow/.local/lib/python3.7/site-packages/airflow/example_dags/example_branch_operator_decorator.py
[2024-07-14T13:38:02.125+0000] {processor.py:766} INFO - DAG(s) dict_keys(['example_branch_python_operator_decorator']) retrieved from /home/airflow/.local/lib/python3.7/site-packages/airflow/example_dags/example_branch_operator_decorator.py
[2024-07-14T13:38:02.153+0000] {logging_mixin.py:120} INFO - [2024-07-14T13:38:02.153+0000] {dag.py:2585} INFO - Sync 1 DAGs
[2024-07-14T13:38:02.171+0000] {logging_mixin.py:120} INFO - [2024-07-14T13:38:02.171+0000] {dag.py:3340} INFO - Setting next_dagrun for example_branch_python_operator_decorator to 2024-07-13T00:00:00+00:00, run_after=2024-07-14T00:00:00+00:00
[2024-07-14T13:38:02.189+0000] {processor.py:176} INFO - Processing /home/airflow/.local/lib/python3.7/site-packages/airflow/example_dags/example_branch_operator_decorator.py took 0.085 seconds
[2024-07-14T13:38:32.602+0000] {processor.py:154} INFO - Started process (PID=736) to work on /home/airflow/.local/lib/python3.7/site-packages/airflow/example_dags/example_branch_operator_decorator.py
[2024-07-14T13:38:32.603+0000] {processor.py:756} INFO - Processing file /home/airflow/.local/lib/python3.7/site-packages/airflow/example_dags/example_branch_operator_decorator.py for tasks to queue
[2024-07-14T13:38:32.603+0000] {logging_mixin.py:120} INFO - [2024-07-14T13:38:32.603+0000] {dagbag.py:537} INFO - Filling up the DagBag from /home/airflow/.local/lib/python3.7/site-packages/airflow/example_dags/example_branch_operator_decorator.py
[2024-07-14T13:38:32.621+0000] {processor.py:766} INFO - DAG(s) dict_keys(['example_branch_python_operator_decorator']) retrieved from /home/airflow/.local/lib/python3.7/site-packages/airflow/example_dags/example_branch_operator_decorator.py
[2024-07-14T13:38:32.652+0000] {logging_mixin.py:120} INFO - [2024-07-14T13:38:32.652+0000] {dag.py:2585} INFO - Sync 1 DAGs
[2024-07-14T13:38:32.671+0000] {logging_mixin.py:120} INFO - [2024-07-14T13:38:32.671+0000] {dag.py:3340} INFO - Setting next_dagrun for example_branch_python_operator_decorator to 2024-07-13T00:00:00+00:00, run_after=2024-07-14T00:00:00+00:00
[2024-07-14T13:38:32.688+0000] {processor.py:176} INFO - Processing /home/airflow/.local/lib/python3.7/site-packages/airflow/example_dags/example_branch_operator_decorator.py took 0.088 seconds
[2024-07-14T13:39:03.107+0000] {processor.py:154} INFO - Started process (PID=793) to work on /home/airflow/.local/lib/python3.7/site-packages/airflow/example_dags/example_branch_operator_decorator.py
[2024-07-14T13:39:03.108+0000] {processor.py:756} INFO - Processing file /home/airflow/.local/lib/python3.7/site-packages/airflow/example_dags/example_branch_operator_decorator.py for tasks to queue
[2024-07-14T13:39:03.108+0000] {logging_mixin.py:120} INFO - [2024-07-14T13:39:03.108+0000] {dagbag.py:537} INFO - Filling up the DagBag from /home/airflow/.local/lib/python3.7/site-packages/airflow/example_dags/example_branch_operator_decorator.py
[2024-07-14T13:39:03.124+0000] {processor.py:766} INFO - DAG(s) dict_keys(['example_branch_python_operator_decorator']) retrieved from /home/airflow/.local/lib/python3.7/site-packages/airflow/example_dags/example_branch_operator_decorator.py
[2024-07-14T13:39:03.164+0000] {logging_mixin.py:120} INFO - [2024-07-14T13:39:03.163+0000] {dag.py:2585} INFO - Sync 1 DAGs
[2024-07-14T13:39:03.182+0000] {logging_mixin.py:120} INFO - [2024-07-14T13:39:03.182+0000] {dag.py:3340} INFO - Setting next_dagrun for example_branch_python_operator_decorator to 2024-07-13T00:00:00+00:00, run_after=2024-07-14T00:00:00+00:00
[2024-07-14T13:39:03.198+0000] {processor.py:176} INFO - Processing /home/airflow/.local/lib/python3.7/site-packages/airflow/example_dags/example_branch_operator_decorator.py took 0.093 seconds
[2024-07-14T13:39:33.729+0000] {processor.py:154} INFO - Started process (PID=857) to work on /home/airflow/.local/lib/python3.7/site-packages/airflow/example_dags/example_branch_operator_decorator.py
[2024-07-14T13:39:33.729+0000] {processor.py:756} INFO - Processing file /home/airflow/.local/lib/python3.7/site-packages/airflow/example_dags/example_branch_operator_decorator.py for tasks to queue
[2024-07-14T13:39:33.730+0000] {logging_mixin.py:120} INFO - [2024-07-14T13:39:33.730+0000] {dagbag.py:537} INFO - Filling up the DagBag from /home/airflow/.local/lib/python3.7/site-packages/airflow/example_dags/example_branch_operator_decorator.py
[2024-07-14T13:39:33.748+0000] {processor.py:766} INFO - DAG(s) dict_keys(['example_branch_python_operator_decorator']) retrieved from /home/airflow/.local/lib/python3.7/site-packages/airflow/example_dags/example_branch_operator_decorator.py
[2024-07-14T13:39:33.781+0000] {logging_mixin.py:120} INFO - [2024-07-14T13:39:33.781+0000] {dag.py:2585} INFO - Sync 1 DAGs
[2024-07-14T13:39:33.802+0000] {logging_mixin.py:120} INFO - [2024-07-14T13:39:33.802+0000] {dag.py:3340} INFO - Setting next_dagrun for example_branch_python_operator_decorator to 2024-07-13T00:00:00+00:00, run_after=2024-07-14T00:00:00+00:00
[2024-07-14T13:39:33.818+0000] {processor.py:176} INFO - Processing /home/airflow/.local/lib/python3.7/site-packages/airflow/example_dags/example_branch_operator_decorator.py took 0.091 seconds
[2024-07-14T13:40:04.508+0000] {processor.py:154} INFO - Started process (PID=923) to work on /home/airflow/.local/lib/python3.7/site-packages/airflow/example_dags/example_branch_operator_decorator.py
[2024-07-14T13:40:04.509+0000] {processor.py:756} INFO - Processing file /home/airflow/.local/lib/python3.7/site-packages/airflow/example_dags/example_branch_operator_decorator.py for tasks to queue
[2024-07-14T13:40:04.510+0000] {logging_mixin.py:120} INFO - [2024-07-14T13:40:04.510+0000] {dagbag.py:537} INFO - Filling up the DagBag from /home/airflow/.local/lib/python3.7/site-packages/airflow/example_dags/example_branch_operator_decorator.py
[2024-07-14T13:40:04.530+0000] {processor.py:766} INFO - DAG(s) dict_keys(['example_branch_python_operator_decorator']) retrieved from /home/airflow/.local/lib/python3.7/site-packages/airflow/example_dags/example_branch_operator_decorator.py
[2024-07-14T13:40:04.557+0000] {logging_mixin.py:120} INFO - [2024-07-14T13:40:04.557+0000] {dag.py:2585} INFO - Sync 1 DAGs
[2024-07-14T13:40:04.578+0000] {logging_mixin.py:120} INFO - [2024-07-14T13:40:04.578+0000] {dag.py:3340} INFO - Setting next_dagrun for example_branch_python_operator_decorator to 2024-07-13T00:00:00+00:00, run_after=2024-07-14T00:00:00+00:00
[2024-07-14T13:40:04.593+0000] {processor.py:176} INFO - Processing /home/airflow/.local/lib/python3.7/site-packages/airflow/example_dags/example_branch_operator_decorator.py took 0.087 seconds
[2024-07-14T13:40:35.359+0000] {processor.py:154} INFO - Started process (PID=989) to work on /home/airflow/.local/lib/python3.7/site-packages/airflow/example_dags/example_branch_operator_decorator.py
[2024-07-14T13:40:35.359+0000] {processor.py:756} INFO - Processing file /home/airflow/.local/lib/python3.7/site-packages/airflow/example_dags/example_branch_operator_decorator.py for tasks to queue
[2024-07-14T13:40:35.361+0000] {logging_mixin.py:120} INFO - [2024-07-14T13:40:35.361+0000] {dagbag.py:537} INFO - Filling up the DagBag from /home/airflow/.local/lib/python3.7/site-packages/airflow/example_dags/example_branch_operator_decorator.py
[2024-07-14T13:40:35.379+0000] {processor.py:766} INFO - DAG(s) dict_keys(['example_branch_python_operator_decorator']) retrieved from /home/airflow/.local/lib/python3.7/site-packages/airflow/example_dags/example_branch_operator_decorator.py
[2024-07-14T13:40:35.407+0000] {logging_mixin.py:120} INFO - [2024-07-14T13:40:35.407+0000] {dag.py:2585} INFO - Sync 1 DAGs
[2024-07-14T13:40:35.427+0000] {logging_mixin.py:120} INFO - [2024-07-14T13:40:35.427+0000] {dag.py:3340} INFO - Setting next_dagrun for example_branch_python_operator_decorator to 2024-07-13T00:00:00+00:00, run_after=2024-07-14T00:00:00+00:00
[2024-07-14T13:40:35.457+0000] {processor.py:176} INFO - Processing /home/airflow/.local/lib/python3.7/site-packages/airflow/example_dags/example_branch_operator_decorator.py took 0.101 seconds
[2024-07-14T13:41:05.791+0000] {processor.py:154} INFO - Started process (PID=1046) to work on /home/airflow/.local/lib/python3.7/site-packages/airflow/example_dags/example_branch_operator_decorator.py
[2024-07-14T13:41:05.791+0000] {processor.py:756} INFO - Processing file /home/airflow/.local/lib/python3.7/site-packages/airflow/example_dags/example_branch_operator_decorator.py for tasks to queue
[2024-07-14T13:41:05.792+0000] {logging_mixin.py:120} INFO - [2024-07-14T13:41:05.792+0000] {dagbag.py:537} INFO - Filling up the DagBag from /home/airflow/.local/lib/python3.7/site-packages/airflow/example_dags/example_branch_operator_decorator.py
[2024-07-14T13:41:05.808+0000] {processor.py:766} INFO - DAG(s) dict_keys(['example_branch_python_operator_decorator']) retrieved from /home/airflow/.local/lib/python3.7/site-packages/airflow/example_dags/example_branch_operator_decorator.py
[2024-07-14T13:41:05.836+0000] {logging_mixin.py:120} INFO - [2024-07-14T13:41:05.836+0000] {dag.py:2585} INFO - Sync 1 DAGs
[2024-07-14T13:41:05.854+0000] {logging_mixin.py:120} INFO - [2024-07-14T13:41:05.854+0000] {dag.py:3340} INFO - Setting next_dagrun for example_branch_python_operator_decorator to 2024-07-13T00:00:00+00:00, run_after=2024-07-14T00:00:00+00:00
[2024-07-14T13:41:05.868+0000] {processor.py:176} INFO - Processing /home/airflow/.local/lib/python3.7/site-packages/airflow/example_dags/example_branch_operator_decorator.py took 0.081 seconds
[2024-07-14T13:41:36.018+0000] {processor.py:154} INFO - Started process (PID=1112) to work on /home/airflow/.local/lib/python3.7/site-packages/airflow/example_dags/example_branch_operator_decorator.py
[2024-07-14T13:41:36.019+0000] {processor.py:756} INFO - Processing file /home/airflow/.local/lib/python3.7/site-packages/airflow/example_dags/example_branch_operator_decorator.py for tasks to queue
[2024-07-14T13:41:36.020+0000] {logging_mixin.py:120} INFO - [2024-07-14T13:41:36.020+0000] {dagbag.py:537} INFO - Filling up the DagBag from /home/airflow/.local/lib/python3.7/site-packages/airflow/example_dags/example_branch_operator_decorator.py
[2024-07-14T13:41:36.036+0000] {processor.py:766} INFO - DAG(s) dict_keys(['example_branch_python_operator_decorator']) retrieved from /home/airflow/.local/lib/python3.7/site-packages/airflow/example_dags/example_branch_operator_decorator.py
[2024-07-14T13:41:36.065+0000] {logging_mixin.py:120} INFO - [2024-07-14T13:41:36.065+0000] {dag.py:2585} INFO - Sync 1 DAGs
[2024-07-14T13:41:36.085+0000] {logging_mixin.py:120} INFO - [2024-07-14T13:41:36.085+0000] {dag.py:3340} INFO - Setting next_dagrun for example_branch_python_operator_decorator to 2024-07-13T00:00:00+00:00, run_after=2024-07-14T00:00:00+00:00
[2024-07-14T13:41:36.099+0000] {processor.py:176} INFO - Processing /home/airflow/.local/lib/python3.7/site-packages/airflow/example_dags/example_branch_operator_decorator.py took 0.083 seconds
[2024-07-14T13:42:06.752+0000] {processor.py:154} INFO - Started process (PID=1178) to work on /home/airflow/.local/lib/python3.7/site-packages/airflow/example_dags/example_branch_operator_decorator.py
[2024-07-14T13:42:06.753+0000] {processor.py:756} INFO - Processing file /home/airflow/.local/lib/python3.7/site-packages/airflow/example_dags/example_branch_operator_decorator.py for tasks to queue
[2024-07-14T13:42:06.753+0000] {logging_mixin.py:120} INFO - [2024-07-14T13:42:06.753+0000] {dagbag.py:537} INFO - Filling up the DagBag from /home/airflow/.local/lib/python3.7/site-packages/airflow/example_dags/example_branch_operator_decorator.py
[2024-07-14T13:42:06.769+0000] {processor.py:766} INFO - DAG(s) dict_keys(['example_branch_python_operator_decorator']) retrieved from /home/airflow/.local/lib/python3.7/site-packages/airflow/example_dags/example_branch_operator_decorator.py
[2024-07-14T13:42:06.798+0000] {logging_mixin.py:120} INFO - [2024-07-14T13:42:06.798+0000] {dag.py:2585} INFO - Sync 1 DAGs
[2024-07-14T13:42:06.817+0000] {logging_mixin.py:120} INFO - [2024-07-14T13:42:06.817+0000] {dag.py:3340} INFO - Setting next_dagrun for example_branch_python_operator_decorator to 2024-07-13T00:00:00+00:00, run_after=2024-07-14T00:00:00+00:00
[2024-07-14T13:42:06.832+0000] {processor.py:176} INFO - Processing /home/airflow/.local/lib/python3.7/site-packages/airflow/example_dags/example_branch_operator_decorator.py took 0.082 seconds
[2024-07-14T13:42:37.360+0000] {processor.py:154} INFO - Started process (PID=1244) to work on /home/airflow/.local/lib/python3.7/site-packages/airflow/example_dags/example_branch_operator_decorator.py
[2024-07-14T13:42:37.361+0000] {processor.py:756} INFO - Processing file /home/airflow/.local/lib/python3.7/site-packages/airflow/example_dags/example_branch_operator_decorator.py for tasks to queue
[2024-07-14T13:42:37.362+0000] {logging_mixin.py:120} INFO - [2024-07-14T13:42:37.362+0000] {dagbag.py:537} INFO - Filling up the DagBag from /home/airflow/.local/lib/python3.7/site-packages/airflow/example_dags/example_branch_operator_decorator.py
[2024-07-14T13:42:37.377+0000] {processor.py:766} INFO - DAG(s) dict_keys(['example_branch_python_operator_decorator']) retrieved from /home/airflow/.local/lib/python3.7/site-packages/airflow/example_dags/example_branch_operator_decorator.py
[2024-07-14T13:42:37.404+0000] {logging_mixin.py:120} INFO - [2024-07-14T13:42:37.404+0000] {dag.py:2585} INFO - Sync 1 DAGs
[2024-07-14T13:42:37.420+0000] {logging_mixin.py:120} INFO - [2024-07-14T13:42:37.420+0000] {dag.py:3340} INFO - Setting next_dagrun for example_branch_python_operator_decorator to 2024-07-13T00:00:00+00:00, run_after=2024-07-14T00:00:00+00:00
[2024-07-14T13:42:37.432+0000] {processor.py:176} INFO - Processing /home/airflow/.local/lib/python3.7/site-packages/airflow/example_dags/example_branch_operator_decorator.py took 0.074 seconds
[2024-07-14T13:43:08.671+0000] {processor.py:154} INFO - Started process (PID=1311) to work on /home/airflow/.local/lib/python3.7/site-packages/airflow/example_dags/example_branch_operator_decorator.py
[2024-07-14T13:43:08.672+0000] {processor.py:756} INFO - Processing file /home/airflow/.local/lib/python3.7/site-packages/airflow/example_dags/example_branch_operator_decorator.py for tasks to queue
[2024-07-14T13:43:08.673+0000] {logging_mixin.py:120} INFO - [2024-07-14T13:43:08.673+0000] {dagbag.py:537} INFO - Filling up the DagBag from /home/airflow/.local/lib/python3.7/site-packages/airflow/example_dags/example_branch_operator_decorator.py
[2024-07-14T13:43:08.703+0000] {processor.py:766} INFO - DAG(s) dict_keys(['example_branch_python_operator_decorator']) retrieved from /home/airflow/.local/lib/python3.7/site-packages/airflow/example_dags/example_branch_operator_decorator.py
[2024-07-14T13:43:08.731+0000] {logging_mixin.py:120} INFO - [2024-07-14T13:43:08.731+0000] {dag.py:2585} INFO - Sync 1 DAGs
[2024-07-14T13:43:08.747+0000] {logging_mixin.py:120} INFO - [2024-07-14T13:43:08.747+0000] {dag.py:3340} INFO - Setting next_dagrun for example_branch_python_operator_decorator to 2024-07-13T00:00:00+00:00, run_after=2024-07-14T00:00:00+00:00
[2024-07-14T13:43:08.767+0000] {processor.py:176} INFO - Processing /home/airflow/.local/lib/python3.7/site-packages/airflow/example_dags/example_branch_operator_decorator.py took 0.098 seconds
[2024-07-14T13:43:39.292+0000] {processor.py:154} INFO - Started process (PID=1368) to work on /home/airflow/.local/lib/python3.7/site-packages/airflow/example_dags/example_branch_operator_decorator.py
[2024-07-14T13:43:39.295+0000] {processor.py:756} INFO - Processing file /home/airflow/.local/lib/python3.7/site-packages/airflow/example_dags/example_branch_operator_decorator.py for tasks to queue
[2024-07-14T13:43:39.295+0000] {logging_mixin.py:120} INFO - [2024-07-14T13:43:39.295+0000] {dagbag.py:537} INFO - Filling up the DagBag from /home/airflow/.local/lib/python3.7/site-packages/airflow/example_dags/example_branch_operator_decorator.py
[2024-07-14T13:43:39.313+0000] {processor.py:766} INFO - DAG(s) dict_keys(['example_branch_python_operator_decorator']) retrieved from /home/airflow/.local/lib/python3.7/site-packages/airflow/example_dags/example_branch_operator_decorator.py
[2024-07-14T13:43:39.351+0000] {logging_mixin.py:120} INFO - [2024-07-14T13:43:39.351+0000] {dag.py:2585} INFO - Sync 1 DAGs
[2024-07-14T13:43:39.369+0000] {logging_mixin.py:120} INFO - [2024-07-14T13:43:39.369+0000] {dag.py:3340} INFO - Setting next_dagrun for example_branch_python_operator_decorator to 2024-07-13T00:00:00+00:00, run_after=2024-07-14T00:00:00+00:00
[2024-07-14T13:43:39.383+0000] {processor.py:176} INFO - Processing /home/airflow/.local/lib/python3.7/site-packages/airflow/example_dags/example_branch_operator_decorator.py took 0.093 seconds
[2024-07-14T13:44:09.785+0000] {processor.py:154} INFO - Started process (PID=1433) to work on /home/airflow/.local/lib/python3.7/site-packages/airflow/example_dags/example_branch_operator_decorator.py
[2024-07-14T13:44:09.785+0000] {processor.py:756} INFO - Processing file /home/airflow/.local/lib/python3.7/site-packages/airflow/example_dags/example_branch_operator_decorator.py for tasks to queue
[2024-07-14T13:44:09.786+0000] {logging_mixin.py:120} INFO - [2024-07-14T13:44:09.786+0000] {dagbag.py:537} INFO - Filling up the DagBag from /home/airflow/.local/lib/python3.7/site-packages/airflow/example_dags/example_branch_operator_decorator.py
[2024-07-14T13:44:09.801+0000] {processor.py:766} INFO - DAG(s) dict_keys(['example_branch_python_operator_decorator']) retrieved from /home/airflow/.local/lib/python3.7/site-packages/airflow/example_dags/example_branch_operator_decorator.py
[2024-07-14T13:44:09.827+0000] {logging_mixin.py:120} INFO - [2024-07-14T13:44:09.827+0000] {dag.py:2585} INFO - Sync 1 DAGs
[2024-07-14T13:44:09.845+0000] {logging_mixin.py:120} INFO - [2024-07-14T13:44:09.845+0000] {dag.py:3340} INFO - Setting next_dagrun for example_branch_python_operator_decorator to 2024-07-13T00:00:00+00:00, run_after=2024-07-14T00:00:00+00:00
[2024-07-14T13:44:09.859+0000] {processor.py:176} INFO - Processing /home/airflow/.local/lib/python3.7/site-packages/airflow/example_dags/example_branch_operator_decorator.py took 0.076 seconds
[2024-07-14T13:44:40.712+0000] {processor.py:154} INFO - Started process (PID=1498) to work on /home/airflow/.local/lib/python3.7/site-packages/airflow/example_dags/example_branch_operator_decorator.py
[2024-07-14T13:44:40.713+0000] {processor.py:756} INFO - Processing file /home/airflow/.local/lib/python3.7/site-packages/airflow/example_dags/example_branch_operator_decorator.py for tasks to queue
[2024-07-14T13:44:40.714+0000] {logging_mixin.py:120} INFO - [2024-07-14T13:44:40.714+0000] {dagbag.py:537} INFO - Filling up the DagBag from /home/airflow/.local/lib/python3.7/site-packages/airflow/example_dags/example_branch_operator_decorator.py
[2024-07-14T13:44:40.732+0000] {processor.py:766} INFO - DAG(s) dict_keys(['example_branch_python_operator_decorator']) retrieved from /home/airflow/.local/lib/python3.7/site-packages/airflow/example_dags/example_branch_operator_decorator.py
[2024-07-14T13:44:40.763+0000] {logging_mixin.py:120} INFO - [2024-07-14T13:44:40.763+0000] {dag.py:2585} INFO - Sync 1 DAGs
[2024-07-14T13:44:40.788+0000] {logging_mixin.py:120} INFO - [2024-07-14T13:44:40.788+0000] {dag.py:3340} INFO - Setting next_dagrun for example_branch_python_operator_decorator to 2024-07-13T00:00:00+00:00, run_after=2024-07-14T00:00:00+00:00
[2024-07-14T13:44:40.805+0000] {processor.py:176} INFO - Processing /home/airflow/.local/lib/python3.7/site-packages/airflow/example_dags/example_branch_operator_decorator.py took 0.095 seconds
[2024-07-14T13:45:11.524+0000] {processor.py:154} INFO - Started process (PID=1563) to work on /home/airflow/.local/lib/python3.7/site-packages/airflow/example_dags/example_branch_operator_decorator.py
[2024-07-14T13:45:11.525+0000] {processor.py:756} INFO - Processing file /home/airflow/.local/lib/python3.7/site-packages/airflow/example_dags/example_branch_operator_decorator.py for tasks to queue
[2024-07-14T13:45:11.525+0000] {logging_mixin.py:120} INFO - [2024-07-14T13:45:11.525+0000] {dagbag.py:537} INFO - Filling up the DagBag from /home/airflow/.local/lib/python3.7/site-packages/airflow/example_dags/example_branch_operator_decorator.py
[2024-07-14T13:45:11.541+0000] {processor.py:766} INFO - DAG(s) dict_keys(['example_branch_python_operator_decorator']) retrieved from /home/airflow/.local/lib/python3.7/site-packages/airflow/example_dags/example_branch_operator_decorator.py
[2024-07-14T13:45:11.571+0000] {logging_mixin.py:120} INFO - [2024-07-14T13:45:11.571+0000] {dag.py:2585} INFO - Sync 1 DAGs
[2024-07-14T13:45:11.591+0000] {logging_mixin.py:120} INFO - [2024-07-14T13:45:11.589+0000] {dag.py:3340} INFO - Setting next_dagrun for example_branch_python_operator_decorator to 2024-07-13T00:00:00+00:00, run_after=2024-07-14T00:00:00+00:00
[2024-07-14T13:45:11.610+0000] {processor.py:176} INFO - Processing /home/airflow/.local/lib/python3.7/site-packages/airflow/example_dags/example_branch_operator_decorator.py took 0.088 seconds
[2024-07-14T13:45:42.438+0000] {processor.py:154} INFO - Started process (PID=1627) to work on /home/airflow/.local/lib/python3.7/site-packages/airflow/example_dags/example_branch_operator_decorator.py
[2024-07-14T13:45:42.438+0000] {processor.py:756} INFO - Processing file /home/airflow/.local/lib/python3.7/site-packages/airflow/example_dags/example_branch_operator_decorator.py for tasks to queue
[2024-07-14T13:45:42.439+0000] {logging_mixin.py:120} INFO - [2024-07-14T13:45:42.439+0000] {dagbag.py:537} INFO - Filling up the DagBag from /home/airflow/.local/lib/python3.7/site-packages/airflow/example_dags/example_branch_operator_decorator.py
[2024-07-14T13:45:42.455+0000] {processor.py:766} INFO - DAG(s) dict_keys(['example_branch_python_operator_decorator']) retrieved from /home/airflow/.local/lib/python3.7/site-packages/airflow/example_dags/example_branch_operator_decorator.py
[2024-07-14T13:45:42.482+0000] {logging_mixin.py:120} INFO - [2024-07-14T13:45:42.481+0000] {dag.py:2585} INFO - Sync 1 DAGs
[2024-07-14T13:45:42.502+0000] {logging_mixin.py:120} INFO - [2024-07-14T13:45:42.502+0000] {dag.py:3340} INFO - Setting next_dagrun for example_branch_python_operator_decorator to 2024-07-13T00:00:00+00:00, run_after=2024-07-14T00:00:00+00:00
[2024-07-14T13:45:42.517+0000] {processor.py:176} INFO - Processing /home/airflow/.local/lib/python3.7/site-packages/airflow/example_dags/example_branch_operator_decorator.py took 0.082 seconds
[2024-07-14T13:46:13.344+0000] {processor.py:154} INFO - Started process (PID=1683) to work on /home/airflow/.local/lib/python3.7/site-packages/airflow/example_dags/example_branch_operator_decorator.py
[2024-07-14T13:46:13.345+0000] {processor.py:756} INFO - Processing file /home/airflow/.local/lib/python3.7/site-packages/airflow/example_dags/example_branch_operator_decorator.py for tasks to queue
[2024-07-14T13:46:13.346+0000] {logging_mixin.py:120} INFO - [2024-07-14T13:46:13.346+0000] {dagbag.py:537} INFO - Filling up the DagBag from /home/airflow/.local/lib/python3.7/site-packages/airflow/example_dags/example_branch_operator_decorator.py
[2024-07-14T13:46:13.364+0000] {processor.py:766} INFO - DAG(s) dict_keys(['example_branch_python_operator_decorator']) retrieved from /home/airflow/.local/lib/python3.7/site-packages/airflow/example_dags/example_branch_operator_decorator.py
[2024-07-14T13:46:13.392+0000] {logging_mixin.py:120} INFO - [2024-07-14T13:46:13.392+0000] {dag.py:2585} INFO - Sync 1 DAGs
[2024-07-14T13:46:13.409+0000] {logging_mixin.py:120} INFO - [2024-07-14T13:46:13.408+0000] {dag.py:3340} INFO - Setting next_dagrun for example_branch_python_operator_decorator to 2024-07-13T00:00:00+00:00, run_after=2024-07-14T00:00:00+00:00
[2024-07-14T13:46:13.425+0000] {processor.py:176} INFO - Processing /home/airflow/.local/lib/python3.7/site-packages/airflow/example_dags/example_branch_operator_decorator.py took 0.083 seconds
[2024-07-14T13:46:44.169+0000] {processor.py:154} INFO - Started process (PID=1749) to work on /home/airflow/.local/lib/python3.7/site-packages/airflow/example_dags/example_branch_operator_decorator.py
[2024-07-14T13:46:44.169+0000] {processor.py:756} INFO - Processing file /home/airflow/.local/lib/python3.7/site-packages/airflow/example_dags/example_branch_operator_decorator.py for tasks to queue
[2024-07-14T13:46:44.170+0000] {logging_mixin.py:120} INFO - [2024-07-14T13:46:44.170+0000] {dagbag.py:537} INFO - Filling up the DagBag from /home/airflow/.local/lib/python3.7/site-packages/airflow/example_dags/example_branch_operator_decorator.py
[2024-07-14T13:46:44.185+0000] {processor.py:766} INFO - DAG(s) dict_keys(['example_branch_python_operator_decorator']) retrieved from /home/airflow/.local/lib/python3.7/site-packages/airflow/example_dags/example_branch_operator_decorator.py
[2024-07-14T13:46:44.220+0000] {logging_mixin.py:120} INFO - [2024-07-14T13:46:44.220+0000] {dag.py:2585} INFO - Sync 1 DAGs
[2024-07-14T13:46:44.238+0000] {logging_mixin.py:120} INFO - [2024-07-14T13:46:44.238+0000] {dag.py:3340} INFO - Setting next_dagrun for example_branch_python_operator_decorator to 2024-07-13T00:00:00+00:00, run_after=2024-07-14T00:00:00+00:00
[2024-07-14T13:46:44.258+0000] {processor.py:176} INFO - Processing /home/airflow/.local/lib/python3.7/site-packages/airflow/example_dags/example_branch_operator_decorator.py took 0.091 seconds
[2024-07-14T13:47:15.156+0000] {processor.py:154} INFO - Started process (PID=1815) to work on /home/airflow/.local/lib/python3.7/site-packages/airflow/example_dags/example_branch_operator_decorator.py
[2024-07-14T13:47:15.157+0000] {processor.py:756} INFO - Processing file /home/airflow/.local/lib/python3.7/site-packages/airflow/example_dags/example_branch_operator_decorator.py for tasks to queue
[2024-07-14T13:47:15.158+0000] {logging_mixin.py:120} INFO - [2024-07-14T13:47:15.158+0000] {dagbag.py:537} INFO - Filling up the DagBag from /home/airflow/.local/lib/python3.7/site-packages/airflow/example_dags/example_branch_operator_decorator.py
[2024-07-14T13:47:15.175+0000] {processor.py:766} INFO - DAG(s) dict_keys(['example_branch_python_operator_decorator']) retrieved from /home/airflow/.local/lib/python3.7/site-packages/airflow/example_dags/example_branch_operator_decorator.py
[2024-07-14T13:47:15.203+0000] {logging_mixin.py:120} INFO - [2024-07-14T13:47:15.203+0000] {dag.py:2585} INFO - Sync 1 DAGs
[2024-07-14T13:47:15.220+0000] {logging_mixin.py:120} INFO - [2024-07-14T13:47:15.220+0000] {dag.py:3340} INFO - Setting next_dagrun for example_branch_python_operator_decorator to 2024-07-13T00:00:00+00:00, run_after=2024-07-14T00:00:00+00:00
[2024-07-14T13:47:15.235+0000] {processor.py:176} INFO - Processing /home/airflow/.local/lib/python3.7/site-packages/airflow/example_dags/example_branch_operator_decorator.py took 0.081 seconds
[2024-07-14T13:47:46.639+0000] {processor.py:154} INFO - Started process (PID=1881) to work on /home/airflow/.local/lib/python3.7/site-packages/airflow/example_dags/example_branch_operator_decorator.py
[2024-07-14T13:47:46.640+0000] {processor.py:756} INFO - Processing file /home/airflow/.local/lib/python3.7/site-packages/airflow/example_dags/example_branch_operator_decorator.py for tasks to queue
[2024-07-14T13:47:46.641+0000] {logging_mixin.py:120} INFO - [2024-07-14T13:47:46.641+0000] {dagbag.py:537} INFO - Filling up the DagBag from /home/airflow/.local/lib/python3.7/site-packages/airflow/example_dags/example_branch_operator_decorator.py
[2024-07-14T13:47:46.662+0000] {processor.py:766} INFO - DAG(s) dict_keys(['example_branch_python_operator_decorator']) retrieved from /home/airflow/.local/lib/python3.7/site-packages/airflow/example_dags/example_branch_operator_decorator.py
[2024-07-14T13:47:46.710+0000] {logging_mixin.py:120} INFO - [2024-07-14T13:47:46.710+0000] {dag.py:2585} INFO - Sync 1 DAGs
[2024-07-14T13:47:46.733+0000] {logging_mixin.py:120} INFO - [2024-07-14T13:47:46.733+0000] {dag.py:3340} INFO - Setting next_dagrun for example_branch_python_operator_decorator to 2024-07-13T00:00:00+00:00, run_after=2024-07-14T00:00:00+00:00
[2024-07-14T13:47:46.757+0000] {processor.py:176} INFO - Processing /home/airflow/.local/lib/python3.7/site-packages/airflow/example_dags/example_branch_operator_decorator.py took 0.120 seconds
[2024-07-14T13:48:17.814+0000] {processor.py:154} INFO - Started process (PID=1947) to work on /home/airflow/.local/lib/python3.7/site-packages/airflow/example_dags/example_branch_operator_decorator.py
[2024-07-14T13:48:17.816+0000] {processor.py:756} INFO - Processing file /home/airflow/.local/lib/python3.7/site-packages/airflow/example_dags/example_branch_operator_decorator.py for tasks to queue
[2024-07-14T13:48:17.817+0000] {logging_mixin.py:120} INFO - [2024-07-14T13:48:17.817+0000] {dagbag.py:537} INFO - Filling up the DagBag from /home/airflow/.local/lib/python3.7/site-packages/airflow/example_dags/example_branch_operator_decorator.py
[2024-07-14T13:48:17.842+0000] {processor.py:766} INFO - DAG(s) dict_keys(['example_branch_python_operator_decorator']) retrieved from /home/airflow/.local/lib/python3.7/site-packages/airflow/example_dags/example_branch_operator_decorator.py
[2024-07-14T13:48:17.883+0000] {logging_mixin.py:120} INFO - [2024-07-14T13:48:17.883+0000] {dag.py:2585} INFO - Sync 1 DAGs
[2024-07-14T13:48:17.994+0000] {logging_mixin.py:120} INFO - [2024-07-14T13:48:17.994+0000] {dag.py:3340} INFO - Setting next_dagrun for example_branch_python_operator_decorator to 2024-07-13T00:00:00+00:00, run_after=2024-07-14T00:00:00+00:00
[2024-07-14T13:48:18.106+0000] {processor.py:176} INFO - Processing /home/airflow/.local/lib/python3.7/site-packages/airflow/example_dags/example_branch_operator_decorator.py took 0.295 seconds
[2024-07-14T13:48:48.426+0000] {processor.py:154} INFO - Started process (PID=2013) to work on /home/airflow/.local/lib/python3.7/site-packages/airflow/example_dags/example_branch_operator_decorator.py
[2024-07-14T13:48:48.428+0000] {processor.py:756} INFO - Processing file /home/airflow/.local/lib/python3.7/site-packages/airflow/example_dags/example_branch_operator_decorator.py for tasks to queue
[2024-07-14T13:48:48.428+0000] {logging_mixin.py:120} INFO - [2024-07-14T13:48:48.428+0000] {dagbag.py:537} INFO - Filling up the DagBag from /home/airflow/.local/lib/python3.7/site-packages/airflow/example_dags/example_branch_operator_decorator.py
[2024-07-14T13:48:48.445+0000] {processor.py:766} INFO - DAG(s) dict_keys(['example_branch_python_operator_decorator']) retrieved from /home/airflow/.local/lib/python3.7/site-packages/airflow/example_dags/example_branch_operator_decorator.py
[2024-07-14T13:48:48.471+0000] {logging_mixin.py:120} INFO - [2024-07-14T13:48:48.471+0000] {dag.py:2585} INFO - Sync 1 DAGs
[2024-07-14T13:48:48.496+0000] {logging_mixin.py:120} INFO - [2024-07-14T13:48:48.496+0000] {dag.py:3340} INFO - Setting next_dagrun for example_branch_python_operator_decorator to 2024-07-13T00:00:00+00:00, run_after=2024-07-14T00:00:00+00:00
[2024-07-14T13:48:48.508+0000] {processor.py:176} INFO - Processing /home/airflow/.local/lib/python3.7/site-packages/airflow/example_dags/example_branch_operator_decorator.py took 0.085 seconds
[2024-07-14T13:49:19.031+0000] {processor.py:154} INFO - Started process (PID=2070) to work on /home/airflow/.local/lib/python3.7/site-packages/airflow/example_dags/example_branch_operator_decorator.py
[2024-07-14T13:49:19.031+0000] {processor.py:756} INFO - Processing file /home/airflow/.local/lib/python3.7/site-packages/airflow/example_dags/example_branch_operator_decorator.py for tasks to queue
[2024-07-14T13:49:19.032+0000] {logging_mixin.py:120} INFO - [2024-07-14T13:49:19.032+0000] {dagbag.py:537} INFO - Filling up the DagBag from /home/airflow/.local/lib/python3.7/site-packages/airflow/example_dags/example_branch_operator_decorator.py
[2024-07-14T13:49:19.049+0000] {processor.py:766} INFO - DAG(s) dict_keys(['example_branch_python_operator_decorator']) retrieved from /home/airflow/.local/lib/python3.7/site-packages/airflow/example_dags/example_branch_operator_decorator.py
[2024-07-14T13:49:19.079+0000] {logging_mixin.py:120} INFO - [2024-07-14T13:49:19.078+0000] {dag.py:2585} INFO - Sync 1 DAGs
[2024-07-14T13:49:19.098+0000] {logging_mixin.py:120} INFO - [2024-07-14T13:49:19.098+0000] {dag.py:3340} INFO - Setting next_dagrun for example_branch_python_operator_decorator to 2024-07-13T00:00:00+00:00, run_after=2024-07-14T00:00:00+00:00
[2024-07-14T13:49:19.117+0000] {processor.py:176} INFO - Processing /home/airflow/.local/lib/python3.7/site-packages/airflow/example_dags/example_branch_operator_decorator.py took 0.088 seconds
[2024-07-14T13:49:50.018+0000] {processor.py:154} INFO - Started process (PID=2136) to work on /home/airflow/.local/lib/python3.7/site-packages/airflow/example_dags/example_branch_operator_decorator.py
[2024-07-14T13:49:50.020+0000] {processor.py:756} INFO - Processing file /home/airflow/.local/lib/python3.7/site-packages/airflow/example_dags/example_branch_operator_decorator.py for tasks to queue
[2024-07-14T13:49:50.020+0000] {logging_mixin.py:120} INFO - [2024-07-14T13:49:50.020+0000] {dagbag.py:537} INFO - Filling up the DagBag from /home/airflow/.local/lib/python3.7/site-packages/airflow/example_dags/example_branch_operator_decorator.py
[2024-07-14T13:49:50.040+0000] {processor.py:766} INFO - DAG(s) dict_keys(['example_branch_python_operator_decorator']) retrieved from /home/airflow/.local/lib/python3.7/site-packages/airflow/example_dags/example_branch_operator_decorator.py
[2024-07-14T13:49:50.068+0000] {logging_mixin.py:120} INFO - [2024-07-14T13:49:50.068+0000] {dag.py:2585} INFO - Sync 1 DAGs
[2024-07-14T13:49:50.090+0000] {logging_mixin.py:120} INFO - [2024-07-14T13:49:50.090+0000] {dag.py:3340} INFO - Setting next_dagrun for example_branch_python_operator_decorator to 2024-07-13T00:00:00+00:00, run_after=2024-07-14T00:00:00+00:00
[2024-07-14T13:49:50.108+0000] {processor.py:176} INFO - Processing /home/airflow/.local/lib/python3.7/site-packages/airflow/example_dags/example_branch_operator_decorator.py took 0.092 seconds
[2024-07-14T13:50:20.630+0000] {processor.py:154} INFO - Started process (PID=2202) to work on /home/airflow/.local/lib/python3.7/site-packages/airflow/example_dags/example_branch_operator_decorator.py
[2024-07-14T13:50:20.631+0000] {processor.py:756} INFO - Processing file /home/airflow/.local/lib/python3.7/site-packages/airflow/example_dags/example_branch_operator_decorator.py for tasks to queue
[2024-07-14T13:50:20.631+0000] {logging_mixin.py:120} INFO - [2024-07-14T13:50:20.631+0000] {dagbag.py:537} INFO - Filling up the DagBag from /home/airflow/.local/lib/python3.7/site-packages/airflow/example_dags/example_branch_operator_decorator.py
[2024-07-14T13:50:20.647+0000] {processor.py:766} INFO - DAG(s) dict_keys(['example_branch_python_operator_decorator']) retrieved from /home/airflow/.local/lib/python3.7/site-packages/airflow/example_dags/example_branch_operator_decorator.py
[2024-07-14T13:50:20.674+0000] {logging_mixin.py:120} INFO - [2024-07-14T13:50:20.674+0000] {dag.py:2585} INFO - Sync 1 DAGs
[2024-07-14T13:50:20.694+0000] {logging_mixin.py:120} INFO - [2024-07-14T13:50:20.694+0000] {dag.py:3340} INFO - Setting next_dagrun for example_branch_python_operator_decorator to 2024-07-13T00:00:00+00:00, run_after=2024-07-14T00:00:00+00:00
[2024-07-14T13:50:20.718+0000] {processor.py:176} INFO - Processing /home/airflow/.local/lib/python3.7/site-packages/airflow/example_dags/example_branch_operator_decorator.py took 0.090 seconds
[2024-07-14T13:50:50.822+0000] {processor.py:154} INFO - Started process (PID=2268) to work on /home/airflow/.local/lib/python3.7/site-packages/airflow/example_dags/example_branch_operator_decorator.py
[2024-07-14T13:50:50.823+0000] {processor.py:756} INFO - Processing file /home/airflow/.local/lib/python3.7/site-packages/airflow/example_dags/example_branch_operator_decorator.py for tasks to queue
[2024-07-14T13:50:50.823+0000] {logging_mixin.py:120} INFO - [2024-07-14T13:50:50.823+0000] {dagbag.py:537} INFO - Filling up the DagBag from /home/airflow/.local/lib/python3.7/site-packages/airflow/example_dags/example_branch_operator_decorator.py
[2024-07-14T13:50:50.840+0000] {processor.py:766} INFO - DAG(s) dict_keys(['example_branch_python_operator_decorator']) retrieved from /home/airflow/.local/lib/python3.7/site-packages/airflow/example_dags/example_branch_operator_decorator.py
[2024-07-14T13:50:50.869+0000] {logging_mixin.py:120} INFO - [2024-07-14T13:50:50.869+0000] {dag.py:2585} INFO - Sync 1 DAGs
[2024-07-14T13:50:50.888+0000] {logging_mixin.py:120} INFO - [2024-07-14T13:50:50.888+0000] {dag.py:3340} INFO - Setting next_dagrun for example_branch_python_operator_decorator to 2024-07-13T00:00:00+00:00, run_after=2024-07-14T00:00:00+00:00
[2024-07-14T13:50:50.908+0000] {processor.py:176} INFO - Processing /home/airflow/.local/lib/python3.7/site-packages/airflow/example_dags/example_branch_operator_decorator.py took 0.088 seconds
[2024-07-14T13:51:21.405+0000] {processor.py:154} INFO - Started process (PID=2334) to work on /home/airflow/.local/lib/python3.7/site-packages/airflow/example_dags/example_branch_operator_decorator.py
[2024-07-14T13:51:21.406+0000] {processor.py:756} INFO - Processing file /home/airflow/.local/lib/python3.7/site-packages/airflow/example_dags/example_branch_operator_decorator.py for tasks to queue
[2024-07-14T13:51:21.407+0000] {logging_mixin.py:120} INFO - [2024-07-14T13:51:21.407+0000] {dagbag.py:537} INFO - Filling up the DagBag from /home/airflow/.local/lib/python3.7/site-packages/airflow/example_dags/example_branch_operator_decorator.py
[2024-07-14T13:51:21.435+0000] {processor.py:766} INFO - DAG(s) dict_keys(['example_branch_python_operator_decorator']) retrieved from /home/airflow/.local/lib/python3.7/site-packages/airflow/example_dags/example_branch_operator_decorator.py
[2024-07-14T13:51:21.465+0000] {logging_mixin.py:120} INFO - [2024-07-14T13:51:21.465+0000] {dag.py:2585} INFO - Sync 1 DAGs
[2024-07-14T13:51:21.485+0000] {logging_mixin.py:120} INFO - [2024-07-14T13:51:21.485+0000] {dag.py:3340} INFO - Setting next_dagrun for example_branch_python_operator_decorator to 2024-07-13T00:00:00+00:00, run_after=2024-07-14T00:00:00+00:00
[2024-07-14T13:51:21.501+0000] {processor.py:176} INFO - Processing /home/airflow/.local/lib/python3.7/site-packages/airflow/example_dags/example_branch_operator_decorator.py took 0.098 seconds
[2024-07-14T13:51:51.591+0000] {processor.py:154} INFO - Started process (PID=2391) to work on /home/airflow/.local/lib/python3.7/site-packages/airflow/example_dags/example_branch_operator_decorator.py
[2024-07-14T13:51:51.592+0000] {processor.py:756} INFO - Processing file /home/airflow/.local/lib/python3.7/site-packages/airflow/example_dags/example_branch_operator_decorator.py for tasks to queue
[2024-07-14T13:51:51.593+0000] {logging_mixin.py:120} INFO - [2024-07-14T13:51:51.593+0000] {dagbag.py:537} INFO - Filling up the DagBag from /home/airflow/.local/lib/python3.7/site-packages/airflow/example_dags/example_branch_operator_decorator.py
[2024-07-14T13:51:51.612+0000] {processor.py:766} INFO - DAG(s) dict_keys(['example_branch_python_operator_decorator']) retrieved from /home/airflow/.local/lib/python3.7/site-packages/airflow/example_dags/example_branch_operator_decorator.py
[2024-07-14T13:51:51.646+0000] {logging_mixin.py:120} INFO - [2024-07-14T13:51:51.646+0000] {dag.py:2585} INFO - Sync 1 DAGs
[2024-07-14T13:51:51.670+0000] {logging_mixin.py:120} INFO - [2024-07-14T13:51:51.670+0000] {dag.py:3340} INFO - Setting next_dagrun for example_branch_python_operator_decorator to 2024-07-13T00:00:00+00:00, run_after=2024-07-14T00:00:00+00:00
[2024-07-14T13:51:51.689+0000] {processor.py:176} INFO - Processing /home/airflow/.local/lib/python3.7/site-packages/airflow/example_dags/example_branch_operator_decorator.py took 0.100 seconds
[2024-07-14T13:52:21.931+0000] {processor.py:154} INFO - Started process (PID=2457) to work on /home/airflow/.local/lib/python3.7/site-packages/airflow/example_dags/example_branch_operator_decorator.py
[2024-07-14T13:52:21.932+0000] {processor.py:756} INFO - Processing file /home/airflow/.local/lib/python3.7/site-packages/airflow/example_dags/example_branch_operator_decorator.py for tasks to queue
[2024-07-14T13:52:21.933+0000] {logging_mixin.py:120} INFO - [2024-07-14T13:52:21.933+0000] {dagbag.py:537} INFO - Filling up the DagBag from /home/airflow/.local/lib/python3.7/site-packages/airflow/example_dags/example_branch_operator_decorator.py
[2024-07-14T13:52:21.953+0000] {processor.py:766} INFO - DAG(s) dict_keys(['example_branch_python_operator_decorator']) retrieved from /home/airflow/.local/lib/python3.7/site-packages/airflow/example_dags/example_branch_operator_decorator.py
[2024-07-14T13:52:21.981+0000] {logging_mixin.py:120} INFO - [2024-07-14T13:52:21.980+0000] {dag.py:2585} INFO - Sync 1 DAGs
[2024-07-14T13:52:21.997+0000] {logging_mixin.py:120} INFO - [2024-07-14T13:52:21.997+0000] {dag.py:3340} INFO - Setting next_dagrun for example_branch_python_operator_decorator to 2024-07-13T00:00:00+00:00, run_after=2024-07-14T00:00:00+00:00
[2024-07-14T13:52:22.010+0000] {processor.py:176} INFO - Processing /home/airflow/.local/lib/python3.7/site-packages/airflow/example_dags/example_branch_operator_decorator.py took 0.081 seconds
[2024-07-14T13:52:52.334+0000] {processor.py:154} INFO - Started process (PID=2523) to work on /home/airflow/.local/lib/python3.7/site-packages/airflow/example_dags/example_branch_operator_decorator.py
[2024-07-14T13:52:52.335+0000] {processor.py:756} INFO - Processing file /home/airflow/.local/lib/python3.7/site-packages/airflow/example_dags/example_branch_operator_decorator.py for tasks to queue
[2024-07-14T13:52:52.335+0000] {logging_mixin.py:120} INFO - [2024-07-14T13:52:52.335+0000] {dagbag.py:537} INFO - Filling up the DagBag from /home/airflow/.local/lib/python3.7/site-packages/airflow/example_dags/example_branch_operator_decorator.py
[2024-07-14T13:52:52.352+0000] {processor.py:766} INFO - DAG(s) dict_keys(['example_branch_python_operator_decorator']) retrieved from /home/airflow/.local/lib/python3.7/site-packages/airflow/example_dags/example_branch_operator_decorator.py
[2024-07-14T13:52:52.384+0000] {logging_mixin.py:120} INFO - [2024-07-14T13:52:52.384+0000] {dag.py:2585} INFO - Sync 1 DAGs
[2024-07-14T13:52:52.405+0000] {logging_mixin.py:120} INFO - [2024-07-14T13:52:52.405+0000] {dag.py:3340} INFO - Setting next_dagrun for example_branch_python_operator_decorator to 2024-07-13T00:00:00+00:00, run_after=2024-07-14T00:00:00+00:00
[2024-07-14T13:52:52.420+0000] {processor.py:176} INFO - Processing /home/airflow/.local/lib/python3.7/site-packages/airflow/example_dags/example_branch_operator_decorator.py took 0.090 seconds
[2024-07-14T13:53:22.631+0000] {processor.py:154} INFO - Started process (PID=2589) to work on /home/airflow/.local/lib/python3.7/site-packages/airflow/example_dags/example_branch_operator_decorator.py
[2024-07-14T13:53:22.632+0000] {processor.py:756} INFO - Processing file /home/airflow/.local/lib/python3.7/site-packages/airflow/example_dags/example_branch_operator_decorator.py for tasks to queue
[2024-07-14T13:53:22.633+0000] {logging_mixin.py:120} INFO - [2024-07-14T13:53:22.633+0000] {dagbag.py:537} INFO - Filling up the DagBag from /home/airflow/.local/lib/python3.7/site-packages/airflow/example_dags/example_branch_operator_decorator.py
[2024-07-14T13:53:22.650+0000] {processor.py:766} INFO - DAG(s) dict_keys(['example_branch_python_operator_decorator']) retrieved from /home/airflow/.local/lib/python3.7/site-packages/airflow/example_dags/example_branch_operator_decorator.py
[2024-07-14T13:53:22.682+0000] {logging_mixin.py:120} INFO - [2024-07-14T13:53:22.682+0000] {dag.py:2585} INFO - Sync 1 DAGs
[2024-07-14T13:53:22.715+0000] {logging_mixin.py:120} INFO - [2024-07-14T13:53:22.715+0000] {dag.py:3340} INFO - Setting next_dagrun for example_branch_python_operator_decorator to 2024-07-13T00:00:00+00:00, run_after=2024-07-14T00:00:00+00:00
[2024-07-14T13:53:22.735+0000] {processor.py:176} INFO - Processing /home/airflow/.local/lib/python3.7/site-packages/airflow/example_dags/example_branch_operator_decorator.py took 0.105 seconds
[2024-07-14T13:53:53.188+0000] {processor.py:154} INFO - Started process (PID=2646) to work on /home/airflow/.local/lib/python3.7/site-packages/airflow/example_dags/example_branch_operator_decorator.py
[2024-07-14T13:53:53.189+0000] {processor.py:756} INFO - Processing file /home/airflow/.local/lib/python3.7/site-packages/airflow/example_dags/example_branch_operator_decorator.py for tasks to queue
[2024-07-14T13:53:53.190+0000] {logging_mixin.py:120} INFO - [2024-07-14T13:53:53.190+0000] {dagbag.py:537} INFO - Filling up the DagBag from /home/airflow/.local/lib/python3.7/site-packages/airflow/example_dags/example_branch_operator_decorator.py
[2024-07-14T13:53:53.205+0000] {processor.py:766} INFO - DAG(s) dict_keys(['example_branch_python_operator_decorator']) retrieved from /home/airflow/.local/lib/python3.7/site-packages/airflow/example_dags/example_branch_operator_decorator.py
[2024-07-14T13:53:53.245+0000] {logging_mixin.py:120} INFO - [2024-07-14T13:53:53.245+0000] {dag.py:2585} INFO - Sync 1 DAGs
[2024-07-14T13:53:53.320+0000] {logging_mixin.py:120} INFO - [2024-07-14T13:53:53.319+0000] {dag.py:3340} INFO - Setting next_dagrun for example_branch_python_operator_decorator to 2024-07-13T00:00:00+00:00, run_after=2024-07-14T00:00:00+00:00
[2024-07-14T13:53:53.346+0000] {processor.py:176} INFO - Processing /home/airflow/.local/lib/python3.7/site-packages/airflow/example_dags/example_branch_operator_decorator.py took 0.159 seconds
[2024-07-14T13:54:24.236+0000] {processor.py:154} INFO - Started process (PID=2711) to work on /home/airflow/.local/lib/python3.7/site-packages/airflow/example_dags/example_branch_operator_decorator.py
[2024-07-14T13:54:24.237+0000] {processor.py:756} INFO - Processing file /home/airflow/.local/lib/python3.7/site-packages/airflow/example_dags/example_branch_operator_decorator.py for tasks to queue
[2024-07-14T13:54:24.237+0000] {logging_mixin.py:120} INFO - [2024-07-14T13:54:24.237+0000] {dagbag.py:537} INFO - Filling up the DagBag from /home/airflow/.local/lib/python3.7/site-packages/airflow/example_dags/example_branch_operator_decorator.py
[2024-07-14T13:54:24.253+0000] {processor.py:766} INFO - DAG(s) dict_keys(['example_branch_python_operator_decorator']) retrieved from /home/airflow/.local/lib/python3.7/site-packages/airflow/example_dags/example_branch_operator_decorator.py
[2024-07-14T13:54:24.284+0000] {logging_mixin.py:120} INFO - [2024-07-14T13:54:24.284+0000] {dag.py:2585} INFO - Sync 1 DAGs
[2024-07-14T13:54:24.305+0000] {logging_mixin.py:120} INFO - [2024-07-14T13:54:24.305+0000] {dag.py:3340} INFO - Setting next_dagrun for example_branch_python_operator_decorator to 2024-07-13T00:00:00+00:00, run_after=2024-07-14T00:00:00+00:00
[2024-07-14T13:54:24.324+0000] {processor.py:176} INFO - Processing /home/airflow/.local/lib/python3.7/site-packages/airflow/example_dags/example_branch_operator_decorator.py took 0.091 seconds
[2024-07-14T13:54:54.592+0000] {processor.py:154} INFO - Started process (PID=2777) to work on /home/airflow/.local/lib/python3.7/site-packages/airflow/example_dags/example_branch_operator_decorator.py
[2024-07-14T13:54:54.593+0000] {processor.py:756} INFO - Processing file /home/airflow/.local/lib/python3.7/site-packages/airflow/example_dags/example_branch_operator_decorator.py for tasks to queue
[2024-07-14T13:54:54.593+0000] {logging_mixin.py:120} INFO - [2024-07-14T13:54:54.593+0000] {dagbag.py:537} INFO - Filling up the DagBag from /home/airflow/.local/lib/python3.7/site-packages/airflow/example_dags/example_branch_operator_decorator.py
[2024-07-14T13:54:54.609+0000] {processor.py:766} INFO - DAG(s) dict_keys(['example_branch_python_operator_decorator']) retrieved from /home/airflow/.local/lib/python3.7/site-packages/airflow/example_dags/example_branch_operator_decorator.py
[2024-07-14T13:54:54.634+0000] {logging_mixin.py:120} INFO - [2024-07-14T13:54:54.634+0000] {dag.py:2585} INFO - Sync 1 DAGs
[2024-07-14T13:54:54.651+0000] {logging_mixin.py:120} INFO - [2024-07-14T13:54:54.651+0000] {dag.py:3340} INFO - Setting next_dagrun for example_branch_python_operator_decorator to 2024-07-13T00:00:00+00:00, run_after=2024-07-14T00:00:00+00:00
[2024-07-14T13:54:54.666+0000] {processor.py:176} INFO - Processing /home/airflow/.local/lib/python3.7/site-packages/airflow/example_dags/example_branch_operator_decorator.py took 0.076 seconds
[2024-07-14T13:55:24.754+0000] {processor.py:154} INFO - Started process (PID=2841) to work on /home/airflow/.local/lib/python3.7/site-packages/airflow/example_dags/example_branch_operator_decorator.py
[2024-07-14T13:55:24.754+0000] {processor.py:756} INFO - Processing file /home/airflow/.local/lib/python3.7/site-packages/airflow/example_dags/example_branch_operator_decorator.py for tasks to queue
[2024-07-14T13:55:24.755+0000] {logging_mixin.py:120} INFO - [2024-07-14T13:55:24.755+0000] {dagbag.py:537} INFO - Filling up the DagBag from /home/airflow/.local/lib/python3.7/site-packages/airflow/example_dags/example_branch_operator_decorator.py
[2024-07-14T13:55:24.771+0000] {processor.py:766} INFO - DAG(s) dict_keys(['example_branch_python_operator_decorator']) retrieved from /home/airflow/.local/lib/python3.7/site-packages/airflow/example_dags/example_branch_operator_decorator.py
[2024-07-14T13:55:24.800+0000] {logging_mixin.py:120} INFO - [2024-07-14T13:55:24.800+0000] {dag.py:2585} INFO - Sync 1 DAGs
[2024-07-14T13:55:24.821+0000] {logging_mixin.py:120} INFO - [2024-07-14T13:55:24.821+0000] {dag.py:3340} INFO - Setting next_dagrun for example_branch_python_operator_decorator to 2024-07-13T00:00:00+00:00, run_after=2024-07-14T00:00:00+00:00
[2024-07-14T13:55:24.837+0000] {processor.py:176} INFO - Processing /home/airflow/.local/lib/python3.7/site-packages/airflow/example_dags/example_branch_operator_decorator.py took 0.086 seconds
[2024-07-14T13:55:55.216+0000] {processor.py:154} INFO - Started process (PID=2898) to work on /home/airflow/.local/lib/python3.7/site-packages/airflow/example_dags/example_branch_operator_decorator.py
[2024-07-14T13:55:55.217+0000] {processor.py:756} INFO - Processing file /home/airflow/.local/lib/python3.7/site-packages/airflow/example_dags/example_branch_operator_decorator.py for tasks to queue
[2024-07-14T13:55:55.218+0000] {logging_mixin.py:120} INFO - [2024-07-14T13:55:55.217+0000] {dagbag.py:537} INFO - Filling up the DagBag from /home/airflow/.local/lib/python3.7/site-packages/airflow/example_dags/example_branch_operator_decorator.py
[2024-07-14T13:55:55.241+0000] {processor.py:766} INFO - DAG(s) dict_keys(['example_branch_python_operator_decorator']) retrieved from /home/airflow/.local/lib/python3.7/site-packages/airflow/example_dags/example_branch_operator_decorator.py
[2024-07-14T13:55:55.287+0000] {logging_mixin.py:120} INFO - [2024-07-14T13:55:55.287+0000] {dag.py:2585} INFO - Sync 1 DAGs
[2024-07-14T13:55:55.367+0000] {logging_mixin.py:120} INFO - [2024-07-14T13:55:55.367+0000] {dag.py:3340} INFO - Setting next_dagrun for example_branch_python_operator_decorator to 2024-07-13T00:00:00+00:00, run_after=2024-07-14T00:00:00+00:00
[2024-07-14T13:55:55.396+0000] {processor.py:176} INFO - Processing /home/airflow/.local/lib/python3.7/site-packages/airflow/example_dags/example_branch_operator_decorator.py took 0.182 seconds
[2024-07-14T14:28:42.048+0000] {processor.py:153} INFO - Started process (PID=82) to work on /home/airflow/.local/lib/python3.7/site-packages/airflow/example_dags/example_branch_operator_decorator.py
[2024-07-14T14:28:42.050+0000] {processor.py:743} INFO - Processing file /home/airflow/.local/lib/python3.7/site-packages/airflow/example_dags/example_branch_operator_decorator.py for tasks to queue
[2024-07-14T14:28:42.051+0000] {logging_mixin.py:137} INFO - [2024-07-14T14:28:42.051+0000] {dagbag.py:538} INFO - Filling up the DagBag from /home/airflow/.local/lib/python3.7/site-packages/airflow/example_dags/example_branch_operator_decorator.py
[2024-07-14T14:28:42.082+0000] {processor.py:753} INFO - DAG(s) dict_keys(['example_branch_python_operator_decorator']) retrieved from /home/airflow/.local/lib/python3.7/site-packages/airflow/example_dags/example_branch_operator_decorator.py
[2024-07-14T14:28:42.095+0000] {logging_mixin.py:137} INFO - [2024-07-14T14:28:42.095+0000] {dag.py:2690} INFO - Sync 1 DAGs
[2024-07-14T14:28:42.131+0000] {logging_mixin.py:137} INFO - [2024-07-14T14:28:42.131+0000] {dag.py:3441} INFO - Setting next_dagrun for example_branch_python_operator_decorator to 2024-07-13T00:00:00+00:00, run_after=2024-07-14T00:00:00+00:00
[2024-07-14T14:28:42.160+0000] {processor.py:175} INFO - Processing /home/airflow/.local/lib/python3.7/site-packages/airflow/example_dags/example_branch_operator_decorator.py took 0.115 seconds
[2024-07-14T14:29:12.542+0000] {processor.py:153} INFO - Started process (PID=214) to work on /home/airflow/.local/lib/python3.7/site-packages/airflow/example_dags/example_branch_operator_decorator.py
[2024-07-14T14:29:12.544+0000] {processor.py:743} INFO - Processing file /home/airflow/.local/lib/python3.7/site-packages/airflow/example_dags/example_branch_operator_decorator.py for tasks to queue
[2024-07-14T14:29:12.545+0000] {logging_mixin.py:137} INFO - [2024-07-14T14:29:12.544+0000] {dagbag.py:538} INFO - Filling up the DagBag from /home/airflow/.local/lib/python3.7/site-packages/airflow/example_dags/example_branch_operator_decorator.py
[2024-07-14T14:29:12.565+0000] {processor.py:753} INFO - DAG(s) dict_keys(['example_branch_python_operator_decorator']) retrieved from /home/airflow/.local/lib/python3.7/site-packages/airflow/example_dags/example_branch_operator_decorator.py
[2024-07-14T14:29:12.594+0000] {logging_mixin.py:137} INFO - [2024-07-14T14:29:12.594+0000] {dag.py:2690} INFO - Sync 1 DAGs
[2024-07-14T14:29:12.619+0000] {logging_mixin.py:137} INFO - [2024-07-14T14:29:12.618+0000] {dag.py:3441} INFO - Setting next_dagrun for example_branch_python_operator_decorator to 2024-07-13T00:00:00+00:00, run_after=2024-07-14T00:00:00+00:00
[2024-07-14T14:29:12.637+0000] {processor.py:175} INFO - Processing /home/airflow/.local/lib/python3.7/site-packages/airflow/example_dags/example_branch_operator_decorator.py took 0.098 seconds
