[2024-07-14T13:33:25.377+0000] {processor.py:154} INFO - Started process (PID=95) to work on /home/airflow/.local/lib/python3.7/site-packages/airflow/example_dags/example_nested_branch_dag.py
[2024-07-14T13:33:25.379+0000] {processor.py:756} INFO - Processing file /home/airflow/.local/lib/python3.7/site-packages/airflow/example_dags/example_nested_branch_dag.py for tasks to queue
[2024-07-14T13:33:25.380+0000] {logging_mixin.py:120} INFO - [2024-07-14T13:33:25.380+0000] {dagbag.py:537} INFO - Filling up the DagBag from /home/airflow/.local/lib/python3.7/site-packages/airflow/example_dags/example_nested_branch_dag.py
[2024-07-14T13:33:25.414+0000] {processor.py:766} INFO - DAG(s) dict_keys(['example_nested_branch_dag']) retrieved from /home/airflow/.local/lib/python3.7/site-packages/airflow/example_dags/example_nested_branch_dag.py
[2024-07-14T13:33:25.445+0000] {logging_mixin.py:120} INFO - [2024-07-14T13:33:25.444+0000] {dag.py:2585} INFO - Sync 1 DAGs
[2024-07-14T13:33:25.481+0000] {logging_mixin.py:120} INFO - [2024-07-14T13:33:25.481+0000] {dag.py:3340} INFO - Setting next_dagrun for example_nested_branch_dag to 2024-07-13T00:00:00+00:00, run_after=2024-07-14T00:00:00+00:00
[2024-07-14T13:33:25.508+0000] {processor.py:176} INFO - Processing /home/airflow/.local/lib/python3.7/site-packages/airflow/example_dags/example_nested_branch_dag.py took 0.134 seconds
[2024-07-14T13:33:56.744+0000] {processor.py:154} INFO - Started process (PID=162) to work on /home/airflow/.local/lib/python3.7/site-packages/airflow/example_dags/example_nested_branch_dag.py
[2024-07-14T13:33:56.745+0000] {processor.py:756} INFO - Processing file /home/airflow/.local/lib/python3.7/site-packages/airflow/example_dags/example_nested_branch_dag.py for tasks to queue
[2024-07-14T13:33:56.747+0000] {logging_mixin.py:120} INFO - [2024-07-14T13:33:56.747+0000] {dagbag.py:537} INFO - Filling up the DagBag from /home/airflow/.local/lib/python3.7/site-packages/airflow/example_dags/example_nested_branch_dag.py
[2024-07-14T13:33:56.774+0000] {processor.py:766} INFO - DAG(s) dict_keys(['example_nested_branch_dag']) retrieved from /home/airflow/.local/lib/python3.7/site-packages/airflow/example_dags/example_nested_branch_dag.py
[2024-07-14T13:33:56.817+0000] {logging_mixin.py:120} INFO - [2024-07-14T13:33:56.817+0000] {dag.py:2585} INFO - Sync 1 DAGs
[2024-07-14T13:33:56.848+0000] {logging_mixin.py:120} INFO - [2024-07-14T13:33:56.848+0000] {dag.py:3340} INFO - Setting next_dagrun for example_nested_branch_dag to 2024-07-13T00:00:00+00:00, run_after=2024-07-14T00:00:00+00:00
[2024-07-14T13:33:56.873+0000] {processor.py:176} INFO - Processing /home/airflow/.local/lib/python3.7/site-packages/airflow/example_dags/example_nested_branch_dag.py took 0.133 seconds
[2024-07-14T13:34:27.240+0000] {processor.py:154} INFO - Started process (PID=220) to work on /home/airflow/.local/lib/python3.7/site-packages/airflow/example_dags/example_nested_branch_dag.py
[2024-07-14T13:34:27.241+0000] {processor.py:756} INFO - Processing file /home/airflow/.local/lib/python3.7/site-packages/airflow/example_dags/example_nested_branch_dag.py for tasks to queue
[2024-07-14T13:34:27.241+0000] {logging_mixin.py:120} INFO - [2024-07-14T13:34:27.241+0000] {dagbag.py:537} INFO - Filling up the DagBag from /home/airflow/.local/lib/python3.7/site-packages/airflow/example_dags/example_nested_branch_dag.py
[2024-07-14T13:34:27.261+0000] {processor.py:766} INFO - DAG(s) dict_keys(['example_nested_branch_dag']) retrieved from /home/airflow/.local/lib/python3.7/site-packages/airflow/example_dags/example_nested_branch_dag.py
[2024-07-14T13:34:27.297+0000] {logging_mixin.py:120} INFO - [2024-07-14T13:34:27.296+0000] {dag.py:2585} INFO - Sync 1 DAGs
[2024-07-14T13:34:27.322+0000] {logging_mixin.py:120} INFO - [2024-07-14T13:34:27.322+0000] {dag.py:3340} INFO - Setting next_dagrun for example_nested_branch_dag to 2024-07-13T00:00:00+00:00, run_after=2024-07-14T00:00:00+00:00
[2024-07-14T13:34:27.339+0000] {processor.py:176} INFO - Processing /home/airflow/.local/lib/python3.7/site-packages/airflow/example_dags/example_nested_branch_dag.py took 0.102 seconds
[2024-07-14T13:34:58.445+0000] {processor.py:154} INFO - Started process (PID=285) to work on /home/airflow/.local/lib/python3.7/site-packages/airflow/example_dags/example_nested_branch_dag.py
[2024-07-14T13:34:58.446+0000] {processor.py:756} INFO - Processing file /home/airflow/.local/lib/python3.7/site-packages/airflow/example_dags/example_nested_branch_dag.py for tasks to queue
[2024-07-14T13:34:58.447+0000] {logging_mixin.py:120} INFO - [2024-07-14T13:34:58.447+0000] {dagbag.py:537} INFO - Filling up the DagBag from /home/airflow/.local/lib/python3.7/site-packages/airflow/example_dags/example_nested_branch_dag.py
[2024-07-14T13:34:58.474+0000] {processor.py:766} INFO - DAG(s) dict_keys(['example_nested_branch_dag']) retrieved from /home/airflow/.local/lib/python3.7/site-packages/airflow/example_dags/example_nested_branch_dag.py
[2024-07-14T13:34:58.510+0000] {logging_mixin.py:120} INFO - [2024-07-14T13:34:58.510+0000] {dag.py:2585} INFO - Sync 1 DAGs
[2024-07-14T13:34:58.540+0000] {logging_mixin.py:120} INFO - [2024-07-14T13:34:58.540+0000] {dag.py:3340} INFO - Setting next_dagrun for example_nested_branch_dag to 2024-07-13T00:00:00+00:00, run_after=2024-07-14T00:00:00+00:00
[2024-07-14T13:34:58.560+0000] {processor.py:176} INFO - Processing /home/airflow/.local/lib/python3.7/site-packages/airflow/example_dags/example_nested_branch_dag.py took 0.117 seconds
[2024-07-14T13:35:29.174+0000] {processor.py:154} INFO - Started process (PID=350) to work on /home/airflow/.local/lib/python3.7/site-packages/airflow/example_dags/example_nested_branch_dag.py
[2024-07-14T13:35:29.174+0000] {processor.py:756} INFO - Processing file /home/airflow/.local/lib/python3.7/site-packages/airflow/example_dags/example_nested_branch_dag.py for tasks to queue
[2024-07-14T13:35:29.175+0000] {logging_mixin.py:120} INFO - [2024-07-14T13:35:29.175+0000] {dagbag.py:537} INFO - Filling up the DagBag from /home/airflow/.local/lib/python3.7/site-packages/airflow/example_dags/example_nested_branch_dag.py
[2024-07-14T13:35:29.192+0000] {processor.py:766} INFO - DAG(s) dict_keys(['example_nested_branch_dag']) retrieved from /home/airflow/.local/lib/python3.7/site-packages/airflow/example_dags/example_nested_branch_dag.py
[2024-07-14T13:35:29.229+0000] {logging_mixin.py:120} INFO - [2024-07-14T13:35:29.229+0000] {dag.py:2585} INFO - Sync 1 DAGs
[2024-07-14T13:35:29.254+0000] {logging_mixin.py:120} INFO - [2024-07-14T13:35:29.253+0000] {dag.py:3340} INFO - Setting next_dagrun for example_nested_branch_dag to 2024-07-13T00:00:00+00:00, run_after=2024-07-14T00:00:00+00:00
[2024-07-14T13:35:29.277+0000] {processor.py:176} INFO - Processing /home/airflow/.local/lib/python3.7/site-packages/airflow/example_dags/example_nested_branch_dag.py took 0.106 seconds
[2024-07-14T13:35:59.433+0000] {processor.py:154} INFO - Started process (PID=416) to work on /home/airflow/.local/lib/python3.7/site-packages/airflow/example_dags/example_nested_branch_dag.py
[2024-07-14T13:35:59.434+0000] {processor.py:756} INFO - Processing file /home/airflow/.local/lib/python3.7/site-packages/airflow/example_dags/example_nested_branch_dag.py for tasks to queue
[2024-07-14T13:35:59.434+0000] {logging_mixin.py:120} INFO - [2024-07-14T13:35:59.434+0000] {dagbag.py:537} INFO - Filling up the DagBag from /home/airflow/.local/lib/python3.7/site-packages/airflow/example_dags/example_nested_branch_dag.py
[2024-07-14T13:35:59.451+0000] {processor.py:766} INFO - DAG(s) dict_keys(['example_nested_branch_dag']) retrieved from /home/airflow/.local/lib/python3.7/site-packages/airflow/example_dags/example_nested_branch_dag.py
[2024-07-14T13:35:59.478+0000] {logging_mixin.py:120} INFO - [2024-07-14T13:35:59.478+0000] {dag.py:2585} INFO - Sync 1 DAGs
[2024-07-14T13:35:59.497+0000] {logging_mixin.py:120} INFO - [2024-07-14T13:35:59.497+0000] {dag.py:3340} INFO - Setting next_dagrun for example_nested_branch_dag to 2024-07-13T00:00:00+00:00, run_after=2024-07-14T00:00:00+00:00
[2024-07-14T13:35:59.514+0000] {processor.py:176} INFO - Processing /home/airflow/.local/lib/python3.7/site-packages/airflow/example_dags/example_nested_branch_dag.py took 0.083 seconds
[2024-07-14T13:36:30.217+0000] {processor.py:154} INFO - Started process (PID=480) to work on /home/airflow/.local/lib/python3.7/site-packages/airflow/example_dags/example_nested_branch_dag.py
[2024-07-14T13:36:30.217+0000] {processor.py:756} INFO - Processing file /home/airflow/.local/lib/python3.7/site-packages/airflow/example_dags/example_nested_branch_dag.py for tasks to queue
[2024-07-14T13:36:30.218+0000] {logging_mixin.py:120} INFO - [2024-07-14T13:36:30.218+0000] {dagbag.py:537} INFO - Filling up the DagBag from /home/airflow/.local/lib/python3.7/site-packages/airflow/example_dags/example_nested_branch_dag.py
[2024-07-14T13:36:30.234+0000] {processor.py:766} INFO - DAG(s) dict_keys(['example_nested_branch_dag']) retrieved from /home/airflow/.local/lib/python3.7/site-packages/airflow/example_dags/example_nested_branch_dag.py
[2024-07-14T13:36:30.261+0000] {logging_mixin.py:120} INFO - [2024-07-14T13:36:30.261+0000] {dag.py:2585} INFO - Sync 1 DAGs
[2024-07-14T13:36:30.277+0000] {logging_mixin.py:120} INFO - [2024-07-14T13:36:30.277+0000] {dag.py:3340} INFO - Setting next_dagrun for example_nested_branch_dag to 2024-07-13T00:00:00+00:00, run_after=2024-07-14T00:00:00+00:00
[2024-07-14T13:36:30.294+0000] {processor.py:176} INFO - Processing /home/airflow/.local/lib/python3.7/site-packages/airflow/example_dags/example_nested_branch_dag.py took 0.079 seconds
[2024-07-14T13:37:00.922+0000] {processor.py:154} INFO - Started process (PID=539) to work on /home/airflow/.local/lib/python3.7/site-packages/airflow/example_dags/example_nested_branch_dag.py
[2024-07-14T13:37:00.923+0000] {processor.py:756} INFO - Processing file /home/airflow/.local/lib/python3.7/site-packages/airflow/example_dags/example_nested_branch_dag.py for tasks to queue
[2024-07-14T13:37:00.924+0000] {logging_mixin.py:120} INFO - [2024-07-14T13:37:00.924+0000] {dagbag.py:537} INFO - Filling up the DagBag from /home/airflow/.local/lib/python3.7/site-packages/airflow/example_dags/example_nested_branch_dag.py
[2024-07-14T13:37:00.942+0000] {processor.py:766} INFO - DAG(s) dict_keys(['example_nested_branch_dag']) retrieved from /home/airflow/.local/lib/python3.7/site-packages/airflow/example_dags/example_nested_branch_dag.py
[2024-07-14T13:37:00.970+0000] {logging_mixin.py:120} INFO - [2024-07-14T13:37:00.970+0000] {dag.py:2585} INFO - Sync 1 DAGs
[2024-07-14T13:37:00.992+0000] {logging_mixin.py:120} INFO - [2024-07-14T13:37:00.991+0000] {dag.py:3340} INFO - Setting next_dagrun for example_nested_branch_dag to 2024-07-13T00:00:00+00:00, run_after=2024-07-14T00:00:00+00:00
[2024-07-14T13:37:01.007+0000] {processor.py:176} INFO - Processing /home/airflow/.local/lib/python3.7/site-packages/airflow/example_dags/example_nested_branch_dag.py took 0.087 seconds
[2024-07-14T13:37:31.119+0000] {processor.py:154} INFO - Started process (PID=605) to work on /home/airflow/.local/lib/python3.7/site-packages/airflow/example_dags/example_nested_branch_dag.py
[2024-07-14T13:37:31.119+0000] {processor.py:756} INFO - Processing file /home/airflow/.local/lib/python3.7/site-packages/airflow/example_dags/example_nested_branch_dag.py for tasks to queue
[2024-07-14T13:37:31.120+0000] {logging_mixin.py:120} INFO - [2024-07-14T13:37:31.120+0000] {dagbag.py:537} INFO - Filling up the DagBag from /home/airflow/.local/lib/python3.7/site-packages/airflow/example_dags/example_nested_branch_dag.py
[2024-07-14T13:37:31.140+0000] {processor.py:766} INFO - DAG(s) dict_keys(['example_nested_branch_dag']) retrieved from /home/airflow/.local/lib/python3.7/site-packages/airflow/example_dags/example_nested_branch_dag.py
[2024-07-14T13:37:31.168+0000] {logging_mixin.py:120} INFO - [2024-07-14T13:37:31.167+0000] {dag.py:2585} INFO - Sync 1 DAGs
[2024-07-14T13:37:31.186+0000] {logging_mixin.py:120} INFO - [2024-07-14T13:37:31.186+0000] {dag.py:3340} INFO - Setting next_dagrun for example_nested_branch_dag to 2024-07-13T00:00:00+00:00, run_after=2024-07-14T00:00:00+00:00
[2024-07-14T13:37:31.205+0000] {processor.py:176} INFO - Processing /home/airflow/.local/lib/python3.7/site-packages/airflow/example_dags/example_nested_branch_dag.py took 0.088 seconds
[2024-07-14T13:38:02.195+0000] {processor.py:154} INFO - Started process (PID=671) to work on /home/airflow/.local/lib/python3.7/site-packages/airflow/example_dags/example_nested_branch_dag.py
[2024-07-14T13:38:02.196+0000] {processor.py:756} INFO - Processing file /home/airflow/.local/lib/python3.7/site-packages/airflow/example_dags/example_nested_branch_dag.py for tasks to queue
[2024-07-14T13:38:02.197+0000] {logging_mixin.py:120} INFO - [2024-07-14T13:38:02.196+0000] {dagbag.py:537} INFO - Filling up the DagBag from /home/airflow/.local/lib/python3.7/site-packages/airflow/example_dags/example_nested_branch_dag.py
[2024-07-14T13:38:02.214+0000] {processor.py:766} INFO - DAG(s) dict_keys(['example_nested_branch_dag']) retrieved from /home/airflow/.local/lib/python3.7/site-packages/airflow/example_dags/example_nested_branch_dag.py
[2024-07-14T13:38:02.290+0000] {logging_mixin.py:120} INFO - [2024-07-14T13:38:02.290+0000] {dag.py:2585} INFO - Sync 1 DAGs
[2024-07-14T13:38:02.324+0000] {logging_mixin.py:120} INFO - [2024-07-14T13:38:02.324+0000] {dag.py:3340} INFO - Setting next_dagrun for example_nested_branch_dag to 2024-07-13T00:00:00+00:00, run_after=2024-07-14T00:00:00+00:00
[2024-07-14T13:38:02.342+0000] {processor.py:176} INFO - Processing /home/airflow/.local/lib/python3.7/site-packages/airflow/example_dags/example_nested_branch_dag.py took 0.149 seconds
[2024-07-14T13:38:32.683+0000] {processor.py:154} INFO - Started process (PID=737) to work on /home/airflow/.local/lib/python3.7/site-packages/airflow/example_dags/example_nested_branch_dag.py
[2024-07-14T13:38:32.684+0000] {processor.py:756} INFO - Processing file /home/airflow/.local/lib/python3.7/site-packages/airflow/example_dags/example_nested_branch_dag.py for tasks to queue
[2024-07-14T13:38:32.685+0000] {logging_mixin.py:120} INFO - [2024-07-14T13:38:32.685+0000] {dagbag.py:537} INFO - Filling up the DagBag from /home/airflow/.local/lib/python3.7/site-packages/airflow/example_dags/example_nested_branch_dag.py
[2024-07-14T13:38:32.705+0000] {processor.py:766} INFO - DAG(s) dict_keys(['example_nested_branch_dag']) retrieved from /home/airflow/.local/lib/python3.7/site-packages/airflow/example_dags/example_nested_branch_dag.py
[2024-07-14T13:38:32.736+0000] {logging_mixin.py:120} INFO - [2024-07-14T13:38:32.736+0000] {dag.py:2585} INFO - Sync 1 DAGs
[2024-07-14T13:38:32.759+0000] {logging_mixin.py:120} INFO - [2024-07-14T13:38:32.758+0000] {dag.py:3340} INFO - Setting next_dagrun for example_nested_branch_dag to 2024-07-13T00:00:00+00:00, run_after=2024-07-14T00:00:00+00:00
[2024-07-14T13:38:32.777+0000] {processor.py:176} INFO - Processing /home/airflow/.local/lib/python3.7/site-packages/airflow/example_dags/example_nested_branch_dag.py took 0.096 seconds
[2024-07-14T13:39:03.228+0000] {processor.py:154} INFO - Started process (PID=794) to work on /home/airflow/.local/lib/python3.7/site-packages/airflow/example_dags/example_nested_branch_dag.py
[2024-07-14T13:39:03.229+0000] {processor.py:756} INFO - Processing file /home/airflow/.local/lib/python3.7/site-packages/airflow/example_dags/example_nested_branch_dag.py for tasks to queue
[2024-07-14T13:39:03.231+0000] {logging_mixin.py:120} INFO - [2024-07-14T13:39:03.231+0000] {dagbag.py:537} INFO - Filling up the DagBag from /home/airflow/.local/lib/python3.7/site-packages/airflow/example_dags/example_nested_branch_dag.py
[2024-07-14T13:39:03.249+0000] {processor.py:766} INFO - DAG(s) dict_keys(['example_nested_branch_dag']) retrieved from /home/airflow/.local/lib/python3.7/site-packages/airflow/example_dags/example_nested_branch_dag.py
[2024-07-14T13:39:03.288+0000] {logging_mixin.py:120} INFO - [2024-07-14T13:39:03.288+0000] {dag.py:2585} INFO - Sync 1 DAGs
[2024-07-14T13:39:03.306+0000] {logging_mixin.py:120} INFO - [2024-07-14T13:39:03.306+0000] {dag.py:3340} INFO - Setting next_dagrun for example_nested_branch_dag to 2024-07-13T00:00:00+00:00, run_after=2024-07-14T00:00:00+00:00
[2024-07-14T13:39:03.320+0000] {processor.py:176} INFO - Processing /home/airflow/.local/lib/python3.7/site-packages/airflow/example_dags/example_nested_branch_dag.py took 0.095 seconds
[2024-07-14T13:39:33.828+0000] {processor.py:154} INFO - Started process (PID=858) to work on /home/airflow/.local/lib/python3.7/site-packages/airflow/example_dags/example_nested_branch_dag.py
[2024-07-14T13:39:33.831+0000] {processor.py:756} INFO - Processing file /home/airflow/.local/lib/python3.7/site-packages/airflow/example_dags/example_nested_branch_dag.py for tasks to queue
[2024-07-14T13:39:33.832+0000] {logging_mixin.py:120} INFO - [2024-07-14T13:39:33.832+0000] {dagbag.py:537} INFO - Filling up the DagBag from /home/airflow/.local/lib/python3.7/site-packages/airflow/example_dags/example_nested_branch_dag.py
[2024-07-14T13:39:33.853+0000] {processor.py:766} INFO - DAG(s) dict_keys(['example_nested_branch_dag']) retrieved from /home/airflow/.local/lib/python3.7/site-packages/airflow/example_dags/example_nested_branch_dag.py
[2024-07-14T13:39:33.882+0000] {logging_mixin.py:120} INFO - [2024-07-14T13:39:33.882+0000] {dag.py:2585} INFO - Sync 1 DAGs
[2024-07-14T13:39:33.901+0000] {logging_mixin.py:120} INFO - [2024-07-14T13:39:33.901+0000] {dag.py:3340} INFO - Setting next_dagrun for example_nested_branch_dag to 2024-07-13T00:00:00+00:00, run_after=2024-07-14T00:00:00+00:00
[2024-07-14T13:39:33.918+0000] {processor.py:176} INFO - Processing /home/airflow/.local/lib/python3.7/site-packages/airflow/example_dags/example_nested_branch_dag.py took 0.092 seconds
[2024-07-14T13:40:04.586+0000] {processor.py:154} INFO - Started process (PID=924) to work on /home/airflow/.local/lib/python3.7/site-packages/airflow/example_dags/example_nested_branch_dag.py
[2024-07-14T13:40:04.587+0000] {processor.py:756} INFO - Processing file /home/airflow/.local/lib/python3.7/site-packages/airflow/example_dags/example_nested_branch_dag.py for tasks to queue
[2024-07-14T13:40:04.588+0000] {logging_mixin.py:120} INFO - [2024-07-14T13:40:04.588+0000] {dagbag.py:537} INFO - Filling up the DagBag from /home/airflow/.local/lib/python3.7/site-packages/airflow/example_dags/example_nested_branch_dag.py
[2024-07-14T13:40:04.609+0000] {processor.py:766} INFO - DAG(s) dict_keys(['example_nested_branch_dag']) retrieved from /home/airflow/.local/lib/python3.7/site-packages/airflow/example_dags/example_nested_branch_dag.py
[2024-07-14T13:40:04.644+0000] {logging_mixin.py:120} INFO - [2024-07-14T13:40:04.644+0000] {dag.py:2585} INFO - Sync 1 DAGs
[2024-07-14T13:40:04.675+0000] {logging_mixin.py:120} INFO - [2024-07-14T13:40:04.675+0000] {dag.py:3340} INFO - Setting next_dagrun for example_nested_branch_dag to 2024-07-13T00:00:00+00:00, run_after=2024-07-14T00:00:00+00:00
[2024-07-14T13:40:04.691+0000] {processor.py:176} INFO - Processing /home/airflow/.local/lib/python3.7/site-packages/airflow/example_dags/example_nested_branch_dag.py took 0.107 seconds
[2024-07-14T13:40:35.365+0000] {processor.py:154} INFO - Started process (PID=990) to work on /home/airflow/.local/lib/python3.7/site-packages/airflow/example_dags/example_nested_branch_dag.py
[2024-07-14T13:40:35.366+0000] {processor.py:756} INFO - Processing file /home/airflow/.local/lib/python3.7/site-packages/airflow/example_dags/example_nested_branch_dag.py for tasks to queue
[2024-07-14T13:40:35.367+0000] {logging_mixin.py:120} INFO - [2024-07-14T13:40:35.367+0000] {dagbag.py:537} INFO - Filling up the DagBag from /home/airflow/.local/lib/python3.7/site-packages/airflow/example_dags/example_nested_branch_dag.py
[2024-07-14T13:40:35.384+0000] {processor.py:766} INFO - DAG(s) dict_keys(['example_nested_branch_dag']) retrieved from /home/airflow/.local/lib/python3.7/site-packages/airflow/example_dags/example_nested_branch_dag.py
[2024-07-14T13:40:35.412+0000] {logging_mixin.py:120} INFO - [2024-07-14T13:40:35.412+0000] {dag.py:2585} INFO - Sync 1 DAGs
[2024-07-14T13:40:35.429+0000] {logging_mixin.py:120} INFO - [2024-07-14T13:40:35.429+0000] {dag.py:3340} INFO - Setting next_dagrun for example_nested_branch_dag to 2024-07-13T00:00:00+00:00, run_after=2024-07-14T00:00:00+00:00
[2024-07-14T13:40:35.456+0000] {processor.py:176} INFO - Processing /home/airflow/.local/lib/python3.7/site-packages/airflow/example_dags/example_nested_branch_dag.py took 0.093 seconds
[2024-07-14T13:41:05.869+0000] {processor.py:154} INFO - Started process (PID=1047) to work on /home/airflow/.local/lib/python3.7/site-packages/airflow/example_dags/example_nested_branch_dag.py
[2024-07-14T13:41:05.870+0000] {processor.py:756} INFO - Processing file /home/airflow/.local/lib/python3.7/site-packages/airflow/example_dags/example_nested_branch_dag.py for tasks to queue
[2024-07-14T13:41:05.871+0000] {logging_mixin.py:120} INFO - [2024-07-14T13:41:05.870+0000] {dagbag.py:537} INFO - Filling up the DagBag from /home/airflow/.local/lib/python3.7/site-packages/airflow/example_dags/example_nested_branch_dag.py
[2024-07-14T13:41:05.892+0000] {processor.py:766} INFO - DAG(s) dict_keys(['example_nested_branch_dag']) retrieved from /home/airflow/.local/lib/python3.7/site-packages/airflow/example_dags/example_nested_branch_dag.py
[2024-07-14T13:41:05.920+0000] {logging_mixin.py:120} INFO - [2024-07-14T13:41:05.920+0000] {dag.py:2585} INFO - Sync 1 DAGs
[2024-07-14T13:41:05.938+0000] {logging_mixin.py:120} INFO - [2024-07-14T13:41:05.938+0000] {dag.py:3340} INFO - Setting next_dagrun for example_nested_branch_dag to 2024-07-13T00:00:00+00:00, run_after=2024-07-14T00:00:00+00:00
[2024-07-14T13:41:05.954+0000] {processor.py:176} INFO - Processing /home/airflow/.local/lib/python3.7/site-packages/airflow/example_dags/example_nested_branch_dag.py took 0.088 seconds
[2024-07-14T13:41:36.116+0000] {processor.py:154} INFO - Started process (PID=1113) to work on /home/airflow/.local/lib/python3.7/site-packages/airflow/example_dags/example_nested_branch_dag.py
[2024-07-14T13:41:36.118+0000] {processor.py:756} INFO - Processing file /home/airflow/.local/lib/python3.7/site-packages/airflow/example_dags/example_nested_branch_dag.py for tasks to queue
[2024-07-14T13:41:36.118+0000] {logging_mixin.py:120} INFO - [2024-07-14T13:41:36.118+0000] {dagbag.py:537} INFO - Filling up the DagBag from /home/airflow/.local/lib/python3.7/site-packages/airflow/example_dags/example_nested_branch_dag.py
[2024-07-14T13:41:36.135+0000] {processor.py:766} INFO - DAG(s) dict_keys(['example_nested_branch_dag']) retrieved from /home/airflow/.local/lib/python3.7/site-packages/airflow/example_dags/example_nested_branch_dag.py
[2024-07-14T13:41:36.179+0000] {logging_mixin.py:120} INFO - [2024-07-14T13:41:36.179+0000] {dag.py:2585} INFO - Sync 1 DAGs
[2024-07-14T13:41:36.197+0000] {logging_mixin.py:120} INFO - [2024-07-14T13:41:36.196+0000] {dag.py:3340} INFO - Setting next_dagrun for example_nested_branch_dag to 2024-07-13T00:00:00+00:00, run_after=2024-07-14T00:00:00+00:00
[2024-07-14T13:41:36.210+0000] {processor.py:176} INFO - Processing /home/airflow/.local/lib/python3.7/site-packages/airflow/example_dags/example_nested_branch_dag.py took 0.095 seconds
[2024-07-14T13:42:06.838+0000] {processor.py:154} INFO - Started process (PID=1179) to work on /home/airflow/.local/lib/python3.7/site-packages/airflow/example_dags/example_nested_branch_dag.py
[2024-07-14T13:42:06.840+0000] {processor.py:756} INFO - Processing file /home/airflow/.local/lib/python3.7/site-packages/airflow/example_dags/example_nested_branch_dag.py for tasks to queue
[2024-07-14T13:42:06.840+0000] {logging_mixin.py:120} INFO - [2024-07-14T13:42:06.840+0000] {dagbag.py:537} INFO - Filling up the DagBag from /home/airflow/.local/lib/python3.7/site-packages/airflow/example_dags/example_nested_branch_dag.py
[2024-07-14T13:42:06.859+0000] {processor.py:766} INFO - DAG(s) dict_keys(['example_nested_branch_dag']) retrieved from /home/airflow/.local/lib/python3.7/site-packages/airflow/example_dags/example_nested_branch_dag.py
[2024-07-14T13:42:06.885+0000] {logging_mixin.py:120} INFO - [2024-07-14T13:42:06.884+0000] {dag.py:2585} INFO - Sync 1 DAGs
[2024-07-14T13:42:06.903+0000] {logging_mixin.py:120} INFO - [2024-07-14T13:42:06.903+0000] {dag.py:3340} INFO - Setting next_dagrun for example_nested_branch_dag to 2024-07-13T00:00:00+00:00, run_after=2024-07-14T00:00:00+00:00
[2024-07-14T13:42:06.919+0000] {processor.py:176} INFO - Processing /home/airflow/.local/lib/python3.7/site-packages/airflow/example_dags/example_nested_branch_dag.py took 0.083 seconds
[2024-07-14T13:42:37.453+0000] {processor.py:154} INFO - Started process (PID=1245) to work on /home/airflow/.local/lib/python3.7/site-packages/airflow/example_dags/example_nested_branch_dag.py
[2024-07-14T13:42:37.454+0000] {processor.py:756} INFO - Processing file /home/airflow/.local/lib/python3.7/site-packages/airflow/example_dags/example_nested_branch_dag.py for tasks to queue
[2024-07-14T13:42:37.454+0000] {logging_mixin.py:120} INFO - [2024-07-14T13:42:37.454+0000] {dagbag.py:537} INFO - Filling up the DagBag from /home/airflow/.local/lib/python3.7/site-packages/airflow/example_dags/example_nested_branch_dag.py
[2024-07-14T13:42:37.471+0000] {processor.py:766} INFO - DAG(s) dict_keys(['example_nested_branch_dag']) retrieved from /home/airflow/.local/lib/python3.7/site-packages/airflow/example_dags/example_nested_branch_dag.py
[2024-07-14T13:42:37.499+0000] {logging_mixin.py:120} INFO - [2024-07-14T13:42:37.499+0000] {dag.py:2585} INFO - Sync 1 DAGs
[2024-07-14T13:42:37.518+0000] {logging_mixin.py:120} INFO - [2024-07-14T13:42:37.518+0000] {dag.py:3340} INFO - Setting next_dagrun for example_nested_branch_dag to 2024-07-13T00:00:00+00:00, run_after=2024-07-14T00:00:00+00:00
[2024-07-14T13:42:37.537+0000] {processor.py:176} INFO - Processing /home/airflow/.local/lib/python3.7/site-packages/airflow/example_dags/example_nested_branch_dag.py took 0.087 seconds
[2024-07-14T13:43:08.671+0000] {processor.py:154} INFO - Started process (PID=1312) to work on /home/airflow/.local/lib/python3.7/site-packages/airflow/example_dags/example_nested_branch_dag.py
[2024-07-14T13:43:08.672+0000] {processor.py:756} INFO - Processing file /home/airflow/.local/lib/python3.7/site-packages/airflow/example_dags/example_nested_branch_dag.py for tasks to queue
[2024-07-14T13:43:08.673+0000] {logging_mixin.py:120} INFO - [2024-07-14T13:43:08.672+0000] {dagbag.py:537} INFO - Filling up the DagBag from /home/airflow/.local/lib/python3.7/site-packages/airflow/example_dags/example_nested_branch_dag.py
[2024-07-14T13:43:08.699+0000] {processor.py:766} INFO - DAG(s) dict_keys(['example_nested_branch_dag']) retrieved from /home/airflow/.local/lib/python3.7/site-packages/airflow/example_dags/example_nested_branch_dag.py
[2024-07-14T13:43:08.726+0000] {logging_mixin.py:120} INFO - [2024-07-14T13:43:08.726+0000] {dag.py:2585} INFO - Sync 1 DAGs
[2024-07-14T13:43:08.751+0000] {logging_mixin.py:120} INFO - [2024-07-14T13:43:08.751+0000] {dag.py:3340} INFO - Setting next_dagrun for example_nested_branch_dag to 2024-07-13T00:00:00+00:00, run_after=2024-07-14T00:00:00+00:00
[2024-07-14T13:43:08.770+0000] {processor.py:176} INFO - Processing /home/airflow/.local/lib/python3.7/site-packages/airflow/example_dags/example_nested_branch_dag.py took 0.102 seconds
[2024-07-14T13:43:39.339+0000] {processor.py:154} INFO - Started process (PID=1369) to work on /home/airflow/.local/lib/python3.7/site-packages/airflow/example_dags/example_nested_branch_dag.py
[2024-07-14T13:43:39.340+0000] {processor.py:756} INFO - Processing file /home/airflow/.local/lib/python3.7/site-packages/airflow/example_dags/example_nested_branch_dag.py for tasks to queue
[2024-07-14T13:43:39.341+0000] {logging_mixin.py:120} INFO - [2024-07-14T13:43:39.341+0000] {dagbag.py:537} INFO - Filling up the DagBag from /home/airflow/.local/lib/python3.7/site-packages/airflow/example_dags/example_nested_branch_dag.py
[2024-07-14T13:43:39.357+0000] {processor.py:766} INFO - DAG(s) dict_keys(['example_nested_branch_dag']) retrieved from /home/airflow/.local/lib/python3.7/site-packages/airflow/example_dags/example_nested_branch_dag.py
[2024-07-14T13:43:39.383+0000] {logging_mixin.py:120} INFO - [2024-07-14T13:43:39.383+0000] {dag.py:2585} INFO - Sync 1 DAGs
[2024-07-14T13:43:39.400+0000] {logging_mixin.py:120} INFO - [2024-07-14T13:43:39.400+0000] {dag.py:3340} INFO - Setting next_dagrun for example_nested_branch_dag to 2024-07-13T00:00:00+00:00, run_after=2024-07-14T00:00:00+00:00
[2024-07-14T13:43:39.414+0000] {processor.py:176} INFO - Processing /home/airflow/.local/lib/python3.7/site-packages/airflow/example_dags/example_nested_branch_dag.py took 0.077 seconds
[2024-07-14T13:44:09.862+0000] {processor.py:154} INFO - Started process (PID=1434) to work on /home/airflow/.local/lib/python3.7/site-packages/airflow/example_dags/example_nested_branch_dag.py
[2024-07-14T13:44:09.863+0000] {processor.py:756} INFO - Processing file /home/airflow/.local/lib/python3.7/site-packages/airflow/example_dags/example_nested_branch_dag.py for tasks to queue
[2024-07-14T13:44:09.864+0000] {logging_mixin.py:120} INFO - [2024-07-14T13:44:09.864+0000] {dagbag.py:537} INFO - Filling up the DagBag from /home/airflow/.local/lib/python3.7/site-packages/airflow/example_dags/example_nested_branch_dag.py
[2024-07-14T13:44:09.880+0000] {processor.py:766} INFO - DAG(s) dict_keys(['example_nested_branch_dag']) retrieved from /home/airflow/.local/lib/python3.7/site-packages/airflow/example_dags/example_nested_branch_dag.py
[2024-07-14T13:44:09.912+0000] {logging_mixin.py:120} INFO - [2024-07-14T13:44:09.912+0000] {dag.py:2585} INFO - Sync 1 DAGs
[2024-07-14T13:44:09.931+0000] {logging_mixin.py:120} INFO - [2024-07-14T13:44:09.931+0000] {dag.py:3340} INFO - Setting next_dagrun for example_nested_branch_dag to 2024-07-13T00:00:00+00:00, run_after=2024-07-14T00:00:00+00:00
[2024-07-14T13:44:09.950+0000] {processor.py:176} INFO - Processing /home/airflow/.local/lib/python3.7/site-packages/airflow/example_dags/example_nested_branch_dag.py took 0.089 seconds
[2024-07-14T13:44:40.778+0000] {processor.py:154} INFO - Started process (PID=1499) to work on /home/airflow/.local/lib/python3.7/site-packages/airflow/example_dags/example_nested_branch_dag.py
[2024-07-14T13:44:40.779+0000] {processor.py:756} INFO - Processing file /home/airflow/.local/lib/python3.7/site-packages/airflow/example_dags/example_nested_branch_dag.py for tasks to queue
[2024-07-14T13:44:40.780+0000] {logging_mixin.py:120} INFO - [2024-07-14T13:44:40.779+0000] {dagbag.py:537} INFO - Filling up the DagBag from /home/airflow/.local/lib/python3.7/site-packages/airflow/example_dags/example_nested_branch_dag.py
[2024-07-14T13:44:40.799+0000] {processor.py:766} INFO - DAG(s) dict_keys(['example_nested_branch_dag']) retrieved from /home/airflow/.local/lib/python3.7/site-packages/airflow/example_dags/example_nested_branch_dag.py
[2024-07-14T13:44:40.834+0000] {logging_mixin.py:120} INFO - [2024-07-14T13:44:40.834+0000] {dag.py:2585} INFO - Sync 1 DAGs
[2024-07-14T13:44:40.856+0000] {logging_mixin.py:120} INFO - [2024-07-14T13:44:40.856+0000] {dag.py:3340} INFO - Setting next_dagrun for example_nested_branch_dag to 2024-07-13T00:00:00+00:00, run_after=2024-07-14T00:00:00+00:00
[2024-07-14T13:44:40.876+0000] {processor.py:176} INFO - Processing /home/airflow/.local/lib/python3.7/site-packages/airflow/example_dags/example_nested_branch_dag.py took 0.100 seconds
[2024-07-14T13:45:11.633+0000] {processor.py:154} INFO - Started process (PID=1564) to work on /home/airflow/.local/lib/python3.7/site-packages/airflow/example_dags/example_nested_branch_dag.py
[2024-07-14T13:45:11.634+0000] {processor.py:756} INFO - Processing file /home/airflow/.local/lib/python3.7/site-packages/airflow/example_dags/example_nested_branch_dag.py for tasks to queue
[2024-07-14T13:45:11.634+0000] {logging_mixin.py:120} INFO - [2024-07-14T13:45:11.634+0000] {dagbag.py:537} INFO - Filling up the DagBag from /home/airflow/.local/lib/python3.7/site-packages/airflow/example_dags/example_nested_branch_dag.py
[2024-07-14T13:45:11.650+0000] {processor.py:766} INFO - DAG(s) dict_keys(['example_nested_branch_dag']) retrieved from /home/airflow/.local/lib/python3.7/site-packages/airflow/example_dags/example_nested_branch_dag.py
[2024-07-14T13:45:11.683+0000] {logging_mixin.py:120} INFO - [2024-07-14T13:45:11.682+0000] {dag.py:2585} INFO - Sync 1 DAGs
[2024-07-14T13:45:11.727+0000] {logging_mixin.py:120} INFO - [2024-07-14T13:45:11.727+0000] {dag.py:3340} INFO - Setting next_dagrun for example_nested_branch_dag to 2024-07-13T00:00:00+00:00, run_after=2024-07-14T00:00:00+00:00
[2024-07-14T13:45:11.742+0000] {processor.py:176} INFO - Processing /home/airflow/.local/lib/python3.7/site-packages/airflow/example_dags/example_nested_branch_dag.py took 0.111 seconds
[2024-07-14T13:45:42.541+0000] {processor.py:154} INFO - Started process (PID=1628) to work on /home/airflow/.local/lib/python3.7/site-packages/airflow/example_dags/example_nested_branch_dag.py
[2024-07-14T13:45:42.541+0000] {processor.py:756} INFO - Processing file /home/airflow/.local/lib/python3.7/site-packages/airflow/example_dags/example_nested_branch_dag.py for tasks to queue
[2024-07-14T13:45:42.542+0000] {logging_mixin.py:120} INFO - [2024-07-14T13:45:42.542+0000] {dagbag.py:537} INFO - Filling up the DagBag from /home/airflow/.local/lib/python3.7/site-packages/airflow/example_dags/example_nested_branch_dag.py
[2024-07-14T13:45:42.560+0000] {processor.py:766} INFO - DAG(s) dict_keys(['example_nested_branch_dag']) retrieved from /home/airflow/.local/lib/python3.7/site-packages/airflow/example_dags/example_nested_branch_dag.py
[2024-07-14T13:45:42.596+0000] {logging_mixin.py:120} INFO - [2024-07-14T13:45:42.596+0000] {dag.py:2585} INFO - Sync 1 DAGs
[2024-07-14T13:45:42.616+0000] {logging_mixin.py:120} INFO - [2024-07-14T13:45:42.615+0000] {dag.py:3340} INFO - Setting next_dagrun for example_nested_branch_dag to 2024-07-13T00:00:00+00:00, run_after=2024-07-14T00:00:00+00:00
[2024-07-14T13:45:42.633+0000] {processor.py:176} INFO - Processing /home/airflow/.local/lib/python3.7/site-packages/airflow/example_dags/example_nested_branch_dag.py took 0.095 seconds
[2024-07-14T13:46:13.344+0000] {processor.py:154} INFO - Started process (PID=1684) to work on /home/airflow/.local/lib/python3.7/site-packages/airflow/example_dags/example_nested_branch_dag.py
[2024-07-14T13:46:13.345+0000] {processor.py:756} INFO - Processing file /home/airflow/.local/lib/python3.7/site-packages/airflow/example_dags/example_nested_branch_dag.py for tasks to queue
[2024-07-14T13:46:13.345+0000] {logging_mixin.py:120} INFO - [2024-07-14T13:46:13.345+0000] {dagbag.py:537} INFO - Filling up the DagBag from /home/airflow/.local/lib/python3.7/site-packages/airflow/example_dags/example_nested_branch_dag.py
[2024-07-14T13:46:13.362+0000] {processor.py:766} INFO - DAG(s) dict_keys(['example_nested_branch_dag']) retrieved from /home/airflow/.local/lib/python3.7/site-packages/airflow/example_dags/example_nested_branch_dag.py
[2024-07-14T13:46:13.392+0000] {logging_mixin.py:120} INFO - [2024-07-14T13:46:13.392+0000] {dag.py:2585} INFO - Sync 1 DAGs
[2024-07-14T13:46:13.409+0000] {logging_mixin.py:120} INFO - [2024-07-14T13:46:13.409+0000] {dag.py:3340} INFO - Setting next_dagrun for example_nested_branch_dag to 2024-07-13T00:00:00+00:00, run_after=2024-07-14T00:00:00+00:00
[2024-07-14T13:46:13.429+0000] {processor.py:176} INFO - Processing /home/airflow/.local/lib/python3.7/site-packages/airflow/example_dags/example_nested_branch_dag.py took 0.087 seconds
[2024-07-14T13:46:44.282+0000] {processor.py:154} INFO - Started process (PID=1750) to work on /home/airflow/.local/lib/python3.7/site-packages/airflow/example_dags/example_nested_branch_dag.py
[2024-07-14T13:46:44.282+0000] {processor.py:756} INFO - Processing file /home/airflow/.local/lib/python3.7/site-packages/airflow/example_dags/example_nested_branch_dag.py for tasks to queue
[2024-07-14T13:46:44.283+0000] {logging_mixin.py:120} INFO - [2024-07-14T13:46:44.283+0000] {dagbag.py:537} INFO - Filling up the DagBag from /home/airflow/.local/lib/python3.7/site-packages/airflow/example_dags/example_nested_branch_dag.py
[2024-07-14T13:46:44.309+0000] {processor.py:766} INFO - DAG(s) dict_keys(['example_nested_branch_dag']) retrieved from /home/airflow/.local/lib/python3.7/site-packages/airflow/example_dags/example_nested_branch_dag.py
[2024-07-14T13:46:44.350+0000] {logging_mixin.py:120} INFO - [2024-07-14T13:46:44.349+0000] {dag.py:2585} INFO - Sync 1 DAGs
[2024-07-14T13:46:44.367+0000] {logging_mixin.py:120} INFO - [2024-07-14T13:46:44.367+0000] {dag.py:3340} INFO - Setting next_dagrun for example_nested_branch_dag to 2024-07-13T00:00:00+00:00, run_after=2024-07-14T00:00:00+00:00
[2024-07-14T13:46:44.386+0000] {processor.py:176} INFO - Processing /home/airflow/.local/lib/python3.7/site-packages/airflow/example_dags/example_nested_branch_dag.py took 0.106 seconds
[2024-07-14T13:47:15.236+0000] {processor.py:154} INFO - Started process (PID=1816) to work on /home/airflow/.local/lib/python3.7/site-packages/airflow/example_dags/example_nested_branch_dag.py
[2024-07-14T13:47:15.236+0000] {processor.py:756} INFO - Processing file /home/airflow/.local/lib/python3.7/site-packages/airflow/example_dags/example_nested_branch_dag.py for tasks to queue
[2024-07-14T13:47:15.237+0000] {logging_mixin.py:120} INFO - [2024-07-14T13:47:15.237+0000] {dagbag.py:537} INFO - Filling up the DagBag from /home/airflow/.local/lib/python3.7/site-packages/airflow/example_dags/example_nested_branch_dag.py
[2024-07-14T13:47:15.254+0000] {processor.py:766} INFO - DAG(s) dict_keys(['example_nested_branch_dag']) retrieved from /home/airflow/.local/lib/python3.7/site-packages/airflow/example_dags/example_nested_branch_dag.py
[2024-07-14T13:47:15.280+0000] {logging_mixin.py:120} INFO - [2024-07-14T13:47:15.280+0000] {dag.py:2585} INFO - Sync 1 DAGs
[2024-07-14T13:47:15.297+0000] {logging_mixin.py:120} INFO - [2024-07-14T13:47:15.297+0000] {dag.py:3340} INFO - Setting next_dagrun for example_nested_branch_dag to 2024-07-13T00:00:00+00:00, run_after=2024-07-14T00:00:00+00:00
[2024-07-14T13:47:15.313+0000] {processor.py:176} INFO - Processing /home/airflow/.local/lib/python3.7/site-packages/airflow/example_dags/example_nested_branch_dag.py took 0.080 seconds
[2024-07-14T13:47:46.758+0000] {processor.py:154} INFO - Started process (PID=1882) to work on /home/airflow/.local/lib/python3.7/site-packages/airflow/example_dags/example_nested_branch_dag.py
[2024-07-14T13:47:46.759+0000] {processor.py:756} INFO - Processing file /home/airflow/.local/lib/python3.7/site-packages/airflow/example_dags/example_nested_branch_dag.py for tasks to queue
[2024-07-14T13:47:46.765+0000] {logging_mixin.py:120} INFO - [2024-07-14T13:47:46.765+0000] {dagbag.py:537} INFO - Filling up the DagBag from /home/airflow/.local/lib/python3.7/site-packages/airflow/example_dags/example_nested_branch_dag.py
[2024-07-14T13:47:46.784+0000] {processor.py:766} INFO - DAG(s) dict_keys(['example_nested_branch_dag']) retrieved from /home/airflow/.local/lib/python3.7/site-packages/airflow/example_dags/example_nested_branch_dag.py
[2024-07-14T13:47:46.822+0000] {logging_mixin.py:120} INFO - [2024-07-14T13:47:46.822+0000] {dag.py:2585} INFO - Sync 1 DAGs
[2024-07-14T13:47:46.853+0000] {logging_mixin.py:120} INFO - [2024-07-14T13:47:46.852+0000] {dag.py:3340} INFO - Setting next_dagrun for example_nested_branch_dag to 2024-07-13T00:00:00+00:00, run_after=2024-07-14T00:00:00+00:00
[2024-07-14T13:47:46.869+0000] {processor.py:176} INFO - Processing /home/airflow/.local/lib/python3.7/site-packages/airflow/example_dags/example_nested_branch_dag.py took 0.113 seconds
[2024-07-14T13:48:17.823+0000] {processor.py:154} INFO - Started process (PID=1948) to work on /home/airflow/.local/lib/python3.7/site-packages/airflow/example_dags/example_nested_branch_dag.py
[2024-07-14T13:48:17.824+0000] {processor.py:756} INFO - Processing file /home/airflow/.local/lib/python3.7/site-packages/airflow/example_dags/example_nested_branch_dag.py for tasks to queue
[2024-07-14T13:48:17.825+0000] {logging_mixin.py:120} INFO - [2024-07-14T13:48:17.825+0000] {dagbag.py:537} INFO - Filling up the DagBag from /home/airflow/.local/lib/python3.7/site-packages/airflow/example_dags/example_nested_branch_dag.py
[2024-07-14T13:48:17.845+0000] {processor.py:766} INFO - DAG(s) dict_keys(['example_nested_branch_dag']) retrieved from /home/airflow/.local/lib/python3.7/site-packages/airflow/example_dags/example_nested_branch_dag.py
[2024-07-14T13:48:17.906+0000] {logging_mixin.py:120} INFO - [2024-07-14T13:48:17.906+0000] {dag.py:2585} INFO - Sync 1 DAGs
[2024-07-14T13:48:17.994+0000] {logging_mixin.py:120} INFO - [2024-07-14T13:48:17.992+0000] {dag.py:3340} INFO - Setting next_dagrun for example_nested_branch_dag to 2024-07-13T00:00:00+00:00, run_after=2024-07-14T00:00:00+00:00
[2024-07-14T13:48:18.103+0000] {processor.py:176} INFO - Processing /home/airflow/.local/lib/python3.7/site-packages/airflow/example_dags/example_nested_branch_dag.py took 0.282 seconds
[2024-07-14T13:48:48.490+0000] {processor.py:154} INFO - Started process (PID=2014) to work on /home/airflow/.local/lib/python3.7/site-packages/airflow/example_dags/example_nested_branch_dag.py
[2024-07-14T13:48:48.491+0000] {processor.py:756} INFO - Processing file /home/airflow/.local/lib/python3.7/site-packages/airflow/example_dags/example_nested_branch_dag.py for tasks to queue
[2024-07-14T13:48:48.492+0000] {logging_mixin.py:120} INFO - [2024-07-14T13:48:48.492+0000] {dagbag.py:537} INFO - Filling up the DagBag from /home/airflow/.local/lib/python3.7/site-packages/airflow/example_dags/example_nested_branch_dag.py
[2024-07-14T13:48:48.508+0000] {processor.py:766} INFO - DAG(s) dict_keys(['example_nested_branch_dag']) retrieved from /home/airflow/.local/lib/python3.7/site-packages/airflow/example_dags/example_nested_branch_dag.py
[2024-07-14T13:48:48.539+0000] {logging_mixin.py:120} INFO - [2024-07-14T13:48:48.539+0000] {dag.py:2585} INFO - Sync 1 DAGs
[2024-07-14T13:48:48.557+0000] {logging_mixin.py:120} INFO - [2024-07-14T13:48:48.557+0000] {dag.py:3340} INFO - Setting next_dagrun for example_nested_branch_dag to 2024-07-13T00:00:00+00:00, run_after=2024-07-14T00:00:00+00:00
[2024-07-14T13:48:48.571+0000] {processor.py:176} INFO - Processing /home/airflow/.local/lib/python3.7/site-packages/airflow/example_dags/example_nested_branch_dag.py took 0.083 seconds
[2024-07-14T13:49:19.100+0000] {processor.py:154} INFO - Started process (PID=2071) to work on /home/airflow/.local/lib/python3.7/site-packages/airflow/example_dags/example_nested_branch_dag.py
[2024-07-14T13:49:19.103+0000] {processor.py:756} INFO - Processing file /home/airflow/.local/lib/python3.7/site-packages/airflow/example_dags/example_nested_branch_dag.py for tasks to queue
[2024-07-14T13:49:19.104+0000] {logging_mixin.py:120} INFO - [2024-07-14T13:49:19.104+0000] {dagbag.py:537} INFO - Filling up the DagBag from /home/airflow/.local/lib/python3.7/site-packages/airflow/example_dags/example_nested_branch_dag.py
[2024-07-14T13:49:19.121+0000] {processor.py:766} INFO - DAG(s) dict_keys(['example_nested_branch_dag']) retrieved from /home/airflow/.local/lib/python3.7/site-packages/airflow/example_dags/example_nested_branch_dag.py
[2024-07-14T13:49:19.149+0000] {logging_mixin.py:120} INFO - [2024-07-14T13:49:19.149+0000] {dag.py:2585} INFO - Sync 1 DAGs
[2024-07-14T13:49:19.166+0000] {logging_mixin.py:120} INFO - [2024-07-14T13:49:19.166+0000] {dag.py:3340} INFO - Setting next_dagrun for example_nested_branch_dag to 2024-07-13T00:00:00+00:00, run_after=2024-07-14T00:00:00+00:00
[2024-07-14T13:49:19.183+0000] {processor.py:176} INFO - Processing /home/airflow/.local/lib/python3.7/site-packages/airflow/example_dags/example_nested_branch_dag.py took 0.086 seconds
[2024-07-14T13:49:50.131+0000] {processor.py:154} INFO - Started process (PID=2137) to work on /home/airflow/.local/lib/python3.7/site-packages/airflow/example_dags/example_nested_branch_dag.py
[2024-07-14T13:49:50.132+0000] {processor.py:756} INFO - Processing file /home/airflow/.local/lib/python3.7/site-packages/airflow/example_dags/example_nested_branch_dag.py for tasks to queue
[2024-07-14T13:49:50.136+0000] {logging_mixin.py:120} INFO - [2024-07-14T13:49:50.136+0000] {dagbag.py:537} INFO - Filling up the DagBag from /home/airflow/.local/lib/python3.7/site-packages/airflow/example_dags/example_nested_branch_dag.py
[2024-07-14T13:49:50.157+0000] {processor.py:766} INFO - DAG(s) dict_keys(['example_nested_branch_dag']) retrieved from /home/airflow/.local/lib/python3.7/site-packages/airflow/example_dags/example_nested_branch_dag.py
[2024-07-14T13:49:50.193+0000] {logging_mixin.py:120} INFO - [2024-07-14T13:49:50.193+0000] {dag.py:2585} INFO - Sync 1 DAGs
[2024-07-14T13:49:50.213+0000] {logging_mixin.py:120} INFO - [2024-07-14T13:49:50.213+0000] {dag.py:3340} INFO - Setting next_dagrun for example_nested_branch_dag to 2024-07-13T00:00:00+00:00, run_after=2024-07-14T00:00:00+00:00
[2024-07-14T13:49:50.232+0000] {processor.py:176} INFO - Processing /home/airflow/.local/lib/python3.7/site-packages/airflow/example_dags/example_nested_branch_dag.py took 0.103 seconds
[2024-07-14T13:50:20.743+0000] {processor.py:154} INFO - Started process (PID=2203) to work on /home/airflow/.local/lib/python3.7/site-packages/airflow/example_dags/example_nested_branch_dag.py
[2024-07-14T13:50:20.744+0000] {processor.py:756} INFO - Processing file /home/airflow/.local/lib/python3.7/site-packages/airflow/example_dags/example_nested_branch_dag.py for tasks to queue
[2024-07-14T13:50:20.748+0000] {logging_mixin.py:120} INFO - [2024-07-14T13:50:20.748+0000] {dagbag.py:537} INFO - Filling up the DagBag from /home/airflow/.local/lib/python3.7/site-packages/airflow/example_dags/example_nested_branch_dag.py
[2024-07-14T13:50:20.765+0000] {processor.py:766} INFO - DAG(s) dict_keys(['example_nested_branch_dag']) retrieved from /home/airflow/.local/lib/python3.7/site-packages/airflow/example_dags/example_nested_branch_dag.py
[2024-07-14T13:50:20.823+0000] {logging_mixin.py:120} INFO - [2024-07-14T13:50:20.823+0000] {dag.py:2585} INFO - Sync 1 DAGs
[2024-07-14T13:50:20.840+0000] {logging_mixin.py:120} INFO - [2024-07-14T13:50:20.840+0000] {dag.py:3340} INFO - Setting next_dagrun for example_nested_branch_dag to 2024-07-13T00:00:00+00:00, run_after=2024-07-14T00:00:00+00:00
[2024-07-14T13:50:20.872+0000] {processor.py:176} INFO - Processing /home/airflow/.local/lib/python3.7/site-packages/airflow/example_dags/example_nested_branch_dag.py took 0.131 seconds
[2024-07-14T13:50:50.932+0000] {processor.py:154} INFO - Started process (PID=2269) to work on /home/airflow/.local/lib/python3.7/site-packages/airflow/example_dags/example_nested_branch_dag.py
[2024-07-14T13:50:50.933+0000] {processor.py:756} INFO - Processing file /home/airflow/.local/lib/python3.7/site-packages/airflow/example_dags/example_nested_branch_dag.py for tasks to queue
[2024-07-14T13:50:50.933+0000] {logging_mixin.py:120} INFO - [2024-07-14T13:50:50.933+0000] {dagbag.py:537} INFO - Filling up the DagBag from /home/airflow/.local/lib/python3.7/site-packages/airflow/example_dags/example_nested_branch_dag.py
[2024-07-14T13:50:50.951+0000] {processor.py:766} INFO - DAG(s) dict_keys(['example_nested_branch_dag']) retrieved from /home/airflow/.local/lib/python3.7/site-packages/airflow/example_dags/example_nested_branch_dag.py
[2024-07-14T13:50:50.982+0000] {logging_mixin.py:120} INFO - [2024-07-14T13:50:50.981+0000] {dag.py:2585} INFO - Sync 1 DAGs
[2024-07-14T13:50:50.999+0000] {logging_mixin.py:120} INFO - [2024-07-14T13:50:50.999+0000] {dag.py:3340} INFO - Setting next_dagrun for example_nested_branch_dag to 2024-07-13T00:00:00+00:00, run_after=2024-07-14T00:00:00+00:00
[2024-07-14T13:50:51.015+0000] {processor.py:176} INFO - Processing /home/airflow/.local/lib/python3.7/site-packages/airflow/example_dags/example_nested_branch_dag.py took 0.085 seconds
[2024-07-14T13:51:21.405+0000] {processor.py:154} INFO - Started process (PID=2335) to work on /home/airflow/.local/lib/python3.7/site-packages/airflow/example_dags/example_nested_branch_dag.py
[2024-07-14T13:51:21.406+0000] {processor.py:756} INFO - Processing file /home/airflow/.local/lib/python3.7/site-packages/airflow/example_dags/example_nested_branch_dag.py for tasks to queue
[2024-07-14T13:51:21.407+0000] {logging_mixin.py:120} INFO - [2024-07-14T13:51:21.407+0000] {dagbag.py:537} INFO - Filling up the DagBag from /home/airflow/.local/lib/python3.7/site-packages/airflow/example_dags/example_nested_branch_dag.py
[2024-07-14T13:51:21.425+0000] {processor.py:766} INFO - DAG(s) dict_keys(['example_nested_branch_dag']) retrieved from /home/airflow/.local/lib/python3.7/site-packages/airflow/example_dags/example_nested_branch_dag.py
[2024-07-14T13:51:21.456+0000] {logging_mixin.py:120} INFO - [2024-07-14T13:51:21.456+0000] {dag.py:2585} INFO - Sync 1 DAGs
[2024-07-14T13:51:21.475+0000] {logging_mixin.py:120} INFO - [2024-07-14T13:51:21.475+0000] {dag.py:3340} INFO - Setting next_dagrun for example_nested_branch_dag to 2024-07-13T00:00:00+00:00, run_after=2024-07-14T00:00:00+00:00
[2024-07-14T13:51:21.495+0000] {processor.py:176} INFO - Processing /home/airflow/.local/lib/python3.7/site-packages/airflow/example_dags/example_nested_branch_dag.py took 0.092 seconds
[2024-07-14T13:51:51.641+0000] {processor.py:154} INFO - Started process (PID=2392) to work on /home/airflow/.local/lib/python3.7/site-packages/airflow/example_dags/example_nested_branch_dag.py
[2024-07-14T13:51:51.643+0000] {processor.py:756} INFO - Processing file /home/airflow/.local/lib/python3.7/site-packages/airflow/example_dags/example_nested_branch_dag.py for tasks to queue
[2024-07-14T13:51:51.644+0000] {logging_mixin.py:120} INFO - [2024-07-14T13:51:51.644+0000] {dagbag.py:537} INFO - Filling up the DagBag from /home/airflow/.local/lib/python3.7/site-packages/airflow/example_dags/example_nested_branch_dag.py
[2024-07-14T13:51:51.663+0000] {processor.py:766} INFO - DAG(s) dict_keys(['example_nested_branch_dag']) retrieved from /home/airflow/.local/lib/python3.7/site-packages/airflow/example_dags/example_nested_branch_dag.py
[2024-07-14T13:51:51.698+0000] {logging_mixin.py:120} INFO - [2024-07-14T13:51:51.698+0000] {dag.py:2585} INFO - Sync 1 DAGs
[2024-07-14T13:51:51.721+0000] {logging_mixin.py:120} INFO - [2024-07-14T13:51:51.721+0000] {dag.py:3340} INFO - Setting next_dagrun for example_nested_branch_dag to 2024-07-13T00:00:00+00:00, run_after=2024-07-14T00:00:00+00:00
[2024-07-14T13:51:51.741+0000] {processor.py:176} INFO - Processing /home/airflow/.local/lib/python3.7/site-packages/airflow/example_dags/example_nested_branch_dag.py took 0.103 seconds
[2024-07-14T13:52:21.931+0000] {processor.py:154} INFO - Started process (PID=2458) to work on /home/airflow/.local/lib/python3.7/site-packages/airflow/example_dags/example_nested_branch_dag.py
[2024-07-14T13:52:21.932+0000] {processor.py:756} INFO - Processing file /home/airflow/.local/lib/python3.7/site-packages/airflow/example_dags/example_nested_branch_dag.py for tasks to queue
[2024-07-14T13:52:21.933+0000] {logging_mixin.py:120} INFO - [2024-07-14T13:52:21.933+0000] {dagbag.py:537} INFO - Filling up the DagBag from /home/airflow/.local/lib/python3.7/site-packages/airflow/example_dags/example_nested_branch_dag.py
[2024-07-14T13:52:21.950+0000] {processor.py:766} INFO - DAG(s) dict_keys(['example_nested_branch_dag']) retrieved from /home/airflow/.local/lib/python3.7/site-packages/airflow/example_dags/example_nested_branch_dag.py
[2024-07-14T13:52:21.979+0000] {logging_mixin.py:120} INFO - [2024-07-14T13:52:21.979+0000] {dag.py:2585} INFO - Sync 1 DAGs
[2024-07-14T13:52:21.998+0000] {logging_mixin.py:120} INFO - [2024-07-14T13:52:21.998+0000] {dag.py:3340} INFO - Setting next_dagrun for example_nested_branch_dag to 2024-07-13T00:00:00+00:00, run_after=2024-07-14T00:00:00+00:00
[2024-07-14T13:52:22.011+0000] {processor.py:176} INFO - Processing /home/airflow/.local/lib/python3.7/site-packages/airflow/example_dags/example_nested_branch_dag.py took 0.082 seconds
[2024-07-14T13:52:52.356+0000] {processor.py:154} INFO - Started process (PID=2524) to work on /home/airflow/.local/lib/python3.7/site-packages/airflow/example_dags/example_nested_branch_dag.py
[2024-07-14T13:52:52.356+0000] {processor.py:756} INFO - Processing file /home/airflow/.local/lib/python3.7/site-packages/airflow/example_dags/example_nested_branch_dag.py for tasks to queue
[2024-07-14T13:52:52.357+0000] {logging_mixin.py:120} INFO - [2024-07-14T13:52:52.357+0000] {dagbag.py:537} INFO - Filling up the DagBag from /home/airflow/.local/lib/python3.7/site-packages/airflow/example_dags/example_nested_branch_dag.py
[2024-07-14T13:52:52.376+0000] {processor.py:766} INFO - DAG(s) dict_keys(['example_nested_branch_dag']) retrieved from /home/airflow/.local/lib/python3.7/site-packages/airflow/example_dags/example_nested_branch_dag.py
[2024-07-14T13:52:52.415+0000] {logging_mixin.py:120} INFO - [2024-07-14T13:52:52.415+0000] {dag.py:2585} INFO - Sync 1 DAGs
[2024-07-14T13:52:52.432+0000] {logging_mixin.py:120} INFO - [2024-07-14T13:52:52.432+0000] {dag.py:3340} INFO - Setting next_dagrun for example_nested_branch_dag to 2024-07-13T00:00:00+00:00, run_after=2024-07-14T00:00:00+00:00
[2024-07-14T13:52:52.445+0000] {processor.py:176} INFO - Processing /home/airflow/.local/lib/python3.7/site-packages/airflow/example_dags/example_nested_branch_dag.py took 0.092 seconds
[2024-07-14T13:53:22.664+0000] {processor.py:154} INFO - Started process (PID=2590) to work on /home/airflow/.local/lib/python3.7/site-packages/airflow/example_dags/example_nested_branch_dag.py
[2024-07-14T13:53:22.665+0000] {processor.py:756} INFO - Processing file /home/airflow/.local/lib/python3.7/site-packages/airflow/example_dags/example_nested_branch_dag.py for tasks to queue
[2024-07-14T13:53:22.667+0000] {logging_mixin.py:120} INFO - [2024-07-14T13:53:22.667+0000] {dagbag.py:537} INFO - Filling up the DagBag from /home/airflow/.local/lib/python3.7/site-packages/airflow/example_dags/example_nested_branch_dag.py
[2024-07-14T13:53:22.685+0000] {processor.py:766} INFO - DAG(s) dict_keys(['example_nested_branch_dag']) retrieved from /home/airflow/.local/lib/python3.7/site-packages/airflow/example_dags/example_nested_branch_dag.py
[2024-07-14T13:53:22.729+0000] {logging_mixin.py:120} INFO - [2024-07-14T13:53:22.729+0000] {dag.py:2585} INFO - Sync 1 DAGs
[2024-07-14T13:53:22.747+0000] {logging_mixin.py:120} INFO - [2024-07-14T13:53:22.746+0000] {dag.py:3340} INFO - Setting next_dagrun for example_nested_branch_dag to 2024-07-13T00:00:00+00:00, run_after=2024-07-14T00:00:00+00:00
[2024-07-14T13:53:22.764+0000] {processor.py:176} INFO - Processing /home/airflow/.local/lib/python3.7/site-packages/airflow/example_dags/example_nested_branch_dag.py took 0.102 seconds
[2024-07-14T13:53:53.224+0000] {processor.py:154} INFO - Started process (PID=2647) to work on /home/airflow/.local/lib/python3.7/site-packages/airflow/example_dags/example_nested_branch_dag.py
[2024-07-14T13:53:53.225+0000] {processor.py:756} INFO - Processing file /home/airflow/.local/lib/python3.7/site-packages/airflow/example_dags/example_nested_branch_dag.py for tasks to queue
[2024-07-14T13:53:53.225+0000] {logging_mixin.py:120} INFO - [2024-07-14T13:53:53.225+0000] {dagbag.py:537} INFO - Filling up the DagBag from /home/airflow/.local/lib/python3.7/site-packages/airflow/example_dags/example_nested_branch_dag.py
[2024-07-14T13:53:53.242+0000] {processor.py:766} INFO - DAG(s) dict_keys(['example_nested_branch_dag']) retrieved from /home/airflow/.local/lib/python3.7/site-packages/airflow/example_dags/example_nested_branch_dag.py
[2024-07-14T13:53:53.328+0000] {logging_mixin.py:120} INFO - [2024-07-14T13:53:53.328+0000] {dag.py:2585} INFO - Sync 1 DAGs
[2024-07-14T13:53:53.355+0000] {logging_mixin.py:120} INFO - [2024-07-14T13:53:53.355+0000] {dag.py:3340} INFO - Setting next_dagrun for example_nested_branch_dag to 2024-07-13T00:00:00+00:00, run_after=2024-07-14T00:00:00+00:00
[2024-07-14T13:53:53.371+0000] {processor.py:176} INFO - Processing /home/airflow/.local/lib/python3.7/site-packages/airflow/example_dags/example_nested_branch_dag.py took 0.150 seconds
[2024-07-14T13:54:24.360+0000] {processor.py:154} INFO - Started process (PID=2712) to work on /home/airflow/.local/lib/python3.7/site-packages/airflow/example_dags/example_nested_branch_dag.py
[2024-07-14T13:54:24.365+0000] {processor.py:756} INFO - Processing file /home/airflow/.local/lib/python3.7/site-packages/airflow/example_dags/example_nested_branch_dag.py for tasks to queue
[2024-07-14T13:54:24.365+0000] {logging_mixin.py:120} INFO - [2024-07-14T13:54:24.365+0000] {dagbag.py:537} INFO - Filling up the DagBag from /home/airflow/.local/lib/python3.7/site-packages/airflow/example_dags/example_nested_branch_dag.py
[2024-07-14T13:54:24.388+0000] {processor.py:766} INFO - DAG(s) dict_keys(['example_nested_branch_dag']) retrieved from /home/airflow/.local/lib/python3.7/site-packages/airflow/example_dags/example_nested_branch_dag.py
[2024-07-14T13:54:24.420+0000] {logging_mixin.py:120} INFO - [2024-07-14T13:54:24.419+0000] {dag.py:2585} INFO - Sync 1 DAGs
[2024-07-14T13:54:24.439+0000] {logging_mixin.py:120} INFO - [2024-07-14T13:54:24.439+0000] {dag.py:3340} INFO - Setting next_dagrun for example_nested_branch_dag to 2024-07-13T00:00:00+00:00, run_after=2024-07-14T00:00:00+00:00
[2024-07-14T13:54:24.458+0000] {processor.py:176} INFO - Processing /home/airflow/.local/lib/python3.7/site-packages/airflow/example_dags/example_nested_branch_dag.py took 0.100 seconds
[2024-07-14T13:54:54.714+0000] {processor.py:154} INFO - Started process (PID=2778) to work on /home/airflow/.local/lib/python3.7/site-packages/airflow/example_dags/example_nested_branch_dag.py
[2024-07-14T13:54:54.715+0000] {processor.py:756} INFO - Processing file /home/airflow/.local/lib/python3.7/site-packages/airflow/example_dags/example_nested_branch_dag.py for tasks to queue
[2024-07-14T13:54:54.715+0000] {logging_mixin.py:120} INFO - [2024-07-14T13:54:54.715+0000] {dagbag.py:537} INFO - Filling up the DagBag from /home/airflow/.local/lib/python3.7/site-packages/airflow/example_dags/example_nested_branch_dag.py
[2024-07-14T13:54:54.735+0000] {processor.py:766} INFO - DAG(s) dict_keys(['example_nested_branch_dag']) retrieved from /home/airflow/.local/lib/python3.7/site-packages/airflow/example_dags/example_nested_branch_dag.py
[2024-07-14T13:54:54.765+0000] {logging_mixin.py:120} INFO - [2024-07-14T13:54:54.765+0000] {dag.py:2585} INFO - Sync 1 DAGs
[2024-07-14T13:54:54.782+0000] {logging_mixin.py:120} INFO - [2024-07-14T13:54:54.782+0000] {dag.py:3340} INFO - Setting next_dagrun for example_nested_branch_dag to 2024-07-13T00:00:00+00:00, run_after=2024-07-14T00:00:00+00:00
[2024-07-14T13:54:54.796+0000] {processor.py:176} INFO - Processing /home/airflow/.local/lib/python3.7/site-packages/airflow/example_dags/example_nested_branch_dag.py took 0.084 seconds
[2024-07-14T13:55:24.865+0000] {processor.py:154} INFO - Started process (PID=2843) to work on /home/airflow/.local/lib/python3.7/site-packages/airflow/example_dags/example_nested_branch_dag.py
[2024-07-14T13:55:24.866+0000] {processor.py:756} INFO - Processing file /home/airflow/.local/lib/python3.7/site-packages/airflow/example_dags/example_nested_branch_dag.py for tasks to queue
[2024-07-14T13:55:24.867+0000] {logging_mixin.py:120} INFO - [2024-07-14T13:55:24.867+0000] {dagbag.py:537} INFO - Filling up the DagBag from /home/airflow/.local/lib/python3.7/site-packages/airflow/example_dags/example_nested_branch_dag.py
[2024-07-14T13:55:24.887+0000] {processor.py:766} INFO - DAG(s) dict_keys(['example_nested_branch_dag']) retrieved from /home/airflow/.local/lib/python3.7/site-packages/airflow/example_dags/example_nested_branch_dag.py
[2024-07-14T13:55:24.926+0000] {logging_mixin.py:120} INFO - [2024-07-14T13:55:24.926+0000] {dag.py:2585} INFO - Sync 1 DAGs
[2024-07-14T13:55:24.956+0000] {logging_mixin.py:120} INFO - [2024-07-14T13:55:24.955+0000] {dag.py:3340} INFO - Setting next_dagrun for example_nested_branch_dag to 2024-07-13T00:00:00+00:00, run_after=2024-07-14T00:00:00+00:00
[2024-07-14T13:55:24.970+0000] {processor.py:176} INFO - Processing /home/airflow/.local/lib/python3.7/site-packages/airflow/example_dags/example_nested_branch_dag.py took 0.107 seconds
[2024-07-14T13:55:55.376+0000] {processor.py:154} INFO - Started process (PID=2905) to work on /home/airflow/.local/lib/python3.7/site-packages/airflow/example_dags/example_nested_branch_dag.py
[2024-07-14T13:55:55.382+0000] {processor.py:756} INFO - Processing file /home/airflow/.local/lib/python3.7/site-packages/airflow/example_dags/example_nested_branch_dag.py for tasks to queue
[2024-07-14T13:55:55.383+0000] {logging_mixin.py:120} INFO - [2024-07-14T13:55:55.382+0000] {dagbag.py:537} INFO - Filling up the DagBag from /home/airflow/.local/lib/python3.7/site-packages/airflow/example_dags/example_nested_branch_dag.py
[2024-07-14T13:55:55.401+0000] {processor.py:766} INFO - DAG(s) dict_keys(['example_nested_branch_dag']) retrieved from /home/airflow/.local/lib/python3.7/site-packages/airflow/example_dags/example_nested_branch_dag.py
[2024-07-14T13:55:55.435+0000] {logging_mixin.py:120} INFO - [2024-07-14T13:55:55.435+0000] {dag.py:2585} INFO - Sync 1 DAGs
[2024-07-14T13:55:55.459+0000] {logging_mixin.py:120} INFO - [2024-07-14T13:55:55.459+0000] {dag.py:3340} INFO - Setting next_dagrun for example_nested_branch_dag to 2024-07-13T00:00:00+00:00, run_after=2024-07-14T00:00:00+00:00
[2024-07-14T13:55:55.476+0000] {processor.py:176} INFO - Processing /home/airflow/.local/lib/python3.7/site-packages/airflow/example_dags/example_nested_branch_dag.py took 0.102 seconds
[2024-07-14T14:28:42.070+0000] {processor.py:153} INFO - Started process (PID=83) to work on /home/airflow/.local/lib/python3.7/site-packages/airflow/example_dags/example_nested_branch_dag.py
[2024-07-14T14:28:42.071+0000] {processor.py:743} INFO - Processing file /home/airflow/.local/lib/python3.7/site-packages/airflow/example_dags/example_nested_branch_dag.py for tasks to queue
[2024-07-14T14:28:42.072+0000] {logging_mixin.py:137} INFO - [2024-07-14T14:28:42.072+0000] {dagbag.py:538} INFO - Filling up the DagBag from /home/airflow/.local/lib/python3.7/site-packages/airflow/example_dags/example_nested_branch_dag.py
[2024-07-14T14:28:42.103+0000] {processor.py:753} INFO - DAG(s) dict_keys(['example_nested_branch_dag']) retrieved from /home/airflow/.local/lib/python3.7/site-packages/airflow/example_dags/example_nested_branch_dag.py
[2024-07-14T14:28:42.119+0000] {logging_mixin.py:137} INFO - [2024-07-14T14:28:42.119+0000] {dag.py:2690} INFO - Sync 1 DAGs
[2024-07-14T14:28:42.152+0000] {logging_mixin.py:137} INFO - [2024-07-14T14:28:42.152+0000] {dag.py:3441} INFO - Setting next_dagrun for example_nested_branch_dag to 2024-07-13T00:00:00+00:00, run_after=2024-07-14T00:00:00+00:00
[2024-07-14T14:28:42.178+0000] {processor.py:175} INFO - Processing /home/airflow/.local/lib/python3.7/site-packages/airflow/example_dags/example_nested_branch_dag.py took 0.111 seconds
[2024-07-14T14:29:12.659+0000] {processor.py:153} INFO - Started process (PID=215) to work on /home/airflow/.local/lib/python3.7/site-packages/airflow/example_dags/example_nested_branch_dag.py
[2024-07-14T14:29:12.661+0000] {processor.py:743} INFO - Processing file /home/airflow/.local/lib/python3.7/site-packages/airflow/example_dags/example_nested_branch_dag.py for tasks to queue
[2024-07-14T14:29:12.661+0000] {logging_mixin.py:137} INFO - [2024-07-14T14:29:12.661+0000] {dagbag.py:538} INFO - Filling up the DagBag from /home/airflow/.local/lib/python3.7/site-packages/airflow/example_dags/example_nested_branch_dag.py
[2024-07-14T14:29:12.683+0000] {processor.py:753} INFO - DAG(s) dict_keys(['example_nested_branch_dag']) retrieved from /home/airflow/.local/lib/python3.7/site-packages/airflow/example_dags/example_nested_branch_dag.py
