[2024-07-14T13:33:21.085+0000] {processor.py:154} INFO - Started process (PID=71) to work on /home/airflow/.local/lib/python3.7/site-packages/airflow/example_dags/example_trigger_target_dag.py
[2024-07-14T13:33:21.087+0000] {processor.py:756} INFO - Processing file /home/airflow/.local/lib/python3.7/site-packages/airflow/example_dags/example_trigger_target_dag.py for tasks to queue
[2024-07-14T13:33:21.090+0000] {logging_mixin.py:120} INFO - [2024-07-14T13:33:21.090+0000] {dagbag.py:537} INFO - Filling up the DagBag from /home/airflow/.local/lib/python3.7/site-packages/airflow/example_dags/example_trigger_target_dag.py
[2024-07-14T13:33:21.135+0000] {processor.py:766} INFO - DAG(s) dict_keys(['example_trigger_target_dag']) retrieved from /home/airflow/.local/lib/python3.7/site-packages/airflow/example_dags/example_trigger_target_dag.py
[2024-07-14T13:33:21.190+0000] {logging_mixin.py:120} INFO - [2024-07-14T13:33:21.190+0000] {dag.py:2585} INFO - Sync 1 DAGs
[2024-07-14T13:33:21.227+0000] {logging_mixin.py:120} INFO - [2024-07-14T13:33:21.226+0000] {dag.py:3340} INFO - Setting next_dagrun for example_trigger_target_dag to None, run_after=None
[2024-07-14T13:33:21.256+0000] {processor.py:176} INFO - Processing /home/airflow/.local/lib/python3.7/site-packages/airflow/example_dags/example_trigger_target_dag.py took 0.178 seconds
[2024-07-14T13:33:52.160+0000] {processor.py:154} INFO - Started process (PID=129) to work on /home/airflow/.local/lib/python3.7/site-packages/airflow/example_dags/example_trigger_target_dag.py
[2024-07-14T13:33:52.161+0000] {processor.py:756} INFO - Processing file /home/airflow/.local/lib/python3.7/site-packages/airflow/example_dags/example_trigger_target_dag.py for tasks to queue
[2024-07-14T13:33:52.162+0000] {logging_mixin.py:120} INFO - [2024-07-14T13:33:52.162+0000] {dagbag.py:537} INFO - Filling up the DagBag from /home/airflow/.local/lib/python3.7/site-packages/airflow/example_dags/example_trigger_target_dag.py
[2024-07-14T13:33:52.183+0000] {processor.py:766} INFO - DAG(s) dict_keys(['example_trigger_target_dag']) retrieved from /home/airflow/.local/lib/python3.7/site-packages/airflow/example_dags/example_trigger_target_dag.py
[2024-07-14T13:33:52.203+0000] {logging_mixin.py:120} INFO - [2024-07-14T13:33:52.203+0000] {dag.py:2585} INFO - Sync 1 DAGs
[2024-07-14T13:33:52.232+0000] {logging_mixin.py:120} INFO - [2024-07-14T13:33:52.232+0000] {dag.py:3340} INFO - Setting next_dagrun for example_trigger_target_dag to None, run_after=None
[2024-07-14T13:33:52.253+0000] {processor.py:176} INFO - Processing /home/airflow/.local/lib/python3.7/site-packages/airflow/example_dags/example_trigger_target_dag.py took 0.096 seconds
[2024-07-14T13:34:22.835+0000] {processor.py:154} INFO - Started process (PID=196) to work on /home/airflow/.local/lib/python3.7/site-packages/airflow/example_dags/example_trigger_target_dag.py
[2024-07-14T13:34:22.836+0000] {processor.py:756} INFO - Processing file /home/airflow/.local/lib/python3.7/site-packages/airflow/example_dags/example_trigger_target_dag.py for tasks to queue
[2024-07-14T13:34:22.837+0000] {logging_mixin.py:120} INFO - [2024-07-14T13:34:22.837+0000] {dagbag.py:537} INFO - Filling up the DagBag from /home/airflow/.local/lib/python3.7/site-packages/airflow/example_dags/example_trigger_target_dag.py
[2024-07-14T13:34:22.856+0000] {processor.py:766} INFO - DAG(s) dict_keys(['example_trigger_target_dag']) retrieved from /home/airflow/.local/lib/python3.7/site-packages/airflow/example_dags/example_trigger_target_dag.py
[2024-07-14T13:34:22.889+0000] {logging_mixin.py:120} INFO - [2024-07-14T13:34:22.889+0000] {dag.py:2585} INFO - Sync 1 DAGs
[2024-07-14T13:34:22.917+0000] {logging_mixin.py:120} INFO - [2024-07-14T13:34:22.917+0000] {dag.py:3340} INFO - Setting next_dagrun for example_trigger_target_dag to None, run_after=None
[2024-07-14T13:34:22.958+0000] {processor.py:176} INFO - Processing /home/airflow/.local/lib/python3.7/site-packages/airflow/example_dags/example_trigger_target_dag.py took 0.125 seconds
[2024-07-14T13:34:53.390+0000] {processor.py:154} INFO - Started process (PID=261) to work on /home/airflow/.local/lib/python3.7/site-packages/airflow/example_dags/example_trigger_target_dag.py
[2024-07-14T13:34:53.391+0000] {processor.py:756} INFO - Processing file /home/airflow/.local/lib/python3.7/site-packages/airflow/example_dags/example_trigger_target_dag.py for tasks to queue
[2024-07-14T13:34:53.391+0000] {logging_mixin.py:120} INFO - [2024-07-14T13:34:53.391+0000] {dagbag.py:537} INFO - Filling up the DagBag from /home/airflow/.local/lib/python3.7/site-packages/airflow/example_dags/example_trigger_target_dag.py
[2024-07-14T13:34:53.405+0000] {processor.py:766} INFO - DAG(s) dict_keys(['example_trigger_target_dag']) retrieved from /home/airflow/.local/lib/python3.7/site-packages/airflow/example_dags/example_trigger_target_dag.py
[2024-07-14T13:34:53.432+0000] {logging_mixin.py:120} INFO - [2024-07-14T13:34:53.432+0000] {dag.py:2585} INFO - Sync 1 DAGs
[2024-07-14T13:34:53.451+0000] {logging_mixin.py:120} INFO - [2024-07-14T13:34:53.451+0000] {dag.py:3340} INFO - Setting next_dagrun for example_trigger_target_dag to None, run_after=None
[2024-07-14T13:34:53.470+0000] {processor.py:176} INFO - Processing /home/airflow/.local/lib/python3.7/site-packages/airflow/example_dags/example_trigger_target_dag.py took 0.082 seconds
[2024-07-14T13:35:23.727+0000] {processor.py:154} INFO - Started process (PID=316) to work on /home/airflow/.local/lib/python3.7/site-packages/airflow/example_dags/example_trigger_target_dag.py
[2024-07-14T13:35:23.730+0000] {processor.py:756} INFO - Processing file /home/airflow/.local/lib/python3.7/site-packages/airflow/example_dags/example_trigger_target_dag.py for tasks to queue
[2024-07-14T13:35:23.731+0000] {logging_mixin.py:120} INFO - [2024-07-14T13:35:23.731+0000] {dagbag.py:537} INFO - Filling up the DagBag from /home/airflow/.local/lib/python3.7/site-packages/airflow/example_dags/example_trigger_target_dag.py
[2024-07-14T13:35:23.765+0000] {processor.py:766} INFO - DAG(s) dict_keys(['example_trigger_target_dag']) retrieved from /home/airflow/.local/lib/python3.7/site-packages/airflow/example_dags/example_trigger_target_dag.py
[2024-07-14T13:35:23.829+0000] {logging_mixin.py:120} INFO - [2024-07-14T13:35:23.829+0000] {dag.py:2585} INFO - Sync 1 DAGs
[2024-07-14T13:35:23.859+0000] {logging_mixin.py:120} INFO - [2024-07-14T13:35:23.859+0000] {dag.py:3340} INFO - Setting next_dagrun for example_trigger_target_dag to None, run_after=None
[2024-07-14T13:35:23.881+0000] {processor.py:176} INFO - Processing /home/airflow/.local/lib/python3.7/site-packages/airflow/example_dags/example_trigger_target_dag.py took 0.157 seconds
[2024-07-14T13:35:54.655+0000] {processor.py:154} INFO - Started process (PID=383) to work on /home/airflow/.local/lib/python3.7/site-packages/airflow/example_dags/example_trigger_target_dag.py
[2024-07-14T13:35:54.656+0000] {processor.py:756} INFO - Processing file /home/airflow/.local/lib/python3.7/site-packages/airflow/example_dags/example_trigger_target_dag.py for tasks to queue
[2024-07-14T13:35:54.656+0000] {logging_mixin.py:120} INFO - [2024-07-14T13:35:54.656+0000] {dagbag.py:537} INFO - Filling up the DagBag from /home/airflow/.local/lib/python3.7/site-packages/airflow/example_dags/example_trigger_target_dag.py
[2024-07-14T13:35:54.670+0000] {processor.py:766} INFO - DAG(s) dict_keys(['example_trigger_target_dag']) retrieved from /home/airflow/.local/lib/python3.7/site-packages/airflow/example_dags/example_trigger_target_dag.py
[2024-07-14T13:35:54.697+0000] {logging_mixin.py:120} INFO - [2024-07-14T13:35:54.697+0000] {dag.py:2585} INFO - Sync 1 DAGs
[2024-07-14T13:35:54.714+0000] {logging_mixin.py:120} INFO - [2024-07-14T13:35:54.713+0000] {dag.py:3340} INFO - Setting next_dagrun for example_trigger_target_dag to None, run_after=None
[2024-07-14T13:35:54.729+0000] {processor.py:176} INFO - Processing /home/airflow/.local/lib/python3.7/site-packages/airflow/example_dags/example_trigger_target_dag.py took 0.076 seconds
[2024-07-14T13:36:24.846+0000] {processor.py:154} INFO - Started process (PID=447) to work on /home/airflow/.local/lib/python3.7/site-packages/airflow/example_dags/example_trigger_target_dag.py
[2024-07-14T13:36:24.847+0000] {processor.py:756} INFO - Processing file /home/airflow/.local/lib/python3.7/site-packages/airflow/example_dags/example_trigger_target_dag.py for tasks to queue
[2024-07-14T13:36:24.847+0000] {logging_mixin.py:120} INFO - [2024-07-14T13:36:24.847+0000] {dagbag.py:537} INFO - Filling up the DagBag from /home/airflow/.local/lib/python3.7/site-packages/airflow/example_dags/example_trigger_target_dag.py
[2024-07-14T13:36:24.861+0000] {processor.py:766} INFO - DAG(s) dict_keys(['example_trigger_target_dag']) retrieved from /home/airflow/.local/lib/python3.7/site-packages/airflow/example_dags/example_trigger_target_dag.py
[2024-07-14T13:36:24.887+0000] {logging_mixin.py:120} INFO - [2024-07-14T13:36:24.886+0000] {dag.py:2585} INFO - Sync 1 DAGs
[2024-07-14T13:36:24.907+0000] {logging_mixin.py:120} INFO - [2024-07-14T13:36:24.907+0000] {dag.py:3340} INFO - Setting next_dagrun for example_trigger_target_dag to None, run_after=None
[2024-07-14T13:36:24.938+0000] {processor.py:176} INFO - Processing /home/airflow/.local/lib/python3.7/site-packages/airflow/example_dags/example_trigger_target_dag.py took 0.094 seconds
[2024-07-14T13:36:55.228+0000] {processor.py:154} INFO - Started process (PID=513) to work on /home/airflow/.local/lib/python3.7/site-packages/airflow/example_dags/example_trigger_target_dag.py
[2024-07-14T13:36:55.229+0000] {processor.py:756} INFO - Processing file /home/airflow/.local/lib/python3.7/site-packages/airflow/example_dags/example_trigger_target_dag.py for tasks to queue
[2024-07-14T13:36:55.230+0000] {logging_mixin.py:120} INFO - [2024-07-14T13:36:55.230+0000] {dagbag.py:537} INFO - Filling up the DagBag from /home/airflow/.local/lib/python3.7/site-packages/airflow/example_dags/example_trigger_target_dag.py
[2024-07-14T13:36:55.244+0000] {processor.py:766} INFO - DAG(s) dict_keys(['example_trigger_target_dag']) retrieved from /home/airflow/.local/lib/python3.7/site-packages/airflow/example_dags/example_trigger_target_dag.py
[2024-07-14T13:36:55.284+0000] {logging_mixin.py:120} INFO - [2024-07-14T13:36:55.284+0000] {dag.py:2585} INFO - Sync 1 DAGs
[2024-07-14T13:36:55.301+0000] {logging_mixin.py:120} INFO - [2024-07-14T13:36:55.300+0000] {dag.py:3340} INFO - Setting next_dagrun for example_trigger_target_dag to None, run_after=None
[2024-07-14T13:36:55.317+0000] {processor.py:176} INFO - Processing /home/airflow/.local/lib/python3.7/site-packages/airflow/example_dags/example_trigger_target_dag.py took 0.091 seconds
[2024-07-14T13:37:25.869+0000] {processor.py:154} INFO - Started process (PID=579) to work on /home/airflow/.local/lib/python3.7/site-packages/airflow/example_dags/example_trigger_target_dag.py
[2024-07-14T13:37:25.870+0000] {processor.py:756} INFO - Processing file /home/airflow/.local/lib/python3.7/site-packages/airflow/example_dags/example_trigger_target_dag.py for tasks to queue
[2024-07-14T13:37:25.870+0000] {logging_mixin.py:120} INFO - [2024-07-14T13:37:25.870+0000] {dagbag.py:537} INFO - Filling up the DagBag from /home/airflow/.local/lib/python3.7/site-packages/airflow/example_dags/example_trigger_target_dag.py
[2024-07-14T13:37:25.887+0000] {processor.py:766} INFO - DAG(s) dict_keys(['example_trigger_target_dag']) retrieved from /home/airflow/.local/lib/python3.7/site-packages/airflow/example_dags/example_trigger_target_dag.py
[2024-07-14T13:37:25.923+0000] {logging_mixin.py:120} INFO - [2024-07-14T13:37:25.923+0000] {dag.py:2585} INFO - Sync 1 DAGs
[2024-07-14T13:37:25.946+0000] {logging_mixin.py:120} INFO - [2024-07-14T13:37:25.945+0000] {dag.py:3340} INFO - Setting next_dagrun for example_trigger_target_dag to None, run_after=None
[2024-07-14T13:37:25.965+0000] {processor.py:176} INFO - Processing /home/airflow/.local/lib/python3.7/site-packages/airflow/example_dags/example_trigger_target_dag.py took 0.099 seconds
[2024-07-14T13:37:56.361+0000] {processor.py:154} INFO - Started process (PID=636) to work on /home/airflow/.local/lib/python3.7/site-packages/airflow/example_dags/example_trigger_target_dag.py
[2024-07-14T13:37:56.362+0000] {processor.py:756} INFO - Processing file /home/airflow/.local/lib/python3.7/site-packages/airflow/example_dags/example_trigger_target_dag.py for tasks to queue
[2024-07-14T13:37:56.363+0000] {logging_mixin.py:120} INFO - [2024-07-14T13:37:56.363+0000] {dagbag.py:537} INFO - Filling up the DagBag from /home/airflow/.local/lib/python3.7/site-packages/airflow/example_dags/example_trigger_target_dag.py
[2024-07-14T13:37:56.379+0000] {processor.py:766} INFO - DAG(s) dict_keys(['example_trigger_target_dag']) retrieved from /home/airflow/.local/lib/python3.7/site-packages/airflow/example_dags/example_trigger_target_dag.py
[2024-07-14T13:37:56.411+0000] {logging_mixin.py:120} INFO - [2024-07-14T13:37:56.410+0000] {dag.py:2585} INFO - Sync 1 DAGs
[2024-07-14T13:37:56.430+0000] {logging_mixin.py:120} INFO - [2024-07-14T13:37:56.430+0000] {dag.py:3340} INFO - Setting next_dagrun for example_trigger_target_dag to None, run_after=None
[2024-07-14T13:37:56.446+0000] {processor.py:176} INFO - Processing /home/airflow/.local/lib/python3.7/site-packages/airflow/example_dags/example_trigger_target_dag.py took 0.087 seconds
[2024-07-14T13:38:27.470+0000] {processor.py:154} INFO - Started process (PID=702) to work on /home/airflow/.local/lib/python3.7/site-packages/airflow/example_dags/example_trigger_target_dag.py
[2024-07-14T13:38:27.539+0000] {processor.py:756} INFO - Processing file /home/airflow/.local/lib/python3.7/site-packages/airflow/example_dags/example_trigger_target_dag.py for tasks to queue
[2024-07-14T13:38:27.557+0000] {logging_mixin.py:120} INFO - [2024-07-14T13:38:27.556+0000] {dagbag.py:537} INFO - Filling up the DagBag from /home/airflow/.local/lib/python3.7/site-packages/airflow/example_dags/example_trigger_target_dag.py
[2024-07-14T13:38:27.584+0000] {processor.py:766} INFO - DAG(s) dict_keys(['example_trigger_target_dag']) retrieved from /home/airflow/.local/lib/python3.7/site-packages/airflow/example_dags/example_trigger_target_dag.py
[2024-07-14T13:38:27.619+0000] {logging_mixin.py:120} INFO - [2024-07-14T13:38:27.618+0000] {dag.py:2585} INFO - Sync 1 DAGs
[2024-07-14T13:38:27.715+0000] {logging_mixin.py:120} INFO - [2024-07-14T13:38:27.715+0000] {dag.py:3340} INFO - Setting next_dagrun for example_trigger_target_dag to None, run_after=None
[2024-07-14T13:38:27.745+0000] {processor.py:176} INFO - Processing /home/airflow/.local/lib/python3.7/site-packages/airflow/example_dags/example_trigger_target_dag.py took 0.279 seconds
[2024-07-14T13:38:58.355+0000] {processor.py:154} INFO - Started process (PID=768) to work on /home/airflow/.local/lib/python3.7/site-packages/airflow/example_dags/example_trigger_target_dag.py
[2024-07-14T13:38:58.356+0000] {processor.py:756} INFO - Processing file /home/airflow/.local/lib/python3.7/site-packages/airflow/example_dags/example_trigger_target_dag.py for tasks to queue
[2024-07-14T13:38:58.357+0000] {logging_mixin.py:120} INFO - [2024-07-14T13:38:58.357+0000] {dagbag.py:537} INFO - Filling up the DagBag from /home/airflow/.local/lib/python3.7/site-packages/airflow/example_dags/example_trigger_target_dag.py
[2024-07-14T13:38:58.372+0000] {processor.py:766} INFO - DAG(s) dict_keys(['example_trigger_target_dag']) retrieved from /home/airflow/.local/lib/python3.7/site-packages/airflow/example_dags/example_trigger_target_dag.py
[2024-07-14T13:38:58.404+0000] {logging_mixin.py:120} INFO - [2024-07-14T13:38:58.404+0000] {dag.py:2585} INFO - Sync 1 DAGs
[2024-07-14T13:38:58.424+0000] {logging_mixin.py:120} INFO - [2024-07-14T13:38:58.424+0000] {dag.py:3340} INFO - Setting next_dagrun for example_trigger_target_dag to None, run_after=None
[2024-07-14T13:38:58.442+0000] {processor.py:176} INFO - Processing /home/airflow/.local/lib/python3.7/site-packages/airflow/example_dags/example_trigger_target_dag.py took 0.089 seconds
[2024-07-14T13:39:28.496+0000] {processor.py:154} INFO - Started process (PID=832) to work on /home/airflow/.local/lib/python3.7/site-packages/airflow/example_dags/example_trigger_target_dag.py
[2024-07-14T13:39:28.497+0000] {processor.py:756} INFO - Processing file /home/airflow/.local/lib/python3.7/site-packages/airflow/example_dags/example_trigger_target_dag.py for tasks to queue
[2024-07-14T13:39:28.497+0000] {logging_mixin.py:120} INFO - [2024-07-14T13:39:28.497+0000] {dagbag.py:537} INFO - Filling up the DagBag from /home/airflow/.local/lib/python3.7/site-packages/airflow/example_dags/example_trigger_target_dag.py
[2024-07-14T13:39:28.518+0000] {processor.py:766} INFO - DAG(s) dict_keys(['example_trigger_target_dag']) retrieved from /home/airflow/.local/lib/python3.7/site-packages/airflow/example_dags/example_trigger_target_dag.py
[2024-07-14T13:39:28.566+0000] {logging_mixin.py:120} INFO - [2024-07-14T13:39:28.566+0000] {dag.py:2585} INFO - Sync 1 DAGs
[2024-07-14T13:39:28.617+0000] {logging_mixin.py:120} INFO - [2024-07-14T13:39:28.617+0000] {dag.py:3340} INFO - Setting next_dagrun for example_trigger_target_dag to None, run_after=None
[2024-07-14T13:39:28.642+0000] {processor.py:176} INFO - Processing /home/airflow/.local/lib/python3.7/site-packages/airflow/example_dags/example_trigger_target_dag.py took 0.148 seconds
[2024-07-14T13:39:58.785+0000] {processor.py:154} INFO - Started process (PID=889) to work on /home/airflow/.local/lib/python3.7/site-packages/airflow/example_dags/example_trigger_target_dag.py
[2024-07-14T13:39:58.786+0000] {processor.py:756} INFO - Processing file /home/airflow/.local/lib/python3.7/site-packages/airflow/example_dags/example_trigger_target_dag.py for tasks to queue
[2024-07-14T13:39:58.787+0000] {logging_mixin.py:120} INFO - [2024-07-14T13:39:58.787+0000] {dagbag.py:537} INFO - Filling up the DagBag from /home/airflow/.local/lib/python3.7/site-packages/airflow/example_dags/example_trigger_target_dag.py
[2024-07-14T13:39:58.802+0000] {processor.py:766} INFO - DAG(s) dict_keys(['example_trigger_target_dag']) retrieved from /home/airflow/.local/lib/python3.7/site-packages/airflow/example_dags/example_trigger_target_dag.py
[2024-07-14T13:39:58.832+0000] {logging_mixin.py:120} INFO - [2024-07-14T13:39:58.832+0000] {dag.py:2585} INFO - Sync 1 DAGs
[2024-07-14T13:39:58.855+0000] {logging_mixin.py:120} INFO - [2024-07-14T13:39:58.855+0000] {dag.py:3340} INFO - Setting next_dagrun for example_trigger_target_dag to None, run_after=None
[2024-07-14T13:39:58.883+0000] {processor.py:176} INFO - Processing /home/airflow/.local/lib/python3.7/site-packages/airflow/example_dags/example_trigger_target_dag.py took 0.101 seconds
[2024-07-14T13:40:29.515+0000] {processor.py:154} INFO - Started process (PID=955) to work on /home/airflow/.local/lib/python3.7/site-packages/airflow/example_dags/example_trigger_target_dag.py
[2024-07-14T13:40:29.516+0000] {processor.py:756} INFO - Processing file /home/airflow/.local/lib/python3.7/site-packages/airflow/example_dags/example_trigger_target_dag.py for tasks to queue
[2024-07-14T13:40:29.517+0000] {logging_mixin.py:120} INFO - [2024-07-14T13:40:29.517+0000] {dagbag.py:537} INFO - Filling up the DagBag from /home/airflow/.local/lib/python3.7/site-packages/airflow/example_dags/example_trigger_target_dag.py
[2024-07-14T13:40:29.538+0000] {processor.py:766} INFO - DAG(s) dict_keys(['example_trigger_target_dag']) retrieved from /home/airflow/.local/lib/python3.7/site-packages/airflow/example_dags/example_trigger_target_dag.py
[2024-07-14T13:40:29.570+0000] {logging_mixin.py:120} INFO - [2024-07-14T13:40:29.570+0000] {dag.py:2585} INFO - Sync 1 DAGs
[2024-07-14T13:40:29.592+0000] {logging_mixin.py:120} INFO - [2024-07-14T13:40:29.592+0000] {dag.py:3340} INFO - Setting next_dagrun for example_trigger_target_dag to None, run_after=None
[2024-07-14T13:40:29.615+0000] {processor.py:176} INFO - Processing /home/airflow/.local/lib/python3.7/site-packages/airflow/example_dags/example_trigger_target_dag.py took 0.102 seconds
[2024-07-14T13:40:59.848+0000] {processor.py:154} INFO - Started process (PID=1021) to work on /home/airflow/.local/lib/python3.7/site-packages/airflow/example_dags/example_trigger_target_dag.py
[2024-07-14T13:40:59.849+0000] {processor.py:756} INFO - Processing file /home/airflow/.local/lib/python3.7/site-packages/airflow/example_dags/example_trigger_target_dag.py for tasks to queue
[2024-07-14T13:40:59.849+0000] {logging_mixin.py:120} INFO - [2024-07-14T13:40:59.849+0000] {dagbag.py:537} INFO - Filling up the DagBag from /home/airflow/.local/lib/python3.7/site-packages/airflow/example_dags/example_trigger_target_dag.py
[2024-07-14T13:40:59.868+0000] {processor.py:766} INFO - DAG(s) dict_keys(['example_trigger_target_dag']) retrieved from /home/airflow/.local/lib/python3.7/site-packages/airflow/example_dags/example_trigger_target_dag.py
[2024-07-14T13:40:59.899+0000] {logging_mixin.py:120} INFO - [2024-07-14T13:40:59.899+0000] {dag.py:2585} INFO - Sync 1 DAGs
[2024-07-14T13:40:59.920+0000] {logging_mixin.py:120} INFO - [2024-07-14T13:40:59.920+0000] {dag.py:3340} INFO - Setting next_dagrun for example_trigger_target_dag to None, run_after=None
[2024-07-14T13:40:59.941+0000] {processor.py:176} INFO - Processing /home/airflow/.local/lib/python3.7/site-packages/airflow/example_dags/example_trigger_target_dag.py took 0.096 seconds
[2024-07-14T13:41:30.015+0000] {processor.py:154} INFO - Started process (PID=1087) to work on /home/airflow/.local/lib/python3.7/site-packages/airflow/example_dags/example_trigger_target_dag.py
[2024-07-14T13:41:30.016+0000] {processor.py:756} INFO - Processing file /home/airflow/.local/lib/python3.7/site-packages/airflow/example_dags/example_trigger_target_dag.py for tasks to queue
[2024-07-14T13:41:30.017+0000] {logging_mixin.py:120} INFO - [2024-07-14T13:41:30.017+0000] {dagbag.py:537} INFO - Filling up the DagBag from /home/airflow/.local/lib/python3.7/site-packages/airflow/example_dags/example_trigger_target_dag.py
[2024-07-14T13:41:30.041+0000] {processor.py:766} INFO - DAG(s) dict_keys(['example_trigger_target_dag']) retrieved from /home/airflow/.local/lib/python3.7/site-packages/airflow/example_dags/example_trigger_target_dag.py
[2024-07-14T13:41:30.080+0000] {logging_mixin.py:120} INFO - [2024-07-14T13:41:30.080+0000] {dag.py:2585} INFO - Sync 1 DAGs
[2024-07-14T13:41:30.102+0000] {logging_mixin.py:120} INFO - [2024-07-14T13:41:30.102+0000] {dag.py:3340} INFO - Setting next_dagrun for example_trigger_target_dag to None, run_after=None
[2024-07-14T13:41:30.122+0000] {processor.py:176} INFO - Processing /home/airflow/.local/lib/python3.7/site-packages/airflow/example_dags/example_trigger_target_dag.py took 0.109 seconds
[2024-07-14T13:42:00.185+0000] {processor.py:154} INFO - Started process (PID=1144) to work on /home/airflow/.local/lib/python3.7/site-packages/airflow/example_dags/example_trigger_target_dag.py
[2024-07-14T13:42:00.186+0000] {processor.py:756} INFO - Processing file /home/airflow/.local/lib/python3.7/site-packages/airflow/example_dags/example_trigger_target_dag.py for tasks to queue
[2024-07-14T13:42:00.187+0000] {logging_mixin.py:120} INFO - [2024-07-14T13:42:00.187+0000] {dagbag.py:537} INFO - Filling up the DagBag from /home/airflow/.local/lib/python3.7/site-packages/airflow/example_dags/example_trigger_target_dag.py
[2024-07-14T13:42:00.201+0000] {processor.py:766} INFO - DAG(s) dict_keys(['example_trigger_target_dag']) retrieved from /home/airflow/.local/lib/python3.7/site-packages/airflow/example_dags/example_trigger_target_dag.py
[2024-07-14T13:42:00.232+0000] {logging_mixin.py:120} INFO - [2024-07-14T13:42:00.232+0000] {dag.py:2585} INFO - Sync 1 DAGs
[2024-07-14T13:42:00.251+0000] {logging_mixin.py:120} INFO - [2024-07-14T13:42:00.251+0000] {dag.py:3340} INFO - Setting next_dagrun for example_trigger_target_dag to None, run_after=None
[2024-07-14T13:42:00.270+0000] {processor.py:176} INFO - Processing /home/airflow/.local/lib/python3.7/site-packages/airflow/example_dags/example_trigger_target_dag.py took 0.087 seconds
[2024-07-14T13:42:30.770+0000] {processor.py:154} INFO - Started process (PID=1210) to work on /home/airflow/.local/lib/python3.7/site-packages/airflow/example_dags/example_trigger_target_dag.py
[2024-07-14T13:42:30.771+0000] {processor.py:756} INFO - Processing file /home/airflow/.local/lib/python3.7/site-packages/airflow/example_dags/example_trigger_target_dag.py for tasks to queue
[2024-07-14T13:42:30.772+0000] {logging_mixin.py:120} INFO - [2024-07-14T13:42:30.771+0000] {dagbag.py:537} INFO - Filling up the DagBag from /home/airflow/.local/lib/python3.7/site-packages/airflow/example_dags/example_trigger_target_dag.py
[2024-07-14T13:42:30.786+0000] {processor.py:766} INFO - DAG(s) dict_keys(['example_trigger_target_dag']) retrieved from /home/airflow/.local/lib/python3.7/site-packages/airflow/example_dags/example_trigger_target_dag.py
[2024-07-14T13:42:30.815+0000] {logging_mixin.py:120} INFO - [2024-07-14T13:42:30.815+0000] {dag.py:2585} INFO - Sync 1 DAGs
[2024-07-14T13:42:30.837+0000] {logging_mixin.py:120} INFO - [2024-07-14T13:42:30.837+0000] {dag.py:3340} INFO - Setting next_dagrun for example_trigger_target_dag to None, run_after=None
[2024-07-14T13:42:30.856+0000] {processor.py:176} INFO - Processing /home/airflow/.local/lib/python3.7/site-packages/airflow/example_dags/example_trigger_target_dag.py took 0.088 seconds
[2024-07-14T13:43:01.664+0000] {processor.py:154} INFO - Started process (PID=1276) to work on /home/airflow/.local/lib/python3.7/site-packages/airflow/example_dags/example_trigger_target_dag.py
[2024-07-14T13:43:01.665+0000] {processor.py:756} INFO - Processing file /home/airflow/.local/lib/python3.7/site-packages/airflow/example_dags/example_trigger_target_dag.py for tasks to queue
[2024-07-14T13:43:01.665+0000] {logging_mixin.py:120} INFO - [2024-07-14T13:43:01.665+0000] {dagbag.py:537} INFO - Filling up the DagBag from /home/airflow/.local/lib/python3.7/site-packages/airflow/example_dags/example_trigger_target_dag.py
[2024-07-14T13:43:01.679+0000] {processor.py:766} INFO - DAG(s) dict_keys(['example_trigger_target_dag']) retrieved from /home/airflow/.local/lib/python3.7/site-packages/airflow/example_dags/example_trigger_target_dag.py
[2024-07-14T13:43:01.711+0000] {logging_mixin.py:120} INFO - [2024-07-14T13:43:01.711+0000] {dag.py:2585} INFO - Sync 1 DAGs
[2024-07-14T13:43:01.727+0000] {logging_mixin.py:120} INFO - [2024-07-14T13:43:01.727+0000] {dag.py:3340} INFO - Setting next_dagrun for example_trigger_target_dag to None, run_after=None
[2024-07-14T13:43:01.745+0000] {processor.py:176} INFO - Processing /home/airflow/.local/lib/python3.7/site-packages/airflow/example_dags/example_trigger_target_dag.py took 0.083 seconds
[2024-07-14T13:43:31.807+0000] {processor.py:154} INFO - Started process (PID=1343) to work on /home/airflow/.local/lib/python3.7/site-packages/airflow/example_dags/example_trigger_target_dag.py
[2024-07-14T13:43:31.808+0000] {processor.py:756} INFO - Processing file /home/airflow/.local/lib/python3.7/site-packages/airflow/example_dags/example_trigger_target_dag.py for tasks to queue
[2024-07-14T13:43:31.809+0000] {logging_mixin.py:120} INFO - [2024-07-14T13:43:31.809+0000] {dagbag.py:537} INFO - Filling up the DagBag from /home/airflow/.local/lib/python3.7/site-packages/airflow/example_dags/example_trigger_target_dag.py
[2024-07-14T13:43:31.823+0000] {processor.py:766} INFO - DAG(s) dict_keys(['example_trigger_target_dag']) retrieved from /home/airflow/.local/lib/python3.7/site-packages/airflow/example_dags/example_trigger_target_dag.py
[2024-07-14T13:43:31.854+0000] {logging_mixin.py:120} INFO - [2024-07-14T13:43:31.854+0000] {dag.py:2585} INFO - Sync 1 DAGs
[2024-07-14T13:43:31.875+0000] {logging_mixin.py:120} INFO - [2024-07-14T13:43:31.875+0000] {dag.py:3340} INFO - Setting next_dagrun for example_trigger_target_dag to None, run_after=None
[2024-07-14T13:43:31.895+0000] {processor.py:176} INFO - Processing /home/airflow/.local/lib/python3.7/site-packages/airflow/example_dags/example_trigger_target_dag.py took 0.092 seconds
[2024-07-14T13:44:02.224+0000] {processor.py:154} INFO - Started process (PID=1399) to work on /home/airflow/.local/lib/python3.7/site-packages/airflow/example_dags/example_trigger_target_dag.py
[2024-07-14T13:44:02.225+0000] {processor.py:756} INFO - Processing file /home/airflow/.local/lib/python3.7/site-packages/airflow/example_dags/example_trigger_target_dag.py for tasks to queue
[2024-07-14T13:44:02.226+0000] {logging_mixin.py:120} INFO - [2024-07-14T13:44:02.226+0000] {dagbag.py:537} INFO - Filling up the DagBag from /home/airflow/.local/lib/python3.7/site-packages/airflow/example_dags/example_trigger_target_dag.py
[2024-07-14T13:44:02.239+0000] {processor.py:766} INFO - DAG(s) dict_keys(['example_trigger_target_dag']) retrieved from /home/airflow/.local/lib/python3.7/site-packages/airflow/example_dags/example_trigger_target_dag.py
[2024-07-14T13:44:02.279+0000] {logging_mixin.py:120} INFO - [2024-07-14T13:44:02.279+0000] {dag.py:2585} INFO - Sync 1 DAGs
[2024-07-14T13:44:02.302+0000] {logging_mixin.py:120} INFO - [2024-07-14T13:44:02.302+0000] {dag.py:3340} INFO - Setting next_dagrun for example_trigger_target_dag to None, run_after=None
[2024-07-14T13:44:02.321+0000] {processor.py:176} INFO - Processing /home/airflow/.local/lib/python3.7/site-packages/airflow/example_dags/example_trigger_target_dag.py took 0.098 seconds
[2024-07-14T13:44:32.927+0000] {processor.py:154} INFO - Started process (PID=1464) to work on /home/airflow/.local/lib/python3.7/site-packages/airflow/example_dags/example_trigger_target_dag.py
[2024-07-14T13:44:32.928+0000] {processor.py:756} INFO - Processing file /home/airflow/.local/lib/python3.7/site-packages/airflow/example_dags/example_trigger_target_dag.py for tasks to queue
[2024-07-14T13:44:32.929+0000] {logging_mixin.py:120} INFO - [2024-07-14T13:44:32.929+0000] {dagbag.py:537} INFO - Filling up the DagBag from /home/airflow/.local/lib/python3.7/site-packages/airflow/example_dags/example_trigger_target_dag.py
[2024-07-14T13:44:32.967+0000] {processor.py:766} INFO - DAG(s) dict_keys(['example_trigger_target_dag']) retrieved from /home/airflow/.local/lib/python3.7/site-packages/airflow/example_dags/example_trigger_target_dag.py
[2024-07-14T13:44:33.019+0000] {logging_mixin.py:120} INFO - [2024-07-14T13:44:33.019+0000] {dag.py:2585} INFO - Sync 1 DAGs
[2024-07-14T13:44:33.054+0000] {logging_mixin.py:120} INFO - [2024-07-14T13:44:33.053+0000] {dag.py:3340} INFO - Setting next_dagrun for example_trigger_target_dag to None, run_after=None
[2024-07-14T13:44:33.080+0000] {processor.py:176} INFO - Processing /home/airflow/.local/lib/python3.7/site-packages/airflow/example_dags/example_trigger_target_dag.py took 0.157 seconds
[2024-07-14T13:45:03.776+0000] {processor.py:154} INFO - Started process (PID=1529) to work on /home/airflow/.local/lib/python3.7/site-packages/airflow/example_dags/example_trigger_target_dag.py
[2024-07-14T13:45:03.779+0000] {processor.py:756} INFO - Processing file /home/airflow/.local/lib/python3.7/site-packages/airflow/example_dags/example_trigger_target_dag.py for tasks to queue
[2024-07-14T13:45:03.781+0000] {logging_mixin.py:120} INFO - [2024-07-14T13:45:03.781+0000] {dagbag.py:537} INFO - Filling up the DagBag from /home/airflow/.local/lib/python3.7/site-packages/airflow/example_dags/example_trigger_target_dag.py
[2024-07-14T13:45:03.796+0000] {processor.py:766} INFO - DAG(s) dict_keys(['example_trigger_target_dag']) retrieved from /home/airflow/.local/lib/python3.7/site-packages/airflow/example_dags/example_trigger_target_dag.py
[2024-07-14T13:45:03.826+0000] {logging_mixin.py:120} INFO - [2024-07-14T13:45:03.826+0000] {dag.py:2585} INFO - Sync 1 DAGs
[2024-07-14T13:45:03.847+0000] {logging_mixin.py:120} INFO - [2024-07-14T13:45:03.847+0000] {dag.py:3340} INFO - Setting next_dagrun for example_trigger_target_dag to None, run_after=None
[2024-07-14T13:45:03.866+0000] {processor.py:176} INFO - Processing /home/airflow/.local/lib/python3.7/site-packages/airflow/example_dags/example_trigger_target_dag.py took 0.093 seconds
[2024-07-14T13:45:34.133+0000] {processor.py:154} INFO - Started process (PID=1594) to work on /home/airflow/.local/lib/python3.7/site-packages/airflow/example_dags/example_trigger_target_dag.py
[2024-07-14T13:45:34.134+0000] {processor.py:756} INFO - Processing file /home/airflow/.local/lib/python3.7/site-packages/airflow/example_dags/example_trigger_target_dag.py for tasks to queue
[2024-07-14T13:45:34.137+0000] {logging_mixin.py:120} INFO - [2024-07-14T13:45:34.137+0000] {dagbag.py:537} INFO - Filling up the DagBag from /home/airflow/.local/lib/python3.7/site-packages/airflow/example_dags/example_trigger_target_dag.py
[2024-07-14T13:45:34.154+0000] {processor.py:766} INFO - DAG(s) dict_keys(['example_trigger_target_dag']) retrieved from /home/airflow/.local/lib/python3.7/site-packages/airflow/example_dags/example_trigger_target_dag.py
[2024-07-14T13:45:34.187+0000] {logging_mixin.py:120} INFO - [2024-07-14T13:45:34.187+0000] {dag.py:2585} INFO - Sync 1 DAGs
[2024-07-14T13:45:34.206+0000] {logging_mixin.py:120} INFO - [2024-07-14T13:45:34.206+0000] {dag.py:3340} INFO - Setting next_dagrun for example_trigger_target_dag to None, run_after=None
[2024-07-14T13:45:34.221+0000] {processor.py:176} INFO - Processing /home/airflow/.local/lib/python3.7/site-packages/airflow/example_dags/example_trigger_target_dag.py took 0.091 seconds
[2024-07-14T13:46:04.583+0000] {processor.py:154} INFO - Started process (PID=1658) to work on /home/airflow/.local/lib/python3.7/site-packages/airflow/example_dags/example_trigger_target_dag.py
[2024-07-14T13:46:04.584+0000] {processor.py:756} INFO - Processing file /home/airflow/.local/lib/python3.7/site-packages/airflow/example_dags/example_trigger_target_dag.py for tasks to queue
[2024-07-14T13:46:04.585+0000] {logging_mixin.py:120} INFO - [2024-07-14T13:46:04.585+0000] {dagbag.py:537} INFO - Filling up the DagBag from /home/airflow/.local/lib/python3.7/site-packages/airflow/example_dags/example_trigger_target_dag.py
[2024-07-14T13:46:04.600+0000] {processor.py:766} INFO - DAG(s) dict_keys(['example_trigger_target_dag']) retrieved from /home/airflow/.local/lib/python3.7/site-packages/airflow/example_dags/example_trigger_target_dag.py
[2024-07-14T13:46:04.629+0000] {logging_mixin.py:120} INFO - [2024-07-14T13:46:04.629+0000] {dag.py:2585} INFO - Sync 1 DAGs
[2024-07-14T13:46:04.652+0000] {logging_mixin.py:120} INFO - [2024-07-14T13:46:04.652+0000] {dag.py:3340} INFO - Setting next_dagrun for example_trigger_target_dag to None, run_after=None
[2024-07-14T13:46:04.671+0000] {processor.py:176} INFO - Processing /home/airflow/.local/lib/python3.7/site-packages/airflow/example_dags/example_trigger_target_dag.py took 0.089 seconds
[2024-07-14T13:46:35.534+0000] {processor.py:154} INFO - Started process (PID=1715) to work on /home/airflow/.local/lib/python3.7/site-packages/airflow/example_dags/example_trigger_target_dag.py
[2024-07-14T13:46:35.535+0000] {processor.py:756} INFO - Processing file /home/airflow/.local/lib/python3.7/site-packages/airflow/example_dags/example_trigger_target_dag.py for tasks to queue
[2024-07-14T13:46:35.535+0000] {logging_mixin.py:120} INFO - [2024-07-14T13:46:35.535+0000] {dagbag.py:537} INFO - Filling up the DagBag from /home/airflow/.local/lib/python3.7/site-packages/airflow/example_dags/example_trigger_target_dag.py
[2024-07-14T13:46:35.550+0000] {processor.py:766} INFO - DAG(s) dict_keys(['example_trigger_target_dag']) retrieved from /home/airflow/.local/lib/python3.7/site-packages/airflow/example_dags/example_trigger_target_dag.py
[2024-07-14T13:46:35.590+0000] {logging_mixin.py:120} INFO - [2024-07-14T13:46:35.590+0000] {dag.py:2585} INFO - Sync 1 DAGs
[2024-07-14T13:46:35.607+0000] {logging_mixin.py:120} INFO - [2024-07-14T13:46:35.607+0000] {dag.py:3340} INFO - Setting next_dagrun for example_trigger_target_dag to None, run_after=None
[2024-07-14T13:46:35.620+0000] {processor.py:176} INFO - Processing /home/airflow/.local/lib/python3.7/site-packages/airflow/example_dags/example_trigger_target_dag.py took 0.088 seconds
[2024-07-14T13:47:06.151+0000] {processor.py:154} INFO - Started process (PID=1781) to work on /home/airflow/.local/lib/python3.7/site-packages/airflow/example_dags/example_trigger_target_dag.py
[2024-07-14T13:47:06.152+0000] {processor.py:756} INFO - Processing file /home/airflow/.local/lib/python3.7/site-packages/airflow/example_dags/example_trigger_target_dag.py for tasks to queue
[2024-07-14T13:47:06.152+0000] {logging_mixin.py:120} INFO - [2024-07-14T13:47:06.152+0000] {dagbag.py:537} INFO - Filling up the DagBag from /home/airflow/.local/lib/python3.7/site-packages/airflow/example_dags/example_trigger_target_dag.py
[2024-07-14T13:47:06.167+0000] {processor.py:766} INFO - DAG(s) dict_keys(['example_trigger_target_dag']) retrieved from /home/airflow/.local/lib/python3.7/site-packages/airflow/example_dags/example_trigger_target_dag.py
[2024-07-14T13:47:06.200+0000] {logging_mixin.py:120} INFO - [2024-07-14T13:47:06.200+0000] {dag.py:2585} INFO - Sync 1 DAGs
[2024-07-14T13:47:06.221+0000] {logging_mixin.py:120} INFO - [2024-07-14T13:47:06.221+0000] {dag.py:3340} INFO - Setting next_dagrun for example_trigger_target_dag to None, run_after=None
[2024-07-14T13:47:06.252+0000] {processor.py:176} INFO - Processing /home/airflow/.local/lib/python3.7/site-packages/airflow/example_dags/example_trigger_target_dag.py took 0.103 seconds
[2024-07-14T13:47:36.524+0000] {processor.py:154} INFO - Started process (PID=1847) to work on /home/airflow/.local/lib/python3.7/site-packages/airflow/example_dags/example_trigger_target_dag.py
[2024-07-14T13:47:36.525+0000] {processor.py:756} INFO - Processing file /home/airflow/.local/lib/python3.7/site-packages/airflow/example_dags/example_trigger_target_dag.py for tasks to queue
[2024-07-14T13:47:36.526+0000] {logging_mixin.py:120} INFO - [2024-07-14T13:47:36.526+0000] {dagbag.py:537} INFO - Filling up the DagBag from /home/airflow/.local/lib/python3.7/site-packages/airflow/example_dags/example_trigger_target_dag.py
[2024-07-14T13:47:36.541+0000] {processor.py:766} INFO - DAG(s) dict_keys(['example_trigger_target_dag']) retrieved from /home/airflow/.local/lib/python3.7/site-packages/airflow/example_dags/example_trigger_target_dag.py
[2024-07-14T13:47:36.568+0000] {logging_mixin.py:120} INFO - [2024-07-14T13:47:36.567+0000] {dag.py:2585} INFO - Sync 1 DAGs
[2024-07-14T13:47:36.587+0000] {logging_mixin.py:120} INFO - [2024-07-14T13:47:36.587+0000] {dag.py:3340} INFO - Setting next_dagrun for example_trigger_target_dag to None, run_after=None
[2024-07-14T13:47:36.606+0000] {processor.py:176} INFO - Processing /home/airflow/.local/lib/python3.7/site-packages/airflow/example_dags/example_trigger_target_dag.py took 0.086 seconds
[2024-07-14T13:48:06.763+0000] {processor.py:154} INFO - Started process (PID=1913) to work on /home/airflow/.local/lib/python3.7/site-packages/airflow/example_dags/example_trigger_target_dag.py
[2024-07-14T13:48:06.764+0000] {processor.py:756} INFO - Processing file /home/airflow/.local/lib/python3.7/site-packages/airflow/example_dags/example_trigger_target_dag.py for tasks to queue
[2024-07-14T13:48:06.764+0000] {logging_mixin.py:120} INFO - [2024-07-14T13:48:06.764+0000] {dagbag.py:537} INFO - Filling up the DagBag from /home/airflow/.local/lib/python3.7/site-packages/airflow/example_dags/example_trigger_target_dag.py
[2024-07-14T13:48:06.778+0000] {processor.py:766} INFO - DAG(s) dict_keys(['example_trigger_target_dag']) retrieved from /home/airflow/.local/lib/python3.7/site-packages/airflow/example_dags/example_trigger_target_dag.py
[2024-07-14T13:48:06.809+0000] {logging_mixin.py:120} INFO - [2024-07-14T13:48:06.809+0000] {dag.py:2585} INFO - Sync 1 DAGs
[2024-07-14T13:48:06.828+0000] {logging_mixin.py:120} INFO - [2024-07-14T13:48:06.828+0000] {dag.py:3340} INFO - Setting next_dagrun for example_trigger_target_dag to None, run_after=None
[2024-07-14T13:48:06.847+0000] {processor.py:176} INFO - Processing /home/airflow/.local/lib/python3.7/site-packages/airflow/example_dags/example_trigger_target_dag.py took 0.086 seconds
[2024-07-14T13:48:37.535+0000] {processor.py:154} INFO - Started process (PID=1979) to work on /home/airflow/.local/lib/python3.7/site-packages/airflow/example_dags/example_trigger_target_dag.py
[2024-07-14T13:48:37.535+0000] {processor.py:756} INFO - Processing file /home/airflow/.local/lib/python3.7/site-packages/airflow/example_dags/example_trigger_target_dag.py for tasks to queue
[2024-07-14T13:48:37.536+0000] {logging_mixin.py:120} INFO - [2024-07-14T13:48:37.536+0000] {dagbag.py:537} INFO - Filling up the DagBag from /home/airflow/.local/lib/python3.7/site-packages/airflow/example_dags/example_trigger_target_dag.py
[2024-07-14T13:48:37.552+0000] {processor.py:766} INFO - DAG(s) dict_keys(['example_trigger_target_dag']) retrieved from /home/airflow/.local/lib/python3.7/site-packages/airflow/example_dags/example_trigger_target_dag.py
[2024-07-14T13:48:37.581+0000] {logging_mixin.py:120} INFO - [2024-07-14T13:48:37.581+0000] {dag.py:2585} INFO - Sync 1 DAGs
[2024-07-14T13:48:37.602+0000] {logging_mixin.py:120} INFO - [2024-07-14T13:48:37.602+0000] {dag.py:3340} INFO - Setting next_dagrun for example_trigger_target_dag to None, run_after=None
[2024-07-14T13:48:37.618+0000] {processor.py:176} INFO - Processing /home/airflow/.local/lib/python3.7/site-packages/airflow/example_dags/example_trigger_target_dag.py took 0.085 seconds
[2024-07-14T13:49:08.327+0000] {processor.py:154} INFO - Started process (PID=2036) to work on /home/airflow/.local/lib/python3.7/site-packages/airflow/example_dags/example_trigger_target_dag.py
[2024-07-14T13:49:08.328+0000] {processor.py:756} INFO - Processing file /home/airflow/.local/lib/python3.7/site-packages/airflow/example_dags/example_trigger_target_dag.py for tasks to queue
[2024-07-14T13:49:08.329+0000] {logging_mixin.py:120} INFO - [2024-07-14T13:49:08.329+0000] {dagbag.py:537} INFO - Filling up the DagBag from /home/airflow/.local/lib/python3.7/site-packages/airflow/example_dags/example_trigger_target_dag.py
[2024-07-14T13:49:08.343+0000] {processor.py:766} INFO - DAG(s) dict_keys(['example_trigger_target_dag']) retrieved from /home/airflow/.local/lib/python3.7/site-packages/airflow/example_dags/example_trigger_target_dag.py
[2024-07-14T13:49:08.379+0000] {logging_mixin.py:120} INFO - [2024-07-14T13:49:08.379+0000] {dag.py:2585} INFO - Sync 1 DAGs
[2024-07-14T13:49:08.405+0000] {logging_mixin.py:120} INFO - [2024-07-14T13:49:08.405+0000] {dag.py:3340} INFO - Setting next_dagrun for example_trigger_target_dag to None, run_after=None
[2024-07-14T13:49:08.425+0000] {processor.py:176} INFO - Processing /home/airflow/.local/lib/python3.7/site-packages/airflow/example_dags/example_trigger_target_dag.py took 0.100 seconds
[2024-07-14T13:49:39.063+0000] {processor.py:154} INFO - Started process (PID=2102) to work on /home/airflow/.local/lib/python3.7/site-packages/airflow/example_dags/example_trigger_target_dag.py
[2024-07-14T13:49:39.064+0000] {processor.py:756} INFO - Processing file /home/airflow/.local/lib/python3.7/site-packages/airflow/example_dags/example_trigger_target_dag.py for tasks to queue
[2024-07-14T13:49:39.065+0000] {logging_mixin.py:120} INFO - [2024-07-14T13:49:39.064+0000] {dagbag.py:537} INFO - Filling up the DagBag from /home/airflow/.local/lib/python3.7/site-packages/airflow/example_dags/example_trigger_target_dag.py
[2024-07-14T13:49:39.081+0000] {processor.py:766} INFO - DAG(s) dict_keys(['example_trigger_target_dag']) retrieved from /home/airflow/.local/lib/python3.7/site-packages/airflow/example_dags/example_trigger_target_dag.py
[2024-07-14T13:49:39.115+0000] {logging_mixin.py:120} INFO - [2024-07-14T13:49:39.115+0000] {dag.py:2585} INFO - Sync 1 DAGs
[2024-07-14T13:49:39.139+0000] {logging_mixin.py:120} INFO - [2024-07-14T13:49:39.139+0000] {dag.py:3340} INFO - Setting next_dagrun for example_trigger_target_dag to None, run_after=None
[2024-07-14T13:49:39.157+0000] {processor.py:176} INFO - Processing /home/airflow/.local/lib/python3.7/site-packages/airflow/example_dags/example_trigger_target_dag.py took 0.095 seconds
[2024-07-14T13:50:09.797+0000] {processor.py:154} INFO - Started process (PID=2168) to work on /home/airflow/.local/lib/python3.7/site-packages/airflow/example_dags/example_trigger_target_dag.py
[2024-07-14T13:50:09.800+0000] {processor.py:756} INFO - Processing file /home/airflow/.local/lib/python3.7/site-packages/airflow/example_dags/example_trigger_target_dag.py for tasks to queue
[2024-07-14T13:50:09.802+0000] {logging_mixin.py:120} INFO - [2024-07-14T13:50:09.802+0000] {dagbag.py:537} INFO - Filling up the DagBag from /home/airflow/.local/lib/python3.7/site-packages/airflow/example_dags/example_trigger_target_dag.py
[2024-07-14T13:50:09.838+0000] {processor.py:766} INFO - DAG(s) dict_keys(['example_trigger_target_dag']) retrieved from /home/airflow/.local/lib/python3.7/site-packages/airflow/example_dags/example_trigger_target_dag.py
[2024-07-14T13:50:09.890+0000] {logging_mixin.py:120} INFO - [2024-07-14T13:50:09.890+0000] {dag.py:2585} INFO - Sync 1 DAGs
[2024-07-14T13:50:09.963+0000] {logging_mixin.py:120} INFO - [2024-07-14T13:50:09.963+0000] {dag.py:3340} INFO - Setting next_dagrun for example_trigger_target_dag to None, run_after=None
[2024-07-14T13:50:10.022+0000] {processor.py:176} INFO - Processing /home/airflow/.local/lib/python3.7/site-packages/airflow/example_dags/example_trigger_target_dag.py took 0.227 seconds
[2024-07-14T13:50:40.767+0000] {processor.py:154} INFO - Started process (PID=2234) to work on /home/airflow/.local/lib/python3.7/site-packages/airflow/example_dags/example_trigger_target_dag.py
[2024-07-14T13:50:40.767+0000] {processor.py:756} INFO - Processing file /home/airflow/.local/lib/python3.7/site-packages/airflow/example_dags/example_trigger_target_dag.py for tasks to queue
[2024-07-14T13:50:40.768+0000] {logging_mixin.py:120} INFO - [2024-07-14T13:50:40.768+0000] {dagbag.py:537} INFO - Filling up the DagBag from /home/airflow/.local/lib/python3.7/site-packages/airflow/example_dags/example_trigger_target_dag.py
[2024-07-14T13:50:40.784+0000] {processor.py:766} INFO - DAG(s) dict_keys(['example_trigger_target_dag']) retrieved from /home/airflow/.local/lib/python3.7/site-packages/airflow/example_dags/example_trigger_target_dag.py
[2024-07-14T13:50:40.815+0000] {logging_mixin.py:120} INFO - [2024-07-14T13:50:40.815+0000] {dag.py:2585} INFO - Sync 1 DAGs
[2024-07-14T13:50:40.839+0000] {logging_mixin.py:120} INFO - [2024-07-14T13:50:40.839+0000] {dag.py:3340} INFO - Setting next_dagrun for example_trigger_target_dag to None, run_after=None
[2024-07-14T13:50:40.861+0000] {processor.py:176} INFO - Processing /home/airflow/.local/lib/python3.7/site-packages/airflow/example_dags/example_trigger_target_dag.py took 0.097 seconds
[2024-07-14T13:51:11.127+0000] {processor.py:154} INFO - Started process (PID=2300) to work on /home/airflow/.local/lib/python3.7/site-packages/airflow/example_dags/example_trigger_target_dag.py
[2024-07-14T13:51:11.128+0000] {processor.py:756} INFO - Processing file /home/airflow/.local/lib/python3.7/site-packages/airflow/example_dags/example_trigger_target_dag.py for tasks to queue
[2024-07-14T13:51:11.129+0000] {logging_mixin.py:120} INFO - [2024-07-14T13:51:11.129+0000] {dagbag.py:537} INFO - Filling up the DagBag from /home/airflow/.local/lib/python3.7/site-packages/airflow/example_dags/example_trigger_target_dag.py
[2024-07-14T13:51:11.144+0000] {processor.py:766} INFO - DAG(s) dict_keys(['example_trigger_target_dag']) retrieved from /home/airflow/.local/lib/python3.7/site-packages/airflow/example_dags/example_trigger_target_dag.py
[2024-07-14T13:51:11.175+0000] {logging_mixin.py:120} INFO - [2024-07-14T13:51:11.175+0000] {dag.py:2585} INFO - Sync 1 DAGs
[2024-07-14T13:51:11.193+0000] {logging_mixin.py:120} INFO - [2024-07-14T13:51:11.193+0000] {dag.py:3340} INFO - Setting next_dagrun for example_trigger_target_dag to None, run_after=None
[2024-07-14T13:51:11.212+0000] {processor.py:176} INFO - Processing /home/airflow/.local/lib/python3.7/site-packages/airflow/example_dags/example_trigger_target_dag.py took 0.087 seconds
[2024-07-14T13:51:41.601+0000] {processor.py:154} INFO - Started process (PID=2357) to work on /home/airflow/.local/lib/python3.7/site-packages/airflow/example_dags/example_trigger_target_dag.py
[2024-07-14T13:51:41.602+0000] {processor.py:756} INFO - Processing file /home/airflow/.local/lib/python3.7/site-packages/airflow/example_dags/example_trigger_target_dag.py for tasks to queue
[2024-07-14T13:51:41.604+0000] {logging_mixin.py:120} INFO - [2024-07-14T13:51:41.604+0000] {dagbag.py:537} INFO - Filling up the DagBag from /home/airflow/.local/lib/python3.7/site-packages/airflow/example_dags/example_trigger_target_dag.py
[2024-07-14T13:51:41.622+0000] {processor.py:766} INFO - DAG(s) dict_keys(['example_trigger_target_dag']) retrieved from /home/airflow/.local/lib/python3.7/site-packages/airflow/example_dags/example_trigger_target_dag.py
[2024-07-14T13:51:41.653+0000] {logging_mixin.py:120} INFO - [2024-07-14T13:51:41.653+0000] {dag.py:2585} INFO - Sync 1 DAGs
[2024-07-14T13:51:41.670+0000] {logging_mixin.py:120} INFO - [2024-07-14T13:51:41.670+0000] {dag.py:3340} INFO - Setting next_dagrun for example_trigger_target_dag to None, run_after=None
[2024-07-14T13:51:41.685+0000] {processor.py:176} INFO - Processing /home/airflow/.local/lib/python3.7/site-packages/airflow/example_dags/example_trigger_target_dag.py took 0.086 seconds
[2024-07-14T13:52:11.796+0000] {processor.py:154} INFO - Started process (PID=2423) to work on /home/airflow/.local/lib/python3.7/site-packages/airflow/example_dags/example_trigger_target_dag.py
[2024-07-14T13:52:11.797+0000] {processor.py:756} INFO - Processing file /home/airflow/.local/lib/python3.7/site-packages/airflow/example_dags/example_trigger_target_dag.py for tasks to queue
[2024-07-14T13:52:11.798+0000] {logging_mixin.py:120} INFO - [2024-07-14T13:52:11.797+0000] {dagbag.py:537} INFO - Filling up the DagBag from /home/airflow/.local/lib/python3.7/site-packages/airflow/example_dags/example_trigger_target_dag.py
[2024-07-14T13:52:11.825+0000] {processor.py:766} INFO - DAG(s) dict_keys(['example_trigger_target_dag']) retrieved from /home/airflow/.local/lib/python3.7/site-packages/airflow/example_dags/example_trigger_target_dag.py
[2024-07-14T13:52:11.867+0000] {logging_mixin.py:120} INFO - [2024-07-14T13:52:11.866+0000] {dag.py:2585} INFO - Sync 1 DAGs
[2024-07-14T13:52:11.884+0000] {logging_mixin.py:120} INFO - [2024-07-14T13:52:11.883+0000] {dag.py:3340} INFO - Setting next_dagrun for example_trigger_target_dag to None, run_after=None
[2024-07-14T13:52:11.901+0000] {processor.py:176} INFO - Processing /home/airflow/.local/lib/python3.7/site-packages/airflow/example_dags/example_trigger_target_dag.py took 0.107 seconds
[2024-07-14T13:52:42.333+0000] {processor.py:154} INFO - Started process (PID=2489) to work on /home/airflow/.local/lib/python3.7/site-packages/airflow/example_dags/example_trigger_target_dag.py
[2024-07-14T13:52:42.334+0000] {processor.py:756} INFO - Processing file /home/airflow/.local/lib/python3.7/site-packages/airflow/example_dags/example_trigger_target_dag.py for tasks to queue
[2024-07-14T13:52:42.335+0000] {logging_mixin.py:120} INFO - [2024-07-14T13:52:42.335+0000] {dagbag.py:537} INFO - Filling up the DagBag from /home/airflow/.local/lib/python3.7/site-packages/airflow/example_dags/example_trigger_target_dag.py
[2024-07-14T13:52:42.352+0000] {processor.py:766} INFO - DAG(s) dict_keys(['example_trigger_target_dag']) retrieved from /home/airflow/.local/lib/python3.7/site-packages/airflow/example_dags/example_trigger_target_dag.py
[2024-07-14T13:52:42.382+0000] {logging_mixin.py:120} INFO - [2024-07-14T13:52:42.382+0000] {dag.py:2585} INFO - Sync 1 DAGs
[2024-07-14T13:52:42.420+0000] {logging_mixin.py:120} INFO - [2024-07-14T13:52:42.420+0000] {dag.py:3340} INFO - Setting next_dagrun for example_trigger_target_dag to None, run_after=None
[2024-07-14T13:52:42.438+0000] {processor.py:176} INFO - Processing /home/airflow/.local/lib/python3.7/site-packages/airflow/example_dags/example_trigger_target_dag.py took 0.107 seconds
[2024-07-14T13:53:12.632+0000] {processor.py:154} INFO - Started process (PID=2555) to work on /home/airflow/.local/lib/python3.7/site-packages/airflow/example_dags/example_trigger_target_dag.py
[2024-07-14T13:53:12.633+0000] {processor.py:756} INFO - Processing file /home/airflow/.local/lib/python3.7/site-packages/airflow/example_dags/example_trigger_target_dag.py for tasks to queue
[2024-07-14T13:53:12.634+0000] {logging_mixin.py:120} INFO - [2024-07-14T13:53:12.633+0000] {dagbag.py:537} INFO - Filling up the DagBag from /home/airflow/.local/lib/python3.7/site-packages/airflow/example_dags/example_trigger_target_dag.py
[2024-07-14T13:53:12.650+0000] {processor.py:766} INFO - DAG(s) dict_keys(['example_trigger_target_dag']) retrieved from /home/airflow/.local/lib/python3.7/site-packages/airflow/example_dags/example_trigger_target_dag.py
[2024-07-14T13:53:12.675+0000] {logging_mixin.py:120} INFO - [2024-07-14T13:53:12.675+0000] {dag.py:2585} INFO - Sync 1 DAGs
[2024-07-14T13:53:12.693+0000] {logging_mixin.py:120} INFO - [2024-07-14T13:53:12.693+0000] {dag.py:3340} INFO - Setting next_dagrun for example_trigger_target_dag to None, run_after=None
[2024-07-14T13:53:12.711+0000] {processor.py:176} INFO - Processing /home/airflow/.local/lib/python3.7/site-packages/airflow/example_dags/example_trigger_target_dag.py took 0.081 seconds
[2024-07-14T13:53:42.783+0000] {processor.py:154} INFO - Started process (PID=2612) to work on /home/airflow/.local/lib/python3.7/site-packages/airflow/example_dags/example_trigger_target_dag.py
[2024-07-14T13:53:42.784+0000] {processor.py:756} INFO - Processing file /home/airflow/.local/lib/python3.7/site-packages/airflow/example_dags/example_trigger_target_dag.py for tasks to queue
[2024-07-14T13:53:42.785+0000] {logging_mixin.py:120} INFO - [2024-07-14T13:53:42.785+0000] {dagbag.py:537} INFO - Filling up the DagBag from /home/airflow/.local/lib/python3.7/site-packages/airflow/example_dags/example_trigger_target_dag.py
[2024-07-14T13:53:42.799+0000] {processor.py:766} INFO - DAG(s) dict_keys(['example_trigger_target_dag']) retrieved from /home/airflow/.local/lib/python3.7/site-packages/airflow/example_dags/example_trigger_target_dag.py
[2024-07-14T13:53:42.843+0000] {logging_mixin.py:120} INFO - [2024-07-14T13:53:42.842+0000] {dag.py:2585} INFO - Sync 1 DAGs
[2024-07-14T13:53:42.871+0000] {logging_mixin.py:120} INFO - [2024-07-14T13:53:42.871+0000] {dag.py:3340} INFO - Setting next_dagrun for example_trigger_target_dag to None, run_after=None
[2024-07-14T13:53:42.884+0000] {processor.py:176} INFO - Processing /home/airflow/.local/lib/python3.7/site-packages/airflow/example_dags/example_trigger_target_dag.py took 0.103 seconds
[2024-07-14T13:54:13.217+0000] {processor.py:154} INFO - Started process (PID=2677) to work on /home/airflow/.local/lib/python3.7/site-packages/airflow/example_dags/example_trigger_target_dag.py
[2024-07-14T13:54:13.217+0000] {processor.py:756} INFO - Processing file /home/airflow/.local/lib/python3.7/site-packages/airflow/example_dags/example_trigger_target_dag.py for tasks to queue
[2024-07-14T13:54:13.218+0000] {logging_mixin.py:120} INFO - [2024-07-14T13:54:13.218+0000] {dagbag.py:537} INFO - Filling up the DagBag from /home/airflow/.local/lib/python3.7/site-packages/airflow/example_dags/example_trigger_target_dag.py
[2024-07-14T13:54:13.231+0000] {processor.py:766} INFO - DAG(s) dict_keys(['example_trigger_target_dag']) retrieved from /home/airflow/.local/lib/python3.7/site-packages/airflow/example_dags/example_trigger_target_dag.py
[2024-07-14T13:54:13.261+0000] {logging_mixin.py:120} INFO - [2024-07-14T13:54:13.261+0000] {dag.py:2585} INFO - Sync 1 DAGs
[2024-07-14T13:54:13.277+0000] {logging_mixin.py:120} INFO - [2024-07-14T13:54:13.277+0000] {dag.py:3340} INFO - Setting next_dagrun for example_trigger_target_dag to None, run_after=None
[2024-07-14T13:54:13.290+0000] {processor.py:176} INFO - Processing /home/airflow/.local/lib/python3.7/site-packages/airflow/example_dags/example_trigger_target_dag.py took 0.075 seconds
[2024-07-14T13:54:43.440+0000] {processor.py:154} INFO - Started process (PID=2743) to work on /home/airflow/.local/lib/python3.7/site-packages/airflow/example_dags/example_trigger_target_dag.py
[2024-07-14T13:54:43.443+0000] {processor.py:756} INFO - Processing file /home/airflow/.local/lib/python3.7/site-packages/airflow/example_dags/example_trigger_target_dag.py for tasks to queue
[2024-07-14T13:54:43.444+0000] {logging_mixin.py:120} INFO - [2024-07-14T13:54:43.444+0000] {dagbag.py:537} INFO - Filling up the DagBag from /home/airflow/.local/lib/python3.7/site-packages/airflow/example_dags/example_trigger_target_dag.py
[2024-07-14T13:54:43.466+0000] {processor.py:766} INFO - DAG(s) dict_keys(['example_trigger_target_dag']) retrieved from /home/airflow/.local/lib/python3.7/site-packages/airflow/example_dags/example_trigger_target_dag.py
[2024-07-14T13:54:43.499+0000] {logging_mixin.py:120} INFO - [2024-07-14T13:54:43.498+0000] {dag.py:2585} INFO - Sync 1 DAGs
[2024-07-14T13:54:43.530+0000] {logging_mixin.py:120} INFO - [2024-07-14T13:54:43.530+0000] {dag.py:3340} INFO - Setting next_dagrun for example_trigger_target_dag to None, run_after=None
[2024-07-14T13:54:43.555+0000] {processor.py:176} INFO - Processing /home/airflow/.local/lib/python3.7/site-packages/airflow/example_dags/example_trigger_target_dag.py took 0.117 seconds
[2024-07-14T13:55:13.759+0000] {processor.py:154} INFO - Started process (PID=2809) to work on /home/airflow/.local/lib/python3.7/site-packages/airflow/example_dags/example_trigger_target_dag.py
[2024-07-14T13:55:13.760+0000] {processor.py:756} INFO - Processing file /home/airflow/.local/lib/python3.7/site-packages/airflow/example_dags/example_trigger_target_dag.py for tasks to queue
[2024-07-14T13:55:13.761+0000] {logging_mixin.py:120} INFO - [2024-07-14T13:55:13.761+0000] {dagbag.py:537} INFO - Filling up the DagBag from /home/airflow/.local/lib/python3.7/site-packages/airflow/example_dags/example_trigger_target_dag.py
[2024-07-14T13:55:13.776+0000] {processor.py:766} INFO - DAG(s) dict_keys(['example_trigger_target_dag']) retrieved from /home/airflow/.local/lib/python3.7/site-packages/airflow/example_dags/example_trigger_target_dag.py
[2024-07-14T13:55:13.814+0000] {logging_mixin.py:120} INFO - [2024-07-14T13:55:13.814+0000] {dag.py:2585} INFO - Sync 1 DAGs
[2024-07-14T13:55:13.833+0000] {logging_mixin.py:120} INFO - [2024-07-14T13:55:13.833+0000] {dag.py:3340} INFO - Setting next_dagrun for example_trigger_target_dag to None, run_after=None
[2024-07-14T13:55:13.850+0000] {processor.py:176} INFO - Processing /home/airflow/.local/lib/python3.7/site-packages/airflow/example_dags/example_trigger_target_dag.py took 0.099 seconds
[2024-07-14T13:55:44.421+0000] {processor.py:154} INFO - Started process (PID=2873) to work on /home/airflow/.local/lib/python3.7/site-packages/airflow/example_dags/example_trigger_target_dag.py
[2024-07-14T13:55:44.422+0000] {processor.py:756} INFO - Processing file /home/airflow/.local/lib/python3.7/site-packages/airflow/example_dags/example_trigger_target_dag.py for tasks to queue
[2024-07-14T13:55:44.422+0000] {logging_mixin.py:120} INFO - [2024-07-14T13:55:44.422+0000] {dagbag.py:537} INFO - Filling up the DagBag from /home/airflow/.local/lib/python3.7/site-packages/airflow/example_dags/example_trigger_target_dag.py
[2024-07-14T13:55:44.444+0000] {processor.py:766} INFO - DAG(s) dict_keys(['example_trigger_target_dag']) retrieved from /home/airflow/.local/lib/python3.7/site-packages/airflow/example_dags/example_trigger_target_dag.py
[2024-07-14T13:55:44.471+0000] {logging_mixin.py:120} INFO - [2024-07-14T13:55:44.471+0000] {dag.py:2585} INFO - Sync 1 DAGs
[2024-07-14T13:55:44.488+0000] {logging_mixin.py:120} INFO - [2024-07-14T13:55:44.488+0000] {dag.py:3340} INFO - Setting next_dagrun for example_trigger_target_dag to None, run_after=None
[2024-07-14T13:55:44.506+0000] {processor.py:176} INFO - Processing /home/airflow/.local/lib/python3.7/site-packages/airflow/example_dags/example_trigger_target_dag.py took 0.088 seconds
[2024-07-14T14:28:40.424+0000] {processor.py:153} INFO - Started process (PID=57) to work on /home/airflow/.local/lib/python3.7/site-packages/airflow/example_dags/example_trigger_target_dag.py
[2024-07-14T14:28:40.425+0000] {processor.py:743} INFO - Processing file /home/airflow/.local/lib/python3.7/site-packages/airflow/example_dags/example_trigger_target_dag.py for tasks to queue
[2024-07-14T14:28:40.425+0000] {logging_mixin.py:137} INFO - [2024-07-14T14:28:40.425+0000] {dagbag.py:538} INFO - Filling up the DagBag from /home/airflow/.local/lib/python3.7/site-packages/airflow/example_dags/example_trigger_target_dag.py
[2024-07-14T14:28:40.441+0000] {processor.py:753} INFO - DAG(s) dict_keys(['example_trigger_target_dag']) retrieved from /home/airflow/.local/lib/python3.7/site-packages/airflow/example_dags/example_trigger_target_dag.py
[2024-07-14T14:28:40.450+0000] {logging_mixin.py:137} INFO - [2024-07-14T14:28:40.450+0000] {dag.py:2690} INFO - Sync 1 DAGs
[2024-07-14T14:28:40.468+0000] {logging_mixin.py:137} INFO - [2024-07-14T14:28:40.468+0000] {dag.py:3441} INFO - Setting next_dagrun for example_trigger_target_dag to None, run_after=None
[2024-07-14T14:28:40.484+0000] {processor.py:175} INFO - Processing /home/airflow/.local/lib/python3.7/site-packages/airflow/example_dags/example_trigger_target_dag.py took 0.062 seconds
[2024-07-14T14:29:10.550+0000] {processor.py:153} INFO - Started process (PID=187) to work on /home/airflow/.local/lib/python3.7/site-packages/airflow/example_dags/example_trigger_target_dag.py
[2024-07-14T14:29:10.551+0000] {processor.py:743} INFO - Processing file /home/airflow/.local/lib/python3.7/site-packages/airflow/example_dags/example_trigger_target_dag.py for tasks to queue
[2024-07-14T14:29:10.551+0000] {logging_mixin.py:137} INFO - [2024-07-14T14:29:10.551+0000] {dagbag.py:538} INFO - Filling up the DagBag from /home/airflow/.local/lib/python3.7/site-packages/airflow/example_dags/example_trigger_target_dag.py
[2024-07-14T14:29:10.567+0000] {processor.py:753} INFO - DAG(s) dict_keys(['example_trigger_target_dag']) retrieved from /home/airflow/.local/lib/python3.7/site-packages/airflow/example_dags/example_trigger_target_dag.py
[2024-07-14T14:29:10.584+0000] {logging_mixin.py:137} INFO - [2024-07-14T14:29:10.584+0000] {dag.py:2690} INFO - Sync 1 DAGs
[2024-07-14T14:29:10.606+0000] {logging_mixin.py:137} INFO - [2024-07-14T14:29:10.606+0000] {dag.py:3441} INFO - Setting next_dagrun for example_trigger_target_dag to None, run_after=None
[2024-07-14T14:29:10.628+0000] {processor.py:175} INFO - Processing /home/airflow/.local/lib/python3.7/site-packages/airflow/example_dags/example_trigger_target_dag.py took 0.080 seconds
