[2024-07-14T13:33:24.718+0000] {processor.py:154} INFO - Started process (PID=87) to work on /home/airflow/.local/lib/python3.7/site-packages/airflow/example_dags/example_kubernetes_executor.py
[2024-07-14T13:33:24.719+0000] {processor.py:756} INFO - Processing file /home/airflow/.local/lib/python3.7/site-packages/airflow/example_dags/example_kubernetes_executor.py for tasks to queue
[2024-07-14T13:33:24.720+0000] {logging_mixin.py:120} INFO - [2024-07-14T13:33:24.720+0000] {dagbag.py:537} INFO - Filling up the DagBag from /home/airflow/.local/lib/python3.7/site-packages/airflow/example_dags/example_kubernetes_executor.py
[2024-07-14T13:33:24.754+0000] {processor.py:766} INFO - DAG(s) dict_keys(['example_kubernetes_executor']) retrieved from /home/airflow/.local/lib/python3.7/site-packages/airflow/example_dags/example_kubernetes_executor.py
[2024-07-14T13:33:24.785+0000] {logging_mixin.py:120} INFO - [2024-07-14T13:33:24.784+0000] {dag.py:2585} INFO - Sync 1 DAGs
[2024-07-14T13:33:24.812+0000] {logging_mixin.py:120} INFO - [2024-07-14T13:33:24.812+0000] {dag.py:3340} INFO - Setting next_dagrun for example_kubernetes_executor to None, run_after=None
[2024-07-14T13:33:24.838+0000] {processor.py:176} INFO - Processing /home/airflow/.local/lib/python3.7/site-packages/airflow/example_dags/example_kubernetes_executor.py took 0.123 seconds
[2024-07-14T13:33:55.717+0000] {processor.py:154} INFO - Started process (PID=154) to work on /home/airflow/.local/lib/python3.7/site-packages/airflow/example_dags/example_kubernetes_executor.py
[2024-07-14T13:33:55.718+0000] {processor.py:756} INFO - Processing file /home/airflow/.local/lib/python3.7/site-packages/airflow/example_dags/example_kubernetes_executor.py for tasks to queue
[2024-07-14T13:33:55.724+0000] {logging_mixin.py:120} INFO - [2024-07-14T13:33:55.723+0000] {dagbag.py:537} INFO - Filling up the DagBag from /home/airflow/.local/lib/python3.7/site-packages/airflow/example_dags/example_kubernetes_executor.py
[2024-07-14T13:33:55.753+0000] {processor.py:766} INFO - DAG(s) dict_keys(['example_kubernetes_executor']) retrieved from /home/airflow/.local/lib/python3.7/site-packages/airflow/example_dags/example_kubernetes_executor.py
[2024-07-14T13:33:55.801+0000] {logging_mixin.py:120} INFO - [2024-07-14T13:33:55.801+0000] {dag.py:2585} INFO - Sync 1 DAGs
[2024-07-14T13:33:55.835+0000] {logging_mixin.py:120} INFO - [2024-07-14T13:33:55.835+0000] {dag.py:3340} INFO - Setting next_dagrun for example_kubernetes_executor to None, run_after=None
[2024-07-14T13:33:55.862+0000] {processor.py:176} INFO - Processing /home/airflow/.local/lib/python3.7/site-packages/airflow/example_dags/example_kubernetes_executor.py took 0.148 seconds
[2024-07-14T13:34:26.589+0000] {processor.py:154} INFO - Started process (PID=212) to work on /home/airflow/.local/lib/python3.7/site-packages/airflow/example_dags/example_kubernetes_executor.py
[2024-07-14T13:34:26.593+0000] {processor.py:756} INFO - Processing file /home/airflow/.local/lib/python3.7/site-packages/airflow/example_dags/example_kubernetes_executor.py for tasks to queue
[2024-07-14T13:34:26.595+0000] {logging_mixin.py:120} INFO - [2024-07-14T13:34:26.595+0000] {dagbag.py:537} INFO - Filling up the DagBag from /home/airflow/.local/lib/python3.7/site-packages/airflow/example_dags/example_kubernetes_executor.py
[2024-07-14T13:34:26.628+0000] {processor.py:766} INFO - DAG(s) dict_keys(['example_kubernetes_executor']) retrieved from /home/airflow/.local/lib/python3.7/site-packages/airflow/example_dags/example_kubernetes_executor.py
[2024-07-14T13:34:26.665+0000] {logging_mixin.py:120} INFO - [2024-07-14T13:34:26.665+0000] {dag.py:2585} INFO - Sync 1 DAGs
[2024-07-14T13:34:26.686+0000] {logging_mixin.py:120} INFO - [2024-07-14T13:34:26.685+0000] {dag.py:3340} INFO - Setting next_dagrun for example_kubernetes_executor to None, run_after=None
[2024-07-14T13:34:26.703+0000] {processor.py:176} INFO - Processing /home/airflow/.local/lib/python3.7/site-packages/airflow/example_dags/example_kubernetes_executor.py took 0.117 seconds
[2024-07-14T13:34:57.877+0000] {processor.py:154} INFO - Started process (PID=277) to work on /home/airflow/.local/lib/python3.7/site-packages/airflow/example_dags/example_kubernetes_executor.py
[2024-07-14T13:34:57.878+0000] {processor.py:756} INFO - Processing file /home/airflow/.local/lib/python3.7/site-packages/airflow/example_dags/example_kubernetes_executor.py for tasks to queue
[2024-07-14T13:34:57.878+0000] {logging_mixin.py:120} INFO - [2024-07-14T13:34:57.878+0000] {dagbag.py:537} INFO - Filling up the DagBag from /home/airflow/.local/lib/python3.7/site-packages/airflow/example_dags/example_kubernetes_executor.py
[2024-07-14T13:34:57.909+0000] {processor.py:766} INFO - DAG(s) dict_keys(['example_kubernetes_executor']) retrieved from /home/airflow/.local/lib/python3.7/site-packages/airflow/example_dags/example_kubernetes_executor.py
[2024-07-14T13:34:57.939+0000] {logging_mixin.py:120} INFO - [2024-07-14T13:34:57.939+0000] {dag.py:2585} INFO - Sync 1 DAGs
[2024-07-14T13:34:57.955+0000] {logging_mixin.py:120} INFO - [2024-07-14T13:34:57.955+0000] {dag.py:3340} INFO - Setting next_dagrun for example_kubernetes_executor to None, run_after=None
[2024-07-14T13:34:57.976+0000] {processor.py:176} INFO - Processing /home/airflow/.local/lib/python3.7/site-packages/airflow/example_dags/example_kubernetes_executor.py took 0.102 seconds
[2024-07-14T13:35:28.659+0000] {processor.py:154} INFO - Started process (PID=342) to work on /home/airflow/.local/lib/python3.7/site-packages/airflow/example_dags/example_kubernetes_executor.py
[2024-07-14T13:35:28.659+0000] {processor.py:756} INFO - Processing file /home/airflow/.local/lib/python3.7/site-packages/airflow/example_dags/example_kubernetes_executor.py for tasks to queue
[2024-07-14T13:35:28.660+0000] {logging_mixin.py:120} INFO - [2024-07-14T13:35:28.660+0000] {dagbag.py:537} INFO - Filling up the DagBag from /home/airflow/.local/lib/python3.7/site-packages/airflow/example_dags/example_kubernetes_executor.py
[2024-07-14T13:35:28.681+0000] {processor.py:766} INFO - DAG(s) dict_keys(['example_kubernetes_executor']) retrieved from /home/airflow/.local/lib/python3.7/site-packages/airflow/example_dags/example_kubernetes_executor.py
[2024-07-14T13:35:28.737+0000] {logging_mixin.py:120} INFO - [2024-07-14T13:35:28.737+0000] {dag.py:2585} INFO - Sync 1 DAGs
[2024-07-14T13:35:28.773+0000] {logging_mixin.py:120} INFO - [2024-07-14T13:35:28.773+0000] {dag.py:3340} INFO - Setting next_dagrun for example_kubernetes_executor to None, run_after=None
[2024-07-14T13:35:28.793+0000] {processor.py:176} INFO - Processing /home/airflow/.local/lib/python3.7/site-packages/airflow/example_dags/example_kubernetes_executor.py took 0.137 seconds
[2024-07-14T13:35:58.929+0000] {processor.py:154} INFO - Started process (PID=408) to work on /home/airflow/.local/lib/python3.7/site-packages/airflow/example_dags/example_kubernetes_executor.py
[2024-07-14T13:35:58.930+0000] {processor.py:756} INFO - Processing file /home/airflow/.local/lib/python3.7/site-packages/airflow/example_dags/example_kubernetes_executor.py for tasks to queue
[2024-07-14T13:35:58.931+0000] {logging_mixin.py:120} INFO - [2024-07-14T13:35:58.931+0000] {dagbag.py:537} INFO - Filling up the DagBag from /home/airflow/.local/lib/python3.7/site-packages/airflow/example_dags/example_kubernetes_executor.py
[2024-07-14T13:35:58.948+0000] {processor.py:766} INFO - DAG(s) dict_keys(['example_kubernetes_executor']) retrieved from /home/airflow/.local/lib/python3.7/site-packages/airflow/example_dags/example_kubernetes_executor.py
[2024-07-14T13:35:58.987+0000] {logging_mixin.py:120} INFO - [2024-07-14T13:35:58.987+0000] {dag.py:2585} INFO - Sync 1 DAGs
[2024-07-14T13:35:59.019+0000] {logging_mixin.py:120} INFO - [2024-07-14T13:35:59.019+0000] {dag.py:3340} INFO - Setting next_dagrun for example_kubernetes_executor to None, run_after=None
[2024-07-14T13:35:59.047+0000] {processor.py:176} INFO - Processing /home/airflow/.local/lib/python3.7/site-packages/airflow/example_dags/example_kubernetes_executor.py took 0.121 seconds
[2024-07-14T13:36:29.527+0000] {processor.py:154} INFO - Started process (PID=465) to work on /home/airflow/.local/lib/python3.7/site-packages/airflow/example_dags/example_kubernetes_executor.py
[2024-07-14T13:36:29.528+0000] {processor.py:756} INFO - Processing file /home/airflow/.local/lib/python3.7/site-packages/airflow/example_dags/example_kubernetes_executor.py for tasks to queue
[2024-07-14T13:36:29.528+0000] {logging_mixin.py:120} INFO - [2024-07-14T13:36:29.528+0000] {dagbag.py:537} INFO - Filling up the DagBag from /home/airflow/.local/lib/python3.7/site-packages/airflow/example_dags/example_kubernetes_executor.py
[2024-07-14T13:36:29.548+0000] {processor.py:766} INFO - DAG(s) dict_keys(['example_kubernetes_executor']) retrieved from /home/airflow/.local/lib/python3.7/site-packages/airflow/example_dags/example_kubernetes_executor.py
[2024-07-14T13:36:29.578+0000] {logging_mixin.py:120} INFO - [2024-07-14T13:36:29.578+0000] {dag.py:2585} INFO - Sync 1 DAGs
[2024-07-14T13:36:29.595+0000] {logging_mixin.py:120} INFO - [2024-07-14T13:36:29.595+0000] {dag.py:3340} INFO - Setting next_dagrun for example_kubernetes_executor to None, run_after=None
[2024-07-14T13:36:29.616+0000] {processor.py:176} INFO - Processing /home/airflow/.local/lib/python3.7/site-packages/airflow/example_dags/example_kubernetes_executor.py took 0.092 seconds
[2024-07-14T13:37:00.271+0000] {processor.py:154} INFO - Started process (PID=530) to work on /home/airflow/.local/lib/python3.7/site-packages/airflow/example_dags/example_kubernetes_executor.py
[2024-07-14T13:37:00.271+0000] {processor.py:756} INFO - Processing file /home/airflow/.local/lib/python3.7/site-packages/airflow/example_dags/example_kubernetes_executor.py for tasks to queue
[2024-07-14T13:37:00.272+0000] {logging_mixin.py:120} INFO - [2024-07-14T13:37:00.272+0000] {dagbag.py:537} INFO - Filling up the DagBag from /home/airflow/.local/lib/python3.7/site-packages/airflow/example_dags/example_kubernetes_executor.py
[2024-07-14T13:37:00.292+0000] {processor.py:766} INFO - DAG(s) dict_keys(['example_kubernetes_executor']) retrieved from /home/airflow/.local/lib/python3.7/site-packages/airflow/example_dags/example_kubernetes_executor.py
[2024-07-14T13:37:00.329+0000] {logging_mixin.py:120} INFO - [2024-07-14T13:37:00.329+0000] {dag.py:2585} INFO - Sync 1 DAGs
[2024-07-14T13:37:00.350+0000] {logging_mixin.py:120} INFO - [2024-07-14T13:37:00.350+0000] {dag.py:3340} INFO - Setting next_dagrun for example_kubernetes_executor to None, run_after=None
[2024-07-14T13:37:00.367+0000] {processor.py:176} INFO - Processing /home/airflow/.local/lib/python3.7/site-packages/airflow/example_dags/example_kubernetes_executor.py took 0.099 seconds
[2024-07-14T13:37:30.583+0000] {processor.py:154} INFO - Started process (PID=596) to work on /home/airflow/.local/lib/python3.7/site-packages/airflow/example_dags/example_kubernetes_executor.py
[2024-07-14T13:37:30.584+0000] {processor.py:756} INFO - Processing file /home/airflow/.local/lib/python3.7/site-packages/airflow/example_dags/example_kubernetes_executor.py for tasks to queue
[2024-07-14T13:37:30.584+0000] {logging_mixin.py:120} INFO - [2024-07-14T13:37:30.584+0000] {dagbag.py:537} INFO - Filling up the DagBag from /home/airflow/.local/lib/python3.7/site-packages/airflow/example_dags/example_kubernetes_executor.py
[2024-07-14T13:37:30.603+0000] {processor.py:766} INFO - DAG(s) dict_keys(['example_kubernetes_executor']) retrieved from /home/airflow/.local/lib/python3.7/site-packages/airflow/example_dags/example_kubernetes_executor.py
[2024-07-14T13:37:30.631+0000] {logging_mixin.py:120} INFO - [2024-07-14T13:37:30.631+0000] {dag.py:2585} INFO - Sync 1 DAGs
[2024-07-14T13:37:30.651+0000] {logging_mixin.py:120} INFO - [2024-07-14T13:37:30.651+0000] {dag.py:3340} INFO - Setting next_dagrun for example_kubernetes_executor to None, run_after=None
[2024-07-14T13:37:30.666+0000] {processor.py:176} INFO - Processing /home/airflow/.local/lib/python3.7/site-packages/airflow/example_dags/example_kubernetes_executor.py took 0.086 seconds
[2024-07-14T13:38:01.702+0000] {processor.py:154} INFO - Started process (PID=663) to work on /home/airflow/.local/lib/python3.7/site-packages/airflow/example_dags/example_kubernetes_executor.py
[2024-07-14T13:38:01.705+0000] {processor.py:756} INFO - Processing file /home/airflow/.local/lib/python3.7/site-packages/airflow/example_dags/example_kubernetes_executor.py for tasks to queue
[2024-07-14T13:38:01.706+0000] {logging_mixin.py:120} INFO - [2024-07-14T13:38:01.706+0000] {dagbag.py:537} INFO - Filling up the DagBag from /home/airflow/.local/lib/python3.7/site-packages/airflow/example_dags/example_kubernetes_executor.py
[2024-07-14T13:38:01.725+0000] {processor.py:766} INFO - DAG(s) dict_keys(['example_kubernetes_executor']) retrieved from /home/airflow/.local/lib/python3.7/site-packages/airflow/example_dags/example_kubernetes_executor.py
[2024-07-14T13:38:01.753+0000] {logging_mixin.py:120} INFO - [2024-07-14T13:38:01.753+0000] {dag.py:2585} INFO - Sync 1 DAGs
[2024-07-14T13:38:01.770+0000] {logging_mixin.py:120} INFO - [2024-07-14T13:38:01.770+0000] {dag.py:3340} INFO - Setting next_dagrun for example_kubernetes_executor to None, run_after=None
[2024-07-14T13:38:01.785+0000] {processor.py:176} INFO - Processing /home/airflow/.local/lib/python3.7/site-packages/airflow/example_dags/example_kubernetes_executor.py took 0.085 seconds
[2024-07-14T13:38:32.154+0000] {processor.py:154} INFO - Started process (PID=729) to work on /home/airflow/.local/lib/python3.7/site-packages/airflow/example_dags/example_kubernetes_executor.py
[2024-07-14T13:38:32.155+0000] {processor.py:756} INFO - Processing file /home/airflow/.local/lib/python3.7/site-packages/airflow/example_dags/example_kubernetes_executor.py for tasks to queue
[2024-07-14T13:38:32.155+0000] {logging_mixin.py:120} INFO - [2024-07-14T13:38:32.155+0000] {dagbag.py:537} INFO - Filling up the DagBag from /home/airflow/.local/lib/python3.7/site-packages/airflow/example_dags/example_kubernetes_executor.py
[2024-07-14T13:38:32.174+0000] {processor.py:766} INFO - DAG(s) dict_keys(['example_kubernetes_executor']) retrieved from /home/airflow/.local/lib/python3.7/site-packages/airflow/example_dags/example_kubernetes_executor.py
[2024-07-14T13:38:32.203+0000] {logging_mixin.py:120} INFO - [2024-07-14T13:38:32.203+0000] {dag.py:2585} INFO - Sync 1 DAGs
[2024-07-14T13:38:32.221+0000] {logging_mixin.py:120} INFO - [2024-07-14T13:38:32.221+0000] {dag.py:3340} INFO - Setting next_dagrun for example_kubernetes_executor to None, run_after=None
[2024-07-14T13:38:32.236+0000] {processor.py:176} INFO - Processing /home/airflow/.local/lib/python3.7/site-packages/airflow/example_dags/example_kubernetes_executor.py took 0.084 seconds
[2024-07-14T13:39:02.581+0000] {processor.py:154} INFO - Started process (PID=786) to work on /home/airflow/.local/lib/python3.7/site-packages/airflow/example_dags/example_kubernetes_executor.py
[2024-07-14T13:39:02.582+0000] {processor.py:756} INFO - Processing file /home/airflow/.local/lib/python3.7/site-packages/airflow/example_dags/example_kubernetes_executor.py for tasks to queue
[2024-07-14T13:39:02.582+0000] {logging_mixin.py:120} INFO - [2024-07-14T13:39:02.582+0000] {dagbag.py:537} INFO - Filling up the DagBag from /home/airflow/.local/lib/python3.7/site-packages/airflow/example_dags/example_kubernetes_executor.py
[2024-07-14T13:39:02.601+0000] {processor.py:766} INFO - DAG(s) dict_keys(['example_kubernetes_executor']) retrieved from /home/airflow/.local/lib/python3.7/site-packages/airflow/example_dags/example_kubernetes_executor.py
[2024-07-14T13:39:02.634+0000] {logging_mixin.py:120} INFO - [2024-07-14T13:39:02.634+0000] {dag.py:2585} INFO - Sync 1 DAGs
[2024-07-14T13:39:02.652+0000] {logging_mixin.py:120} INFO - [2024-07-14T13:39:02.651+0000] {dag.py:3340} INFO - Setting next_dagrun for example_kubernetes_executor to None, run_after=None
[2024-07-14T13:39:02.670+0000] {processor.py:176} INFO - Processing /home/airflow/.local/lib/python3.7/site-packages/airflow/example_dags/example_kubernetes_executor.py took 0.091 seconds
[2024-07-14T13:39:33.144+0000] {processor.py:154} INFO - Started process (PID=850) to work on /home/airflow/.local/lib/python3.7/site-packages/airflow/example_dags/example_kubernetes_executor.py
[2024-07-14T13:39:33.145+0000] {processor.py:756} INFO - Processing file /home/airflow/.local/lib/python3.7/site-packages/airflow/example_dags/example_kubernetes_executor.py for tasks to queue
[2024-07-14T13:39:33.145+0000] {logging_mixin.py:120} INFO - [2024-07-14T13:39:33.145+0000] {dagbag.py:537} INFO - Filling up the DagBag from /home/airflow/.local/lib/python3.7/site-packages/airflow/example_dags/example_kubernetes_executor.py
[2024-07-14T13:39:33.163+0000] {processor.py:766} INFO - DAG(s) dict_keys(['example_kubernetes_executor']) retrieved from /home/airflow/.local/lib/python3.7/site-packages/airflow/example_dags/example_kubernetes_executor.py
[2024-07-14T13:39:33.191+0000] {logging_mixin.py:120} INFO - [2024-07-14T13:39:33.190+0000] {dag.py:2585} INFO - Sync 1 DAGs
[2024-07-14T13:39:33.213+0000] {logging_mixin.py:120} INFO - [2024-07-14T13:39:33.213+0000] {dag.py:3340} INFO - Setting next_dagrun for example_kubernetes_executor to None, run_after=None
[2024-07-14T13:39:33.232+0000] {processor.py:176} INFO - Processing /home/airflow/.local/lib/python3.7/site-packages/airflow/example_dags/example_kubernetes_executor.py took 0.091 seconds
[2024-07-14T13:40:04.021+0000] {processor.py:154} INFO - Started process (PID=916) to work on /home/airflow/.local/lib/python3.7/site-packages/airflow/example_dags/example_kubernetes_executor.py
[2024-07-14T13:40:04.022+0000] {processor.py:756} INFO - Processing file /home/airflow/.local/lib/python3.7/site-packages/airflow/example_dags/example_kubernetes_executor.py for tasks to queue
[2024-07-14T13:40:04.023+0000] {logging_mixin.py:120} INFO - [2024-07-14T13:40:04.023+0000] {dagbag.py:537} INFO - Filling up the DagBag from /home/airflow/.local/lib/python3.7/site-packages/airflow/example_dags/example_kubernetes_executor.py
[2024-07-14T13:40:04.048+0000] {processor.py:766} INFO - DAG(s) dict_keys(['example_kubernetes_executor']) retrieved from /home/airflow/.local/lib/python3.7/site-packages/airflow/example_dags/example_kubernetes_executor.py
[2024-07-14T13:40:04.080+0000] {logging_mixin.py:120} INFO - [2024-07-14T13:40:04.080+0000] {dag.py:2585} INFO - Sync 1 DAGs
[2024-07-14T13:40:04.109+0000] {logging_mixin.py:120} INFO - [2024-07-14T13:40:04.109+0000] {dag.py:3340} INFO - Setting next_dagrun for example_kubernetes_executor to None, run_after=None
[2024-07-14T13:40:04.132+0000] {processor.py:176} INFO - Processing /home/airflow/.local/lib/python3.7/site-packages/airflow/example_dags/example_kubernetes_executor.py took 0.115 seconds
[2024-07-14T13:40:34.638+0000] {processor.py:154} INFO - Started process (PID=982) to work on /home/airflow/.local/lib/python3.7/site-packages/airflow/example_dags/example_kubernetes_executor.py
[2024-07-14T13:40:34.639+0000] {processor.py:756} INFO - Processing file /home/airflow/.local/lib/python3.7/site-packages/airflow/example_dags/example_kubernetes_executor.py for tasks to queue
[2024-07-14T13:40:34.640+0000] {logging_mixin.py:120} INFO - [2024-07-14T13:40:34.640+0000] {dagbag.py:537} INFO - Filling up the DagBag from /home/airflow/.local/lib/python3.7/site-packages/airflow/example_dags/example_kubernetes_executor.py
[2024-07-14T13:40:34.662+0000] {processor.py:766} INFO - DAG(s) dict_keys(['example_kubernetes_executor']) retrieved from /home/airflow/.local/lib/python3.7/site-packages/airflow/example_dags/example_kubernetes_executor.py
[2024-07-14T13:40:34.695+0000] {logging_mixin.py:120} INFO - [2024-07-14T13:40:34.695+0000] {dag.py:2585} INFO - Sync 1 DAGs
[2024-07-14T13:40:34.721+0000] {logging_mixin.py:120} INFO - [2024-07-14T13:40:34.721+0000] {dag.py:3340} INFO - Setting next_dagrun for example_kubernetes_executor to None, run_after=None
[2024-07-14T13:40:34.743+0000] {processor.py:176} INFO - Processing /home/airflow/.local/lib/python3.7/site-packages/airflow/example_dags/example_kubernetes_executor.py took 0.107 seconds
[2024-07-14T13:41:05.228+0000] {processor.py:154} INFO - Started process (PID=1039) to work on /home/airflow/.local/lib/python3.7/site-packages/airflow/example_dags/example_kubernetes_executor.py
[2024-07-14T13:41:05.229+0000] {processor.py:756} INFO - Processing file /home/airflow/.local/lib/python3.7/site-packages/airflow/example_dags/example_kubernetes_executor.py for tasks to queue
[2024-07-14T13:41:05.229+0000] {logging_mixin.py:120} INFO - [2024-07-14T13:41:05.229+0000] {dagbag.py:537} INFO - Filling up the DagBag from /home/airflow/.local/lib/python3.7/site-packages/airflow/example_dags/example_kubernetes_executor.py
[2024-07-14T13:41:05.248+0000] {processor.py:766} INFO - DAG(s) dict_keys(['example_kubernetes_executor']) retrieved from /home/airflow/.local/lib/python3.7/site-packages/airflow/example_dags/example_kubernetes_executor.py
[2024-07-14T13:41:05.275+0000] {logging_mixin.py:120} INFO - [2024-07-14T13:41:05.275+0000] {dag.py:2585} INFO - Sync 1 DAGs
[2024-07-14T13:41:05.292+0000] {logging_mixin.py:120} INFO - [2024-07-14T13:41:05.292+0000] {dag.py:3340} INFO - Setting next_dagrun for example_kubernetes_executor to None, run_after=None
[2024-07-14T13:41:05.310+0000] {processor.py:176} INFO - Processing /home/airflow/.local/lib/python3.7/site-packages/airflow/example_dags/example_kubernetes_executor.py took 0.084 seconds
[2024-07-14T13:41:35.440+0000] {processor.py:154} INFO - Started process (PID=1105) to work on /home/airflow/.local/lib/python3.7/site-packages/airflow/example_dags/example_kubernetes_executor.py
[2024-07-14T13:41:35.441+0000] {processor.py:756} INFO - Processing file /home/airflow/.local/lib/python3.7/site-packages/airflow/example_dags/example_kubernetes_executor.py for tasks to queue
[2024-07-14T13:41:35.441+0000] {logging_mixin.py:120} INFO - [2024-07-14T13:41:35.441+0000] {dagbag.py:537} INFO - Filling up the DagBag from /home/airflow/.local/lib/python3.7/site-packages/airflow/example_dags/example_kubernetes_executor.py
[2024-07-14T13:41:35.463+0000] {processor.py:766} INFO - DAG(s) dict_keys(['example_kubernetes_executor']) retrieved from /home/airflow/.local/lib/python3.7/site-packages/airflow/example_dags/example_kubernetes_executor.py
[2024-07-14T13:41:35.492+0000] {logging_mixin.py:120} INFO - [2024-07-14T13:41:35.492+0000] {dag.py:2585} INFO - Sync 1 DAGs
[2024-07-14T13:41:35.509+0000] {logging_mixin.py:120} INFO - [2024-07-14T13:41:35.509+0000] {dag.py:3340} INFO - Setting next_dagrun for example_kubernetes_executor to None, run_after=None
[2024-07-14T13:41:35.523+0000] {processor.py:176} INFO - Processing /home/airflow/.local/lib/python3.7/site-packages/airflow/example_dags/example_kubernetes_executor.py took 0.085 seconds
[2024-07-14T13:42:06.331+0000] {processor.py:154} INFO - Started process (PID=1171) to work on /home/airflow/.local/lib/python3.7/site-packages/airflow/example_dags/example_kubernetes_executor.py
[2024-07-14T13:42:06.332+0000] {processor.py:756} INFO - Processing file /home/airflow/.local/lib/python3.7/site-packages/airflow/example_dags/example_kubernetes_executor.py for tasks to queue
[2024-07-14T13:42:06.333+0000] {logging_mixin.py:120} INFO - [2024-07-14T13:42:06.332+0000] {dagbag.py:537} INFO - Filling up the DagBag from /home/airflow/.local/lib/python3.7/site-packages/airflow/example_dags/example_kubernetes_executor.py
[2024-07-14T13:42:06.353+0000] {processor.py:766} INFO - DAG(s) dict_keys(['example_kubernetes_executor']) retrieved from /home/airflow/.local/lib/python3.7/site-packages/airflow/example_dags/example_kubernetes_executor.py
[2024-07-14T13:42:06.380+0000] {logging_mixin.py:120} INFO - [2024-07-14T13:42:06.380+0000] {dag.py:2585} INFO - Sync 1 DAGs
[2024-07-14T13:42:06.399+0000] {logging_mixin.py:120} INFO - [2024-07-14T13:42:06.398+0000] {dag.py:3340} INFO - Setting next_dagrun for example_kubernetes_executor to None, run_after=None
[2024-07-14T13:42:06.414+0000] {processor.py:176} INFO - Processing /home/airflow/.local/lib/python3.7/site-packages/airflow/example_dags/example_kubernetes_executor.py took 0.085 seconds
[2024-07-14T13:42:36.916+0000] {processor.py:154} INFO - Started process (PID=1237) to work on /home/airflow/.local/lib/python3.7/site-packages/airflow/example_dags/example_kubernetes_executor.py
[2024-07-14T13:42:36.917+0000] {processor.py:756} INFO - Processing file /home/airflow/.local/lib/python3.7/site-packages/airflow/example_dags/example_kubernetes_executor.py for tasks to queue
[2024-07-14T13:42:36.918+0000] {logging_mixin.py:120} INFO - [2024-07-14T13:42:36.918+0000] {dagbag.py:537} INFO - Filling up the DagBag from /home/airflow/.local/lib/python3.7/site-packages/airflow/example_dags/example_kubernetes_executor.py
[2024-07-14T13:42:36.948+0000] {processor.py:766} INFO - DAG(s) dict_keys(['example_kubernetes_executor']) retrieved from /home/airflow/.local/lib/python3.7/site-packages/airflow/example_dags/example_kubernetes_executor.py
[2024-07-14T13:42:36.984+0000] {logging_mixin.py:120} INFO - [2024-07-14T13:42:36.984+0000] {dag.py:2585} INFO - Sync 1 DAGs
[2024-07-14T13:42:37.002+0000] {logging_mixin.py:120} INFO - [2024-07-14T13:42:37.002+0000] {dag.py:3340} INFO - Setting next_dagrun for example_kubernetes_executor to None, run_after=None
[2024-07-14T13:42:37.028+0000] {processor.py:176} INFO - Processing /home/airflow/.local/lib/python3.7/site-packages/airflow/example_dags/example_kubernetes_executor.py took 0.114 seconds
[2024-07-14T13:43:07.957+0000] {processor.py:154} INFO - Started process (PID=1304) to work on /home/airflow/.local/lib/python3.7/site-packages/airflow/example_dags/example_kubernetes_executor.py
[2024-07-14T13:43:07.958+0000] {processor.py:756} INFO - Processing file /home/airflow/.local/lib/python3.7/site-packages/airflow/example_dags/example_kubernetes_executor.py for tasks to queue
[2024-07-14T13:43:07.959+0000] {logging_mixin.py:120} INFO - [2024-07-14T13:43:07.959+0000] {dagbag.py:537} INFO - Filling up the DagBag from /home/airflow/.local/lib/python3.7/site-packages/airflow/example_dags/example_kubernetes_executor.py
[2024-07-14T13:43:07.977+0000] {processor.py:766} INFO - DAG(s) dict_keys(['example_kubernetes_executor']) retrieved from /home/airflow/.local/lib/python3.7/site-packages/airflow/example_dags/example_kubernetes_executor.py
[2024-07-14T13:43:08.007+0000] {logging_mixin.py:120} INFO - [2024-07-14T13:43:08.007+0000] {dag.py:2585} INFO - Sync 1 DAGs
[2024-07-14T13:43:08.023+0000] {logging_mixin.py:120} INFO - [2024-07-14T13:43:08.023+0000] {dag.py:3340} INFO - Setting next_dagrun for example_kubernetes_executor to None, run_after=None
[2024-07-14T13:43:08.037+0000] {processor.py:176} INFO - Processing /home/airflow/.local/lib/python3.7/site-packages/airflow/example_dags/example_kubernetes_executor.py took 0.081 seconds
[2024-07-14T13:43:38.487+0000] {processor.py:154} INFO - Started process (PID=1361) to work on /home/airflow/.local/lib/python3.7/site-packages/airflow/example_dags/example_kubernetes_executor.py
[2024-07-14T13:43:38.488+0000] {processor.py:756} INFO - Processing file /home/airflow/.local/lib/python3.7/site-packages/airflow/example_dags/example_kubernetes_executor.py for tasks to queue
[2024-07-14T13:43:38.489+0000] {logging_mixin.py:120} INFO - [2024-07-14T13:43:38.489+0000] {dagbag.py:537} INFO - Filling up the DagBag from /home/airflow/.local/lib/python3.7/site-packages/airflow/example_dags/example_kubernetes_executor.py
[2024-07-14T13:43:38.512+0000] {processor.py:766} INFO - DAG(s) dict_keys(['example_kubernetes_executor']) retrieved from /home/airflow/.local/lib/python3.7/site-packages/airflow/example_dags/example_kubernetes_executor.py
[2024-07-14T13:43:38.538+0000] {logging_mixin.py:120} INFO - [2024-07-14T13:43:38.538+0000] {dag.py:2585} INFO - Sync 1 DAGs
[2024-07-14T13:43:38.558+0000] {logging_mixin.py:120} INFO - [2024-07-14T13:43:38.558+0000] {dag.py:3340} INFO - Setting next_dagrun for example_kubernetes_executor to None, run_after=None
[2024-07-14T13:43:38.574+0000] {processor.py:176} INFO - Processing /home/airflow/.local/lib/python3.7/site-packages/airflow/example_dags/example_kubernetes_executor.py took 0.089 seconds
[2024-07-14T13:44:09.382+0000] {processor.py:154} INFO - Started process (PID=1426) to work on /home/airflow/.local/lib/python3.7/site-packages/airflow/example_dags/example_kubernetes_executor.py
[2024-07-14T13:44:09.383+0000] {processor.py:756} INFO - Processing file /home/airflow/.local/lib/python3.7/site-packages/airflow/example_dags/example_kubernetes_executor.py for tasks to queue
[2024-07-14T13:44:09.383+0000] {logging_mixin.py:120} INFO - [2024-07-14T13:44:09.383+0000] {dagbag.py:537} INFO - Filling up the DagBag from /home/airflow/.local/lib/python3.7/site-packages/airflow/example_dags/example_kubernetes_executor.py
[2024-07-14T13:44:09.404+0000] {processor.py:766} INFO - DAG(s) dict_keys(['example_kubernetes_executor']) retrieved from /home/airflow/.local/lib/python3.7/site-packages/airflow/example_dags/example_kubernetes_executor.py
[2024-07-14T13:44:09.439+0000] {logging_mixin.py:120} INFO - [2024-07-14T13:44:09.439+0000] {dag.py:2585} INFO - Sync 1 DAGs
[2024-07-14T13:44:09.459+0000] {logging_mixin.py:120} INFO - [2024-07-14T13:44:09.459+0000] {dag.py:3340} INFO - Setting next_dagrun for example_kubernetes_executor to None, run_after=None
[2024-07-14T13:44:09.475+0000] {processor.py:176} INFO - Processing /home/airflow/.local/lib/python3.7/site-packages/airflow/example_dags/example_kubernetes_executor.py took 0.095 seconds
[2024-07-14T13:44:40.248+0000] {processor.py:154} INFO - Started process (PID=1491) to work on /home/airflow/.local/lib/python3.7/site-packages/airflow/example_dags/example_kubernetes_executor.py
[2024-07-14T13:44:40.249+0000] {processor.py:756} INFO - Processing file /home/airflow/.local/lib/python3.7/site-packages/airflow/example_dags/example_kubernetes_executor.py for tasks to queue
[2024-07-14T13:44:40.250+0000] {logging_mixin.py:120} INFO - [2024-07-14T13:44:40.250+0000] {dagbag.py:537} INFO - Filling up the DagBag from /home/airflow/.local/lib/python3.7/site-packages/airflow/example_dags/example_kubernetes_executor.py
[2024-07-14T13:44:40.274+0000] {processor.py:766} INFO - DAG(s) dict_keys(['example_kubernetes_executor']) retrieved from /home/airflow/.local/lib/python3.7/site-packages/airflow/example_dags/example_kubernetes_executor.py
[2024-07-14T13:44:40.309+0000] {logging_mixin.py:120} INFO - [2024-07-14T13:44:40.308+0000] {dag.py:2585} INFO - Sync 1 DAGs
[2024-07-14T13:44:40.325+0000] {logging_mixin.py:120} INFO - [2024-07-14T13:44:40.325+0000] {dag.py:3340} INFO - Setting next_dagrun for example_kubernetes_executor to None, run_after=None
[2024-07-14T13:44:40.340+0000] {processor.py:176} INFO - Processing /home/airflow/.local/lib/python3.7/site-packages/airflow/example_dags/example_kubernetes_executor.py took 0.095 seconds
[2024-07-14T13:45:10.967+0000] {processor.py:154} INFO - Started process (PID=1556) to work on /home/airflow/.local/lib/python3.7/site-packages/airflow/example_dags/example_kubernetes_executor.py
[2024-07-14T13:45:10.967+0000] {processor.py:756} INFO - Processing file /home/airflow/.local/lib/python3.7/site-packages/airflow/example_dags/example_kubernetes_executor.py for tasks to queue
[2024-07-14T13:45:10.968+0000] {logging_mixin.py:120} INFO - [2024-07-14T13:45:10.968+0000] {dagbag.py:537} INFO - Filling up the DagBag from /home/airflow/.local/lib/python3.7/site-packages/airflow/example_dags/example_kubernetes_executor.py
[2024-07-14T13:45:10.986+0000] {processor.py:766} INFO - DAG(s) dict_keys(['example_kubernetes_executor']) retrieved from /home/airflow/.local/lib/python3.7/site-packages/airflow/example_dags/example_kubernetes_executor.py
[2024-07-14T13:45:11.018+0000] {logging_mixin.py:120} INFO - [2024-07-14T13:45:11.017+0000] {dag.py:2585} INFO - Sync 1 DAGs
[2024-07-14T13:45:11.034+0000] {logging_mixin.py:120} INFO - [2024-07-14T13:45:11.034+0000] {dag.py:3340} INFO - Setting next_dagrun for example_kubernetes_executor to None, run_after=None
[2024-07-14T13:45:11.051+0000] {processor.py:176} INFO - Processing /home/airflow/.local/lib/python3.7/site-packages/airflow/example_dags/example_kubernetes_executor.py took 0.087 seconds
[2024-07-14T13:45:41.934+0000] {processor.py:154} INFO - Started process (PID=1620) to work on /home/airflow/.local/lib/python3.7/site-packages/airflow/example_dags/example_kubernetes_executor.py
[2024-07-14T13:45:41.934+0000] {processor.py:756} INFO - Processing file /home/airflow/.local/lib/python3.7/site-packages/airflow/example_dags/example_kubernetes_executor.py for tasks to queue
[2024-07-14T13:45:41.935+0000] {logging_mixin.py:120} INFO - [2024-07-14T13:45:41.935+0000] {dagbag.py:537} INFO - Filling up the DagBag from /home/airflow/.local/lib/python3.7/site-packages/airflow/example_dags/example_kubernetes_executor.py
[2024-07-14T13:45:41.953+0000] {processor.py:766} INFO - DAG(s) dict_keys(['example_kubernetes_executor']) retrieved from /home/airflow/.local/lib/python3.7/site-packages/airflow/example_dags/example_kubernetes_executor.py
[2024-07-14T13:45:41.980+0000] {logging_mixin.py:120} INFO - [2024-07-14T13:45:41.980+0000] {dag.py:2585} INFO - Sync 1 DAGs
[2024-07-14T13:45:42.006+0000] {logging_mixin.py:120} INFO - [2024-07-14T13:45:42.006+0000] {dag.py:3340} INFO - Setting next_dagrun for example_kubernetes_executor to None, run_after=None
[2024-07-14T13:45:42.098+0000] {processor.py:176} INFO - Processing /home/airflow/.local/lib/python3.7/site-packages/airflow/example_dags/example_kubernetes_executor.py took 0.167 seconds
[2024-07-14T13:46:12.806+0000] {processor.py:154} INFO - Started process (PID=1676) to work on /home/airflow/.local/lib/python3.7/site-packages/airflow/example_dags/example_kubernetes_executor.py
[2024-07-14T13:46:12.807+0000] {processor.py:756} INFO - Processing file /home/airflow/.local/lib/python3.7/site-packages/airflow/example_dags/example_kubernetes_executor.py for tasks to queue
[2024-07-14T13:46:12.808+0000] {logging_mixin.py:120} INFO - [2024-07-14T13:46:12.808+0000] {dagbag.py:537} INFO - Filling up the DagBag from /home/airflow/.local/lib/python3.7/site-packages/airflow/example_dags/example_kubernetes_executor.py
[2024-07-14T13:46:12.825+0000] {processor.py:766} INFO - DAG(s) dict_keys(['example_kubernetes_executor']) retrieved from /home/airflow/.local/lib/python3.7/site-packages/airflow/example_dags/example_kubernetes_executor.py
[2024-07-14T13:46:12.852+0000] {logging_mixin.py:120} INFO - [2024-07-14T13:46:12.852+0000] {dag.py:2585} INFO - Sync 1 DAGs
[2024-07-14T13:46:12.868+0000] {logging_mixin.py:120} INFO - [2024-07-14T13:46:12.868+0000] {dag.py:3340} INFO - Setting next_dagrun for example_kubernetes_executor to None, run_after=None
[2024-07-14T13:46:12.886+0000] {processor.py:176} INFO - Processing /home/airflow/.local/lib/python3.7/site-packages/airflow/example_dags/example_kubernetes_executor.py took 0.082 seconds
[2024-07-14T13:46:43.762+0000] {processor.py:154} INFO - Started process (PID=1742) to work on /home/airflow/.local/lib/python3.7/site-packages/airflow/example_dags/example_kubernetes_executor.py
[2024-07-14T13:46:43.763+0000] {processor.py:756} INFO - Processing file /home/airflow/.local/lib/python3.7/site-packages/airflow/example_dags/example_kubernetes_executor.py for tasks to queue
[2024-07-14T13:46:43.763+0000] {logging_mixin.py:120} INFO - [2024-07-14T13:46:43.763+0000] {dagbag.py:537} INFO - Filling up the DagBag from /home/airflow/.local/lib/python3.7/site-packages/airflow/example_dags/example_kubernetes_executor.py
[2024-07-14T13:46:43.781+0000] {processor.py:766} INFO - DAG(s) dict_keys(['example_kubernetes_executor']) retrieved from /home/airflow/.local/lib/python3.7/site-packages/airflow/example_dags/example_kubernetes_executor.py
[2024-07-14T13:46:43.808+0000] {logging_mixin.py:120} INFO - [2024-07-14T13:46:43.808+0000] {dag.py:2585} INFO - Sync 1 DAGs
[2024-07-14T13:46:43.824+0000] {logging_mixin.py:120} INFO - [2024-07-14T13:46:43.824+0000] {dag.py:3340} INFO - Setting next_dagrun for example_kubernetes_executor to None, run_after=None
[2024-07-14T13:46:43.838+0000] {processor.py:176} INFO - Processing /home/airflow/.local/lib/python3.7/site-packages/airflow/example_dags/example_kubernetes_executor.py took 0.079 seconds
[2024-07-14T13:47:14.599+0000] {processor.py:154} INFO - Started process (PID=1808) to work on /home/airflow/.local/lib/python3.7/site-packages/airflow/example_dags/example_kubernetes_executor.py
[2024-07-14T13:47:14.600+0000] {processor.py:756} INFO - Processing file /home/airflow/.local/lib/python3.7/site-packages/airflow/example_dags/example_kubernetes_executor.py for tasks to queue
[2024-07-14T13:47:14.601+0000] {logging_mixin.py:120} INFO - [2024-07-14T13:47:14.601+0000] {dagbag.py:537} INFO - Filling up the DagBag from /home/airflow/.local/lib/python3.7/site-packages/airflow/example_dags/example_kubernetes_executor.py
[2024-07-14T13:47:14.620+0000] {processor.py:766} INFO - DAG(s) dict_keys(['example_kubernetes_executor']) retrieved from /home/airflow/.local/lib/python3.7/site-packages/airflow/example_dags/example_kubernetes_executor.py
[2024-07-14T13:47:14.657+0000] {logging_mixin.py:120} INFO - [2024-07-14T13:47:14.657+0000] {dag.py:2585} INFO - Sync 1 DAGs
[2024-07-14T13:47:14.679+0000] {logging_mixin.py:120} INFO - [2024-07-14T13:47:14.679+0000] {dag.py:3340} INFO - Setting next_dagrun for example_kubernetes_executor to None, run_after=None
[2024-07-14T13:47:14.698+0000] {processor.py:176} INFO - Processing /home/airflow/.local/lib/python3.7/site-packages/airflow/example_dags/example_kubernetes_executor.py took 0.101 seconds
[2024-07-14T13:47:44.827+0000] {processor.py:154} INFO - Started process (PID=1874) to work on /home/airflow/.local/lib/python3.7/site-packages/airflow/example_dags/example_kubernetes_executor.py
[2024-07-14T13:47:44.827+0000] {processor.py:756} INFO - Processing file /home/airflow/.local/lib/python3.7/site-packages/airflow/example_dags/example_kubernetes_executor.py for tasks to queue
[2024-07-14T13:47:44.828+0000] {logging_mixin.py:120} INFO - [2024-07-14T13:47:44.828+0000] {dagbag.py:537} INFO - Filling up the DagBag from /home/airflow/.local/lib/python3.7/site-packages/airflow/example_dags/example_kubernetes_executor.py
[2024-07-14T13:47:44.845+0000] {processor.py:766} INFO - DAG(s) dict_keys(['example_kubernetes_executor']) retrieved from /home/airflow/.local/lib/python3.7/site-packages/airflow/example_dags/example_kubernetes_executor.py
[2024-07-14T13:47:44.875+0000] {logging_mixin.py:120} INFO - [2024-07-14T13:47:44.875+0000] {dag.py:2585} INFO - Sync 1 DAGs
[2024-07-14T13:47:44.896+0000] {logging_mixin.py:120} INFO - [2024-07-14T13:47:44.895+0000] {dag.py:3340} INFO - Setting next_dagrun for example_kubernetes_executor to None, run_after=None
[2024-07-14T13:47:44.914+0000] {processor.py:176} INFO - Processing /home/airflow/.local/lib/python3.7/site-packages/airflow/example_dags/example_kubernetes_executor.py took 0.090 seconds
[2024-07-14T13:48:15.192+0000] {processor.py:154} INFO - Started process (PID=1940) to work on /home/airflow/.local/lib/python3.7/site-packages/airflow/example_dags/example_kubernetes_executor.py
[2024-07-14T13:48:15.193+0000] {processor.py:756} INFO - Processing file /home/airflow/.local/lib/python3.7/site-packages/airflow/example_dags/example_kubernetes_executor.py for tasks to queue
[2024-07-14T13:48:15.193+0000] {logging_mixin.py:120} INFO - [2024-07-14T13:48:15.193+0000] {dagbag.py:537} INFO - Filling up the DagBag from /home/airflow/.local/lib/python3.7/site-packages/airflow/example_dags/example_kubernetes_executor.py
[2024-07-14T13:48:15.217+0000] {processor.py:766} INFO - DAG(s) dict_keys(['example_kubernetes_executor']) retrieved from /home/airflow/.local/lib/python3.7/site-packages/airflow/example_dags/example_kubernetes_executor.py
[2024-07-14T13:48:15.262+0000] {logging_mixin.py:120} INFO - [2024-07-14T13:48:15.262+0000] {dag.py:2585} INFO - Sync 1 DAGs
[2024-07-14T13:48:15.279+0000] {logging_mixin.py:120} INFO - [2024-07-14T13:48:15.279+0000] {dag.py:3340} INFO - Setting next_dagrun for example_kubernetes_executor to None, run_after=None
[2024-07-14T13:48:15.294+0000] {processor.py:176} INFO - Processing /home/airflow/.local/lib/python3.7/site-packages/airflow/example_dags/example_kubernetes_executor.py took 0.105 seconds
[2024-07-14T13:48:45.834+0000] {processor.py:154} INFO - Started process (PID=1997) to work on /home/airflow/.local/lib/python3.7/site-packages/airflow/example_dags/example_kubernetes_executor.py
[2024-07-14T13:48:45.834+0000] {processor.py:756} INFO - Processing file /home/airflow/.local/lib/python3.7/site-packages/airflow/example_dags/example_kubernetes_executor.py for tasks to queue
[2024-07-14T13:48:45.843+0000] {logging_mixin.py:120} INFO - [2024-07-14T13:48:45.842+0000] {dagbag.py:537} INFO - Filling up the DagBag from /home/airflow/.local/lib/python3.7/site-packages/airflow/example_dags/example_kubernetes_executor.py
[2024-07-14T13:48:45.868+0000] {processor.py:766} INFO - DAG(s) dict_keys(['example_kubernetes_executor']) retrieved from /home/airflow/.local/lib/python3.7/site-packages/airflow/example_dags/example_kubernetes_executor.py
[2024-07-14T13:48:45.905+0000] {logging_mixin.py:120} INFO - [2024-07-14T13:48:45.905+0000] {dag.py:2585} INFO - Sync 1 DAGs
[2024-07-14T13:48:45.925+0000] {logging_mixin.py:120} INFO - [2024-07-14T13:48:45.925+0000] {dag.py:3340} INFO - Setting next_dagrun for example_kubernetes_executor to None, run_after=None
[2024-07-14T13:48:45.945+0000] {processor.py:176} INFO - Processing /home/airflow/.local/lib/python3.7/site-packages/airflow/example_dags/example_kubernetes_executor.py took 0.113 seconds
[2024-07-14T13:49:16.578+0000] {processor.py:154} INFO - Started process (PID=2063) to work on /home/airflow/.local/lib/python3.7/site-packages/airflow/example_dags/example_kubernetes_executor.py
[2024-07-14T13:49:16.579+0000] {processor.py:756} INFO - Processing file /home/airflow/.local/lib/python3.7/site-packages/airflow/example_dags/example_kubernetes_executor.py for tasks to queue
[2024-07-14T13:49:16.579+0000] {logging_mixin.py:120} INFO - [2024-07-14T13:49:16.579+0000] {dagbag.py:537} INFO - Filling up the DagBag from /home/airflow/.local/lib/python3.7/site-packages/airflow/example_dags/example_kubernetes_executor.py
[2024-07-14T13:49:16.597+0000] {processor.py:766} INFO - DAG(s) dict_keys(['example_kubernetes_executor']) retrieved from /home/airflow/.local/lib/python3.7/site-packages/airflow/example_dags/example_kubernetes_executor.py
[2024-07-14T13:49:16.626+0000] {logging_mixin.py:120} INFO - [2024-07-14T13:49:16.626+0000] {dag.py:2585} INFO - Sync 1 DAGs
[2024-07-14T13:49:16.642+0000] {logging_mixin.py:120} INFO - [2024-07-14T13:49:16.642+0000] {dag.py:3340} INFO - Setting next_dagrun for example_kubernetes_executor to None, run_after=None
[2024-07-14T13:49:16.656+0000] {processor.py:176} INFO - Processing /home/airflow/.local/lib/python3.7/site-packages/airflow/example_dags/example_kubernetes_executor.py took 0.081 seconds
[2024-07-14T13:49:47.359+0000] {processor.py:154} INFO - Started process (PID=2129) to work on /home/airflow/.local/lib/python3.7/site-packages/airflow/example_dags/example_kubernetes_executor.py
[2024-07-14T13:49:47.360+0000] {processor.py:756} INFO - Processing file /home/airflow/.local/lib/python3.7/site-packages/airflow/example_dags/example_kubernetes_executor.py for tasks to queue
[2024-07-14T13:49:47.360+0000] {logging_mixin.py:120} INFO - [2024-07-14T13:49:47.360+0000] {dagbag.py:537} INFO - Filling up the DagBag from /home/airflow/.local/lib/python3.7/site-packages/airflow/example_dags/example_kubernetes_executor.py
[2024-07-14T13:49:47.383+0000] {processor.py:766} INFO - DAG(s) dict_keys(['example_kubernetes_executor']) retrieved from /home/airflow/.local/lib/python3.7/site-packages/airflow/example_dags/example_kubernetes_executor.py
[2024-07-14T13:49:47.414+0000] {logging_mixin.py:120} INFO - [2024-07-14T13:49:47.413+0000] {dag.py:2585} INFO - Sync 1 DAGs
[2024-07-14T13:49:47.432+0000] {logging_mixin.py:120} INFO - [2024-07-14T13:49:47.432+0000] {dag.py:3340} INFO - Setting next_dagrun for example_kubernetes_executor to None, run_after=None
[2024-07-14T13:49:47.453+0000] {processor.py:176} INFO - Processing /home/airflow/.local/lib/python3.7/site-packages/airflow/example_dags/example_kubernetes_executor.py took 0.098 seconds
[2024-07-14T13:50:18.042+0000] {processor.py:154} INFO - Started process (PID=2195) to work on /home/airflow/.local/lib/python3.7/site-packages/airflow/example_dags/example_kubernetes_executor.py
[2024-07-14T13:50:18.042+0000] {processor.py:756} INFO - Processing file /home/airflow/.local/lib/python3.7/site-packages/airflow/example_dags/example_kubernetes_executor.py for tasks to queue
[2024-07-14T13:50:18.043+0000] {logging_mixin.py:120} INFO - [2024-07-14T13:50:18.043+0000] {dagbag.py:537} INFO - Filling up the DagBag from /home/airflow/.local/lib/python3.7/site-packages/airflow/example_dags/example_kubernetes_executor.py
[2024-07-14T13:50:18.061+0000] {processor.py:766} INFO - DAG(s) dict_keys(['example_kubernetes_executor']) retrieved from /home/airflow/.local/lib/python3.7/site-packages/airflow/example_dags/example_kubernetes_executor.py
[2024-07-14T13:50:18.089+0000] {logging_mixin.py:120} INFO - [2024-07-14T13:50:18.089+0000] {dag.py:2585} INFO - Sync 1 DAGs
[2024-07-14T13:50:18.104+0000] {logging_mixin.py:120} INFO - [2024-07-14T13:50:18.104+0000] {dag.py:3340} INFO - Setting next_dagrun for example_kubernetes_executor to None, run_after=None
[2024-07-14T13:50:18.120+0000] {processor.py:176} INFO - Processing /home/airflow/.local/lib/python3.7/site-packages/airflow/example_dags/example_kubernetes_executor.py took 0.080 seconds
[2024-07-14T13:50:49.349+0000] {processor.py:154} INFO - Started process (PID=2261) to work on /home/airflow/.local/lib/python3.7/site-packages/airflow/example_dags/example_kubernetes_executor.py
[2024-07-14T13:50:49.350+0000] {processor.py:756} INFO - Processing file /home/airflow/.local/lib/python3.7/site-packages/airflow/example_dags/example_kubernetes_executor.py for tasks to queue
[2024-07-14T13:50:49.351+0000] {logging_mixin.py:120} INFO - [2024-07-14T13:50:49.351+0000] {dagbag.py:537} INFO - Filling up the DagBag from /home/airflow/.local/lib/python3.7/site-packages/airflow/example_dags/example_kubernetes_executor.py
[2024-07-14T13:50:49.369+0000] {processor.py:766} INFO - DAG(s) dict_keys(['example_kubernetes_executor']) retrieved from /home/airflow/.local/lib/python3.7/site-packages/airflow/example_dags/example_kubernetes_executor.py
[2024-07-14T13:50:49.411+0000] {logging_mixin.py:120} INFO - [2024-07-14T13:50:49.411+0000] {dag.py:2585} INFO - Sync 1 DAGs
[2024-07-14T13:50:49.435+0000] {logging_mixin.py:120} INFO - [2024-07-14T13:50:49.434+0000] {dag.py:3340} INFO - Setting next_dagrun for example_kubernetes_executor to None, run_after=None
[2024-07-14T13:50:49.450+0000] {processor.py:176} INFO - Processing /home/airflow/.local/lib/python3.7/site-packages/airflow/example_dags/example_kubernetes_executor.py took 0.103 seconds
[2024-07-14T13:51:19.747+0000] {processor.py:154} INFO - Started process (PID=2318) to work on /home/airflow/.local/lib/python3.7/site-packages/airflow/example_dags/example_kubernetes_executor.py
[2024-07-14T13:51:19.748+0000] {processor.py:756} INFO - Processing file /home/airflow/.local/lib/python3.7/site-packages/airflow/example_dags/example_kubernetes_executor.py for tasks to queue
[2024-07-14T13:51:19.748+0000] {logging_mixin.py:120} INFO - [2024-07-14T13:51:19.748+0000] {dagbag.py:537} INFO - Filling up the DagBag from /home/airflow/.local/lib/python3.7/site-packages/airflow/example_dags/example_kubernetes_executor.py
[2024-07-14T13:51:19.768+0000] {processor.py:766} INFO - DAG(s) dict_keys(['example_kubernetes_executor']) retrieved from /home/airflow/.local/lib/python3.7/site-packages/airflow/example_dags/example_kubernetes_executor.py
[2024-07-14T13:51:19.798+0000] {logging_mixin.py:120} INFO - [2024-07-14T13:51:19.798+0000] {dag.py:2585} INFO - Sync 1 DAGs
[2024-07-14T13:51:19.813+0000] {logging_mixin.py:120} INFO - [2024-07-14T13:51:19.813+0000] {dag.py:3340} INFO - Setting next_dagrun for example_kubernetes_executor to None, run_after=None
[2024-07-14T13:51:19.830+0000] {processor.py:176} INFO - Processing /home/airflow/.local/lib/python3.7/site-packages/airflow/example_dags/example_kubernetes_executor.py took 0.085 seconds
[2024-07-14T13:51:50.100+0000] {processor.py:154} INFO - Started process (PID=2384) to work on /home/airflow/.local/lib/python3.7/site-packages/airflow/example_dags/example_kubernetes_executor.py
[2024-07-14T13:51:50.101+0000] {processor.py:756} INFO - Processing file /home/airflow/.local/lib/python3.7/site-packages/airflow/example_dags/example_kubernetes_executor.py for tasks to queue
[2024-07-14T13:51:50.101+0000] {logging_mixin.py:120} INFO - [2024-07-14T13:51:50.101+0000] {dagbag.py:537} INFO - Filling up the DagBag from /home/airflow/.local/lib/python3.7/site-packages/airflow/example_dags/example_kubernetes_executor.py
[2024-07-14T13:51:50.121+0000] {processor.py:766} INFO - DAG(s) dict_keys(['example_kubernetes_executor']) retrieved from /home/airflow/.local/lib/python3.7/site-packages/airflow/example_dags/example_kubernetes_executor.py
[2024-07-14T13:51:50.157+0000] {logging_mixin.py:120} INFO - [2024-07-14T13:51:50.157+0000] {dag.py:2585} INFO - Sync 1 DAGs
[2024-07-14T13:51:50.179+0000] {logging_mixin.py:120} INFO - [2024-07-14T13:51:50.178+0000] {dag.py:3340} INFO - Setting next_dagrun for example_kubernetes_executor to None, run_after=None
[2024-07-14T13:51:50.194+0000] {processor.py:176} INFO - Processing /home/airflow/.local/lib/python3.7/site-packages/airflow/example_dags/example_kubernetes_executor.py took 0.097 seconds
[2024-07-14T13:52:21.351+0000] {processor.py:154} INFO - Started process (PID=2450) to work on /home/airflow/.local/lib/python3.7/site-packages/airflow/example_dags/example_kubernetes_executor.py
[2024-07-14T13:52:21.352+0000] {processor.py:756} INFO - Processing file /home/airflow/.local/lib/python3.7/site-packages/airflow/example_dags/example_kubernetes_executor.py for tasks to queue
[2024-07-14T13:52:21.352+0000] {logging_mixin.py:120} INFO - [2024-07-14T13:52:21.352+0000] {dagbag.py:537} INFO - Filling up the DagBag from /home/airflow/.local/lib/python3.7/site-packages/airflow/example_dags/example_kubernetes_executor.py
[2024-07-14T13:52:21.372+0000] {processor.py:766} INFO - DAG(s) dict_keys(['example_kubernetes_executor']) retrieved from /home/airflow/.local/lib/python3.7/site-packages/airflow/example_dags/example_kubernetes_executor.py
[2024-07-14T13:52:21.401+0000] {logging_mixin.py:120} INFO - [2024-07-14T13:52:21.401+0000] {dag.py:2585} INFO - Sync 1 DAGs
[2024-07-14T13:52:21.418+0000] {logging_mixin.py:120} INFO - [2024-07-14T13:52:21.418+0000] {dag.py:3340} INFO - Setting next_dagrun for example_kubernetes_executor to None, run_after=None
[2024-07-14T13:52:21.436+0000] {processor.py:176} INFO - Processing /home/airflow/.local/lib/python3.7/site-packages/airflow/example_dags/example_kubernetes_executor.py took 0.088 seconds
[2024-07-14T13:52:51.638+0000] {processor.py:154} INFO - Started process (PID=2515) to work on /home/airflow/.local/lib/python3.7/site-packages/airflow/example_dags/example_kubernetes_executor.py
[2024-07-14T13:52:51.644+0000] {processor.py:756} INFO - Processing file /home/airflow/.local/lib/python3.7/site-packages/airflow/example_dags/example_kubernetes_executor.py for tasks to queue
[2024-07-14T13:52:51.646+0000] {logging_mixin.py:120} INFO - [2024-07-14T13:52:51.646+0000] {dagbag.py:537} INFO - Filling up the DagBag from /home/airflow/.local/lib/python3.7/site-packages/airflow/example_dags/example_kubernetes_executor.py
[2024-07-14T13:52:51.673+0000] {processor.py:766} INFO - DAG(s) dict_keys(['example_kubernetes_executor']) retrieved from /home/airflow/.local/lib/python3.7/site-packages/airflow/example_dags/example_kubernetes_executor.py
[2024-07-14T13:52:51.706+0000] {logging_mixin.py:120} INFO - [2024-07-14T13:52:51.706+0000] {dag.py:2585} INFO - Sync 1 DAGs
[2024-07-14T13:52:51.726+0000] {logging_mixin.py:120} INFO - [2024-07-14T13:52:51.726+0000] {dag.py:3340} INFO - Setting next_dagrun for example_kubernetes_executor to None, run_after=None
[2024-07-14T13:52:51.748+0000] {processor.py:176} INFO - Processing /home/airflow/.local/lib/python3.7/site-packages/airflow/example_dags/example_kubernetes_executor.py took 0.113 seconds
[2024-07-14T13:53:21.877+0000] {processor.py:154} INFO - Started process (PID=2578) to work on /home/airflow/.local/lib/python3.7/site-packages/airflow/example_dags/example_kubernetes_executor.py
[2024-07-14T13:53:21.878+0000] {processor.py:756} INFO - Processing file /home/airflow/.local/lib/python3.7/site-packages/airflow/example_dags/example_kubernetes_executor.py for tasks to queue
[2024-07-14T13:53:21.879+0000] {logging_mixin.py:120} INFO - [2024-07-14T13:53:21.879+0000] {dagbag.py:537} INFO - Filling up the DagBag from /home/airflow/.local/lib/python3.7/site-packages/airflow/example_dags/example_kubernetes_executor.py
[2024-07-14T13:53:21.902+0000] {processor.py:766} INFO - DAG(s) dict_keys(['example_kubernetes_executor']) retrieved from /home/airflow/.local/lib/python3.7/site-packages/airflow/example_dags/example_kubernetes_executor.py
[2024-07-14T13:53:21.932+0000] {logging_mixin.py:120} INFO - [2024-07-14T13:53:21.932+0000] {dag.py:2585} INFO - Sync 1 DAGs
[2024-07-14T13:53:21.951+0000] {logging_mixin.py:120} INFO - [2024-07-14T13:53:21.950+0000] {dag.py:3340} INFO - Setting next_dagrun for example_kubernetes_executor to None, run_after=None
[2024-07-14T13:53:21.968+0000] {processor.py:176} INFO - Processing /home/airflow/.local/lib/python3.7/site-packages/airflow/example_dags/example_kubernetes_executor.py took 0.093 seconds
[2024-07-14T13:53:52.162+0000] {processor.py:154} INFO - Started process (PID=2637) to work on /home/airflow/.local/lib/python3.7/site-packages/airflow/example_dags/example_kubernetes_executor.py
[2024-07-14T13:53:52.163+0000] {processor.py:756} INFO - Processing file /home/airflow/.local/lib/python3.7/site-packages/airflow/example_dags/example_kubernetes_executor.py for tasks to queue
[2024-07-14T13:53:52.164+0000] {logging_mixin.py:120} INFO - [2024-07-14T13:53:52.164+0000] {dagbag.py:537} INFO - Filling up the DagBag from /home/airflow/.local/lib/python3.7/site-packages/airflow/example_dags/example_kubernetes_executor.py
[2024-07-14T13:53:52.183+0000] {processor.py:766} INFO - DAG(s) dict_keys(['example_kubernetes_executor']) retrieved from /home/airflow/.local/lib/python3.7/site-packages/airflow/example_dags/example_kubernetes_executor.py
[2024-07-14T13:53:52.219+0000] {logging_mixin.py:120} INFO - [2024-07-14T13:53:52.219+0000] {dag.py:2585} INFO - Sync 1 DAGs
[2024-07-14T13:53:52.237+0000] {logging_mixin.py:120} INFO - [2024-07-14T13:53:52.237+0000] {dag.py:3340} INFO - Setting next_dagrun for example_kubernetes_executor to None, run_after=None
[2024-07-14T13:53:52.254+0000] {processor.py:176} INFO - Processing /home/airflow/.local/lib/python3.7/site-packages/airflow/example_dags/example_kubernetes_executor.py took 0.094 seconds
[2024-07-14T13:54:22.545+0000] {processor.py:154} INFO - Started process (PID=2702) to work on /home/airflow/.local/lib/python3.7/site-packages/airflow/example_dags/example_kubernetes_executor.py
[2024-07-14T13:54:22.547+0000] {processor.py:756} INFO - Processing file /home/airflow/.local/lib/python3.7/site-packages/airflow/example_dags/example_kubernetes_executor.py for tasks to queue
[2024-07-14T13:54:22.547+0000] {logging_mixin.py:120} INFO - [2024-07-14T13:54:22.547+0000] {dagbag.py:537} INFO - Filling up the DagBag from /home/airflow/.local/lib/python3.7/site-packages/airflow/example_dags/example_kubernetes_executor.py
[2024-07-14T13:54:22.569+0000] {processor.py:766} INFO - DAG(s) dict_keys(['example_kubernetes_executor']) retrieved from /home/airflow/.local/lib/python3.7/site-packages/airflow/example_dags/example_kubernetes_executor.py
[2024-07-14T13:54:22.595+0000] {logging_mixin.py:120} INFO - [2024-07-14T13:54:22.595+0000] {dag.py:2585} INFO - Sync 1 DAGs
[2024-07-14T13:54:22.611+0000] {logging_mixin.py:120} INFO - [2024-07-14T13:54:22.611+0000] {dag.py:3340} INFO - Setting next_dagrun for example_kubernetes_executor to None, run_after=None
[2024-07-14T13:54:22.626+0000] {processor.py:176} INFO - Processing /home/airflow/.local/lib/python3.7/site-packages/airflow/example_dags/example_kubernetes_executor.py took 0.083 seconds
[2024-07-14T13:54:52.879+0000] {processor.py:154} INFO - Started process (PID=2769) to work on /home/airflow/.local/lib/python3.7/site-packages/airflow/example_dags/example_kubernetes_executor.py
[2024-07-14T13:54:52.879+0000] {processor.py:756} INFO - Processing file /home/airflow/.local/lib/python3.7/site-packages/airflow/example_dags/example_kubernetes_executor.py for tasks to queue
[2024-07-14T13:54:52.880+0000] {logging_mixin.py:120} INFO - [2024-07-14T13:54:52.880+0000] {dagbag.py:537} INFO - Filling up the DagBag from /home/airflow/.local/lib/python3.7/site-packages/airflow/example_dags/example_kubernetes_executor.py
[2024-07-14T13:54:52.899+0000] {processor.py:766} INFO - DAG(s) dict_keys(['example_kubernetes_executor']) retrieved from /home/airflow/.local/lib/python3.7/site-packages/airflow/example_dags/example_kubernetes_executor.py
[2024-07-14T13:54:52.927+0000] {logging_mixin.py:120} INFO - [2024-07-14T13:54:52.927+0000] {dag.py:2585} INFO - Sync 1 DAGs
[2024-07-14T13:54:52.942+0000] {logging_mixin.py:120} INFO - [2024-07-14T13:54:52.942+0000] {dag.py:3340} INFO - Setting next_dagrun for example_kubernetes_executor to None, run_after=None
[2024-07-14T13:54:52.956+0000] {processor.py:176} INFO - Processing /home/airflow/.local/lib/python3.7/site-packages/airflow/example_dags/example_kubernetes_executor.py took 0.079 seconds
[2024-07-14T13:55:23.166+0000] {processor.py:154} INFO - Started process (PID=2835) to work on /home/airflow/.local/lib/python3.7/site-packages/airflow/example_dags/example_kubernetes_executor.py
[2024-07-14T13:55:23.166+0000] {processor.py:756} INFO - Processing file /home/airflow/.local/lib/python3.7/site-packages/airflow/example_dags/example_kubernetes_executor.py for tasks to queue
[2024-07-14T13:55:23.167+0000] {logging_mixin.py:120} INFO - [2024-07-14T13:55:23.167+0000] {dagbag.py:537} INFO - Filling up the DagBag from /home/airflow/.local/lib/python3.7/site-packages/airflow/example_dags/example_kubernetes_executor.py
[2024-07-14T13:55:23.193+0000] {processor.py:766} INFO - DAG(s) dict_keys(['example_kubernetes_executor']) retrieved from /home/airflow/.local/lib/python3.7/site-packages/airflow/example_dags/example_kubernetes_executor.py
[2024-07-14T13:55:23.228+0000] {logging_mixin.py:120} INFO - [2024-07-14T13:55:23.228+0000] {dag.py:2585} INFO - Sync 1 DAGs
[2024-07-14T13:55:23.249+0000] {logging_mixin.py:120} INFO - [2024-07-14T13:55:23.249+0000] {dag.py:3340} INFO - Setting next_dagrun for example_kubernetes_executor to None, run_after=None
[2024-07-14T13:55:23.270+0000] {processor.py:176} INFO - Processing /home/airflow/.local/lib/python3.7/site-packages/airflow/example_dags/example_kubernetes_executor.py took 0.107 seconds
[2024-07-14T13:55:53.538+0000] {processor.py:154} INFO - Started process (PID=2891) to work on /home/airflow/.local/lib/python3.7/site-packages/airflow/example_dags/example_kubernetes_executor.py
[2024-07-14T13:55:53.545+0000] {processor.py:756} INFO - Processing file /home/airflow/.local/lib/python3.7/site-packages/airflow/example_dags/example_kubernetes_executor.py for tasks to queue
[2024-07-14T13:55:53.545+0000] {logging_mixin.py:120} INFO - [2024-07-14T13:55:53.545+0000] {dagbag.py:537} INFO - Filling up the DagBag from /home/airflow/.local/lib/python3.7/site-packages/airflow/example_dags/example_kubernetes_executor.py
[2024-07-14T13:55:53.563+0000] {processor.py:766} INFO - DAG(s) dict_keys(['example_kubernetes_executor']) retrieved from /home/airflow/.local/lib/python3.7/site-packages/airflow/example_dags/example_kubernetes_executor.py
[2024-07-14T13:55:53.590+0000] {logging_mixin.py:120} INFO - [2024-07-14T13:55:53.590+0000] {dag.py:2585} INFO - Sync 1 DAGs
[2024-07-14T13:55:53.606+0000] {logging_mixin.py:120} INFO - [2024-07-14T13:55:53.606+0000] {dag.py:3340} INFO - Setting next_dagrun for example_kubernetes_executor to None, run_after=None
[2024-07-14T13:55:53.621+0000] {processor.py:176} INFO - Processing /home/airflow/.local/lib/python3.7/site-packages/airflow/example_dags/example_kubernetes_executor.py took 0.085 seconds
[2024-07-14T14:28:41.519+0000] {processor.py:153} INFO - Started process (PID=74) to work on /home/airflow/.local/lib/python3.7/site-packages/airflow/example_dags/example_kubernetes_executor.py
[2024-07-14T14:28:41.520+0000] {processor.py:743} INFO - Processing file /home/airflow/.local/lib/python3.7/site-packages/airflow/example_dags/example_kubernetes_executor.py for tasks to queue
[2024-07-14T14:28:41.521+0000] {logging_mixin.py:137} INFO - [2024-07-14T14:28:41.521+0000] {dagbag.py:538} INFO - Filling up the DagBag from /home/airflow/.local/lib/python3.7/site-packages/airflow/example_dags/example_kubernetes_executor.py
[2024-07-14T14:28:41.551+0000] {processor.py:753} INFO - DAG(s) dict_keys(['example_kubernetes_executor']) retrieved from /home/airflow/.local/lib/python3.7/site-packages/airflow/example_dags/example_kubernetes_executor.py
[2024-07-14T14:28:41.564+0000] {logging_mixin.py:137} INFO - [2024-07-14T14:28:41.564+0000] {dag.py:2690} INFO - Sync 1 DAGs
[2024-07-14T14:28:41.591+0000] {logging_mixin.py:137} INFO - [2024-07-14T14:28:41.591+0000] {dag.py:3441} INFO - Setting next_dagrun for example_kubernetes_executor to None, run_after=None
[2024-07-14T14:28:41.618+0000] {processor.py:175} INFO - Processing /home/airflow/.local/lib/python3.7/site-packages/airflow/example_dags/example_kubernetes_executor.py took 0.102 seconds
[2024-07-14T14:29:11.865+0000] {processor.py:153} INFO - Started process (PID=206) to work on /home/airflow/.local/lib/python3.7/site-packages/airflow/example_dags/example_kubernetes_executor.py
[2024-07-14T14:29:11.866+0000] {processor.py:743} INFO - Processing file /home/airflow/.local/lib/python3.7/site-packages/airflow/example_dags/example_kubernetes_executor.py for tasks to queue
[2024-07-14T14:29:11.866+0000] {logging_mixin.py:137} INFO - [2024-07-14T14:29:11.866+0000] {dagbag.py:538} INFO - Filling up the DagBag from /home/airflow/.local/lib/python3.7/site-packages/airflow/example_dags/example_kubernetes_executor.py
[2024-07-14T14:29:11.886+0000] {processor.py:753} INFO - DAG(s) dict_keys(['example_kubernetes_executor']) retrieved from /home/airflow/.local/lib/python3.7/site-packages/airflow/example_dags/example_kubernetes_executor.py
[2024-07-14T14:29:11.912+0000] {logging_mixin.py:137} INFO - [2024-07-14T14:29:11.912+0000] {dag.py:2690} INFO - Sync 1 DAGs
[2024-07-14T14:29:11.933+0000] {logging_mixin.py:137} INFO - [2024-07-14T14:29:11.933+0000] {dag.py:3441} INFO - Setting next_dagrun for example_kubernetes_executor to None, run_after=None
[2024-07-14T14:29:11.951+0000] {processor.py:175} INFO - Processing /home/airflow/.local/lib/python3.7/site-packages/airflow/example_dags/example_kubernetes_executor.py took 0.089 seconds
