[2024-07-14T13:33:24.321+0000] {processor.py:154} INFO - Started process (PID=82) to work on /home/airflow/.local/lib/python3.7/site-packages/airflow/example_dags/example_short_circuit_decorator.py
[2024-07-14T13:33:24.322+0000] {processor.py:756} INFO - Processing file /home/airflow/.local/lib/python3.7/site-packages/airflow/example_dags/example_short_circuit_decorator.py for tasks to queue
[2024-07-14T13:33:24.324+0000] {logging_mixin.py:120} INFO - [2024-07-14T13:33:24.324+0000] {dagbag.py:537} INFO - Filling up the DagBag from /home/airflow/.local/lib/python3.7/site-packages/airflow/example_dags/example_short_circuit_decorator.py
[2024-07-14T13:33:24.351+0000] {processor.py:766} INFO - DAG(s) dict_keys(['example_short_circuit_decorator']) retrieved from /home/airflow/.local/lib/python3.7/site-packages/airflow/example_dags/example_short_circuit_decorator.py
[2024-07-14T13:33:24.378+0000] {logging_mixin.py:120} INFO - [2024-07-14T13:33:24.378+0000] {dag.py:2585} INFO - Sync 1 DAGs
[2024-07-14T13:33:24.401+0000] {logging_mixin.py:120} INFO - [2024-07-14T13:33:24.401+0000] {dag.py:3340} INFO - Setting next_dagrun for example_short_circuit_decorator to 2024-07-13T13:33:24.401138+00:00, run_after=2024-07-14T13:33:24.401138+00:00
[2024-07-14T13:33:24.422+0000] {processor.py:176} INFO - Processing /home/airflow/.local/lib/python3.7/site-packages/airflow/example_dags/example_short_circuit_decorator.py took 0.107 seconds
[2024-07-14T13:33:55.190+0000] {processor.py:154} INFO - Started process (PID=149) to work on /home/airflow/.local/lib/python3.7/site-packages/airflow/example_dags/example_short_circuit_decorator.py
[2024-07-14T13:33:55.192+0000] {processor.py:756} INFO - Processing file /home/airflow/.local/lib/python3.7/site-packages/airflow/example_dags/example_short_circuit_decorator.py for tasks to queue
[2024-07-14T13:33:55.193+0000] {logging_mixin.py:120} INFO - [2024-07-14T13:33:55.192+0000] {dagbag.py:537} INFO - Filling up the DagBag from /home/airflow/.local/lib/python3.7/site-packages/airflow/example_dags/example_short_circuit_decorator.py
[2024-07-14T13:33:55.223+0000] {processor.py:766} INFO - DAG(s) dict_keys(['example_short_circuit_decorator']) retrieved from /home/airflow/.local/lib/python3.7/site-packages/airflow/example_dags/example_short_circuit_decorator.py
[2024-07-14T13:33:55.267+0000] {logging_mixin.py:120} INFO - [2024-07-14T13:33:55.267+0000] {dag.py:2585} INFO - Sync 1 DAGs
[2024-07-14T13:33:55.297+0000] {logging_mixin.py:120} INFO - [2024-07-14T13:33:55.297+0000] {dag.py:3340} INFO - Setting next_dagrun for example_short_circuit_decorator to 2024-07-13T13:33:55.297546+00:00, run_after=2024-07-14T13:33:55.297546+00:00
[2024-07-14T13:33:55.325+0000] {processor.py:176} INFO - Processing /home/airflow/.local/lib/python3.7/site-packages/airflow/example_dags/example_short_circuit_decorator.py took 0.138 seconds
[2024-07-14T13:34:26.049+0000] {processor.py:154} INFO - Started process (PID=207) to work on /home/airflow/.local/lib/python3.7/site-packages/airflow/example_dags/example_short_circuit_decorator.py
[2024-07-14T13:34:26.050+0000] {processor.py:756} INFO - Processing file /home/airflow/.local/lib/python3.7/site-packages/airflow/example_dags/example_short_circuit_decorator.py for tasks to queue
[2024-07-14T13:34:26.050+0000] {logging_mixin.py:120} INFO - [2024-07-14T13:34:26.050+0000] {dagbag.py:537} INFO - Filling up the DagBag from /home/airflow/.local/lib/python3.7/site-packages/airflow/example_dags/example_short_circuit_decorator.py
[2024-07-14T13:34:26.068+0000] {processor.py:766} INFO - DAG(s) dict_keys(['example_short_circuit_decorator']) retrieved from /home/airflow/.local/lib/python3.7/site-packages/airflow/example_dags/example_short_circuit_decorator.py
[2024-07-14T13:34:26.099+0000] {logging_mixin.py:120} INFO - [2024-07-14T13:34:26.099+0000] {dag.py:2585} INFO - Sync 1 DAGs
[2024-07-14T13:34:26.149+0000] {logging_mixin.py:120} INFO - [2024-07-14T13:34:26.149+0000] {dag.py:3340} INFO - Setting next_dagrun for example_short_circuit_decorator to 2024-07-13T13:34:26.148857+00:00, run_after=2024-07-14T13:34:26.148857+00:00
[2024-07-14T13:34:26.168+0000] {processor.py:176} INFO - Processing /home/airflow/.local/lib/python3.7/site-packages/airflow/example_dags/example_short_circuit_decorator.py took 0.121 seconds
[2024-07-14T13:34:57.185+0000] {processor.py:154} INFO - Started process (PID=272) to work on /home/airflow/.local/lib/python3.7/site-packages/airflow/example_dags/example_short_circuit_decorator.py
[2024-07-14T13:34:57.186+0000] {processor.py:756} INFO - Processing file /home/airflow/.local/lib/python3.7/site-packages/airflow/example_dags/example_short_circuit_decorator.py for tasks to queue
[2024-07-14T13:34:57.187+0000] {logging_mixin.py:120} INFO - [2024-07-14T13:34:57.187+0000] {dagbag.py:537} INFO - Filling up the DagBag from /home/airflow/.local/lib/python3.7/site-packages/airflow/example_dags/example_short_circuit_decorator.py
[2024-07-14T13:34:57.203+0000] {processor.py:766} INFO - DAG(s) dict_keys(['example_short_circuit_decorator']) retrieved from /home/airflow/.local/lib/python3.7/site-packages/airflow/example_dags/example_short_circuit_decorator.py
[2024-07-14T13:34:57.256+0000] {logging_mixin.py:120} INFO - [2024-07-14T13:34:57.256+0000] {dag.py:2585} INFO - Sync 1 DAGs
[2024-07-14T13:34:57.277+0000] {logging_mixin.py:120} INFO - [2024-07-14T13:34:57.277+0000] {dag.py:3340} INFO - Setting next_dagrun for example_short_circuit_decorator to 2024-07-13T13:34:57.277261+00:00, run_after=2024-07-14T13:34:57.277261+00:00
[2024-07-14T13:34:57.305+0000] {processor.py:176} INFO - Processing /home/airflow/.local/lib/python3.7/site-packages/airflow/example_dags/example_short_circuit_decorator.py took 0.121 seconds
[2024-07-14T13:35:28.315+0000] {processor.py:154} INFO - Started process (PID=337) to work on /home/airflow/.local/lib/python3.7/site-packages/airflow/example_dags/example_short_circuit_decorator.py
[2024-07-14T13:35:28.316+0000] {processor.py:756} INFO - Processing file /home/airflow/.local/lib/python3.7/site-packages/airflow/example_dags/example_short_circuit_decorator.py for tasks to queue
[2024-07-14T13:35:28.317+0000] {logging_mixin.py:120} INFO - [2024-07-14T13:35:28.317+0000] {dagbag.py:537} INFO - Filling up the DagBag from /home/airflow/.local/lib/python3.7/site-packages/airflow/example_dags/example_short_circuit_decorator.py
[2024-07-14T13:35:28.333+0000] {processor.py:766} INFO - DAG(s) dict_keys(['example_short_circuit_decorator']) retrieved from /home/airflow/.local/lib/python3.7/site-packages/airflow/example_dags/example_short_circuit_decorator.py
[2024-07-14T13:35:28.365+0000] {logging_mixin.py:120} INFO - [2024-07-14T13:35:28.365+0000] {dag.py:2585} INFO - Sync 1 DAGs
[2024-07-14T13:35:28.383+0000] {logging_mixin.py:120} INFO - [2024-07-14T13:35:28.383+0000] {dag.py:3340} INFO - Setting next_dagrun for example_short_circuit_decorator to 2024-07-13T13:35:28.383012+00:00, run_after=2024-07-14T13:35:28.383012+00:00
[2024-07-14T13:35:28.400+0000] {processor.py:176} INFO - Processing /home/airflow/.local/lib/python3.7/site-packages/airflow/example_dags/example_short_circuit_decorator.py took 0.087 seconds
[2024-07-14T13:35:58.612+0000] {processor.py:154} INFO - Started process (PID=403) to work on /home/airflow/.local/lib/python3.7/site-packages/airflow/example_dags/example_short_circuit_decorator.py
[2024-07-14T13:35:58.612+0000] {processor.py:756} INFO - Processing file /home/airflow/.local/lib/python3.7/site-packages/airflow/example_dags/example_short_circuit_decorator.py for tasks to queue
[2024-07-14T13:35:58.613+0000] {logging_mixin.py:120} INFO - [2024-07-14T13:35:58.613+0000] {dagbag.py:537} INFO - Filling up the DagBag from /home/airflow/.local/lib/python3.7/site-packages/airflow/example_dags/example_short_circuit_decorator.py
[2024-07-14T13:35:58.629+0000] {processor.py:766} INFO - DAG(s) dict_keys(['example_short_circuit_decorator']) retrieved from /home/airflow/.local/lib/python3.7/site-packages/airflow/example_dags/example_short_circuit_decorator.py
[2024-07-14T13:35:58.658+0000] {logging_mixin.py:120} INFO - [2024-07-14T13:35:58.658+0000] {dag.py:2585} INFO - Sync 1 DAGs
[2024-07-14T13:35:58.676+0000] {logging_mixin.py:120} INFO - [2024-07-14T13:35:58.676+0000] {dag.py:3340} INFO - Setting next_dagrun for example_short_circuit_decorator to 2024-07-13T13:35:58.676295+00:00, run_after=2024-07-14T13:35:58.676295+00:00
[2024-07-14T13:35:58.697+0000] {processor.py:176} INFO - Processing /home/airflow/.local/lib/python3.7/site-packages/airflow/example_dags/example_short_circuit_decorator.py took 0.087 seconds
[2024-07-14T13:36:29.057+0000] {processor.py:154} INFO - Started process (PID=460) to work on /home/airflow/.local/lib/python3.7/site-packages/airflow/example_dags/example_short_circuit_decorator.py
[2024-07-14T13:36:29.057+0000] {processor.py:756} INFO - Processing file /home/airflow/.local/lib/python3.7/site-packages/airflow/example_dags/example_short_circuit_decorator.py for tasks to queue
[2024-07-14T13:36:29.058+0000] {logging_mixin.py:120} INFO - [2024-07-14T13:36:29.058+0000] {dagbag.py:537} INFO - Filling up the DagBag from /home/airflow/.local/lib/python3.7/site-packages/airflow/example_dags/example_short_circuit_decorator.py
[2024-07-14T13:36:29.075+0000] {processor.py:766} INFO - DAG(s) dict_keys(['example_short_circuit_decorator']) retrieved from /home/airflow/.local/lib/python3.7/site-packages/airflow/example_dags/example_short_circuit_decorator.py
[2024-07-14T13:36:29.102+0000] {logging_mixin.py:120} INFO - [2024-07-14T13:36:29.102+0000] {dag.py:2585} INFO - Sync 1 DAGs
[2024-07-14T13:36:29.125+0000] {logging_mixin.py:120} INFO - [2024-07-14T13:36:29.124+0000] {dag.py:3340} INFO - Setting next_dagrun for example_short_circuit_decorator to 2024-07-13T13:36:29.124641+00:00, run_after=2024-07-14T13:36:29.124641+00:00
[2024-07-14T13:36:29.142+0000] {processor.py:176} INFO - Processing /home/airflow/.local/lib/python3.7/site-packages/airflow/example_dags/example_short_circuit_decorator.py took 0.088 seconds
[2024-07-14T13:36:59.779+0000] {processor.py:154} INFO - Started process (PID=526) to work on /home/airflow/.local/lib/python3.7/site-packages/airflow/example_dags/example_short_circuit_decorator.py
[2024-07-14T13:36:59.780+0000] {processor.py:756} INFO - Processing file /home/airflow/.local/lib/python3.7/site-packages/airflow/example_dags/example_short_circuit_decorator.py for tasks to queue
[2024-07-14T13:36:59.780+0000] {logging_mixin.py:120} INFO - [2024-07-14T13:36:59.780+0000] {dagbag.py:537} INFO - Filling up the DagBag from /home/airflow/.local/lib/python3.7/site-packages/airflow/example_dags/example_short_circuit_decorator.py
[2024-07-14T13:36:59.799+0000] {processor.py:766} INFO - DAG(s) dict_keys(['example_short_circuit_decorator']) retrieved from /home/airflow/.local/lib/python3.7/site-packages/airflow/example_dags/example_short_circuit_decorator.py
[2024-07-14T13:36:59.838+0000] {logging_mixin.py:120} INFO - [2024-07-14T13:36:59.838+0000] {dag.py:2585} INFO - Sync 1 DAGs
[2024-07-14T13:36:59.858+0000] {logging_mixin.py:120} INFO - [2024-07-14T13:36:59.858+0000] {dag.py:3340} INFO - Setting next_dagrun for example_short_circuit_decorator to 2024-07-13T13:36:59.858566+00:00, run_after=2024-07-14T13:36:59.858566+00:00
[2024-07-14T13:36:59.877+0000] {processor.py:176} INFO - Processing /home/airflow/.local/lib/python3.7/site-packages/airflow/example_dags/example_short_circuit_decorator.py took 0.100 seconds
[2024-07-14T13:37:30.374+0000] {processor.py:154} INFO - Started process (PID=592) to work on /home/airflow/.local/lib/python3.7/site-packages/airflow/example_dags/example_short_circuit_decorator.py
[2024-07-14T13:37:30.375+0000] {processor.py:756} INFO - Processing file /home/airflow/.local/lib/python3.7/site-packages/airflow/example_dags/example_short_circuit_decorator.py for tasks to queue
[2024-07-14T13:37:30.377+0000] {logging_mixin.py:120} INFO - [2024-07-14T13:37:30.377+0000] {dagbag.py:537} INFO - Filling up the DagBag from /home/airflow/.local/lib/python3.7/site-packages/airflow/example_dags/example_short_circuit_decorator.py
[2024-07-14T13:37:30.393+0000] {processor.py:766} INFO - DAG(s) dict_keys(['example_short_circuit_decorator']) retrieved from /home/airflow/.local/lib/python3.7/site-packages/airflow/example_dags/example_short_circuit_decorator.py
[2024-07-14T13:37:30.421+0000] {logging_mixin.py:120} INFO - [2024-07-14T13:37:30.421+0000] {dag.py:2585} INFO - Sync 1 DAGs
[2024-07-14T13:37:30.439+0000] {logging_mixin.py:120} INFO - [2024-07-14T13:37:30.438+0000] {dag.py:3340} INFO - Setting next_dagrun for example_short_circuit_decorator to 2024-07-13T13:37:30.438816+00:00, run_after=2024-07-14T13:37:30.438816+00:00
[2024-07-14T13:37:30.457+0000] {processor.py:176} INFO - Processing /home/airflow/.local/lib/python3.7/site-packages/airflow/example_dags/example_short_circuit_decorator.py took 0.085 seconds
[2024-07-14T13:38:01.375+0000] {processor.py:154} INFO - Started process (PID=658) to work on /home/airflow/.local/lib/python3.7/site-packages/airflow/example_dags/example_short_circuit_decorator.py
[2024-07-14T13:38:01.376+0000] {processor.py:756} INFO - Processing file /home/airflow/.local/lib/python3.7/site-packages/airflow/example_dags/example_short_circuit_decorator.py for tasks to queue
[2024-07-14T13:38:01.378+0000] {logging_mixin.py:120} INFO - [2024-07-14T13:38:01.378+0000] {dagbag.py:537} INFO - Filling up the DagBag from /home/airflow/.local/lib/python3.7/site-packages/airflow/example_dags/example_short_circuit_decorator.py
[2024-07-14T13:38:01.398+0000] {processor.py:766} INFO - DAG(s) dict_keys(['example_short_circuit_decorator']) retrieved from /home/airflow/.local/lib/python3.7/site-packages/airflow/example_dags/example_short_circuit_decorator.py
[2024-07-14T13:38:01.425+0000] {logging_mixin.py:120} INFO - [2024-07-14T13:38:01.425+0000] {dag.py:2585} INFO - Sync 1 DAGs
[2024-07-14T13:38:01.447+0000] {logging_mixin.py:120} INFO - [2024-07-14T13:38:01.447+0000] {dag.py:3340} INFO - Setting next_dagrun for example_short_circuit_decorator to 2024-07-13T13:38:01.446829+00:00, run_after=2024-07-14T13:38:01.446829+00:00
[2024-07-14T13:38:01.466+0000] {processor.py:176} INFO - Processing /home/airflow/.local/lib/python3.7/site-packages/airflow/example_dags/example_short_circuit_decorator.py took 0.093 seconds
[2024-07-14T13:38:31.898+0000] {processor.py:154} INFO - Started process (PID=722) to work on /home/airflow/.local/lib/python3.7/site-packages/airflow/example_dags/example_short_circuit_decorator.py
[2024-07-14T13:38:31.899+0000] {processor.py:756} INFO - Processing file /home/airflow/.local/lib/python3.7/site-packages/airflow/example_dags/example_short_circuit_decorator.py for tasks to queue
[2024-07-14T13:38:31.900+0000] {logging_mixin.py:120} INFO - [2024-07-14T13:38:31.900+0000] {dagbag.py:537} INFO - Filling up the DagBag from /home/airflow/.local/lib/python3.7/site-packages/airflow/example_dags/example_short_circuit_decorator.py
[2024-07-14T13:38:31.917+0000] {processor.py:766} INFO - DAG(s) dict_keys(['example_short_circuit_decorator']) retrieved from /home/airflow/.local/lib/python3.7/site-packages/airflow/example_dags/example_short_circuit_decorator.py
[2024-07-14T13:38:31.948+0000] {logging_mixin.py:120} INFO - [2024-07-14T13:38:31.948+0000] {dag.py:2585} INFO - Sync 1 DAGs
[2024-07-14T13:38:31.966+0000] {logging_mixin.py:120} INFO - [2024-07-14T13:38:31.965+0000] {dag.py:3340} INFO - Setting next_dagrun for example_short_circuit_decorator to 2024-07-13T13:38:31.965778+00:00, run_after=2024-07-14T13:38:31.965778+00:00
[2024-07-14T13:38:31.980+0000] {processor.py:176} INFO - Processing /home/airflow/.local/lib/python3.7/site-packages/airflow/example_dags/example_short_circuit_decorator.py took 0.084 seconds
[2024-07-14T13:39:02.318+0000] {processor.py:154} INFO - Started process (PID=781) to work on /home/airflow/.local/lib/python3.7/site-packages/airflow/example_dags/example_short_circuit_decorator.py
[2024-07-14T13:39:02.319+0000] {processor.py:756} INFO - Processing file /home/airflow/.local/lib/python3.7/site-packages/airflow/example_dags/example_short_circuit_decorator.py for tasks to queue
[2024-07-14T13:39:02.319+0000] {logging_mixin.py:120} INFO - [2024-07-14T13:39:02.319+0000] {dagbag.py:537} INFO - Filling up the DagBag from /home/airflow/.local/lib/python3.7/site-packages/airflow/example_dags/example_short_circuit_decorator.py
[2024-07-14T13:39:02.336+0000] {processor.py:766} INFO - DAG(s) dict_keys(['example_short_circuit_decorator']) retrieved from /home/airflow/.local/lib/python3.7/site-packages/airflow/example_dags/example_short_circuit_decorator.py
[2024-07-14T13:39:02.366+0000] {logging_mixin.py:120} INFO - [2024-07-14T13:39:02.366+0000] {dag.py:2585} INFO - Sync 1 DAGs
[2024-07-14T13:39:02.387+0000] {logging_mixin.py:120} INFO - [2024-07-14T13:39:02.387+0000] {dag.py:3340} INFO - Setting next_dagrun for example_short_circuit_decorator to 2024-07-13T13:39:02.386862+00:00, run_after=2024-07-14T13:39:02.386862+00:00
[2024-07-14T13:39:02.403+0000] {processor.py:176} INFO - Processing /home/airflow/.local/lib/python3.7/site-packages/airflow/example_dags/example_short_circuit_decorator.py took 0.087 seconds
[2024-07-14T13:39:32.871+0000] {processor.py:154} INFO - Started process (PID=845) to work on /home/airflow/.local/lib/python3.7/site-packages/airflow/example_dags/example_short_circuit_decorator.py
[2024-07-14T13:39:32.872+0000] {processor.py:756} INFO - Processing file /home/airflow/.local/lib/python3.7/site-packages/airflow/example_dags/example_short_circuit_decorator.py for tasks to queue
[2024-07-14T13:39:32.873+0000] {logging_mixin.py:120} INFO - [2024-07-14T13:39:32.873+0000] {dagbag.py:537} INFO - Filling up the DagBag from /home/airflow/.local/lib/python3.7/site-packages/airflow/example_dags/example_short_circuit_decorator.py
[2024-07-14T13:39:32.893+0000] {processor.py:766} INFO - DAG(s) dict_keys(['example_short_circuit_decorator']) retrieved from /home/airflow/.local/lib/python3.7/site-packages/airflow/example_dags/example_short_circuit_decorator.py
[2024-07-14T13:39:32.931+0000] {logging_mixin.py:120} INFO - [2024-07-14T13:39:32.931+0000] {dag.py:2585} INFO - Sync 1 DAGs
[2024-07-14T13:39:32.953+0000] {logging_mixin.py:120} INFO - [2024-07-14T13:39:32.953+0000] {dag.py:3340} INFO - Setting next_dagrun for example_short_circuit_decorator to 2024-07-13T13:39:32.952901+00:00, run_after=2024-07-14T13:39:32.952901+00:00
[2024-07-14T13:39:32.967+0000] {processor.py:176} INFO - Processing /home/airflow/.local/lib/python3.7/site-packages/airflow/example_dags/example_short_circuit_decorator.py took 0.098 seconds
[2024-07-14T13:40:03.566+0000] {processor.py:154} INFO - Started process (PID=911) to work on /home/airflow/.local/lib/python3.7/site-packages/airflow/example_dags/example_short_circuit_decorator.py
[2024-07-14T13:40:03.567+0000] {processor.py:756} INFO - Processing file /home/airflow/.local/lib/python3.7/site-packages/airflow/example_dags/example_short_circuit_decorator.py for tasks to queue
[2024-07-14T13:40:03.568+0000] {logging_mixin.py:120} INFO - [2024-07-14T13:40:03.568+0000] {dagbag.py:537} INFO - Filling up the DagBag from /home/airflow/.local/lib/python3.7/site-packages/airflow/example_dags/example_short_circuit_decorator.py
[2024-07-14T13:40:03.583+0000] {processor.py:766} INFO - DAG(s) dict_keys(['example_short_circuit_decorator']) retrieved from /home/airflow/.local/lib/python3.7/site-packages/airflow/example_dags/example_short_circuit_decorator.py
[2024-07-14T13:40:03.609+0000] {logging_mixin.py:120} INFO - [2024-07-14T13:40:03.609+0000] {dag.py:2585} INFO - Sync 1 DAGs
[2024-07-14T13:40:03.629+0000] {logging_mixin.py:120} INFO - [2024-07-14T13:40:03.628+0000] {dag.py:3340} INFO - Setting next_dagrun for example_short_circuit_decorator to 2024-07-13T13:40:03.628762+00:00, run_after=2024-07-14T13:40:03.628762+00:00
[2024-07-14T13:40:03.643+0000] {processor.py:176} INFO - Processing /home/airflow/.local/lib/python3.7/site-packages/airflow/example_dags/example_short_circuit_decorator.py took 0.079 seconds
[2024-07-14T13:40:34.345+0000] {processor.py:154} INFO - Started process (PID=977) to work on /home/airflow/.local/lib/python3.7/site-packages/airflow/example_dags/example_short_circuit_decorator.py
[2024-07-14T13:40:34.346+0000] {processor.py:756} INFO - Processing file /home/airflow/.local/lib/python3.7/site-packages/airflow/example_dags/example_short_circuit_decorator.py for tasks to queue
[2024-07-14T13:40:34.347+0000] {logging_mixin.py:120} INFO - [2024-07-14T13:40:34.347+0000] {dagbag.py:537} INFO - Filling up the DagBag from /home/airflow/.local/lib/python3.7/site-packages/airflow/example_dags/example_short_circuit_decorator.py
[2024-07-14T13:40:34.365+0000] {processor.py:766} INFO - DAG(s) dict_keys(['example_short_circuit_decorator']) retrieved from /home/airflow/.local/lib/python3.7/site-packages/airflow/example_dags/example_short_circuit_decorator.py
[2024-07-14T13:40:34.395+0000] {logging_mixin.py:120} INFO - [2024-07-14T13:40:34.395+0000] {dag.py:2585} INFO - Sync 1 DAGs
[2024-07-14T13:40:34.420+0000] {logging_mixin.py:120} INFO - [2024-07-14T13:40:34.420+0000] {dag.py:3340} INFO - Setting next_dagrun for example_short_circuit_decorator to 2024-07-13T13:40:34.418941+00:00, run_after=2024-07-14T13:40:34.418941+00:00
[2024-07-14T13:40:34.438+0000] {processor.py:176} INFO - Processing /home/airflow/.local/lib/python3.7/site-packages/airflow/example_dags/example_short_circuit_decorator.py took 0.095 seconds
[2024-07-14T13:41:04.938+0000] {processor.py:154} INFO - Started process (PID=1034) to work on /home/airflow/.local/lib/python3.7/site-packages/airflow/example_dags/example_short_circuit_decorator.py
[2024-07-14T13:41:04.939+0000] {processor.py:756} INFO - Processing file /home/airflow/.local/lib/python3.7/site-packages/airflow/example_dags/example_short_circuit_decorator.py for tasks to queue
[2024-07-14T13:41:04.940+0000] {logging_mixin.py:120} INFO - [2024-07-14T13:41:04.940+0000] {dagbag.py:537} INFO - Filling up the DagBag from /home/airflow/.local/lib/python3.7/site-packages/airflow/example_dags/example_short_circuit_decorator.py
[2024-07-14T13:41:04.963+0000] {processor.py:766} INFO - DAG(s) dict_keys(['example_short_circuit_decorator']) retrieved from /home/airflow/.local/lib/python3.7/site-packages/airflow/example_dags/example_short_circuit_decorator.py
[2024-07-14T13:41:04.996+0000] {logging_mixin.py:120} INFO - [2024-07-14T13:41:04.996+0000] {dag.py:2585} INFO - Sync 1 DAGs
[2024-07-14T13:41:05.015+0000] {logging_mixin.py:120} INFO - [2024-07-14T13:41:05.015+0000] {dag.py:3340} INFO - Setting next_dagrun for example_short_circuit_decorator to 2024-07-13T13:41:05.015507+00:00, run_after=2024-07-14T13:41:05.015507+00:00
[2024-07-14T13:41:05.032+0000] {processor.py:176} INFO - Processing /home/airflow/.local/lib/python3.7/site-packages/airflow/example_dags/example_short_circuit_decorator.py took 0.096 seconds
[2024-07-14T13:41:35.122+0000] {processor.py:154} INFO - Started process (PID=1100) to work on /home/airflow/.local/lib/python3.7/site-packages/airflow/example_dags/example_short_circuit_decorator.py
[2024-07-14T13:41:35.122+0000] {processor.py:756} INFO - Processing file /home/airflow/.local/lib/python3.7/site-packages/airflow/example_dags/example_short_circuit_decorator.py for tasks to queue
[2024-07-14T13:41:35.123+0000] {logging_mixin.py:120} INFO - [2024-07-14T13:41:35.123+0000] {dagbag.py:537} INFO - Filling up the DagBag from /home/airflow/.local/lib/python3.7/site-packages/airflow/example_dags/example_short_circuit_decorator.py
[2024-07-14T13:41:35.140+0000] {processor.py:766} INFO - DAG(s) dict_keys(['example_short_circuit_decorator']) retrieved from /home/airflow/.local/lib/python3.7/site-packages/airflow/example_dags/example_short_circuit_decorator.py
[2024-07-14T13:41:35.168+0000] {logging_mixin.py:120} INFO - [2024-07-14T13:41:35.168+0000] {dag.py:2585} INFO - Sync 1 DAGs
[2024-07-14T13:41:35.189+0000] {logging_mixin.py:120} INFO - [2024-07-14T13:41:35.189+0000] {dag.py:3340} INFO - Setting next_dagrun for example_short_circuit_decorator to 2024-07-13T13:41:35.189384+00:00, run_after=2024-07-14T13:41:35.189384+00:00
[2024-07-14T13:41:35.215+0000] {processor.py:176} INFO - Processing /home/airflow/.local/lib/python3.7/site-packages/airflow/example_dags/example_short_circuit_decorator.py took 0.095 seconds
[2024-07-14T13:42:06.047+0000] {processor.py:154} INFO - Started process (PID=1166) to work on /home/airflow/.local/lib/python3.7/site-packages/airflow/example_dags/example_short_circuit_decorator.py
[2024-07-14T13:42:06.048+0000] {processor.py:756} INFO - Processing file /home/airflow/.local/lib/python3.7/site-packages/airflow/example_dags/example_short_circuit_decorator.py for tasks to queue
[2024-07-14T13:42:06.048+0000] {logging_mixin.py:120} INFO - [2024-07-14T13:42:06.048+0000] {dagbag.py:537} INFO - Filling up the DagBag from /home/airflow/.local/lib/python3.7/site-packages/airflow/example_dags/example_short_circuit_decorator.py
[2024-07-14T13:42:06.065+0000] {processor.py:766} INFO - DAG(s) dict_keys(['example_short_circuit_decorator']) retrieved from /home/airflow/.local/lib/python3.7/site-packages/airflow/example_dags/example_short_circuit_decorator.py
[2024-07-14T13:42:06.095+0000] {logging_mixin.py:120} INFO - [2024-07-14T13:42:06.094+0000] {dag.py:2585} INFO - Sync 1 DAGs
[2024-07-14T13:42:06.114+0000] {logging_mixin.py:120} INFO - [2024-07-14T13:42:06.114+0000] {dag.py:3340} INFO - Setting next_dagrun for example_short_circuit_decorator to 2024-07-13T13:42:06.113866+00:00, run_after=2024-07-14T13:42:06.113866+00:00
[2024-07-14T13:42:06.132+0000] {processor.py:176} INFO - Processing /home/airflow/.local/lib/python3.7/site-packages/airflow/example_dags/example_short_circuit_decorator.py took 0.087 seconds
[2024-07-14T13:42:36.640+0000] {processor.py:154} INFO - Started process (PID=1232) to work on /home/airflow/.local/lib/python3.7/site-packages/airflow/example_dags/example_short_circuit_decorator.py
[2024-07-14T13:42:36.640+0000] {processor.py:756} INFO - Processing file /home/airflow/.local/lib/python3.7/site-packages/airflow/example_dags/example_short_circuit_decorator.py for tasks to queue
[2024-07-14T13:42:36.641+0000] {logging_mixin.py:120} INFO - [2024-07-14T13:42:36.641+0000] {dagbag.py:537} INFO - Filling up the DagBag from /home/airflow/.local/lib/python3.7/site-packages/airflow/example_dags/example_short_circuit_decorator.py
[2024-07-14T13:42:36.656+0000] {processor.py:766} INFO - DAG(s) dict_keys(['example_short_circuit_decorator']) retrieved from /home/airflow/.local/lib/python3.7/site-packages/airflow/example_dags/example_short_circuit_decorator.py
[2024-07-14T13:42:36.685+0000] {logging_mixin.py:120} INFO - [2024-07-14T13:42:36.685+0000] {dag.py:2585} INFO - Sync 1 DAGs
[2024-07-14T13:42:36.701+0000] {logging_mixin.py:120} INFO - [2024-07-14T13:42:36.701+0000] {dag.py:3340} INFO - Setting next_dagrun for example_short_circuit_decorator to 2024-07-13T13:42:36.701327+00:00, run_after=2024-07-14T13:42:36.701327+00:00
[2024-07-14T13:42:36.715+0000] {processor.py:176} INFO - Processing /home/airflow/.local/lib/python3.7/site-packages/airflow/example_dags/example_short_circuit_decorator.py took 0.078 seconds
[2024-07-14T13:43:07.627+0000] {processor.py:154} INFO - Started process (PID=1297) to work on /home/airflow/.local/lib/python3.7/site-packages/airflow/example_dags/example_short_circuit_decorator.py
[2024-07-14T13:43:07.628+0000] {processor.py:756} INFO - Processing file /home/airflow/.local/lib/python3.7/site-packages/airflow/example_dags/example_short_circuit_decorator.py for tasks to queue
[2024-07-14T13:43:07.629+0000] {logging_mixin.py:120} INFO - [2024-07-14T13:43:07.628+0000] {dagbag.py:537} INFO - Filling up the DagBag from /home/airflow/.local/lib/python3.7/site-packages/airflow/example_dags/example_short_circuit_decorator.py
[2024-07-14T13:43:07.644+0000] {processor.py:766} INFO - DAG(s) dict_keys(['example_short_circuit_decorator']) retrieved from /home/airflow/.local/lib/python3.7/site-packages/airflow/example_dags/example_short_circuit_decorator.py
[2024-07-14T13:43:07.682+0000] {logging_mixin.py:120} INFO - [2024-07-14T13:43:07.681+0000] {dag.py:2585} INFO - Sync 1 DAGs
[2024-07-14T13:43:07.705+0000] {logging_mixin.py:120} INFO - [2024-07-14T13:43:07.704+0000] {dag.py:3340} INFO - Setting next_dagrun for example_short_circuit_decorator to 2024-07-13T13:43:07.704501+00:00, run_after=2024-07-14T13:43:07.704501+00:00
[2024-07-14T13:43:07.727+0000] {processor.py:176} INFO - Processing /home/airflow/.local/lib/python3.7/site-packages/airflow/example_dags/example_short_circuit_decorator.py took 0.103 seconds
[2024-07-14T13:43:37.966+0000] {processor.py:154} INFO - Started process (PID=1356) to work on /home/airflow/.local/lib/python3.7/site-packages/airflow/example_dags/example_short_circuit_decorator.py
[2024-07-14T13:43:37.967+0000] {processor.py:756} INFO - Processing file /home/airflow/.local/lib/python3.7/site-packages/airflow/example_dags/example_short_circuit_decorator.py for tasks to queue
[2024-07-14T13:43:37.967+0000] {logging_mixin.py:120} INFO - [2024-07-14T13:43:37.967+0000] {dagbag.py:537} INFO - Filling up the DagBag from /home/airflow/.local/lib/python3.7/site-packages/airflow/example_dags/example_short_circuit_decorator.py
[2024-07-14T13:43:37.985+0000] {processor.py:766} INFO - DAG(s) dict_keys(['example_short_circuit_decorator']) retrieved from /home/airflow/.local/lib/python3.7/site-packages/airflow/example_dags/example_short_circuit_decorator.py
[2024-07-14T13:43:38.020+0000] {logging_mixin.py:120} INFO - [2024-07-14T13:43:38.019+0000] {dag.py:2585} INFO - Sync 1 DAGs
[2024-07-14T13:43:38.042+0000] {logging_mixin.py:120} INFO - [2024-07-14T13:43:38.042+0000] {dag.py:3340} INFO - Setting next_dagrun for example_short_circuit_decorator to 2024-07-13T13:43:38.042230+00:00, run_after=2024-07-14T13:43:38.042230+00:00
[2024-07-14T13:43:38.057+0000] {processor.py:176} INFO - Processing /home/airflow/.local/lib/python3.7/site-packages/airflow/example_dags/example_short_circuit_decorator.py took 0.094 seconds
[2024-07-14T13:44:09.075+0000] {processor.py:154} INFO - Started process (PID=1421) to work on /home/airflow/.local/lib/python3.7/site-packages/airflow/example_dags/example_short_circuit_decorator.py
[2024-07-14T13:44:09.076+0000] {processor.py:756} INFO - Processing file /home/airflow/.local/lib/python3.7/site-packages/airflow/example_dags/example_short_circuit_decorator.py for tasks to queue
[2024-07-14T13:44:09.077+0000] {logging_mixin.py:120} INFO - [2024-07-14T13:44:09.077+0000] {dagbag.py:537} INFO - Filling up the DagBag from /home/airflow/.local/lib/python3.7/site-packages/airflow/example_dags/example_short_circuit_decorator.py
[2024-07-14T13:44:09.094+0000] {processor.py:766} INFO - DAG(s) dict_keys(['example_short_circuit_decorator']) retrieved from /home/airflow/.local/lib/python3.7/site-packages/airflow/example_dags/example_short_circuit_decorator.py
[2024-07-14T13:44:09.128+0000] {logging_mixin.py:120} INFO - [2024-07-14T13:44:09.128+0000] {dag.py:2585} INFO - Sync 1 DAGs
[2024-07-14T13:44:09.148+0000] {logging_mixin.py:120} INFO - [2024-07-14T13:44:09.148+0000] {dag.py:3340} INFO - Setting next_dagrun for example_short_circuit_decorator to 2024-07-13T13:44:09.148439+00:00, run_after=2024-07-14T13:44:09.148439+00:00
[2024-07-14T13:44:09.168+0000] {processor.py:176} INFO - Processing /home/airflow/.local/lib/python3.7/site-packages/airflow/example_dags/example_short_circuit_decorator.py took 0.095 seconds
[2024-07-14T13:44:39.916+0000] {processor.py:154} INFO - Started process (PID=1486) to work on /home/airflow/.local/lib/python3.7/site-packages/airflow/example_dags/example_short_circuit_decorator.py
[2024-07-14T13:44:39.917+0000] {processor.py:756} INFO - Processing file /home/airflow/.local/lib/python3.7/site-packages/airflow/example_dags/example_short_circuit_decorator.py for tasks to queue
[2024-07-14T13:44:39.917+0000] {logging_mixin.py:120} INFO - [2024-07-14T13:44:39.917+0000] {dagbag.py:537} INFO - Filling up the DagBag from /home/airflow/.local/lib/python3.7/site-packages/airflow/example_dags/example_short_circuit_decorator.py
[2024-07-14T13:44:39.934+0000] {processor.py:766} INFO - DAG(s) dict_keys(['example_short_circuit_decorator']) retrieved from /home/airflow/.local/lib/python3.7/site-packages/airflow/example_dags/example_short_circuit_decorator.py
[2024-07-14T13:44:39.963+0000] {logging_mixin.py:120} INFO - [2024-07-14T13:44:39.963+0000] {dag.py:2585} INFO - Sync 1 DAGs
[2024-07-14T13:44:39.981+0000] {logging_mixin.py:120} INFO - [2024-07-14T13:44:39.981+0000] {dag.py:3340} INFO - Setting next_dagrun for example_short_circuit_decorator to 2024-07-13T13:44:39.980903+00:00, run_after=2024-07-14T13:44:39.980903+00:00
[2024-07-14T13:44:39.997+0000] {processor.py:176} INFO - Processing /home/airflow/.local/lib/python3.7/site-packages/airflow/example_dags/example_short_circuit_decorator.py took 0.084 seconds
[2024-07-14T13:45:10.666+0000] {processor.py:154} INFO - Started process (PID=1551) to work on /home/airflow/.local/lib/python3.7/site-packages/airflow/example_dags/example_short_circuit_decorator.py
[2024-07-14T13:45:10.667+0000] {processor.py:756} INFO - Processing file /home/airflow/.local/lib/python3.7/site-packages/airflow/example_dags/example_short_circuit_decorator.py for tasks to queue
[2024-07-14T13:45:10.667+0000] {logging_mixin.py:120} INFO - [2024-07-14T13:45:10.667+0000] {dagbag.py:537} INFO - Filling up the DagBag from /home/airflow/.local/lib/python3.7/site-packages/airflow/example_dags/example_short_circuit_decorator.py
[2024-07-14T13:45:10.685+0000] {processor.py:766} INFO - DAG(s) dict_keys(['example_short_circuit_decorator']) retrieved from /home/airflow/.local/lib/python3.7/site-packages/airflow/example_dags/example_short_circuit_decorator.py
[2024-07-14T13:45:10.717+0000] {logging_mixin.py:120} INFO - [2024-07-14T13:45:10.717+0000] {dag.py:2585} INFO - Sync 1 DAGs
[2024-07-14T13:45:10.734+0000] {logging_mixin.py:120} INFO - [2024-07-14T13:45:10.734+0000] {dag.py:3340} INFO - Setting next_dagrun for example_short_circuit_decorator to 2024-07-13T13:45:10.733936+00:00, run_after=2024-07-14T13:45:10.733936+00:00
[2024-07-14T13:45:10.747+0000] {processor.py:176} INFO - Processing /home/airflow/.local/lib/python3.7/site-packages/airflow/example_dags/example_short_circuit_decorator.py took 0.084 seconds
[2024-07-14T13:45:41.529+0000] {processor.py:154} INFO - Started process (PID=1615) to work on /home/airflow/.local/lib/python3.7/site-packages/airflow/example_dags/example_short_circuit_decorator.py
[2024-07-14T13:45:41.530+0000] {processor.py:756} INFO - Processing file /home/airflow/.local/lib/python3.7/site-packages/airflow/example_dags/example_short_circuit_decorator.py for tasks to queue
[2024-07-14T13:45:41.531+0000] {logging_mixin.py:120} INFO - [2024-07-14T13:45:41.531+0000] {dagbag.py:537} INFO - Filling up the DagBag from /home/airflow/.local/lib/python3.7/site-packages/airflow/example_dags/example_short_circuit_decorator.py
[2024-07-14T13:45:41.547+0000] {processor.py:766} INFO - DAG(s) dict_keys(['example_short_circuit_decorator']) retrieved from /home/airflow/.local/lib/python3.7/site-packages/airflow/example_dags/example_short_circuit_decorator.py
[2024-07-14T13:45:41.579+0000] {logging_mixin.py:120} INFO - [2024-07-14T13:45:41.579+0000] {dag.py:2585} INFO - Sync 1 DAGs
[2024-07-14T13:45:41.608+0000] {logging_mixin.py:120} INFO - [2024-07-14T13:45:41.607+0000] {dag.py:3340} INFO - Setting next_dagrun for example_short_circuit_decorator to 2024-07-13T13:45:41.607382+00:00, run_after=2024-07-14T13:45:41.607382+00:00
[2024-07-14T13:45:41.627+0000] {processor.py:176} INFO - Processing /home/airflow/.local/lib/python3.7/site-packages/airflow/example_dags/example_short_circuit_decorator.py took 0.100 seconds
[2024-07-14T13:46:12.497+0000] {processor.py:154} INFO - Started process (PID=1671) to work on /home/airflow/.local/lib/python3.7/site-packages/airflow/example_dags/example_short_circuit_decorator.py
[2024-07-14T13:46:12.498+0000] {processor.py:756} INFO - Processing file /home/airflow/.local/lib/python3.7/site-packages/airflow/example_dags/example_short_circuit_decorator.py for tasks to queue
[2024-07-14T13:46:12.498+0000] {logging_mixin.py:120} INFO - [2024-07-14T13:46:12.498+0000] {dagbag.py:537} INFO - Filling up the DagBag from /home/airflow/.local/lib/python3.7/site-packages/airflow/example_dags/example_short_circuit_decorator.py
[2024-07-14T13:46:12.516+0000] {processor.py:766} INFO - DAG(s) dict_keys(['example_short_circuit_decorator']) retrieved from /home/airflow/.local/lib/python3.7/site-packages/airflow/example_dags/example_short_circuit_decorator.py
[2024-07-14T13:46:12.552+0000] {logging_mixin.py:120} INFO - [2024-07-14T13:46:12.551+0000] {dag.py:2585} INFO - Sync 1 DAGs
[2024-07-14T13:46:12.570+0000] {logging_mixin.py:120} INFO - [2024-07-14T13:46:12.570+0000] {dag.py:3340} INFO - Setting next_dagrun for example_short_circuit_decorator to 2024-07-13T13:46:12.570337+00:00, run_after=2024-07-14T13:46:12.570337+00:00
[2024-07-14T13:46:12.584+0000] {processor.py:176} INFO - Processing /home/airflow/.local/lib/python3.7/site-packages/airflow/example_dags/example_short_circuit_decorator.py took 0.089 seconds
[2024-07-14T13:46:43.431+0000] {processor.py:154} INFO - Started process (PID=1737) to work on /home/airflow/.local/lib/python3.7/site-packages/airflow/example_dags/example_short_circuit_decorator.py
[2024-07-14T13:46:43.432+0000] {processor.py:756} INFO - Processing file /home/airflow/.local/lib/python3.7/site-packages/airflow/example_dags/example_short_circuit_decorator.py for tasks to queue
[2024-07-14T13:46:43.432+0000] {logging_mixin.py:120} INFO - [2024-07-14T13:46:43.432+0000] {dagbag.py:537} INFO - Filling up the DagBag from /home/airflow/.local/lib/python3.7/site-packages/airflow/example_dags/example_short_circuit_decorator.py
[2024-07-14T13:46:43.451+0000] {processor.py:766} INFO - DAG(s) dict_keys(['example_short_circuit_decorator']) retrieved from /home/airflow/.local/lib/python3.7/site-packages/airflow/example_dags/example_short_circuit_decorator.py
[2024-07-14T13:46:43.483+0000] {logging_mixin.py:120} INFO - [2024-07-14T13:46:43.483+0000] {dag.py:2585} INFO - Sync 1 DAGs
[2024-07-14T13:46:43.503+0000] {logging_mixin.py:120} INFO - [2024-07-14T13:46:43.502+0000] {dag.py:3340} INFO - Setting next_dagrun for example_short_circuit_decorator to 2024-07-13T13:46:43.502764+00:00, run_after=2024-07-14T13:46:43.502764+00:00
[2024-07-14T13:46:43.520+0000] {processor.py:176} INFO - Processing /home/airflow/.local/lib/python3.7/site-packages/airflow/example_dags/example_short_circuit_decorator.py took 0.092 seconds
[2024-07-14T13:47:14.028+0000] {processor.py:154} INFO - Started process (PID=1803) to work on /home/airflow/.local/lib/python3.7/site-packages/airflow/example_dags/example_short_circuit_decorator.py
[2024-07-14T13:47:14.029+0000] {processor.py:756} INFO - Processing file /home/airflow/.local/lib/python3.7/site-packages/airflow/example_dags/example_short_circuit_decorator.py for tasks to queue
[2024-07-14T13:47:14.029+0000] {logging_mixin.py:120} INFO - [2024-07-14T13:47:14.029+0000] {dagbag.py:537} INFO - Filling up the DagBag from /home/airflow/.local/lib/python3.7/site-packages/airflow/example_dags/example_short_circuit_decorator.py
[2024-07-14T13:47:14.045+0000] {processor.py:766} INFO - DAG(s) dict_keys(['example_short_circuit_decorator']) retrieved from /home/airflow/.local/lib/python3.7/site-packages/airflow/example_dags/example_short_circuit_decorator.py
[2024-07-14T13:47:14.070+0000] {logging_mixin.py:120} INFO - [2024-07-14T13:47:14.070+0000] {dag.py:2585} INFO - Sync 1 DAGs
[2024-07-14T13:47:14.086+0000] {logging_mixin.py:120} INFO - [2024-07-14T13:47:14.085+0000] {dag.py:3340} INFO - Setting next_dagrun for example_short_circuit_decorator to 2024-07-13T13:47:14.085666+00:00, run_after=2024-07-14T13:47:14.085666+00:00
[2024-07-14T13:47:14.104+0000] {processor.py:176} INFO - Processing /home/airflow/.local/lib/python3.7/site-packages/airflow/example_dags/example_short_circuit_decorator.py took 0.078 seconds
[2024-07-14T13:47:44.526+0000] {processor.py:154} INFO - Started process (PID=1869) to work on /home/airflow/.local/lib/python3.7/site-packages/airflow/example_dags/example_short_circuit_decorator.py
[2024-07-14T13:47:44.527+0000] {processor.py:756} INFO - Processing file /home/airflow/.local/lib/python3.7/site-packages/airflow/example_dags/example_short_circuit_decorator.py for tasks to queue
[2024-07-14T13:47:44.528+0000] {logging_mixin.py:120} INFO - [2024-07-14T13:47:44.527+0000] {dagbag.py:537} INFO - Filling up the DagBag from /home/airflow/.local/lib/python3.7/site-packages/airflow/example_dags/example_short_circuit_decorator.py
[2024-07-14T13:47:44.544+0000] {processor.py:766} INFO - DAG(s) dict_keys(['example_short_circuit_decorator']) retrieved from /home/airflow/.local/lib/python3.7/site-packages/airflow/example_dags/example_short_circuit_decorator.py
[2024-07-14T13:47:44.568+0000] {logging_mixin.py:120} INFO - [2024-07-14T13:47:44.568+0000] {dag.py:2585} INFO - Sync 1 DAGs
[2024-07-14T13:47:44.585+0000] {logging_mixin.py:120} INFO - [2024-07-14T13:47:44.585+0000] {dag.py:3340} INFO - Setting next_dagrun for example_short_circuit_decorator to 2024-07-13T13:47:44.584982+00:00, run_after=2024-07-14T13:47:44.584982+00:00
[2024-07-14T13:47:44.598+0000] {processor.py:176} INFO - Processing /home/airflow/.local/lib/python3.7/site-packages/airflow/example_dags/example_short_circuit_decorator.py took 0.074 seconds
[2024-07-14T13:48:14.766+0000] {processor.py:154} INFO - Started process (PID=1935) to work on /home/airflow/.local/lib/python3.7/site-packages/airflow/example_dags/example_short_circuit_decorator.py
[2024-07-14T13:48:14.766+0000] {processor.py:756} INFO - Processing file /home/airflow/.local/lib/python3.7/site-packages/airflow/example_dags/example_short_circuit_decorator.py for tasks to queue
[2024-07-14T13:48:14.767+0000] {logging_mixin.py:120} INFO - [2024-07-14T13:48:14.767+0000] {dagbag.py:537} INFO - Filling up the DagBag from /home/airflow/.local/lib/python3.7/site-packages/airflow/example_dags/example_short_circuit_decorator.py
[2024-07-14T13:48:14.784+0000] {processor.py:766} INFO - DAG(s) dict_keys(['example_short_circuit_decorator']) retrieved from /home/airflow/.local/lib/python3.7/site-packages/airflow/example_dags/example_short_circuit_decorator.py
[2024-07-14T13:48:14.814+0000] {logging_mixin.py:120} INFO - [2024-07-14T13:48:14.814+0000] {dag.py:2585} INFO - Sync 1 DAGs
[2024-07-14T13:48:14.832+0000] {logging_mixin.py:120} INFO - [2024-07-14T13:48:14.832+0000] {dag.py:3340} INFO - Setting next_dagrun for example_short_circuit_decorator to 2024-07-13T13:48:14.831959+00:00, run_after=2024-07-14T13:48:14.831959+00:00
[2024-07-14T13:48:14.852+0000] {processor.py:176} INFO - Processing /home/airflow/.local/lib/python3.7/site-packages/airflow/example_dags/example_short_circuit_decorator.py took 0.089 seconds
[2024-07-14T13:48:45.184+0000] {processor.py:154} INFO - Started process (PID=1990) to work on /home/airflow/.local/lib/python3.7/site-packages/airflow/example_dags/example_short_circuit_decorator.py
[2024-07-14T13:48:45.185+0000] {processor.py:756} INFO - Processing file /home/airflow/.local/lib/python3.7/site-packages/airflow/example_dags/example_short_circuit_decorator.py for tasks to queue
[2024-07-14T13:48:45.186+0000] {logging_mixin.py:120} INFO - [2024-07-14T13:48:45.186+0000] {dagbag.py:537} INFO - Filling up the DagBag from /home/airflow/.local/lib/python3.7/site-packages/airflow/example_dags/example_short_circuit_decorator.py
[2024-07-14T13:48:45.202+0000] {processor.py:766} INFO - DAG(s) dict_keys(['example_short_circuit_decorator']) retrieved from /home/airflow/.local/lib/python3.7/site-packages/airflow/example_dags/example_short_circuit_decorator.py
[2024-07-14T13:48:45.228+0000] {logging_mixin.py:120} INFO - [2024-07-14T13:48:45.228+0000] {dag.py:2585} INFO - Sync 1 DAGs
[2024-07-14T13:48:45.329+0000] {logging_mixin.py:120} INFO - [2024-07-14T13:48:45.329+0000] {dag.py:3340} INFO - Setting next_dagrun for example_short_circuit_decorator to 2024-07-13T13:48:45.329108+00:00, run_after=2024-07-14T13:48:45.329108+00:00
[2024-07-14T13:48:45.347+0000] {processor.py:176} INFO - Processing /home/airflow/.local/lib/python3.7/site-packages/airflow/example_dags/example_short_circuit_decorator.py took 0.166 seconds
[2024-07-14T13:49:16.291+0000] {processor.py:154} INFO - Started process (PID=2058) to work on /home/airflow/.local/lib/python3.7/site-packages/airflow/example_dags/example_short_circuit_decorator.py
[2024-07-14T13:49:16.292+0000] {processor.py:756} INFO - Processing file /home/airflow/.local/lib/python3.7/site-packages/airflow/example_dags/example_short_circuit_decorator.py for tasks to queue
[2024-07-14T13:49:16.292+0000] {logging_mixin.py:120} INFO - [2024-07-14T13:49:16.292+0000] {dagbag.py:537} INFO - Filling up the DagBag from /home/airflow/.local/lib/python3.7/site-packages/airflow/example_dags/example_short_circuit_decorator.py
[2024-07-14T13:49:16.309+0000] {processor.py:766} INFO - DAG(s) dict_keys(['example_short_circuit_decorator']) retrieved from /home/airflow/.local/lib/python3.7/site-packages/airflow/example_dags/example_short_circuit_decorator.py
[2024-07-14T13:49:16.337+0000] {logging_mixin.py:120} INFO - [2024-07-14T13:49:16.337+0000] {dag.py:2585} INFO - Sync 1 DAGs
[2024-07-14T13:49:16.355+0000] {logging_mixin.py:120} INFO - [2024-07-14T13:49:16.355+0000] {dag.py:3340} INFO - Setting next_dagrun for example_short_circuit_decorator to 2024-07-13T13:49:16.355128+00:00, run_after=2024-07-14T13:49:16.355128+00:00
[2024-07-14T13:49:16.369+0000] {processor.py:176} INFO - Processing /home/airflow/.local/lib/python3.7/site-packages/airflow/example_dags/example_short_circuit_decorator.py took 0.081 seconds
[2024-07-14T13:49:47.074+0000] {processor.py:154} INFO - Started process (PID=2124) to work on /home/airflow/.local/lib/python3.7/site-packages/airflow/example_dags/example_short_circuit_decorator.py
[2024-07-14T13:49:47.075+0000] {processor.py:756} INFO - Processing file /home/airflow/.local/lib/python3.7/site-packages/airflow/example_dags/example_short_circuit_decorator.py for tasks to queue
[2024-07-14T13:49:47.075+0000] {logging_mixin.py:120} INFO - [2024-07-14T13:49:47.075+0000] {dagbag.py:537} INFO - Filling up the DagBag from /home/airflow/.local/lib/python3.7/site-packages/airflow/example_dags/example_short_circuit_decorator.py
[2024-07-14T13:49:47.098+0000] {processor.py:766} INFO - DAG(s) dict_keys(['example_short_circuit_decorator']) retrieved from /home/airflow/.local/lib/python3.7/site-packages/airflow/example_dags/example_short_circuit_decorator.py
[2024-07-14T13:49:47.131+0000] {logging_mixin.py:120} INFO - [2024-07-14T13:49:47.131+0000] {dag.py:2585} INFO - Sync 1 DAGs
[2024-07-14T13:49:47.157+0000] {logging_mixin.py:120} INFO - [2024-07-14T13:49:47.156+0000] {dag.py:3340} INFO - Setting next_dagrun for example_short_circuit_decorator to 2024-07-13T13:49:47.156688+00:00, run_after=2024-07-14T13:49:47.156688+00:00
[2024-07-14T13:49:47.172+0000] {processor.py:176} INFO - Processing /home/airflow/.local/lib/python3.7/site-packages/airflow/example_dags/example_short_circuit_decorator.py took 0.101 seconds
[2024-07-14T13:50:17.798+0000] {processor.py:154} INFO - Started process (PID=2190) to work on /home/airflow/.local/lib/python3.7/site-packages/airflow/example_dags/example_short_circuit_decorator.py
[2024-07-14T13:50:17.800+0000] {processor.py:756} INFO - Processing file /home/airflow/.local/lib/python3.7/site-packages/airflow/example_dags/example_short_circuit_decorator.py for tasks to queue
[2024-07-14T13:50:17.800+0000] {logging_mixin.py:120} INFO - [2024-07-14T13:50:17.800+0000] {dagbag.py:537} INFO - Filling up the DagBag from /home/airflow/.local/lib/python3.7/site-packages/airflow/example_dags/example_short_circuit_decorator.py
[2024-07-14T13:50:17.816+0000] {processor.py:766} INFO - DAG(s) dict_keys(['example_short_circuit_decorator']) retrieved from /home/airflow/.local/lib/python3.7/site-packages/airflow/example_dags/example_short_circuit_decorator.py
[2024-07-14T13:50:17.853+0000] {logging_mixin.py:120} INFO - [2024-07-14T13:50:17.852+0000] {dag.py:2585} INFO - Sync 1 DAGs
[2024-07-14T13:50:17.871+0000] {logging_mixin.py:120} INFO - [2024-07-14T13:50:17.871+0000] {dag.py:3340} INFO - Setting next_dagrun for example_short_circuit_decorator to 2024-07-13T13:50:17.871111+00:00, run_after=2024-07-14T13:50:17.871111+00:00
[2024-07-14T13:50:17.887+0000] {processor.py:176} INFO - Processing /home/airflow/.local/lib/python3.7/site-packages/airflow/example_dags/example_short_circuit_decorator.py took 0.090 seconds
[2024-07-14T13:50:48.729+0000] {processor.py:154} INFO - Started process (PID=2256) to work on /home/airflow/.local/lib/python3.7/site-packages/airflow/example_dags/example_short_circuit_decorator.py
[2024-07-14T13:50:48.729+0000] {processor.py:756} INFO - Processing file /home/airflow/.local/lib/python3.7/site-packages/airflow/example_dags/example_short_circuit_decorator.py for tasks to queue
[2024-07-14T13:50:48.730+0000] {logging_mixin.py:120} INFO - [2024-07-14T13:50:48.730+0000] {dagbag.py:537} INFO - Filling up the DagBag from /home/airflow/.local/lib/python3.7/site-packages/airflow/example_dags/example_short_circuit_decorator.py
[2024-07-14T13:50:48.746+0000] {processor.py:766} INFO - DAG(s) dict_keys(['example_short_circuit_decorator']) retrieved from /home/airflow/.local/lib/python3.7/site-packages/airflow/example_dags/example_short_circuit_decorator.py
[2024-07-14T13:50:48.776+0000] {logging_mixin.py:120} INFO - [2024-07-14T13:50:48.776+0000] {dag.py:2585} INFO - Sync 1 DAGs
[2024-07-14T13:50:48.793+0000] {logging_mixin.py:120} INFO - [2024-07-14T13:50:48.792+0000] {dag.py:3340} INFO - Setting next_dagrun for example_short_circuit_decorator to 2024-07-13T13:50:48.792745+00:00, run_after=2024-07-14T13:50:48.792745+00:00
[2024-07-14T13:50:48.807+0000] {processor.py:176} INFO - Processing /home/airflow/.local/lib/python3.7/site-packages/airflow/example_dags/example_short_circuit_decorator.py took 0.080 seconds
[2024-07-14T13:51:19.048+0000] {processor.py:154} INFO - Started process (PID=2312) to work on /home/airflow/.local/lib/python3.7/site-packages/airflow/example_dags/example_short_circuit_decorator.py
[2024-07-14T13:51:19.049+0000] {processor.py:756} INFO - Processing file /home/airflow/.local/lib/python3.7/site-packages/airflow/example_dags/example_short_circuit_decorator.py for tasks to queue
[2024-07-14T13:51:19.050+0000] {logging_mixin.py:120} INFO - [2024-07-14T13:51:19.049+0000] {dagbag.py:537} INFO - Filling up the DagBag from /home/airflow/.local/lib/python3.7/site-packages/airflow/example_dags/example_short_circuit_decorator.py
[2024-07-14T13:51:19.067+0000] {processor.py:766} INFO - DAG(s) dict_keys(['example_short_circuit_decorator']) retrieved from /home/airflow/.local/lib/python3.7/site-packages/airflow/example_dags/example_short_circuit_decorator.py
[2024-07-14T13:51:19.097+0000] {logging_mixin.py:120} INFO - [2024-07-14T13:51:19.097+0000] {dag.py:2585} INFO - Sync 1 DAGs
[2024-07-14T13:51:19.115+0000] {logging_mixin.py:120} INFO - [2024-07-14T13:51:19.115+0000] {dag.py:3340} INFO - Setting next_dagrun for example_short_circuit_decorator to 2024-07-13T13:51:19.115165+00:00, run_after=2024-07-14T13:51:19.115165+00:00
[2024-07-14T13:51:19.142+0000] {processor.py:176} INFO - Processing /home/airflow/.local/lib/python3.7/site-packages/airflow/example_dags/example_short_circuit_decorator.py took 0.096 seconds
[2024-07-14T13:51:49.513+0000] {processor.py:154} INFO - Started process (PID=2377) to work on /home/airflow/.local/lib/python3.7/site-packages/airflow/example_dags/example_short_circuit_decorator.py
[2024-07-14T13:51:49.514+0000] {processor.py:756} INFO - Processing file /home/airflow/.local/lib/python3.7/site-packages/airflow/example_dags/example_short_circuit_decorator.py for tasks to queue
[2024-07-14T13:51:49.514+0000] {logging_mixin.py:120} INFO - [2024-07-14T13:51:49.514+0000] {dagbag.py:537} INFO - Filling up the DagBag from /home/airflow/.local/lib/python3.7/site-packages/airflow/example_dags/example_short_circuit_decorator.py
[2024-07-14T13:51:49.537+0000] {processor.py:766} INFO - DAG(s) dict_keys(['example_short_circuit_decorator']) retrieved from /home/airflow/.local/lib/python3.7/site-packages/airflow/example_dags/example_short_circuit_decorator.py
[2024-07-14T13:51:49.565+0000] {logging_mixin.py:120} INFO - [2024-07-14T13:51:49.565+0000] {dag.py:2585} INFO - Sync 1 DAGs
[2024-07-14T13:51:49.585+0000] {logging_mixin.py:120} INFO - [2024-07-14T13:51:49.585+0000] {dag.py:3340} INFO - Setting next_dagrun for example_short_circuit_decorator to 2024-07-13T13:51:49.585630+00:00, run_after=2024-07-14T13:51:49.585630+00:00
[2024-07-14T13:51:49.603+0000] {processor.py:176} INFO - Processing /home/airflow/.local/lib/python3.7/site-packages/airflow/example_dags/example_short_circuit_decorator.py took 0.092 seconds
[2024-07-14T13:52:19.788+0000] {processor.py:154} INFO - Started process (PID=2443) to work on /home/airflow/.local/lib/python3.7/site-packages/airflow/example_dags/example_short_circuit_decorator.py
[2024-07-14T13:52:19.788+0000] {processor.py:756} INFO - Processing file /home/airflow/.local/lib/python3.7/site-packages/airflow/example_dags/example_short_circuit_decorator.py for tasks to queue
[2024-07-14T13:52:19.789+0000] {logging_mixin.py:120} INFO - [2024-07-14T13:52:19.789+0000] {dagbag.py:537} INFO - Filling up the DagBag from /home/airflow/.local/lib/python3.7/site-packages/airflow/example_dags/example_short_circuit_decorator.py
[2024-07-14T13:52:19.804+0000] {processor.py:766} INFO - DAG(s) dict_keys(['example_short_circuit_decorator']) retrieved from /home/airflow/.local/lib/python3.7/site-packages/airflow/example_dags/example_short_circuit_decorator.py
[2024-07-14T13:52:19.832+0000] {logging_mixin.py:120} INFO - [2024-07-14T13:52:19.832+0000] {dag.py:2585} INFO - Sync 1 DAGs
[2024-07-14T13:52:19.848+0000] {logging_mixin.py:120} INFO - [2024-07-14T13:52:19.848+0000] {dag.py:3340} INFO - Setting next_dagrun for example_short_circuit_decorator to 2024-07-13T13:52:19.848427+00:00, run_after=2024-07-14T13:52:19.848427+00:00
[2024-07-14T13:52:19.862+0000] {processor.py:176} INFO - Processing /home/airflow/.local/lib/python3.7/site-packages/airflow/example_dags/example_short_circuit_decorator.py took 0.076 seconds
[2024-07-14T13:52:50.123+0000] {processor.py:154} INFO - Started process (PID=2509) to work on /home/airflow/.local/lib/python3.7/site-packages/airflow/example_dags/example_short_circuit_decorator.py
[2024-07-14T13:52:50.124+0000] {processor.py:756} INFO - Processing file /home/airflow/.local/lib/python3.7/site-packages/airflow/example_dags/example_short_circuit_decorator.py for tasks to queue
[2024-07-14T13:52:50.124+0000] {logging_mixin.py:120} INFO - [2024-07-14T13:52:50.124+0000] {dagbag.py:537} INFO - Filling up the DagBag from /home/airflow/.local/lib/python3.7/site-packages/airflow/example_dags/example_short_circuit_decorator.py
[2024-07-14T13:52:50.141+0000] {processor.py:766} INFO - DAG(s) dict_keys(['example_short_circuit_decorator']) retrieved from /home/airflow/.local/lib/python3.7/site-packages/airflow/example_dags/example_short_circuit_decorator.py
[2024-07-14T13:52:50.167+0000] {logging_mixin.py:120} INFO - [2024-07-14T13:52:50.167+0000] {dag.py:2585} INFO - Sync 1 DAGs
[2024-07-14T13:52:50.184+0000] {logging_mixin.py:120} INFO - [2024-07-14T13:52:50.183+0000] {dag.py:3340} INFO - Setting next_dagrun for example_short_circuit_decorator to 2024-07-13T13:52:50.183705+00:00, run_after=2024-07-14T13:52:50.183705+00:00
[2024-07-14T13:52:50.199+0000] {processor.py:176} INFO - Processing /home/airflow/.local/lib/python3.7/site-packages/airflow/example_dags/example_short_circuit_decorator.py took 0.081 seconds
[2024-07-14T13:53:20.309+0000] {processor.py:154} INFO - Started process (PID=2566) to work on /home/airflow/.local/lib/python3.7/site-packages/airflow/example_dags/example_short_circuit_decorator.py
[2024-07-14T13:53:20.310+0000] {processor.py:756} INFO - Processing file /home/airflow/.local/lib/python3.7/site-packages/airflow/example_dags/example_short_circuit_decorator.py for tasks to queue
[2024-07-14T13:53:20.312+0000] {logging_mixin.py:120} INFO - [2024-07-14T13:53:20.312+0000] {dagbag.py:537} INFO - Filling up the DagBag from /home/airflow/.local/lib/python3.7/site-packages/airflow/example_dags/example_short_circuit_decorator.py
[2024-07-14T13:53:20.339+0000] {processor.py:766} INFO - DAG(s) dict_keys(['example_short_circuit_decorator']) retrieved from /home/airflow/.local/lib/python3.7/site-packages/airflow/example_dags/example_short_circuit_decorator.py
[2024-07-14T13:53:20.371+0000] {logging_mixin.py:120} INFO - [2024-07-14T13:53:20.371+0000] {dag.py:2585} INFO - Sync 1 DAGs
[2024-07-14T13:53:20.392+0000] {logging_mixin.py:120} INFO - [2024-07-14T13:53:20.392+0000] {dag.py:3340} INFO - Setting next_dagrun for example_short_circuit_decorator to 2024-07-13T13:53:20.392228+00:00, run_after=2024-07-14T13:53:20.392228+00:00
[2024-07-14T13:53:20.410+0000] {processor.py:176} INFO - Processing /home/airflow/.local/lib/python3.7/site-packages/airflow/example_dags/example_short_circuit_decorator.py took 0.104 seconds
[2024-07-14T13:53:50.484+0000] {processor.py:154} INFO - Started process (PID=2631) to work on /home/airflow/.local/lib/python3.7/site-packages/airflow/example_dags/example_short_circuit_decorator.py
[2024-07-14T13:53:50.485+0000] {processor.py:756} INFO - Processing file /home/airflow/.local/lib/python3.7/site-packages/airflow/example_dags/example_short_circuit_decorator.py for tasks to queue
[2024-07-14T13:53:50.485+0000] {logging_mixin.py:120} INFO - [2024-07-14T13:53:50.485+0000] {dagbag.py:537} INFO - Filling up the DagBag from /home/airflow/.local/lib/python3.7/site-packages/airflow/example_dags/example_short_circuit_decorator.py
[2024-07-14T13:53:50.502+0000] {processor.py:766} INFO - DAG(s) dict_keys(['example_short_circuit_decorator']) retrieved from /home/airflow/.local/lib/python3.7/site-packages/airflow/example_dags/example_short_circuit_decorator.py
[2024-07-14T13:53:50.534+0000] {logging_mixin.py:120} INFO - [2024-07-14T13:53:50.534+0000] {dag.py:2585} INFO - Sync 1 DAGs
[2024-07-14T13:53:50.553+0000] {logging_mixin.py:120} INFO - [2024-07-14T13:53:50.553+0000] {dag.py:3340} INFO - Setting next_dagrun for example_short_circuit_decorator to 2024-07-13T13:53:50.553061+00:00, run_after=2024-07-14T13:53:50.553061+00:00
[2024-07-14T13:53:50.569+0000] {processor.py:176} INFO - Processing /home/airflow/.local/lib/python3.7/site-packages/airflow/example_dags/example_short_circuit_decorator.py took 0.089 seconds
[2024-07-14T13:54:20.714+0000] {processor.py:154} INFO - Started process (PID=2696) to work on /home/airflow/.local/lib/python3.7/site-packages/airflow/example_dags/example_short_circuit_decorator.py
[2024-07-14T13:54:20.715+0000] {processor.py:756} INFO - Processing file /home/airflow/.local/lib/python3.7/site-packages/airflow/example_dags/example_short_circuit_decorator.py for tasks to queue
[2024-07-14T13:54:20.715+0000] {logging_mixin.py:120} INFO - [2024-07-14T13:54:20.715+0000] {dagbag.py:537} INFO - Filling up the DagBag from /home/airflow/.local/lib/python3.7/site-packages/airflow/example_dags/example_short_circuit_decorator.py
[2024-07-14T13:54:20.733+0000] {processor.py:766} INFO - DAG(s) dict_keys(['example_short_circuit_decorator']) retrieved from /home/airflow/.local/lib/python3.7/site-packages/airflow/example_dags/example_short_circuit_decorator.py
[2024-07-14T13:54:20.766+0000] {logging_mixin.py:120} INFO - [2024-07-14T13:54:20.766+0000] {dag.py:2585} INFO - Sync 1 DAGs
[2024-07-14T13:54:20.783+0000] {logging_mixin.py:120} INFO - [2024-07-14T13:54:20.783+0000] {dag.py:3340} INFO - Setting next_dagrun for example_short_circuit_decorator to 2024-07-13T13:54:20.783604+00:00, run_after=2024-07-14T13:54:20.783604+00:00
[2024-07-14T13:54:20.807+0000] {processor.py:176} INFO - Processing /home/airflow/.local/lib/python3.7/site-packages/airflow/example_dags/example_short_circuit_decorator.py took 0.096 seconds
[2024-07-14T13:54:51.130+0000] {processor.py:154} INFO - Started process (PID=2762) to work on /home/airflow/.local/lib/python3.7/site-packages/airflow/example_dags/example_short_circuit_decorator.py
[2024-07-14T13:54:51.130+0000] {processor.py:756} INFO - Processing file /home/airflow/.local/lib/python3.7/site-packages/airflow/example_dags/example_short_circuit_decorator.py for tasks to queue
[2024-07-14T13:54:51.131+0000] {logging_mixin.py:120} INFO - [2024-07-14T13:54:51.131+0000] {dagbag.py:537} INFO - Filling up the DagBag from /home/airflow/.local/lib/python3.7/site-packages/airflow/example_dags/example_short_circuit_decorator.py
[2024-07-14T13:54:51.152+0000] {processor.py:766} INFO - DAG(s) dict_keys(['example_short_circuit_decorator']) retrieved from /home/airflow/.local/lib/python3.7/site-packages/airflow/example_dags/example_short_circuit_decorator.py
[2024-07-14T13:54:51.196+0000] {logging_mixin.py:120} INFO - [2024-07-14T13:54:51.196+0000] {dag.py:2585} INFO - Sync 1 DAGs
[2024-07-14T13:54:51.226+0000] {logging_mixin.py:120} INFO - [2024-07-14T13:54:51.225+0000] {dag.py:3340} INFO - Setting next_dagrun for example_short_circuit_decorator to 2024-07-13T13:54:51.225823+00:00, run_after=2024-07-14T13:54:51.225823+00:00
[2024-07-14T13:54:51.278+0000] {processor.py:176} INFO - Processing /home/airflow/.local/lib/python3.7/site-packages/airflow/example_dags/example_short_circuit_decorator.py took 0.150 seconds
[2024-07-14T13:55:21.440+0000] {processor.py:154} INFO - Started process (PID=2819) to work on /home/airflow/.local/lib/python3.7/site-packages/airflow/example_dags/example_short_circuit_decorator.py
[2024-07-14T13:55:21.441+0000] {processor.py:756} INFO - Processing file /home/airflow/.local/lib/python3.7/site-packages/airflow/example_dags/example_short_circuit_decorator.py for tasks to queue
[2024-07-14T13:55:21.442+0000] {logging_mixin.py:120} INFO - [2024-07-14T13:55:21.442+0000] {dagbag.py:537} INFO - Filling up the DagBag from /home/airflow/.local/lib/python3.7/site-packages/airflow/example_dags/example_short_circuit_decorator.py
[2024-07-14T13:55:21.465+0000] {processor.py:766} INFO - DAG(s) dict_keys(['example_short_circuit_decorator']) retrieved from /home/airflow/.local/lib/python3.7/site-packages/airflow/example_dags/example_short_circuit_decorator.py
[2024-07-14T13:55:21.494+0000] {logging_mixin.py:120} INFO - [2024-07-14T13:55:21.494+0000] {dag.py:2585} INFO - Sync 1 DAGs
[2024-07-14T13:55:21.510+0000] {logging_mixin.py:120} INFO - [2024-07-14T13:55:21.510+0000] {dag.py:3340} INFO - Setting next_dagrun for example_short_circuit_decorator to 2024-07-13T13:55:21.510417+00:00, run_after=2024-07-14T13:55:21.510417+00:00
[2024-07-14T13:55:21.529+0000] {processor.py:176} INFO - Processing /home/airflow/.local/lib/python3.7/site-packages/airflow/example_dags/example_short_circuit_decorator.py took 0.092 seconds
[2024-07-14T13:55:52.242+0000] {processor.py:154} INFO - Started process (PID=2886) to work on /home/airflow/.local/lib/python3.7/site-packages/airflow/example_dags/example_short_circuit_decorator.py
[2024-07-14T13:55:52.243+0000] {processor.py:756} INFO - Processing file /home/airflow/.local/lib/python3.7/site-packages/airflow/example_dags/example_short_circuit_decorator.py for tasks to queue
[2024-07-14T13:55:52.252+0000] {logging_mixin.py:120} INFO - [2024-07-14T13:55:52.252+0000] {dagbag.py:537} INFO - Filling up the DagBag from /home/airflow/.local/lib/python3.7/site-packages/airflow/example_dags/example_short_circuit_decorator.py
[2024-07-14T13:55:52.268+0000] {processor.py:766} INFO - DAG(s) dict_keys(['example_short_circuit_decorator']) retrieved from /home/airflow/.local/lib/python3.7/site-packages/airflow/example_dags/example_short_circuit_decorator.py
[2024-07-14T13:55:52.295+0000] {logging_mixin.py:120} INFO - [2024-07-14T13:55:52.295+0000] {dag.py:2585} INFO - Sync 1 DAGs
[2024-07-14T13:55:52.316+0000] {logging_mixin.py:120} INFO - [2024-07-14T13:55:52.316+0000] {dag.py:3340} INFO - Setting next_dagrun for example_short_circuit_decorator to 2024-07-13T13:55:52.316274+00:00, run_after=2024-07-14T13:55:52.316274+00:00
[2024-07-14T13:55:52.332+0000] {processor.py:176} INFO - Processing /home/airflow/.local/lib/python3.7/site-packages/airflow/example_dags/example_short_circuit_decorator.py took 0.092 seconds
[2024-07-14T14:28:41.223+0000] {processor.py:153} INFO - Started process (PID=69) to work on /home/airflow/.local/lib/python3.7/site-packages/airflow/example_dags/example_short_circuit_decorator.py
[2024-07-14T14:28:41.224+0000] {processor.py:743} INFO - Processing file /home/airflow/.local/lib/python3.7/site-packages/airflow/example_dags/example_short_circuit_decorator.py for tasks to queue
[2024-07-14T14:28:41.225+0000] {logging_mixin.py:137} INFO - [2024-07-14T14:28:41.225+0000] {dagbag.py:538} INFO - Filling up the DagBag from /home/airflow/.local/lib/python3.7/site-packages/airflow/example_dags/example_short_circuit_decorator.py
[2024-07-14T14:28:41.249+0000] {processor.py:753} INFO - DAG(s) dict_keys(['example_short_circuit_decorator']) retrieved from /home/airflow/.local/lib/python3.7/site-packages/airflow/example_dags/example_short_circuit_decorator.py
[2024-07-14T14:28:41.263+0000] {logging_mixin.py:137} INFO - [2024-07-14T14:28:41.263+0000] {dag.py:2690} INFO - Sync 1 DAGs
[2024-07-14T14:28:41.288+0000] {logging_mixin.py:137} INFO - [2024-07-14T14:28:41.288+0000] {dag.py:3441} INFO - Setting next_dagrun for example_short_circuit_decorator to 2024-07-13T14:28:41.287808+00:00, run_after=2024-07-14T14:28:41.287808+00:00
[2024-07-14T14:28:41.306+0000] {processor.py:175} INFO - Processing /home/airflow/.local/lib/python3.7/site-packages/airflow/example_dags/example_short_circuit_decorator.py took 0.086 seconds
[2024-07-14T14:29:11.633+0000] {processor.py:153} INFO - Started process (PID=201) to work on /home/airflow/.local/lib/python3.7/site-packages/airflow/example_dags/example_short_circuit_decorator.py
[2024-07-14T14:29:11.634+0000] {processor.py:743} INFO - Processing file /home/airflow/.local/lib/python3.7/site-packages/airflow/example_dags/example_short_circuit_decorator.py for tasks to queue
[2024-07-14T14:29:11.636+0000] {logging_mixin.py:137} INFO - [2024-07-14T14:29:11.635+0000] {dagbag.py:538} INFO - Filling up the DagBag from /home/airflow/.local/lib/python3.7/site-packages/airflow/example_dags/example_short_circuit_decorator.py
[2024-07-14T14:29:11.652+0000] {processor.py:753} INFO - DAG(s) dict_keys(['example_short_circuit_decorator']) retrieved from /home/airflow/.local/lib/python3.7/site-packages/airflow/example_dags/example_short_circuit_decorator.py
[2024-07-14T14:29:11.670+0000] {logging_mixin.py:137} INFO - [2024-07-14T14:29:11.670+0000] {dag.py:2690} INFO - Sync 1 DAGs
[2024-07-14T14:29:11.687+0000] {logging_mixin.py:137} INFO - [2024-07-14T14:29:11.687+0000] {dag.py:3441} INFO - Setting next_dagrun for example_short_circuit_decorator to 2024-07-13T14:29:11.687226+00:00, run_after=2024-07-14T14:29:11.687226+00:00
[2024-07-14T14:29:11.708+0000] {processor.py:175} INFO - Processing /home/airflow/.local/lib/python3.7/site-packages/airflow/example_dags/example_short_circuit_decorator.py took 0.077 seconds
