[2024-07-14T13:33:22.342+0000] {processor.py:154} INFO - Started process (PID=78) to work on /home/airflow/.local/lib/python3.7/site-packages/airflow/example_dags/example_external_task_marker_dag.py
[2024-07-14T13:33:22.343+0000] {processor.py:756} INFO - Processing file /home/airflow/.local/lib/python3.7/site-packages/airflow/example_dags/example_external_task_marker_dag.py for tasks to queue
[2024-07-14T13:33:22.345+0000] {logging_mixin.py:120} INFO - [2024-07-14T13:33:22.344+0000] {dagbag.py:537} INFO - Filling up the DagBag from /home/airflow/.local/lib/python3.7/site-packages/airflow/example_dags/example_external_task_marker_dag.py
[2024-07-14T13:33:22.365+0000] {processor.py:766} INFO - DAG(s) dict_keys(['example_external_task_marker_child', 'example_external_task_marker_parent']) retrieved from /home/airflow/.local/lib/python3.7/site-packages/airflow/example_dags/example_external_task_marker_dag.py
[2024-07-14T13:33:22.713+0000] {logging_mixin.py:120} INFO - [2024-07-14T13:33:22.713+0000] {dag.py:2585} INFO - Sync 2 DAGs
[2024-07-14T13:33:22.747+0000] {logging_mixin.py:120} INFO - [2024-07-14T13:33:22.747+0000] {dag.py:3340} INFO - Setting next_dagrun for example_external_task_marker_child to None, run_after=None
[2024-07-14T13:33:22.751+0000] {logging_mixin.py:120} INFO - [2024-07-14T13:33:22.751+0000] {dag.py:3340} INFO - Setting next_dagrun for example_external_task_marker_parent to None, run_after=None
[2024-07-14T13:33:24.022+0000] {logging_mixin.py:120} INFO - [2024-07-14T13:33:24.021+0000] {dag.py:2585} INFO - Sync 2 DAGs
[2024-07-14T13:33:24.258+0000] {logging_mixin.py:120} INFO - [2024-07-14T13:33:24.258+0000] {dag.py:3340} INFO - Setting next_dagrun for example_external_task_marker_child to None, run_after=None
[2024-07-14T13:33:24.260+0000] {logging_mixin.py:120} INFO - [2024-07-14T13:33:24.260+0000] {dag.py:3340} INFO - Setting next_dagrun for example_external_task_marker_parent to None, run_after=None
[2024-07-14T13:33:24.280+0000] {processor.py:176} INFO - Processing /home/airflow/.local/lib/python3.7/site-packages/airflow/example_dags/example_external_task_marker_dag.py took 1.940 seconds
[2024-07-14T13:33:54.942+0000] {processor.py:154} INFO - Started process (PID=147) to work on /home/airflow/.local/lib/python3.7/site-packages/airflow/example_dags/example_external_task_marker_dag.py
[2024-07-14T13:33:54.944+0000] {processor.py:756} INFO - Processing file /home/airflow/.local/lib/python3.7/site-packages/airflow/example_dags/example_external_task_marker_dag.py for tasks to queue
[2024-07-14T13:33:54.946+0000] {logging_mixin.py:120} INFO - [2024-07-14T13:33:54.945+0000] {dagbag.py:537} INFO - Filling up the DagBag from /home/airflow/.local/lib/python3.7/site-packages/airflow/example_dags/example_external_task_marker_dag.py
[2024-07-14T13:33:54.968+0000] {processor.py:766} INFO - DAG(s) dict_keys(['example_external_task_marker_parent', 'example_external_task_marker_child']) retrieved from /home/airflow/.local/lib/python3.7/site-packages/airflow/example_dags/example_external_task_marker_dag.py
[2024-07-14T13:33:55.212+0000] {logging_mixin.py:120} INFO - [2024-07-14T13:33:55.212+0000] {dag.py:2585} INFO - Sync 2 DAGs
[2024-07-14T13:33:55.242+0000] {logging_mixin.py:120} INFO - [2024-07-14T13:33:55.242+0000] {dag.py:3340} INFO - Setting next_dagrun for example_external_task_marker_child to None, run_after=None
[2024-07-14T13:33:55.248+0000] {logging_mixin.py:120} INFO - [2024-07-14T13:33:55.248+0000] {dag.py:3340} INFO - Setting next_dagrun for example_external_task_marker_parent to None, run_after=None
[2024-07-14T13:33:55.269+0000] {processor.py:176} INFO - Processing /home/airflow/.local/lib/python3.7/site-packages/airflow/example_dags/example_external_task_marker_dag.py took 0.330 seconds
[2024-07-14T13:34:25.672+0000] {processor.py:154} INFO - Started process (PID=205) to work on /home/airflow/.local/lib/python3.7/site-packages/airflow/example_dags/example_external_task_marker_dag.py
[2024-07-14T13:34:25.677+0000] {processor.py:756} INFO - Processing file /home/airflow/.local/lib/python3.7/site-packages/airflow/example_dags/example_external_task_marker_dag.py for tasks to queue
[2024-07-14T13:34:25.678+0000] {logging_mixin.py:120} INFO - [2024-07-14T13:34:25.678+0000] {dagbag.py:537} INFO - Filling up the DagBag from /home/airflow/.local/lib/python3.7/site-packages/airflow/example_dags/example_external_task_marker_dag.py
[2024-07-14T13:34:25.693+0000] {processor.py:766} INFO - DAG(s) dict_keys(['example_external_task_marker_child', 'example_external_task_marker_parent']) retrieved from /home/airflow/.local/lib/python3.7/site-packages/airflow/example_dags/example_external_task_marker_dag.py
[2024-07-14T13:34:26.017+0000] {logging_mixin.py:120} INFO - [2024-07-14T13:34:26.017+0000] {dag.py:2585} INFO - Sync 2 DAGs
[2024-07-14T13:34:26.049+0000] {logging_mixin.py:120} INFO - [2024-07-14T13:34:26.049+0000] {dag.py:3340} INFO - Setting next_dagrun for example_external_task_marker_child to None, run_after=None
[2024-07-14T13:34:26.051+0000] {logging_mixin.py:120} INFO - [2024-07-14T13:34:26.051+0000] {dag.py:3340} INFO - Setting next_dagrun for example_external_task_marker_parent to None, run_after=None
[2024-07-14T13:34:26.069+0000] {processor.py:176} INFO - Processing /home/airflow/.local/lib/python3.7/site-packages/airflow/example_dags/example_external_task_marker_dag.py took 0.399 seconds
[2024-07-14T13:34:56.958+0000] {processor.py:154} INFO - Started process (PID=270) to work on /home/airflow/.local/lib/python3.7/site-packages/airflow/example_dags/example_external_task_marker_dag.py
[2024-07-14T13:34:56.960+0000] {processor.py:756} INFO - Processing file /home/airflow/.local/lib/python3.7/site-packages/airflow/example_dags/example_external_task_marker_dag.py for tasks to queue
[2024-07-14T13:34:56.961+0000] {logging_mixin.py:120} INFO - [2024-07-14T13:34:56.961+0000] {dagbag.py:537} INFO - Filling up the DagBag from /home/airflow/.local/lib/python3.7/site-packages/airflow/example_dags/example_external_task_marker_dag.py
[2024-07-14T13:34:56.971+0000] {processor.py:766} INFO - DAG(s) dict_keys(['example_external_task_marker_parent', 'example_external_task_marker_child']) retrieved from /home/airflow/.local/lib/python3.7/site-packages/airflow/example_dags/example_external_task_marker_dag.py
[2024-07-14T13:34:57.268+0000] {logging_mixin.py:120} INFO - [2024-07-14T13:34:57.268+0000] {dag.py:2585} INFO - Sync 2 DAGs
[2024-07-14T13:34:57.290+0000] {logging_mixin.py:120} INFO - [2024-07-14T13:34:57.290+0000] {dag.py:3340} INFO - Setting next_dagrun for example_external_task_marker_child to None, run_after=None
[2024-07-14T13:34:57.295+0000] {logging_mixin.py:120} INFO - [2024-07-14T13:34:57.295+0000] {dag.py:3340} INFO - Setting next_dagrun for example_external_task_marker_parent to None, run_after=None
[2024-07-14T13:34:57.311+0000] {processor.py:176} INFO - Processing /home/airflow/.local/lib/python3.7/site-packages/airflow/example_dags/example_external_task_marker_dag.py took 0.355 seconds
[2024-07-14T13:35:27.951+0000] {processor.py:154} INFO - Started process (PID=335) to work on /home/airflow/.local/lib/python3.7/site-packages/airflow/example_dags/example_external_task_marker_dag.py
[2024-07-14T13:35:27.954+0000] {processor.py:756} INFO - Processing file /home/airflow/.local/lib/python3.7/site-packages/airflow/example_dags/example_external_task_marker_dag.py for tasks to queue
[2024-07-14T13:35:27.956+0000] {logging_mixin.py:120} INFO - [2024-07-14T13:35:27.955+0000] {dagbag.py:537} INFO - Filling up the DagBag from /home/airflow/.local/lib/python3.7/site-packages/airflow/example_dags/example_external_task_marker_dag.py
[2024-07-14T13:35:27.974+0000] {processor.py:766} INFO - DAG(s) dict_keys(['example_external_task_marker_parent', 'example_external_task_marker_child']) retrieved from /home/airflow/.local/lib/python3.7/site-packages/airflow/example_dags/example_external_task_marker_dag.py
[2024-07-14T13:35:28.299+0000] {logging_mixin.py:120} INFO - [2024-07-14T13:35:28.299+0000] {dag.py:2585} INFO - Sync 2 DAGs
[2024-07-14T13:35:28.320+0000] {logging_mixin.py:120} INFO - [2024-07-14T13:35:28.319+0000] {dag.py:3340} INFO - Setting next_dagrun for example_external_task_marker_child to None, run_after=None
[2024-07-14T13:35:28.322+0000] {logging_mixin.py:120} INFO - [2024-07-14T13:35:28.322+0000] {dag.py:3340} INFO - Setting next_dagrun for example_external_task_marker_parent to None, run_after=None
[2024-07-14T13:35:28.336+0000] {processor.py:176} INFO - Processing /home/airflow/.local/lib/python3.7/site-packages/airflow/example_dags/example_external_task_marker_dag.py took 0.386 seconds
[2024-07-14T13:35:58.425+0000] {processor.py:154} INFO - Started process (PID=401) to work on /home/airflow/.local/lib/python3.7/site-packages/airflow/example_dags/example_external_task_marker_dag.py
[2024-07-14T13:35:58.426+0000] {processor.py:756} INFO - Processing file /home/airflow/.local/lib/python3.7/site-packages/airflow/example_dags/example_external_task_marker_dag.py for tasks to queue
[2024-07-14T13:35:58.427+0000] {logging_mixin.py:120} INFO - [2024-07-14T13:35:58.426+0000] {dagbag.py:537} INFO - Filling up the DagBag from /home/airflow/.local/lib/python3.7/site-packages/airflow/example_dags/example_external_task_marker_dag.py
[2024-07-14T13:35:58.441+0000] {processor.py:766} INFO - DAG(s) dict_keys(['example_external_task_marker_parent', 'example_external_task_marker_child']) retrieved from /home/airflow/.local/lib/python3.7/site-packages/airflow/example_dags/example_external_task_marker_dag.py
[2024-07-14T13:35:58.598+0000] {logging_mixin.py:120} INFO - [2024-07-14T13:35:58.598+0000] {dag.py:2585} INFO - Sync 2 DAGs
[2024-07-14T13:35:58.616+0000] {logging_mixin.py:120} INFO - [2024-07-14T13:35:58.616+0000] {dag.py:3340} INFO - Setting next_dagrun for example_external_task_marker_child to None, run_after=None
[2024-07-14T13:35:58.619+0000] {logging_mixin.py:120} INFO - [2024-07-14T13:35:58.619+0000] {dag.py:3340} INFO - Setting next_dagrun for example_external_task_marker_parent to None, run_after=None
[2024-07-14T13:35:58.634+0000] {processor.py:176} INFO - Processing /home/airflow/.local/lib/python3.7/site-packages/airflow/example_dags/example_external_task_marker_dag.py took 0.212 seconds
[2024-07-14T13:36:28.902+0000] {processor.py:154} INFO - Started process (PID=458) to work on /home/airflow/.local/lib/python3.7/site-packages/airflow/example_dags/example_external_task_marker_dag.py
[2024-07-14T13:36:28.904+0000] {processor.py:756} INFO - Processing file /home/airflow/.local/lib/python3.7/site-packages/airflow/example_dags/example_external_task_marker_dag.py for tasks to queue
[2024-07-14T13:36:28.904+0000] {logging_mixin.py:120} INFO - [2024-07-14T13:36:28.904+0000] {dagbag.py:537} INFO - Filling up the DagBag from /home/airflow/.local/lib/python3.7/site-packages/airflow/example_dags/example_external_task_marker_dag.py
[2024-07-14T13:36:28.916+0000] {processor.py:766} INFO - DAG(s) dict_keys(['example_external_task_marker_child', 'example_external_task_marker_parent']) retrieved from /home/airflow/.local/lib/python3.7/site-packages/airflow/example_dags/example_external_task_marker_dag.py
[2024-07-14T13:36:29.077+0000] {logging_mixin.py:120} INFO - [2024-07-14T13:36:29.077+0000] {dag.py:2585} INFO - Sync 2 DAGs
[2024-07-14T13:36:29.095+0000] {logging_mixin.py:120} INFO - [2024-07-14T13:36:29.095+0000] {dag.py:3340} INFO - Setting next_dagrun for example_external_task_marker_child to None, run_after=None
[2024-07-14T13:36:29.098+0000] {logging_mixin.py:120} INFO - [2024-07-14T13:36:29.098+0000] {dag.py:3340} INFO - Setting next_dagrun for example_external_task_marker_parent to None, run_after=None
[2024-07-14T13:36:29.126+0000] {processor.py:176} INFO - Processing /home/airflow/.local/lib/python3.7/site-packages/airflow/example_dags/example_external_task_marker_dag.py took 0.226 seconds
[2024-07-14T13:36:59.641+0000] {processor.py:154} INFO - Started process (PID=524) to work on /home/airflow/.local/lib/python3.7/site-packages/airflow/example_dags/example_external_task_marker_dag.py
[2024-07-14T13:36:59.642+0000] {processor.py:756} INFO - Processing file /home/airflow/.local/lib/python3.7/site-packages/airflow/example_dags/example_external_task_marker_dag.py for tasks to queue
[2024-07-14T13:36:59.643+0000] {logging_mixin.py:120} INFO - [2024-07-14T13:36:59.643+0000] {dagbag.py:537} INFO - Filling up the DagBag from /home/airflow/.local/lib/python3.7/site-packages/airflow/example_dags/example_external_task_marker_dag.py
[2024-07-14T13:36:59.658+0000] {processor.py:766} INFO - DAG(s) dict_keys(['example_external_task_marker_child', 'example_external_task_marker_parent']) retrieved from /home/airflow/.local/lib/python3.7/site-packages/airflow/example_dags/example_external_task_marker_dag.py
[2024-07-14T13:36:59.818+0000] {logging_mixin.py:120} INFO - [2024-07-14T13:36:59.818+0000] {dag.py:2585} INFO - Sync 2 DAGs
[2024-07-14T13:36:59.839+0000] {logging_mixin.py:120} INFO - [2024-07-14T13:36:59.839+0000] {dag.py:3340} INFO - Setting next_dagrun for example_external_task_marker_child to None, run_after=None
[2024-07-14T13:36:59.842+0000] {logging_mixin.py:120} INFO - [2024-07-14T13:36:59.841+0000] {dag.py:3340} INFO - Setting next_dagrun for example_external_task_marker_parent to None, run_after=None
[2024-07-14T13:36:59.860+0000] {processor.py:176} INFO - Processing /home/airflow/.local/lib/python3.7/site-packages/airflow/example_dags/example_external_task_marker_dag.py took 0.221 seconds
[2024-07-14T13:37:30.180+0000] {processor.py:154} INFO - Started process (PID=590) to work on /home/airflow/.local/lib/python3.7/site-packages/airflow/example_dags/example_external_task_marker_dag.py
[2024-07-14T13:37:30.185+0000] {processor.py:756} INFO - Processing file /home/airflow/.local/lib/python3.7/site-packages/airflow/example_dags/example_external_task_marker_dag.py for tasks to queue
[2024-07-14T13:37:30.185+0000] {logging_mixin.py:120} INFO - [2024-07-14T13:37:30.185+0000] {dagbag.py:537} INFO - Filling up the DagBag from /home/airflow/.local/lib/python3.7/site-packages/airflow/example_dags/example_external_task_marker_dag.py
[2024-07-14T13:37:30.195+0000] {processor.py:766} INFO - DAG(s) dict_keys(['example_external_task_marker_child', 'example_external_task_marker_parent']) retrieved from /home/airflow/.local/lib/python3.7/site-packages/airflow/example_dags/example_external_task_marker_dag.py
[2024-07-14T13:37:30.339+0000] {logging_mixin.py:120} INFO - [2024-07-14T13:37:30.339+0000] {dag.py:2585} INFO - Sync 2 DAGs
[2024-07-14T13:37:30.357+0000] {logging_mixin.py:120} INFO - [2024-07-14T13:37:30.356+0000] {dag.py:3340} INFO - Setting next_dagrun for example_external_task_marker_child to None, run_after=None
[2024-07-14T13:37:30.359+0000] {logging_mixin.py:120} INFO - [2024-07-14T13:37:30.359+0000] {dag.py:3340} INFO - Setting next_dagrun for example_external_task_marker_parent to None, run_after=None
[2024-07-14T13:37:30.374+0000] {processor.py:176} INFO - Processing /home/airflow/.local/lib/python3.7/site-packages/airflow/example_dags/example_external_task_marker_dag.py took 0.196 seconds
[2024-07-14T13:38:01.203+0000] {processor.py:154} INFO - Started process (PID=656) to work on /home/airflow/.local/lib/python3.7/site-packages/airflow/example_dags/example_external_task_marker_dag.py
[2024-07-14T13:38:01.204+0000] {processor.py:756} INFO - Processing file /home/airflow/.local/lib/python3.7/site-packages/airflow/example_dags/example_external_task_marker_dag.py for tasks to queue
[2024-07-14T13:38:01.206+0000] {logging_mixin.py:120} INFO - [2024-07-14T13:38:01.206+0000] {dagbag.py:537} INFO - Filling up the DagBag from /home/airflow/.local/lib/python3.7/site-packages/airflow/example_dags/example_external_task_marker_dag.py
[2024-07-14T13:38:01.214+0000] {processor.py:766} INFO - DAG(s) dict_keys(['example_external_task_marker_child', 'example_external_task_marker_parent']) retrieved from /home/airflow/.local/lib/python3.7/site-packages/airflow/example_dags/example_external_task_marker_dag.py
[2024-07-14T13:38:01.389+0000] {logging_mixin.py:120} INFO - [2024-07-14T13:38:01.389+0000] {dag.py:2585} INFO - Sync 2 DAGs
[2024-07-14T13:38:01.407+0000] {logging_mixin.py:120} INFO - [2024-07-14T13:38:01.407+0000] {dag.py:3340} INFO - Setting next_dagrun for example_external_task_marker_child to None, run_after=None
[2024-07-14T13:38:01.410+0000] {logging_mixin.py:120} INFO - [2024-07-14T13:38:01.410+0000] {dag.py:3340} INFO - Setting next_dagrun for example_external_task_marker_parent to None, run_after=None
[2024-07-14T13:38:01.423+0000] {processor.py:176} INFO - Processing /home/airflow/.local/lib/python3.7/site-packages/airflow/example_dags/example_external_task_marker_dag.py took 0.222 seconds
[2024-07-14T13:38:31.723+0000] {processor.py:154} INFO - Started process (PID=713) to work on /home/airflow/.local/lib/python3.7/site-packages/airflow/example_dags/example_external_task_marker_dag.py
[2024-07-14T13:38:31.724+0000] {processor.py:756} INFO - Processing file /home/airflow/.local/lib/python3.7/site-packages/airflow/example_dags/example_external_task_marker_dag.py for tasks to queue
[2024-07-14T13:38:31.725+0000] {logging_mixin.py:120} INFO - [2024-07-14T13:38:31.725+0000] {dagbag.py:537} INFO - Filling up the DagBag from /home/airflow/.local/lib/python3.7/site-packages/airflow/example_dags/example_external_task_marker_dag.py
[2024-07-14T13:38:31.745+0000] {processor.py:766} INFO - DAG(s) dict_keys(['example_external_task_marker_child', 'example_external_task_marker_parent']) retrieved from /home/airflow/.local/lib/python3.7/site-packages/airflow/example_dags/example_external_task_marker_dag.py
[2024-07-14T13:38:31.913+0000] {logging_mixin.py:120} INFO - [2024-07-14T13:38:31.913+0000] {dag.py:2585} INFO - Sync 2 DAGs
[2024-07-14T13:38:31.930+0000] {logging_mixin.py:120} INFO - [2024-07-14T13:38:31.930+0000] {dag.py:3340} INFO - Setting next_dagrun for example_external_task_marker_child to None, run_after=None
[2024-07-14T13:38:31.933+0000] {logging_mixin.py:120} INFO - [2024-07-14T13:38:31.933+0000] {dag.py:3340} INFO - Setting next_dagrun for example_external_task_marker_parent to None, run_after=None
[2024-07-14T13:38:31.946+0000] {processor.py:176} INFO - Processing /home/airflow/.local/lib/python3.7/site-packages/airflow/example_dags/example_external_task_marker_dag.py took 0.225 seconds
[2024-07-14T13:39:02.183+0000] {processor.py:154} INFO - Started process (PID=779) to work on /home/airflow/.local/lib/python3.7/site-packages/airflow/example_dags/example_external_task_marker_dag.py
[2024-07-14T13:39:02.184+0000] {processor.py:756} INFO - Processing file /home/airflow/.local/lib/python3.7/site-packages/airflow/example_dags/example_external_task_marker_dag.py for tasks to queue
[2024-07-14T13:39:02.185+0000] {logging_mixin.py:120} INFO - [2024-07-14T13:39:02.185+0000] {dagbag.py:537} INFO - Filling up the DagBag from /home/airflow/.local/lib/python3.7/site-packages/airflow/example_dags/example_external_task_marker_dag.py
[2024-07-14T13:39:02.195+0000] {processor.py:766} INFO - DAG(s) dict_keys(['example_external_task_marker_child', 'example_external_task_marker_parent']) retrieved from /home/airflow/.local/lib/python3.7/site-packages/airflow/example_dags/example_external_task_marker_dag.py
[2024-07-14T13:39:02.334+0000] {logging_mixin.py:120} INFO - [2024-07-14T13:39:02.334+0000] {dag.py:2585} INFO - Sync 2 DAGs
[2024-07-14T13:39:02.351+0000] {logging_mixin.py:120} INFO - [2024-07-14T13:39:02.351+0000] {dag.py:3340} INFO - Setting next_dagrun for example_external_task_marker_child to None, run_after=None
[2024-07-14T13:39:02.354+0000] {logging_mixin.py:120} INFO - [2024-07-14T13:39:02.354+0000] {dag.py:3340} INFO - Setting next_dagrun for example_external_task_marker_parent to None, run_after=None
[2024-07-14T13:39:02.368+0000] {processor.py:176} INFO - Processing /home/airflow/.local/lib/python3.7/site-packages/airflow/example_dags/example_external_task_marker_dag.py took 0.187 seconds
[2024-07-14T13:39:32.678+0000] {processor.py:154} INFO - Started process (PID=843) to work on /home/airflow/.local/lib/python3.7/site-packages/airflow/example_dags/example_external_task_marker_dag.py
[2024-07-14T13:39:32.705+0000] {processor.py:756} INFO - Processing file /home/airflow/.local/lib/python3.7/site-packages/airflow/example_dags/example_external_task_marker_dag.py for tasks to queue
[2024-07-14T13:39:32.707+0000] {logging_mixin.py:120} INFO - [2024-07-14T13:39:32.706+0000] {dagbag.py:537} INFO - Filling up the DagBag from /home/airflow/.local/lib/python3.7/site-packages/airflow/example_dags/example_external_task_marker_dag.py
[2024-07-14T13:39:32.716+0000] {processor.py:766} INFO - DAG(s) dict_keys(['example_external_task_marker_child', 'example_external_task_marker_parent']) retrieved from /home/airflow/.local/lib/python3.7/site-packages/airflow/example_dags/example_external_task_marker_dag.py
[2024-07-14T13:39:32.884+0000] {logging_mixin.py:120} INFO - [2024-07-14T13:39:32.884+0000] {dag.py:2585} INFO - Sync 2 DAGs
[2024-07-14T13:39:32.902+0000] {logging_mixin.py:120} INFO - [2024-07-14T13:39:32.902+0000] {dag.py:3340} INFO - Setting next_dagrun for example_external_task_marker_child to None, run_after=None
[2024-07-14T13:39:32.907+0000] {logging_mixin.py:120} INFO - [2024-07-14T13:39:32.907+0000] {dag.py:3340} INFO - Setting next_dagrun for example_external_task_marker_parent to None, run_after=None
[2024-07-14T13:39:32.926+0000] {processor.py:176} INFO - Processing /home/airflow/.local/lib/python3.7/site-packages/airflow/example_dags/example_external_task_marker_dag.py took 0.253 seconds
[2024-07-14T13:40:03.423+0000] {processor.py:154} INFO - Started process (PID=909) to work on /home/airflow/.local/lib/python3.7/site-packages/airflow/example_dags/example_external_task_marker_dag.py
[2024-07-14T13:40:03.424+0000] {processor.py:756} INFO - Processing file /home/airflow/.local/lib/python3.7/site-packages/airflow/example_dags/example_external_task_marker_dag.py for tasks to queue
[2024-07-14T13:40:03.425+0000] {logging_mixin.py:120} INFO - [2024-07-14T13:40:03.425+0000] {dagbag.py:537} INFO - Filling up the DagBag from /home/airflow/.local/lib/python3.7/site-packages/airflow/example_dags/example_external_task_marker_dag.py
[2024-07-14T13:40:03.435+0000] {processor.py:766} INFO - DAG(s) dict_keys(['example_external_task_marker_child', 'example_external_task_marker_parent']) retrieved from /home/airflow/.local/lib/python3.7/site-packages/airflow/example_dags/example_external_task_marker_dag.py
[2024-07-14T13:40:03.598+0000] {logging_mixin.py:120} INFO - [2024-07-14T13:40:03.597+0000] {dag.py:2585} INFO - Sync 2 DAGs
[2024-07-14T13:40:03.614+0000] {logging_mixin.py:120} INFO - [2024-07-14T13:40:03.614+0000] {dag.py:3340} INFO - Setting next_dagrun for example_external_task_marker_child to None, run_after=None
[2024-07-14T13:40:03.617+0000] {logging_mixin.py:120} INFO - [2024-07-14T13:40:03.617+0000] {dag.py:3340} INFO - Setting next_dagrun for example_external_task_marker_parent to None, run_after=None
[2024-07-14T13:40:03.633+0000] {processor.py:176} INFO - Processing /home/airflow/.local/lib/python3.7/site-packages/airflow/example_dags/example_external_task_marker_dag.py took 0.212 seconds
[2024-07-14T13:40:34.201+0000] {processor.py:154} INFO - Started process (PID=975) to work on /home/airflow/.local/lib/python3.7/site-packages/airflow/example_dags/example_external_task_marker_dag.py
[2024-07-14T13:40:34.203+0000] {processor.py:756} INFO - Processing file /home/airflow/.local/lib/python3.7/site-packages/airflow/example_dags/example_external_task_marker_dag.py for tasks to queue
[2024-07-14T13:40:34.207+0000] {logging_mixin.py:120} INFO - [2024-07-14T13:40:34.207+0000] {dagbag.py:537} INFO - Filling up the DagBag from /home/airflow/.local/lib/python3.7/site-packages/airflow/example_dags/example_external_task_marker_dag.py
[2024-07-14T13:40:34.218+0000] {processor.py:766} INFO - DAG(s) dict_keys(['example_external_task_marker_child', 'example_external_task_marker_parent']) retrieved from /home/airflow/.local/lib/python3.7/site-packages/airflow/example_dags/example_external_task_marker_dag.py
[2024-07-14T13:40:34.374+0000] {logging_mixin.py:120} INFO - [2024-07-14T13:40:34.374+0000] {dag.py:2585} INFO - Sync 2 DAGs
[2024-07-14T13:40:34.392+0000] {logging_mixin.py:120} INFO - [2024-07-14T13:40:34.392+0000] {dag.py:3340} INFO - Setting next_dagrun for example_external_task_marker_child to None, run_after=None
[2024-07-14T13:40:34.394+0000] {logging_mixin.py:120} INFO - [2024-07-14T13:40:34.394+0000] {dag.py:3340} INFO - Setting next_dagrun for example_external_task_marker_parent to None, run_after=None
[2024-07-14T13:40:34.418+0000] {processor.py:176} INFO - Processing /home/airflow/.local/lib/python3.7/site-packages/airflow/example_dags/example_external_task_marker_dag.py took 0.219 seconds
[2024-07-14T13:41:04.768+0000] {processor.py:154} INFO - Started process (PID=1032) to work on /home/airflow/.local/lib/python3.7/site-packages/airflow/example_dags/example_external_task_marker_dag.py
[2024-07-14T13:41:04.769+0000] {processor.py:756} INFO - Processing file /home/airflow/.local/lib/python3.7/site-packages/airflow/example_dags/example_external_task_marker_dag.py for tasks to queue
[2024-07-14T13:41:04.770+0000] {logging_mixin.py:120} INFO - [2024-07-14T13:41:04.770+0000] {dagbag.py:537} INFO - Filling up the DagBag from /home/airflow/.local/lib/python3.7/site-packages/airflow/example_dags/example_external_task_marker_dag.py
[2024-07-14T13:41:04.779+0000] {processor.py:766} INFO - DAG(s) dict_keys(['example_external_task_marker_parent', 'example_external_task_marker_child']) retrieved from /home/airflow/.local/lib/python3.7/site-packages/airflow/example_dags/example_external_task_marker_dag.py
[2024-07-14T13:41:04.943+0000] {logging_mixin.py:120} INFO - [2024-07-14T13:41:04.943+0000] {dag.py:2585} INFO - Sync 2 DAGs
[2024-07-14T13:41:04.970+0000] {logging_mixin.py:120} INFO - [2024-07-14T13:41:04.969+0000] {dag.py:3340} INFO - Setting next_dagrun for example_external_task_marker_child to None, run_after=None
[2024-07-14T13:41:04.978+0000] {logging_mixin.py:120} INFO - [2024-07-14T13:41:04.978+0000] {dag.py:3340} INFO - Setting next_dagrun for example_external_task_marker_parent to None, run_after=None
[2024-07-14T13:41:04.996+0000] {processor.py:176} INFO - Processing /home/airflow/.local/lib/python3.7/site-packages/airflow/example_dags/example_external_task_marker_dag.py took 0.230 seconds
[2024-07-14T13:41:35.122+0000] {processor.py:154} INFO - Started process (PID=1099) to work on /home/airflow/.local/lib/python3.7/site-packages/airflow/example_dags/example_external_task_marker_dag.py
[2024-07-14T13:41:35.122+0000] {processor.py:756} INFO - Processing file /home/airflow/.local/lib/python3.7/site-packages/airflow/example_dags/example_external_task_marker_dag.py for tasks to queue
[2024-07-14T13:41:35.123+0000] {logging_mixin.py:120} INFO - [2024-07-14T13:41:35.123+0000] {dagbag.py:537} INFO - Filling up the DagBag from /home/airflow/.local/lib/python3.7/site-packages/airflow/example_dags/example_external_task_marker_dag.py
[2024-07-14T13:41:35.132+0000] {processor.py:766} INFO - DAG(s) dict_keys(['example_external_task_marker_parent', 'example_external_task_marker_child']) retrieved from /home/airflow/.local/lib/python3.7/site-packages/airflow/example_dags/example_external_task_marker_dag.py
[2024-07-14T13:41:35.267+0000] {logging_mixin.py:120} INFO - [2024-07-14T13:41:35.267+0000] {dag.py:2585} INFO - Sync 2 DAGs
[2024-07-14T13:41:35.286+0000] {logging_mixin.py:120} INFO - [2024-07-14T13:41:35.285+0000] {dag.py:3340} INFO - Setting next_dagrun for example_external_task_marker_child to None, run_after=None
[2024-07-14T13:41:35.288+0000] {logging_mixin.py:120} INFO - [2024-07-14T13:41:35.288+0000] {dag.py:3340} INFO - Setting next_dagrun for example_external_task_marker_parent to None, run_after=None
[2024-07-14T13:41:35.304+0000] {processor.py:176} INFO - Processing /home/airflow/.local/lib/python3.7/site-packages/airflow/example_dags/example_external_task_marker_dag.py took 0.185 seconds
[2024-07-14T13:42:05.677+0000] {processor.py:154} INFO - Started process (PID=1163) to work on /home/airflow/.local/lib/python3.7/site-packages/airflow/example_dags/example_external_task_marker_dag.py
[2024-07-14T13:42:05.678+0000] {processor.py:756} INFO - Processing file /home/airflow/.local/lib/python3.7/site-packages/airflow/example_dags/example_external_task_marker_dag.py for tasks to queue
[2024-07-14T13:42:05.679+0000] {logging_mixin.py:120} INFO - [2024-07-14T13:42:05.678+0000] {dagbag.py:537} INFO - Filling up the DagBag from /home/airflow/.local/lib/python3.7/site-packages/airflow/example_dags/example_external_task_marker_dag.py
[2024-07-14T13:42:05.692+0000] {processor.py:766} INFO - DAG(s) dict_keys(['example_external_task_marker_parent', 'example_external_task_marker_child']) retrieved from /home/airflow/.local/lib/python3.7/site-packages/airflow/example_dags/example_external_task_marker_dag.py
[2024-07-14T13:42:05.856+0000] {logging_mixin.py:120} INFO - [2024-07-14T13:42:05.856+0000] {dag.py:2585} INFO - Sync 2 DAGs
[2024-07-14T13:42:05.874+0000] {logging_mixin.py:120} INFO - [2024-07-14T13:42:05.874+0000] {dag.py:3340} INFO - Setting next_dagrun for example_external_task_marker_child to None, run_after=None
[2024-07-14T13:42:05.877+0000] {logging_mixin.py:120} INFO - [2024-07-14T13:42:05.877+0000] {dag.py:3340} INFO - Setting next_dagrun for example_external_task_marker_parent to None, run_after=None
[2024-07-14T13:42:05.890+0000] {processor.py:176} INFO - Processing /home/airflow/.local/lib/python3.7/site-packages/airflow/example_dags/example_external_task_marker_dag.py took 0.217 seconds
[2024-07-14T13:42:36.261+0000] {processor.py:154} INFO - Started process (PID=1229) to work on /home/airflow/.local/lib/python3.7/site-packages/airflow/example_dags/example_external_task_marker_dag.py
[2024-07-14T13:42:36.263+0000] {processor.py:756} INFO - Processing file /home/airflow/.local/lib/python3.7/site-packages/airflow/example_dags/example_external_task_marker_dag.py for tasks to queue
[2024-07-14T13:42:36.263+0000] {logging_mixin.py:120} INFO - [2024-07-14T13:42:36.263+0000] {dagbag.py:537} INFO - Filling up the DagBag from /home/airflow/.local/lib/python3.7/site-packages/airflow/example_dags/example_external_task_marker_dag.py
[2024-07-14T13:42:36.278+0000] {processor.py:766} INFO - DAG(s) dict_keys(['example_external_task_marker_child', 'example_external_task_marker_parent']) retrieved from /home/airflow/.local/lib/python3.7/site-packages/airflow/example_dags/example_external_task_marker_dag.py
[2024-07-14T13:42:36.437+0000] {logging_mixin.py:120} INFO - [2024-07-14T13:42:36.436+0000] {dag.py:2585} INFO - Sync 2 DAGs
[2024-07-14T13:42:36.455+0000] {logging_mixin.py:120} INFO - [2024-07-14T13:42:36.455+0000] {dag.py:3340} INFO - Setting next_dagrun for example_external_task_marker_child to None, run_after=None
[2024-07-14T13:42:36.457+0000] {logging_mixin.py:120} INFO - [2024-07-14T13:42:36.457+0000] {dag.py:3340} INFO - Setting next_dagrun for example_external_task_marker_parent to None, run_after=None
[2024-07-14T13:42:36.472+0000] {processor.py:176} INFO - Processing /home/airflow/.local/lib/python3.7/site-packages/airflow/example_dags/example_external_task_marker_dag.py took 0.218 seconds
[2024-07-14T13:43:07.158+0000] {processor.py:154} INFO - Started process (PID=1286) to work on /home/airflow/.local/lib/python3.7/site-packages/airflow/example_dags/example_external_task_marker_dag.py
[2024-07-14T13:43:07.160+0000] {processor.py:756} INFO - Processing file /home/airflow/.local/lib/python3.7/site-packages/airflow/example_dags/example_external_task_marker_dag.py for tasks to queue
[2024-07-14T13:43:07.161+0000] {logging_mixin.py:120} INFO - [2024-07-14T13:43:07.161+0000] {dagbag.py:537} INFO - Filling up the DagBag from /home/airflow/.local/lib/python3.7/site-packages/airflow/example_dags/example_external_task_marker_dag.py
[2024-07-14T13:43:07.177+0000] {processor.py:766} INFO - DAG(s) dict_keys(['example_external_task_marker_child', 'example_external_task_marker_parent']) retrieved from /home/airflow/.local/lib/python3.7/site-packages/airflow/example_dags/example_external_task_marker_dag.py
[2024-07-14T13:43:07.363+0000] {logging_mixin.py:120} INFO - [2024-07-14T13:43:07.363+0000] {dag.py:2585} INFO - Sync 2 DAGs
[2024-07-14T13:43:07.379+0000] {logging_mixin.py:120} INFO - [2024-07-14T13:43:07.379+0000] {dag.py:3340} INFO - Setting next_dagrun for example_external_task_marker_child to None, run_after=None
[2024-07-14T13:43:07.381+0000] {logging_mixin.py:120} INFO - [2024-07-14T13:43:07.381+0000] {dag.py:3340} INFO - Setting next_dagrun for example_external_task_marker_parent to None, run_after=None
[2024-07-14T13:43:07.396+0000] {processor.py:176} INFO - Processing /home/airflow/.local/lib/python3.7/site-packages/airflow/example_dags/example_external_task_marker_dag.py took 0.240 seconds
[2024-07-14T13:43:37.507+0000] {processor.py:154} INFO - Started process (PID=1352) to work on /home/airflow/.local/lib/python3.7/site-packages/airflow/example_dags/example_external_task_marker_dag.py
[2024-07-14T13:43:37.508+0000] {processor.py:756} INFO - Processing file /home/airflow/.local/lib/python3.7/site-packages/airflow/example_dags/example_external_task_marker_dag.py for tasks to queue
[2024-07-14T13:43:37.509+0000] {logging_mixin.py:120} INFO - [2024-07-14T13:43:37.509+0000] {dagbag.py:537} INFO - Filling up the DagBag from /home/airflow/.local/lib/python3.7/site-packages/airflow/example_dags/example_external_task_marker_dag.py
[2024-07-14T13:43:37.519+0000] {processor.py:766} INFO - DAG(s) dict_keys(['example_external_task_marker_parent', 'example_external_task_marker_child']) retrieved from /home/airflow/.local/lib/python3.7/site-packages/airflow/example_dags/example_external_task_marker_dag.py
[2024-07-14T13:43:37.659+0000] {logging_mixin.py:120} INFO - [2024-07-14T13:43:37.659+0000] {dag.py:2585} INFO - Sync 2 DAGs
[2024-07-14T13:43:37.685+0000] {logging_mixin.py:120} INFO - [2024-07-14T13:43:37.684+0000] {dag.py:3340} INFO - Setting next_dagrun for example_external_task_marker_child to None, run_after=None
[2024-07-14T13:43:37.689+0000] {logging_mixin.py:120} INFO - [2024-07-14T13:43:37.689+0000] {dag.py:3340} INFO - Setting next_dagrun for example_external_task_marker_parent to None, run_after=None
[2024-07-14T13:43:37.706+0000] {processor.py:176} INFO - Processing /home/airflow/.local/lib/python3.7/site-packages/airflow/example_dags/example_external_task_marker_dag.py took 0.202 seconds
[2024-07-14T13:44:08.663+0000] {processor.py:154} INFO - Started process (PID=1418) to work on /home/airflow/.local/lib/python3.7/site-packages/airflow/example_dags/example_external_task_marker_dag.py
[2024-07-14T13:44:08.664+0000] {processor.py:756} INFO - Processing file /home/airflow/.local/lib/python3.7/site-packages/airflow/example_dags/example_external_task_marker_dag.py for tasks to queue
[2024-07-14T13:44:08.665+0000] {logging_mixin.py:120} INFO - [2024-07-14T13:44:08.665+0000] {dagbag.py:537} INFO - Filling up the DagBag from /home/airflow/.local/lib/python3.7/site-packages/airflow/example_dags/example_external_task_marker_dag.py
[2024-07-14T13:44:08.681+0000] {processor.py:766} INFO - DAG(s) dict_keys(['example_external_task_marker_child', 'example_external_task_marker_parent']) retrieved from /home/airflow/.local/lib/python3.7/site-packages/airflow/example_dags/example_external_task_marker_dag.py
[2024-07-14T13:44:08.872+0000] {logging_mixin.py:120} INFO - [2024-07-14T13:44:08.871+0000] {dag.py:2585} INFO - Sync 2 DAGs
[2024-07-14T13:44:08.890+0000] {logging_mixin.py:120} INFO - [2024-07-14T13:44:08.890+0000] {dag.py:3340} INFO - Setting next_dagrun for example_external_task_marker_child to None, run_after=None
[2024-07-14T13:44:08.894+0000] {logging_mixin.py:120} INFO - [2024-07-14T13:44:08.893+0000] {dag.py:3340} INFO - Setting next_dagrun for example_external_task_marker_parent to None, run_after=None
[2024-07-14T13:44:08.911+0000] {processor.py:176} INFO - Processing /home/airflow/.local/lib/python3.7/site-packages/airflow/example_dags/example_external_task_marker_dag.py took 0.250 seconds
[2024-07-14T13:44:39.500+0000] {processor.py:154} INFO - Started process (PID=1483) to work on /home/airflow/.local/lib/python3.7/site-packages/airflow/example_dags/example_external_task_marker_dag.py
[2024-07-14T13:44:39.501+0000] {processor.py:756} INFO - Processing file /home/airflow/.local/lib/python3.7/site-packages/airflow/example_dags/example_external_task_marker_dag.py for tasks to queue
[2024-07-14T13:44:39.502+0000] {logging_mixin.py:120} INFO - [2024-07-14T13:44:39.502+0000] {dagbag.py:537} INFO - Filling up the DagBag from /home/airflow/.local/lib/python3.7/site-packages/airflow/example_dags/example_external_task_marker_dag.py
[2024-07-14T13:44:39.517+0000] {processor.py:766} INFO - DAG(s) dict_keys(['example_external_task_marker_parent', 'example_external_task_marker_child']) retrieved from /home/airflow/.local/lib/python3.7/site-packages/airflow/example_dags/example_external_task_marker_dag.py
[2024-07-14T13:44:39.692+0000] {logging_mixin.py:120} INFO - [2024-07-14T13:44:39.691+0000] {dag.py:2585} INFO - Sync 2 DAGs
[2024-07-14T13:44:39.718+0000] {logging_mixin.py:120} INFO - [2024-07-14T13:44:39.718+0000] {dag.py:3340} INFO - Setting next_dagrun for example_external_task_marker_child to None, run_after=None
[2024-07-14T13:44:39.723+0000] {logging_mixin.py:120} INFO - [2024-07-14T13:44:39.723+0000] {dag.py:3340} INFO - Setting next_dagrun for example_external_task_marker_parent to None, run_after=None
[2024-07-14T13:44:39.741+0000] {processor.py:176} INFO - Processing /home/airflow/.local/lib/python3.7/site-packages/airflow/example_dags/example_external_task_marker_dag.py took 0.242 seconds
[2024-07-14T13:45:10.269+0000] {processor.py:154} INFO - Started process (PID=1548) to work on /home/airflow/.local/lib/python3.7/site-packages/airflow/example_dags/example_external_task_marker_dag.py
[2024-07-14T13:45:10.270+0000] {processor.py:756} INFO - Processing file /home/airflow/.local/lib/python3.7/site-packages/airflow/example_dags/example_external_task_marker_dag.py for tasks to queue
[2024-07-14T13:45:10.271+0000] {logging_mixin.py:120} INFO - [2024-07-14T13:45:10.271+0000] {dagbag.py:537} INFO - Filling up the DagBag from /home/airflow/.local/lib/python3.7/site-packages/airflow/example_dags/example_external_task_marker_dag.py
[2024-07-14T13:45:10.282+0000] {processor.py:766} INFO - DAG(s) dict_keys(['example_external_task_marker_parent', 'example_external_task_marker_child']) retrieved from /home/airflow/.local/lib/python3.7/site-packages/airflow/example_dags/example_external_task_marker_dag.py
[2024-07-14T13:45:10.464+0000] {logging_mixin.py:120} INFO - [2024-07-14T13:45:10.464+0000] {dag.py:2585} INFO - Sync 2 DAGs
[2024-07-14T13:45:10.488+0000] {logging_mixin.py:120} INFO - [2024-07-14T13:45:10.488+0000] {dag.py:3340} INFO - Setting next_dagrun for example_external_task_marker_child to None, run_after=None
[2024-07-14T13:45:10.492+0000] {logging_mixin.py:120} INFO - [2024-07-14T13:45:10.491+0000] {dag.py:3340} INFO - Setting next_dagrun for example_external_task_marker_parent to None, run_after=None
[2024-07-14T13:45:10.510+0000] {processor.py:176} INFO - Processing /home/airflow/.local/lib/python3.7/site-packages/airflow/example_dags/example_external_task_marker_dag.py took 0.243 seconds
[2024-07-14T13:45:40.592+0000] {processor.py:154} INFO - Started process (PID=1603) to work on /home/airflow/.local/lib/python3.7/site-packages/airflow/example_dags/example_external_task_marker_dag.py
[2024-07-14T13:45:40.594+0000] {processor.py:756} INFO - Processing file /home/airflow/.local/lib/python3.7/site-packages/airflow/example_dags/example_external_task_marker_dag.py for tasks to queue
[2024-07-14T13:45:40.594+0000] {logging_mixin.py:120} INFO - [2024-07-14T13:45:40.594+0000] {dagbag.py:537} INFO - Filling up the DagBag from /home/airflow/.local/lib/python3.7/site-packages/airflow/example_dags/example_external_task_marker_dag.py
[2024-07-14T13:45:40.606+0000] {processor.py:766} INFO - DAG(s) dict_keys(['example_external_task_marker_parent', 'example_external_task_marker_child']) retrieved from /home/airflow/.local/lib/python3.7/site-packages/airflow/example_dags/example_external_task_marker_dag.py
[2024-07-14T13:45:41.230+0000] {logging_mixin.py:120} INFO - [2024-07-14T13:45:41.230+0000] {dag.py:2585} INFO - Sync 2 DAGs
[2024-07-14T13:45:41.255+0000] {logging_mixin.py:120} INFO - [2024-07-14T13:45:41.255+0000] {dag.py:3340} INFO - Setting next_dagrun for example_external_task_marker_child to None, run_after=None
[2024-07-14T13:45:41.258+0000] {logging_mixin.py:120} INFO - [2024-07-14T13:45:41.258+0000] {dag.py:3340} INFO - Setting next_dagrun for example_external_task_marker_parent to None, run_after=None
[2024-07-14T13:45:41.275+0000] {processor.py:176} INFO - Processing /home/airflow/.local/lib/python3.7/site-packages/airflow/example_dags/example_external_task_marker_dag.py took 0.686 seconds
[2024-07-14T13:46:12.102+0000] {processor.py:154} INFO - Started process (PID=1668) to work on /home/airflow/.local/lib/python3.7/site-packages/airflow/example_dags/example_external_task_marker_dag.py
[2024-07-14T13:46:12.102+0000] {processor.py:756} INFO - Processing file /home/airflow/.local/lib/python3.7/site-packages/airflow/example_dags/example_external_task_marker_dag.py for tasks to queue
[2024-07-14T13:46:12.103+0000] {logging_mixin.py:120} INFO - [2024-07-14T13:46:12.103+0000] {dagbag.py:537} INFO - Filling up the DagBag from /home/airflow/.local/lib/python3.7/site-packages/airflow/example_dags/example_external_task_marker_dag.py
[2024-07-14T13:46:12.114+0000] {processor.py:766} INFO - DAG(s) dict_keys(['example_external_task_marker_child', 'example_external_task_marker_parent']) retrieved from /home/airflow/.local/lib/python3.7/site-packages/airflow/example_dags/example_external_task_marker_dag.py
[2024-07-14T13:46:12.278+0000] {logging_mixin.py:120} INFO - [2024-07-14T13:46:12.278+0000] {dag.py:2585} INFO - Sync 2 DAGs
[2024-07-14T13:46:12.298+0000] {logging_mixin.py:120} INFO - [2024-07-14T13:46:12.297+0000] {dag.py:3340} INFO - Setting next_dagrun for example_external_task_marker_child to None, run_after=None
[2024-07-14T13:46:12.301+0000] {logging_mixin.py:120} INFO - [2024-07-14T13:46:12.301+0000] {dag.py:3340} INFO - Setting next_dagrun for example_external_task_marker_parent to None, run_after=None
[2024-07-14T13:46:12.319+0000] {processor.py:176} INFO - Processing /home/airflow/.local/lib/python3.7/site-packages/airflow/example_dags/example_external_task_marker_dag.py took 0.219 seconds
[2024-07-14T13:46:43.028+0000] {processor.py:154} INFO - Started process (PID=1734) to work on /home/airflow/.local/lib/python3.7/site-packages/airflow/example_dags/example_external_task_marker_dag.py
[2024-07-14T13:46:43.029+0000] {processor.py:756} INFO - Processing file /home/airflow/.local/lib/python3.7/site-packages/airflow/example_dags/example_external_task_marker_dag.py for tasks to queue
[2024-07-14T13:46:43.030+0000] {logging_mixin.py:120} INFO - [2024-07-14T13:46:43.030+0000] {dagbag.py:537} INFO - Filling up the DagBag from /home/airflow/.local/lib/python3.7/site-packages/airflow/example_dags/example_external_task_marker_dag.py
[2024-07-14T13:46:43.039+0000] {processor.py:766} INFO - DAG(s) dict_keys(['example_external_task_marker_parent', 'example_external_task_marker_child']) retrieved from /home/airflow/.local/lib/python3.7/site-packages/airflow/example_dags/example_external_task_marker_dag.py
[2024-07-14T13:46:43.181+0000] {logging_mixin.py:120} INFO - [2024-07-14T13:46:43.181+0000] {dag.py:2585} INFO - Sync 2 DAGs
[2024-07-14T13:46:43.200+0000] {logging_mixin.py:120} INFO - [2024-07-14T13:46:43.200+0000] {dag.py:3340} INFO - Setting next_dagrun for example_external_task_marker_child to None, run_after=None
[2024-07-14T13:46:43.205+0000] {logging_mixin.py:120} INFO - [2024-07-14T13:46:43.205+0000] {dag.py:3340} INFO - Setting next_dagrun for example_external_task_marker_parent to None, run_after=None
[2024-07-14T13:46:43.217+0000] {processor.py:176} INFO - Processing /home/airflow/.local/lib/python3.7/site-packages/airflow/example_dags/example_external_task_marker_dag.py took 0.192 seconds
[2024-07-14T13:47:13.708+0000] {processor.py:154} INFO - Started process (PID=1800) to work on /home/airflow/.local/lib/python3.7/site-packages/airflow/example_dags/example_external_task_marker_dag.py
[2024-07-14T13:47:13.709+0000] {processor.py:756} INFO - Processing file /home/airflow/.local/lib/python3.7/site-packages/airflow/example_dags/example_external_task_marker_dag.py for tasks to queue
[2024-07-14T13:47:13.710+0000] {logging_mixin.py:120} INFO - [2024-07-14T13:47:13.709+0000] {dagbag.py:537} INFO - Filling up the DagBag from /home/airflow/.local/lib/python3.7/site-packages/airflow/example_dags/example_external_task_marker_dag.py
[2024-07-14T13:47:13.719+0000] {processor.py:766} INFO - DAG(s) dict_keys(['example_external_task_marker_parent', 'example_external_task_marker_child']) retrieved from /home/airflow/.local/lib/python3.7/site-packages/airflow/example_dags/example_external_task_marker_dag.py
[2024-07-14T13:47:13.856+0000] {logging_mixin.py:120} INFO - [2024-07-14T13:47:13.856+0000] {dag.py:2585} INFO - Sync 2 DAGs
[2024-07-14T13:47:13.872+0000] {logging_mixin.py:120} INFO - [2024-07-14T13:47:13.872+0000] {dag.py:3340} INFO - Setting next_dagrun for example_external_task_marker_child to None, run_after=None
[2024-07-14T13:47:13.875+0000] {logging_mixin.py:120} INFO - [2024-07-14T13:47:13.875+0000] {dag.py:3340} INFO - Setting next_dagrun for example_external_task_marker_parent to None, run_after=None
[2024-07-14T13:47:13.889+0000] {processor.py:176} INFO - Processing /home/airflow/.local/lib/python3.7/site-packages/airflow/example_dags/example_external_task_marker_dag.py took 0.183 seconds
[2024-07-14T13:47:44.148+0000] {processor.py:154} INFO - Started process (PID=1866) to work on /home/airflow/.local/lib/python3.7/site-packages/airflow/example_dags/example_external_task_marker_dag.py
[2024-07-14T13:47:44.149+0000] {processor.py:756} INFO - Processing file /home/airflow/.local/lib/python3.7/site-packages/airflow/example_dags/example_external_task_marker_dag.py for tasks to queue
[2024-07-14T13:47:44.149+0000] {logging_mixin.py:120} INFO - [2024-07-14T13:47:44.149+0000] {dagbag.py:537} INFO - Filling up the DagBag from /home/airflow/.local/lib/python3.7/site-packages/airflow/example_dags/example_external_task_marker_dag.py
[2024-07-14T13:47:44.161+0000] {processor.py:766} INFO - DAG(s) dict_keys(['example_external_task_marker_child', 'example_external_task_marker_parent']) retrieved from /home/airflow/.local/lib/python3.7/site-packages/airflow/example_dags/example_external_task_marker_dag.py
[2024-07-14T13:47:44.321+0000] {logging_mixin.py:120} INFO - [2024-07-14T13:47:44.321+0000] {dag.py:2585} INFO - Sync 2 DAGs
[2024-07-14T13:47:44.338+0000] {logging_mixin.py:120} INFO - [2024-07-14T13:47:44.338+0000] {dag.py:3340} INFO - Setting next_dagrun for example_external_task_marker_child to None, run_after=None
[2024-07-14T13:47:44.350+0000] {logging_mixin.py:120} INFO - [2024-07-14T13:47:44.350+0000] {dag.py:3340} INFO - Setting next_dagrun for example_external_task_marker_parent to None, run_after=None
[2024-07-14T13:47:44.367+0000] {processor.py:176} INFO - Processing /home/airflow/.local/lib/python3.7/site-packages/airflow/example_dags/example_external_task_marker_dag.py took 0.221 seconds
[2024-07-14T13:48:14.397+0000] {processor.py:154} INFO - Started process (PID=1931) to work on /home/airflow/.local/lib/python3.7/site-packages/airflow/example_dags/example_external_task_marker_dag.py
[2024-07-14T13:48:14.404+0000] {processor.py:756} INFO - Processing file /home/airflow/.local/lib/python3.7/site-packages/airflow/example_dags/example_external_task_marker_dag.py for tasks to queue
[2024-07-14T13:48:14.405+0000] {logging_mixin.py:120} INFO - [2024-07-14T13:48:14.404+0000] {dagbag.py:537} INFO - Filling up the DagBag from /home/airflow/.local/lib/python3.7/site-packages/airflow/example_dags/example_external_task_marker_dag.py
[2024-07-14T13:48:14.420+0000] {processor.py:766} INFO - DAG(s) dict_keys(['example_external_task_marker_child', 'example_external_task_marker_parent']) retrieved from /home/airflow/.local/lib/python3.7/site-packages/airflow/example_dags/example_external_task_marker_dag.py
[2024-07-14T13:48:14.561+0000] {logging_mixin.py:120} INFO - [2024-07-14T13:48:14.561+0000] {dag.py:2585} INFO - Sync 2 DAGs
[2024-07-14T13:48:14.578+0000] {logging_mixin.py:120} INFO - [2024-07-14T13:48:14.578+0000] {dag.py:3340} INFO - Setting next_dagrun for example_external_task_marker_child to None, run_after=None
[2024-07-14T13:48:14.581+0000] {logging_mixin.py:120} INFO - [2024-07-14T13:48:14.581+0000] {dag.py:3340} INFO - Setting next_dagrun for example_external_task_marker_parent to None, run_after=None
[2024-07-14T13:48:14.597+0000] {processor.py:176} INFO - Processing /home/airflow/.local/lib/python3.7/site-packages/airflow/example_dags/example_external_task_marker_dag.py took 0.202 seconds
[2024-07-14T13:48:45.040+0000] {processor.py:154} INFO - Started process (PID=1988) to work on /home/airflow/.local/lib/python3.7/site-packages/airflow/example_dags/example_external_task_marker_dag.py
[2024-07-14T13:48:45.041+0000] {processor.py:756} INFO - Processing file /home/airflow/.local/lib/python3.7/site-packages/airflow/example_dags/example_external_task_marker_dag.py for tasks to queue
[2024-07-14T13:48:45.042+0000] {logging_mixin.py:120} INFO - [2024-07-14T13:48:45.042+0000] {dagbag.py:537} INFO - Filling up the DagBag from /home/airflow/.local/lib/python3.7/site-packages/airflow/example_dags/example_external_task_marker_dag.py
[2024-07-14T13:48:45.051+0000] {processor.py:766} INFO - DAG(s) dict_keys(['example_external_task_marker_parent', 'example_external_task_marker_child']) retrieved from /home/airflow/.local/lib/python3.7/site-packages/airflow/example_dags/example_external_task_marker_dag.py
[2024-07-14T13:48:45.182+0000] {logging_mixin.py:120} INFO - [2024-07-14T13:48:45.182+0000] {dag.py:2585} INFO - Sync 2 DAGs
[2024-07-14T13:48:45.200+0000] {logging_mixin.py:120} INFO - [2024-07-14T13:48:45.200+0000] {dag.py:3340} INFO - Setting next_dagrun for example_external_task_marker_child to None, run_after=None
[2024-07-14T13:48:45.202+0000] {logging_mixin.py:120} INFO - [2024-07-14T13:48:45.202+0000] {dag.py:3340} INFO - Setting next_dagrun for example_external_task_marker_parent to None, run_after=None
[2024-07-14T13:48:45.221+0000] {processor.py:176} INFO - Processing /home/airflow/.local/lib/python3.7/site-packages/airflow/example_dags/example_external_task_marker_dag.py took 0.185 seconds
[2024-07-14T13:49:15.889+0000] {processor.py:154} INFO - Started process (PID=2055) to work on /home/airflow/.local/lib/python3.7/site-packages/airflow/example_dags/example_external_task_marker_dag.py
[2024-07-14T13:49:15.889+0000] {processor.py:756} INFO - Processing file /home/airflow/.local/lib/python3.7/site-packages/airflow/example_dags/example_external_task_marker_dag.py for tasks to queue
[2024-07-14T13:49:15.890+0000] {logging_mixin.py:120} INFO - [2024-07-14T13:49:15.890+0000] {dagbag.py:537} INFO - Filling up the DagBag from /home/airflow/.local/lib/python3.7/site-packages/airflow/example_dags/example_external_task_marker_dag.py
[2024-07-14T13:49:15.900+0000] {processor.py:766} INFO - DAG(s) dict_keys(['example_external_task_marker_child', 'example_external_task_marker_parent']) retrieved from /home/airflow/.local/lib/python3.7/site-packages/airflow/example_dags/example_external_task_marker_dag.py
[2024-07-14T13:49:16.061+0000] {logging_mixin.py:120} INFO - [2024-07-14T13:49:16.061+0000] {dag.py:2585} INFO - Sync 2 DAGs
[2024-07-14T13:49:16.088+0000] {logging_mixin.py:120} INFO - [2024-07-14T13:49:16.088+0000] {dag.py:3340} INFO - Setting next_dagrun for example_external_task_marker_child to None, run_after=None
[2024-07-14T13:49:16.102+0000] {logging_mixin.py:120} INFO - [2024-07-14T13:49:16.101+0000] {dag.py:3340} INFO - Setting next_dagrun for example_external_task_marker_parent to None, run_after=None
[2024-07-14T13:49:16.130+0000] {processor.py:176} INFO - Processing /home/airflow/.local/lib/python3.7/site-packages/airflow/example_dags/example_external_task_marker_dag.py took 0.243 seconds
[2024-07-14T13:49:46.700+0000] {processor.py:154} INFO - Started process (PID=2121) to work on /home/airflow/.local/lib/python3.7/site-packages/airflow/example_dags/example_external_task_marker_dag.py
[2024-07-14T13:49:46.703+0000] {processor.py:756} INFO - Processing file /home/airflow/.local/lib/python3.7/site-packages/airflow/example_dags/example_external_task_marker_dag.py for tasks to queue
[2024-07-14T13:49:46.704+0000] {logging_mixin.py:120} INFO - [2024-07-14T13:49:46.704+0000] {dagbag.py:537} INFO - Filling up the DagBag from /home/airflow/.local/lib/python3.7/site-packages/airflow/example_dags/example_external_task_marker_dag.py
[2024-07-14T13:49:46.716+0000] {processor.py:766} INFO - DAG(s) dict_keys(['example_external_task_marker_child', 'example_external_task_marker_parent']) retrieved from /home/airflow/.local/lib/python3.7/site-packages/airflow/example_dags/example_external_task_marker_dag.py
[2024-07-14T13:49:46.873+0000] {logging_mixin.py:120} INFO - [2024-07-14T13:49:46.873+0000] {dag.py:2585} INFO - Sync 2 DAGs
[2024-07-14T13:49:46.894+0000] {logging_mixin.py:120} INFO - [2024-07-14T13:49:46.894+0000] {dag.py:3340} INFO - Setting next_dagrun for example_external_task_marker_child to None, run_after=None
[2024-07-14T13:49:46.897+0000] {logging_mixin.py:120} INFO - [2024-07-14T13:49:46.897+0000] {dag.py:3340} INFO - Setting next_dagrun for example_external_task_marker_parent to None, run_after=None
[2024-07-14T13:49:46.913+0000] {processor.py:176} INFO - Processing /home/airflow/.local/lib/python3.7/site-packages/airflow/example_dags/example_external_task_marker_dag.py took 0.215 seconds
[2024-07-14T13:50:17.435+0000] {processor.py:154} INFO - Started process (PID=2187) to work on /home/airflow/.local/lib/python3.7/site-packages/airflow/example_dags/example_external_task_marker_dag.py
[2024-07-14T13:50:17.435+0000] {processor.py:756} INFO - Processing file /home/airflow/.local/lib/python3.7/site-packages/airflow/example_dags/example_external_task_marker_dag.py for tasks to queue
[2024-07-14T13:50:17.439+0000] {logging_mixin.py:120} INFO - [2024-07-14T13:50:17.439+0000] {dagbag.py:537} INFO - Filling up the DagBag from /home/airflow/.local/lib/python3.7/site-packages/airflow/example_dags/example_external_task_marker_dag.py
[2024-07-14T13:50:17.447+0000] {processor.py:766} INFO - DAG(s) dict_keys(['example_external_task_marker_parent', 'example_external_task_marker_child']) retrieved from /home/airflow/.local/lib/python3.7/site-packages/airflow/example_dags/example_external_task_marker_dag.py
[2024-07-14T13:50:17.581+0000] {logging_mixin.py:120} INFO - [2024-07-14T13:50:17.580+0000] {dag.py:2585} INFO - Sync 2 DAGs
[2024-07-14T13:50:17.598+0000] {logging_mixin.py:120} INFO - [2024-07-14T13:50:17.598+0000] {dag.py:3340} INFO - Setting next_dagrun for example_external_task_marker_child to None, run_after=None
[2024-07-14T13:50:17.601+0000] {logging_mixin.py:120} INFO - [2024-07-14T13:50:17.601+0000] {dag.py:3340} INFO - Setting next_dagrun for example_external_task_marker_parent to None, run_after=None
[2024-07-14T13:50:17.615+0000] {processor.py:176} INFO - Processing /home/airflow/.local/lib/python3.7/site-packages/airflow/example_dags/example_external_task_marker_dag.py took 0.183 seconds
[2024-07-14T13:50:48.361+0000] {processor.py:154} INFO - Started process (PID=2253) to work on /home/airflow/.local/lib/python3.7/site-packages/airflow/example_dags/example_external_task_marker_dag.py
[2024-07-14T13:50:48.362+0000] {processor.py:756} INFO - Processing file /home/airflow/.local/lib/python3.7/site-packages/airflow/example_dags/example_external_task_marker_dag.py for tasks to queue
[2024-07-14T13:50:48.362+0000] {logging_mixin.py:120} INFO - [2024-07-14T13:50:48.362+0000] {dagbag.py:537} INFO - Filling up the DagBag from /home/airflow/.local/lib/python3.7/site-packages/airflow/example_dags/example_external_task_marker_dag.py
[2024-07-14T13:50:48.372+0000] {processor.py:766} INFO - DAG(s) dict_keys(['example_external_task_marker_parent', 'example_external_task_marker_child']) retrieved from /home/airflow/.local/lib/python3.7/site-packages/airflow/example_dags/example_external_task_marker_dag.py
[2024-07-14T13:50:48.525+0000] {logging_mixin.py:120} INFO - [2024-07-14T13:50:48.525+0000] {dag.py:2585} INFO - Sync 2 DAGs
[2024-07-14T13:50:48.542+0000] {logging_mixin.py:120} INFO - [2024-07-14T13:50:48.542+0000] {dag.py:3340} INFO - Setting next_dagrun for example_external_task_marker_child to None, run_after=None
[2024-07-14T13:50:48.545+0000] {logging_mixin.py:120} INFO - [2024-07-14T13:50:48.545+0000] {dag.py:3340} INFO - Setting next_dagrun for example_external_task_marker_parent to None, run_after=None
[2024-07-14T13:50:48.558+0000] {processor.py:176} INFO - Processing /home/airflow/.local/lib/python3.7/site-packages/airflow/example_dags/example_external_task_marker_dag.py took 0.199 seconds
[2024-07-14T13:51:18.790+0000] {processor.py:154} INFO - Started process (PID=2309) to work on /home/airflow/.local/lib/python3.7/site-packages/airflow/example_dags/example_external_task_marker_dag.py
[2024-07-14T13:51:18.791+0000] {processor.py:756} INFO - Processing file /home/airflow/.local/lib/python3.7/site-packages/airflow/example_dags/example_external_task_marker_dag.py for tasks to queue
[2024-07-14T13:51:18.794+0000] {logging_mixin.py:120} INFO - [2024-07-14T13:51:18.793+0000] {dagbag.py:537} INFO - Filling up the DagBag from /home/airflow/.local/lib/python3.7/site-packages/airflow/example_dags/example_external_task_marker_dag.py
[2024-07-14T13:51:18.819+0000] {processor.py:766} INFO - DAG(s) dict_keys(['example_external_task_marker_child', 'example_external_task_marker_parent']) retrieved from /home/airflow/.local/lib/python3.7/site-packages/airflow/example_dags/example_external_task_marker_dag.py
[2024-07-14T13:51:18.990+0000] {logging_mixin.py:120} INFO - [2024-07-14T13:51:18.990+0000] {dag.py:2585} INFO - Sync 2 DAGs
[2024-07-14T13:51:19.007+0000] {logging_mixin.py:120} INFO - [2024-07-14T13:51:19.007+0000] {dag.py:3340} INFO - Setting next_dagrun for example_external_task_marker_child to None, run_after=None
[2024-07-14T13:51:19.009+0000] {logging_mixin.py:120} INFO - [2024-07-14T13:51:19.009+0000] {dag.py:3340} INFO - Setting next_dagrun for example_external_task_marker_parent to None, run_after=None
[2024-07-14T13:51:19.025+0000] {processor.py:176} INFO - Processing /home/airflow/.local/lib/python3.7/site-packages/airflow/example_dags/example_external_task_marker_dag.py took 0.237 seconds
[2024-07-14T13:51:49.214+0000] {processor.py:154} INFO - Started process (PID=2375) to work on /home/airflow/.local/lib/python3.7/site-packages/airflow/example_dags/example_external_task_marker_dag.py
[2024-07-14T13:51:49.215+0000] {processor.py:756} INFO - Processing file /home/airflow/.local/lib/python3.7/site-packages/airflow/example_dags/example_external_task_marker_dag.py for tasks to queue
[2024-07-14T13:51:49.216+0000] {logging_mixin.py:120} INFO - [2024-07-14T13:51:49.215+0000] {dagbag.py:537} INFO - Filling up the DagBag from /home/airflow/.local/lib/python3.7/site-packages/airflow/example_dags/example_external_task_marker_dag.py
[2024-07-14T13:51:49.229+0000] {processor.py:766} INFO - DAG(s) dict_keys(['example_external_task_marker_parent', 'example_external_task_marker_child']) retrieved from /home/airflow/.local/lib/python3.7/site-packages/airflow/example_dags/example_external_task_marker_dag.py
[2024-07-14T13:51:49.461+0000] {logging_mixin.py:120} INFO - [2024-07-14T13:51:49.461+0000] {dag.py:2585} INFO - Sync 2 DAGs
[2024-07-14T13:51:49.489+0000] {logging_mixin.py:120} INFO - [2024-07-14T13:51:49.489+0000] {dag.py:3340} INFO - Setting next_dagrun for example_external_task_marker_child to None, run_after=None
[2024-07-14T13:51:49.495+0000] {logging_mixin.py:120} INFO - [2024-07-14T13:51:49.494+0000] {dag.py:3340} INFO - Setting next_dagrun for example_external_task_marker_parent to None, run_after=None
[2024-07-14T13:51:49.521+0000] {processor.py:176} INFO - Processing /home/airflow/.local/lib/python3.7/site-packages/airflow/example_dags/example_external_task_marker_dag.py took 0.309 seconds
[2024-07-14T13:52:19.644+0000] {processor.py:154} INFO - Started process (PID=2441) to work on /home/airflow/.local/lib/python3.7/site-packages/airflow/example_dags/example_external_task_marker_dag.py
[2024-07-14T13:52:19.646+0000] {processor.py:756} INFO - Processing file /home/airflow/.local/lib/python3.7/site-packages/airflow/example_dags/example_external_task_marker_dag.py for tasks to queue
[2024-07-14T13:52:19.648+0000] {logging_mixin.py:120} INFO - [2024-07-14T13:52:19.648+0000] {dagbag.py:537} INFO - Filling up the DagBag from /home/airflow/.local/lib/python3.7/site-packages/airflow/example_dags/example_external_task_marker_dag.py
[2024-07-14T13:52:19.658+0000] {processor.py:766} INFO - DAG(s) dict_keys(['example_external_task_marker_parent', 'example_external_task_marker_child']) retrieved from /home/airflow/.local/lib/python3.7/site-packages/airflow/example_dags/example_external_task_marker_dag.py
[2024-07-14T13:52:19.791+0000] {logging_mixin.py:120} INFO - [2024-07-14T13:52:19.791+0000] {dag.py:2585} INFO - Sync 2 DAGs
[2024-07-14T13:52:19.808+0000] {logging_mixin.py:120} INFO - [2024-07-14T13:52:19.808+0000] {dag.py:3340} INFO - Setting next_dagrun for example_external_task_marker_child to None, run_after=None
[2024-07-14T13:52:19.812+0000] {logging_mixin.py:120} INFO - [2024-07-14T13:52:19.812+0000] {dag.py:3340} INFO - Setting next_dagrun for example_external_task_marker_parent to None, run_after=None
[2024-07-14T13:52:19.825+0000] {processor.py:176} INFO - Processing /home/airflow/.local/lib/python3.7/site-packages/airflow/example_dags/example_external_task_marker_dag.py took 0.184 seconds
[2024-07-14T13:52:49.993+0000] {processor.py:154} INFO - Started process (PID=2507) to work on /home/airflow/.local/lib/python3.7/site-packages/airflow/example_dags/example_external_task_marker_dag.py
[2024-07-14T13:52:49.994+0000] {processor.py:756} INFO - Processing file /home/airflow/.local/lib/python3.7/site-packages/airflow/example_dags/example_external_task_marker_dag.py for tasks to queue
[2024-07-14T13:52:49.995+0000] {logging_mixin.py:120} INFO - [2024-07-14T13:52:49.995+0000] {dagbag.py:537} INFO - Filling up the DagBag from /home/airflow/.local/lib/python3.7/site-packages/airflow/example_dags/example_external_task_marker_dag.py
[2024-07-14T13:52:50.005+0000] {processor.py:766} INFO - DAG(s) dict_keys(['example_external_task_marker_child', 'example_external_task_marker_parent']) retrieved from /home/airflow/.local/lib/python3.7/site-packages/airflow/example_dags/example_external_task_marker_dag.py
[2024-07-14T13:52:50.157+0000] {logging_mixin.py:120} INFO - [2024-07-14T13:52:50.157+0000] {dag.py:2585} INFO - Sync 2 DAGs
[2024-07-14T13:52:50.175+0000] {logging_mixin.py:120} INFO - [2024-07-14T13:52:50.175+0000] {dag.py:3340} INFO - Setting next_dagrun for example_external_task_marker_child to None, run_after=None
[2024-07-14T13:52:50.178+0000] {logging_mixin.py:120} INFO - [2024-07-14T13:52:50.178+0000] {dag.py:3340} INFO - Setting next_dagrun for example_external_task_marker_parent to None, run_after=None
[2024-07-14T13:52:50.195+0000] {processor.py:176} INFO - Processing /home/airflow/.local/lib/python3.7/site-packages/airflow/example_dags/example_external_task_marker_dag.py took 0.204 seconds
[2024-07-14T13:53:20.309+0000] {processor.py:154} INFO - Started process (PID=2565) to work on /home/airflow/.local/lib/python3.7/site-packages/airflow/example_dags/example_external_task_marker_dag.py
[2024-07-14T13:53:20.310+0000] {processor.py:756} INFO - Processing file /home/airflow/.local/lib/python3.7/site-packages/airflow/example_dags/example_external_task_marker_dag.py for tasks to queue
[2024-07-14T13:53:20.311+0000] {logging_mixin.py:120} INFO - [2024-07-14T13:53:20.311+0000] {dagbag.py:537} INFO - Filling up the DagBag from /home/airflow/.local/lib/python3.7/site-packages/airflow/example_dags/example_external_task_marker_dag.py
[2024-07-14T13:53:20.322+0000] {processor.py:766} INFO - DAG(s) dict_keys(['example_external_task_marker_child', 'example_external_task_marker_parent']) retrieved from /home/airflow/.local/lib/python3.7/site-packages/airflow/example_dags/example_external_task_marker_dag.py
[2024-07-14T13:53:20.466+0000] {logging_mixin.py:120} INFO - [2024-07-14T13:53:20.466+0000] {dag.py:2585} INFO - Sync 2 DAGs
[2024-07-14T13:53:20.485+0000] {logging_mixin.py:120} INFO - [2024-07-14T13:53:20.485+0000] {dag.py:3340} INFO - Setting next_dagrun for example_external_task_marker_child to None, run_after=None
[2024-07-14T13:53:20.494+0000] {logging_mixin.py:120} INFO - [2024-07-14T13:53:20.494+0000] {dag.py:3340} INFO - Setting next_dagrun for example_external_task_marker_parent to None, run_after=None
[2024-07-14T13:53:20.513+0000] {processor.py:176} INFO - Processing /home/airflow/.local/lib/python3.7/site-packages/airflow/example_dags/example_external_task_marker_dag.py took 0.206 seconds
[2024-07-14T13:53:50.598+0000] {processor.py:154} INFO - Started process (PID=2632) to work on /home/airflow/.local/lib/python3.7/site-packages/airflow/example_dags/example_external_task_marker_dag.py
[2024-07-14T13:53:50.599+0000] {processor.py:756} INFO - Processing file /home/airflow/.local/lib/python3.7/site-packages/airflow/example_dags/example_external_task_marker_dag.py for tasks to queue
[2024-07-14T13:53:50.600+0000] {logging_mixin.py:120} INFO - [2024-07-14T13:53:50.600+0000] {dagbag.py:537} INFO - Filling up the DagBag from /home/airflow/.local/lib/python3.7/site-packages/airflow/example_dags/example_external_task_marker_dag.py
[2024-07-14T13:53:50.612+0000] {processor.py:766} INFO - DAG(s) dict_keys(['example_external_task_marker_parent', 'example_external_task_marker_child']) retrieved from /home/airflow/.local/lib/python3.7/site-packages/airflow/example_dags/example_external_task_marker_dag.py
[2024-07-14T13:53:50.765+0000] {logging_mixin.py:120} INFO - [2024-07-14T13:53:50.765+0000] {dag.py:2585} INFO - Sync 2 DAGs
[2024-07-14T13:53:50.785+0000] {logging_mixin.py:120} INFO - [2024-07-14T13:53:50.784+0000] {dag.py:3340} INFO - Setting next_dagrun for example_external_task_marker_child to None, run_after=None
[2024-07-14T13:53:50.788+0000] {logging_mixin.py:120} INFO - [2024-07-14T13:53:50.787+0000] {dag.py:3340} INFO - Setting next_dagrun for example_external_task_marker_parent to None, run_after=None
[2024-07-14T13:53:50.804+0000] {processor.py:176} INFO - Processing /home/airflow/.local/lib/python3.7/site-packages/airflow/example_dags/example_external_task_marker_dag.py took 0.211 seconds
[2024-07-14T13:54:20.884+0000] {processor.py:154} INFO - Started process (PID=2698) to work on /home/airflow/.local/lib/python3.7/site-packages/airflow/example_dags/example_external_task_marker_dag.py
[2024-07-14T13:54:20.885+0000] {processor.py:756} INFO - Processing file /home/airflow/.local/lib/python3.7/site-packages/airflow/example_dags/example_external_task_marker_dag.py for tasks to queue
[2024-07-14T13:54:20.886+0000] {logging_mixin.py:120} INFO - [2024-07-14T13:54:20.886+0000] {dagbag.py:537} INFO - Filling up the DagBag from /home/airflow/.local/lib/python3.7/site-packages/airflow/example_dags/example_external_task_marker_dag.py
[2024-07-14T13:54:20.895+0000] {processor.py:766} INFO - DAG(s) dict_keys(['example_external_task_marker_parent', 'example_external_task_marker_child']) retrieved from /home/airflow/.local/lib/python3.7/site-packages/airflow/example_dags/example_external_task_marker_dag.py
[2024-07-14T13:54:21.045+0000] {logging_mixin.py:120} INFO - [2024-07-14T13:54:21.044+0000] {dag.py:2585} INFO - Sync 2 DAGs
[2024-07-14T13:54:21.071+0000] {logging_mixin.py:120} INFO - [2024-07-14T13:54:21.070+0000] {dag.py:3340} INFO - Setting next_dagrun for example_external_task_marker_child to None, run_after=None
[2024-07-14T13:54:21.078+0000] {logging_mixin.py:120} INFO - [2024-07-14T13:54:21.078+0000] {dag.py:3340} INFO - Setting next_dagrun for example_external_task_marker_parent to None, run_after=None
[2024-07-14T13:54:21.107+0000] {processor.py:176} INFO - Processing /home/airflow/.local/lib/python3.7/site-packages/airflow/example_dags/example_external_task_marker_dag.py took 0.225 seconds
[2024-07-14T13:54:51.437+0000] {processor.py:154} INFO - Started process (PID=2765) to work on /home/airflow/.local/lib/python3.7/site-packages/airflow/example_dags/example_external_task_marker_dag.py
[2024-07-14T13:54:51.443+0000] {processor.py:756} INFO - Processing file /home/airflow/.local/lib/python3.7/site-packages/airflow/example_dags/example_external_task_marker_dag.py for tasks to queue
[2024-07-14T13:54:51.445+0000] {logging_mixin.py:120} INFO - [2024-07-14T13:54:51.445+0000] {dagbag.py:537} INFO - Filling up the DagBag from /home/airflow/.local/lib/python3.7/site-packages/airflow/example_dags/example_external_task_marker_dag.py
[2024-07-14T13:54:51.459+0000] {processor.py:766} INFO - DAG(s) dict_keys(['example_external_task_marker_child', 'example_external_task_marker_parent']) retrieved from /home/airflow/.local/lib/python3.7/site-packages/airflow/example_dags/example_external_task_marker_dag.py
[2024-07-14T13:54:51.621+0000] {logging_mixin.py:120} INFO - [2024-07-14T13:54:51.620+0000] {dag.py:2585} INFO - Sync 2 DAGs
[2024-07-14T13:54:51.643+0000] {logging_mixin.py:120} INFO - [2024-07-14T13:54:51.643+0000] {dag.py:3340} INFO - Setting next_dagrun for example_external_task_marker_child to None, run_after=None
[2024-07-14T13:54:51.647+0000] {logging_mixin.py:120} INFO - [2024-07-14T13:54:51.647+0000] {dag.py:3340} INFO - Setting next_dagrun for example_external_task_marker_parent to None, run_after=None
[2024-07-14T13:54:51.669+0000] {processor.py:176} INFO - Processing /home/airflow/.local/lib/python3.7/site-packages/airflow/example_dags/example_external_task_marker_dag.py took 0.234 seconds
[2024-07-14T13:55:21.702+0000] {processor.py:154} INFO - Started process (PID=2822) to work on /home/airflow/.local/lib/python3.7/site-packages/airflow/example_dags/example_external_task_marker_dag.py
[2024-07-14T13:55:21.703+0000] {processor.py:756} INFO - Processing file /home/airflow/.local/lib/python3.7/site-packages/airflow/example_dags/example_external_task_marker_dag.py for tasks to queue
[2024-07-14T13:55:21.704+0000] {logging_mixin.py:120} INFO - [2024-07-14T13:55:21.704+0000] {dagbag.py:537} INFO - Filling up the DagBag from /home/airflow/.local/lib/python3.7/site-packages/airflow/example_dags/example_external_task_marker_dag.py
[2024-07-14T13:55:21.713+0000] {processor.py:766} INFO - DAG(s) dict_keys(['example_external_task_marker_parent', 'example_external_task_marker_child']) retrieved from /home/airflow/.local/lib/python3.7/site-packages/airflow/example_dags/example_external_task_marker_dag.py
[2024-07-14T13:55:21.871+0000] {logging_mixin.py:120} INFO - [2024-07-14T13:55:21.871+0000] {dag.py:2585} INFO - Sync 2 DAGs
[2024-07-14T13:55:21.889+0000] {logging_mixin.py:120} INFO - [2024-07-14T13:55:21.889+0000] {dag.py:3340} INFO - Setting next_dagrun for example_external_task_marker_child to None, run_after=None
[2024-07-14T13:55:21.891+0000] {logging_mixin.py:120} INFO - [2024-07-14T13:55:21.891+0000] {dag.py:3340} INFO - Setting next_dagrun for example_external_task_marker_parent to None, run_after=None
[2024-07-14T13:55:21.906+0000] {processor.py:176} INFO - Processing /home/airflow/.local/lib/python3.7/site-packages/airflow/example_dags/example_external_task_marker_dag.py took 0.207 seconds
[2024-07-14T13:55:52.094+0000] {processor.py:154} INFO - Started process (PID=2884) to work on /home/airflow/.local/lib/python3.7/site-packages/airflow/example_dags/example_external_task_marker_dag.py
[2024-07-14T13:55:52.098+0000] {processor.py:756} INFO - Processing file /home/airflow/.local/lib/python3.7/site-packages/airflow/example_dags/example_external_task_marker_dag.py for tasks to queue
[2024-07-14T13:55:52.101+0000] {logging_mixin.py:120} INFO - [2024-07-14T13:55:52.101+0000] {dagbag.py:537} INFO - Filling up the DagBag from /home/airflow/.local/lib/python3.7/site-packages/airflow/example_dags/example_external_task_marker_dag.py
[2024-07-14T13:55:52.111+0000] {processor.py:766} INFO - DAG(s) dict_keys(['example_external_task_marker_child', 'example_external_task_marker_parent']) retrieved from /home/airflow/.local/lib/python3.7/site-packages/airflow/example_dags/example_external_task_marker_dag.py
[2024-07-14T13:55:52.243+0000] {logging_mixin.py:120} INFO - [2024-07-14T13:55:52.243+0000] {dag.py:2585} INFO - Sync 2 DAGs
[2024-07-14T13:55:52.269+0000] {logging_mixin.py:120} INFO - [2024-07-14T13:55:52.269+0000] {dag.py:3340} INFO - Setting next_dagrun for example_external_task_marker_child to None, run_after=None
[2024-07-14T13:55:52.272+0000] {logging_mixin.py:120} INFO - [2024-07-14T13:55:52.272+0000] {dag.py:3340} INFO - Setting next_dagrun for example_external_task_marker_parent to None, run_after=None
[2024-07-14T13:55:52.285+0000] {processor.py:176} INFO - Processing /home/airflow/.local/lib/python3.7/site-packages/airflow/example_dags/example_external_task_marker_dag.py took 0.194 seconds
[2024-07-14T14:28:41.047+0000] {processor.py:153} INFO - Started process (PID=65) to work on /home/airflow/.local/lib/python3.7/site-packages/airflow/example_dags/example_external_task_marker_dag.py
[2024-07-14T14:28:41.048+0000] {processor.py:743} INFO - Processing file /home/airflow/.local/lib/python3.7/site-packages/airflow/example_dags/example_external_task_marker_dag.py for tasks to queue
[2024-07-14T14:28:41.049+0000] {logging_mixin.py:137} INFO - [2024-07-14T14:28:41.049+0000] {dagbag.py:538} INFO - Filling up the DagBag from /home/airflow/.local/lib/python3.7/site-packages/airflow/example_dags/example_external_task_marker_dag.py
[2024-07-14T14:28:41.060+0000] {processor.py:753} INFO - DAG(s) dict_keys(['example_external_task_marker_child', 'example_external_task_marker_parent']) retrieved from /home/airflow/.local/lib/python3.7/site-packages/airflow/example_dags/example_external_task_marker_dag.py
[2024-07-14T14:28:41.076+0000] {logging_mixin.py:137} INFO - [2024-07-14T14:28:41.076+0000] {dag.py:2690} INFO - Sync 2 DAGs
[2024-07-14T14:28:41.096+0000] {logging_mixin.py:137} INFO - [2024-07-14T14:28:41.096+0000] {dag.py:3441} INFO - Setting next_dagrun for example_external_task_marker_child to None, run_after=None
[2024-07-14T14:28:41.102+0000] {logging_mixin.py:137} INFO - [2024-07-14T14:28:41.102+0000] {dag.py:3441} INFO - Setting next_dagrun for example_external_task_marker_parent to None, run_after=None
[2024-07-14T14:28:41.120+0000] {processor.py:175} INFO - Processing /home/airflow/.local/lib/python3.7/site-packages/airflow/example_dags/example_external_task_marker_dag.py took 0.075 seconds
[2024-07-14T14:29:11.360+0000] {processor.py:153} INFO - Started process (PID=197) to work on /home/airflow/.local/lib/python3.7/site-packages/airflow/example_dags/example_external_task_marker_dag.py
[2024-07-14T14:29:11.360+0000] {processor.py:743} INFO - Processing file /home/airflow/.local/lib/python3.7/site-packages/airflow/example_dags/example_external_task_marker_dag.py for tasks to queue
[2024-07-14T14:29:11.361+0000] {logging_mixin.py:137} INFO - [2024-07-14T14:29:11.361+0000] {dagbag.py:538} INFO - Filling up the DagBag from /home/airflow/.local/lib/python3.7/site-packages/airflow/example_dags/example_external_task_marker_dag.py
[2024-07-14T14:29:11.370+0000] {processor.py:753} INFO - DAG(s) dict_keys(['example_external_task_marker_parent', 'example_external_task_marker_child']) retrieved from /home/airflow/.local/lib/python3.7/site-packages/airflow/example_dags/example_external_task_marker_dag.py
[2024-07-14T14:29:11.388+0000] {logging_mixin.py:137} INFO - [2024-07-14T14:29:11.388+0000] {dag.py:2690} INFO - Sync 2 DAGs
[2024-07-14T14:29:11.407+0000] {logging_mixin.py:137} INFO - [2024-07-14T14:29:11.407+0000] {dag.py:3441} INFO - Setting next_dagrun for example_external_task_marker_child to None, run_after=None
[2024-07-14T14:29:11.412+0000] {logging_mixin.py:137} INFO - [2024-07-14T14:29:11.412+0000] {dag.py:3441} INFO - Setting next_dagrun for example_external_task_marker_parent to None, run_after=None
[2024-07-14T14:29:11.424+0000] {processor.py:175} INFO - Processing /home/airflow/.local/lib/python3.7/site-packages/airflow/example_dags/example_external_task_marker_dag.py took 0.067 seconds
