[2024-07-14T13:33:20.245+0000] {processor.py:154} INFO - Started process (PID=67) to work on /home/airflow/.local/lib/python3.7/site-packages/airflow/example_dags/example_xcom.py
[2024-07-14T13:33:20.246+0000] {processor.py:756} INFO - Processing file /home/airflow/.local/lib/python3.7/site-packages/airflow/example_dags/example_xcom.py for tasks to queue
[2024-07-14T13:33:20.248+0000] {logging_mixin.py:120} INFO - [2024-07-14T13:33:20.247+0000] {dagbag.py:537} INFO - Filling up the DagBag from /home/airflow/.local/lib/python3.7/site-packages/airflow/example_dags/example_xcom.py
[2024-07-14T13:33:20.302+0000] {processor.py:766} INFO - DAG(s) dict_keys(['example_xcom']) retrieved from /home/airflow/.local/lib/python3.7/site-packages/airflow/example_dags/example_xcom.py
[2024-07-14T13:33:20.405+0000] {logging_mixin.py:120} INFO - [2024-07-14T13:33:20.405+0000] {dag.py:2585} INFO - Sync 1 DAGs
[2024-07-14T13:33:20.450+0000] {logging_mixin.py:120} INFO - [2024-07-14T13:33:20.450+0000] {dag.py:3340} INFO - Setting next_dagrun for example_xcom to 2021-01-01T00:00:00+00:00, run_after=2021-01-01T00:00:00+00:00
[2024-07-14T13:33:20.485+0000] {processor.py:176} INFO - Processing /home/airflow/.local/lib/python3.7/site-packages/airflow/example_dags/example_xcom.py took 0.244 seconds
[2024-07-14T13:33:50.678+0000] {processor.py:154} INFO - Started process (PID=124) to work on /home/airflow/.local/lib/python3.7/site-packages/airflow/example_dags/example_xcom.py
[2024-07-14T13:33:50.680+0000] {processor.py:756} INFO - Processing file /home/airflow/.local/lib/python3.7/site-packages/airflow/example_dags/example_xcom.py for tasks to queue
[2024-07-14T13:33:50.681+0000] {logging_mixin.py:120} INFO - [2024-07-14T13:33:50.681+0000] {dagbag.py:537} INFO - Filling up the DagBag from /home/airflow/.local/lib/python3.7/site-packages/airflow/example_dags/example_xcom.py
[2024-07-14T13:33:50.712+0000] {processor.py:766} INFO - DAG(s) dict_keys(['example_xcom']) retrieved from /home/airflow/.local/lib/python3.7/site-packages/airflow/example_dags/example_xcom.py
[2024-07-14T13:33:50.735+0000] {logging_mixin.py:120} INFO - [2024-07-14T13:33:50.735+0000] {dag.py:2585} INFO - Sync 1 DAGs
[2024-07-14T13:33:50.772+0000] {logging_mixin.py:120} INFO - [2024-07-14T13:33:50.772+0000] {dag.py:3340} INFO - Setting next_dagrun for example_xcom to 2021-01-01T00:00:00+00:00, run_after=2021-01-01T00:00:00+00:00
[2024-07-14T13:33:50.793+0000] {processor.py:176} INFO - Processing /home/airflow/.local/lib/python3.7/site-packages/airflow/example_dags/example_xcom.py took 0.117 seconds
[2024-07-14T13:34:21.347+0000] {processor.py:154} INFO - Started process (PID=191) to work on /home/airflow/.local/lib/python3.7/site-packages/airflow/example_dags/example_xcom.py
[2024-07-14T13:34:21.350+0000] {processor.py:756} INFO - Processing file /home/airflow/.local/lib/python3.7/site-packages/airflow/example_dags/example_xcom.py for tasks to queue
[2024-07-14T13:34:21.352+0000] {logging_mixin.py:120} INFO - [2024-07-14T13:34:21.352+0000] {dagbag.py:537} INFO - Filling up the DagBag from /home/airflow/.local/lib/python3.7/site-packages/airflow/example_dags/example_xcom.py
[2024-07-14T13:34:21.371+0000] {processor.py:766} INFO - DAG(s) dict_keys(['example_xcom']) retrieved from /home/airflow/.local/lib/python3.7/site-packages/airflow/example_dags/example_xcom.py
[2024-07-14T13:34:21.400+0000] {logging_mixin.py:120} INFO - [2024-07-14T13:34:21.399+0000] {dag.py:2585} INFO - Sync 1 DAGs
[2024-07-14T13:34:21.417+0000] {logging_mixin.py:120} INFO - [2024-07-14T13:34:21.417+0000] {dag.py:3340} INFO - Setting next_dagrun for example_xcom to 2021-01-01T00:00:00+00:00, run_after=2021-01-01T00:00:00+00:00
[2024-07-14T13:34:21.434+0000] {processor.py:176} INFO - Processing /home/airflow/.local/lib/python3.7/site-packages/airflow/example_dags/example_xcom.py took 0.089 seconds
[2024-07-14T13:34:51.946+0000] {processor.py:154} INFO - Started process (PID=256) to work on /home/airflow/.local/lib/python3.7/site-packages/airflow/example_dags/example_xcom.py
[2024-07-14T13:34:51.947+0000] {processor.py:756} INFO - Processing file /home/airflow/.local/lib/python3.7/site-packages/airflow/example_dags/example_xcom.py for tasks to queue
[2024-07-14T13:34:51.948+0000] {logging_mixin.py:120} INFO - [2024-07-14T13:34:51.948+0000] {dagbag.py:537} INFO - Filling up the DagBag from /home/airflow/.local/lib/python3.7/site-packages/airflow/example_dags/example_xcom.py
[2024-07-14T13:34:51.978+0000] {processor.py:766} INFO - DAG(s) dict_keys(['example_xcom']) retrieved from /home/airflow/.local/lib/python3.7/site-packages/airflow/example_dags/example_xcom.py
[2024-07-14T13:34:52.028+0000] {logging_mixin.py:120} INFO - [2024-07-14T13:34:52.028+0000] {dag.py:2585} INFO - Sync 1 DAGs
[2024-07-14T13:34:52.052+0000] {logging_mixin.py:120} INFO - [2024-07-14T13:34:52.052+0000] {dag.py:3340} INFO - Setting next_dagrun for example_xcom to 2021-01-01T00:00:00+00:00, run_after=2021-01-01T00:00:00+00:00
[2024-07-14T13:34:52.071+0000] {processor.py:176} INFO - Processing /home/airflow/.local/lib/python3.7/site-packages/airflow/example_dags/example_xcom.py took 0.127 seconds
[2024-07-14T13:35:22.318+0000] {processor.py:154} INFO - Started process (PID=313) to work on /home/airflow/.local/lib/python3.7/site-packages/airflow/example_dags/example_xcom.py
[2024-07-14T13:35:22.319+0000] {processor.py:756} INFO - Processing file /home/airflow/.local/lib/python3.7/site-packages/airflow/example_dags/example_xcom.py for tasks to queue
[2024-07-14T13:35:22.320+0000] {logging_mixin.py:120} INFO - [2024-07-14T13:35:22.320+0000] {dagbag.py:537} INFO - Filling up the DagBag from /home/airflow/.local/lib/python3.7/site-packages/airflow/example_dags/example_xcom.py
[2024-07-14T13:35:22.339+0000] {processor.py:766} INFO - DAG(s) dict_keys(['example_xcom']) retrieved from /home/airflow/.local/lib/python3.7/site-packages/airflow/example_dags/example_xcom.py
[2024-07-14T13:35:22.378+0000] {logging_mixin.py:120} INFO - [2024-07-14T13:35:22.378+0000] {dag.py:2585} INFO - Sync 1 DAGs
[2024-07-14T13:35:22.405+0000] {logging_mixin.py:120} INFO - [2024-07-14T13:35:22.405+0000] {dag.py:3340} INFO - Setting next_dagrun for example_xcom to 2021-01-01T00:00:00+00:00, run_after=2021-01-01T00:00:00+00:00
[2024-07-14T13:35:22.433+0000] {processor.py:176} INFO - Processing /home/airflow/.local/lib/python3.7/site-packages/airflow/example_dags/example_xcom.py took 0.117 seconds
[2024-07-14T13:35:53.342+0000] {processor.py:154} INFO - Started process (PID=378) to work on /home/airflow/.local/lib/python3.7/site-packages/airflow/example_dags/example_xcom.py
[2024-07-14T13:35:53.343+0000] {processor.py:756} INFO - Processing file /home/airflow/.local/lib/python3.7/site-packages/airflow/example_dags/example_xcom.py for tasks to queue
[2024-07-14T13:35:53.343+0000] {logging_mixin.py:120} INFO - [2024-07-14T13:35:53.343+0000] {dagbag.py:537} INFO - Filling up the DagBag from /home/airflow/.local/lib/python3.7/site-packages/airflow/example_dags/example_xcom.py
[2024-07-14T13:35:53.360+0000] {processor.py:766} INFO - DAG(s) dict_keys(['example_xcom']) retrieved from /home/airflow/.local/lib/python3.7/site-packages/airflow/example_dags/example_xcom.py
[2024-07-14T13:35:53.408+0000] {logging_mixin.py:120} INFO - [2024-07-14T13:35:53.408+0000] {dag.py:2585} INFO - Sync 1 DAGs
[2024-07-14T13:35:53.427+0000] {logging_mixin.py:120} INFO - [2024-07-14T13:35:53.427+0000] {dag.py:3340} INFO - Setting next_dagrun for example_xcom to 2021-01-01T00:00:00+00:00, run_after=2021-01-01T00:00:00+00:00
[2024-07-14T13:35:53.447+0000] {processor.py:176} INFO - Processing /home/airflow/.local/lib/python3.7/site-packages/airflow/example_dags/example_xcom.py took 0.107 seconds
[2024-07-14T13:36:23.498+0000] {processor.py:154} INFO - Started process (PID=444) to work on /home/airflow/.local/lib/python3.7/site-packages/airflow/example_dags/example_xcom.py
[2024-07-14T13:36:23.499+0000] {processor.py:756} INFO - Processing file /home/airflow/.local/lib/python3.7/site-packages/airflow/example_dags/example_xcom.py for tasks to queue
[2024-07-14T13:36:23.500+0000] {logging_mixin.py:120} INFO - [2024-07-14T13:36:23.500+0000] {dagbag.py:537} INFO - Filling up the DagBag from /home/airflow/.local/lib/python3.7/site-packages/airflow/example_dags/example_xcom.py
[2024-07-14T13:36:23.524+0000] {processor.py:766} INFO - DAG(s) dict_keys(['example_xcom']) retrieved from /home/airflow/.local/lib/python3.7/site-packages/airflow/example_dags/example_xcom.py
[2024-07-14T13:36:23.570+0000] {logging_mixin.py:120} INFO - [2024-07-14T13:36:23.570+0000] {dag.py:2585} INFO - Sync 1 DAGs
[2024-07-14T13:36:23.586+0000] {logging_mixin.py:120} INFO - [2024-07-14T13:36:23.586+0000] {dag.py:3340} INFO - Setting next_dagrun for example_xcom to 2021-01-01T00:00:00+00:00, run_after=2021-01-01T00:00:00+00:00
[2024-07-14T13:36:23.601+0000] {processor.py:176} INFO - Processing /home/airflow/.local/lib/python3.7/site-packages/airflow/example_dags/example_xcom.py took 0.105 seconds
[2024-07-14T13:36:53.982+0000] {processor.py:154} INFO - Started process (PID=510) to work on /home/airflow/.local/lib/python3.7/site-packages/airflow/example_dags/example_xcom.py
[2024-07-14T13:36:53.982+0000] {processor.py:756} INFO - Processing file /home/airflow/.local/lib/python3.7/site-packages/airflow/example_dags/example_xcom.py for tasks to queue
[2024-07-14T13:36:53.983+0000] {logging_mixin.py:120} INFO - [2024-07-14T13:36:53.983+0000] {dagbag.py:537} INFO - Filling up the DagBag from /home/airflow/.local/lib/python3.7/site-packages/airflow/example_dags/example_xcom.py
[2024-07-14T13:36:54.000+0000] {processor.py:766} INFO - DAG(s) dict_keys(['example_xcom']) retrieved from /home/airflow/.local/lib/python3.7/site-packages/airflow/example_dags/example_xcom.py
[2024-07-14T13:36:54.035+0000] {logging_mixin.py:120} INFO - [2024-07-14T13:36:54.034+0000] {dag.py:2585} INFO - Sync 1 DAGs
[2024-07-14T13:36:54.076+0000] {logging_mixin.py:120} INFO - [2024-07-14T13:36:54.076+0000] {dag.py:3340} INFO - Setting next_dagrun for example_xcom to 2021-01-01T00:00:00+00:00, run_after=2021-01-01T00:00:00+00:00
[2024-07-14T13:36:54.094+0000] {processor.py:176} INFO - Processing /home/airflow/.local/lib/python3.7/site-packages/airflow/example_dags/example_xcom.py took 0.115 seconds
[2024-07-14T13:37:24.621+0000] {processor.py:154} INFO - Started process (PID=567) to work on /home/airflow/.local/lib/python3.7/site-packages/airflow/example_dags/example_xcom.py
[2024-07-14T13:37:24.622+0000] {processor.py:756} INFO - Processing file /home/airflow/.local/lib/python3.7/site-packages/airflow/example_dags/example_xcom.py for tasks to queue
[2024-07-14T13:37:24.622+0000] {logging_mixin.py:120} INFO - [2024-07-14T13:37:24.622+0000] {dagbag.py:537} INFO - Filling up the DagBag from /home/airflow/.local/lib/python3.7/site-packages/airflow/example_dags/example_xcom.py
[2024-07-14T13:37:24.642+0000] {processor.py:766} INFO - DAG(s) dict_keys(['example_xcom']) retrieved from /home/airflow/.local/lib/python3.7/site-packages/airflow/example_dags/example_xcom.py
[2024-07-14T13:37:24.698+0000] {logging_mixin.py:120} INFO - [2024-07-14T13:37:24.698+0000] {dag.py:2585} INFO - Sync 1 DAGs
[2024-07-14T13:37:24.719+0000] {logging_mixin.py:120} INFO - [2024-07-14T13:37:24.719+0000] {dag.py:3340} INFO - Setting next_dagrun for example_xcom to 2021-01-01T00:00:00+00:00, run_after=2021-01-01T00:00:00+00:00
[2024-07-14T13:37:24.738+0000] {processor.py:176} INFO - Processing /home/airflow/.local/lib/python3.7/site-packages/airflow/example_dags/example_xcom.py took 0.119 seconds
[2024-07-14T13:37:55.142+0000] {processor.py:154} INFO - Started process (PID=633) to work on /home/airflow/.local/lib/python3.7/site-packages/airflow/example_dags/example_xcom.py
[2024-07-14T13:37:55.143+0000] {processor.py:756} INFO - Processing file /home/airflow/.local/lib/python3.7/site-packages/airflow/example_dags/example_xcom.py for tasks to queue
[2024-07-14T13:37:55.144+0000] {logging_mixin.py:120} INFO - [2024-07-14T13:37:55.143+0000] {dagbag.py:537} INFO - Filling up the DagBag from /home/airflow/.local/lib/python3.7/site-packages/airflow/example_dags/example_xcom.py
[2024-07-14T13:37:55.168+0000] {processor.py:766} INFO - DAG(s) dict_keys(['example_xcom']) retrieved from /home/airflow/.local/lib/python3.7/site-packages/airflow/example_dags/example_xcom.py
[2024-07-14T13:37:55.206+0000] {logging_mixin.py:120} INFO - [2024-07-14T13:37:55.206+0000] {dag.py:2585} INFO - Sync 1 DAGs
[2024-07-14T13:37:55.250+0000] {logging_mixin.py:120} INFO - [2024-07-14T13:37:55.249+0000] {dag.py:3340} INFO - Setting next_dagrun for example_xcom to 2021-01-01T00:00:00+00:00, run_after=2021-01-01T00:00:00+00:00
[2024-07-14T13:37:55.284+0000] {processor.py:176} INFO - Processing /home/airflow/.local/lib/python3.7/site-packages/airflow/example_dags/example_xcom.py took 0.145 seconds
[2024-07-14T13:38:26.294+0000] {processor.py:154} INFO - Started process (PID=699) to work on /home/airflow/.local/lib/python3.7/site-packages/airflow/example_dags/example_xcom.py
[2024-07-14T13:38:26.295+0000] {processor.py:756} INFO - Processing file /home/airflow/.local/lib/python3.7/site-packages/airflow/example_dags/example_xcom.py for tasks to queue
[2024-07-14T13:38:26.296+0000] {logging_mixin.py:120} INFO - [2024-07-14T13:38:26.295+0000] {dagbag.py:537} INFO - Filling up the DagBag from /home/airflow/.local/lib/python3.7/site-packages/airflow/example_dags/example_xcom.py
[2024-07-14T13:38:26.329+0000] {processor.py:766} INFO - DAG(s) dict_keys(['example_xcom']) retrieved from /home/airflow/.local/lib/python3.7/site-packages/airflow/example_dags/example_xcom.py
[2024-07-14T13:38:26.385+0000] {logging_mixin.py:120} INFO - [2024-07-14T13:38:26.384+0000] {dag.py:2585} INFO - Sync 1 DAGs
[2024-07-14T13:38:26.454+0000] {logging_mixin.py:120} INFO - [2024-07-14T13:38:26.454+0000] {dag.py:3340} INFO - Setting next_dagrun for example_xcom to 2021-01-01T00:00:00+00:00, run_after=2021-01-01T00:00:00+00:00
[2024-07-14T13:38:26.570+0000] {processor.py:176} INFO - Processing /home/airflow/.local/lib/python3.7/site-packages/airflow/example_dags/example_xcom.py took 0.278 seconds
[2024-07-14T13:38:56.728+0000] {processor.py:154} INFO - Started process (PID=764) to work on /home/airflow/.local/lib/python3.7/site-packages/airflow/example_dags/example_xcom.py
[2024-07-14T13:38:56.729+0000] {processor.py:756} INFO - Processing file /home/airflow/.local/lib/python3.7/site-packages/airflow/example_dags/example_xcom.py for tasks to queue
[2024-07-14T13:38:56.730+0000] {logging_mixin.py:120} INFO - [2024-07-14T13:38:56.730+0000] {dagbag.py:537} INFO - Filling up the DagBag from /home/airflow/.local/lib/python3.7/site-packages/airflow/example_dags/example_xcom.py
[2024-07-14T13:38:56.752+0000] {processor.py:766} INFO - DAG(s) dict_keys(['example_xcom']) retrieved from /home/airflow/.local/lib/python3.7/site-packages/airflow/example_dags/example_xcom.py
[2024-07-14T13:38:56.797+0000] {logging_mixin.py:120} INFO - [2024-07-14T13:38:56.797+0000] {dag.py:2585} INFO - Sync 1 DAGs
[2024-07-14T13:38:56.818+0000] {logging_mixin.py:120} INFO - [2024-07-14T13:38:56.818+0000] {dag.py:3340} INFO - Setting next_dagrun for example_xcom to 2021-01-01T00:00:00+00:00, run_after=2021-01-01T00:00:00+00:00
[2024-07-14T13:38:56.842+0000] {processor.py:176} INFO - Processing /home/airflow/.local/lib/python3.7/site-packages/airflow/example_dags/example_xcom.py took 0.116 seconds
[2024-07-14T13:39:27.213+0000] {processor.py:154} INFO - Started process (PID=820) to work on /home/airflow/.local/lib/python3.7/site-packages/airflow/example_dags/example_xcom.py
[2024-07-14T13:39:27.213+0000] {processor.py:756} INFO - Processing file /home/airflow/.local/lib/python3.7/site-packages/airflow/example_dags/example_xcom.py for tasks to queue
[2024-07-14T13:39:27.214+0000] {logging_mixin.py:120} INFO - [2024-07-14T13:39:27.214+0000] {dagbag.py:537} INFO - Filling up the DagBag from /home/airflow/.local/lib/python3.7/site-packages/airflow/example_dags/example_xcom.py
[2024-07-14T13:39:27.232+0000] {processor.py:766} INFO - DAG(s) dict_keys(['example_xcom']) retrieved from /home/airflow/.local/lib/python3.7/site-packages/airflow/example_dags/example_xcom.py
[2024-07-14T13:39:27.283+0000] {logging_mixin.py:120} INFO - [2024-07-14T13:39:27.283+0000] {dag.py:2585} INFO - Sync 1 DAGs
[2024-07-14T13:39:27.303+0000] {logging_mixin.py:120} INFO - [2024-07-14T13:39:27.303+0000] {dag.py:3340} INFO - Setting next_dagrun for example_xcom to 2021-01-01T00:00:00+00:00, run_after=2021-01-01T00:00:00+00:00
[2024-07-14T13:39:27.321+0000] {processor.py:176} INFO - Processing /home/airflow/.local/lib/python3.7/site-packages/airflow/example_dags/example_xcom.py took 0.110 seconds
[2024-07-14T13:39:57.560+0000] {processor.py:154} INFO - Started process (PID=886) to work on /home/airflow/.local/lib/python3.7/site-packages/airflow/example_dags/example_xcom.py
[2024-07-14T13:39:57.561+0000] {processor.py:756} INFO - Processing file /home/airflow/.local/lib/python3.7/site-packages/airflow/example_dags/example_xcom.py for tasks to queue
[2024-07-14T13:39:57.562+0000] {logging_mixin.py:120} INFO - [2024-07-14T13:39:57.562+0000] {dagbag.py:537} INFO - Filling up the DagBag from /home/airflow/.local/lib/python3.7/site-packages/airflow/example_dags/example_xcom.py
[2024-07-14T13:39:57.580+0000] {processor.py:766} INFO - DAG(s) dict_keys(['example_xcom']) retrieved from /home/airflow/.local/lib/python3.7/site-packages/airflow/example_dags/example_xcom.py
[2024-07-14T13:39:57.612+0000] {logging_mixin.py:120} INFO - [2024-07-14T13:39:57.612+0000] {dag.py:2585} INFO - Sync 1 DAGs
[2024-07-14T13:39:57.636+0000] {logging_mixin.py:120} INFO - [2024-07-14T13:39:57.636+0000] {dag.py:3340} INFO - Setting next_dagrun for example_xcom to 2021-01-01T00:00:00+00:00, run_after=2021-01-01T00:00:00+00:00
[2024-07-14T13:39:57.650+0000] {processor.py:176} INFO - Processing /home/airflow/.local/lib/python3.7/site-packages/airflow/example_dags/example_xcom.py took 0.091 seconds
[2024-07-14T13:40:28.269+0000] {processor.py:154} INFO - Started process (PID=952) to work on /home/airflow/.local/lib/python3.7/site-packages/airflow/example_dags/example_xcom.py
[2024-07-14T13:40:28.270+0000] {processor.py:756} INFO - Processing file /home/airflow/.local/lib/python3.7/site-packages/airflow/example_dags/example_xcom.py for tasks to queue
[2024-07-14T13:40:28.270+0000] {logging_mixin.py:120} INFO - [2024-07-14T13:40:28.270+0000] {dagbag.py:537} INFO - Filling up the DagBag from /home/airflow/.local/lib/python3.7/site-packages/airflow/example_dags/example_xcom.py
[2024-07-14T13:40:28.292+0000] {processor.py:766} INFO - DAG(s) dict_keys(['example_xcom']) retrieved from /home/airflow/.local/lib/python3.7/site-packages/airflow/example_dags/example_xcom.py
[2024-07-14T13:40:28.331+0000] {logging_mixin.py:120} INFO - [2024-07-14T13:40:28.330+0000] {dag.py:2585} INFO - Sync 1 DAGs
[2024-07-14T13:40:28.349+0000] {logging_mixin.py:120} INFO - [2024-07-14T13:40:28.349+0000] {dag.py:3340} INFO - Setting next_dagrun for example_xcom to 2021-01-01T00:00:00+00:00, run_after=2021-01-01T00:00:00+00:00
[2024-07-14T13:40:28.365+0000] {processor.py:176} INFO - Processing /home/airflow/.local/lib/python3.7/site-packages/airflow/example_dags/example_xcom.py took 0.098 seconds
[2024-07-14T13:40:58.617+0000] {processor.py:154} INFO - Started process (PID=1018) to work on /home/airflow/.local/lib/python3.7/site-packages/airflow/example_dags/example_xcom.py
[2024-07-14T13:40:58.617+0000] {processor.py:756} INFO - Processing file /home/airflow/.local/lib/python3.7/site-packages/airflow/example_dags/example_xcom.py for tasks to queue
[2024-07-14T13:40:58.618+0000] {logging_mixin.py:120} INFO - [2024-07-14T13:40:58.618+0000] {dagbag.py:537} INFO - Filling up the DagBag from /home/airflow/.local/lib/python3.7/site-packages/airflow/example_dags/example_xcom.py
[2024-07-14T13:40:58.633+0000] {processor.py:766} INFO - DAG(s) dict_keys(['example_xcom']) retrieved from /home/airflow/.local/lib/python3.7/site-packages/airflow/example_dags/example_xcom.py
[2024-07-14T13:40:58.669+0000] {logging_mixin.py:120} INFO - [2024-07-14T13:40:58.668+0000] {dag.py:2585} INFO - Sync 1 DAGs
[2024-07-14T13:40:58.690+0000] {logging_mixin.py:120} INFO - [2024-07-14T13:40:58.689+0000] {dag.py:3340} INFO - Setting next_dagrun for example_xcom to 2021-01-01T00:00:00+00:00, run_after=2021-01-01T00:00:00+00:00
[2024-07-14T13:40:58.708+0000] {processor.py:176} INFO - Processing /home/airflow/.local/lib/python3.7/site-packages/airflow/example_dags/example_xcom.py took 0.093 seconds
[2024-07-14T13:41:28.746+0000] {processor.py:154} INFO - Started process (PID=1082) to work on /home/airflow/.local/lib/python3.7/site-packages/airflow/example_dags/example_xcom.py
[2024-07-14T13:41:28.747+0000] {processor.py:756} INFO - Processing file /home/airflow/.local/lib/python3.7/site-packages/airflow/example_dags/example_xcom.py for tasks to queue
[2024-07-14T13:41:28.748+0000] {logging_mixin.py:120} INFO - [2024-07-14T13:41:28.747+0000] {dagbag.py:537} INFO - Filling up the DagBag from /home/airflow/.local/lib/python3.7/site-packages/airflow/example_dags/example_xcom.py
[2024-07-14T13:41:28.763+0000] {processor.py:766} INFO - DAG(s) dict_keys(['example_xcom']) retrieved from /home/airflow/.local/lib/python3.7/site-packages/airflow/example_dags/example_xcom.py
[2024-07-14T13:41:28.792+0000] {logging_mixin.py:120} INFO - [2024-07-14T13:41:28.792+0000] {dag.py:2585} INFO - Sync 1 DAGs
[2024-07-14T13:41:28.811+0000] {logging_mixin.py:120} INFO - [2024-07-14T13:41:28.811+0000] {dag.py:3340} INFO - Setting next_dagrun for example_xcom to 2021-01-01T00:00:00+00:00, run_after=2021-01-01T00:00:00+00:00
[2024-07-14T13:41:28.825+0000] {processor.py:176} INFO - Processing /home/airflow/.local/lib/python3.7/site-packages/airflow/example_dags/example_xcom.py took 0.081 seconds
[2024-07-14T13:41:58.959+0000] {processor.py:154} INFO - Started process (PID=1141) to work on /home/airflow/.local/lib/python3.7/site-packages/airflow/example_dags/example_xcom.py
[2024-07-14T13:41:58.960+0000] {processor.py:756} INFO - Processing file /home/airflow/.local/lib/python3.7/site-packages/airflow/example_dags/example_xcom.py for tasks to queue
[2024-07-14T13:41:58.962+0000] {logging_mixin.py:120} INFO - [2024-07-14T13:41:58.961+0000] {dagbag.py:537} INFO - Filling up the DagBag from /home/airflow/.local/lib/python3.7/site-packages/airflow/example_dags/example_xcom.py
[2024-07-14T13:41:58.977+0000] {processor.py:766} INFO - DAG(s) dict_keys(['example_xcom']) retrieved from /home/airflow/.local/lib/python3.7/site-packages/airflow/example_dags/example_xcom.py
[2024-07-14T13:41:59.011+0000] {logging_mixin.py:120} INFO - [2024-07-14T13:41:59.011+0000] {dag.py:2585} INFO - Sync 1 DAGs
[2024-07-14T13:41:59.033+0000] {logging_mixin.py:120} INFO - [2024-07-14T13:41:59.033+0000] {dag.py:3340} INFO - Setting next_dagrun for example_xcom to 2021-01-01T00:00:00+00:00, run_after=2021-01-01T00:00:00+00:00
[2024-07-14T13:41:59.047+0000] {processor.py:176} INFO - Processing /home/airflow/.local/lib/python3.7/site-packages/airflow/example_dags/example_xcom.py took 0.090 seconds
[2024-07-14T13:42:29.547+0000] {processor.py:154} INFO - Started process (PID=1207) to work on /home/airflow/.local/lib/python3.7/site-packages/airflow/example_dags/example_xcom.py
[2024-07-14T13:42:29.548+0000] {processor.py:756} INFO - Processing file /home/airflow/.local/lib/python3.7/site-packages/airflow/example_dags/example_xcom.py for tasks to queue
[2024-07-14T13:42:29.548+0000] {logging_mixin.py:120} INFO - [2024-07-14T13:42:29.548+0000] {dagbag.py:537} INFO - Filling up the DagBag from /home/airflow/.local/lib/python3.7/site-packages/airflow/example_dags/example_xcom.py
[2024-07-14T13:42:29.568+0000] {processor.py:766} INFO - DAG(s) dict_keys(['example_xcom']) retrieved from /home/airflow/.local/lib/python3.7/site-packages/airflow/example_dags/example_xcom.py
[2024-07-14T13:42:29.612+0000] {logging_mixin.py:120} INFO - [2024-07-14T13:42:29.612+0000] {dag.py:2585} INFO - Sync 1 DAGs
[2024-07-14T13:42:29.630+0000] {logging_mixin.py:120} INFO - [2024-07-14T13:42:29.630+0000] {dag.py:3340} INFO - Setting next_dagrun for example_xcom to 2021-01-01T00:00:00+00:00, run_after=2021-01-01T00:00:00+00:00
[2024-07-14T13:42:29.644+0000] {processor.py:176} INFO - Processing /home/airflow/.local/lib/python3.7/site-packages/airflow/example_dags/example_xcom.py took 0.099 seconds
[2024-07-14T13:43:00.352+0000] {processor.py:154} INFO - Started process (PID=1273) to work on /home/airflow/.local/lib/python3.7/site-packages/airflow/example_dags/example_xcom.py
[2024-07-14T13:43:00.353+0000] {processor.py:756} INFO - Processing file /home/airflow/.local/lib/python3.7/site-packages/airflow/example_dags/example_xcom.py for tasks to queue
[2024-07-14T13:43:00.353+0000] {logging_mixin.py:120} INFO - [2024-07-14T13:43:00.353+0000] {dagbag.py:537} INFO - Filling up the DagBag from /home/airflow/.local/lib/python3.7/site-packages/airflow/example_dags/example_xcom.py
[2024-07-14T13:43:00.370+0000] {processor.py:766} INFO - DAG(s) dict_keys(['example_xcom']) retrieved from /home/airflow/.local/lib/python3.7/site-packages/airflow/example_dags/example_xcom.py
[2024-07-14T13:43:00.435+0000] {logging_mixin.py:120} INFO - [2024-07-14T13:43:00.435+0000] {dag.py:2585} INFO - Sync 1 DAGs
[2024-07-14T13:43:00.453+0000] {logging_mixin.py:120} INFO - [2024-07-14T13:43:00.453+0000] {dag.py:3340} INFO - Setting next_dagrun for example_xcom to 2021-01-01T00:00:00+00:00, run_after=2021-01-01T00:00:00+00:00
[2024-07-14T13:43:00.471+0000] {processor.py:176} INFO - Processing /home/airflow/.local/lib/python3.7/site-packages/airflow/example_dags/example_xcom.py took 0.122 seconds
[2024-07-14T13:43:30.591+0000] {processor.py:154} INFO - Started process (PID=1340) to work on /home/airflow/.local/lib/python3.7/site-packages/airflow/example_dags/example_xcom.py
[2024-07-14T13:43:30.592+0000] {processor.py:756} INFO - Processing file /home/airflow/.local/lib/python3.7/site-packages/airflow/example_dags/example_xcom.py for tasks to queue
[2024-07-14T13:43:30.592+0000] {logging_mixin.py:120} INFO - [2024-07-14T13:43:30.592+0000] {dagbag.py:537} INFO - Filling up the DagBag from /home/airflow/.local/lib/python3.7/site-packages/airflow/example_dags/example_xcom.py
[2024-07-14T13:43:30.610+0000] {processor.py:766} INFO - DAG(s) dict_keys(['example_xcom']) retrieved from /home/airflow/.local/lib/python3.7/site-packages/airflow/example_dags/example_xcom.py
[2024-07-14T13:43:30.638+0000] {logging_mixin.py:120} INFO - [2024-07-14T13:43:30.638+0000] {dag.py:2585} INFO - Sync 1 DAGs
[2024-07-14T13:43:30.655+0000] {logging_mixin.py:120} INFO - [2024-07-14T13:43:30.655+0000] {dag.py:3340} INFO - Setting next_dagrun for example_xcom to 2021-01-01T00:00:00+00:00, run_after=2021-01-01T00:00:00+00:00
[2024-07-14T13:43:30.668+0000] {processor.py:176} INFO - Processing /home/airflow/.local/lib/python3.7/site-packages/airflow/example_dags/example_xcom.py took 0.078 seconds
[2024-07-14T13:44:00.988+0000] {processor.py:154} INFO - Started process (PID=1396) to work on /home/airflow/.local/lib/python3.7/site-packages/airflow/example_dags/example_xcom.py
[2024-07-14T13:44:00.989+0000] {processor.py:756} INFO - Processing file /home/airflow/.local/lib/python3.7/site-packages/airflow/example_dags/example_xcom.py for tasks to queue
[2024-07-14T13:44:00.990+0000] {logging_mixin.py:120} INFO - [2024-07-14T13:44:00.990+0000] {dagbag.py:537} INFO - Filling up the DagBag from /home/airflow/.local/lib/python3.7/site-packages/airflow/example_dags/example_xcom.py
[2024-07-14T13:44:01.012+0000] {processor.py:766} INFO - DAG(s) dict_keys(['example_xcom']) retrieved from /home/airflow/.local/lib/python3.7/site-packages/airflow/example_dags/example_xcom.py
[2024-07-14T13:44:01.041+0000] {logging_mixin.py:120} INFO - [2024-07-14T13:44:01.041+0000] {dag.py:2585} INFO - Sync 1 DAGs
[2024-07-14T13:44:01.061+0000] {logging_mixin.py:120} INFO - [2024-07-14T13:44:01.061+0000] {dag.py:3340} INFO - Setting next_dagrun for example_xcom to 2021-01-01T00:00:00+00:00, run_after=2021-01-01T00:00:00+00:00
[2024-07-14T13:44:01.077+0000] {processor.py:176} INFO - Processing /home/airflow/.local/lib/python3.7/site-packages/airflow/example_dags/example_xcom.py took 0.092 seconds
[2024-07-14T13:44:31.586+0000] {processor.py:154} INFO - Started process (PID=1461) to work on /home/airflow/.local/lib/python3.7/site-packages/airflow/example_dags/example_xcom.py
[2024-07-14T13:44:31.587+0000] {processor.py:756} INFO - Processing file /home/airflow/.local/lib/python3.7/site-packages/airflow/example_dags/example_xcom.py for tasks to queue
[2024-07-14T13:44:31.588+0000] {logging_mixin.py:120} INFO - [2024-07-14T13:44:31.588+0000] {dagbag.py:537} INFO - Filling up the DagBag from /home/airflow/.local/lib/python3.7/site-packages/airflow/example_dags/example_xcom.py
[2024-07-14T13:44:31.609+0000] {processor.py:766} INFO - DAG(s) dict_keys(['example_xcom']) retrieved from /home/airflow/.local/lib/python3.7/site-packages/airflow/example_dags/example_xcom.py
[2024-07-14T13:44:31.654+0000] {logging_mixin.py:120} INFO - [2024-07-14T13:44:31.654+0000] {dag.py:2585} INFO - Sync 1 DAGs
[2024-07-14T13:44:31.681+0000] {logging_mixin.py:120} INFO - [2024-07-14T13:44:31.680+0000] {dag.py:3340} INFO - Setting next_dagrun for example_xcom to 2021-01-01T00:00:00+00:00, run_after=2021-01-01T00:00:00+00:00
[2024-07-14T13:44:31.703+0000] {processor.py:176} INFO - Processing /home/airflow/.local/lib/python3.7/site-packages/airflow/example_dags/example_xcom.py took 0.120 seconds
[2024-07-14T13:45:02.536+0000] {processor.py:154} INFO - Started process (PID=1526) to work on /home/airflow/.local/lib/python3.7/site-packages/airflow/example_dags/example_xcom.py
[2024-07-14T13:45:02.537+0000] {processor.py:756} INFO - Processing file /home/airflow/.local/lib/python3.7/site-packages/airflow/example_dags/example_xcom.py for tasks to queue
[2024-07-14T13:45:02.537+0000] {logging_mixin.py:120} INFO - [2024-07-14T13:45:02.537+0000] {dagbag.py:537} INFO - Filling up the DagBag from /home/airflow/.local/lib/python3.7/site-packages/airflow/example_dags/example_xcom.py
[2024-07-14T13:45:02.553+0000] {processor.py:766} INFO - DAG(s) dict_keys(['example_xcom']) retrieved from /home/airflow/.local/lib/python3.7/site-packages/airflow/example_dags/example_xcom.py
[2024-07-14T13:45:02.589+0000] {logging_mixin.py:120} INFO - [2024-07-14T13:45:02.589+0000] {dag.py:2585} INFO - Sync 1 DAGs
[2024-07-14T13:45:02.612+0000] {logging_mixin.py:120} INFO - [2024-07-14T13:45:02.611+0000] {dag.py:3340} INFO - Setting next_dagrun for example_xcom to 2021-01-01T00:00:00+00:00, run_after=2021-01-01T00:00:00+00:00
[2024-07-14T13:45:02.626+0000] {processor.py:176} INFO - Processing /home/airflow/.local/lib/python3.7/site-packages/airflow/example_dags/example_xcom.py took 0.092 seconds
[2024-07-14T13:45:32.715+0000] {processor.py:154} INFO - Started process (PID=1591) to work on /home/airflow/.local/lib/python3.7/site-packages/airflow/example_dags/example_xcom.py
[2024-07-14T13:45:32.716+0000] {processor.py:756} INFO - Processing file /home/airflow/.local/lib/python3.7/site-packages/airflow/example_dags/example_xcom.py for tasks to queue
[2024-07-14T13:45:32.716+0000] {logging_mixin.py:120} INFO - [2024-07-14T13:45:32.716+0000] {dagbag.py:537} INFO - Filling up the DagBag from /home/airflow/.local/lib/python3.7/site-packages/airflow/example_dags/example_xcom.py
[2024-07-14T13:45:32.731+0000] {processor.py:766} INFO - DAG(s) dict_keys(['example_xcom']) retrieved from /home/airflow/.local/lib/python3.7/site-packages/airflow/example_dags/example_xcom.py
[2024-07-14T13:45:32.757+0000] {logging_mixin.py:120} INFO - [2024-07-14T13:45:32.757+0000] {dag.py:2585} INFO - Sync 1 DAGs
[2024-07-14T13:45:32.777+0000] {logging_mixin.py:120} INFO - [2024-07-14T13:45:32.776+0000] {dag.py:3340} INFO - Setting next_dagrun for example_xcom to 2021-01-01T00:00:00+00:00, run_after=2021-01-01T00:00:00+00:00
[2024-07-14T13:45:32.793+0000] {processor.py:176} INFO - Processing /home/airflow/.local/lib/python3.7/site-packages/airflow/example_dags/example_xcom.py took 0.080 seconds
[2024-07-14T13:46:03.353+0000] {processor.py:154} INFO - Started process (PID=1655) to work on /home/airflow/.local/lib/python3.7/site-packages/airflow/example_dags/example_xcom.py
[2024-07-14T13:46:03.354+0000] {processor.py:756} INFO - Processing file /home/airflow/.local/lib/python3.7/site-packages/airflow/example_dags/example_xcom.py for tasks to queue
[2024-07-14T13:46:03.355+0000] {logging_mixin.py:120} INFO - [2024-07-14T13:46:03.355+0000] {dagbag.py:537} INFO - Filling up the DagBag from /home/airflow/.local/lib/python3.7/site-packages/airflow/example_dags/example_xcom.py
[2024-07-14T13:46:03.382+0000] {processor.py:766} INFO - DAG(s) dict_keys(['example_xcom']) retrieved from /home/airflow/.local/lib/python3.7/site-packages/airflow/example_dags/example_xcom.py
[2024-07-14T13:46:03.430+0000] {logging_mixin.py:120} INFO - [2024-07-14T13:46:03.430+0000] {dag.py:2585} INFO - Sync 1 DAGs
[2024-07-14T13:46:03.452+0000] {logging_mixin.py:120} INFO - [2024-07-14T13:46:03.452+0000] {dag.py:3340} INFO - Setting next_dagrun for example_xcom to 2021-01-01T00:00:00+00:00, run_after=2021-01-01T00:00:00+00:00
[2024-07-14T13:46:03.467+0000] {processor.py:176} INFO - Processing /home/airflow/.local/lib/python3.7/site-packages/airflow/example_dags/example_xcom.py took 0.117 seconds
[2024-07-14T13:46:34.291+0000] {processor.py:154} INFO - Started process (PID=1712) to work on /home/airflow/.local/lib/python3.7/site-packages/airflow/example_dags/example_xcom.py
[2024-07-14T13:46:34.291+0000] {processor.py:756} INFO - Processing file /home/airflow/.local/lib/python3.7/site-packages/airflow/example_dags/example_xcom.py for tasks to queue
[2024-07-14T13:46:34.292+0000] {logging_mixin.py:120} INFO - [2024-07-14T13:46:34.292+0000] {dagbag.py:537} INFO - Filling up the DagBag from /home/airflow/.local/lib/python3.7/site-packages/airflow/example_dags/example_xcom.py
[2024-07-14T13:46:34.307+0000] {processor.py:766} INFO - DAG(s) dict_keys(['example_xcom']) retrieved from /home/airflow/.local/lib/python3.7/site-packages/airflow/example_dags/example_xcom.py
[2024-07-14T13:46:34.334+0000] {logging_mixin.py:120} INFO - [2024-07-14T13:46:34.334+0000] {dag.py:2585} INFO - Sync 1 DAGs
[2024-07-14T13:46:34.351+0000] {logging_mixin.py:120} INFO - [2024-07-14T13:46:34.351+0000] {dag.py:3340} INFO - Setting next_dagrun for example_xcom to 2021-01-01T00:00:00+00:00, run_after=2021-01-01T00:00:00+00:00
[2024-07-14T13:46:34.367+0000] {processor.py:176} INFO - Processing /home/airflow/.local/lib/python3.7/site-packages/airflow/example_dags/example_xcom.py took 0.078 seconds
[2024-07-14T13:47:05.019+0000] {processor.py:154} INFO - Started process (PID=1778) to work on /home/airflow/.local/lib/python3.7/site-packages/airflow/example_dags/example_xcom.py
[2024-07-14T13:47:05.024+0000] {processor.py:756} INFO - Processing file /home/airflow/.local/lib/python3.7/site-packages/airflow/example_dags/example_xcom.py for tasks to queue
[2024-07-14T13:47:05.028+0000] {logging_mixin.py:120} INFO - [2024-07-14T13:47:05.028+0000] {dagbag.py:537} INFO - Filling up the DagBag from /home/airflow/.local/lib/python3.7/site-packages/airflow/example_dags/example_xcom.py
[2024-07-14T13:47:05.046+0000] {processor.py:766} INFO - DAG(s) dict_keys(['example_xcom']) retrieved from /home/airflow/.local/lib/python3.7/site-packages/airflow/example_dags/example_xcom.py
[2024-07-14T13:47:05.072+0000] {logging_mixin.py:120} INFO - [2024-07-14T13:47:05.072+0000] {dag.py:2585} INFO - Sync 1 DAGs
[2024-07-14T13:47:05.090+0000] {logging_mixin.py:120} INFO - [2024-07-14T13:47:05.090+0000] {dag.py:3340} INFO - Setting next_dagrun for example_xcom to 2021-01-01T00:00:00+00:00, run_after=2021-01-01T00:00:00+00:00
[2024-07-14T13:47:05.109+0000] {processor.py:176} INFO - Processing /home/airflow/.local/lib/python3.7/site-packages/airflow/example_dags/example_xcom.py took 0.092 seconds
[2024-07-14T13:47:35.275+0000] {processor.py:154} INFO - Started process (PID=1844) to work on /home/airflow/.local/lib/python3.7/site-packages/airflow/example_dags/example_xcom.py
[2024-07-14T13:47:35.276+0000] {processor.py:756} INFO - Processing file /home/airflow/.local/lib/python3.7/site-packages/airflow/example_dags/example_xcom.py for tasks to queue
[2024-07-14T13:47:35.276+0000] {logging_mixin.py:120} INFO - [2024-07-14T13:47:35.276+0000] {dagbag.py:537} INFO - Filling up the DagBag from /home/airflow/.local/lib/python3.7/site-packages/airflow/example_dags/example_xcom.py
[2024-07-14T13:47:35.291+0000] {processor.py:766} INFO - DAG(s) dict_keys(['example_xcom']) retrieved from /home/airflow/.local/lib/python3.7/site-packages/airflow/example_dags/example_xcom.py
[2024-07-14T13:47:35.318+0000] {logging_mixin.py:120} INFO - [2024-07-14T13:47:35.318+0000] {dag.py:2585} INFO - Sync 1 DAGs
[2024-07-14T13:47:35.339+0000] {logging_mixin.py:120} INFO - [2024-07-14T13:47:35.338+0000] {dag.py:3340} INFO - Setting next_dagrun for example_xcom to 2021-01-01T00:00:00+00:00, run_after=2021-01-01T00:00:00+00:00
[2024-07-14T13:47:35.362+0000] {processor.py:176} INFO - Processing /home/airflow/.local/lib/python3.7/site-packages/airflow/example_dags/example_xcom.py took 0.089 seconds
[2024-07-14T13:48:05.524+0000] {processor.py:154} INFO - Started process (PID=1910) to work on /home/airflow/.local/lib/python3.7/site-packages/airflow/example_dags/example_xcom.py
[2024-07-14T13:48:05.524+0000] {processor.py:756} INFO - Processing file /home/airflow/.local/lib/python3.7/site-packages/airflow/example_dags/example_xcom.py for tasks to queue
[2024-07-14T13:48:05.525+0000] {logging_mixin.py:120} INFO - [2024-07-14T13:48:05.525+0000] {dagbag.py:537} INFO - Filling up the DagBag from /home/airflow/.local/lib/python3.7/site-packages/airflow/example_dags/example_xcom.py
[2024-07-14T13:48:05.540+0000] {processor.py:766} INFO - DAG(s) dict_keys(['example_xcom']) retrieved from /home/airflow/.local/lib/python3.7/site-packages/airflow/example_dags/example_xcom.py
[2024-07-14T13:48:05.572+0000] {logging_mixin.py:120} INFO - [2024-07-14T13:48:05.571+0000] {dag.py:2585} INFO - Sync 1 DAGs
[2024-07-14T13:48:05.593+0000] {logging_mixin.py:120} INFO - [2024-07-14T13:48:05.593+0000] {dag.py:3340} INFO - Setting next_dagrun for example_xcom to 2021-01-01T00:00:00+00:00, run_after=2021-01-01T00:00:00+00:00
[2024-07-14T13:48:05.609+0000] {processor.py:176} INFO - Processing /home/airflow/.local/lib/python3.7/site-packages/airflow/example_dags/example_xcom.py took 0.088 seconds
[2024-07-14T13:48:36.187+0000] {processor.py:154} INFO - Started process (PID=1976) to work on /home/airflow/.local/lib/python3.7/site-packages/airflow/example_dags/example_xcom.py
[2024-07-14T13:48:36.188+0000] {processor.py:756} INFO - Processing file /home/airflow/.local/lib/python3.7/site-packages/airflow/example_dags/example_xcom.py for tasks to queue
[2024-07-14T13:48:36.189+0000] {logging_mixin.py:120} INFO - [2024-07-14T13:48:36.189+0000] {dagbag.py:537} INFO - Filling up the DagBag from /home/airflow/.local/lib/python3.7/site-packages/airflow/example_dags/example_xcom.py
[2024-07-14T13:48:36.205+0000] {processor.py:766} INFO - DAG(s) dict_keys(['example_xcom']) retrieved from /home/airflow/.local/lib/python3.7/site-packages/airflow/example_dags/example_xcom.py
[2024-07-14T13:48:36.239+0000] {logging_mixin.py:120} INFO - [2024-07-14T13:48:36.238+0000] {dag.py:2585} INFO - Sync 1 DAGs
[2024-07-14T13:48:36.268+0000] {logging_mixin.py:120} INFO - [2024-07-14T13:48:36.268+0000] {dag.py:3340} INFO - Setting next_dagrun for example_xcom to 2021-01-01T00:00:00+00:00, run_after=2021-01-01T00:00:00+00:00
[2024-07-14T13:48:36.305+0000] {processor.py:176} INFO - Processing /home/airflow/.local/lib/python3.7/site-packages/airflow/example_dags/example_xcom.py took 0.119 seconds
[2024-07-14T13:49:07.066+0000] {processor.py:154} INFO - Started process (PID=2033) to work on /home/airflow/.local/lib/python3.7/site-packages/airflow/example_dags/example_xcom.py
[2024-07-14T13:49:07.066+0000] {processor.py:756} INFO - Processing file /home/airflow/.local/lib/python3.7/site-packages/airflow/example_dags/example_xcom.py for tasks to queue
[2024-07-14T13:49:07.067+0000] {logging_mixin.py:120} INFO - [2024-07-14T13:49:07.067+0000] {dagbag.py:537} INFO - Filling up the DagBag from /home/airflow/.local/lib/python3.7/site-packages/airflow/example_dags/example_xcom.py
[2024-07-14T13:49:07.084+0000] {processor.py:766} INFO - DAG(s) dict_keys(['example_xcom']) retrieved from /home/airflow/.local/lib/python3.7/site-packages/airflow/example_dags/example_xcom.py
[2024-07-14T13:49:07.119+0000] {logging_mixin.py:120} INFO - [2024-07-14T13:49:07.118+0000] {dag.py:2585} INFO - Sync 1 DAGs
[2024-07-14T13:49:07.138+0000] {logging_mixin.py:120} INFO - [2024-07-14T13:49:07.138+0000] {dag.py:3340} INFO - Setting next_dagrun for example_xcom to 2021-01-01T00:00:00+00:00, run_after=2021-01-01T00:00:00+00:00
[2024-07-14T13:49:07.155+0000] {processor.py:176} INFO - Processing /home/airflow/.local/lib/python3.7/site-packages/airflow/example_dags/example_xcom.py took 0.092 seconds
[2024-07-14T13:49:37.810+0000] {processor.py:154} INFO - Started process (PID=2099) to work on /home/airflow/.local/lib/python3.7/site-packages/airflow/example_dags/example_xcom.py
[2024-07-14T13:49:37.811+0000] {processor.py:756} INFO - Processing file /home/airflow/.local/lib/python3.7/site-packages/airflow/example_dags/example_xcom.py for tasks to queue
[2024-07-14T13:49:37.812+0000] {logging_mixin.py:120} INFO - [2024-07-14T13:49:37.812+0000] {dagbag.py:537} INFO - Filling up the DagBag from /home/airflow/.local/lib/python3.7/site-packages/airflow/example_dags/example_xcom.py
[2024-07-14T13:49:37.844+0000] {processor.py:766} INFO - DAG(s) dict_keys(['example_xcom']) retrieved from /home/airflow/.local/lib/python3.7/site-packages/airflow/example_dags/example_xcom.py
[2024-07-14T13:49:37.876+0000] {logging_mixin.py:120} INFO - [2024-07-14T13:49:37.876+0000] {dag.py:2585} INFO - Sync 1 DAGs
[2024-07-14T13:49:37.894+0000] {logging_mixin.py:120} INFO - [2024-07-14T13:49:37.894+0000] {dag.py:3340} INFO - Setting next_dagrun for example_xcom to 2021-01-01T00:00:00+00:00, run_after=2021-01-01T00:00:00+00:00
[2024-07-14T13:49:37.913+0000] {processor.py:176} INFO - Processing /home/airflow/.local/lib/python3.7/site-packages/airflow/example_dags/example_xcom.py took 0.105 seconds
[2024-07-14T13:50:09.199+0000] {processor.py:154} INFO - Started process (PID=2165) to work on /home/airflow/.local/lib/python3.7/site-packages/airflow/example_dags/example_xcom.py
[2024-07-14T13:50:09.224+0000] {processor.py:756} INFO - Processing file /home/airflow/.local/lib/python3.7/site-packages/airflow/example_dags/example_xcom.py for tasks to queue
[2024-07-14T13:50:09.301+0000] {logging_mixin.py:120} INFO - [2024-07-14T13:50:09.301+0000] {dagbag.py:537} INFO - Filling up the DagBag from /home/airflow/.local/lib/python3.7/site-packages/airflow/example_dags/example_xcom.py
[2024-07-14T13:50:09.341+0000] {processor.py:766} INFO - DAG(s) dict_keys(['example_xcom']) retrieved from /home/airflow/.local/lib/python3.7/site-packages/airflow/example_dags/example_xcom.py
[2024-07-14T13:50:09.397+0000] {logging_mixin.py:120} INFO - [2024-07-14T13:50:09.397+0000] {dag.py:2585} INFO - Sync 1 DAGs
[2024-07-14T13:50:09.519+0000] {logging_mixin.py:120} INFO - [2024-07-14T13:50:09.519+0000] {dag.py:3340} INFO - Setting next_dagrun for example_xcom to 2021-01-01T00:00:00+00:00, run_after=2021-01-01T00:00:00+00:00
[2024-07-14T13:50:09.540+0000] {processor.py:176} INFO - Processing /home/airflow/.local/lib/python3.7/site-packages/airflow/example_dags/example_xcom.py took 0.343 seconds
[2024-07-14T13:50:40.533+0000] {processor.py:154} INFO - Started process (PID=2231) to work on /home/airflow/.local/lib/python3.7/site-packages/airflow/example_dags/example_xcom.py
[2024-07-14T13:50:40.534+0000] {processor.py:756} INFO - Processing file /home/airflow/.local/lib/python3.7/site-packages/airflow/example_dags/example_xcom.py for tasks to queue
[2024-07-14T13:50:40.536+0000] {logging_mixin.py:120} INFO - [2024-07-14T13:50:40.535+0000] {dagbag.py:537} INFO - Filling up the DagBag from /home/airflow/.local/lib/python3.7/site-packages/airflow/example_dags/example_xcom.py
[2024-07-14T13:50:40.556+0000] {processor.py:766} INFO - DAG(s) dict_keys(['example_xcom']) retrieved from /home/airflow/.local/lib/python3.7/site-packages/airflow/example_dags/example_xcom.py
[2024-07-14T13:50:40.591+0000] {logging_mixin.py:120} INFO - [2024-07-14T13:50:40.590+0000] {dag.py:2585} INFO - Sync 1 DAGs
[2024-07-14T13:50:40.612+0000] {logging_mixin.py:120} INFO - [2024-07-14T13:50:40.612+0000] {dag.py:3340} INFO - Setting next_dagrun for example_xcom to 2021-01-01T00:00:00+00:00, run_after=2021-01-01T00:00:00+00:00
[2024-07-14T13:50:40.629+0000] {processor.py:176} INFO - Processing /home/airflow/.local/lib/python3.7/site-packages/airflow/example_dags/example_xcom.py took 0.098 seconds
[2024-07-14T13:51:10.928+0000] {processor.py:154} INFO - Started process (PID=2297) to work on /home/airflow/.local/lib/python3.7/site-packages/airflow/example_dags/example_xcom.py
[2024-07-14T13:51:10.929+0000] {processor.py:756} INFO - Processing file /home/airflow/.local/lib/python3.7/site-packages/airflow/example_dags/example_xcom.py for tasks to queue
[2024-07-14T13:51:10.929+0000] {logging_mixin.py:120} INFO - [2024-07-14T13:51:10.929+0000] {dagbag.py:537} INFO - Filling up the DagBag from /home/airflow/.local/lib/python3.7/site-packages/airflow/example_dags/example_xcom.py
[2024-07-14T13:51:10.947+0000] {processor.py:766} INFO - DAG(s) dict_keys(['example_xcom']) retrieved from /home/airflow/.local/lib/python3.7/site-packages/airflow/example_dags/example_xcom.py
[2024-07-14T13:51:10.978+0000] {logging_mixin.py:120} INFO - [2024-07-14T13:51:10.978+0000] {dag.py:2585} INFO - Sync 1 DAGs
[2024-07-14T13:51:10.997+0000] {logging_mixin.py:120} INFO - [2024-07-14T13:51:10.997+0000] {dag.py:3340} INFO - Setting next_dagrun for example_xcom to 2021-01-01T00:00:00+00:00, run_after=2021-01-01T00:00:00+00:00
[2024-07-14T13:51:11.016+0000] {processor.py:176} INFO - Processing /home/airflow/.local/lib/python3.7/site-packages/airflow/example_dags/example_xcom.py took 0.090 seconds
[2024-07-14T13:51:41.353+0000] {processor.py:154} INFO - Started process (PID=2354) to work on /home/airflow/.local/lib/python3.7/site-packages/airflow/example_dags/example_xcom.py
[2024-07-14T13:51:41.354+0000] {processor.py:756} INFO - Processing file /home/airflow/.local/lib/python3.7/site-packages/airflow/example_dags/example_xcom.py for tasks to queue
[2024-07-14T13:51:41.355+0000] {logging_mixin.py:120} INFO - [2024-07-14T13:51:41.355+0000] {dagbag.py:537} INFO - Filling up the DagBag from /home/airflow/.local/lib/python3.7/site-packages/airflow/example_dags/example_xcom.py
[2024-07-14T13:51:41.381+0000] {processor.py:766} INFO - DAG(s) dict_keys(['example_xcom']) retrieved from /home/airflow/.local/lib/python3.7/site-packages/airflow/example_dags/example_xcom.py
[2024-07-14T13:51:41.414+0000] {logging_mixin.py:120} INFO - [2024-07-14T13:51:41.414+0000] {dag.py:2585} INFO - Sync 1 DAGs
[2024-07-14T13:51:41.433+0000] {logging_mixin.py:120} INFO - [2024-07-14T13:51:41.432+0000] {dag.py:3340} INFO - Setting next_dagrun for example_xcom to 2021-01-01T00:00:00+00:00, run_after=2021-01-01T00:00:00+00:00
[2024-07-14T13:51:41.452+0000] {processor.py:176} INFO - Processing /home/airflow/.local/lib/python3.7/site-packages/airflow/example_dags/example_xcom.py took 0.102 seconds
[2024-07-14T13:52:11.588+0000] {processor.py:154} INFO - Started process (PID=2420) to work on /home/airflow/.local/lib/python3.7/site-packages/airflow/example_dags/example_xcom.py
[2024-07-14T13:52:11.588+0000] {processor.py:756} INFO - Processing file /home/airflow/.local/lib/python3.7/site-packages/airflow/example_dags/example_xcom.py for tasks to queue
[2024-07-14T13:52:11.589+0000] {logging_mixin.py:120} INFO - [2024-07-14T13:52:11.589+0000] {dagbag.py:537} INFO - Filling up the DagBag from /home/airflow/.local/lib/python3.7/site-packages/airflow/example_dags/example_xcom.py
[2024-07-14T13:52:11.608+0000] {processor.py:766} INFO - DAG(s) dict_keys(['example_xcom']) retrieved from /home/airflow/.local/lib/python3.7/site-packages/airflow/example_dags/example_xcom.py
[2024-07-14T13:52:11.639+0000] {logging_mixin.py:120} INFO - [2024-07-14T13:52:11.638+0000] {dag.py:2585} INFO - Sync 1 DAGs
[2024-07-14T13:52:11.659+0000] {logging_mixin.py:120} INFO - [2024-07-14T13:52:11.659+0000] {dag.py:3340} INFO - Setting next_dagrun for example_xcom to 2021-01-01T00:00:00+00:00, run_after=2021-01-01T00:00:00+00:00
[2024-07-14T13:52:11.680+0000] {processor.py:176} INFO - Processing /home/airflow/.local/lib/python3.7/site-packages/airflow/example_dags/example_xcom.py took 0.094 seconds
[2024-07-14T13:52:42.043+0000] {processor.py:154} INFO - Started process (PID=2486) to work on /home/airflow/.local/lib/python3.7/site-packages/airflow/example_dags/example_xcom.py
[2024-07-14T13:52:42.044+0000] {processor.py:756} INFO - Processing file /home/airflow/.local/lib/python3.7/site-packages/airflow/example_dags/example_xcom.py for tasks to queue
[2024-07-14T13:52:42.045+0000] {logging_mixin.py:120} INFO - [2024-07-14T13:52:42.045+0000] {dagbag.py:537} INFO - Filling up the DagBag from /home/airflow/.local/lib/python3.7/site-packages/airflow/example_dags/example_xcom.py
[2024-07-14T13:52:42.067+0000] {processor.py:766} INFO - DAG(s) dict_keys(['example_xcom']) retrieved from /home/airflow/.local/lib/python3.7/site-packages/airflow/example_dags/example_xcom.py
[2024-07-14T13:52:42.095+0000] {logging_mixin.py:120} INFO - [2024-07-14T13:52:42.094+0000] {dag.py:2585} INFO - Sync 1 DAGs
[2024-07-14T13:52:42.112+0000] {logging_mixin.py:120} INFO - [2024-07-14T13:52:42.112+0000] {dag.py:3340} INFO - Setting next_dagrun for example_xcom to 2021-01-01T00:00:00+00:00, run_after=2021-01-01T00:00:00+00:00
[2024-07-14T13:52:42.146+0000] {processor.py:176} INFO - Processing /home/airflow/.local/lib/python3.7/site-packages/airflow/example_dags/example_xcom.py took 0.105 seconds
[2024-07-14T13:53:12.413+0000] {processor.py:154} INFO - Started process (PID=2552) to work on /home/airflow/.local/lib/python3.7/site-packages/airflow/example_dags/example_xcom.py
[2024-07-14T13:53:12.414+0000] {processor.py:756} INFO - Processing file /home/airflow/.local/lib/python3.7/site-packages/airflow/example_dags/example_xcom.py for tasks to queue
[2024-07-14T13:53:12.415+0000] {logging_mixin.py:120} INFO - [2024-07-14T13:53:12.414+0000] {dagbag.py:537} INFO - Filling up the DagBag from /home/airflow/.local/lib/python3.7/site-packages/airflow/example_dags/example_xcom.py
[2024-07-14T13:53:12.433+0000] {processor.py:766} INFO - DAG(s) dict_keys(['example_xcom']) retrieved from /home/airflow/.local/lib/python3.7/site-packages/airflow/example_dags/example_xcom.py
[2024-07-14T13:53:12.462+0000] {logging_mixin.py:120} INFO - [2024-07-14T13:53:12.462+0000] {dag.py:2585} INFO - Sync 1 DAGs
[2024-07-14T13:53:12.477+0000] {logging_mixin.py:120} INFO - [2024-07-14T13:53:12.477+0000] {dag.py:3340} INFO - Setting next_dagrun for example_xcom to 2021-01-01T00:00:00+00:00, run_after=2021-01-01T00:00:00+00:00
[2024-07-14T13:53:12.497+0000] {processor.py:176} INFO - Processing /home/airflow/.local/lib/python3.7/site-packages/airflow/example_dags/example_xcom.py took 0.086 seconds
[2024-07-14T13:53:42.533+0000] {processor.py:154} INFO - Started process (PID=2609) to work on /home/airflow/.local/lib/python3.7/site-packages/airflow/example_dags/example_xcom.py
[2024-07-14T13:53:42.534+0000] {processor.py:756} INFO - Processing file /home/airflow/.local/lib/python3.7/site-packages/airflow/example_dags/example_xcom.py for tasks to queue
[2024-07-14T13:53:42.535+0000] {logging_mixin.py:120} INFO - [2024-07-14T13:53:42.535+0000] {dagbag.py:537} INFO - Filling up the DagBag from /home/airflow/.local/lib/python3.7/site-packages/airflow/example_dags/example_xcom.py
[2024-07-14T13:53:42.550+0000] {processor.py:766} INFO - DAG(s) dict_keys(['example_xcom']) retrieved from /home/airflow/.local/lib/python3.7/site-packages/airflow/example_dags/example_xcom.py
[2024-07-14T13:53:42.577+0000] {logging_mixin.py:120} INFO - [2024-07-14T13:53:42.577+0000] {dag.py:2585} INFO - Sync 1 DAGs
[2024-07-14T13:53:42.594+0000] {logging_mixin.py:120} INFO - [2024-07-14T13:53:42.594+0000] {dag.py:3340} INFO - Setting next_dagrun for example_xcom to 2021-01-01T00:00:00+00:00, run_after=2021-01-01T00:00:00+00:00
[2024-07-14T13:53:42.610+0000] {processor.py:176} INFO - Processing /home/airflow/.local/lib/python3.7/site-packages/airflow/example_dags/example_xcom.py took 0.079 seconds
[2024-07-14T13:54:12.918+0000] {processor.py:154} INFO - Started process (PID=2674) to work on /home/airflow/.local/lib/python3.7/site-packages/airflow/example_dags/example_xcom.py
[2024-07-14T13:54:12.921+0000] {processor.py:756} INFO - Processing file /home/airflow/.local/lib/python3.7/site-packages/airflow/example_dags/example_xcom.py for tasks to queue
[2024-07-14T13:54:12.923+0000] {logging_mixin.py:120} INFO - [2024-07-14T13:54:12.923+0000] {dagbag.py:537} INFO - Filling up the DagBag from /home/airflow/.local/lib/python3.7/site-packages/airflow/example_dags/example_xcom.py
[2024-07-14T13:54:12.937+0000] {processor.py:766} INFO - DAG(s) dict_keys(['example_xcom']) retrieved from /home/airflow/.local/lib/python3.7/site-packages/airflow/example_dags/example_xcom.py
[2024-07-14T13:54:12.981+0000] {logging_mixin.py:120} INFO - [2024-07-14T13:54:12.981+0000] {dag.py:2585} INFO - Sync 1 DAGs
[2024-07-14T13:54:13.030+0000] {logging_mixin.py:120} INFO - [2024-07-14T13:54:13.030+0000] {dag.py:3340} INFO - Setting next_dagrun for example_xcom to 2021-01-01T00:00:00+00:00, run_after=2021-01-01T00:00:00+00:00
[2024-07-14T13:54:13.063+0000] {processor.py:176} INFO - Processing /home/airflow/.local/lib/python3.7/site-packages/airflow/example_dags/example_xcom.py took 0.148 seconds
[2024-07-14T13:54:43.173+0000] {processor.py:154} INFO - Started process (PID=2740) to work on /home/airflow/.local/lib/python3.7/site-packages/airflow/example_dags/example_xcom.py
[2024-07-14T13:54:43.173+0000] {processor.py:756} INFO - Processing file /home/airflow/.local/lib/python3.7/site-packages/airflow/example_dags/example_xcom.py for tasks to queue
[2024-07-14T13:54:43.174+0000] {logging_mixin.py:120} INFO - [2024-07-14T13:54:43.174+0000] {dagbag.py:537} INFO - Filling up the DagBag from /home/airflow/.local/lib/python3.7/site-packages/airflow/example_dags/example_xcom.py
[2024-07-14T13:54:43.208+0000] {processor.py:766} INFO - DAG(s) dict_keys(['example_xcom']) retrieved from /home/airflow/.local/lib/python3.7/site-packages/airflow/example_dags/example_xcom.py
[2024-07-14T13:54:43.268+0000] {logging_mixin.py:120} INFO - [2024-07-14T13:54:43.268+0000] {dag.py:2585} INFO - Sync 1 DAGs
[2024-07-14T13:54:43.292+0000] {logging_mixin.py:120} INFO - [2024-07-14T13:54:43.292+0000] {dag.py:3340} INFO - Setting next_dagrun for example_xcom to 2021-01-01T00:00:00+00:00, run_after=2021-01-01T00:00:00+00:00
[2024-07-14T13:54:43.311+0000] {processor.py:176} INFO - Processing /home/airflow/.local/lib/python3.7/site-packages/airflow/example_dags/example_xcom.py took 0.140 seconds
[2024-07-14T13:55:13.403+0000] {processor.py:154} INFO - Started process (PID=2806) to work on /home/airflow/.local/lib/python3.7/site-packages/airflow/example_dags/example_xcom.py
[2024-07-14T13:55:13.404+0000] {processor.py:756} INFO - Processing file /home/airflow/.local/lib/python3.7/site-packages/airflow/example_dags/example_xcom.py for tasks to queue
[2024-07-14T13:55:13.404+0000] {logging_mixin.py:120} INFO - [2024-07-14T13:55:13.404+0000] {dagbag.py:537} INFO - Filling up the DagBag from /home/airflow/.local/lib/python3.7/site-packages/airflow/example_dags/example_xcom.py
[2024-07-14T13:55:13.418+0000] {processor.py:766} INFO - DAG(s) dict_keys(['example_xcom']) retrieved from /home/airflow/.local/lib/python3.7/site-packages/airflow/example_dags/example_xcom.py
[2024-07-14T13:55:13.465+0000] {logging_mixin.py:120} INFO - [2024-07-14T13:55:13.465+0000] {dag.py:2585} INFO - Sync 1 DAGs
[2024-07-14T13:55:13.508+0000] {logging_mixin.py:120} INFO - [2024-07-14T13:55:13.508+0000] {dag.py:3340} INFO - Setting next_dagrun for example_xcom to 2021-01-01T00:00:00+00:00, run_after=2021-01-01T00:00:00+00:00
[2024-07-14T13:55:13.538+0000] {processor.py:176} INFO - Processing /home/airflow/.local/lib/python3.7/site-packages/airflow/example_dags/example_xcom.py took 0.137 seconds
[2024-07-14T13:55:43.977+0000] {processor.py:154} INFO - Started process (PID=2863) to work on /home/airflow/.local/lib/python3.7/site-packages/airflow/example_dags/example_xcom.py
[2024-07-14T13:55:43.978+0000] {processor.py:756} INFO - Processing file /home/airflow/.local/lib/python3.7/site-packages/airflow/example_dags/example_xcom.py for tasks to queue
[2024-07-14T13:55:43.978+0000] {logging_mixin.py:120} INFO - [2024-07-14T13:55:43.978+0000] {dagbag.py:537} INFO - Filling up the DagBag from /home/airflow/.local/lib/python3.7/site-packages/airflow/example_dags/example_xcom.py
[2024-07-14T13:55:43.999+0000] {processor.py:766} INFO - DAG(s) dict_keys(['example_xcom']) retrieved from /home/airflow/.local/lib/python3.7/site-packages/airflow/example_dags/example_xcom.py
[2024-07-14T13:55:44.045+0000] {logging_mixin.py:120} INFO - [2024-07-14T13:55:44.045+0000] {dag.py:2585} INFO - Sync 1 DAGs
[2024-07-14T13:55:44.084+0000] {logging_mixin.py:120} INFO - [2024-07-14T13:55:44.084+0000] {dag.py:3340} INFO - Setting next_dagrun for example_xcom to 2021-01-01T00:00:00+00:00, run_after=2021-01-01T00:00:00+00:00
[2024-07-14T13:55:44.221+0000] {processor.py:176} INFO - Processing /home/airflow/.local/lib/python3.7/site-packages/airflow/example_dags/example_xcom.py took 0.247 seconds
[2024-07-14T14:28:40.176+0000] {processor.py:153} INFO - Started process (PID=53) to work on /home/airflow/.local/lib/python3.7/site-packages/airflow/example_dags/example_xcom.py
[2024-07-14T14:28:40.177+0000] {processor.py:743} INFO - Processing file /home/airflow/.local/lib/python3.7/site-packages/airflow/example_dags/example_xcom.py for tasks to queue
[2024-07-14T14:28:40.178+0000] {logging_mixin.py:137} INFO - [2024-07-14T14:28:40.178+0000] {dagbag.py:538} INFO - Filling up the DagBag from /home/airflow/.local/lib/python3.7/site-packages/airflow/example_dags/example_xcom.py
[2024-07-14T14:28:40.209+0000] {processor.py:753} INFO - DAG(s) dict_keys(['example_xcom']) retrieved from /home/airflow/.local/lib/python3.7/site-packages/airflow/example_dags/example_xcom.py
[2024-07-14T14:28:40.218+0000] {logging_mixin.py:137} INFO - [2024-07-14T14:28:40.218+0000] {dag.py:2690} INFO - Sync 1 DAGs
[2024-07-14T14:28:40.238+0000] {logging_mixin.py:137} INFO - [2024-07-14T14:28:40.238+0000] {dag.py:3441} INFO - Setting next_dagrun for example_xcom to 2021-01-01T00:00:00+00:00, run_after=2021-01-01T00:00:00+00:00
[2024-07-14T14:28:40.253+0000] {processor.py:175} INFO - Processing /home/airflow/.local/lib/python3.7/site-packages/airflow/example_dags/example_xcom.py took 0.079 seconds
[2024-07-14T14:29:10.312+0000] {processor.py:153} INFO - Started process (PID=184) to work on /home/airflow/.local/lib/python3.7/site-packages/airflow/example_dags/example_xcom.py
[2024-07-14T14:29:10.313+0000] {processor.py:743} INFO - Processing file /home/airflow/.local/lib/python3.7/site-packages/airflow/example_dags/example_xcom.py for tasks to queue
[2024-07-14T14:29:10.314+0000] {logging_mixin.py:137} INFO - [2024-07-14T14:29:10.314+0000] {dagbag.py:538} INFO - Filling up the DagBag from /home/airflow/.local/lib/python3.7/site-packages/airflow/example_dags/example_xcom.py
[2024-07-14T14:29:10.330+0000] {processor.py:753} INFO - DAG(s) dict_keys(['example_xcom']) retrieved from /home/airflow/.local/lib/python3.7/site-packages/airflow/example_dags/example_xcom.py
[2024-07-14T14:29:10.355+0000] {logging_mixin.py:137} INFO - [2024-07-14T14:29:10.355+0000] {dag.py:2690} INFO - Sync 1 DAGs
[2024-07-14T14:29:10.387+0000] {logging_mixin.py:137} INFO - [2024-07-14T14:29:10.387+0000] {dag.py:3441} INFO - Setting next_dagrun for example_xcom to 2021-01-01T00:00:00+00:00, run_after=2021-01-01T00:00:00+00:00
[2024-07-14T14:29:10.414+0000] {processor.py:175} INFO - Processing /home/airflow/.local/lib/python3.7/site-packages/airflow/example_dags/example_xcom.py took 0.104 seconds
