[2024-07-14T13:33:25.026+0000] {processor.py:154} INFO - Started process (PID=91) to work on /home/airflow/.local/lib/python3.7/site-packages/airflow/example_dags/example_bash_operator.py
[2024-07-14T13:33:25.028+0000] {processor.py:756} INFO - Processing file /home/airflow/.local/lib/python3.7/site-packages/airflow/example_dags/example_bash_operator.py for tasks to queue
[2024-07-14T13:33:25.029+0000] {logging_mixin.py:120} INFO - [2024-07-14T13:33:25.028+0000] {dagbag.py:537} INFO - Filling up the DagBag from /home/airflow/.local/lib/python3.7/site-packages/airflow/example_dags/example_bash_operator.py
[2024-07-14T13:33:25.061+0000] {processor.py:766} INFO - DAG(s) dict_keys(['example_bash_operator']) retrieved from /home/airflow/.local/lib/python3.7/site-packages/airflow/example_dags/example_bash_operator.py
[2024-07-14T13:33:25.090+0000] {logging_mixin.py:120} INFO - [2024-07-14T13:33:25.090+0000] {dag.py:2585} INFO - Sync 1 DAGs
[2024-07-14T13:33:25.126+0000] {logging_mixin.py:120} INFO - [2024-07-14T13:33:25.126+0000] {dag.py:3340} INFO - Setting next_dagrun for example_bash_operator to 2024-07-13T00:00:00+00:00, run_after=2024-07-14T00:00:00+00:00
[2024-07-14T13:33:25.155+0000] {processor.py:176} INFO - Processing /home/airflow/.local/lib/python3.7/site-packages/airflow/example_dags/example_bash_operator.py took 0.134 seconds
[2024-07-14T13:33:56.261+0000] {processor.py:154} INFO - Started process (PID=158) to work on /home/airflow/.local/lib/python3.7/site-packages/airflow/example_dags/example_bash_operator.py
[2024-07-14T13:33:56.262+0000] {processor.py:756} INFO - Processing file /home/airflow/.local/lib/python3.7/site-packages/airflow/example_dags/example_bash_operator.py for tasks to queue
[2024-07-14T13:33:56.263+0000] {logging_mixin.py:120} INFO - [2024-07-14T13:33:56.263+0000] {dagbag.py:537} INFO - Filling up the DagBag from /home/airflow/.local/lib/python3.7/site-packages/airflow/example_dags/example_bash_operator.py
[2024-07-14T13:33:56.285+0000] {processor.py:766} INFO - DAG(s) dict_keys(['example_bash_operator']) retrieved from /home/airflow/.local/lib/python3.7/site-packages/airflow/example_dags/example_bash_operator.py
[2024-07-14T13:33:56.337+0000] {logging_mixin.py:120} INFO - [2024-07-14T13:33:56.337+0000] {dag.py:2585} INFO - Sync 1 DAGs
[2024-07-14T13:33:56.371+0000] {logging_mixin.py:120} INFO - [2024-07-14T13:33:56.371+0000] {dag.py:3340} INFO - Setting next_dagrun for example_bash_operator to 2024-07-13T00:00:00+00:00, run_after=2024-07-14T00:00:00+00:00
[2024-07-14T13:33:56.399+0000] {processor.py:176} INFO - Processing /home/airflow/.local/lib/python3.7/site-packages/airflow/example_dags/example_bash_operator.py took 0.141 seconds
[2024-07-14T13:34:26.986+0000] {processor.py:154} INFO - Started process (PID=216) to work on /home/airflow/.local/lib/python3.7/site-packages/airflow/example_dags/example_bash_operator.py
[2024-07-14T13:34:26.988+0000] {processor.py:756} INFO - Processing file /home/airflow/.local/lib/python3.7/site-packages/airflow/example_dags/example_bash_operator.py for tasks to queue
[2024-07-14T13:34:26.988+0000] {logging_mixin.py:120} INFO - [2024-07-14T13:34:26.988+0000] {dagbag.py:537} INFO - Filling up the DagBag from /home/airflow/.local/lib/python3.7/site-packages/airflow/example_dags/example_bash_operator.py
[2024-07-14T13:34:27.006+0000] {processor.py:766} INFO - DAG(s) dict_keys(['example_bash_operator']) retrieved from /home/airflow/.local/lib/python3.7/site-packages/airflow/example_dags/example_bash_operator.py
[2024-07-14T13:34:27.046+0000] {logging_mixin.py:120} INFO - [2024-07-14T13:34:27.046+0000] {dag.py:2585} INFO - Sync 1 DAGs
[2024-07-14T13:34:27.071+0000] {logging_mixin.py:120} INFO - [2024-07-14T13:34:27.071+0000] {dag.py:3340} INFO - Setting next_dagrun for example_bash_operator to 2024-07-13T00:00:00+00:00, run_after=2024-07-14T00:00:00+00:00
[2024-07-14T13:34:27.088+0000] {processor.py:176} INFO - Processing /home/airflow/.local/lib/python3.7/site-packages/airflow/example_dags/example_bash_operator.py took 0.105 seconds
[2024-07-14T13:34:58.194+0000] {processor.py:154} INFO - Started process (PID=281) to work on /home/airflow/.local/lib/python3.7/site-packages/airflow/example_dags/example_bash_operator.py
[2024-07-14T13:34:58.195+0000] {processor.py:756} INFO - Processing file /home/airflow/.local/lib/python3.7/site-packages/airflow/example_dags/example_bash_operator.py for tasks to queue
[2024-07-14T13:34:58.195+0000] {logging_mixin.py:120} INFO - [2024-07-14T13:34:58.195+0000] {dagbag.py:537} INFO - Filling up the DagBag from /home/airflow/.local/lib/python3.7/site-packages/airflow/example_dags/example_bash_operator.py
[2024-07-14T13:34:58.210+0000] {processor.py:766} INFO - DAG(s) dict_keys(['example_bash_operator']) retrieved from /home/airflow/.local/lib/python3.7/site-packages/airflow/example_dags/example_bash_operator.py
[2024-07-14T13:34:58.242+0000] {logging_mixin.py:120} INFO - [2024-07-14T13:34:58.242+0000] {dag.py:2585} INFO - Sync 1 DAGs
[2024-07-14T13:34:58.260+0000] {logging_mixin.py:120} INFO - [2024-07-14T13:34:58.260+0000] {dag.py:3340} INFO - Setting next_dagrun for example_bash_operator to 2024-07-13T00:00:00+00:00, run_after=2024-07-14T00:00:00+00:00
[2024-07-14T13:34:58.281+0000] {processor.py:176} INFO - Processing /home/airflow/.local/lib/python3.7/site-packages/airflow/example_dags/example_bash_operator.py took 0.090 seconds
[2024-07-14T13:35:28.968+0000] {processor.py:154} INFO - Started process (PID=346) to work on /home/airflow/.local/lib/python3.7/site-packages/airflow/example_dags/example_bash_operator.py
[2024-07-14T13:35:28.969+0000] {processor.py:756} INFO - Processing file /home/airflow/.local/lib/python3.7/site-packages/airflow/example_dags/example_bash_operator.py for tasks to queue
[2024-07-14T13:35:28.970+0000] {logging_mixin.py:120} INFO - [2024-07-14T13:35:28.970+0000] {dagbag.py:537} INFO - Filling up the DagBag from /home/airflow/.local/lib/python3.7/site-packages/airflow/example_dags/example_bash_operator.py
[2024-07-14T13:35:28.984+0000] {processor.py:766} INFO - DAG(s) dict_keys(['example_bash_operator']) retrieved from /home/airflow/.local/lib/python3.7/site-packages/airflow/example_dags/example_bash_operator.py
[2024-07-14T13:35:29.018+0000] {logging_mixin.py:120} INFO - [2024-07-14T13:35:29.018+0000] {dag.py:2585} INFO - Sync 1 DAGs
[2024-07-14T13:35:29.040+0000] {logging_mixin.py:120} INFO - [2024-07-14T13:35:29.040+0000] {dag.py:3340} INFO - Setting next_dagrun for example_bash_operator to 2024-07-13T00:00:00+00:00, run_after=2024-07-14T00:00:00+00:00
[2024-07-14T13:35:29.054+0000] {processor.py:176} INFO - Processing /home/airflow/.local/lib/python3.7/site-packages/airflow/example_dags/example_bash_operator.py took 0.088 seconds
[2024-07-14T13:35:59.211+0000] {processor.py:154} INFO - Started process (PID=412) to work on /home/airflow/.local/lib/python3.7/site-packages/airflow/example_dags/example_bash_operator.py
[2024-07-14T13:35:59.212+0000] {processor.py:756} INFO - Processing file /home/airflow/.local/lib/python3.7/site-packages/airflow/example_dags/example_bash_operator.py for tasks to queue
[2024-07-14T13:35:59.213+0000] {logging_mixin.py:120} INFO - [2024-07-14T13:35:59.213+0000] {dagbag.py:537} INFO - Filling up the DagBag from /home/airflow/.local/lib/python3.7/site-packages/airflow/example_dags/example_bash_operator.py
[2024-07-14T13:35:59.227+0000] {processor.py:766} INFO - DAG(s) dict_keys(['example_bash_operator']) retrieved from /home/airflow/.local/lib/python3.7/site-packages/airflow/example_dags/example_bash_operator.py
[2024-07-14T13:35:59.264+0000] {logging_mixin.py:120} INFO - [2024-07-14T13:35:59.264+0000] {dag.py:2585} INFO - Sync 1 DAGs
[2024-07-14T13:35:59.286+0000] {logging_mixin.py:120} INFO - [2024-07-14T13:35:59.286+0000] {dag.py:3340} INFO - Setting next_dagrun for example_bash_operator to 2024-07-13T00:00:00+00:00, run_after=2024-07-14T00:00:00+00:00
[2024-07-14T13:35:59.299+0000] {processor.py:176} INFO - Processing /home/airflow/.local/lib/python3.7/site-packages/airflow/example_dags/example_bash_operator.py took 0.090 seconds
[2024-07-14T13:36:30.003+0000] {processor.py:154} INFO - Started process (PID=469) to work on /home/airflow/.local/lib/python3.7/site-packages/airflow/example_dags/example_bash_operator.py
[2024-07-14T13:36:30.004+0000] {processor.py:756} INFO - Processing file /home/airflow/.local/lib/python3.7/site-packages/airflow/example_dags/example_bash_operator.py for tasks to queue
[2024-07-14T13:36:30.006+0000] {logging_mixin.py:120} INFO - [2024-07-14T13:36:30.006+0000] {dagbag.py:537} INFO - Filling up the DagBag from /home/airflow/.local/lib/python3.7/site-packages/airflow/example_dags/example_bash_operator.py
[2024-07-14T13:36:30.025+0000] {processor.py:766} INFO - DAG(s) dict_keys(['example_bash_operator']) retrieved from /home/airflow/.local/lib/python3.7/site-packages/airflow/example_dags/example_bash_operator.py
[2024-07-14T13:36:30.061+0000] {logging_mixin.py:120} INFO - [2024-07-14T13:36:30.061+0000] {dag.py:2585} INFO - Sync 1 DAGs
[2024-07-14T13:36:30.079+0000] {logging_mixin.py:120} INFO - [2024-07-14T13:36:30.079+0000] {dag.py:3340} INFO - Setting next_dagrun for example_bash_operator to 2024-07-13T00:00:00+00:00, run_after=2024-07-14T00:00:00+00:00
[2024-07-14T13:36:30.107+0000] {processor.py:176} INFO - Processing /home/airflow/.local/lib/python3.7/site-packages/airflow/example_dags/example_bash_operator.py took 0.106 seconds
[2024-07-14T13:37:00.729+0000] {processor.py:154} INFO - Started process (PID=535) to work on /home/airflow/.local/lib/python3.7/site-packages/airflow/example_dags/example_bash_operator.py
[2024-07-14T13:37:00.731+0000] {processor.py:756} INFO - Processing file /home/airflow/.local/lib/python3.7/site-packages/airflow/example_dags/example_bash_operator.py for tasks to queue
[2024-07-14T13:37:00.732+0000] {logging_mixin.py:120} INFO - [2024-07-14T13:37:00.731+0000] {dagbag.py:537} INFO - Filling up the DagBag from /home/airflow/.local/lib/python3.7/site-packages/airflow/example_dags/example_bash_operator.py
[2024-07-14T13:37:00.746+0000] {processor.py:766} INFO - DAG(s) dict_keys(['example_bash_operator']) retrieved from /home/airflow/.local/lib/python3.7/site-packages/airflow/example_dags/example_bash_operator.py
[2024-07-14T13:37:00.780+0000] {logging_mixin.py:120} INFO - [2024-07-14T13:37:00.780+0000] {dag.py:2585} INFO - Sync 1 DAGs
[2024-07-14T13:37:00.799+0000] {logging_mixin.py:120} INFO - [2024-07-14T13:37:00.798+0000] {dag.py:3340} INFO - Setting next_dagrun for example_bash_operator to 2024-07-13T00:00:00+00:00, run_after=2024-07-14T00:00:00+00:00
[2024-07-14T13:37:00.812+0000] {processor.py:176} INFO - Processing /home/airflow/.local/lib/python3.7/site-packages/airflow/example_dags/example_bash_operator.py took 0.085 seconds
[2024-07-14T13:37:30.923+0000] {processor.py:154} INFO - Started process (PID=601) to work on /home/airflow/.local/lib/python3.7/site-packages/airflow/example_dags/example_bash_operator.py
[2024-07-14T13:37:30.924+0000] {processor.py:756} INFO - Processing file /home/airflow/.local/lib/python3.7/site-packages/airflow/example_dags/example_bash_operator.py for tasks to queue
[2024-07-14T13:37:30.925+0000] {logging_mixin.py:120} INFO - [2024-07-14T13:37:30.924+0000] {dagbag.py:537} INFO - Filling up the DagBag from /home/airflow/.local/lib/python3.7/site-packages/airflow/example_dags/example_bash_operator.py
[2024-07-14T13:37:30.939+0000] {processor.py:766} INFO - DAG(s) dict_keys(['example_bash_operator']) retrieved from /home/airflow/.local/lib/python3.7/site-packages/airflow/example_dags/example_bash_operator.py
[2024-07-14T13:37:30.972+0000] {logging_mixin.py:120} INFO - [2024-07-14T13:37:30.971+0000] {dag.py:2585} INFO - Sync 1 DAGs
[2024-07-14T13:37:30.990+0000] {logging_mixin.py:120} INFO - [2024-07-14T13:37:30.990+0000] {dag.py:3340} INFO - Setting next_dagrun for example_bash_operator to 2024-07-13T00:00:00+00:00, run_after=2024-07-14T00:00:00+00:00
[2024-07-14T13:37:31.006+0000] {processor.py:176} INFO - Processing /home/airflow/.local/lib/python3.7/site-packages/airflow/example_dags/example_bash_operator.py took 0.085 seconds
[2024-07-14T13:38:01.974+0000] {processor.py:154} INFO - Started process (PID=667) to work on /home/airflow/.local/lib/python3.7/site-packages/airflow/example_dags/example_bash_operator.py
[2024-07-14T13:38:01.975+0000] {processor.py:756} INFO - Processing file /home/airflow/.local/lib/python3.7/site-packages/airflow/example_dags/example_bash_operator.py for tasks to queue
[2024-07-14T13:38:01.976+0000] {logging_mixin.py:120} INFO - [2024-07-14T13:38:01.975+0000] {dagbag.py:537} INFO - Filling up the DagBag from /home/airflow/.local/lib/python3.7/site-packages/airflow/example_dags/example_bash_operator.py
[2024-07-14T13:38:01.991+0000] {processor.py:766} INFO - DAG(s) dict_keys(['example_bash_operator']) retrieved from /home/airflow/.local/lib/python3.7/site-packages/airflow/example_dags/example_bash_operator.py
[2024-07-14T13:38:02.024+0000] {logging_mixin.py:120} INFO - [2024-07-14T13:38:02.024+0000] {dag.py:2585} INFO - Sync 1 DAGs
[2024-07-14T13:38:02.049+0000] {logging_mixin.py:120} INFO - [2024-07-14T13:38:02.049+0000] {dag.py:3340} INFO - Setting next_dagrun for example_bash_operator to 2024-07-13T00:00:00+00:00, run_after=2024-07-14T00:00:00+00:00
[2024-07-14T13:38:02.073+0000] {processor.py:176} INFO - Processing /home/airflow/.local/lib/python3.7/site-packages/airflow/example_dags/example_bash_operator.py took 0.101 seconds
[2024-07-14T13:38:32.486+0000] {processor.py:154} INFO - Started process (PID=733) to work on /home/airflow/.local/lib/python3.7/site-packages/airflow/example_dags/example_bash_operator.py
[2024-07-14T13:38:32.487+0000] {processor.py:756} INFO - Processing file /home/airflow/.local/lib/python3.7/site-packages/airflow/example_dags/example_bash_operator.py for tasks to queue
[2024-07-14T13:38:32.487+0000] {logging_mixin.py:120} INFO - [2024-07-14T13:38:32.487+0000] {dagbag.py:537} INFO - Filling up the DagBag from /home/airflow/.local/lib/python3.7/site-packages/airflow/example_dags/example_bash_operator.py
[2024-07-14T13:38:32.502+0000] {processor.py:766} INFO - DAG(s) dict_keys(['example_bash_operator']) retrieved from /home/airflow/.local/lib/python3.7/site-packages/airflow/example_dags/example_bash_operator.py
[2024-07-14T13:38:32.534+0000] {logging_mixin.py:120} INFO - [2024-07-14T13:38:32.534+0000] {dag.py:2585} INFO - Sync 1 DAGs
[2024-07-14T13:38:32.553+0000] {logging_mixin.py:120} INFO - [2024-07-14T13:38:32.553+0000] {dag.py:3340} INFO - Setting next_dagrun for example_bash_operator to 2024-07-13T00:00:00+00:00, run_after=2024-07-14T00:00:00+00:00
[2024-07-14T13:38:32.570+0000] {processor.py:176} INFO - Processing /home/airflow/.local/lib/python3.7/site-packages/airflow/example_dags/example_bash_operator.py took 0.086 seconds
[2024-07-14T13:39:02.909+0000] {processor.py:154} INFO - Started process (PID=790) to work on /home/airflow/.local/lib/python3.7/site-packages/airflow/example_dags/example_bash_operator.py
[2024-07-14T13:39:02.910+0000] {processor.py:756} INFO - Processing file /home/airflow/.local/lib/python3.7/site-packages/airflow/example_dags/example_bash_operator.py for tasks to queue
[2024-07-14T13:39:02.910+0000] {logging_mixin.py:120} INFO - [2024-07-14T13:39:02.910+0000] {dagbag.py:537} INFO - Filling up the DagBag from /home/airflow/.local/lib/python3.7/site-packages/airflow/example_dags/example_bash_operator.py
[2024-07-14T13:39:02.924+0000] {processor.py:766} INFO - DAG(s) dict_keys(['example_bash_operator']) retrieved from /home/airflow/.local/lib/python3.7/site-packages/airflow/example_dags/example_bash_operator.py
[2024-07-14T13:39:02.957+0000] {logging_mixin.py:120} INFO - [2024-07-14T13:39:02.957+0000] {dag.py:2585} INFO - Sync 1 DAGs
[2024-07-14T13:39:02.977+0000] {logging_mixin.py:120} INFO - [2024-07-14T13:39:02.977+0000] {dag.py:3340} INFO - Setting next_dagrun for example_bash_operator to 2024-07-13T00:00:00+00:00, run_after=2024-07-14T00:00:00+00:00
[2024-07-14T13:39:02.991+0000] {processor.py:176} INFO - Processing /home/airflow/.local/lib/python3.7/site-packages/airflow/example_dags/example_bash_operator.py took 0.084 seconds
[2024-07-14T13:39:33.592+0000] {processor.py:154} INFO - Started process (PID=854) to work on /home/airflow/.local/lib/python3.7/site-packages/airflow/example_dags/example_bash_operator.py
[2024-07-14T13:39:33.593+0000] {processor.py:756} INFO - Processing file /home/airflow/.local/lib/python3.7/site-packages/airflow/example_dags/example_bash_operator.py for tasks to queue
[2024-07-14T13:39:33.596+0000] {logging_mixin.py:120} INFO - [2024-07-14T13:39:33.596+0000] {dagbag.py:537} INFO - Filling up the DagBag from /home/airflow/.local/lib/python3.7/site-packages/airflow/example_dags/example_bash_operator.py
[2024-07-14T13:39:33.620+0000] {processor.py:766} INFO - DAG(s) dict_keys(['example_bash_operator']) retrieved from /home/airflow/.local/lib/python3.7/site-packages/airflow/example_dags/example_bash_operator.py
[2024-07-14T13:39:33.657+0000] {logging_mixin.py:120} INFO - [2024-07-14T13:39:33.657+0000] {dag.py:2585} INFO - Sync 1 DAGs
[2024-07-14T13:39:33.679+0000] {logging_mixin.py:120} INFO - [2024-07-14T13:39:33.679+0000] {dag.py:3340} INFO - Setting next_dagrun for example_bash_operator to 2024-07-13T00:00:00+00:00, run_after=2024-07-14T00:00:00+00:00
[2024-07-14T13:39:33.699+0000] {processor.py:176} INFO - Processing /home/airflow/.local/lib/python3.7/site-packages/airflow/example_dags/example_bash_operator.py took 0.110 seconds
[2024-07-14T13:40:04.377+0000] {processor.py:154} INFO - Started process (PID=920) to work on /home/airflow/.local/lib/python3.7/site-packages/airflow/example_dags/example_bash_operator.py
[2024-07-14T13:40:04.378+0000] {processor.py:756} INFO - Processing file /home/airflow/.local/lib/python3.7/site-packages/airflow/example_dags/example_bash_operator.py for tasks to queue
[2024-07-14T13:40:04.379+0000] {logging_mixin.py:120} INFO - [2024-07-14T13:40:04.379+0000] {dagbag.py:537} INFO - Filling up the DagBag from /home/airflow/.local/lib/python3.7/site-packages/airflow/example_dags/example_bash_operator.py
[2024-07-14T13:40:04.394+0000] {processor.py:766} INFO - DAG(s) dict_keys(['example_bash_operator']) retrieved from /home/airflow/.local/lib/python3.7/site-packages/airflow/example_dags/example_bash_operator.py
[2024-07-14T13:40:04.432+0000] {logging_mixin.py:120} INFO - [2024-07-14T13:40:04.432+0000] {dag.py:2585} INFO - Sync 1 DAGs
[2024-07-14T13:40:04.455+0000] {logging_mixin.py:120} INFO - [2024-07-14T13:40:04.455+0000] {dag.py:3340} INFO - Setting next_dagrun for example_bash_operator to 2024-07-13T00:00:00+00:00, run_after=2024-07-14T00:00:00+00:00
[2024-07-14T13:40:04.473+0000] {processor.py:176} INFO - Processing /home/airflow/.local/lib/python3.7/site-packages/airflow/example_dags/example_bash_operator.py took 0.098 seconds
[2024-07-14T13:40:35.124+0000] {processor.py:154} INFO - Started process (PID=986) to work on /home/airflow/.local/lib/python3.7/site-packages/airflow/example_dags/example_bash_operator.py
[2024-07-14T13:40:35.125+0000] {processor.py:756} INFO - Processing file /home/airflow/.local/lib/python3.7/site-packages/airflow/example_dags/example_bash_operator.py for tasks to queue
[2024-07-14T13:40:35.125+0000] {logging_mixin.py:120} INFO - [2024-07-14T13:40:35.125+0000] {dagbag.py:537} INFO - Filling up the DagBag from /home/airflow/.local/lib/python3.7/site-packages/airflow/example_dags/example_bash_operator.py
[2024-07-14T13:40:35.139+0000] {processor.py:766} INFO - DAG(s) dict_keys(['example_bash_operator']) retrieved from /home/airflow/.local/lib/python3.7/site-packages/airflow/example_dags/example_bash_operator.py
[2024-07-14T13:40:35.178+0000] {logging_mixin.py:120} INFO - [2024-07-14T13:40:35.178+0000] {dag.py:2585} INFO - Sync 1 DAGs
[2024-07-14T13:40:35.196+0000] {logging_mixin.py:120} INFO - [2024-07-14T13:40:35.196+0000] {dag.py:3340} INFO - Setting next_dagrun for example_bash_operator to 2024-07-13T00:00:00+00:00, run_after=2024-07-14T00:00:00+00:00
[2024-07-14T13:40:35.219+0000] {processor.py:176} INFO - Processing /home/airflow/.local/lib/python3.7/site-packages/airflow/example_dags/example_bash_operator.py took 0.098 seconds
[2024-07-14T13:41:05.644+0000] {processor.py:154} INFO - Started process (PID=1043) to work on /home/airflow/.local/lib/python3.7/site-packages/airflow/example_dags/example_bash_operator.py
[2024-07-14T13:41:05.644+0000] {processor.py:756} INFO - Processing file /home/airflow/.local/lib/python3.7/site-packages/airflow/example_dags/example_bash_operator.py for tasks to queue
[2024-07-14T13:41:05.645+0000] {logging_mixin.py:120} INFO - [2024-07-14T13:41:05.645+0000] {dagbag.py:537} INFO - Filling up the DagBag from /home/airflow/.local/lib/python3.7/site-packages/airflow/example_dags/example_bash_operator.py
[2024-07-14T13:41:05.663+0000] {processor.py:766} INFO - DAG(s) dict_keys(['example_bash_operator']) retrieved from /home/airflow/.local/lib/python3.7/site-packages/airflow/example_dags/example_bash_operator.py
[2024-07-14T13:41:05.694+0000] {logging_mixin.py:120} INFO - [2024-07-14T13:41:05.694+0000] {dag.py:2585} INFO - Sync 1 DAGs
[2024-07-14T13:41:05.716+0000] {logging_mixin.py:120} INFO - [2024-07-14T13:41:05.716+0000] {dag.py:3340} INFO - Setting next_dagrun for example_bash_operator to 2024-07-13T00:00:00+00:00, run_after=2024-07-14T00:00:00+00:00
[2024-07-14T13:41:05.737+0000] {processor.py:176} INFO - Processing /home/airflow/.local/lib/python3.7/site-packages/airflow/example_dags/example_bash_operator.py took 0.095 seconds
[2024-07-14T13:41:35.906+0000] {processor.py:154} INFO - Started process (PID=1109) to work on /home/airflow/.local/lib/python3.7/site-packages/airflow/example_dags/example_bash_operator.py
[2024-07-14T13:41:35.906+0000] {processor.py:756} INFO - Processing file /home/airflow/.local/lib/python3.7/site-packages/airflow/example_dags/example_bash_operator.py for tasks to queue
[2024-07-14T13:41:35.907+0000] {logging_mixin.py:120} INFO - [2024-07-14T13:41:35.907+0000] {dagbag.py:537} INFO - Filling up the DagBag from /home/airflow/.local/lib/python3.7/site-packages/airflow/example_dags/example_bash_operator.py
[2024-07-14T13:41:35.923+0000] {processor.py:766} INFO - DAG(s) dict_keys(['example_bash_operator']) retrieved from /home/airflow/.local/lib/python3.7/site-packages/airflow/example_dags/example_bash_operator.py
[2024-07-14T13:41:35.957+0000] {logging_mixin.py:120} INFO - [2024-07-14T13:41:35.957+0000] {dag.py:2585} INFO - Sync 1 DAGs
[2024-07-14T13:41:35.988+0000] {logging_mixin.py:120} INFO - [2024-07-14T13:41:35.988+0000] {dag.py:3340} INFO - Setting next_dagrun for example_bash_operator to 2024-07-13T00:00:00+00:00, run_after=2024-07-14T00:00:00+00:00
[2024-07-14T13:41:36.002+0000] {processor.py:176} INFO - Processing /home/airflow/.local/lib/python3.7/site-packages/airflow/example_dags/example_bash_operator.py took 0.098 seconds
[2024-07-14T13:42:06.630+0000] {processor.py:154} INFO - Started process (PID=1175) to work on /home/airflow/.local/lib/python3.7/site-packages/airflow/example_dags/example_bash_operator.py
[2024-07-14T13:42:06.631+0000] {processor.py:756} INFO - Processing file /home/airflow/.local/lib/python3.7/site-packages/airflow/example_dags/example_bash_operator.py for tasks to queue
[2024-07-14T13:42:06.631+0000] {logging_mixin.py:120} INFO - [2024-07-14T13:42:06.631+0000] {dagbag.py:537} INFO - Filling up the DagBag from /home/airflow/.local/lib/python3.7/site-packages/airflow/example_dags/example_bash_operator.py
[2024-07-14T13:42:06.647+0000] {processor.py:766} INFO - DAG(s) dict_keys(['example_bash_operator']) retrieved from /home/airflow/.local/lib/python3.7/site-packages/airflow/example_dags/example_bash_operator.py
[2024-07-14T13:42:06.680+0000] {logging_mixin.py:120} INFO - [2024-07-14T13:42:06.680+0000] {dag.py:2585} INFO - Sync 1 DAGs
[2024-07-14T13:42:06.699+0000] {logging_mixin.py:120} INFO - [2024-07-14T13:42:06.699+0000] {dag.py:3340} INFO - Setting next_dagrun for example_bash_operator to 2024-07-13T00:00:00+00:00, run_after=2024-07-14T00:00:00+00:00
[2024-07-14T13:42:06.715+0000] {processor.py:176} INFO - Processing /home/airflow/.local/lib/python3.7/site-packages/airflow/example_dags/example_bash_operator.py took 0.087 seconds
[2024-07-14T13:42:37.265+0000] {processor.py:154} INFO - Started process (PID=1241) to work on /home/airflow/.local/lib/python3.7/site-packages/airflow/example_dags/example_bash_operator.py
[2024-07-14T13:42:37.265+0000] {processor.py:756} INFO - Processing file /home/airflow/.local/lib/python3.7/site-packages/airflow/example_dags/example_bash_operator.py for tasks to queue
[2024-07-14T13:42:37.266+0000] {logging_mixin.py:120} INFO - [2024-07-14T13:42:37.266+0000] {dagbag.py:537} INFO - Filling up the DagBag from /home/airflow/.local/lib/python3.7/site-packages/airflow/example_dags/example_bash_operator.py
[2024-07-14T13:42:37.280+0000] {processor.py:766} INFO - DAG(s) dict_keys(['example_bash_operator']) retrieved from /home/airflow/.local/lib/python3.7/site-packages/airflow/example_dags/example_bash_operator.py
[2024-07-14T13:42:37.310+0000] {logging_mixin.py:120} INFO - [2024-07-14T13:42:37.310+0000] {dag.py:2585} INFO - Sync 1 DAGs
[2024-07-14T13:42:37.326+0000] {logging_mixin.py:120} INFO - [2024-07-14T13:42:37.326+0000] {dag.py:3340} INFO - Setting next_dagrun for example_bash_operator to 2024-07-13T00:00:00+00:00, run_after=2024-07-14T00:00:00+00:00
[2024-07-14T13:42:37.342+0000] {processor.py:176} INFO - Processing /home/airflow/.local/lib/python3.7/site-packages/airflow/example_dags/example_bash_operator.py took 0.079 seconds
[2024-07-14T13:43:08.404+0000] {processor.py:154} INFO - Started process (PID=1308) to work on /home/airflow/.local/lib/python3.7/site-packages/airflow/example_dags/example_bash_operator.py
[2024-07-14T13:43:08.411+0000] {processor.py:756} INFO - Processing file /home/airflow/.local/lib/python3.7/site-packages/airflow/example_dags/example_bash_operator.py for tasks to queue
[2024-07-14T13:43:08.413+0000] {logging_mixin.py:120} INFO - [2024-07-14T13:43:08.413+0000] {dagbag.py:537} INFO - Filling up the DagBag from /home/airflow/.local/lib/python3.7/site-packages/airflow/example_dags/example_bash_operator.py
[2024-07-14T13:43:08.427+0000] {processor.py:766} INFO - DAG(s) dict_keys(['example_bash_operator']) retrieved from /home/airflow/.local/lib/python3.7/site-packages/airflow/example_dags/example_bash_operator.py
[2024-07-14T13:43:08.460+0000] {logging_mixin.py:120} INFO - [2024-07-14T13:43:08.460+0000] {dag.py:2585} INFO - Sync 1 DAGs
[2024-07-14T13:43:08.481+0000] {logging_mixin.py:120} INFO - [2024-07-14T13:43:08.480+0000] {dag.py:3340} INFO - Setting next_dagrun for example_bash_operator to 2024-07-13T00:00:00+00:00, run_after=2024-07-14T00:00:00+00:00
[2024-07-14T13:43:08.494+0000] {processor.py:176} INFO - Processing /home/airflow/.local/lib/python3.7/site-packages/airflow/example_dags/example_bash_operator.py took 0.092 seconds
[2024-07-14T13:43:39.021+0000] {processor.py:154} INFO - Started process (PID=1365) to work on /home/airflow/.local/lib/python3.7/site-packages/airflow/example_dags/example_bash_operator.py
[2024-07-14T13:43:39.022+0000] {processor.py:756} INFO - Processing file /home/airflow/.local/lib/python3.7/site-packages/airflow/example_dags/example_bash_operator.py for tasks to queue
[2024-07-14T13:43:39.022+0000] {logging_mixin.py:120} INFO - [2024-07-14T13:43:39.022+0000] {dagbag.py:537} INFO - Filling up the DagBag from /home/airflow/.local/lib/python3.7/site-packages/airflow/example_dags/example_bash_operator.py
[2024-07-14T13:43:39.040+0000] {processor.py:766} INFO - DAG(s) dict_keys(['example_bash_operator']) retrieved from /home/airflow/.local/lib/python3.7/site-packages/airflow/example_dags/example_bash_operator.py
[2024-07-14T13:43:39.073+0000] {logging_mixin.py:120} INFO - [2024-07-14T13:43:39.073+0000] {dag.py:2585} INFO - Sync 1 DAGs
[2024-07-14T13:43:39.097+0000] {logging_mixin.py:120} INFO - [2024-07-14T13:43:39.097+0000] {dag.py:3340} INFO - Setting next_dagrun for example_bash_operator to 2024-07-13T00:00:00+00:00, run_after=2024-07-14T00:00:00+00:00
[2024-07-14T13:43:39.138+0000] {processor.py:176} INFO - Processing /home/airflow/.local/lib/python3.7/site-packages/airflow/example_dags/example_bash_operator.py took 0.121 seconds
[2024-07-14T13:44:09.671+0000] {processor.py:154} INFO - Started process (PID=1430) to work on /home/airflow/.local/lib/python3.7/site-packages/airflow/example_dags/example_bash_operator.py
[2024-07-14T13:44:09.671+0000] {processor.py:756} INFO - Processing file /home/airflow/.local/lib/python3.7/site-packages/airflow/example_dags/example_bash_operator.py for tasks to queue
[2024-07-14T13:44:09.672+0000] {logging_mixin.py:120} INFO - [2024-07-14T13:44:09.672+0000] {dagbag.py:537} INFO - Filling up the DagBag from /home/airflow/.local/lib/python3.7/site-packages/airflow/example_dags/example_bash_operator.py
[2024-07-14T13:44:09.687+0000] {processor.py:766} INFO - DAG(s) dict_keys(['example_bash_operator']) retrieved from /home/airflow/.local/lib/python3.7/site-packages/airflow/example_dags/example_bash_operator.py
[2024-07-14T13:44:09.717+0000] {logging_mixin.py:120} INFO - [2024-07-14T13:44:09.717+0000] {dag.py:2585} INFO - Sync 1 DAGs
[2024-07-14T13:44:09.734+0000] {logging_mixin.py:120} INFO - [2024-07-14T13:44:09.734+0000] {dag.py:3340} INFO - Setting next_dagrun for example_bash_operator to 2024-07-13T00:00:00+00:00, run_after=2024-07-14T00:00:00+00:00
[2024-07-14T13:44:09.748+0000] {processor.py:176} INFO - Processing /home/airflow/.local/lib/python3.7/site-packages/airflow/example_dags/example_bash_operator.py took 0.079 seconds
[2024-07-14T13:44:40.546+0000] {processor.py:154} INFO - Started process (PID=1495) to work on /home/airflow/.local/lib/python3.7/site-packages/airflow/example_dags/example_bash_operator.py
[2024-07-14T13:44:40.547+0000] {processor.py:756} INFO - Processing file /home/airflow/.local/lib/python3.7/site-packages/airflow/example_dags/example_bash_operator.py for tasks to queue
[2024-07-14T13:44:40.547+0000] {logging_mixin.py:120} INFO - [2024-07-14T13:44:40.547+0000] {dagbag.py:537} INFO - Filling up the DagBag from /home/airflow/.local/lib/python3.7/site-packages/airflow/example_dags/example_bash_operator.py
[2024-07-14T13:44:40.563+0000] {processor.py:766} INFO - DAG(s) dict_keys(['example_bash_operator']) retrieved from /home/airflow/.local/lib/python3.7/site-packages/airflow/example_dags/example_bash_operator.py
[2024-07-14T13:44:40.602+0000] {logging_mixin.py:120} INFO - [2024-07-14T13:44:40.602+0000] {dag.py:2585} INFO - Sync 1 DAGs
[2024-07-14T13:44:40.625+0000] {logging_mixin.py:120} INFO - [2024-07-14T13:44:40.625+0000] {dag.py:3340} INFO - Setting next_dagrun for example_bash_operator to 2024-07-13T00:00:00+00:00, run_after=2024-07-14T00:00:00+00:00
[2024-07-14T13:44:40.648+0000] {processor.py:176} INFO - Processing /home/airflow/.local/lib/python3.7/site-packages/airflow/example_dags/example_bash_operator.py took 0.106 seconds
[2024-07-14T13:45:11.281+0000] {processor.py:154} INFO - Started process (PID=1560) to work on /home/airflow/.local/lib/python3.7/site-packages/airflow/example_dags/example_bash_operator.py
[2024-07-14T13:45:11.282+0000] {processor.py:756} INFO - Processing file /home/airflow/.local/lib/python3.7/site-packages/airflow/example_dags/example_bash_operator.py for tasks to queue
[2024-07-14T13:45:11.282+0000] {logging_mixin.py:120} INFO - [2024-07-14T13:45:11.282+0000] {dagbag.py:537} INFO - Filling up the DagBag from /home/airflow/.local/lib/python3.7/site-packages/airflow/example_dags/example_bash_operator.py
[2024-07-14T13:45:11.297+0000] {processor.py:766} INFO - DAG(s) dict_keys(['example_bash_operator']) retrieved from /home/airflow/.local/lib/python3.7/site-packages/airflow/example_dags/example_bash_operator.py
[2024-07-14T13:45:11.330+0000] {logging_mixin.py:120} INFO - [2024-07-14T13:45:11.329+0000] {dag.py:2585} INFO - Sync 1 DAGs
[2024-07-14T13:45:11.349+0000] {logging_mixin.py:120} INFO - [2024-07-14T13:45:11.349+0000] {dag.py:3340} INFO - Setting next_dagrun for example_bash_operator to 2024-07-13T00:00:00+00:00, run_after=2024-07-14T00:00:00+00:00
[2024-07-14T13:45:11.362+0000] {processor.py:176} INFO - Processing /home/airflow/.local/lib/python3.7/site-packages/airflow/example_dags/example_bash_operator.py took 0.084 seconds
[2024-07-14T13:45:42.320+0000] {processor.py:154} INFO - Started process (PID=1624) to work on /home/airflow/.local/lib/python3.7/site-packages/airflow/example_dags/example_bash_operator.py
[2024-07-14T13:45:42.321+0000] {processor.py:756} INFO - Processing file /home/airflow/.local/lib/python3.7/site-packages/airflow/example_dags/example_bash_operator.py for tasks to queue
[2024-07-14T13:45:42.322+0000] {logging_mixin.py:120} INFO - [2024-07-14T13:45:42.322+0000] {dagbag.py:537} INFO - Filling up the DagBag from /home/airflow/.local/lib/python3.7/site-packages/airflow/example_dags/example_bash_operator.py
[2024-07-14T13:45:42.335+0000] {processor.py:766} INFO - DAG(s) dict_keys(['example_bash_operator']) retrieved from /home/airflow/.local/lib/python3.7/site-packages/airflow/example_dags/example_bash_operator.py
[2024-07-14T13:45:42.374+0000] {logging_mixin.py:120} INFO - [2024-07-14T13:45:42.374+0000] {dag.py:2585} INFO - Sync 1 DAGs
[2024-07-14T13:45:42.392+0000] {logging_mixin.py:120} INFO - [2024-07-14T13:45:42.392+0000] {dag.py:3340} INFO - Setting next_dagrun for example_bash_operator to 2024-07-13T00:00:00+00:00, run_after=2024-07-14T00:00:00+00:00
[2024-07-14T13:45:42.409+0000] {processor.py:176} INFO - Processing /home/airflow/.local/lib/python3.7/site-packages/airflow/example_dags/example_bash_operator.py took 0.092 seconds
[2024-07-14T13:46:13.108+0000] {processor.py:154} INFO - Started process (PID=1680) to work on /home/airflow/.local/lib/python3.7/site-packages/airflow/example_dags/example_bash_operator.py
[2024-07-14T13:46:13.109+0000] {processor.py:756} INFO - Processing file /home/airflow/.local/lib/python3.7/site-packages/airflow/example_dags/example_bash_operator.py for tasks to queue
[2024-07-14T13:46:13.109+0000] {logging_mixin.py:120} INFO - [2024-07-14T13:46:13.109+0000] {dagbag.py:537} INFO - Filling up the DagBag from /home/airflow/.local/lib/python3.7/site-packages/airflow/example_dags/example_bash_operator.py
[2024-07-14T13:46:13.123+0000] {processor.py:766} INFO - DAG(s) dict_keys(['example_bash_operator']) retrieved from /home/airflow/.local/lib/python3.7/site-packages/airflow/example_dags/example_bash_operator.py
[2024-07-14T13:46:13.154+0000] {logging_mixin.py:120} INFO - [2024-07-14T13:46:13.154+0000] {dag.py:2585} INFO - Sync 1 DAGs
[2024-07-14T13:46:13.171+0000] {logging_mixin.py:120} INFO - [2024-07-14T13:46:13.171+0000] {dag.py:3340} INFO - Setting next_dagrun for example_bash_operator to 2024-07-13T00:00:00+00:00, run_after=2024-07-14T00:00:00+00:00
[2024-07-14T13:46:13.186+0000] {processor.py:176} INFO - Processing /home/airflow/.local/lib/python3.7/site-packages/airflow/example_dags/example_bash_operator.py took 0.080 seconds
[2024-07-14T13:46:43.975+0000] {processor.py:154} INFO - Started process (PID=1746) to work on /home/airflow/.local/lib/python3.7/site-packages/airflow/example_dags/example_bash_operator.py
[2024-07-14T13:46:43.976+0000] {processor.py:756} INFO - Processing file /home/airflow/.local/lib/python3.7/site-packages/airflow/example_dags/example_bash_operator.py for tasks to queue
[2024-07-14T13:46:43.976+0000] {logging_mixin.py:120} INFO - [2024-07-14T13:46:43.976+0000] {dagbag.py:537} INFO - Filling up the DagBag from /home/airflow/.local/lib/python3.7/site-packages/airflow/example_dags/example_bash_operator.py
[2024-07-14T13:46:43.990+0000] {processor.py:766} INFO - DAG(s) dict_keys(['example_bash_operator']) retrieved from /home/airflow/.local/lib/python3.7/site-packages/airflow/example_dags/example_bash_operator.py
[2024-07-14T13:46:44.022+0000] {logging_mixin.py:120} INFO - [2024-07-14T13:46:44.022+0000] {dag.py:2585} INFO - Sync 1 DAGs
[2024-07-14T13:46:44.054+0000] {logging_mixin.py:120} INFO - [2024-07-14T13:46:44.054+0000] {dag.py:3340} INFO - Setting next_dagrun for example_bash_operator to 2024-07-13T00:00:00+00:00, run_after=2024-07-14T00:00:00+00:00
[2024-07-14T13:46:44.067+0000] {processor.py:176} INFO - Processing /home/airflow/.local/lib/python3.7/site-packages/airflow/example_dags/example_bash_operator.py took 0.094 seconds
[2024-07-14T13:47:15.037+0000] {processor.py:154} INFO - Started process (PID=1812) to work on /home/airflow/.local/lib/python3.7/site-packages/airflow/example_dags/example_bash_operator.py
[2024-07-14T13:47:15.037+0000] {processor.py:756} INFO - Processing file /home/airflow/.local/lib/python3.7/site-packages/airflow/example_dags/example_bash_operator.py for tasks to queue
[2024-07-14T13:47:15.038+0000] {logging_mixin.py:120} INFO - [2024-07-14T13:47:15.038+0000] {dagbag.py:537} INFO - Filling up the DagBag from /home/airflow/.local/lib/python3.7/site-packages/airflow/example_dags/example_bash_operator.py
[2024-07-14T13:47:15.053+0000] {processor.py:766} INFO - DAG(s) dict_keys(['example_bash_operator']) retrieved from /home/airflow/.local/lib/python3.7/site-packages/airflow/example_dags/example_bash_operator.py
[2024-07-14T13:47:15.085+0000] {logging_mixin.py:120} INFO - [2024-07-14T13:47:15.085+0000] {dag.py:2585} INFO - Sync 1 DAGs
[2024-07-14T13:47:15.107+0000] {logging_mixin.py:120} INFO - [2024-07-14T13:47:15.107+0000] {dag.py:3340} INFO - Setting next_dagrun for example_bash_operator to 2024-07-13T00:00:00+00:00, run_after=2024-07-14T00:00:00+00:00
[2024-07-14T13:47:15.124+0000] {processor.py:176} INFO - Processing /home/airflow/.local/lib/python3.7/site-packages/airflow/example_dags/example_bash_operator.py took 0.090 seconds
[2024-07-14T13:47:46.384+0000] {processor.py:154} INFO - Started process (PID=1878) to work on /home/airflow/.local/lib/python3.7/site-packages/airflow/example_dags/example_bash_operator.py
[2024-07-14T13:47:46.385+0000] {processor.py:756} INFO - Processing file /home/airflow/.local/lib/python3.7/site-packages/airflow/example_dags/example_bash_operator.py for tasks to queue
[2024-07-14T13:47:46.388+0000] {logging_mixin.py:120} INFO - [2024-07-14T13:47:46.387+0000] {dagbag.py:537} INFO - Filling up the DagBag from /home/airflow/.local/lib/python3.7/site-packages/airflow/example_dags/example_bash_operator.py
[2024-07-14T13:47:46.408+0000] {processor.py:766} INFO - DAG(s) dict_keys(['example_bash_operator']) retrieved from /home/airflow/.local/lib/python3.7/site-packages/airflow/example_dags/example_bash_operator.py
[2024-07-14T13:47:46.445+0000] {logging_mixin.py:120} INFO - [2024-07-14T13:47:46.445+0000] {dag.py:2585} INFO - Sync 1 DAGs
[2024-07-14T13:47:46.463+0000] {logging_mixin.py:120} INFO - [2024-07-14T13:47:46.463+0000] {dag.py:3340} INFO - Setting next_dagrun for example_bash_operator to 2024-07-13T00:00:00+00:00, run_after=2024-07-14T00:00:00+00:00
[2024-07-14T13:47:46.479+0000] {processor.py:176} INFO - Processing /home/airflow/.local/lib/python3.7/site-packages/airflow/example_dags/example_bash_operator.py took 0.098 seconds
[2024-07-14T13:48:17.589+0000] {processor.py:154} INFO - Started process (PID=1944) to work on /home/airflow/.local/lib/python3.7/site-packages/airflow/example_dags/example_bash_operator.py
[2024-07-14T13:48:17.589+0000] {processor.py:756} INFO - Processing file /home/airflow/.local/lib/python3.7/site-packages/airflow/example_dags/example_bash_operator.py for tasks to queue
[2024-07-14T13:48:17.590+0000] {logging_mixin.py:120} INFO - [2024-07-14T13:48:17.590+0000] {dagbag.py:537} INFO - Filling up the DagBag from /home/airflow/.local/lib/python3.7/site-packages/airflow/example_dags/example_bash_operator.py
[2024-07-14T13:48:17.606+0000] {processor.py:766} INFO - DAG(s) dict_keys(['example_bash_operator']) retrieved from /home/airflow/.local/lib/python3.7/site-packages/airflow/example_dags/example_bash_operator.py
[2024-07-14T13:48:17.640+0000] {logging_mixin.py:120} INFO - [2024-07-14T13:48:17.640+0000] {dag.py:2585} INFO - Sync 1 DAGs
[2024-07-14T13:48:17.659+0000] {logging_mixin.py:120} INFO - [2024-07-14T13:48:17.659+0000] {dag.py:3340} INFO - Setting next_dagrun for example_bash_operator to 2024-07-13T00:00:00+00:00, run_after=2024-07-14T00:00:00+00:00
[2024-07-14T13:48:17.679+0000] {processor.py:176} INFO - Processing /home/airflow/.local/lib/python3.7/site-packages/airflow/example_dags/example_bash_operator.py took 0.092 seconds
[2024-07-14T13:48:48.289+0000] {processor.py:154} INFO - Started process (PID=2010) to work on /home/airflow/.local/lib/python3.7/site-packages/airflow/example_dags/example_bash_operator.py
[2024-07-14T13:48:48.290+0000] {processor.py:756} INFO - Processing file /home/airflow/.local/lib/python3.7/site-packages/airflow/example_dags/example_bash_operator.py for tasks to queue
[2024-07-14T13:48:48.291+0000] {logging_mixin.py:120} INFO - [2024-07-14T13:48:48.291+0000] {dagbag.py:537} INFO - Filling up the DagBag from /home/airflow/.local/lib/python3.7/site-packages/airflow/example_dags/example_bash_operator.py
[2024-07-14T13:48:48.306+0000] {processor.py:766} INFO - DAG(s) dict_keys(['example_bash_operator']) retrieved from /home/airflow/.local/lib/python3.7/site-packages/airflow/example_dags/example_bash_operator.py
[2024-07-14T13:48:48.338+0000] {logging_mixin.py:120} INFO - [2024-07-14T13:48:48.338+0000] {dag.py:2585} INFO - Sync 1 DAGs
[2024-07-14T13:48:48.355+0000] {logging_mixin.py:120} INFO - [2024-07-14T13:48:48.355+0000] {dag.py:3340} INFO - Setting next_dagrun for example_bash_operator to 2024-07-13T00:00:00+00:00, run_after=2024-07-14T00:00:00+00:00
[2024-07-14T13:48:48.372+0000] {processor.py:176} INFO - Processing /home/airflow/.local/lib/python3.7/site-packages/airflow/example_dags/example_bash_operator.py took 0.085 seconds
[2024-07-14T13:49:18.904+0000] {processor.py:154} INFO - Started process (PID=2067) to work on /home/airflow/.local/lib/python3.7/site-packages/airflow/example_dags/example_bash_operator.py
[2024-07-14T13:49:18.905+0000] {processor.py:756} INFO - Processing file /home/airflow/.local/lib/python3.7/site-packages/airflow/example_dags/example_bash_operator.py for tasks to queue
[2024-07-14T13:49:18.905+0000] {logging_mixin.py:120} INFO - [2024-07-14T13:49:18.905+0000] {dagbag.py:537} INFO - Filling up the DagBag from /home/airflow/.local/lib/python3.7/site-packages/airflow/example_dags/example_bash_operator.py
[2024-07-14T13:49:18.919+0000] {processor.py:766} INFO - DAG(s) dict_keys(['example_bash_operator']) retrieved from /home/airflow/.local/lib/python3.7/site-packages/airflow/example_dags/example_bash_operator.py
[2024-07-14T13:49:18.951+0000] {logging_mixin.py:120} INFO - [2024-07-14T13:49:18.951+0000] {dag.py:2585} INFO - Sync 1 DAGs
[2024-07-14T13:49:18.968+0000] {logging_mixin.py:120} INFO - [2024-07-14T13:49:18.968+0000] {dag.py:3340} INFO - Setting next_dagrun for example_bash_operator to 2024-07-13T00:00:00+00:00, run_after=2024-07-14T00:00:00+00:00
[2024-07-14T13:49:18.983+0000] {processor.py:176} INFO - Processing /home/airflow/.local/lib/python3.7/site-packages/airflow/example_dags/example_bash_operator.py took 0.081 seconds
[2024-07-14T13:49:49.785+0000] {processor.py:154} INFO - Started process (PID=2133) to work on /home/airflow/.local/lib/python3.7/site-packages/airflow/example_dags/example_bash_operator.py
[2024-07-14T13:49:49.786+0000] {processor.py:756} INFO - Processing file /home/airflow/.local/lib/python3.7/site-packages/airflow/example_dags/example_bash_operator.py for tasks to queue
[2024-07-14T13:49:49.787+0000] {logging_mixin.py:120} INFO - [2024-07-14T13:49:49.787+0000] {dagbag.py:537} INFO - Filling up the DagBag from /home/airflow/.local/lib/python3.7/site-packages/airflow/example_dags/example_bash_operator.py
[2024-07-14T13:49:49.804+0000] {processor.py:766} INFO - DAG(s) dict_keys(['example_bash_operator']) retrieved from /home/airflow/.local/lib/python3.7/site-packages/airflow/example_dags/example_bash_operator.py
[2024-07-14T13:49:49.837+0000] {logging_mixin.py:120} INFO - [2024-07-14T13:49:49.837+0000] {dag.py:2585} INFO - Sync 1 DAGs
[2024-07-14T13:49:49.857+0000] {logging_mixin.py:120} INFO - [2024-07-14T13:49:49.857+0000] {dag.py:3340} INFO - Setting next_dagrun for example_bash_operator to 2024-07-13T00:00:00+00:00, run_after=2024-07-14T00:00:00+00:00
[2024-07-14T13:49:49.871+0000] {processor.py:176} INFO - Processing /home/airflow/.local/lib/python3.7/site-packages/airflow/example_dags/example_bash_operator.py took 0.088 seconds
[2024-07-14T13:50:20.394+0000] {processor.py:154} INFO - Started process (PID=2199) to work on /home/airflow/.local/lib/python3.7/site-packages/airflow/example_dags/example_bash_operator.py
[2024-07-14T13:50:20.395+0000] {processor.py:756} INFO - Processing file /home/airflow/.local/lib/python3.7/site-packages/airflow/example_dags/example_bash_operator.py for tasks to queue
[2024-07-14T13:50:20.395+0000] {logging_mixin.py:120} INFO - [2024-07-14T13:50:20.395+0000] {dagbag.py:537} INFO - Filling up the DagBag from /home/airflow/.local/lib/python3.7/site-packages/airflow/example_dags/example_bash_operator.py
[2024-07-14T13:50:20.411+0000] {processor.py:766} INFO - DAG(s) dict_keys(['example_bash_operator']) retrieved from /home/airflow/.local/lib/python3.7/site-packages/airflow/example_dags/example_bash_operator.py
[2024-07-14T13:50:20.446+0000] {logging_mixin.py:120} INFO - [2024-07-14T13:50:20.446+0000] {dag.py:2585} INFO - Sync 1 DAGs
[2024-07-14T13:50:20.464+0000] {logging_mixin.py:120} INFO - [2024-07-14T13:50:20.464+0000] {dag.py:3340} INFO - Setting next_dagrun for example_bash_operator to 2024-07-13T00:00:00+00:00, run_after=2024-07-14T00:00:00+00:00
[2024-07-14T13:50:20.489+0000] {processor.py:176} INFO - Processing /home/airflow/.local/lib/python3.7/site-packages/airflow/example_dags/example_bash_operator.py took 0.097 seconds
[2024-07-14T13:50:50.656+0000] {processor.py:154} INFO - Started process (PID=2265) to work on /home/airflow/.local/lib/python3.7/site-packages/airflow/example_dags/example_bash_operator.py
[2024-07-14T13:50:50.657+0000] {processor.py:756} INFO - Processing file /home/airflow/.local/lib/python3.7/site-packages/airflow/example_dags/example_bash_operator.py for tasks to queue
[2024-07-14T13:50:50.658+0000] {logging_mixin.py:120} INFO - [2024-07-14T13:50:50.658+0000] {dagbag.py:537} INFO - Filling up the DagBag from /home/airflow/.local/lib/python3.7/site-packages/airflow/example_dags/example_bash_operator.py
[2024-07-14T13:50:50.675+0000] {processor.py:766} INFO - DAG(s) dict_keys(['example_bash_operator']) retrieved from /home/airflow/.local/lib/python3.7/site-packages/airflow/example_dags/example_bash_operator.py
[2024-07-14T13:50:50.709+0000] {logging_mixin.py:120} INFO - [2024-07-14T13:50:50.709+0000] {dag.py:2585} INFO - Sync 1 DAGs
[2024-07-14T13:50:50.727+0000] {logging_mixin.py:120} INFO - [2024-07-14T13:50:50.727+0000] {dag.py:3340} INFO - Setting next_dagrun for example_bash_operator to 2024-07-13T00:00:00+00:00, run_after=2024-07-14T00:00:00+00:00
[2024-07-14T13:50:50.744+0000] {processor.py:176} INFO - Processing /home/airflow/.local/lib/python3.7/site-packages/airflow/example_dags/example_bash_operator.py took 0.090 seconds
[2024-07-14T13:51:21.131+0000] {processor.py:154} INFO - Started process (PID=2331) to work on /home/airflow/.local/lib/python3.7/site-packages/airflow/example_dags/example_bash_operator.py
[2024-07-14T13:51:21.131+0000] {processor.py:756} INFO - Processing file /home/airflow/.local/lib/python3.7/site-packages/airflow/example_dags/example_bash_operator.py for tasks to queue
[2024-07-14T13:51:21.132+0000] {logging_mixin.py:120} INFO - [2024-07-14T13:51:21.132+0000] {dagbag.py:537} INFO - Filling up the DagBag from /home/airflow/.local/lib/python3.7/site-packages/airflow/example_dags/example_bash_operator.py
[2024-07-14T13:51:21.148+0000] {processor.py:766} INFO - DAG(s) dict_keys(['example_bash_operator']) retrieved from /home/airflow/.local/lib/python3.7/site-packages/airflow/example_dags/example_bash_operator.py
[2024-07-14T13:51:21.179+0000] {logging_mixin.py:120} INFO - [2024-07-14T13:51:21.179+0000] {dag.py:2585} INFO - Sync 1 DAGs
[2024-07-14T13:51:21.197+0000] {logging_mixin.py:120} INFO - [2024-07-14T13:51:21.197+0000] {dag.py:3340} INFO - Setting next_dagrun for example_bash_operator to 2024-07-13T00:00:00+00:00, run_after=2024-07-14T00:00:00+00:00
[2024-07-14T13:51:21.215+0000] {processor.py:176} INFO - Processing /home/airflow/.local/lib/python3.7/site-packages/airflow/example_dags/example_bash_operator.py took 0.087 seconds
[2024-07-14T13:51:51.415+0000] {processor.py:154} INFO - Started process (PID=2388) to work on /home/airflow/.local/lib/python3.7/site-packages/airflow/example_dags/example_bash_operator.py
[2024-07-14T13:51:51.416+0000] {processor.py:756} INFO - Processing file /home/airflow/.local/lib/python3.7/site-packages/airflow/example_dags/example_bash_operator.py for tasks to queue
[2024-07-14T13:51:51.417+0000] {logging_mixin.py:120} INFO - [2024-07-14T13:51:51.417+0000] {dagbag.py:537} INFO - Filling up the DagBag from /home/airflow/.local/lib/python3.7/site-packages/airflow/example_dags/example_bash_operator.py
[2024-07-14T13:51:51.433+0000] {processor.py:766} INFO - DAG(s) dict_keys(['example_bash_operator']) retrieved from /home/airflow/.local/lib/python3.7/site-packages/airflow/example_dags/example_bash_operator.py
[2024-07-14T13:51:51.472+0000] {logging_mixin.py:120} INFO - [2024-07-14T13:51:51.472+0000] {dag.py:2585} INFO - Sync 1 DAGs
[2024-07-14T13:51:51.490+0000] {logging_mixin.py:120} INFO - [2024-07-14T13:51:51.490+0000] {dag.py:3340} INFO - Setting next_dagrun for example_bash_operator to 2024-07-13T00:00:00+00:00, run_after=2024-07-14T00:00:00+00:00
[2024-07-14T13:51:51.508+0000] {processor.py:176} INFO - Processing /home/airflow/.local/lib/python3.7/site-packages/airflow/example_dags/example_bash_operator.py took 0.095 seconds
[2024-07-14T13:52:21.589+0000] {processor.py:154} INFO - Started process (PID=2454) to work on /home/airflow/.local/lib/python3.7/site-packages/airflow/example_dags/example_bash_operator.py
[2024-07-14T13:52:21.590+0000] {processor.py:756} INFO - Processing file /home/airflow/.local/lib/python3.7/site-packages/airflow/example_dags/example_bash_operator.py for tasks to queue
[2024-07-14T13:52:21.591+0000] {logging_mixin.py:120} INFO - [2024-07-14T13:52:21.591+0000] {dagbag.py:537} INFO - Filling up the DagBag from /home/airflow/.local/lib/python3.7/site-packages/airflow/example_dags/example_bash_operator.py
[2024-07-14T13:52:21.607+0000] {processor.py:766} INFO - DAG(s) dict_keys(['example_bash_operator']) retrieved from /home/airflow/.local/lib/python3.7/site-packages/airflow/example_dags/example_bash_operator.py
[2024-07-14T13:52:21.640+0000] {logging_mixin.py:120} INFO - [2024-07-14T13:52:21.640+0000] {dag.py:2585} INFO - Sync 1 DAGs
[2024-07-14T13:52:21.661+0000] {logging_mixin.py:120} INFO - [2024-07-14T13:52:21.661+0000] {dag.py:3340} INFO - Setting next_dagrun for example_bash_operator to 2024-07-13T00:00:00+00:00, run_after=2024-07-14T00:00:00+00:00
[2024-07-14T13:52:21.679+0000] {processor.py:176} INFO - Processing /home/airflow/.local/lib/python3.7/site-packages/airflow/example_dags/example_bash_operator.py took 0.094 seconds
[2024-07-14T13:52:52.037+0000] {processor.py:154} INFO - Started process (PID=2519) to work on /home/airflow/.local/lib/python3.7/site-packages/airflow/example_dags/example_bash_operator.py
[2024-07-14T13:52:52.038+0000] {processor.py:756} INFO - Processing file /home/airflow/.local/lib/python3.7/site-packages/airflow/example_dags/example_bash_operator.py for tasks to queue
[2024-07-14T13:52:52.039+0000] {logging_mixin.py:120} INFO - [2024-07-14T13:52:52.039+0000] {dagbag.py:537} INFO - Filling up the DagBag from /home/airflow/.local/lib/python3.7/site-packages/airflow/example_dags/example_bash_operator.py
[2024-07-14T13:52:52.053+0000] {processor.py:766} INFO - DAG(s) dict_keys(['example_bash_operator']) retrieved from /home/airflow/.local/lib/python3.7/site-packages/airflow/example_dags/example_bash_operator.py
[2024-07-14T13:52:52.095+0000] {logging_mixin.py:120} INFO - [2024-07-14T13:52:52.095+0000] {dag.py:2585} INFO - Sync 1 DAGs
[2024-07-14T13:52:52.115+0000] {logging_mixin.py:120} INFO - [2024-07-14T13:52:52.114+0000] {dag.py:3340} INFO - Setting next_dagrun for example_bash_operator to 2024-07-13T00:00:00+00:00, run_after=2024-07-14T00:00:00+00:00
[2024-07-14T13:52:52.129+0000] {processor.py:176} INFO - Processing /home/airflow/.local/lib/python3.7/site-packages/airflow/example_dags/example_bash_operator.py took 0.094 seconds
[2024-07-14T13:53:22.216+0000] {processor.py:154} INFO - Started process (PID=2585) to work on /home/airflow/.local/lib/python3.7/site-packages/airflow/example_dags/example_bash_operator.py
[2024-07-14T13:53:22.217+0000] {processor.py:756} INFO - Processing file /home/airflow/.local/lib/python3.7/site-packages/airflow/example_dags/example_bash_operator.py for tasks to queue
[2024-07-14T13:53:22.218+0000] {logging_mixin.py:120} INFO - [2024-07-14T13:53:22.218+0000] {dagbag.py:537} INFO - Filling up the DagBag from /home/airflow/.local/lib/python3.7/site-packages/airflow/example_dags/example_bash_operator.py
[2024-07-14T13:53:22.233+0000] {processor.py:766} INFO - DAG(s) dict_keys(['example_bash_operator']) retrieved from /home/airflow/.local/lib/python3.7/site-packages/airflow/example_dags/example_bash_operator.py
[2024-07-14T13:53:22.272+0000] {logging_mixin.py:120} INFO - [2024-07-14T13:53:22.272+0000] {dag.py:2585} INFO - Sync 1 DAGs
[2024-07-14T13:53:22.291+0000] {logging_mixin.py:120} INFO - [2024-07-14T13:53:22.291+0000] {dag.py:3340} INFO - Setting next_dagrun for example_bash_operator to 2024-07-13T00:00:00+00:00, run_after=2024-07-14T00:00:00+00:00
[2024-07-14T13:53:22.313+0000] {processor.py:176} INFO - Processing /home/airflow/.local/lib/python3.7/site-packages/airflow/example_dags/example_bash_operator.py took 0.099 seconds
[2024-07-14T13:53:52.393+0000] {processor.py:154} INFO - Started process (PID=2640) to work on /home/airflow/.local/lib/python3.7/site-packages/airflow/example_dags/example_bash_operator.py
[2024-07-14T13:53:52.394+0000] {processor.py:756} INFO - Processing file /home/airflow/.local/lib/python3.7/site-packages/airflow/example_dags/example_bash_operator.py for tasks to queue
[2024-07-14T13:53:52.394+0000] {logging_mixin.py:120} INFO - [2024-07-14T13:53:52.394+0000] {dagbag.py:537} INFO - Filling up the DagBag from /home/airflow/.local/lib/python3.7/site-packages/airflow/example_dags/example_bash_operator.py
[2024-07-14T13:53:52.412+0000] {processor.py:766} INFO - DAG(s) dict_keys(['example_bash_operator']) retrieved from /home/airflow/.local/lib/python3.7/site-packages/airflow/example_dags/example_bash_operator.py
[2024-07-14T13:53:52.462+0000] {logging_mixin.py:120} INFO - [2024-07-14T13:53:52.462+0000] {dag.py:2585} INFO - Sync 1 DAGs
[2024-07-14T13:53:52.488+0000] {logging_mixin.py:120} INFO - [2024-07-14T13:53:52.488+0000] {dag.py:3340} INFO - Setting next_dagrun for example_bash_operator to 2024-07-13T00:00:00+00:00, run_after=2024-07-14T00:00:00+00:00
[2024-07-14T13:53:52.510+0000] {processor.py:176} INFO - Processing /home/airflow/.local/lib/python3.7/site-packages/airflow/example_dags/example_bash_operator.py took 0.120 seconds
[2024-07-14T13:54:22.796+0000] {processor.py:154} INFO - Started process (PID=2705) to work on /home/airflow/.local/lib/python3.7/site-packages/airflow/example_dags/example_bash_operator.py
[2024-07-14T13:54:22.796+0000] {processor.py:756} INFO - Processing file /home/airflow/.local/lib/python3.7/site-packages/airflow/example_dags/example_bash_operator.py for tasks to queue
[2024-07-14T13:54:22.797+0000] {logging_mixin.py:120} INFO - [2024-07-14T13:54:22.797+0000] {dagbag.py:537} INFO - Filling up the DagBag from /home/airflow/.local/lib/python3.7/site-packages/airflow/example_dags/example_bash_operator.py
[2024-07-14T13:54:22.811+0000] {processor.py:766} INFO - DAG(s) dict_keys(['example_bash_operator']) retrieved from /home/airflow/.local/lib/python3.7/site-packages/airflow/example_dags/example_bash_operator.py
[2024-07-14T13:54:22.846+0000] {logging_mixin.py:120} INFO - [2024-07-14T13:54:22.846+0000] {dag.py:2585} INFO - Sync 1 DAGs
[2024-07-14T13:54:22.863+0000] {logging_mixin.py:120} INFO - [2024-07-14T13:54:22.863+0000] {dag.py:3340} INFO - Setting next_dagrun for example_bash_operator to 2024-07-13T00:00:00+00:00, run_after=2024-07-14T00:00:00+00:00
[2024-07-14T13:54:22.883+0000] {processor.py:176} INFO - Processing /home/airflow/.local/lib/python3.7/site-packages/airflow/example_dags/example_bash_operator.py took 0.090 seconds
[2024-07-14T13:54:52.972+0000] {processor.py:154} INFO - Started process (PID=2771) to work on /home/airflow/.local/lib/python3.7/site-packages/airflow/example_dags/example_bash_operator.py
[2024-07-14T13:54:52.973+0000] {processor.py:756} INFO - Processing file /home/airflow/.local/lib/python3.7/site-packages/airflow/example_dags/example_bash_operator.py for tasks to queue
[2024-07-14T13:54:52.974+0000] {logging_mixin.py:120} INFO - [2024-07-14T13:54:52.973+0000] {dagbag.py:537} INFO - Filling up the DagBag from /home/airflow/.local/lib/python3.7/site-packages/airflow/example_dags/example_bash_operator.py
[2024-07-14T13:54:52.988+0000] {processor.py:766} INFO - DAG(s) dict_keys(['example_bash_operator']) retrieved from /home/airflow/.local/lib/python3.7/site-packages/airflow/example_dags/example_bash_operator.py
[2024-07-14T13:54:53.023+0000] {logging_mixin.py:120} INFO - [2024-07-14T13:54:53.022+0000] {dag.py:2585} INFO - Sync 1 DAGs
[2024-07-14T13:54:53.042+0000] {logging_mixin.py:120} INFO - [2024-07-14T13:54:53.042+0000] {dag.py:3340} INFO - Setting next_dagrun for example_bash_operator to 2024-07-13T00:00:00+00:00, run_after=2024-07-14T00:00:00+00:00
[2024-07-14T13:54:53.062+0000] {processor.py:176} INFO - Processing /home/airflow/.local/lib/python3.7/site-packages/airflow/example_dags/example_bash_operator.py took 0.092 seconds
[2024-07-14T13:55:23.274+0000] {processor.py:154} INFO - Started process (PID=2837) to work on /home/airflow/.local/lib/python3.7/site-packages/airflow/example_dags/example_bash_operator.py
[2024-07-14T13:55:23.276+0000] {processor.py:756} INFO - Processing file /home/airflow/.local/lib/python3.7/site-packages/airflow/example_dags/example_bash_operator.py for tasks to queue
[2024-07-14T13:55:23.278+0000] {logging_mixin.py:120} INFO - [2024-07-14T13:55:23.277+0000] {dagbag.py:537} INFO - Filling up the DagBag from /home/airflow/.local/lib/python3.7/site-packages/airflow/example_dags/example_bash_operator.py
[2024-07-14T13:55:23.294+0000] {processor.py:766} INFO - DAG(s) dict_keys(['example_bash_operator']) retrieved from /home/airflow/.local/lib/python3.7/site-packages/airflow/example_dags/example_bash_operator.py
[2024-07-14T13:55:23.329+0000] {logging_mixin.py:120} INFO - [2024-07-14T13:55:23.329+0000] {dag.py:2585} INFO - Sync 1 DAGs
[2024-07-14T13:55:23.351+0000] {logging_mixin.py:120} INFO - [2024-07-14T13:55:23.351+0000] {dag.py:3340} INFO - Setting next_dagrun for example_bash_operator to 2024-07-13T00:00:00+00:00, run_after=2024-07-14T00:00:00+00:00
[2024-07-14T13:55:23.373+0000] {processor.py:176} INFO - Processing /home/airflow/.local/lib/python3.7/site-packages/airflow/example_dags/example_bash_operator.py took 0.100 seconds
[2024-07-14T13:55:53.738+0000] {processor.py:154} INFO - Started process (PID=2894) to work on /home/airflow/.local/lib/python3.7/site-packages/airflow/example_dags/example_bash_operator.py
[2024-07-14T13:55:53.738+0000] {processor.py:756} INFO - Processing file /home/airflow/.local/lib/python3.7/site-packages/airflow/example_dags/example_bash_operator.py for tasks to queue
[2024-07-14T13:55:53.739+0000] {logging_mixin.py:120} INFO - [2024-07-14T13:55:53.739+0000] {dagbag.py:537} INFO - Filling up the DagBag from /home/airflow/.local/lib/python3.7/site-packages/airflow/example_dags/example_bash_operator.py
[2024-07-14T13:55:53.753+0000] {processor.py:766} INFO - DAG(s) dict_keys(['example_bash_operator']) retrieved from /home/airflow/.local/lib/python3.7/site-packages/airflow/example_dags/example_bash_operator.py
[2024-07-14T13:55:53.788+0000] {logging_mixin.py:120} INFO - [2024-07-14T13:55:53.788+0000] {dag.py:2585} INFO - Sync 1 DAGs
[2024-07-14T13:55:53.807+0000] {logging_mixin.py:120} INFO - [2024-07-14T13:55:53.807+0000] {dag.py:3340} INFO - Setting next_dagrun for example_bash_operator to 2024-07-13T00:00:00+00:00, run_after=2024-07-14T00:00:00+00:00
[2024-07-14T13:55:53.824+0000] {processor.py:176} INFO - Processing /home/airflow/.local/lib/python3.7/site-packages/airflow/example_dags/example_bash_operator.py took 0.088 seconds
[2024-07-14T14:28:41.801+0000] {processor.py:153} INFO - Started process (PID=79) to work on /home/airflow/.local/lib/python3.7/site-packages/airflow/example_dags/example_bash_operator.py
[2024-07-14T14:28:41.802+0000] {processor.py:743} INFO - Processing file /home/airflow/.local/lib/python3.7/site-packages/airflow/example_dags/example_bash_operator.py for tasks to queue
[2024-07-14T14:28:41.803+0000] {logging_mixin.py:137} INFO - [2024-07-14T14:28:41.803+0000] {dagbag.py:538} INFO - Filling up the DagBag from /home/airflow/.local/lib/python3.7/site-packages/airflow/example_dags/example_bash_operator.py
[2024-07-14T14:28:41.831+0000] {processor.py:753} INFO - DAG(s) dict_keys(['example_bash_operator']) retrieved from /home/airflow/.local/lib/python3.7/site-packages/airflow/example_dags/example_bash_operator.py
[2024-07-14T14:28:41.845+0000] {logging_mixin.py:137} INFO - [2024-07-14T14:28:41.845+0000] {dag.py:2690} INFO - Sync 1 DAGs
[2024-07-14T14:28:41.877+0000] {logging_mixin.py:137} INFO - [2024-07-14T14:28:41.877+0000] {dag.py:3441} INFO - Setting next_dagrun for example_bash_operator to 2024-07-13T00:00:00+00:00, run_after=2024-07-14T00:00:00+00:00
[2024-07-14T14:28:41.918+0000] {processor.py:175} INFO - Processing /home/airflow/.local/lib/python3.7/site-packages/airflow/example_dags/example_bash_operator.py took 0.121 seconds
[2024-07-14T14:29:12.262+0000] {processor.py:153} INFO - Started process (PID=211) to work on /home/airflow/.local/lib/python3.7/site-packages/airflow/example_dags/example_bash_operator.py
[2024-07-14T14:29:12.263+0000] {processor.py:743} INFO - Processing file /home/airflow/.local/lib/python3.7/site-packages/airflow/example_dags/example_bash_operator.py for tasks to queue
[2024-07-14T14:29:12.263+0000] {logging_mixin.py:137} INFO - [2024-07-14T14:29:12.263+0000] {dagbag.py:538} INFO - Filling up the DagBag from /home/airflow/.local/lib/python3.7/site-packages/airflow/example_dags/example_bash_operator.py
[2024-07-14T14:29:12.277+0000] {processor.py:753} INFO - DAG(s) dict_keys(['example_bash_operator']) retrieved from /home/airflow/.local/lib/python3.7/site-packages/airflow/example_dags/example_bash_operator.py
[2024-07-14T14:29:12.350+0000] {logging_mixin.py:137} INFO - [2024-07-14T14:29:12.350+0000] {dag.py:2690} INFO - Sync 1 DAGs
[2024-07-14T14:29:12.396+0000] {logging_mixin.py:137} INFO - [2024-07-14T14:29:12.396+0000] {dag.py:3441} INFO - Setting next_dagrun for example_bash_operator to 2024-07-13T00:00:00+00:00, run_after=2024-07-14T00:00:00+00:00
[2024-07-14T14:29:12.411+0000] {processor.py:175} INFO - Processing /home/airflow/.local/lib/python3.7/site-packages/airflow/example_dags/example_bash_operator.py took 0.151 seconds
