[2024-07-14T13:33:26.209+0000] {processor.py:154} INFO - Started process (PID=101) to work on /home/airflow/.local/lib/python3.7/site-packages/airflow/example_dags/tutorial_taskflow_api.py
[2024-07-14T13:33:26.211+0000] {processor.py:756} INFO - Processing file /home/airflow/.local/lib/python3.7/site-packages/airflow/example_dags/tutorial_taskflow_api.py for tasks to queue
[2024-07-14T13:33:26.212+0000] {logging_mixin.py:120} INFO - [2024-07-14T13:33:26.212+0000] {dagbag.py:537} INFO - Filling up the DagBag from /home/airflow/.local/lib/python3.7/site-packages/airflow/example_dags/tutorial_taskflow_api.py
[2024-07-14T13:33:26.252+0000] {processor.py:766} INFO - DAG(s) dict_keys(['tutorial_taskflow_api']) retrieved from /home/airflow/.local/lib/python3.7/site-packages/airflow/example_dags/tutorial_taskflow_api.py
[2024-07-14T13:33:26.293+0000] {logging_mixin.py:120} INFO - [2024-07-14T13:33:26.293+0000] {dag.py:2585} INFO - Sync 1 DAGs
[2024-07-14T13:33:26.333+0000] {logging_mixin.py:120} INFO - [2024-07-14T13:33:26.333+0000] {dag.py:3340} INFO - Setting next_dagrun for tutorial_taskflow_api to None, run_after=None
[2024-07-14T13:33:26.365+0000] {processor.py:176} INFO - Processing /home/airflow/.local/lib/python3.7/site-packages/airflow/example_dags/tutorial_taskflow_api.py took 0.160 seconds
[2024-07-14T13:33:57.208+0000] {processor.py:154} INFO - Started process (PID=168) to work on /home/airflow/.local/lib/python3.7/site-packages/airflow/example_dags/tutorial_taskflow_api.py
[2024-07-14T13:33:57.210+0000] {processor.py:756} INFO - Processing file /home/airflow/.local/lib/python3.7/site-packages/airflow/example_dags/tutorial_taskflow_api.py for tasks to queue
[2024-07-14T13:33:57.211+0000] {logging_mixin.py:120} INFO - [2024-07-14T13:33:57.211+0000] {dagbag.py:537} INFO - Filling up the DagBag from /home/airflow/.local/lib/python3.7/site-packages/airflow/example_dags/tutorial_taskflow_api.py
[2024-07-14T13:33:57.231+0000] {processor.py:766} INFO - DAG(s) dict_keys(['tutorial_taskflow_api']) retrieved from /home/airflow/.local/lib/python3.7/site-packages/airflow/example_dags/tutorial_taskflow_api.py
[2024-07-14T13:33:57.276+0000] {logging_mixin.py:120} INFO - [2024-07-14T13:33:57.276+0000] {dag.py:2585} INFO - Sync 1 DAGs
[2024-07-14T13:33:57.301+0000] {logging_mixin.py:120} INFO - [2024-07-14T13:33:57.301+0000] {dag.py:3340} INFO - Setting next_dagrun for tutorial_taskflow_api to None, run_after=None
[2024-07-14T13:33:57.326+0000] {processor.py:176} INFO - Processing /home/airflow/.local/lib/python3.7/site-packages/airflow/example_dags/tutorial_taskflow_api.py took 0.121 seconds
[2024-07-14T13:34:27.628+0000] {processor.py:154} INFO - Started process (PID=226) to work on /home/airflow/.local/lib/python3.7/site-packages/airflow/example_dags/tutorial_taskflow_api.py
[2024-07-14T13:34:27.631+0000] {processor.py:756} INFO - Processing file /home/airflow/.local/lib/python3.7/site-packages/airflow/example_dags/tutorial_taskflow_api.py for tasks to queue
[2024-07-14T13:34:27.634+0000] {logging_mixin.py:120} INFO - [2024-07-14T13:34:27.634+0000] {dagbag.py:537} INFO - Filling up the DagBag from /home/airflow/.local/lib/python3.7/site-packages/airflow/example_dags/tutorial_taskflow_api.py
[2024-07-14T13:34:27.654+0000] {processor.py:766} INFO - DAG(s) dict_keys(['tutorial_taskflow_api']) retrieved from /home/airflow/.local/lib/python3.7/site-packages/airflow/example_dags/tutorial_taskflow_api.py
[2024-07-14T13:34:27.694+0000] {logging_mixin.py:120} INFO - [2024-07-14T13:34:27.694+0000] {dag.py:2585} INFO - Sync 1 DAGs
[2024-07-14T13:34:27.725+0000] {logging_mixin.py:120} INFO - [2024-07-14T13:34:27.725+0000] {dag.py:3340} INFO - Setting next_dagrun for tutorial_taskflow_api to None, run_after=None
[2024-07-14T13:34:27.756+0000] {processor.py:176} INFO - Processing /home/airflow/.local/lib/python3.7/site-packages/airflow/example_dags/tutorial_taskflow_api.py took 0.131 seconds
[2024-07-14T13:34:58.786+0000] {processor.py:154} INFO - Started process (PID=291) to work on /home/airflow/.local/lib/python3.7/site-packages/airflow/example_dags/tutorial_taskflow_api.py
[2024-07-14T13:34:58.787+0000] {processor.py:756} INFO - Processing file /home/airflow/.local/lib/python3.7/site-packages/airflow/example_dags/tutorial_taskflow_api.py for tasks to queue
[2024-07-14T13:34:58.788+0000] {logging_mixin.py:120} INFO - [2024-07-14T13:34:58.788+0000] {dagbag.py:537} INFO - Filling up the DagBag from /home/airflow/.local/lib/python3.7/site-packages/airflow/example_dags/tutorial_taskflow_api.py
[2024-07-14T13:34:58.801+0000] {processor.py:766} INFO - DAG(s) dict_keys(['tutorial_taskflow_api']) retrieved from /home/airflow/.local/lib/python3.7/site-packages/airflow/example_dags/tutorial_taskflow_api.py
[2024-07-14T13:34:58.831+0000] {logging_mixin.py:120} INFO - [2024-07-14T13:34:58.831+0000] {dag.py:2585} INFO - Sync 1 DAGs
[2024-07-14T13:34:58.849+0000] {logging_mixin.py:120} INFO - [2024-07-14T13:34:58.849+0000] {dag.py:3340} INFO - Setting next_dagrun for tutorial_taskflow_api to None, run_after=None
[2024-07-14T13:34:58.869+0000] {processor.py:176} INFO - Processing /home/airflow/.local/lib/python3.7/site-packages/airflow/example_dags/tutorial_taskflow_api.py took 0.086 seconds
[2024-07-14T13:35:29.733+0000] {processor.py:154} INFO - Started process (PID=356) to work on /home/airflow/.local/lib/python3.7/site-packages/airflow/example_dags/tutorial_taskflow_api.py
[2024-07-14T13:35:29.737+0000] {processor.py:756} INFO - Processing file /home/airflow/.local/lib/python3.7/site-packages/airflow/example_dags/tutorial_taskflow_api.py for tasks to queue
[2024-07-14T13:35:29.738+0000] {logging_mixin.py:120} INFO - [2024-07-14T13:35:29.737+0000] {dagbag.py:537} INFO - Filling up the DagBag from /home/airflow/.local/lib/python3.7/site-packages/airflow/example_dags/tutorial_taskflow_api.py
[2024-07-14T13:35:29.759+0000] {processor.py:766} INFO - DAG(s) dict_keys(['tutorial_taskflow_api']) retrieved from /home/airflow/.local/lib/python3.7/site-packages/airflow/example_dags/tutorial_taskflow_api.py
[2024-07-14T13:35:29.792+0000] {logging_mixin.py:120} INFO - [2024-07-14T13:35:29.792+0000] {dag.py:2585} INFO - Sync 1 DAGs
[2024-07-14T13:35:29.810+0000] {logging_mixin.py:120} INFO - [2024-07-14T13:35:29.810+0000] {dag.py:3340} INFO - Setting next_dagrun for tutorial_taskflow_api to None, run_after=None
[2024-07-14T13:35:29.827+0000] {processor.py:176} INFO - Processing /home/airflow/.local/lib/python3.7/site-packages/airflow/example_dags/tutorial_taskflow_api.py took 0.097 seconds
[2024-07-14T13:35:59.858+0000] {processor.py:154} INFO - Started process (PID=422) to work on /home/airflow/.local/lib/python3.7/site-packages/airflow/example_dags/tutorial_taskflow_api.py
[2024-07-14T13:35:59.859+0000] {processor.py:756} INFO - Processing file /home/airflow/.local/lib/python3.7/site-packages/airflow/example_dags/tutorial_taskflow_api.py for tasks to queue
[2024-07-14T13:35:59.860+0000] {logging_mixin.py:120} INFO - [2024-07-14T13:35:59.860+0000] {dagbag.py:537} INFO - Filling up the DagBag from /home/airflow/.local/lib/python3.7/site-packages/airflow/example_dags/tutorial_taskflow_api.py
[2024-07-14T13:35:59.875+0000] {processor.py:766} INFO - DAG(s) dict_keys(['tutorial_taskflow_api']) retrieved from /home/airflow/.local/lib/python3.7/site-packages/airflow/example_dags/tutorial_taskflow_api.py
[2024-07-14T13:35:59.906+0000] {logging_mixin.py:120} INFO - [2024-07-14T13:35:59.905+0000] {dag.py:2585} INFO - Sync 1 DAGs
[2024-07-14T13:35:59.930+0000] {logging_mixin.py:120} INFO - [2024-07-14T13:35:59.930+0000] {dag.py:3340} INFO - Setting next_dagrun for tutorial_taskflow_api to None, run_after=None
[2024-07-14T13:35:59.967+0000] {processor.py:176} INFO - Processing /home/airflow/.local/lib/python3.7/site-packages/airflow/example_dags/tutorial_taskflow_api.py took 0.111 seconds
[2024-07-14T13:36:30.537+0000] {processor.py:154} INFO - Started process (PID=488) to work on /home/airflow/.local/lib/python3.7/site-packages/airflow/example_dags/tutorial_taskflow_api.py
[2024-07-14T13:36:30.539+0000] {processor.py:756} INFO - Processing file /home/airflow/.local/lib/python3.7/site-packages/airflow/example_dags/tutorial_taskflow_api.py for tasks to queue
[2024-07-14T13:36:30.540+0000] {logging_mixin.py:120} INFO - [2024-07-14T13:36:30.539+0000] {dagbag.py:537} INFO - Filling up the DagBag from /home/airflow/.local/lib/python3.7/site-packages/airflow/example_dags/tutorial_taskflow_api.py
[2024-07-14T13:36:30.558+0000] {processor.py:766} INFO - DAG(s) dict_keys(['tutorial_taskflow_api']) retrieved from /home/airflow/.local/lib/python3.7/site-packages/airflow/example_dags/tutorial_taskflow_api.py
[2024-07-14T13:36:30.595+0000] {logging_mixin.py:120} INFO - [2024-07-14T13:36:30.595+0000] {dag.py:2585} INFO - Sync 1 DAGs
[2024-07-14T13:36:30.614+0000] {logging_mixin.py:120} INFO - [2024-07-14T13:36:30.614+0000] {dag.py:3340} INFO - Setting next_dagrun for tutorial_taskflow_api to None, run_after=None
[2024-07-14T13:36:30.628+0000] {processor.py:176} INFO - Processing /home/airflow/.local/lib/python3.7/site-packages/airflow/example_dags/tutorial_taskflow_api.py took 0.093 seconds
[2024-07-14T13:37:01.238+0000] {processor.py:154} INFO - Started process (PID=545) to work on /home/airflow/.local/lib/python3.7/site-packages/airflow/example_dags/tutorial_taskflow_api.py
[2024-07-14T13:37:01.239+0000] {processor.py:756} INFO - Processing file /home/airflow/.local/lib/python3.7/site-packages/airflow/example_dags/tutorial_taskflow_api.py for tasks to queue
[2024-07-14T13:37:01.240+0000] {logging_mixin.py:120} INFO - [2024-07-14T13:37:01.240+0000] {dagbag.py:537} INFO - Filling up the DagBag from /home/airflow/.local/lib/python3.7/site-packages/airflow/example_dags/tutorial_taskflow_api.py
[2024-07-14T13:37:01.259+0000] {processor.py:766} INFO - DAG(s) dict_keys(['tutorial_taskflow_api']) retrieved from /home/airflow/.local/lib/python3.7/site-packages/airflow/example_dags/tutorial_taskflow_api.py
[2024-07-14T13:37:01.287+0000] {logging_mixin.py:120} INFO - [2024-07-14T13:37:01.287+0000] {dag.py:2585} INFO - Sync 1 DAGs
[2024-07-14T13:37:01.317+0000] {logging_mixin.py:120} INFO - [2024-07-14T13:37:01.317+0000] {dag.py:3340} INFO - Setting next_dagrun for tutorial_taskflow_api to None, run_after=None
[2024-07-14T13:37:01.336+0000] {processor.py:176} INFO - Processing /home/airflow/.local/lib/python3.7/site-packages/airflow/example_dags/tutorial_taskflow_api.py took 0.100 seconds
[2024-07-14T13:37:31.676+0000] {processor.py:154} INFO - Started process (PID=611) to work on /home/airflow/.local/lib/python3.7/site-packages/airflow/example_dags/tutorial_taskflow_api.py
[2024-07-14T13:37:31.677+0000] {processor.py:756} INFO - Processing file /home/airflow/.local/lib/python3.7/site-packages/airflow/example_dags/tutorial_taskflow_api.py for tasks to queue
[2024-07-14T13:37:31.678+0000] {logging_mixin.py:120} INFO - [2024-07-14T13:37:31.678+0000] {dagbag.py:537} INFO - Filling up the DagBag from /home/airflow/.local/lib/python3.7/site-packages/airflow/example_dags/tutorial_taskflow_api.py
[2024-07-14T13:37:31.692+0000] {processor.py:766} INFO - DAG(s) dict_keys(['tutorial_taskflow_api']) retrieved from /home/airflow/.local/lib/python3.7/site-packages/airflow/example_dags/tutorial_taskflow_api.py
[2024-07-14T13:37:31.721+0000] {logging_mixin.py:120} INFO - [2024-07-14T13:37:31.721+0000] {dag.py:2585} INFO - Sync 1 DAGs
[2024-07-14T13:37:31.743+0000] {logging_mixin.py:120} INFO - [2024-07-14T13:37:31.742+0000] {dag.py:3340} INFO - Setting next_dagrun for tutorial_taskflow_api to None, run_after=None
[2024-07-14T13:37:31.756+0000] {processor.py:176} INFO - Processing /home/airflow/.local/lib/python3.7/site-packages/airflow/example_dags/tutorial_taskflow_api.py took 0.082 seconds
[2024-07-14T13:38:02.578+0000] {processor.py:154} INFO - Started process (PID=677) to work on /home/airflow/.local/lib/python3.7/site-packages/airflow/example_dags/tutorial_taskflow_api.py
[2024-07-14T13:38:02.579+0000] {processor.py:756} INFO - Processing file /home/airflow/.local/lib/python3.7/site-packages/airflow/example_dags/tutorial_taskflow_api.py for tasks to queue
[2024-07-14T13:38:02.580+0000] {logging_mixin.py:120} INFO - [2024-07-14T13:38:02.580+0000] {dagbag.py:537} INFO - Filling up the DagBag from /home/airflow/.local/lib/python3.7/site-packages/airflow/example_dags/tutorial_taskflow_api.py
[2024-07-14T13:38:02.601+0000] {processor.py:766} INFO - DAG(s) dict_keys(['tutorial_taskflow_api']) retrieved from /home/airflow/.local/lib/python3.7/site-packages/airflow/example_dags/tutorial_taskflow_api.py
[2024-07-14T13:38:02.628+0000] {logging_mixin.py:120} INFO - [2024-07-14T13:38:02.628+0000] {dag.py:2585} INFO - Sync 1 DAGs
[2024-07-14T13:38:02.647+0000] {logging_mixin.py:120} INFO - [2024-07-14T13:38:02.647+0000] {dag.py:3340} INFO - Setting next_dagrun for tutorial_taskflow_api to None, run_after=None
[2024-07-14T13:38:02.662+0000] {processor.py:176} INFO - Processing /home/airflow/.local/lib/python3.7/site-packages/airflow/example_dags/tutorial_taskflow_api.py took 0.086 seconds
[2024-07-14T13:38:33.058+0000] {processor.py:154} INFO - Started process (PID=743) to work on /home/airflow/.local/lib/python3.7/site-packages/airflow/example_dags/tutorial_taskflow_api.py
[2024-07-14T13:38:33.059+0000] {processor.py:756} INFO - Processing file /home/airflow/.local/lib/python3.7/site-packages/airflow/example_dags/tutorial_taskflow_api.py for tasks to queue
[2024-07-14T13:38:33.096+0000] {logging_mixin.py:120} INFO - [2024-07-14T13:38:33.096+0000] {dagbag.py:537} INFO - Filling up the DagBag from /home/airflow/.local/lib/python3.7/site-packages/airflow/example_dags/tutorial_taskflow_api.py
[2024-07-14T13:38:33.117+0000] {processor.py:766} INFO - DAG(s) dict_keys(['tutorial_taskflow_api']) retrieved from /home/airflow/.local/lib/python3.7/site-packages/airflow/example_dags/tutorial_taskflow_api.py
[2024-07-14T13:38:33.151+0000] {logging_mixin.py:120} INFO - [2024-07-14T13:38:33.151+0000] {dag.py:2585} INFO - Sync 1 DAGs
[2024-07-14T13:38:33.167+0000] {logging_mixin.py:120} INFO - [2024-07-14T13:38:33.166+0000] {dag.py:3340} INFO - Setting next_dagrun for tutorial_taskflow_api to None, run_after=None
[2024-07-14T13:38:33.183+0000] {processor.py:176} INFO - Processing /home/airflow/.local/lib/python3.7/site-packages/airflow/example_dags/tutorial_taskflow_api.py took 0.128 seconds
[2024-07-14T13:39:03.531+0000] {processor.py:154} INFO - Started process (PID=800) to work on /home/airflow/.local/lib/python3.7/site-packages/airflow/example_dags/tutorial_taskflow_api.py
[2024-07-14T13:39:03.532+0000] {processor.py:756} INFO - Processing file /home/airflow/.local/lib/python3.7/site-packages/airflow/example_dags/tutorial_taskflow_api.py for tasks to queue
[2024-07-14T13:39:03.532+0000] {logging_mixin.py:120} INFO - [2024-07-14T13:39:03.532+0000] {dagbag.py:537} INFO - Filling up the DagBag from /home/airflow/.local/lib/python3.7/site-packages/airflow/example_dags/tutorial_taskflow_api.py
[2024-07-14T13:39:03.545+0000] {processor.py:766} INFO - DAG(s) dict_keys(['tutorial_taskflow_api']) retrieved from /home/airflow/.local/lib/python3.7/site-packages/airflow/example_dags/tutorial_taskflow_api.py
[2024-07-14T13:39:03.573+0000] {logging_mixin.py:120} INFO - [2024-07-14T13:39:03.573+0000] {dag.py:2585} INFO - Sync 1 DAGs
[2024-07-14T13:39:03.589+0000] {logging_mixin.py:120} INFO - [2024-07-14T13:39:03.588+0000] {dag.py:3340} INFO - Setting next_dagrun for tutorial_taskflow_api to None, run_after=None
[2024-07-14T13:39:03.606+0000] {processor.py:176} INFO - Processing /home/airflow/.local/lib/python3.7/site-packages/airflow/example_dags/tutorial_taskflow_api.py took 0.078 seconds
[2024-07-14T13:39:34.211+0000] {processor.py:154} INFO - Started process (PID=864) to work on /home/airflow/.local/lib/python3.7/site-packages/airflow/example_dags/tutorial_taskflow_api.py
[2024-07-14T13:39:34.212+0000] {processor.py:756} INFO - Processing file /home/airflow/.local/lib/python3.7/site-packages/airflow/example_dags/tutorial_taskflow_api.py for tasks to queue
[2024-07-14T13:39:34.213+0000] {logging_mixin.py:120} INFO - [2024-07-14T13:39:34.213+0000] {dagbag.py:537} INFO - Filling up the DagBag from /home/airflow/.local/lib/python3.7/site-packages/airflow/example_dags/tutorial_taskflow_api.py
[2024-07-14T13:39:34.228+0000] {processor.py:766} INFO - DAG(s) dict_keys(['tutorial_taskflow_api']) retrieved from /home/airflow/.local/lib/python3.7/site-packages/airflow/example_dags/tutorial_taskflow_api.py
[2024-07-14T13:39:34.256+0000] {logging_mixin.py:120} INFO - [2024-07-14T13:39:34.256+0000] {dag.py:2585} INFO - Sync 1 DAGs
[2024-07-14T13:39:34.274+0000] {logging_mixin.py:120} INFO - [2024-07-14T13:39:34.274+0000] {dag.py:3340} INFO - Setting next_dagrun for tutorial_taskflow_api to None, run_after=None
[2024-07-14T13:39:34.289+0000] {processor.py:176} INFO - Processing /home/airflow/.local/lib/python3.7/site-packages/airflow/example_dags/tutorial_taskflow_api.py took 0.080 seconds
[2024-07-14T13:40:04.918+0000] {processor.py:154} INFO - Started process (PID=930) to work on /home/airflow/.local/lib/python3.7/site-packages/airflow/example_dags/tutorial_taskflow_api.py
[2024-07-14T13:40:04.919+0000] {processor.py:756} INFO - Processing file /home/airflow/.local/lib/python3.7/site-packages/airflow/example_dags/tutorial_taskflow_api.py for tasks to queue
[2024-07-14T13:40:04.919+0000] {logging_mixin.py:120} INFO - [2024-07-14T13:40:04.919+0000] {dagbag.py:537} INFO - Filling up the DagBag from /home/airflow/.local/lib/python3.7/site-packages/airflow/example_dags/tutorial_taskflow_api.py
[2024-07-14T13:40:04.935+0000] {processor.py:766} INFO - DAG(s) dict_keys(['tutorial_taskflow_api']) retrieved from /home/airflow/.local/lib/python3.7/site-packages/airflow/example_dags/tutorial_taskflow_api.py
[2024-07-14T13:40:04.963+0000] {logging_mixin.py:120} INFO - [2024-07-14T13:40:04.962+0000] {dag.py:2585} INFO - Sync 1 DAGs
[2024-07-14T13:40:04.982+0000] {logging_mixin.py:120} INFO - [2024-07-14T13:40:04.982+0000] {dag.py:3340} INFO - Setting next_dagrun for tutorial_taskflow_api to None, run_after=None
[2024-07-14T13:40:04.998+0000] {processor.py:176} INFO - Processing /home/airflow/.local/lib/python3.7/site-packages/airflow/example_dags/tutorial_taskflow_api.py took 0.082 seconds
[2024-07-14T13:40:35.846+0000] {processor.py:154} INFO - Started process (PID=996) to work on /home/airflow/.local/lib/python3.7/site-packages/airflow/example_dags/tutorial_taskflow_api.py
[2024-07-14T13:40:35.847+0000] {processor.py:756} INFO - Processing file /home/airflow/.local/lib/python3.7/site-packages/airflow/example_dags/tutorial_taskflow_api.py for tasks to queue
[2024-07-14T13:40:35.848+0000] {logging_mixin.py:120} INFO - [2024-07-14T13:40:35.848+0000] {dagbag.py:537} INFO - Filling up the DagBag from /home/airflow/.local/lib/python3.7/site-packages/airflow/example_dags/tutorial_taskflow_api.py
[2024-07-14T13:40:35.866+0000] {processor.py:766} INFO - DAG(s) dict_keys(['tutorial_taskflow_api']) retrieved from /home/airflow/.local/lib/python3.7/site-packages/airflow/example_dags/tutorial_taskflow_api.py
[2024-07-14T13:40:35.902+0000] {logging_mixin.py:120} INFO - [2024-07-14T13:40:35.902+0000] {dag.py:2585} INFO - Sync 1 DAGs
[2024-07-14T13:40:35.924+0000] {logging_mixin.py:120} INFO - [2024-07-14T13:40:35.924+0000] {dag.py:3340} INFO - Setting next_dagrun for tutorial_taskflow_api to None, run_after=None
[2024-07-14T13:40:35.939+0000] {processor.py:176} INFO - Processing /home/airflow/.local/lib/python3.7/site-packages/airflow/example_dags/tutorial_taskflow_api.py took 0.095 seconds
[2024-07-14T13:41:06.175+0000] {processor.py:154} INFO - Started process (PID=1053) to work on /home/airflow/.local/lib/python3.7/site-packages/airflow/example_dags/tutorial_taskflow_api.py
[2024-07-14T13:41:06.176+0000] {processor.py:756} INFO - Processing file /home/airflow/.local/lib/python3.7/site-packages/airflow/example_dags/tutorial_taskflow_api.py for tasks to queue
[2024-07-14T13:41:06.177+0000] {logging_mixin.py:120} INFO - [2024-07-14T13:41:06.177+0000] {dagbag.py:537} INFO - Filling up the DagBag from /home/airflow/.local/lib/python3.7/site-packages/airflow/example_dags/tutorial_taskflow_api.py
[2024-07-14T13:41:06.194+0000] {processor.py:766} INFO - DAG(s) dict_keys(['tutorial_taskflow_api']) retrieved from /home/airflow/.local/lib/python3.7/site-packages/airflow/example_dags/tutorial_taskflow_api.py
[2024-07-14T13:41:06.225+0000] {logging_mixin.py:120} INFO - [2024-07-14T13:41:06.224+0000] {dag.py:2585} INFO - Sync 1 DAGs
[2024-07-14T13:41:06.242+0000] {logging_mixin.py:120} INFO - [2024-07-14T13:41:06.241+0000] {dag.py:3340} INFO - Setting next_dagrun for tutorial_taskflow_api to None, run_after=None
[2024-07-14T13:41:06.259+0000] {processor.py:176} INFO - Processing /home/airflow/.local/lib/python3.7/site-packages/airflow/example_dags/tutorial_taskflow_api.py took 0.087 seconds
[2024-07-14T13:41:36.594+0000] {processor.py:154} INFO - Started process (PID=1119) to work on /home/airflow/.local/lib/python3.7/site-packages/airflow/example_dags/tutorial_taskflow_api.py
[2024-07-14T13:41:36.595+0000] {processor.py:756} INFO - Processing file /home/airflow/.local/lib/python3.7/site-packages/airflow/example_dags/tutorial_taskflow_api.py for tasks to queue
[2024-07-14T13:41:36.595+0000] {logging_mixin.py:120} INFO - [2024-07-14T13:41:36.595+0000] {dagbag.py:537} INFO - Filling up the DagBag from /home/airflow/.local/lib/python3.7/site-packages/airflow/example_dags/tutorial_taskflow_api.py
[2024-07-14T13:41:36.610+0000] {processor.py:766} INFO - DAG(s) dict_keys(['tutorial_taskflow_api']) retrieved from /home/airflow/.local/lib/python3.7/site-packages/airflow/example_dags/tutorial_taskflow_api.py
[2024-07-14T13:41:36.648+0000] {logging_mixin.py:120} INFO - [2024-07-14T13:41:36.648+0000] {dag.py:2585} INFO - Sync 1 DAGs
[2024-07-14T13:41:36.673+0000] {logging_mixin.py:120} INFO - [2024-07-14T13:41:36.672+0000] {dag.py:3340} INFO - Setting next_dagrun for tutorial_taskflow_api to None, run_after=None
[2024-07-14T13:41:36.693+0000] {processor.py:176} INFO - Processing /home/airflow/.local/lib/python3.7/site-packages/airflow/example_dags/tutorial_taskflow_api.py took 0.102 seconds
[2024-07-14T13:42:07.160+0000] {processor.py:154} INFO - Started process (PID=1185) to work on /home/airflow/.local/lib/python3.7/site-packages/airflow/example_dags/tutorial_taskflow_api.py
[2024-07-14T13:42:07.160+0000] {processor.py:756} INFO - Processing file /home/airflow/.local/lib/python3.7/site-packages/airflow/example_dags/tutorial_taskflow_api.py for tasks to queue
[2024-07-14T13:42:07.161+0000] {logging_mixin.py:120} INFO - [2024-07-14T13:42:07.161+0000] {dagbag.py:537} INFO - Filling up the DagBag from /home/airflow/.local/lib/python3.7/site-packages/airflow/example_dags/tutorial_taskflow_api.py
[2024-07-14T13:42:07.174+0000] {processor.py:766} INFO - DAG(s) dict_keys(['tutorial_taskflow_api']) retrieved from /home/airflow/.local/lib/python3.7/site-packages/airflow/example_dags/tutorial_taskflow_api.py
[2024-07-14T13:42:07.205+0000] {logging_mixin.py:120} INFO - [2024-07-14T13:42:07.205+0000] {dag.py:2585} INFO - Sync 1 DAGs
[2024-07-14T13:42:07.228+0000] {logging_mixin.py:120} INFO - [2024-07-14T13:42:07.228+0000] {dag.py:3340} INFO - Setting next_dagrun for tutorial_taskflow_api to None, run_after=None
[2024-07-14T13:42:07.244+0000] {processor.py:176} INFO - Processing /home/airflow/.local/lib/python3.7/site-packages/airflow/example_dags/tutorial_taskflow_api.py took 0.086 seconds
[2024-07-14T13:42:37.812+0000] {processor.py:154} INFO - Started process (PID=1251) to work on /home/airflow/.local/lib/python3.7/site-packages/airflow/example_dags/tutorial_taskflow_api.py
[2024-07-14T13:42:37.812+0000] {processor.py:756} INFO - Processing file /home/airflow/.local/lib/python3.7/site-packages/airflow/example_dags/tutorial_taskflow_api.py for tasks to queue
[2024-07-14T13:42:37.813+0000] {logging_mixin.py:120} INFO - [2024-07-14T13:42:37.813+0000] {dagbag.py:537} INFO - Filling up the DagBag from /home/airflow/.local/lib/python3.7/site-packages/airflow/example_dags/tutorial_taskflow_api.py
[2024-07-14T13:42:37.835+0000] {processor.py:766} INFO - DAG(s) dict_keys(['tutorial_taskflow_api']) retrieved from /home/airflow/.local/lib/python3.7/site-packages/airflow/example_dags/tutorial_taskflow_api.py
[2024-07-14T13:42:37.870+0000] {logging_mixin.py:120} INFO - [2024-07-14T13:42:37.870+0000] {dag.py:2585} INFO - Sync 1 DAGs
[2024-07-14T13:42:37.887+0000] {logging_mixin.py:120} INFO - [2024-07-14T13:42:37.887+0000] {dag.py:3340} INFO - Setting next_dagrun for tutorial_taskflow_api to None, run_after=None
[2024-07-14T13:42:37.903+0000] {processor.py:176} INFO - Processing /home/airflow/.local/lib/python3.7/site-packages/airflow/example_dags/tutorial_taskflow_api.py took 0.093 seconds
[2024-07-14T13:43:09.149+0000] {processor.py:154} INFO - Started process (PID=1318) to work on /home/airflow/.local/lib/python3.7/site-packages/airflow/example_dags/tutorial_taskflow_api.py
[2024-07-14T13:43:09.149+0000] {processor.py:756} INFO - Processing file /home/airflow/.local/lib/python3.7/site-packages/airflow/example_dags/tutorial_taskflow_api.py for tasks to queue
[2024-07-14T13:43:09.150+0000] {logging_mixin.py:120} INFO - [2024-07-14T13:43:09.150+0000] {dagbag.py:537} INFO - Filling up the DagBag from /home/airflow/.local/lib/python3.7/site-packages/airflow/example_dags/tutorial_taskflow_api.py
[2024-07-14T13:43:09.165+0000] {processor.py:766} INFO - DAG(s) dict_keys(['tutorial_taskflow_api']) retrieved from /home/airflow/.local/lib/python3.7/site-packages/airflow/example_dags/tutorial_taskflow_api.py
[2024-07-14T13:43:09.196+0000] {logging_mixin.py:120} INFO - [2024-07-14T13:43:09.196+0000] {dag.py:2585} INFO - Sync 1 DAGs
[2024-07-14T13:43:09.218+0000] {logging_mixin.py:120} INFO - [2024-07-14T13:43:09.218+0000] {dag.py:3340} INFO - Setting next_dagrun for tutorial_taskflow_api to None, run_after=None
[2024-07-14T13:43:09.232+0000] {processor.py:176} INFO - Processing /home/airflow/.local/lib/python3.7/site-packages/airflow/example_dags/tutorial_taskflow_api.py took 0.086 seconds
[2024-07-14T13:43:39.670+0000] {processor.py:154} INFO - Started process (PID=1375) to work on /home/airflow/.local/lib/python3.7/site-packages/airflow/example_dags/tutorial_taskflow_api.py
[2024-07-14T13:43:39.671+0000] {processor.py:756} INFO - Processing file /home/airflow/.local/lib/python3.7/site-packages/airflow/example_dags/tutorial_taskflow_api.py for tasks to queue
[2024-07-14T13:43:39.672+0000] {logging_mixin.py:120} INFO - [2024-07-14T13:43:39.672+0000] {dagbag.py:537} INFO - Filling up the DagBag from /home/airflow/.local/lib/python3.7/site-packages/airflow/example_dags/tutorial_taskflow_api.py
[2024-07-14T13:43:39.687+0000] {processor.py:766} INFO - DAG(s) dict_keys(['tutorial_taskflow_api']) retrieved from /home/airflow/.local/lib/python3.7/site-packages/airflow/example_dags/tutorial_taskflow_api.py
[2024-07-14T13:43:39.716+0000] {logging_mixin.py:120} INFO - [2024-07-14T13:43:39.716+0000] {dag.py:2585} INFO - Sync 1 DAGs
[2024-07-14T13:43:39.736+0000] {logging_mixin.py:120} INFO - [2024-07-14T13:43:39.736+0000] {dag.py:3340} INFO - Setting next_dagrun for tutorial_taskflow_api to None, run_after=None
[2024-07-14T13:43:39.753+0000] {processor.py:176} INFO - Processing /home/airflow/.local/lib/python3.7/site-packages/airflow/example_dags/tutorial_taskflow_api.py took 0.085 seconds
[2024-07-14T13:44:10.204+0000] {processor.py:154} INFO - Started process (PID=1440) to work on /home/airflow/.local/lib/python3.7/site-packages/airflow/example_dags/tutorial_taskflow_api.py
[2024-07-14T13:44:10.205+0000] {processor.py:756} INFO - Processing file /home/airflow/.local/lib/python3.7/site-packages/airflow/example_dags/tutorial_taskflow_api.py for tasks to queue
[2024-07-14T13:44:10.210+0000] {logging_mixin.py:120} INFO - [2024-07-14T13:44:10.210+0000] {dagbag.py:537} INFO - Filling up the DagBag from /home/airflow/.local/lib/python3.7/site-packages/airflow/example_dags/tutorial_taskflow_api.py
[2024-07-14T13:44:10.245+0000] {processor.py:766} INFO - DAG(s) dict_keys(['tutorial_taskflow_api']) retrieved from /home/airflow/.local/lib/python3.7/site-packages/airflow/example_dags/tutorial_taskflow_api.py
[2024-07-14T13:44:10.293+0000] {logging_mixin.py:120} INFO - [2024-07-14T13:44:10.293+0000] {dag.py:2585} INFO - Sync 1 DAGs
[2024-07-14T13:44:10.312+0000] {logging_mixin.py:120} INFO - [2024-07-14T13:44:10.312+0000] {dag.py:3340} INFO - Setting next_dagrun for tutorial_taskflow_api to None, run_after=None
[2024-07-14T13:44:10.334+0000] {processor.py:176} INFO - Processing /home/airflow/.local/lib/python3.7/site-packages/airflow/example_dags/tutorial_taskflow_api.py took 0.132 seconds
[2024-07-14T13:44:41.173+0000] {processor.py:154} INFO - Started process (PID=1505) to work on /home/airflow/.local/lib/python3.7/site-packages/airflow/example_dags/tutorial_taskflow_api.py
[2024-07-14T13:44:41.174+0000] {processor.py:756} INFO - Processing file /home/airflow/.local/lib/python3.7/site-packages/airflow/example_dags/tutorial_taskflow_api.py for tasks to queue
[2024-07-14T13:44:41.175+0000] {logging_mixin.py:120} INFO - [2024-07-14T13:44:41.175+0000] {dagbag.py:537} INFO - Filling up the DagBag from /home/airflow/.local/lib/python3.7/site-packages/airflow/example_dags/tutorial_taskflow_api.py
[2024-07-14T13:44:41.195+0000] {processor.py:766} INFO - DAG(s) dict_keys(['tutorial_taskflow_api']) retrieved from /home/airflow/.local/lib/python3.7/site-packages/airflow/example_dags/tutorial_taskflow_api.py
[2024-07-14T13:44:41.233+0000] {logging_mixin.py:120} INFO - [2024-07-14T13:44:41.233+0000] {dag.py:2585} INFO - Sync 1 DAGs
[2024-07-14T13:44:41.256+0000] {logging_mixin.py:120} INFO - [2024-07-14T13:44:41.256+0000] {dag.py:3340} INFO - Setting next_dagrun for tutorial_taskflow_api to None, run_after=None
[2024-07-14T13:44:41.278+0000] {processor.py:176} INFO - Processing /home/airflow/.local/lib/python3.7/site-packages/airflow/example_dags/tutorial_taskflow_api.py took 0.107 seconds
[2024-07-14T13:45:12.095+0000] {processor.py:154} INFO - Started process (PID=1570) to work on /home/airflow/.local/lib/python3.7/site-packages/airflow/example_dags/tutorial_taskflow_api.py
[2024-07-14T13:45:12.096+0000] {processor.py:756} INFO - Processing file /home/airflow/.local/lib/python3.7/site-packages/airflow/example_dags/tutorial_taskflow_api.py for tasks to queue
[2024-07-14T13:45:12.097+0000] {logging_mixin.py:120} INFO - [2024-07-14T13:45:12.096+0000] {dagbag.py:537} INFO - Filling up the DagBag from /home/airflow/.local/lib/python3.7/site-packages/airflow/example_dags/tutorial_taskflow_api.py
[2024-07-14T13:45:12.115+0000] {processor.py:766} INFO - DAG(s) dict_keys(['tutorial_taskflow_api']) retrieved from /home/airflow/.local/lib/python3.7/site-packages/airflow/example_dags/tutorial_taskflow_api.py
[2024-07-14T13:45:12.148+0000] {logging_mixin.py:120} INFO - [2024-07-14T13:45:12.148+0000] {dag.py:2585} INFO - Sync 1 DAGs
[2024-07-14T13:45:12.166+0000] {logging_mixin.py:120} INFO - [2024-07-14T13:45:12.166+0000] {dag.py:3340} INFO - Setting next_dagrun for tutorial_taskflow_api to None, run_after=None
[2024-07-14T13:45:12.185+0000] {processor.py:176} INFO - Processing /home/airflow/.local/lib/python3.7/site-packages/airflow/example_dags/tutorial_taskflow_api.py took 0.092 seconds
[2024-07-14T13:45:42.986+0000] {processor.py:154} INFO - Started process (PID=1634) to work on /home/airflow/.local/lib/python3.7/site-packages/airflow/example_dags/tutorial_taskflow_api.py
[2024-07-14T13:45:42.987+0000] {processor.py:756} INFO - Processing file /home/airflow/.local/lib/python3.7/site-packages/airflow/example_dags/tutorial_taskflow_api.py for tasks to queue
[2024-07-14T13:45:42.987+0000] {logging_mixin.py:120} INFO - [2024-07-14T13:45:42.987+0000] {dagbag.py:537} INFO - Filling up the DagBag from /home/airflow/.local/lib/python3.7/site-packages/airflow/example_dags/tutorial_taskflow_api.py
[2024-07-14T13:45:43.002+0000] {processor.py:766} INFO - DAG(s) dict_keys(['tutorial_taskflow_api']) retrieved from /home/airflow/.local/lib/python3.7/site-packages/airflow/example_dags/tutorial_taskflow_api.py
[2024-07-14T13:45:43.028+0000] {logging_mixin.py:120} INFO - [2024-07-14T13:45:43.028+0000] {dag.py:2585} INFO - Sync 1 DAGs
[2024-07-14T13:45:43.047+0000] {logging_mixin.py:120} INFO - [2024-07-14T13:45:43.047+0000] {dag.py:3340} INFO - Setting next_dagrun for tutorial_taskflow_api to None, run_after=None
[2024-07-14T13:45:43.064+0000] {processor.py:176} INFO - Processing /home/airflow/.local/lib/python3.7/site-packages/airflow/example_dags/tutorial_taskflow_api.py took 0.081 seconds
[2024-07-14T13:46:14.001+0000] {processor.py:154} INFO - Started process (PID=1699) to work on /home/airflow/.local/lib/python3.7/site-packages/airflow/example_dags/tutorial_taskflow_api.py
[2024-07-14T13:46:14.002+0000] {processor.py:756} INFO - Processing file /home/airflow/.local/lib/python3.7/site-packages/airflow/example_dags/tutorial_taskflow_api.py for tasks to queue
[2024-07-14T13:46:14.002+0000] {logging_mixin.py:120} INFO - [2024-07-14T13:46:14.002+0000] {dagbag.py:537} INFO - Filling up the DagBag from /home/airflow/.local/lib/python3.7/site-packages/airflow/example_dags/tutorial_taskflow_api.py
[2024-07-14T13:46:14.017+0000] {processor.py:766} INFO - DAG(s) dict_keys(['tutorial_taskflow_api']) retrieved from /home/airflow/.local/lib/python3.7/site-packages/airflow/example_dags/tutorial_taskflow_api.py
[2024-07-14T13:46:14.047+0000] {logging_mixin.py:120} INFO - [2024-07-14T13:46:14.047+0000] {dag.py:2585} INFO - Sync 1 DAGs
[2024-07-14T13:46:14.064+0000] {logging_mixin.py:120} INFO - [2024-07-14T13:46:14.064+0000] {dag.py:3340} INFO - Setting next_dagrun for tutorial_taskflow_api to None, run_after=None
[2024-07-14T13:46:14.084+0000] {processor.py:176} INFO - Processing /home/airflow/.local/lib/python3.7/site-packages/airflow/example_dags/tutorial_taskflow_api.py took 0.085 seconds
[2024-07-14T13:46:44.743+0000] {processor.py:154} INFO - Started process (PID=1756) to work on /home/airflow/.local/lib/python3.7/site-packages/airflow/example_dags/tutorial_taskflow_api.py
[2024-07-14T13:46:44.744+0000] {processor.py:756} INFO - Processing file /home/airflow/.local/lib/python3.7/site-packages/airflow/example_dags/tutorial_taskflow_api.py for tasks to queue
[2024-07-14T13:46:44.745+0000] {logging_mixin.py:120} INFO - [2024-07-14T13:46:44.745+0000] {dagbag.py:537} INFO - Filling up the DagBag from /home/airflow/.local/lib/python3.7/site-packages/airflow/example_dags/tutorial_taskflow_api.py
[2024-07-14T13:46:44.760+0000] {processor.py:766} INFO - DAG(s) dict_keys(['tutorial_taskflow_api']) retrieved from /home/airflow/.local/lib/python3.7/site-packages/airflow/example_dags/tutorial_taskflow_api.py
[2024-07-14T13:46:44.791+0000] {logging_mixin.py:120} INFO - [2024-07-14T13:46:44.791+0000] {dag.py:2585} INFO - Sync 1 DAGs
[2024-07-14T13:46:44.808+0000] {logging_mixin.py:120} INFO - [2024-07-14T13:46:44.808+0000] {dag.py:3340} INFO - Setting next_dagrun for tutorial_taskflow_api to None, run_after=None
[2024-07-14T13:46:44.826+0000] {processor.py:176} INFO - Processing /home/airflow/.local/lib/python3.7/site-packages/airflow/example_dags/tutorial_taskflow_api.py took 0.085 seconds
[2024-07-14T13:47:15.620+0000] {processor.py:154} INFO - Started process (PID=1822) to work on /home/airflow/.local/lib/python3.7/site-packages/airflow/example_dags/tutorial_taskflow_api.py
[2024-07-14T13:47:15.623+0000] {processor.py:756} INFO - Processing file /home/airflow/.local/lib/python3.7/site-packages/airflow/example_dags/tutorial_taskflow_api.py for tasks to queue
[2024-07-14T13:47:15.694+0000] {logging_mixin.py:120} INFO - [2024-07-14T13:47:15.694+0000] {dagbag.py:537} INFO - Filling up the DagBag from /home/airflow/.local/lib/python3.7/site-packages/airflow/example_dags/tutorial_taskflow_api.py
[2024-07-14T13:47:15.718+0000] {processor.py:766} INFO - DAG(s) dict_keys(['tutorial_taskflow_api']) retrieved from /home/airflow/.local/lib/python3.7/site-packages/airflow/example_dags/tutorial_taskflow_api.py
[2024-07-14T13:47:15.751+0000] {logging_mixin.py:120} INFO - [2024-07-14T13:47:15.750+0000] {dag.py:2585} INFO - Sync 1 DAGs
[2024-07-14T13:47:15.771+0000] {logging_mixin.py:120} INFO - [2024-07-14T13:47:15.771+0000] {dag.py:3340} INFO - Setting next_dagrun for tutorial_taskflow_api to None, run_after=None
[2024-07-14T13:47:15.788+0000] {processor.py:176} INFO - Processing /home/airflow/.local/lib/python3.7/site-packages/airflow/example_dags/tutorial_taskflow_api.py took 0.170 seconds
[2024-07-14T13:47:47.144+0000] {processor.py:154} INFO - Started process (PID=1888) to work on /home/airflow/.local/lib/python3.7/site-packages/airflow/example_dags/tutorial_taskflow_api.py
[2024-07-14T13:47:47.145+0000] {processor.py:756} INFO - Processing file /home/airflow/.local/lib/python3.7/site-packages/airflow/example_dags/tutorial_taskflow_api.py for tasks to queue
[2024-07-14T13:47:47.146+0000] {logging_mixin.py:120} INFO - [2024-07-14T13:47:47.146+0000] {dagbag.py:537} INFO - Filling up the DagBag from /home/airflow/.local/lib/python3.7/site-packages/airflow/example_dags/tutorial_taskflow_api.py
[2024-07-14T13:47:47.163+0000] {processor.py:766} INFO - DAG(s) dict_keys(['tutorial_taskflow_api']) retrieved from /home/airflow/.local/lib/python3.7/site-packages/airflow/example_dags/tutorial_taskflow_api.py
[2024-07-14T13:47:47.196+0000] {logging_mixin.py:120} INFO - [2024-07-14T13:47:47.196+0000] {dag.py:2585} INFO - Sync 1 DAGs
[2024-07-14T13:47:47.214+0000] {logging_mixin.py:120} INFO - [2024-07-14T13:47:47.214+0000] {dag.py:3340} INFO - Setting next_dagrun for tutorial_taskflow_api to None, run_after=None
[2024-07-14T13:47:47.232+0000] {processor.py:176} INFO - Processing /home/airflow/.local/lib/python3.7/site-packages/airflow/example_dags/tutorial_taskflow_api.py took 0.090 seconds
[2024-07-14T13:48:18.552+0000] {processor.py:154} INFO - Started process (PID=1954) to work on /home/airflow/.local/lib/python3.7/site-packages/airflow/example_dags/tutorial_taskflow_api.py
[2024-07-14T13:48:18.553+0000] {processor.py:756} INFO - Processing file /home/airflow/.local/lib/python3.7/site-packages/airflow/example_dags/tutorial_taskflow_api.py for tasks to queue
[2024-07-14T13:48:18.554+0000] {logging_mixin.py:120} INFO - [2024-07-14T13:48:18.554+0000] {dagbag.py:537} INFO - Filling up the DagBag from /home/airflow/.local/lib/python3.7/site-packages/airflow/example_dags/tutorial_taskflow_api.py
[2024-07-14T13:48:18.568+0000] {processor.py:766} INFO - DAG(s) dict_keys(['tutorial_taskflow_api']) retrieved from /home/airflow/.local/lib/python3.7/site-packages/airflow/example_dags/tutorial_taskflow_api.py
[2024-07-14T13:48:18.597+0000] {logging_mixin.py:120} INFO - [2024-07-14T13:48:18.597+0000] {dag.py:2585} INFO - Sync 1 DAGs
[2024-07-14T13:48:18.614+0000] {logging_mixin.py:120} INFO - [2024-07-14T13:48:18.614+0000] {dag.py:3340} INFO - Setting next_dagrun for tutorial_taskflow_api to None, run_after=None
[2024-07-14T13:48:18.635+0000] {processor.py:176} INFO - Processing /home/airflow/.local/lib/python3.7/site-packages/airflow/example_dags/tutorial_taskflow_api.py took 0.085 seconds
[2024-07-14T13:48:48.816+0000] {processor.py:154} INFO - Started process (PID=2020) to work on /home/airflow/.local/lib/python3.7/site-packages/airflow/example_dags/tutorial_taskflow_api.py
[2024-07-14T13:48:48.817+0000] {processor.py:756} INFO - Processing file /home/airflow/.local/lib/python3.7/site-packages/airflow/example_dags/tutorial_taskflow_api.py for tasks to queue
[2024-07-14T13:48:48.818+0000] {logging_mixin.py:120} INFO - [2024-07-14T13:48:48.817+0000] {dagbag.py:537} INFO - Filling up the DagBag from /home/airflow/.local/lib/python3.7/site-packages/airflow/example_dags/tutorial_taskflow_api.py
[2024-07-14T13:48:48.833+0000] {processor.py:766} INFO - DAG(s) dict_keys(['tutorial_taskflow_api']) retrieved from /home/airflow/.local/lib/python3.7/site-packages/airflow/example_dags/tutorial_taskflow_api.py
[2024-07-14T13:48:48.863+0000] {logging_mixin.py:120} INFO - [2024-07-14T13:48:48.863+0000] {dag.py:2585} INFO - Sync 1 DAGs
[2024-07-14T13:48:48.881+0000] {logging_mixin.py:120} INFO - [2024-07-14T13:48:48.880+0000] {dag.py:3340} INFO - Setting next_dagrun for tutorial_taskflow_api to None, run_after=None
[2024-07-14T13:48:48.898+0000] {processor.py:176} INFO - Processing /home/airflow/.local/lib/python3.7/site-packages/airflow/example_dags/tutorial_taskflow_api.py took 0.084 seconds
[2024-07-14T13:49:19.468+0000] {processor.py:154} INFO - Started process (PID=2077) to work on /home/airflow/.local/lib/python3.7/site-packages/airflow/example_dags/tutorial_taskflow_api.py
[2024-07-14T13:49:19.469+0000] {processor.py:756} INFO - Processing file /home/airflow/.local/lib/python3.7/site-packages/airflow/example_dags/tutorial_taskflow_api.py for tasks to queue
[2024-07-14T13:49:19.469+0000] {logging_mixin.py:120} INFO - [2024-07-14T13:49:19.469+0000] {dagbag.py:537} INFO - Filling up the DagBag from /home/airflow/.local/lib/python3.7/site-packages/airflow/example_dags/tutorial_taskflow_api.py
[2024-07-14T13:49:19.488+0000] {processor.py:766} INFO - DAG(s) dict_keys(['tutorial_taskflow_api']) retrieved from /home/airflow/.local/lib/python3.7/site-packages/airflow/example_dags/tutorial_taskflow_api.py
[2024-07-14T13:49:19.518+0000] {logging_mixin.py:120} INFO - [2024-07-14T13:49:19.518+0000] {dag.py:2585} INFO - Sync 1 DAGs
[2024-07-14T13:49:19.543+0000] {logging_mixin.py:120} INFO - [2024-07-14T13:49:19.543+0000] {dag.py:3340} INFO - Setting next_dagrun for tutorial_taskflow_api to None, run_after=None
[2024-07-14T13:49:19.565+0000] {processor.py:176} INFO - Processing /home/airflow/.local/lib/python3.7/site-packages/airflow/example_dags/tutorial_taskflow_api.py took 0.100 seconds
[2024-07-14T13:49:50.602+0000] {processor.py:154} INFO - Started process (PID=2143) to work on /home/airflow/.local/lib/python3.7/site-packages/airflow/example_dags/tutorial_taskflow_api.py
[2024-07-14T13:49:50.603+0000] {processor.py:756} INFO - Processing file /home/airflow/.local/lib/python3.7/site-packages/airflow/example_dags/tutorial_taskflow_api.py for tasks to queue
[2024-07-14T13:49:50.603+0000] {logging_mixin.py:120} INFO - [2024-07-14T13:49:50.603+0000] {dagbag.py:537} INFO - Filling up the DagBag from /home/airflow/.local/lib/python3.7/site-packages/airflow/example_dags/tutorial_taskflow_api.py
[2024-07-14T13:49:50.616+0000] {processor.py:766} INFO - DAG(s) dict_keys(['tutorial_taskflow_api']) retrieved from /home/airflow/.local/lib/python3.7/site-packages/airflow/example_dags/tutorial_taskflow_api.py
[2024-07-14T13:49:50.643+0000] {logging_mixin.py:120} INFO - [2024-07-14T13:49:50.643+0000] {dag.py:2585} INFO - Sync 1 DAGs
[2024-07-14T13:49:50.661+0000] {logging_mixin.py:120} INFO - [2024-07-14T13:49:50.661+0000] {dag.py:3340} INFO - Setting next_dagrun for tutorial_taskflow_api to None, run_after=None
[2024-07-14T13:49:50.678+0000] {processor.py:176} INFO - Processing /home/airflow/.local/lib/python3.7/site-packages/airflow/example_dags/tutorial_taskflow_api.py took 0.078 seconds
[2024-07-14T13:50:21.161+0000] {processor.py:154} INFO - Started process (PID=2209) to work on /home/airflow/.local/lib/python3.7/site-packages/airflow/example_dags/tutorial_taskflow_api.py
[2024-07-14T13:50:21.163+0000] {processor.py:756} INFO - Processing file /home/airflow/.local/lib/python3.7/site-packages/airflow/example_dags/tutorial_taskflow_api.py for tasks to queue
[2024-07-14T13:50:21.163+0000] {logging_mixin.py:120} INFO - [2024-07-14T13:50:21.163+0000] {dagbag.py:537} INFO - Filling up the DagBag from /home/airflow/.local/lib/python3.7/site-packages/airflow/example_dags/tutorial_taskflow_api.py
[2024-07-14T13:50:21.176+0000] {processor.py:766} INFO - DAG(s) dict_keys(['tutorial_taskflow_api']) retrieved from /home/airflow/.local/lib/python3.7/site-packages/airflow/example_dags/tutorial_taskflow_api.py
[2024-07-14T13:50:21.207+0000] {logging_mixin.py:120} INFO - [2024-07-14T13:50:21.206+0000] {dag.py:2585} INFO - Sync 1 DAGs
[2024-07-14T13:50:21.226+0000] {logging_mixin.py:120} INFO - [2024-07-14T13:50:21.226+0000] {dag.py:3340} INFO - Setting next_dagrun for tutorial_taskflow_api to None, run_after=None
[2024-07-14T13:50:21.241+0000] {processor.py:176} INFO - Processing /home/airflow/.local/lib/python3.7/site-packages/airflow/example_dags/tutorial_taskflow_api.py took 0.082 seconds
[2024-07-14T13:50:51.362+0000] {processor.py:154} INFO - Started process (PID=2275) to work on /home/airflow/.local/lib/python3.7/site-packages/airflow/example_dags/tutorial_taskflow_api.py
[2024-07-14T13:50:51.363+0000] {processor.py:756} INFO - Processing file /home/airflow/.local/lib/python3.7/site-packages/airflow/example_dags/tutorial_taskflow_api.py for tasks to queue
[2024-07-14T13:50:51.364+0000] {logging_mixin.py:120} INFO - [2024-07-14T13:50:51.364+0000] {dagbag.py:537} INFO - Filling up the DagBag from /home/airflow/.local/lib/python3.7/site-packages/airflow/example_dags/tutorial_taskflow_api.py
[2024-07-14T13:50:51.380+0000] {processor.py:766} INFO - DAG(s) dict_keys(['tutorial_taskflow_api']) retrieved from /home/airflow/.local/lib/python3.7/site-packages/airflow/example_dags/tutorial_taskflow_api.py
[2024-07-14T13:50:51.411+0000] {logging_mixin.py:120} INFO - [2024-07-14T13:50:51.411+0000] {dag.py:2585} INFO - Sync 1 DAGs
[2024-07-14T13:50:51.427+0000] {logging_mixin.py:120} INFO - [2024-07-14T13:50:51.427+0000] {dag.py:3340} INFO - Setting next_dagrun for tutorial_taskflow_api to None, run_after=None
[2024-07-14T13:50:51.444+0000] {processor.py:176} INFO - Processing /home/airflow/.local/lib/python3.7/site-packages/airflow/example_dags/tutorial_taskflow_api.py took 0.084 seconds
[2024-07-14T13:51:21.879+0000] {processor.py:154} INFO - Started process (PID=2341) to work on /home/airflow/.local/lib/python3.7/site-packages/airflow/example_dags/tutorial_taskflow_api.py
[2024-07-14T13:51:21.880+0000] {processor.py:756} INFO - Processing file /home/airflow/.local/lib/python3.7/site-packages/airflow/example_dags/tutorial_taskflow_api.py for tasks to queue
[2024-07-14T13:51:21.881+0000] {logging_mixin.py:120} INFO - [2024-07-14T13:51:21.881+0000] {dagbag.py:537} INFO - Filling up the DagBag from /home/airflow/.local/lib/python3.7/site-packages/airflow/example_dags/tutorial_taskflow_api.py
[2024-07-14T13:51:21.896+0000] {processor.py:766} INFO - DAG(s) dict_keys(['tutorial_taskflow_api']) retrieved from /home/airflow/.local/lib/python3.7/site-packages/airflow/example_dags/tutorial_taskflow_api.py
[2024-07-14T13:51:21.939+0000] {logging_mixin.py:120} INFO - [2024-07-14T13:51:21.939+0000] {dag.py:2585} INFO - Sync 1 DAGs
[2024-07-14T13:51:21.957+0000] {logging_mixin.py:120} INFO - [2024-07-14T13:51:21.957+0000] {dag.py:3340} INFO - Setting next_dagrun for tutorial_taskflow_api to None, run_after=None
[2024-07-14T13:51:21.975+0000] {processor.py:176} INFO - Processing /home/airflow/.local/lib/python3.7/site-packages/airflow/example_dags/tutorial_taskflow_api.py took 0.099 seconds
[2024-07-14T13:51:52.043+0000] {processor.py:154} INFO - Started process (PID=2398) to work on /home/airflow/.local/lib/python3.7/site-packages/airflow/example_dags/tutorial_taskflow_api.py
[2024-07-14T13:51:52.044+0000] {processor.py:756} INFO - Processing file /home/airflow/.local/lib/python3.7/site-packages/airflow/example_dags/tutorial_taskflow_api.py for tasks to queue
[2024-07-14T13:51:52.045+0000] {logging_mixin.py:120} INFO - [2024-07-14T13:51:52.045+0000] {dagbag.py:537} INFO - Filling up the DagBag from /home/airflow/.local/lib/python3.7/site-packages/airflow/example_dags/tutorial_taskflow_api.py
[2024-07-14T13:51:52.062+0000] {processor.py:766} INFO - DAG(s) dict_keys(['tutorial_taskflow_api']) retrieved from /home/airflow/.local/lib/python3.7/site-packages/airflow/example_dags/tutorial_taskflow_api.py
[2024-07-14T13:51:52.093+0000] {logging_mixin.py:120} INFO - [2024-07-14T13:51:52.092+0000] {dag.py:2585} INFO - Sync 1 DAGs
[2024-07-14T13:51:52.114+0000] {logging_mixin.py:120} INFO - [2024-07-14T13:51:52.114+0000] {dag.py:3340} INFO - Setting next_dagrun for tutorial_taskflow_api to None, run_after=None
[2024-07-14T13:51:52.129+0000] {processor.py:176} INFO - Processing /home/airflow/.local/lib/python3.7/site-packages/airflow/example_dags/tutorial_taskflow_api.py took 0.089 seconds
[2024-07-14T13:52:22.668+0000] {processor.py:154} INFO - Started process (PID=2464) to work on /home/airflow/.local/lib/python3.7/site-packages/airflow/example_dags/tutorial_taskflow_api.py
[2024-07-14T13:52:22.677+0000] {processor.py:756} INFO - Processing file /home/airflow/.local/lib/python3.7/site-packages/airflow/example_dags/tutorial_taskflow_api.py for tasks to queue
[2024-07-14T13:52:22.678+0000] {logging_mixin.py:120} INFO - [2024-07-14T13:52:22.677+0000] {dagbag.py:537} INFO - Filling up the DagBag from /home/airflow/.local/lib/python3.7/site-packages/airflow/example_dags/tutorial_taskflow_api.py
[2024-07-14T13:52:22.696+0000] {processor.py:766} INFO - DAG(s) dict_keys(['tutorial_taskflow_api']) retrieved from /home/airflow/.local/lib/python3.7/site-packages/airflow/example_dags/tutorial_taskflow_api.py
[2024-07-14T13:52:22.752+0000] {logging_mixin.py:120} INFO - [2024-07-14T13:52:22.752+0000] {dag.py:2585} INFO - Sync 1 DAGs
[2024-07-14T13:52:22.779+0000] {logging_mixin.py:120} INFO - [2024-07-14T13:52:22.778+0000] {dag.py:3340} INFO - Setting next_dagrun for tutorial_taskflow_api to None, run_after=None
[2024-07-14T13:52:22.798+0000] {processor.py:176} INFO - Processing /home/airflow/.local/lib/python3.7/site-packages/airflow/example_dags/tutorial_taskflow_api.py took 0.132 seconds
[2024-07-14T13:52:52.853+0000] {processor.py:154} INFO - Started process (PID=2532) to work on /home/airflow/.local/lib/python3.7/site-packages/airflow/example_dags/tutorial_taskflow_api.py
[2024-07-14T13:52:52.854+0000] {processor.py:756} INFO - Processing file /home/airflow/.local/lib/python3.7/site-packages/airflow/example_dags/tutorial_taskflow_api.py for tasks to queue
[2024-07-14T13:52:52.855+0000] {logging_mixin.py:120} INFO - [2024-07-14T13:52:52.854+0000] {dagbag.py:537} INFO - Filling up the DagBag from /home/airflow/.local/lib/python3.7/site-packages/airflow/example_dags/tutorial_taskflow_api.py
[2024-07-14T13:52:52.868+0000] {processor.py:766} INFO - DAG(s) dict_keys(['tutorial_taskflow_api']) retrieved from /home/airflow/.local/lib/python3.7/site-packages/airflow/example_dags/tutorial_taskflow_api.py
[2024-07-14T13:52:52.898+0000] {logging_mixin.py:120} INFO - [2024-07-14T13:52:52.898+0000] {dag.py:2585} INFO - Sync 1 DAGs
[2024-07-14T13:52:52.919+0000] {logging_mixin.py:120} INFO - [2024-07-14T13:52:52.919+0000] {dag.py:3340} INFO - Setting next_dagrun for tutorial_taskflow_api to None, run_after=None
[2024-07-14T13:52:52.936+0000] {processor.py:176} INFO - Processing /home/airflow/.local/lib/python3.7/site-packages/airflow/example_dags/tutorial_taskflow_api.py took 0.085 seconds
[2024-07-14T13:53:23.046+0000] {processor.py:154} INFO - Started process (PID=2598) to work on /home/airflow/.local/lib/python3.7/site-packages/airflow/example_dags/tutorial_taskflow_api.py
[2024-07-14T13:53:23.047+0000] {processor.py:756} INFO - Processing file /home/airflow/.local/lib/python3.7/site-packages/airflow/example_dags/tutorial_taskflow_api.py for tasks to queue
[2024-07-14T13:53:23.048+0000] {logging_mixin.py:120} INFO - [2024-07-14T13:53:23.048+0000] {dagbag.py:537} INFO - Filling up the DagBag from /home/airflow/.local/lib/python3.7/site-packages/airflow/example_dags/tutorial_taskflow_api.py
[2024-07-14T13:53:23.063+0000] {processor.py:766} INFO - DAG(s) dict_keys(['tutorial_taskflow_api']) retrieved from /home/airflow/.local/lib/python3.7/site-packages/airflow/example_dags/tutorial_taskflow_api.py
[2024-07-14T13:53:23.099+0000] {logging_mixin.py:120} INFO - [2024-07-14T13:53:23.099+0000] {dag.py:2585} INFO - Sync 1 DAGs
[2024-07-14T13:53:23.120+0000] {logging_mixin.py:120} INFO - [2024-07-14T13:53:23.120+0000] {dag.py:3340} INFO - Setting next_dagrun for tutorial_taskflow_api to None, run_after=None
[2024-07-14T13:53:23.139+0000] {processor.py:176} INFO - Processing /home/airflow/.local/lib/python3.7/site-packages/airflow/example_dags/tutorial_taskflow_api.py took 0.095 seconds
[2024-07-14T13:53:53.608+0000] {processor.py:154} INFO - Started process (PID=2653) to work on /home/airflow/.local/lib/python3.7/site-packages/airflow/example_dags/tutorial_taskflow_api.py
[2024-07-14T13:53:53.610+0000] {processor.py:756} INFO - Processing file /home/airflow/.local/lib/python3.7/site-packages/airflow/example_dags/tutorial_taskflow_api.py for tasks to queue
[2024-07-14T13:53:53.611+0000] {logging_mixin.py:120} INFO - [2024-07-14T13:53:53.610+0000] {dagbag.py:537} INFO - Filling up the DagBag from /home/airflow/.local/lib/python3.7/site-packages/airflow/example_dags/tutorial_taskflow_api.py
[2024-07-14T13:53:53.624+0000] {processor.py:766} INFO - DAG(s) dict_keys(['tutorial_taskflow_api']) retrieved from /home/airflow/.local/lib/python3.7/site-packages/airflow/example_dags/tutorial_taskflow_api.py
[2024-07-14T13:53:53.652+0000] {logging_mixin.py:120} INFO - [2024-07-14T13:53:53.651+0000] {dag.py:2585} INFO - Sync 1 DAGs
[2024-07-14T13:53:53.676+0000] {logging_mixin.py:120} INFO - [2024-07-14T13:53:53.675+0000] {dag.py:3340} INFO - Setting next_dagrun for tutorial_taskflow_api to None, run_after=None
[2024-07-14T13:53:53.692+0000] {processor.py:176} INFO - Processing /home/airflow/.local/lib/python3.7/site-packages/airflow/example_dags/tutorial_taskflow_api.py took 0.086 seconds
[2024-07-14T13:54:24.726+0000] {processor.py:154} INFO - Started process (PID=2718) to work on /home/airflow/.local/lib/python3.7/site-packages/airflow/example_dags/tutorial_taskflow_api.py
[2024-07-14T13:54:24.728+0000] {processor.py:756} INFO - Processing file /home/airflow/.local/lib/python3.7/site-packages/airflow/example_dags/tutorial_taskflow_api.py for tasks to queue
[2024-07-14T13:54:24.728+0000] {logging_mixin.py:120} INFO - [2024-07-14T13:54:24.728+0000] {dagbag.py:537} INFO - Filling up the DagBag from /home/airflow/.local/lib/python3.7/site-packages/airflow/example_dags/tutorial_taskflow_api.py
[2024-07-14T13:54:24.744+0000] {processor.py:766} INFO - DAG(s) dict_keys(['tutorial_taskflow_api']) retrieved from /home/airflow/.local/lib/python3.7/site-packages/airflow/example_dags/tutorial_taskflow_api.py
[2024-07-14T13:54:24.887+0000] {logging_mixin.py:120} INFO - [2024-07-14T13:54:24.886+0000] {dag.py:2585} INFO - Sync 1 DAGs
[2024-07-14T13:54:24.904+0000] {logging_mixin.py:120} INFO - [2024-07-14T13:54:24.904+0000] {dag.py:3340} INFO - Setting next_dagrun for tutorial_taskflow_api to None, run_after=None
[2024-07-14T13:54:24.920+0000] {processor.py:176} INFO - Processing /home/airflow/.local/lib/python3.7/site-packages/airflow/example_dags/tutorial_taskflow_api.py took 0.197 seconds
[2024-07-14T13:54:55.041+0000] {processor.py:154} INFO - Started process (PID=2784) to work on /home/airflow/.local/lib/python3.7/site-packages/airflow/example_dags/tutorial_taskflow_api.py
[2024-07-14T13:54:55.043+0000] {processor.py:756} INFO - Processing file /home/airflow/.local/lib/python3.7/site-packages/airflow/example_dags/tutorial_taskflow_api.py for tasks to queue
[2024-07-14T13:54:55.049+0000] {logging_mixin.py:120} INFO - [2024-07-14T13:54:55.049+0000] {dagbag.py:537} INFO - Filling up the DagBag from /home/airflow/.local/lib/python3.7/site-packages/airflow/example_dags/tutorial_taskflow_api.py
[2024-07-14T13:54:55.064+0000] {processor.py:766} INFO - DAG(s) dict_keys(['tutorial_taskflow_api']) retrieved from /home/airflow/.local/lib/python3.7/site-packages/airflow/example_dags/tutorial_taskflow_api.py
[2024-07-14T13:54:55.093+0000] {logging_mixin.py:120} INFO - [2024-07-14T13:54:55.093+0000] {dag.py:2585} INFO - Sync 1 DAGs
[2024-07-14T13:54:55.110+0000] {logging_mixin.py:120} INFO - [2024-07-14T13:54:55.109+0000] {dag.py:3340} INFO - Setting next_dagrun for tutorial_taskflow_api to None, run_after=None
[2024-07-14T13:54:55.125+0000] {processor.py:176} INFO - Processing /home/airflow/.local/lib/python3.7/site-packages/airflow/example_dags/tutorial_taskflow_api.py took 0.087 seconds
[2024-07-14T13:55:25.647+0000] {processor.py:154} INFO - Started process (PID=2850) to work on /home/airflow/.local/lib/python3.7/site-packages/airflow/example_dags/tutorial_taskflow_api.py
[2024-07-14T13:55:25.648+0000] {processor.py:756} INFO - Processing file /home/airflow/.local/lib/python3.7/site-packages/airflow/example_dags/tutorial_taskflow_api.py for tasks to queue
[2024-07-14T13:55:25.649+0000] {logging_mixin.py:120} INFO - [2024-07-14T13:55:25.648+0000] {dagbag.py:537} INFO - Filling up the DagBag from /home/airflow/.local/lib/python3.7/site-packages/airflow/example_dags/tutorial_taskflow_api.py
[2024-07-14T13:55:25.665+0000] {processor.py:766} INFO - DAG(s) dict_keys(['tutorial_taskflow_api']) retrieved from /home/airflow/.local/lib/python3.7/site-packages/airflow/example_dags/tutorial_taskflow_api.py
[2024-07-14T13:55:25.690+0000] {logging_mixin.py:120} INFO - [2024-07-14T13:55:25.690+0000] {dag.py:2585} INFO - Sync 1 DAGs
[2024-07-14T13:55:25.708+0000] {logging_mixin.py:120} INFO - [2024-07-14T13:55:25.708+0000] {dag.py:3340} INFO - Setting next_dagrun for tutorial_taskflow_api to None, run_after=None
[2024-07-14T13:55:25.730+0000] {processor.py:176} INFO - Processing /home/airflow/.local/lib/python3.7/site-packages/airflow/example_dags/tutorial_taskflow_api.py took 0.085 seconds
[2024-07-14T13:55:55.938+0000] {processor.py:154} INFO - Started process (PID=2915) to work on /home/airflow/.local/lib/python3.7/site-packages/airflow/example_dags/tutorial_taskflow_api.py
[2024-07-14T13:55:55.938+0000] {processor.py:756} INFO - Processing file /home/airflow/.local/lib/python3.7/site-packages/airflow/example_dags/tutorial_taskflow_api.py for tasks to queue
[2024-07-14T13:55:55.939+0000] {logging_mixin.py:120} INFO - [2024-07-14T13:55:55.939+0000] {dagbag.py:537} INFO - Filling up the DagBag from /home/airflow/.local/lib/python3.7/site-packages/airflow/example_dags/tutorial_taskflow_api.py
[2024-07-14T13:55:55.953+0000] {processor.py:766} INFO - DAG(s) dict_keys(['tutorial_taskflow_api']) retrieved from /home/airflow/.local/lib/python3.7/site-packages/airflow/example_dags/tutorial_taskflow_api.py
[2024-07-14T13:55:55.978+0000] {logging_mixin.py:120} INFO - [2024-07-14T13:55:55.978+0000] {dag.py:2585} INFO - Sync 1 DAGs
[2024-07-14T13:55:55.996+0000] {logging_mixin.py:120} INFO - [2024-07-14T13:55:55.996+0000] {dag.py:3340} INFO - Setting next_dagrun for tutorial_taskflow_api to None, run_after=None
[2024-07-14T13:55:56.011+0000] {processor.py:176} INFO - Processing /home/airflow/.local/lib/python3.7/site-packages/airflow/example_dags/tutorial_taskflow_api.py took 0.076 seconds
[2024-07-14T14:28:42.611+0000] {processor.py:153} INFO - Started process (PID=90) to work on /home/airflow/.local/lib/python3.7/site-packages/airflow/example_dags/tutorial_taskflow_api.py
[2024-07-14T14:28:42.612+0000] {processor.py:743} INFO - Processing file /home/airflow/.local/lib/python3.7/site-packages/airflow/example_dags/tutorial_taskflow_api.py for tasks to queue
[2024-07-14T14:28:42.613+0000] {logging_mixin.py:137} INFO - [2024-07-14T14:28:42.613+0000] {dagbag.py:538} INFO - Filling up the DagBag from /home/airflow/.local/lib/python3.7/site-packages/airflow/example_dags/tutorial_taskflow_api.py
[2024-07-14T14:28:42.640+0000] {processor.py:753} INFO - DAG(s) dict_keys(['tutorial_taskflow_api']) retrieved from /home/airflow/.local/lib/python3.7/site-packages/airflow/example_dags/tutorial_taskflow_api.py
[2024-07-14T14:28:42.654+0000] {logging_mixin.py:137} INFO - [2024-07-14T14:28:42.653+0000] {dag.py:2690} INFO - Sync 1 DAGs
[2024-07-14T14:28:42.683+0000] {logging_mixin.py:137} INFO - [2024-07-14T14:28:42.683+0000] {dag.py:3441} INFO - Setting next_dagrun for tutorial_taskflow_api to None, run_after=None
[2024-07-14T14:28:42.709+0000] {processor.py:175} INFO - Processing /home/airflow/.local/lib/python3.7/site-packages/airflow/example_dags/tutorial_taskflow_api.py took 0.103 seconds
