[2024-07-14T13:34:23.183+0000] {taskinstance.py:1165} INFO - Dependencies all met for <TaskInstance: user_processing.extract_user scheduled__2024-07-13T00:00:00+00:00 [queued]>
[2024-07-14T13:34:23.195+0000] {taskinstance.py:1165} INFO - Dependencies all met for <TaskInstance: user_processing.extract_user scheduled__2024-07-13T00:00:00+00:00 [queued]>
[2024-07-14T13:34:23.195+0000] {taskinstance.py:1362} INFO - 
--------------------------------------------------------------------------------
[2024-07-14T13:34:23.196+0000] {taskinstance.py:1363} INFO - Starting attempt 1 of 1
[2024-07-14T13:34:23.196+0000] {taskinstance.py:1364} INFO - 
--------------------------------------------------------------------------------
[2024-07-14T13:34:23.217+0000] {taskinstance.py:1383} INFO - Executing <Task(SimpleHttpOperator): extract_user> on 2024-07-13 00:00:00+00:00
[2024-07-14T13:34:23.225+0000] {standard_task_runner.py:55} INFO - Started process 85 to run task
[2024-07-14T13:34:23.227+0000] {standard_task_runner.py:82} INFO - Running: ['***', 'tasks', 'run', 'user_processing', 'extract_user', 'scheduled__2024-07-13T00:00:00+00:00', '--job-id', '44', '--raw', '--subdir', 'DAGS_FOLDER/user_processing.py', '--cfg-path', '/tmp/tmpm31jjuxi']
[2024-07-14T13:34:23.234+0000] {standard_task_runner.py:83} INFO - Job 44: Subtask extract_user
[2024-07-14T13:34:23.286+0000] {task_command.py:376} INFO - Running <TaskInstance: user_processing.extract_user scheduled__2024-07-13T00:00:00+00:00 [running]> on host 87b219e3aacc
[2024-07-14T13:34:23.335+0000] {taskinstance.py:1592} INFO - Exporting the following env vars:
AIRFLOW_CTX_DAG_OWNER=***
AIRFLOW_CTX_DAG_ID=user_processing
AIRFLOW_CTX_TASK_ID=extract_user
AIRFLOW_CTX_EXECUTION_DATE=2024-07-13T00:00:00+00:00
AIRFLOW_CTX_TRY_NUMBER=1
AIRFLOW_CTX_DAG_RUN_ID=scheduled__2024-07-13T00:00:00+00:00
[2024-07-14T13:34:23.336+0000] {http.py:121} INFO - Calling HTTP method
[2024-07-14T13:34:23.343+0000] {base.py:71} INFO - Using connection ID 'user_api' for task execution.
[2024-07-14T13:34:23.344+0000] {http.py:148} INFO - Sending 'GET' to url: https://randomuser.me/api/
[2024-07-14T13:34:36.759+0000] {http.py:125} INFO - {"results":[{"gender":"male","name":{"title":"Mr","first":"Carl","last":"Gutierrez"},"location":{"street":{"number":2820,"name":"Park Lane"},"city":"St Albans","state":"Shropshire","country":"United Kingdom","postcode":"M9P 6TH","coordinates":{"latitude":"-9.3878","longitude":"-142.9845"},"timezone":{"offset":"-11:00","description":"Midway Island, Samoa"}},"email":"carl.gutierrez@example.com","login":{"uuid":"25049cc6-3918-4fb1-97ce-5d91fa006541","username":"smalltiger409","password":"hotass","salt":"lKeI0RfM","md5":"36100404511b27ac839591e9a228dff6","sha1":"d7d0c0eafe9218e539b11e9c2c914a71803c8979","sha256":"106901615e2c96ed17f506d362bdc14f7a7025066b9d039dce95e13704ae6a9a"},"dob":{"date":"1992-04-30T06:31:44.065Z","age":32},"registered":{"date":"2014-04-02T06:37:45.823Z","age":10},"phone":"016977 60207","cell":"07982 064944","id":{"name":"NINO","value":"JK 80 45 38 I"},"picture":{"large":"https://randomuser.me/api/portraits/men/7.jpg","medium":"https://randomuser.me/api/portraits/med/men/7.jpg","thumbnail":"https://randomuser.me/api/portraits/thumb/men/7.jpg"},"nat":"GB"}],"info":{"seed":"eb5abfbf2f94a0af","results":1,"page":1,"version":"1.4"}}
[2024-07-14T13:34:36.786+0000] {taskinstance.py:1406} INFO - Marking task as SUCCESS. dag_id=user_processing, task_id=extract_user, execution_date=20240713T000000, start_date=20240714T133423, end_date=20240714T133436
[2024-07-14T13:34:36.824+0000] {local_task_job.py:164} INFO - Task exited with return code 0
[2024-07-14T13:34:36.925+0000] {local_task_job.py:273} INFO - 1 downstream tasks scheduled from follow-on schedule check
