[2024-07-03T15:08:49.617+0000] {processor.py:154} INFO - Started process (PID=76) to work on /home/airflow/.local/lib/python3.7/site-packages/airflow/example_dags/example_latest_only_with_trigger.py
[2024-07-03T15:08:49.618+0000] {processor.py:756} INFO - Processing file /home/airflow/.local/lib/python3.7/site-packages/airflow/example_dags/example_latest_only_with_trigger.py for tasks to queue
[2024-07-03T15:08:49.620+0000] {logging_mixin.py:120} INFO - [2024-07-03T15:08:49.620+0000] {dagbag.py:537} INFO - Filling up the DagBag from /home/airflow/.local/lib/python3.7/site-packages/airflow/example_dags/example_latest_only_with_trigger.py
[2024-07-03T15:08:49.640+0000] {processor.py:766} INFO - DAG(s) dict_keys(['latest_only_with_trigger']) retrieved from /home/airflow/.local/lib/python3.7/site-packages/airflow/example_dags/example_latest_only_with_trigger.py
[2024-07-03T15:08:49.791+0000] {logging_mixin.py:120} INFO - [2024-07-03T15:08:49.791+0000] {manager.py:507} INFO - Created Permission View: can delete on DAG:latest_only_with_trigger
[2024-07-03T15:08:49.806+0000] {logging_mixin.py:120} INFO - [2024-07-03T15:08:49.806+0000] {manager.py:507} INFO - Created Permission View: can edit on DAG:latest_only_with_trigger
[2024-07-03T15:08:49.816+0000] {logging_mixin.py:120} INFO - [2024-07-03T15:08:49.816+0000] {manager.py:507} INFO - Created Permission View: can read on DAG:latest_only_with_trigger
[2024-07-03T15:08:49.817+0000] {logging_mixin.py:120} INFO - [2024-07-03T15:08:49.817+0000] {dag.py:2585} INFO - Sync 1 DAGs
[2024-07-03T15:08:49.850+0000] {logging_mixin.py:120} INFO - [2024-07-03T15:08:49.849+0000] {dag.py:2606} INFO - Creating ORM DAG for latest_only_with_trigger
[2024-07-03T15:08:49.869+0000] {logging_mixin.py:120} INFO - [2024-07-03T15:08:49.869+0000] {dag.py:3340} INFO - Setting next_dagrun for latest_only_with_trigger to 2024-07-03T11:08:49.868702+00:00, run_after=2024-07-03T15:08:49.868702+00:00
[2024-07-03T15:08:49.892+0000] {processor.py:176} INFO - Processing /home/airflow/.local/lib/python3.7/site-packages/airflow/example_dags/example_latest_only_with_trigger.py took 0.279 seconds
[2024-07-03T15:09:19.996+0000] {processor.py:154} INFO - Started process (PID=139) to work on /home/airflow/.local/lib/python3.7/site-packages/airflow/example_dags/example_latest_only_with_trigger.py
[2024-07-03T15:09:19.998+0000] {processor.py:756} INFO - Processing file /home/airflow/.local/lib/python3.7/site-packages/airflow/example_dags/example_latest_only_with_trigger.py for tasks to queue
[2024-07-03T15:09:19.999+0000] {logging_mixin.py:120} INFO - [2024-07-03T15:09:19.999+0000] {dagbag.py:537} INFO - Filling up the DagBag from /home/airflow/.local/lib/python3.7/site-packages/airflow/example_dags/example_latest_only_with_trigger.py
[2024-07-03T15:09:20.014+0000] {processor.py:766} INFO - DAG(s) dict_keys(['latest_only_with_trigger']) retrieved from /home/airflow/.local/lib/python3.7/site-packages/airflow/example_dags/example_latest_only_with_trigger.py
[2024-07-03T15:09:20.053+0000] {logging_mixin.py:120} INFO - [2024-07-03T15:09:20.053+0000] {dag.py:2585} INFO - Sync 1 DAGs
[2024-07-03T15:09:20.082+0000] {logging_mixin.py:120} INFO - [2024-07-03T15:09:20.082+0000] {dag.py:3340} INFO - Setting next_dagrun for latest_only_with_trigger to 2024-07-03T11:09:20.081431+00:00, run_after=2024-07-03T15:09:20.081431+00:00
[2024-07-03T15:09:20.111+0000] {processor.py:176} INFO - Processing /home/airflow/.local/lib/python3.7/site-packages/airflow/example_dags/example_latest_only_with_trigger.py took 0.120 seconds
[2024-07-03T15:09:50.149+0000] {processor.py:154} INFO - Started process (PID=194) to work on /home/airflow/.local/lib/python3.7/site-packages/airflow/example_dags/example_latest_only_with_trigger.py
[2024-07-03T15:09:50.150+0000] {processor.py:756} INFO - Processing file /home/airflow/.local/lib/python3.7/site-packages/airflow/example_dags/example_latest_only_with_trigger.py for tasks to queue
[2024-07-03T15:09:50.151+0000] {logging_mixin.py:120} INFO - [2024-07-03T15:09:50.151+0000] {dagbag.py:537} INFO - Filling up the DagBag from /home/airflow/.local/lib/python3.7/site-packages/airflow/example_dags/example_latest_only_with_trigger.py
[2024-07-03T15:09:50.189+0000] {processor.py:766} INFO - DAG(s) dict_keys(['latest_only_with_trigger']) retrieved from /home/airflow/.local/lib/python3.7/site-packages/airflow/example_dags/example_latest_only_with_trigger.py
[2024-07-03T15:09:50.244+0000] {logging_mixin.py:120} INFO - [2024-07-03T15:09:50.243+0000] {dag.py:2585} INFO - Sync 1 DAGs
[2024-07-03T15:09:50.270+0000] {logging_mixin.py:120} INFO - [2024-07-03T15:09:50.269+0000] {dag.py:3340} INFO - Setting next_dagrun for latest_only_with_trigger to 2024-07-03T11:09:50.269747+00:00, run_after=2024-07-03T15:09:50.269747+00:00
[2024-07-03T15:09:50.288+0000] {processor.py:176} INFO - Processing /home/airflow/.local/lib/python3.7/site-packages/airflow/example_dags/example_latest_only_with_trigger.py took 0.142 seconds
[2024-07-03T15:10:20.426+0000] {processor.py:154} INFO - Started process (PID=257) to work on /home/airflow/.local/lib/python3.7/site-packages/airflow/example_dags/example_latest_only_with_trigger.py
[2024-07-03T15:10:20.428+0000] {processor.py:756} INFO - Processing file /home/airflow/.local/lib/python3.7/site-packages/airflow/example_dags/example_latest_only_with_trigger.py for tasks to queue
[2024-07-03T15:10:20.429+0000] {logging_mixin.py:120} INFO - [2024-07-03T15:10:20.429+0000] {dagbag.py:537} INFO - Filling up the DagBag from /home/airflow/.local/lib/python3.7/site-packages/airflow/example_dags/example_latest_only_with_trigger.py
[2024-07-03T15:10:20.443+0000] {processor.py:766} INFO - DAG(s) dict_keys(['latest_only_with_trigger']) retrieved from /home/airflow/.local/lib/python3.7/site-packages/airflow/example_dags/example_latest_only_with_trigger.py
[2024-07-03T15:10:20.483+0000] {logging_mixin.py:120} INFO - [2024-07-03T15:10:20.483+0000] {dag.py:2585} INFO - Sync 1 DAGs
[2024-07-03T15:10:20.503+0000] {logging_mixin.py:120} INFO - [2024-07-03T15:10:20.503+0000] {dag.py:3340} INFO - Setting next_dagrun for latest_only_with_trigger to 2024-07-03T11:10:20.502906+00:00, run_after=2024-07-03T15:10:20.502906+00:00
[2024-07-03T15:10:20.523+0000] {processor.py:176} INFO - Processing /home/airflow/.local/lib/python3.7/site-packages/airflow/example_dags/example_latest_only_with_trigger.py took 0.100 seconds
[2024-07-03T15:10:50.784+0000] {processor.py:154} INFO - Started process (PID=320) to work on /home/airflow/.local/lib/python3.7/site-packages/airflow/example_dags/example_latest_only_with_trigger.py
[2024-07-03T15:10:50.786+0000] {processor.py:756} INFO - Processing file /home/airflow/.local/lib/python3.7/site-packages/airflow/example_dags/example_latest_only_with_trigger.py for tasks to queue
[2024-07-03T15:10:50.787+0000] {logging_mixin.py:120} INFO - [2024-07-03T15:10:50.787+0000] {dagbag.py:537} INFO - Filling up the DagBag from /home/airflow/.local/lib/python3.7/site-packages/airflow/example_dags/example_latest_only_with_trigger.py
[2024-07-03T15:10:50.800+0000] {processor.py:766} INFO - DAG(s) dict_keys(['latest_only_with_trigger']) retrieved from /home/airflow/.local/lib/python3.7/site-packages/airflow/example_dags/example_latest_only_with_trigger.py
[2024-07-03T15:10:50.840+0000] {logging_mixin.py:120} INFO - [2024-07-03T15:10:50.840+0000] {dag.py:2585} INFO - Sync 1 DAGs
[2024-07-03T15:10:50.863+0000] {logging_mixin.py:120} INFO - [2024-07-03T15:10:50.862+0000] {dag.py:3340} INFO - Setting next_dagrun for latest_only_with_trigger to 2024-07-03T11:10:50.862578+00:00, run_after=2024-07-03T15:10:50.862578+00:00
[2024-07-03T15:10:50.880+0000] {processor.py:176} INFO - Processing /home/airflow/.local/lib/python3.7/site-packages/airflow/example_dags/example_latest_only_with_trigger.py took 0.098 seconds
[2024-07-03T15:11:21.323+0000] {processor.py:154} INFO - Started process (PID=383) to work on /home/airflow/.local/lib/python3.7/site-packages/airflow/example_dags/example_latest_only_with_trigger.py
[2024-07-03T15:11:21.324+0000] {processor.py:756} INFO - Processing file /home/airflow/.local/lib/python3.7/site-packages/airflow/example_dags/example_latest_only_with_trigger.py for tasks to queue
[2024-07-03T15:11:21.325+0000] {logging_mixin.py:120} INFO - [2024-07-03T15:11:21.325+0000] {dagbag.py:537} INFO - Filling up the DagBag from /home/airflow/.local/lib/python3.7/site-packages/airflow/example_dags/example_latest_only_with_trigger.py
[2024-07-03T15:11:21.338+0000] {processor.py:766} INFO - DAG(s) dict_keys(['latest_only_with_trigger']) retrieved from /home/airflow/.local/lib/python3.7/site-packages/airflow/example_dags/example_latest_only_with_trigger.py
[2024-07-03T15:11:21.379+0000] {logging_mixin.py:120} INFO - [2024-07-03T15:11:21.379+0000] {dag.py:2585} INFO - Sync 1 DAGs
[2024-07-03T15:11:21.404+0000] {logging_mixin.py:120} INFO - [2024-07-03T15:11:21.403+0000] {dag.py:3340} INFO - Setting next_dagrun for latest_only_with_trigger to 2024-07-03T11:11:21.403354+00:00, run_after=2024-07-03T15:11:21.403354+00:00
[2024-07-03T15:11:21.425+0000] {processor.py:176} INFO - Processing /home/airflow/.local/lib/python3.7/site-packages/airflow/example_dags/example_latest_only_with_trigger.py took 0.104 seconds
[2024-07-03T15:11:52.231+0000] {processor.py:154} INFO - Started process (PID=438) to work on /home/airflow/.local/lib/python3.7/site-packages/airflow/example_dags/example_latest_only_with_trigger.py
[2024-07-03T15:11:52.233+0000] {processor.py:756} INFO - Processing file /home/airflow/.local/lib/python3.7/site-packages/airflow/example_dags/example_latest_only_with_trigger.py for tasks to queue
[2024-07-03T15:11:52.233+0000] {logging_mixin.py:120} INFO - [2024-07-03T15:11:52.233+0000] {dagbag.py:537} INFO - Filling up the DagBag from /home/airflow/.local/lib/python3.7/site-packages/airflow/example_dags/example_latest_only_with_trigger.py
[2024-07-03T15:11:52.245+0000] {processor.py:766} INFO - DAG(s) dict_keys(['latest_only_with_trigger']) retrieved from /home/airflow/.local/lib/python3.7/site-packages/airflow/example_dags/example_latest_only_with_trigger.py
[2024-07-03T15:11:52.278+0000] {logging_mixin.py:120} INFO - [2024-07-03T15:11:52.278+0000] {dag.py:2585} INFO - Sync 1 DAGs
[2024-07-03T15:11:52.301+0000] {logging_mixin.py:120} INFO - [2024-07-03T15:11:52.301+0000] {dag.py:3340} INFO - Setting next_dagrun for latest_only_with_trigger to 2024-07-03T11:11:52.301227+00:00, run_after=2024-07-03T15:11:52.301227+00:00
[2024-07-03T15:11:52.318+0000] {processor.py:176} INFO - Processing /home/airflow/.local/lib/python3.7/site-packages/airflow/example_dags/example_latest_only_with_trigger.py took 0.089 seconds
[2024-07-03T15:12:23.277+0000] {processor.py:154} INFO - Started process (PID=501) to work on /home/airflow/.local/lib/python3.7/site-packages/airflow/example_dags/example_latest_only_with_trigger.py
[2024-07-03T15:12:23.278+0000] {processor.py:756} INFO - Processing file /home/airflow/.local/lib/python3.7/site-packages/airflow/example_dags/example_latest_only_with_trigger.py for tasks to queue
[2024-07-03T15:12:23.279+0000] {logging_mixin.py:120} INFO - [2024-07-03T15:12:23.279+0000] {dagbag.py:537} INFO - Filling up the DagBag from /home/airflow/.local/lib/python3.7/site-packages/airflow/example_dags/example_latest_only_with_trigger.py
[2024-07-03T15:12:23.291+0000] {processor.py:766} INFO - DAG(s) dict_keys(['latest_only_with_trigger']) retrieved from /home/airflow/.local/lib/python3.7/site-packages/airflow/example_dags/example_latest_only_with_trigger.py
[2024-07-03T15:12:23.322+0000] {logging_mixin.py:120} INFO - [2024-07-03T15:12:23.321+0000] {dag.py:2585} INFO - Sync 1 DAGs
[2024-07-03T15:12:23.343+0000] {logging_mixin.py:120} INFO - [2024-07-03T15:12:23.343+0000] {dag.py:3340} INFO - Setting next_dagrun for latest_only_with_trigger to 2024-07-03T11:12:23.343019+00:00, run_after=2024-07-03T15:12:23.343019+00:00
[2024-07-03T15:12:23.359+0000] {processor.py:176} INFO - Processing /home/airflow/.local/lib/python3.7/site-packages/airflow/example_dags/example_latest_only_with_trigger.py took 0.086 seconds
[2024-07-03T15:12:53.770+0000] {processor.py:154} INFO - Started process (PID=564) to work on /home/airflow/.local/lib/python3.7/site-packages/airflow/example_dags/example_latest_only_with_trigger.py
[2024-07-03T15:12:53.771+0000] {processor.py:756} INFO - Processing file /home/airflow/.local/lib/python3.7/site-packages/airflow/example_dags/example_latest_only_with_trigger.py for tasks to queue
[2024-07-03T15:12:53.772+0000] {logging_mixin.py:120} INFO - [2024-07-03T15:12:53.771+0000] {dagbag.py:537} INFO - Filling up the DagBag from /home/airflow/.local/lib/python3.7/site-packages/airflow/example_dags/example_latest_only_with_trigger.py
[2024-07-03T15:12:53.782+0000] {processor.py:766} INFO - DAG(s) dict_keys(['latest_only_with_trigger']) retrieved from /home/airflow/.local/lib/python3.7/site-packages/airflow/example_dags/example_latest_only_with_trigger.py
[2024-07-03T15:12:53.814+0000] {logging_mixin.py:120} INFO - [2024-07-03T15:12:53.814+0000] {dag.py:2585} INFO - Sync 1 DAGs
[2024-07-03T15:12:53.836+0000] {logging_mixin.py:120} INFO - [2024-07-03T15:12:53.836+0000] {dag.py:3340} INFO - Setting next_dagrun for latest_only_with_trigger to 2024-07-03T11:12:53.835916+00:00, run_after=2024-07-03T15:12:53.835916+00:00
[2024-07-03T15:12:53.853+0000] {processor.py:176} INFO - Processing /home/airflow/.local/lib/python3.7/site-packages/airflow/example_dags/example_latest_only_with_trigger.py took 0.086 seconds
[2024-07-03T15:13:25.170+0000] {processor.py:154} INFO - Started process (PID=627) to work on /home/airflow/.local/lib/python3.7/site-packages/airflow/example_dags/example_latest_only_with_trigger.py
[2024-07-03T15:13:25.172+0000] {processor.py:756} INFO - Processing file /home/airflow/.local/lib/python3.7/site-packages/airflow/example_dags/example_latest_only_with_trigger.py for tasks to queue
[2024-07-03T15:13:25.173+0000] {logging_mixin.py:120} INFO - [2024-07-03T15:13:25.173+0000] {dagbag.py:537} INFO - Filling up the DagBag from /home/airflow/.local/lib/python3.7/site-packages/airflow/example_dags/example_latest_only_with_trigger.py
[2024-07-03T15:13:25.185+0000] {processor.py:766} INFO - DAG(s) dict_keys(['latest_only_with_trigger']) retrieved from /home/airflow/.local/lib/python3.7/site-packages/airflow/example_dags/example_latest_only_with_trigger.py
[2024-07-03T15:13:25.230+0000] {logging_mixin.py:120} INFO - [2024-07-03T15:13:25.230+0000] {dag.py:2585} INFO - Sync 1 DAGs
[2024-07-03T15:13:25.266+0000] {logging_mixin.py:120} INFO - [2024-07-03T15:13:25.266+0000] {dag.py:3340} INFO - Setting next_dagrun for latest_only_with_trigger to 2024-07-03T11:13:25.266207+00:00, run_after=2024-07-03T15:13:25.266207+00:00
[2024-07-03T15:13:25.295+0000] {processor.py:176} INFO - Processing /home/airflow/.local/lib/python3.7/site-packages/airflow/example_dags/example_latest_only_with_trigger.py took 0.131 seconds
[2024-07-03T15:13:56.019+0000] {processor.py:154} INFO - Started process (PID=688) to work on /home/airflow/.local/lib/python3.7/site-packages/airflow/example_dags/example_latest_only_with_trigger.py
[2024-07-03T15:13:56.020+0000] {processor.py:756} INFO - Processing file /home/airflow/.local/lib/python3.7/site-packages/airflow/example_dags/example_latest_only_with_trigger.py for tasks to queue
[2024-07-03T15:13:56.021+0000] {logging_mixin.py:120} INFO - [2024-07-03T15:13:56.021+0000] {dagbag.py:537} INFO - Filling up the DagBag from /home/airflow/.local/lib/python3.7/site-packages/airflow/example_dags/example_latest_only_with_trigger.py
[2024-07-03T15:13:56.037+0000] {processor.py:766} INFO - DAG(s) dict_keys(['latest_only_with_trigger']) retrieved from /home/airflow/.local/lib/python3.7/site-packages/airflow/example_dags/example_latest_only_with_trigger.py
[2024-07-03T15:13:56.074+0000] {logging_mixin.py:120} INFO - [2024-07-03T15:13:56.074+0000] {dag.py:2585} INFO - Sync 1 DAGs
[2024-07-03T15:13:56.098+0000] {logging_mixin.py:120} INFO - [2024-07-03T15:13:56.097+0000] {dag.py:3340} INFO - Setting next_dagrun for latest_only_with_trigger to 2024-07-03T11:13:56.097728+00:00, run_after=2024-07-03T15:13:56.097728+00:00
[2024-07-03T15:13:56.116+0000] {processor.py:176} INFO - Processing /home/airflow/.local/lib/python3.7/site-packages/airflow/example_dags/example_latest_only_with_trigger.py took 0.100 seconds
[2024-07-03T15:14:26.656+0000] {processor.py:154} INFO - Started process (PID=744) to work on /home/airflow/.local/lib/python3.7/site-packages/airflow/example_dags/example_latest_only_with_trigger.py
[2024-07-03T15:14:26.657+0000] {processor.py:756} INFO - Processing file /home/airflow/.local/lib/python3.7/site-packages/airflow/example_dags/example_latest_only_with_trigger.py for tasks to queue
[2024-07-03T15:14:26.658+0000] {logging_mixin.py:120} INFO - [2024-07-03T15:14:26.658+0000] {dagbag.py:537} INFO - Filling up the DagBag from /home/airflow/.local/lib/python3.7/site-packages/airflow/example_dags/example_latest_only_with_trigger.py
[2024-07-03T15:14:26.670+0000] {processor.py:766} INFO - DAG(s) dict_keys(['latest_only_with_trigger']) retrieved from /home/airflow/.local/lib/python3.7/site-packages/airflow/example_dags/example_latest_only_with_trigger.py
[2024-07-03T15:14:26.707+0000] {logging_mixin.py:120} INFO - [2024-07-03T15:14:26.707+0000] {dag.py:2585} INFO - Sync 1 DAGs
[2024-07-03T15:14:26.730+0000] {logging_mixin.py:120} INFO - [2024-07-03T15:14:26.730+0000] {dag.py:3340} INFO - Setting next_dagrun for latest_only_with_trigger to 2024-07-03T11:14:26.730253+00:00, run_after=2024-07-03T15:14:26.730253+00:00
[2024-07-03T15:14:26.749+0000] {processor.py:176} INFO - Processing /home/airflow/.local/lib/python3.7/site-packages/airflow/example_dags/example_latest_only_with_trigger.py took 0.095 seconds
[2024-07-03T15:14:57.259+0000] {processor.py:154} INFO - Started process (PID=807) to work on /home/airflow/.local/lib/python3.7/site-packages/airflow/example_dags/example_latest_only_with_trigger.py
[2024-07-03T15:14:57.260+0000] {processor.py:756} INFO - Processing file /home/airflow/.local/lib/python3.7/site-packages/airflow/example_dags/example_latest_only_with_trigger.py for tasks to queue
[2024-07-03T15:14:57.260+0000] {logging_mixin.py:120} INFO - [2024-07-03T15:14:57.260+0000] {dagbag.py:537} INFO - Filling up the DagBag from /home/airflow/.local/lib/python3.7/site-packages/airflow/example_dags/example_latest_only_with_trigger.py
[2024-07-03T15:14:57.271+0000] {processor.py:766} INFO - DAG(s) dict_keys(['latest_only_with_trigger']) retrieved from /home/airflow/.local/lib/python3.7/site-packages/airflow/example_dags/example_latest_only_with_trigger.py
[2024-07-03T15:14:57.314+0000] {logging_mixin.py:120} INFO - [2024-07-03T15:14:57.314+0000] {dag.py:2585} INFO - Sync 1 DAGs
[2024-07-03T15:14:57.343+0000] {logging_mixin.py:120} INFO - [2024-07-03T15:14:57.343+0000] {dag.py:3340} INFO - Setting next_dagrun for latest_only_with_trigger to 2024-07-03T11:14:57.342852+00:00, run_after=2024-07-03T15:14:57.342852+00:00
[2024-07-03T15:14:57.365+0000] {processor.py:176} INFO - Processing /home/airflow/.local/lib/python3.7/site-packages/airflow/example_dags/example_latest_only_with_trigger.py took 0.109 seconds
[2024-07-03T15:15:27.692+0000] {processor.py:154} INFO - Started process (PID=870) to work on /home/airflow/.local/lib/python3.7/site-packages/airflow/example_dags/example_latest_only_with_trigger.py
[2024-07-03T15:15:27.693+0000] {processor.py:756} INFO - Processing file /home/airflow/.local/lib/python3.7/site-packages/airflow/example_dags/example_latest_only_with_trigger.py for tasks to queue
[2024-07-03T15:15:27.694+0000] {logging_mixin.py:120} INFO - [2024-07-03T15:15:27.693+0000] {dagbag.py:537} INFO - Filling up the DagBag from /home/airflow/.local/lib/python3.7/site-packages/airflow/example_dags/example_latest_only_with_trigger.py
[2024-07-03T15:15:27.706+0000] {processor.py:766} INFO - DAG(s) dict_keys(['latest_only_with_trigger']) retrieved from /home/airflow/.local/lib/python3.7/site-packages/airflow/example_dags/example_latest_only_with_trigger.py
[2024-07-03T15:15:27.745+0000] {logging_mixin.py:120} INFO - [2024-07-03T15:15:27.745+0000] {dag.py:2585} INFO - Sync 1 DAGs
[2024-07-03T15:15:27.776+0000] {logging_mixin.py:120} INFO - [2024-07-03T15:15:27.775+0000] {dag.py:3340} INFO - Setting next_dagrun for latest_only_with_trigger to 2024-07-03T11:15:27.775344+00:00, run_after=2024-07-03T15:15:27.775344+00:00
[2024-07-03T15:15:27.809+0000] {processor.py:176} INFO - Processing /home/airflow/.local/lib/python3.7/site-packages/airflow/example_dags/example_latest_only_with_trigger.py took 0.120 seconds
[2024-07-03T15:15:58.476+0000] {processor.py:154} INFO - Started process (PID=933) to work on /home/airflow/.local/lib/python3.7/site-packages/airflow/example_dags/example_latest_only_with_trigger.py
[2024-07-03T15:15:58.477+0000] {processor.py:756} INFO - Processing file /home/airflow/.local/lib/python3.7/site-packages/airflow/example_dags/example_latest_only_with_trigger.py for tasks to queue
[2024-07-03T15:15:58.477+0000] {logging_mixin.py:120} INFO - [2024-07-03T15:15:58.477+0000] {dagbag.py:537} INFO - Filling up the DagBag from /home/airflow/.local/lib/python3.7/site-packages/airflow/example_dags/example_latest_only_with_trigger.py
[2024-07-03T15:15:58.491+0000] {processor.py:766} INFO - DAG(s) dict_keys(['latest_only_with_trigger']) retrieved from /home/airflow/.local/lib/python3.7/site-packages/airflow/example_dags/example_latest_only_with_trigger.py
[2024-07-03T15:15:58.527+0000] {logging_mixin.py:120} INFO - [2024-07-03T15:15:58.527+0000] {dag.py:2585} INFO - Sync 1 DAGs
[2024-07-03T15:15:58.550+0000] {logging_mixin.py:120} INFO - [2024-07-03T15:15:58.550+0000] {dag.py:3340} INFO - Setting next_dagrun for latest_only_with_trigger to 2024-07-03T11:15:58.549839+00:00, run_after=2024-07-03T15:15:58.549839+00:00
[2024-07-03T15:15:58.571+0000] {processor.py:176} INFO - Processing /home/airflow/.local/lib/python3.7/site-packages/airflow/example_dags/example_latest_only_with_trigger.py took 0.098 seconds
[2024-07-03T15:16:28.907+0000] {processor.py:154} INFO - Started process (PID=987) to work on /home/airflow/.local/lib/python3.7/site-packages/airflow/example_dags/example_latest_only_with_trigger.py
[2024-07-03T15:16:28.909+0000] {processor.py:756} INFO - Processing file /home/airflow/.local/lib/python3.7/site-packages/airflow/example_dags/example_latest_only_with_trigger.py for tasks to queue
[2024-07-03T15:16:28.910+0000] {logging_mixin.py:120} INFO - [2024-07-03T15:16:28.910+0000] {dagbag.py:537} INFO - Filling up the DagBag from /home/airflow/.local/lib/python3.7/site-packages/airflow/example_dags/example_latest_only_with_trigger.py
[2024-07-03T15:16:28.930+0000] {processor.py:766} INFO - DAG(s) dict_keys(['latest_only_with_trigger']) retrieved from /home/airflow/.local/lib/python3.7/site-packages/airflow/example_dags/example_latest_only_with_trigger.py
[2024-07-03T15:16:28.990+0000] {logging_mixin.py:120} INFO - [2024-07-03T15:16:28.990+0000] {dag.py:2585} INFO - Sync 1 DAGs
[2024-07-03T15:16:29.013+0000] {logging_mixin.py:120} INFO - [2024-07-03T15:16:29.013+0000] {dag.py:3340} INFO - Setting next_dagrun for latest_only_with_trigger to 2024-07-03T11:16:29.012811+00:00, run_after=2024-07-03T15:16:29.012811+00:00
[2024-07-03T15:16:29.035+0000] {processor.py:176} INFO - Processing /home/airflow/.local/lib/python3.7/site-packages/airflow/example_dags/example_latest_only_with_trigger.py took 0.132 seconds
[2024-07-03T15:16:59.794+0000] {processor.py:154} INFO - Started process (PID=1050) to work on /home/airflow/.local/lib/python3.7/site-packages/airflow/example_dags/example_latest_only_with_trigger.py
[2024-07-03T15:16:59.798+0000] {processor.py:756} INFO - Processing file /home/airflow/.local/lib/python3.7/site-packages/airflow/example_dags/example_latest_only_with_trigger.py for tasks to queue
[2024-07-03T15:16:59.804+0000] {logging_mixin.py:120} INFO - [2024-07-03T15:16:59.804+0000] {dagbag.py:537} INFO - Filling up the DagBag from /home/airflow/.local/lib/python3.7/site-packages/airflow/example_dags/example_latest_only_with_trigger.py
[2024-07-03T15:16:59.819+0000] {processor.py:766} INFO - DAG(s) dict_keys(['latest_only_with_trigger']) retrieved from /home/airflow/.local/lib/python3.7/site-packages/airflow/example_dags/example_latest_only_with_trigger.py
[2024-07-03T15:16:59.859+0000] {logging_mixin.py:120} INFO - [2024-07-03T15:16:59.859+0000] {dag.py:2585} INFO - Sync 1 DAGs
[2024-07-03T15:16:59.877+0000] {logging_mixin.py:120} INFO - [2024-07-03T15:16:59.877+0000] {dag.py:3340} INFO - Setting next_dagrun for latest_only_with_trigger to 2024-07-03T11:16:59.877319+00:00, run_after=2024-07-03T15:16:59.877319+00:00
[2024-07-03T15:16:59.893+0000] {processor.py:176} INFO - Processing /home/airflow/.local/lib/python3.7/site-packages/airflow/example_dags/example_latest_only_with_trigger.py took 0.104 seconds
[2024-07-03T15:17:30.468+0000] {processor.py:154} INFO - Started process (PID=1114) to work on /home/airflow/.local/lib/python3.7/site-packages/airflow/example_dags/example_latest_only_with_trigger.py
[2024-07-03T15:17:30.469+0000] {processor.py:756} INFO - Processing file /home/airflow/.local/lib/python3.7/site-packages/airflow/example_dags/example_latest_only_with_trigger.py for tasks to queue
[2024-07-03T15:17:30.469+0000] {logging_mixin.py:120} INFO - [2024-07-03T15:17:30.469+0000] {dagbag.py:537} INFO - Filling up the DagBag from /home/airflow/.local/lib/python3.7/site-packages/airflow/example_dags/example_latest_only_with_trigger.py
[2024-07-03T15:17:30.480+0000] {processor.py:766} INFO - DAG(s) dict_keys(['latest_only_with_trigger']) retrieved from /home/airflow/.local/lib/python3.7/site-packages/airflow/example_dags/example_latest_only_with_trigger.py
[2024-07-03T15:17:30.518+0000] {logging_mixin.py:120} INFO - [2024-07-03T15:17:30.518+0000] {dag.py:2585} INFO - Sync 1 DAGs
[2024-07-03T15:17:30.549+0000] {logging_mixin.py:120} INFO - [2024-07-03T15:17:30.549+0000] {dag.py:3340} INFO - Setting next_dagrun for latest_only_with_trigger to 2024-07-03T11:17:30.549106+00:00, run_after=2024-07-03T15:17:30.549106+00:00
[2024-07-03T15:17:30.564+0000] {processor.py:176} INFO - Processing /home/airflow/.local/lib/python3.7/site-packages/airflow/example_dags/example_latest_only_with_trigger.py took 0.100 seconds
[2024-07-03T15:18:00.986+0000] {processor.py:154} INFO - Started process (PID=1175) to work on /home/airflow/.local/lib/python3.7/site-packages/airflow/example_dags/example_latest_only_with_trigger.py
[2024-07-03T15:18:00.987+0000] {processor.py:756} INFO - Processing file /home/airflow/.local/lib/python3.7/site-packages/airflow/example_dags/example_latest_only_with_trigger.py for tasks to queue
[2024-07-03T15:18:00.988+0000] {logging_mixin.py:120} INFO - [2024-07-03T15:18:00.988+0000] {dagbag.py:537} INFO - Filling up the DagBag from /home/airflow/.local/lib/python3.7/site-packages/airflow/example_dags/example_latest_only_with_trigger.py
[2024-07-03T15:18:01.009+0000] {processor.py:766} INFO - DAG(s) dict_keys(['latest_only_with_trigger']) retrieved from /home/airflow/.local/lib/python3.7/site-packages/airflow/example_dags/example_latest_only_with_trigger.py
[2024-07-03T15:18:01.086+0000] {logging_mixin.py:120} INFO - [2024-07-03T15:18:01.086+0000] {dag.py:2585} INFO - Sync 1 DAGs
[2024-07-03T15:18:01.118+0000] {logging_mixin.py:120} INFO - [2024-07-03T15:18:01.118+0000] {dag.py:3340} INFO - Setting next_dagrun for latest_only_with_trigger to 2024-07-03T11:18:01.117810+00:00, run_after=2024-07-03T15:18:01.117810+00:00
[2024-07-03T15:18:01.154+0000] {processor.py:176} INFO - Processing /home/airflow/.local/lib/python3.7/site-packages/airflow/example_dags/example_latest_only_with_trigger.py took 0.171 seconds
[2024-07-03T15:18:31.246+0000] {processor.py:154} INFO - Started process (PID=1231) to work on /home/airflow/.local/lib/python3.7/site-packages/airflow/example_dags/example_latest_only_with_trigger.py
[2024-07-03T15:18:31.248+0000] {processor.py:756} INFO - Processing file /home/airflow/.local/lib/python3.7/site-packages/airflow/example_dags/example_latest_only_with_trigger.py for tasks to queue
[2024-07-03T15:18:31.249+0000] {logging_mixin.py:120} INFO - [2024-07-03T15:18:31.249+0000] {dagbag.py:537} INFO - Filling up the DagBag from /home/airflow/.local/lib/python3.7/site-packages/airflow/example_dags/example_latest_only_with_trigger.py
[2024-07-03T15:18:31.268+0000] {processor.py:766} INFO - DAG(s) dict_keys(['latest_only_with_trigger']) retrieved from /home/airflow/.local/lib/python3.7/site-packages/airflow/example_dags/example_latest_only_with_trigger.py
[2024-07-03T15:18:31.305+0000] {logging_mixin.py:120} INFO - [2024-07-03T15:18:31.305+0000] {dag.py:2585} INFO - Sync 1 DAGs
[2024-07-03T15:18:31.333+0000] {logging_mixin.py:120} INFO - [2024-07-03T15:18:31.332+0000] {dag.py:3340} INFO - Setting next_dagrun for latest_only_with_trigger to 2024-07-03T11:18:31.332384+00:00, run_after=2024-07-03T15:18:31.332384+00:00
[2024-07-03T15:18:31.353+0000] {processor.py:176} INFO - Processing /home/airflow/.local/lib/python3.7/site-packages/airflow/example_dags/example_latest_only_with_trigger.py took 0.112 seconds
[2024-07-03T15:19:01.461+0000] {processor.py:154} INFO - Started process (PID=1295) to work on /home/airflow/.local/lib/python3.7/site-packages/airflow/example_dags/example_latest_only_with_trigger.py
[2024-07-03T15:19:01.462+0000] {processor.py:756} INFO - Processing file /home/airflow/.local/lib/python3.7/site-packages/airflow/example_dags/example_latest_only_with_trigger.py for tasks to queue
[2024-07-03T15:19:01.463+0000] {logging_mixin.py:120} INFO - [2024-07-03T15:19:01.462+0000] {dagbag.py:537} INFO - Filling up the DagBag from /home/airflow/.local/lib/python3.7/site-packages/airflow/example_dags/example_latest_only_with_trigger.py
[2024-07-03T15:19:01.473+0000] {processor.py:766} INFO - DAG(s) dict_keys(['latest_only_with_trigger']) retrieved from /home/airflow/.local/lib/python3.7/site-packages/airflow/example_dags/example_latest_only_with_trigger.py
[2024-07-03T15:19:01.512+0000] {logging_mixin.py:120} INFO - [2024-07-03T15:19:01.512+0000] {dag.py:2585} INFO - Sync 1 DAGs
[2024-07-03T15:19:01.531+0000] {logging_mixin.py:120} INFO - [2024-07-03T15:19:01.531+0000] {dag.py:3340} INFO - Setting next_dagrun for latest_only_with_trigger to 2024-07-03T11:19:01.531408+00:00, run_after=2024-07-03T15:19:01.531408+00:00
[2024-07-03T15:19:01.562+0000] {processor.py:176} INFO - Processing /home/airflow/.local/lib/python3.7/site-packages/airflow/example_dags/example_latest_only_with_trigger.py took 0.104 seconds
[2024-07-03T15:19:31.822+0000] {processor.py:154} INFO - Started process (PID=1359) to work on /home/airflow/.local/lib/python3.7/site-packages/airflow/example_dags/example_latest_only_with_trigger.py
[2024-07-03T15:19:31.825+0000] {processor.py:756} INFO - Processing file /home/airflow/.local/lib/python3.7/site-packages/airflow/example_dags/example_latest_only_with_trigger.py for tasks to queue
[2024-07-03T15:19:31.827+0000] {logging_mixin.py:120} INFO - [2024-07-03T15:19:31.826+0000] {dagbag.py:537} INFO - Filling up the DagBag from /home/airflow/.local/lib/python3.7/site-packages/airflow/example_dags/example_latest_only_with_trigger.py
[2024-07-03T15:19:31.852+0000] {processor.py:766} INFO - DAG(s) dict_keys(['latest_only_with_trigger']) retrieved from /home/airflow/.local/lib/python3.7/site-packages/airflow/example_dags/example_latest_only_with_trigger.py
[2024-07-03T15:19:31.897+0000] {logging_mixin.py:120} INFO - [2024-07-03T15:19:31.897+0000] {dag.py:2585} INFO - Sync 1 DAGs
[2024-07-03T15:19:31.918+0000] {logging_mixin.py:120} INFO - [2024-07-03T15:19:31.918+0000] {dag.py:3340} INFO - Setting next_dagrun for latest_only_with_trigger to 2024-07-03T11:19:31.917972+00:00, run_after=2024-07-03T15:19:31.917972+00:00
[2024-07-03T15:19:31.954+0000] {processor.py:176} INFO - Processing /home/airflow/.local/lib/python3.7/site-packages/airflow/example_dags/example_latest_only_with_trigger.py took 0.134 seconds
[2024-07-03T15:20:02.314+0000] {processor.py:154} INFO - Started process (PID=1414) to work on /home/airflow/.local/lib/python3.7/site-packages/airflow/example_dags/example_latest_only_with_trigger.py
[2024-07-03T15:20:02.315+0000] {processor.py:756} INFO - Processing file /home/airflow/.local/lib/python3.7/site-packages/airflow/example_dags/example_latest_only_with_trigger.py for tasks to queue
[2024-07-03T15:20:02.316+0000] {logging_mixin.py:120} INFO - [2024-07-03T15:20:02.316+0000] {dagbag.py:537} INFO - Filling up the DagBag from /home/airflow/.local/lib/python3.7/site-packages/airflow/example_dags/example_latest_only_with_trigger.py
[2024-07-03T15:20:02.329+0000] {processor.py:766} INFO - DAG(s) dict_keys(['latest_only_with_trigger']) retrieved from /home/airflow/.local/lib/python3.7/site-packages/airflow/example_dags/example_latest_only_with_trigger.py
[2024-07-03T15:20:02.364+0000] {logging_mixin.py:120} INFO - [2024-07-03T15:20:02.364+0000] {dag.py:2585} INFO - Sync 1 DAGs
[2024-07-03T15:20:02.384+0000] {logging_mixin.py:120} INFO - [2024-07-03T15:20:02.384+0000] {dag.py:3340} INFO - Setting next_dagrun for latest_only_with_trigger to 2024-07-03T11:20:02.384338+00:00, run_after=2024-07-03T15:20:02.384338+00:00
[2024-07-03T15:20:02.406+0000] {processor.py:176} INFO - Processing /home/airflow/.local/lib/python3.7/site-packages/airflow/example_dags/example_latest_only_with_trigger.py took 0.094 seconds
[2024-07-03T15:20:32.567+0000] {processor.py:154} INFO - Started process (PID=1477) to work on /home/airflow/.local/lib/python3.7/site-packages/airflow/example_dags/example_latest_only_with_trigger.py
[2024-07-03T15:20:32.569+0000] {processor.py:756} INFO - Processing file /home/airflow/.local/lib/python3.7/site-packages/airflow/example_dags/example_latest_only_with_trigger.py for tasks to queue
[2024-07-03T15:20:32.570+0000] {logging_mixin.py:120} INFO - [2024-07-03T15:20:32.570+0000] {dagbag.py:537} INFO - Filling up the DagBag from /home/airflow/.local/lib/python3.7/site-packages/airflow/example_dags/example_latest_only_with_trigger.py
[2024-07-03T15:20:32.582+0000] {processor.py:766} INFO - DAG(s) dict_keys(['latest_only_with_trigger']) retrieved from /home/airflow/.local/lib/python3.7/site-packages/airflow/example_dags/example_latest_only_with_trigger.py
[2024-07-03T15:20:32.628+0000] {logging_mixin.py:120} INFO - [2024-07-03T15:20:32.627+0000] {dag.py:2585} INFO - Sync 1 DAGs
[2024-07-03T15:20:32.653+0000] {logging_mixin.py:120} INFO - [2024-07-03T15:20:32.653+0000] {dag.py:3340} INFO - Setting next_dagrun for latest_only_with_trigger to 2024-07-03T11:20:32.653448+00:00, run_after=2024-07-03T15:20:32.653448+00:00
[2024-07-03T15:20:32.678+0000] {processor.py:176} INFO - Processing /home/airflow/.local/lib/python3.7/site-packages/airflow/example_dags/example_latest_only_with_trigger.py took 0.115 seconds
[2024-07-03T15:21:02.727+0000] {processor.py:154} INFO - Started process (PID=1541) to work on /home/airflow/.local/lib/python3.7/site-packages/airflow/example_dags/example_latest_only_with_trigger.py
[2024-07-03T15:21:02.728+0000] {processor.py:756} INFO - Processing file /home/airflow/.local/lib/python3.7/site-packages/airflow/example_dags/example_latest_only_with_trigger.py for tasks to queue
[2024-07-03T15:21:02.729+0000] {logging_mixin.py:120} INFO - [2024-07-03T15:21:02.729+0000] {dagbag.py:537} INFO - Filling up the DagBag from /home/airflow/.local/lib/python3.7/site-packages/airflow/example_dags/example_latest_only_with_trigger.py
[2024-07-03T15:21:02.743+0000] {processor.py:766} INFO - DAG(s) dict_keys(['latest_only_with_trigger']) retrieved from /home/airflow/.local/lib/python3.7/site-packages/airflow/example_dags/example_latest_only_with_trigger.py
[2024-07-03T15:21:02.779+0000] {logging_mixin.py:120} INFO - [2024-07-03T15:21:02.779+0000] {dag.py:2585} INFO - Sync 1 DAGs
[2024-07-03T15:21:02.803+0000] {logging_mixin.py:120} INFO - [2024-07-03T15:21:02.802+0000] {dag.py:3340} INFO - Setting next_dagrun for latest_only_with_trigger to 2024-07-03T11:21:02.802619+00:00, run_after=2024-07-03T15:21:02.802619+00:00
[2024-07-03T15:21:02.821+0000] {processor.py:176} INFO - Processing /home/airflow/.local/lib/python3.7/site-packages/airflow/example_dags/example_latest_only_with_trigger.py took 0.096 seconds
[2024-07-03T15:21:33.151+0000] {processor.py:154} INFO - Started process (PID=1604) to work on /home/airflow/.local/lib/python3.7/site-packages/airflow/example_dags/example_latest_only_with_trigger.py
[2024-07-03T15:21:33.152+0000] {processor.py:756} INFO - Processing file /home/airflow/.local/lib/python3.7/site-packages/airflow/example_dags/example_latest_only_with_trigger.py for tasks to queue
[2024-07-03T15:21:33.153+0000] {logging_mixin.py:120} INFO - [2024-07-03T15:21:33.153+0000] {dagbag.py:537} INFO - Filling up the DagBag from /home/airflow/.local/lib/python3.7/site-packages/airflow/example_dags/example_latest_only_with_trigger.py
[2024-07-03T15:21:33.169+0000] {processor.py:766} INFO - DAG(s) dict_keys(['latest_only_with_trigger']) retrieved from /home/airflow/.local/lib/python3.7/site-packages/airflow/example_dags/example_latest_only_with_trigger.py
[2024-07-03T15:21:33.203+0000] {logging_mixin.py:120} INFO - [2024-07-03T15:21:33.203+0000] {dag.py:2585} INFO - Sync 1 DAGs
[2024-07-03T15:21:33.221+0000] {logging_mixin.py:120} INFO - [2024-07-03T15:21:33.221+0000] {dag.py:3340} INFO - Setting next_dagrun for latest_only_with_trigger to 2024-07-03T11:21:33.221427+00:00, run_after=2024-07-03T15:21:33.221427+00:00
[2024-07-03T15:21:33.236+0000] {processor.py:176} INFO - Processing /home/airflow/.local/lib/python3.7/site-packages/airflow/example_dags/example_latest_only_with_trigger.py took 0.089 seconds
[2024-07-03T15:22:03.580+0000] {processor.py:154} INFO - Started process (PID=1661) to work on /home/airflow/.local/lib/python3.7/site-packages/airflow/example_dags/example_latest_only_with_trigger.py
[2024-07-03T15:22:03.581+0000] {processor.py:756} INFO - Processing file /home/airflow/.local/lib/python3.7/site-packages/airflow/example_dags/example_latest_only_with_trigger.py for tasks to queue
[2024-07-03T15:22:03.582+0000] {logging_mixin.py:120} INFO - [2024-07-03T15:22:03.582+0000] {dagbag.py:537} INFO - Filling up the DagBag from /home/airflow/.local/lib/python3.7/site-packages/airflow/example_dags/example_latest_only_with_trigger.py
[2024-07-03T15:22:03.595+0000] {processor.py:766} INFO - DAG(s) dict_keys(['latest_only_with_trigger']) retrieved from /home/airflow/.local/lib/python3.7/site-packages/airflow/example_dags/example_latest_only_with_trigger.py
[2024-07-03T15:22:03.626+0000] {logging_mixin.py:120} INFO - [2024-07-03T15:22:03.626+0000] {dag.py:2585} INFO - Sync 1 DAGs
[2024-07-03T15:22:03.644+0000] {logging_mixin.py:120} INFO - [2024-07-03T15:22:03.644+0000] {dag.py:3340} INFO - Setting next_dagrun for latest_only_with_trigger to 2024-07-03T11:22:03.644559+00:00, run_after=2024-07-03T15:22:03.644559+00:00
[2024-07-03T15:22:03.661+0000] {processor.py:176} INFO - Processing /home/airflow/.local/lib/python3.7/site-packages/airflow/example_dags/example_latest_only_with_trigger.py took 0.083 seconds
[2024-07-03T15:22:33.789+0000] {processor.py:154} INFO - Started process (PID=1725) to work on /home/airflow/.local/lib/python3.7/site-packages/airflow/example_dags/example_latest_only_with_trigger.py
[2024-07-03T15:22:33.790+0000] {processor.py:756} INFO - Processing file /home/airflow/.local/lib/python3.7/site-packages/airflow/example_dags/example_latest_only_with_trigger.py for tasks to queue
[2024-07-03T15:22:33.791+0000] {logging_mixin.py:120} INFO - [2024-07-03T15:22:33.791+0000] {dagbag.py:537} INFO - Filling up the DagBag from /home/airflow/.local/lib/python3.7/site-packages/airflow/example_dags/example_latest_only_with_trigger.py
[2024-07-03T15:22:33.808+0000] {processor.py:766} INFO - DAG(s) dict_keys(['latest_only_with_trigger']) retrieved from /home/airflow/.local/lib/python3.7/site-packages/airflow/example_dags/example_latest_only_with_trigger.py
[2024-07-03T15:22:33.854+0000] {logging_mixin.py:120} INFO - [2024-07-03T15:22:33.854+0000] {dag.py:2585} INFO - Sync 1 DAGs
[2024-07-03T15:22:33.894+0000] {logging_mixin.py:120} INFO - [2024-07-03T15:22:33.894+0000] {dag.py:3340} INFO - Setting next_dagrun for latest_only_with_trigger to 2024-07-03T11:22:33.894144+00:00, run_after=2024-07-03T15:22:33.894144+00:00
[2024-07-03T15:22:33.930+0000] {processor.py:176} INFO - Processing /home/airflow/.local/lib/python3.7/site-packages/airflow/example_dags/example_latest_only_with_trigger.py took 0.145 seconds
[2024-07-03T15:23:04.497+0000] {processor.py:154} INFO - Started process (PID=1790) to work on /home/airflow/.local/lib/python3.7/site-packages/airflow/example_dags/example_latest_only_with_trigger.py
[2024-07-03T15:23:04.499+0000] {processor.py:756} INFO - Processing file /home/airflow/.local/lib/python3.7/site-packages/airflow/example_dags/example_latest_only_with_trigger.py for tasks to queue
[2024-07-03T15:23:04.500+0000] {logging_mixin.py:120} INFO - [2024-07-03T15:23:04.500+0000] {dagbag.py:537} INFO - Filling up the DagBag from /home/airflow/.local/lib/python3.7/site-packages/airflow/example_dags/example_latest_only_with_trigger.py
[2024-07-03T15:23:04.513+0000] {processor.py:766} INFO - DAG(s) dict_keys(['latest_only_with_trigger']) retrieved from /home/airflow/.local/lib/python3.7/site-packages/airflow/example_dags/example_latest_only_with_trigger.py
[2024-07-03T15:23:04.557+0000] {logging_mixin.py:120} INFO - [2024-07-03T15:23:04.557+0000] {dag.py:2585} INFO - Sync 1 DAGs
[2024-07-03T15:23:04.579+0000] {logging_mixin.py:120} INFO - [2024-07-03T15:23:04.579+0000] {dag.py:3340} INFO - Setting next_dagrun for latest_only_with_trigger to 2024-07-03T11:23:04.579578+00:00, run_after=2024-07-03T15:23:04.579578+00:00
[2024-07-03T15:23:04.594+0000] {processor.py:176} INFO - Processing /home/airflow/.local/lib/python3.7/site-packages/airflow/example_dags/example_latest_only_with_trigger.py took 0.100 seconds
[2024-07-03T15:23:35.061+0000] {processor.py:154} INFO - Started process (PID=1856) to work on /home/airflow/.local/lib/python3.7/site-packages/airflow/example_dags/example_latest_only_with_trigger.py
[2024-07-03T15:23:35.062+0000] {processor.py:756} INFO - Processing file /home/airflow/.local/lib/python3.7/site-packages/airflow/example_dags/example_latest_only_with_trigger.py for tasks to queue
[2024-07-03T15:23:35.063+0000] {logging_mixin.py:120} INFO - [2024-07-03T15:23:35.063+0000] {dagbag.py:537} INFO - Filling up the DagBag from /home/airflow/.local/lib/python3.7/site-packages/airflow/example_dags/example_latest_only_with_trigger.py
[2024-07-03T15:23:35.080+0000] {processor.py:766} INFO - DAG(s) dict_keys(['latest_only_with_trigger']) retrieved from /home/airflow/.local/lib/python3.7/site-packages/airflow/example_dags/example_latest_only_with_trigger.py
[2024-07-03T15:23:35.127+0000] {logging_mixin.py:120} INFO - [2024-07-03T15:23:35.127+0000] {dag.py:2585} INFO - Sync 1 DAGs
[2024-07-03T15:23:35.154+0000] {logging_mixin.py:120} INFO - [2024-07-03T15:23:35.154+0000] {dag.py:3340} INFO - Setting next_dagrun for latest_only_with_trigger to 2024-07-03T11:23:35.154077+00:00, run_after=2024-07-03T15:23:35.154077+00:00
[2024-07-03T15:23:35.176+0000] {processor.py:176} INFO - Processing /home/airflow/.local/lib/python3.7/site-packages/airflow/example_dags/example_latest_only_with_trigger.py took 0.118 seconds
