[2024-07-03T15:08:48.764+0000] {processor.py:154} INFO - Started process (PID=71) to work on /home/airflow/.local/lib/python3.7/site-packages/airflow/example_dags/example_branch_python_dop_operator_3.py
[2024-07-03T15:08:48.765+0000] {processor.py:756} INFO - Processing file /home/airflow/.local/lib/python3.7/site-packages/airflow/example_dags/example_branch_python_dop_operator_3.py for tasks to queue
[2024-07-03T15:08:48.766+0000] {logging_mixin.py:120} INFO - [2024-07-03T15:08:48.766+0000] {dagbag.py:537} INFO - Filling up the DagBag from /home/airflow/.local/lib/python3.7/site-packages/airflow/example_dags/example_branch_python_dop_operator_3.py
[2024-07-03T15:08:48.796+0000] {processor.py:766} INFO - DAG(s) dict_keys(['example_branch_dop_operator_v3']) retrieved from /home/airflow/.local/lib/python3.7/site-packages/airflow/example_dags/example_branch_python_dop_operator_3.py
[2024-07-03T15:08:48.962+0000] {logging_mixin.py:120} INFO - [2024-07-03T15:08:48.962+0000] {manager.py:507} INFO - Created Permission View: can delete on DAG:example_branch_dop_operator_v3
[2024-07-03T15:08:48.975+0000] {logging_mixin.py:120} INFO - [2024-07-03T15:08:48.975+0000] {manager.py:507} INFO - Created Permission View: can edit on DAG:example_branch_dop_operator_v3
[2024-07-03T15:08:48.988+0000] {logging_mixin.py:120} INFO - [2024-07-03T15:08:48.987+0000] {manager.py:507} INFO - Created Permission View: can read on DAG:example_branch_dop_operator_v3
[2024-07-03T15:08:48.988+0000] {logging_mixin.py:120} INFO - [2024-07-03T15:08:48.988+0000] {dag.py:2585} INFO - Sync 1 DAGs
[2024-07-03T15:08:49.007+0000] {logging_mixin.py:120} INFO - [2024-07-03T15:08:49.006+0000] {dag.py:2606} INFO - Creating ORM DAG for example_branch_dop_operator_v3
[2024-07-03T15:08:49.026+0000] {logging_mixin.py:120} INFO - [2024-07-03T15:08:49.026+0000] {dag.py:3340} INFO - Setting next_dagrun for example_branch_dop_operator_v3 to 2024-07-03T15:07:00+00:00, run_after=2024-07-03T15:08:00+00:00
[2024-07-03T15:08:49.058+0000] {processor.py:176} INFO - Processing /home/airflow/.local/lib/python3.7/site-packages/airflow/example_dags/example_branch_python_dop_operator_3.py took 0.299 seconds
[2024-07-03T15:09:19.140+0000] {processor.py:154} INFO - Started process (PID=134) to work on /home/airflow/.local/lib/python3.7/site-packages/airflow/example_dags/example_branch_python_dop_operator_3.py
[2024-07-03T15:09:19.141+0000] {processor.py:756} INFO - Processing file /home/airflow/.local/lib/python3.7/site-packages/airflow/example_dags/example_branch_python_dop_operator_3.py for tasks to queue
[2024-07-03T15:09:19.142+0000] {logging_mixin.py:120} INFO - [2024-07-03T15:09:19.142+0000] {dagbag.py:537} INFO - Filling up the DagBag from /home/airflow/.local/lib/python3.7/site-packages/airflow/example_dags/example_branch_python_dop_operator_3.py
[2024-07-03T15:09:19.166+0000] {processor.py:766} INFO - DAG(s) dict_keys(['example_branch_dop_operator_v3']) retrieved from /home/airflow/.local/lib/python3.7/site-packages/airflow/example_dags/example_branch_python_dop_operator_3.py
[2024-07-03T15:09:19.231+0000] {logging_mixin.py:120} INFO - [2024-07-03T15:09:19.231+0000] {dag.py:2585} INFO - Sync 1 DAGs
[2024-07-03T15:09:19.278+0000] {logging_mixin.py:120} INFO - [2024-07-03T15:09:19.278+0000] {dag.py:3340} INFO - Setting next_dagrun for example_branch_dop_operator_v3 to 2024-07-03T15:08:00+00:00, run_after=2024-07-03T15:09:00+00:00
[2024-07-03T15:09:19.311+0000] {processor.py:176} INFO - Processing /home/airflow/.local/lib/python3.7/site-packages/airflow/example_dags/example_branch_python_dop_operator_3.py took 0.174 seconds
[2024-07-03T15:09:49.391+0000] {processor.py:154} INFO - Started process (PID=188) to work on /home/airflow/.local/lib/python3.7/site-packages/airflow/example_dags/example_branch_python_dop_operator_3.py
[2024-07-03T15:09:49.392+0000] {processor.py:756} INFO - Processing file /home/airflow/.local/lib/python3.7/site-packages/airflow/example_dags/example_branch_python_dop_operator_3.py for tasks to queue
[2024-07-03T15:09:49.392+0000] {logging_mixin.py:120} INFO - [2024-07-03T15:09:49.392+0000] {dagbag.py:537} INFO - Filling up the DagBag from /home/airflow/.local/lib/python3.7/site-packages/airflow/example_dags/example_branch_python_dop_operator_3.py
[2024-07-03T15:09:49.412+0000] {processor.py:766} INFO - DAG(s) dict_keys(['example_branch_dop_operator_v3']) retrieved from /home/airflow/.local/lib/python3.7/site-packages/airflow/example_dags/example_branch_python_dop_operator_3.py
[2024-07-03T15:09:49.444+0000] {logging_mixin.py:120} INFO - [2024-07-03T15:09:49.444+0000] {dag.py:2585} INFO - Sync 1 DAGs
[2024-07-03T15:09:49.469+0000] {logging_mixin.py:120} INFO - [2024-07-03T15:09:49.469+0000] {dag.py:3340} INFO - Setting next_dagrun for example_branch_dop_operator_v3 to 2024-07-03T15:08:00+00:00, run_after=2024-07-03T15:09:00+00:00
[2024-07-03T15:09:49.484+0000] {processor.py:176} INFO - Processing /home/airflow/.local/lib/python3.7/site-packages/airflow/example_dags/example_branch_python_dop_operator_3.py took 0.096 seconds
[2024-07-03T15:10:19.688+0000] {processor.py:154} INFO - Started process (PID=251) to work on /home/airflow/.local/lib/python3.7/site-packages/airflow/example_dags/example_branch_python_dop_operator_3.py
[2024-07-03T15:10:19.689+0000] {processor.py:756} INFO - Processing file /home/airflow/.local/lib/python3.7/site-packages/airflow/example_dags/example_branch_python_dop_operator_3.py for tasks to queue
[2024-07-03T15:10:19.690+0000] {logging_mixin.py:120} INFO - [2024-07-03T15:10:19.690+0000] {dagbag.py:537} INFO - Filling up the DagBag from /home/airflow/.local/lib/python3.7/site-packages/airflow/example_dags/example_branch_python_dop_operator_3.py
[2024-07-03T15:10:19.709+0000] {processor.py:766} INFO - DAG(s) dict_keys(['example_branch_dop_operator_v3']) retrieved from /home/airflow/.local/lib/python3.7/site-packages/airflow/example_dags/example_branch_python_dop_operator_3.py
[2024-07-03T15:10:19.742+0000] {logging_mixin.py:120} INFO - [2024-07-03T15:10:19.742+0000] {dag.py:2585} INFO - Sync 1 DAGs
[2024-07-03T15:10:19.767+0000] {logging_mixin.py:120} INFO - [2024-07-03T15:10:19.767+0000] {dag.py:3340} INFO - Setting next_dagrun for example_branch_dop_operator_v3 to 2024-07-03T15:09:00+00:00, run_after=2024-07-03T15:10:00+00:00
[2024-07-03T15:10:19.786+0000] {processor.py:176} INFO - Processing /home/airflow/.local/lib/python3.7/site-packages/airflow/example_dags/example_branch_python_dop_operator_3.py took 0.100 seconds
[2024-07-03T15:10:50.318+0000] {processor.py:154} INFO - Started process (PID=314) to work on /home/airflow/.local/lib/python3.7/site-packages/airflow/example_dags/example_branch_python_dop_operator_3.py
[2024-07-03T15:10:50.319+0000] {processor.py:756} INFO - Processing file /home/airflow/.local/lib/python3.7/site-packages/airflow/example_dags/example_branch_python_dop_operator_3.py for tasks to queue
[2024-07-03T15:10:50.319+0000] {logging_mixin.py:120} INFO - [2024-07-03T15:10:50.319+0000] {dagbag.py:537} INFO - Filling up the DagBag from /home/airflow/.local/lib/python3.7/site-packages/airflow/example_dags/example_branch_python_dop_operator_3.py
[2024-07-03T15:10:50.339+0000] {processor.py:766} INFO - DAG(s) dict_keys(['example_branch_dop_operator_v3']) retrieved from /home/airflow/.local/lib/python3.7/site-packages/airflow/example_dags/example_branch_python_dop_operator_3.py
[2024-07-03T15:10:50.371+0000] {logging_mixin.py:120} INFO - [2024-07-03T15:10:50.371+0000] {dag.py:2585} INFO - Sync 1 DAGs
[2024-07-03T15:10:50.397+0000] {logging_mixin.py:120} INFO - [2024-07-03T15:10:50.397+0000] {dag.py:3340} INFO - Setting next_dagrun for example_branch_dop_operator_v3 to 2024-07-03T15:09:00+00:00, run_after=2024-07-03T15:10:00+00:00
[2024-07-03T15:10:50.416+0000] {processor.py:176} INFO - Processing /home/airflow/.local/lib/python3.7/site-packages/airflow/example_dags/example_branch_python_dop_operator_3.py took 0.102 seconds
[2024-07-03T15:11:20.674+0000] {processor.py:154} INFO - Started process (PID=368) to work on /home/airflow/.local/lib/python3.7/site-packages/airflow/example_dags/example_branch_python_dop_operator_3.py
[2024-07-03T15:11:20.681+0000] {processor.py:756} INFO - Processing file /home/airflow/.local/lib/python3.7/site-packages/airflow/example_dags/example_branch_python_dop_operator_3.py for tasks to queue
[2024-07-03T15:11:20.682+0000] {logging_mixin.py:120} INFO - [2024-07-03T15:11:20.682+0000] {dagbag.py:537} INFO - Filling up the DagBag from /home/airflow/.local/lib/python3.7/site-packages/airflow/example_dags/example_branch_python_dop_operator_3.py
[2024-07-03T15:11:20.726+0000] {processor.py:766} INFO - DAG(s) dict_keys(['example_branch_dop_operator_v3']) retrieved from /home/airflow/.local/lib/python3.7/site-packages/airflow/example_dags/example_branch_python_dop_operator_3.py
[2024-07-03T15:11:20.774+0000] {logging_mixin.py:120} INFO - [2024-07-03T15:11:20.774+0000] {dag.py:2585} INFO - Sync 1 DAGs
[2024-07-03T15:11:20.827+0000] {logging_mixin.py:120} INFO - [2024-07-03T15:11:20.827+0000] {dag.py:3340} INFO - Setting next_dagrun for example_branch_dop_operator_v3 to 2024-07-03T15:10:00+00:00, run_after=2024-07-03T15:11:00+00:00
[2024-07-03T15:11:20.853+0000] {processor.py:176} INFO - Processing /home/airflow/.local/lib/python3.7/site-packages/airflow/example_dags/example_branch_python_dop_operator_3.py took 0.184 seconds
[2024-07-03T15:11:51.617+0000] {processor.py:154} INFO - Started process (PID=432) to work on /home/airflow/.local/lib/python3.7/site-packages/airflow/example_dags/example_branch_python_dop_operator_3.py
[2024-07-03T15:11:51.622+0000] {processor.py:756} INFO - Processing file /home/airflow/.local/lib/python3.7/site-packages/airflow/example_dags/example_branch_python_dop_operator_3.py for tasks to queue
[2024-07-03T15:11:51.623+0000] {logging_mixin.py:120} INFO - [2024-07-03T15:11:51.623+0000] {dagbag.py:537} INFO - Filling up the DagBag from /home/airflow/.local/lib/python3.7/site-packages/airflow/example_dags/example_branch_python_dop_operator_3.py
[2024-07-03T15:11:51.647+0000] {processor.py:766} INFO - DAG(s) dict_keys(['example_branch_dop_operator_v3']) retrieved from /home/airflow/.local/lib/python3.7/site-packages/airflow/example_dags/example_branch_python_dop_operator_3.py
[2024-07-03T15:11:51.681+0000] {logging_mixin.py:120} INFO - [2024-07-03T15:11:51.681+0000] {dag.py:2585} INFO - Sync 1 DAGs
[2024-07-03T15:11:51.706+0000] {logging_mixin.py:120} INFO - [2024-07-03T15:11:51.706+0000] {dag.py:3340} INFO - Setting next_dagrun for example_branch_dop_operator_v3 to 2024-07-03T15:10:00+00:00, run_after=2024-07-03T15:11:00+00:00
[2024-07-03T15:11:51.727+0000] {processor.py:176} INFO - Processing /home/airflow/.local/lib/python3.7/site-packages/airflow/example_dags/example_branch_python_dop_operator_3.py took 0.113 seconds
[2024-07-03T15:12:22.803+0000] {processor.py:154} INFO - Started process (PID=496) to work on /home/airflow/.local/lib/python3.7/site-packages/airflow/example_dags/example_branch_python_dop_operator_3.py
[2024-07-03T15:12:22.806+0000] {processor.py:756} INFO - Processing file /home/airflow/.local/lib/python3.7/site-packages/airflow/example_dags/example_branch_python_dop_operator_3.py for tasks to queue
[2024-07-03T15:12:22.813+0000] {logging_mixin.py:120} INFO - [2024-07-03T15:12:22.813+0000] {dagbag.py:537} INFO - Filling up the DagBag from /home/airflow/.local/lib/python3.7/site-packages/airflow/example_dags/example_branch_python_dop_operator_3.py
[2024-07-03T15:12:22.833+0000] {processor.py:766} INFO - DAG(s) dict_keys(['example_branch_dop_operator_v3']) retrieved from /home/airflow/.local/lib/python3.7/site-packages/airflow/example_dags/example_branch_python_dop_operator_3.py
[2024-07-03T15:12:22.866+0000] {logging_mixin.py:120} INFO - [2024-07-03T15:12:22.866+0000] {dag.py:2585} INFO - Sync 1 DAGs
[2024-07-03T15:12:22.886+0000] {logging_mixin.py:120} INFO - [2024-07-03T15:12:22.886+0000] {dag.py:3340} INFO - Setting next_dagrun for example_branch_dop_operator_v3 to 2024-07-03T15:11:00+00:00, run_after=2024-07-03T15:12:00+00:00
[2024-07-03T15:12:22.902+0000] {processor.py:176} INFO - Processing /home/airflow/.local/lib/python3.7/site-packages/airflow/example_dags/example_branch_python_dop_operator_3.py took 0.103 seconds
[2024-07-03T15:12:53.448+0000] {processor.py:154} INFO - Started process (PID=559) to work on /home/airflow/.local/lib/python3.7/site-packages/airflow/example_dags/example_branch_python_dop_operator_3.py
[2024-07-03T15:12:53.449+0000] {processor.py:756} INFO - Processing file /home/airflow/.local/lib/python3.7/site-packages/airflow/example_dags/example_branch_python_dop_operator_3.py for tasks to queue
[2024-07-03T15:12:53.450+0000] {logging_mixin.py:120} INFO - [2024-07-03T15:12:53.450+0000] {dagbag.py:537} INFO - Filling up the DagBag from /home/airflow/.local/lib/python3.7/site-packages/airflow/example_dags/example_branch_python_dop_operator_3.py
[2024-07-03T15:12:53.481+0000] {processor.py:766} INFO - DAG(s) dict_keys(['example_branch_dop_operator_v3']) retrieved from /home/airflow/.local/lib/python3.7/site-packages/airflow/example_dags/example_branch_python_dop_operator_3.py
[2024-07-03T15:12:53.521+0000] {logging_mixin.py:120} INFO - [2024-07-03T15:12:53.521+0000] {dag.py:2585} INFO - Sync 1 DAGs
[2024-07-03T15:12:53.544+0000] {logging_mixin.py:120} INFO - [2024-07-03T15:12:53.544+0000] {dag.py:3340} INFO - Setting next_dagrun for example_branch_dop_operator_v3 to 2024-07-03T15:11:00+00:00, run_after=2024-07-03T15:12:00+00:00
[2024-07-03T15:12:53.562+0000] {processor.py:176} INFO - Processing /home/airflow/.local/lib/python3.7/site-packages/airflow/example_dags/example_branch_python_dop_operator_3.py took 0.117 seconds
[2024-07-03T15:13:24.605+0000] {processor.py:154} INFO - Started process (PID=622) to work on /home/airflow/.local/lib/python3.7/site-packages/airflow/example_dags/example_branch_python_dop_operator_3.py
[2024-07-03T15:13:24.610+0000] {processor.py:756} INFO - Processing file /home/airflow/.local/lib/python3.7/site-packages/airflow/example_dags/example_branch_python_dop_operator_3.py for tasks to queue
[2024-07-03T15:13:24.621+0000] {logging_mixin.py:120} INFO - [2024-07-03T15:13:24.620+0000] {dagbag.py:537} INFO - Filling up the DagBag from /home/airflow/.local/lib/python3.7/site-packages/airflow/example_dags/example_branch_python_dop_operator_3.py
[2024-07-03T15:13:24.650+0000] {processor.py:766} INFO - DAG(s) dict_keys(['example_branch_dop_operator_v3']) retrieved from /home/airflow/.local/lib/python3.7/site-packages/airflow/example_dags/example_branch_python_dop_operator_3.py
[2024-07-03T15:13:24.702+0000] {logging_mixin.py:120} INFO - [2024-07-03T15:13:24.702+0000] {dag.py:2585} INFO - Sync 1 DAGs
[2024-07-03T15:13:24.727+0000] {logging_mixin.py:120} INFO - [2024-07-03T15:13:24.727+0000] {dag.py:3340} INFO - Setting next_dagrun for example_branch_dop_operator_v3 to 2024-07-03T15:12:00+00:00, run_after=2024-07-03T15:13:00+00:00
[2024-07-03T15:13:24.752+0000] {processor.py:176} INFO - Processing /home/airflow/.local/lib/python3.7/site-packages/airflow/example_dags/example_branch_python_dop_operator_3.py took 0.149 seconds
[2024-07-03T15:13:55.569+0000] {processor.py:154} INFO - Started process (PID=676) to work on /home/airflow/.local/lib/python3.7/site-packages/airflow/example_dags/example_branch_python_dop_operator_3.py
[2024-07-03T15:13:55.569+0000] {processor.py:756} INFO - Processing file /home/airflow/.local/lib/python3.7/site-packages/airflow/example_dags/example_branch_python_dop_operator_3.py for tasks to queue
[2024-07-03T15:13:55.570+0000] {logging_mixin.py:120} INFO - [2024-07-03T15:13:55.570+0000] {dagbag.py:537} INFO - Filling up the DagBag from /home/airflow/.local/lib/python3.7/site-packages/airflow/example_dags/example_branch_python_dop_operator_3.py
[2024-07-03T15:13:55.588+0000] {processor.py:766} INFO - DAG(s) dict_keys(['example_branch_dop_operator_v3']) retrieved from /home/airflow/.local/lib/python3.7/site-packages/airflow/example_dags/example_branch_python_dop_operator_3.py
[2024-07-03T15:13:55.621+0000] {logging_mixin.py:120} INFO - [2024-07-03T15:13:55.621+0000] {dag.py:2585} INFO - Sync 1 DAGs
[2024-07-03T15:13:55.642+0000] {logging_mixin.py:120} INFO - [2024-07-03T15:13:55.642+0000] {dag.py:3340} INFO - Setting next_dagrun for example_branch_dop_operator_v3 to 2024-07-03T15:12:00+00:00, run_after=2024-07-03T15:13:00+00:00
[2024-07-03T15:13:55.667+0000] {processor.py:176} INFO - Processing /home/airflow/.local/lib/python3.7/site-packages/airflow/example_dags/example_branch_python_dop_operator_3.py took 0.101 seconds
[2024-07-03T15:14:26.346+0000] {processor.py:154} INFO - Started process (PID=739) to work on /home/airflow/.local/lib/python3.7/site-packages/airflow/example_dags/example_branch_python_dop_operator_3.py
[2024-07-03T15:14:26.347+0000] {processor.py:756} INFO - Processing file /home/airflow/.local/lib/python3.7/site-packages/airflow/example_dags/example_branch_python_dop_operator_3.py for tasks to queue
[2024-07-03T15:14:26.348+0000] {logging_mixin.py:120} INFO - [2024-07-03T15:14:26.348+0000] {dagbag.py:537} INFO - Filling up the DagBag from /home/airflow/.local/lib/python3.7/site-packages/airflow/example_dags/example_branch_python_dop_operator_3.py
[2024-07-03T15:14:26.368+0000] {processor.py:766} INFO - DAG(s) dict_keys(['example_branch_dop_operator_v3']) retrieved from /home/airflow/.local/lib/python3.7/site-packages/airflow/example_dags/example_branch_python_dop_operator_3.py
[2024-07-03T15:14:26.404+0000] {logging_mixin.py:120} INFO - [2024-07-03T15:14:26.404+0000] {dag.py:2585} INFO - Sync 1 DAGs
[2024-07-03T15:14:26.428+0000] {logging_mixin.py:120} INFO - [2024-07-03T15:14:26.428+0000] {dag.py:3340} INFO - Setting next_dagrun for example_branch_dop_operator_v3 to 2024-07-03T15:13:00+00:00, run_after=2024-07-03T15:14:00+00:00
[2024-07-03T15:14:26.446+0000] {processor.py:176} INFO - Processing /home/airflow/.local/lib/python3.7/site-packages/airflow/example_dags/example_branch_python_dop_operator_3.py took 0.105 seconds
[2024-07-03T15:14:56.856+0000] {processor.py:154} INFO - Started process (PID=802) to work on /home/airflow/.local/lib/python3.7/site-packages/airflow/example_dags/example_branch_python_dop_operator_3.py
[2024-07-03T15:14:56.856+0000] {processor.py:756} INFO - Processing file /home/airflow/.local/lib/python3.7/site-packages/airflow/example_dags/example_branch_python_dop_operator_3.py for tasks to queue
[2024-07-03T15:14:56.857+0000] {logging_mixin.py:120} INFO - [2024-07-03T15:14:56.857+0000] {dagbag.py:537} INFO - Filling up the DagBag from /home/airflow/.local/lib/python3.7/site-packages/airflow/example_dags/example_branch_python_dop_operator_3.py
[2024-07-03T15:14:56.877+0000] {processor.py:766} INFO - DAG(s) dict_keys(['example_branch_dop_operator_v3']) retrieved from /home/airflow/.local/lib/python3.7/site-packages/airflow/example_dags/example_branch_python_dop_operator_3.py
[2024-07-03T15:14:56.913+0000] {logging_mixin.py:120} INFO - [2024-07-03T15:14:56.913+0000] {dag.py:2585} INFO - Sync 1 DAGs
[2024-07-03T15:14:56.936+0000] {logging_mixin.py:120} INFO - [2024-07-03T15:14:56.936+0000] {dag.py:3340} INFO - Setting next_dagrun for example_branch_dop_operator_v3 to 2024-07-03T15:13:00+00:00, run_after=2024-07-03T15:14:00+00:00
[2024-07-03T15:14:56.963+0000] {processor.py:176} INFO - Processing /home/airflow/.local/lib/python3.7/site-packages/airflow/example_dags/example_branch_python_dop_operator_3.py took 0.111 seconds
[2024-07-03T15:15:27.258+0000] {processor.py:154} INFO - Started process (PID=865) to work on /home/airflow/.local/lib/python3.7/site-packages/airflow/example_dags/example_branch_python_dop_operator_3.py
[2024-07-03T15:15:27.259+0000] {processor.py:756} INFO - Processing file /home/airflow/.local/lib/python3.7/site-packages/airflow/example_dags/example_branch_python_dop_operator_3.py for tasks to queue
[2024-07-03T15:15:27.260+0000] {logging_mixin.py:120} INFO - [2024-07-03T15:15:27.260+0000] {dagbag.py:537} INFO - Filling up the DagBag from /home/airflow/.local/lib/python3.7/site-packages/airflow/example_dags/example_branch_python_dop_operator_3.py
[2024-07-03T15:15:27.279+0000] {processor.py:766} INFO - DAG(s) dict_keys(['example_branch_dop_operator_v3']) retrieved from /home/airflow/.local/lib/python3.7/site-packages/airflow/example_dags/example_branch_python_dop_operator_3.py
[2024-07-03T15:15:27.320+0000] {logging_mixin.py:120} INFO - [2024-07-03T15:15:27.320+0000] {dag.py:2585} INFO - Sync 1 DAGs
[2024-07-03T15:15:27.359+0000] {logging_mixin.py:120} INFO - [2024-07-03T15:15:27.359+0000] {dag.py:3340} INFO - Setting next_dagrun for example_branch_dop_operator_v3 to 2024-07-03T15:14:00+00:00, run_after=2024-07-03T15:15:00+00:00
[2024-07-03T15:15:27.382+0000] {processor.py:176} INFO - Processing /home/airflow/.local/lib/python3.7/site-packages/airflow/example_dags/example_branch_python_dop_operator_3.py took 0.127 seconds
[2024-07-03T15:15:57.996+0000] {processor.py:154} INFO - Started process (PID=926) to work on /home/airflow/.local/lib/python3.7/site-packages/airflow/example_dags/example_branch_python_dop_operator_3.py
[2024-07-03T15:15:57.998+0000] {processor.py:756} INFO - Processing file /home/airflow/.local/lib/python3.7/site-packages/airflow/example_dags/example_branch_python_dop_operator_3.py for tasks to queue
[2024-07-03T15:15:57.999+0000] {logging_mixin.py:120} INFO - [2024-07-03T15:15:57.998+0000] {dagbag.py:537} INFO - Filling up the DagBag from /home/airflow/.local/lib/python3.7/site-packages/airflow/example_dags/example_branch_python_dop_operator_3.py
[2024-07-03T15:15:58.025+0000] {processor.py:766} INFO - DAG(s) dict_keys(['example_branch_dop_operator_v3']) retrieved from /home/airflow/.local/lib/python3.7/site-packages/airflow/example_dags/example_branch_python_dop_operator_3.py
[2024-07-03T15:15:58.086+0000] {logging_mixin.py:120} INFO - [2024-07-03T15:15:58.086+0000] {dag.py:2585} INFO - Sync 1 DAGs
[2024-07-03T15:15:58.124+0000] {logging_mixin.py:120} INFO - [2024-07-03T15:15:58.124+0000] {dag.py:3340} INFO - Setting next_dagrun for example_branch_dop_operator_v3 to 2024-07-03T15:14:00+00:00, run_after=2024-07-03T15:15:00+00:00
[2024-07-03T15:15:58.148+0000] {processor.py:176} INFO - Processing /home/airflow/.local/lib/python3.7/site-packages/airflow/example_dags/example_branch_python_dop_operator_3.py took 0.157 seconds
[2024-07-03T15:16:28.276+0000] {processor.py:154} INFO - Started process (PID=982) to work on /home/airflow/.local/lib/python3.7/site-packages/airflow/example_dags/example_branch_python_dop_operator_3.py
[2024-07-03T15:16:28.277+0000] {processor.py:756} INFO - Processing file /home/airflow/.local/lib/python3.7/site-packages/airflow/example_dags/example_branch_python_dop_operator_3.py for tasks to queue
[2024-07-03T15:16:28.277+0000] {logging_mixin.py:120} INFO - [2024-07-03T15:16:28.277+0000] {dagbag.py:537} INFO - Filling up the DagBag from /home/airflow/.local/lib/python3.7/site-packages/airflow/example_dags/example_branch_python_dop_operator_3.py
[2024-07-03T15:16:28.297+0000] {processor.py:766} INFO - DAG(s) dict_keys(['example_branch_dop_operator_v3']) retrieved from /home/airflow/.local/lib/python3.7/site-packages/airflow/example_dags/example_branch_python_dop_operator_3.py
[2024-07-03T15:16:28.332+0000] {logging_mixin.py:120} INFO - [2024-07-03T15:16:28.332+0000] {dag.py:2585} INFO - Sync 1 DAGs
[2024-07-03T15:16:28.365+0000] {logging_mixin.py:120} INFO - [2024-07-03T15:16:28.365+0000] {dag.py:3340} INFO - Setting next_dagrun for example_branch_dop_operator_v3 to 2024-07-03T15:15:00+00:00, run_after=2024-07-03T15:16:00+00:00
[2024-07-03T15:16:28.392+0000] {processor.py:176} INFO - Processing /home/airflow/.local/lib/python3.7/site-packages/airflow/example_dags/example_branch_python_dop_operator_3.py took 0.120 seconds
[2024-07-03T15:16:58.518+0000] {processor.py:154} INFO - Started process (PID=1044) to work on /home/airflow/.local/lib/python3.7/site-packages/airflow/example_dags/example_branch_python_dop_operator_3.py
[2024-07-03T15:16:58.519+0000] {processor.py:756} INFO - Processing file /home/airflow/.local/lib/python3.7/site-packages/airflow/example_dags/example_branch_python_dop_operator_3.py for tasks to queue
[2024-07-03T15:16:58.522+0000] {logging_mixin.py:120} INFO - [2024-07-03T15:16:58.522+0000] {dagbag.py:537} INFO - Filling up the DagBag from /home/airflow/.local/lib/python3.7/site-packages/airflow/example_dags/example_branch_python_dop_operator_3.py
[2024-07-03T15:16:58.543+0000] {processor.py:766} INFO - DAG(s) dict_keys(['example_branch_dop_operator_v3']) retrieved from /home/airflow/.local/lib/python3.7/site-packages/airflow/example_dags/example_branch_python_dop_operator_3.py
[2024-07-03T15:16:58.574+0000] {logging_mixin.py:120} INFO - [2024-07-03T15:16:58.574+0000] {dag.py:2585} INFO - Sync 1 DAGs
[2024-07-03T15:16:58.595+0000] {logging_mixin.py:120} INFO - [2024-07-03T15:16:58.595+0000] {dag.py:3340} INFO - Setting next_dagrun for example_branch_dop_operator_v3 to 2024-07-03T15:15:00+00:00, run_after=2024-07-03T15:16:00+00:00
[2024-07-03T15:16:58.609+0000] {processor.py:176} INFO - Processing /home/airflow/.local/lib/python3.7/site-packages/airflow/example_dags/example_branch_python_dop_operator_3.py took 0.093 seconds
[2024-07-03T15:17:29.149+0000] {processor.py:154} INFO - Started process (PID=1109) to work on /home/airflow/.local/lib/python3.7/site-packages/airflow/example_dags/example_branch_python_dop_operator_3.py
[2024-07-03T15:17:29.150+0000] {processor.py:756} INFO - Processing file /home/airflow/.local/lib/python3.7/site-packages/airflow/example_dags/example_branch_python_dop_operator_3.py for tasks to queue
[2024-07-03T15:17:29.152+0000] {logging_mixin.py:120} INFO - [2024-07-03T15:17:29.151+0000] {dagbag.py:537} INFO - Filling up the DagBag from /home/airflow/.local/lib/python3.7/site-packages/airflow/example_dags/example_branch_python_dop_operator_3.py
[2024-07-03T15:17:29.169+0000] {processor.py:766} INFO - DAG(s) dict_keys(['example_branch_dop_operator_v3']) retrieved from /home/airflow/.local/lib/python3.7/site-packages/airflow/example_dags/example_branch_python_dop_operator_3.py
[2024-07-03T15:17:29.199+0000] {logging_mixin.py:120} INFO - [2024-07-03T15:17:29.199+0000] {dag.py:2585} INFO - Sync 1 DAGs
[2024-07-03T15:17:29.234+0000] {logging_mixin.py:120} INFO - [2024-07-03T15:17:29.234+0000] {dag.py:3340} INFO - Setting next_dagrun for example_branch_dop_operator_v3 to 2024-07-03T15:16:00+00:00, run_after=2024-07-03T15:17:00+00:00
[2024-07-03T15:17:29.255+0000] {processor.py:176} INFO - Processing /home/airflow/.local/lib/python3.7/site-packages/airflow/example_dags/example_branch_python_dop_operator_3.py took 0.108 seconds
[2024-07-03T15:17:59.544+0000] {processor.py:154} INFO - Started process (PID=1163) to work on /home/airflow/.local/lib/python3.7/site-packages/airflow/example_dags/example_branch_python_dop_operator_3.py
[2024-07-03T15:17:59.545+0000] {processor.py:756} INFO - Processing file /home/airflow/.local/lib/python3.7/site-packages/airflow/example_dags/example_branch_python_dop_operator_3.py for tasks to queue
[2024-07-03T15:17:59.546+0000] {logging_mixin.py:120} INFO - [2024-07-03T15:17:59.546+0000] {dagbag.py:537} INFO - Filling up the DagBag from /home/airflow/.local/lib/python3.7/site-packages/airflow/example_dags/example_branch_python_dop_operator_3.py
[2024-07-03T15:17:59.564+0000] {processor.py:766} INFO - DAG(s) dict_keys(['example_branch_dop_operator_v3']) retrieved from /home/airflow/.local/lib/python3.7/site-packages/airflow/example_dags/example_branch_python_dop_operator_3.py
[2024-07-03T15:17:59.604+0000] {logging_mixin.py:120} INFO - [2024-07-03T15:17:59.604+0000] {dag.py:2585} INFO - Sync 1 DAGs
[2024-07-03T15:17:59.629+0000] {logging_mixin.py:120} INFO - [2024-07-03T15:17:59.629+0000] {dag.py:3340} INFO - Setting next_dagrun for example_branch_dop_operator_v3 to 2024-07-03T15:16:00+00:00, run_after=2024-07-03T15:17:00+00:00
[2024-07-03T15:17:59.655+0000] {processor.py:176} INFO - Processing /home/airflow/.local/lib/python3.7/site-packages/airflow/example_dags/example_branch_python_dop_operator_3.py took 0.113 seconds
[2024-07-03T15:18:29.733+0000] {processor.py:154} INFO - Started process (PID=1226) to work on /home/airflow/.local/lib/python3.7/site-packages/airflow/example_dags/example_branch_python_dop_operator_3.py
[2024-07-03T15:18:29.735+0000] {processor.py:756} INFO - Processing file /home/airflow/.local/lib/python3.7/site-packages/airflow/example_dags/example_branch_python_dop_operator_3.py for tasks to queue
[2024-07-03T15:18:29.737+0000] {logging_mixin.py:120} INFO - [2024-07-03T15:18:29.736+0000] {dagbag.py:537} INFO - Filling up the DagBag from /home/airflow/.local/lib/python3.7/site-packages/airflow/example_dags/example_branch_python_dop_operator_3.py
[2024-07-03T15:18:29.767+0000] {processor.py:766} INFO - DAG(s) dict_keys(['example_branch_dop_operator_v3']) retrieved from /home/airflow/.local/lib/python3.7/site-packages/airflow/example_dags/example_branch_python_dop_operator_3.py
[2024-07-03T15:18:29.807+0000] {logging_mixin.py:120} INFO - [2024-07-03T15:18:29.807+0000] {dag.py:2585} INFO - Sync 1 DAGs
[2024-07-03T15:18:29.839+0000] {logging_mixin.py:120} INFO - [2024-07-03T15:18:29.839+0000] {dag.py:3340} INFO - Setting next_dagrun for example_branch_dop_operator_v3 to 2024-07-03T15:17:00+00:00, run_after=2024-07-03T15:18:00+00:00
[2024-07-03T15:18:29.869+0000] {processor.py:176} INFO - Processing /home/airflow/.local/lib/python3.7/site-packages/airflow/example_dags/example_branch_python_dop_operator_3.py took 0.139 seconds
[2024-07-03T15:18:59.976+0000] {processor.py:154} INFO - Started process (PID=1289) to work on /home/airflow/.local/lib/python3.7/site-packages/airflow/example_dags/example_branch_python_dop_operator_3.py
[2024-07-03T15:18:59.977+0000] {processor.py:756} INFO - Processing file /home/airflow/.local/lib/python3.7/site-packages/airflow/example_dags/example_branch_python_dop_operator_3.py for tasks to queue
[2024-07-03T15:18:59.978+0000] {logging_mixin.py:120} INFO - [2024-07-03T15:18:59.978+0000] {dagbag.py:537} INFO - Filling up the DagBag from /home/airflow/.local/lib/python3.7/site-packages/airflow/example_dags/example_branch_python_dop_operator_3.py
[2024-07-03T15:18:59.997+0000] {processor.py:766} INFO - DAG(s) dict_keys(['example_branch_dop_operator_v3']) retrieved from /home/airflow/.local/lib/python3.7/site-packages/airflow/example_dags/example_branch_python_dop_operator_3.py
[2024-07-03T15:19:00.032+0000] {logging_mixin.py:120} INFO - [2024-07-03T15:19:00.032+0000] {dag.py:2585} INFO - Sync 1 DAGs
[2024-07-03T15:19:00.093+0000] {logging_mixin.py:120} INFO - [2024-07-03T15:19:00.093+0000] {dag.py:3340} INFO - Setting next_dagrun for example_branch_dop_operator_v3 to 2024-07-03T15:18:00+00:00, run_after=2024-07-03T15:19:00+00:00
[2024-07-03T15:19:00.119+0000] {processor.py:176} INFO - Processing /home/airflow/.local/lib/python3.7/site-packages/airflow/example_dags/example_branch_python_dop_operator_3.py took 0.145 seconds
[2024-07-03T15:19:30.161+0000] {processor.py:154} INFO - Started process (PID=1351) to work on /home/airflow/.local/lib/python3.7/site-packages/airflow/example_dags/example_branch_python_dop_operator_3.py
[2024-07-03T15:19:30.163+0000] {processor.py:756} INFO - Processing file /home/airflow/.local/lib/python3.7/site-packages/airflow/example_dags/example_branch_python_dop_operator_3.py for tasks to queue
[2024-07-03T15:19:30.164+0000] {logging_mixin.py:120} INFO - [2024-07-03T15:19:30.163+0000] {dagbag.py:537} INFO - Filling up the DagBag from /home/airflow/.local/lib/python3.7/site-packages/airflow/example_dags/example_branch_python_dop_operator_3.py
[2024-07-03T15:19:30.198+0000] {processor.py:766} INFO - DAG(s) dict_keys(['example_branch_dop_operator_v3']) retrieved from /home/airflow/.local/lib/python3.7/site-packages/airflow/example_dags/example_branch_python_dop_operator_3.py
[2024-07-03T15:19:30.245+0000] {logging_mixin.py:120} INFO - [2024-07-03T15:19:30.245+0000] {dag.py:2585} INFO - Sync 1 DAGs
[2024-07-03T15:19:30.284+0000] {logging_mixin.py:120} INFO - [2024-07-03T15:19:30.284+0000] {dag.py:3340} INFO - Setting next_dagrun for example_branch_dop_operator_v3 to 2024-07-03T15:18:00+00:00, run_after=2024-07-03T15:19:00+00:00
[2024-07-03T15:19:30.308+0000] {processor.py:176} INFO - Processing /home/airflow/.local/lib/python3.7/site-packages/airflow/example_dags/example_branch_python_dop_operator_3.py took 0.150 seconds
[2024-07-03T15:20:01.014+0000] {processor.py:154} INFO - Started process (PID=1409) to work on /home/airflow/.local/lib/python3.7/site-packages/airflow/example_dags/example_branch_python_dop_operator_3.py
[2024-07-03T15:20:01.015+0000] {processor.py:756} INFO - Processing file /home/airflow/.local/lib/python3.7/site-packages/airflow/example_dags/example_branch_python_dop_operator_3.py for tasks to queue
[2024-07-03T15:20:01.017+0000] {logging_mixin.py:120} INFO - [2024-07-03T15:20:01.017+0000] {dagbag.py:537} INFO - Filling up the DagBag from /home/airflow/.local/lib/python3.7/site-packages/airflow/example_dags/example_branch_python_dop_operator_3.py
[2024-07-03T15:20:01.036+0000] {processor.py:766} INFO - DAG(s) dict_keys(['example_branch_dop_operator_v3']) retrieved from /home/airflow/.local/lib/python3.7/site-packages/airflow/example_dags/example_branch_python_dop_operator_3.py
[2024-07-03T15:20:01.073+0000] {logging_mixin.py:120} INFO - [2024-07-03T15:20:01.073+0000] {dag.py:2585} INFO - Sync 1 DAGs
[2024-07-03T15:20:01.102+0000] {logging_mixin.py:120} INFO - [2024-07-03T15:20:01.102+0000] {dag.py:3340} INFO - Setting next_dagrun for example_branch_dop_operator_v3 to 2024-07-03T15:19:00+00:00, run_after=2024-07-03T15:20:00+00:00
[2024-07-03T15:20:01.119+0000] {processor.py:176} INFO - Processing /home/airflow/.local/lib/python3.7/site-packages/airflow/example_dags/example_branch_python_dop_operator_3.py took 0.107 seconds
[2024-07-03T15:20:32.047+0000] {processor.py:154} INFO - Started process (PID=1472) to work on /home/airflow/.local/lib/python3.7/site-packages/airflow/example_dags/example_branch_python_dop_operator_3.py
[2024-07-03T15:20:32.048+0000] {processor.py:756} INFO - Processing file /home/airflow/.local/lib/python3.7/site-packages/airflow/example_dags/example_branch_python_dop_operator_3.py for tasks to queue
[2024-07-03T15:20:32.048+0000] {logging_mixin.py:120} INFO - [2024-07-03T15:20:32.048+0000] {dagbag.py:537} INFO - Filling up the DagBag from /home/airflow/.local/lib/python3.7/site-packages/airflow/example_dags/example_branch_python_dop_operator_3.py
[2024-07-03T15:20:32.070+0000] {processor.py:766} INFO - DAG(s) dict_keys(['example_branch_dop_operator_v3']) retrieved from /home/airflow/.local/lib/python3.7/site-packages/airflow/example_dags/example_branch_python_dop_operator_3.py
[2024-07-03T15:20:32.110+0000] {logging_mixin.py:120} INFO - [2024-07-03T15:20:32.110+0000] {dag.py:2585} INFO - Sync 1 DAGs
[2024-07-03T15:20:32.133+0000] {logging_mixin.py:120} INFO - [2024-07-03T15:20:32.133+0000] {dag.py:3340} INFO - Setting next_dagrun for example_branch_dop_operator_v3 to 2024-07-03T15:19:00+00:00, run_after=2024-07-03T15:20:00+00:00
[2024-07-03T15:20:32.164+0000] {processor.py:176} INFO - Processing /home/airflow/.local/lib/python3.7/site-packages/airflow/example_dags/example_branch_python_dop_operator_3.py took 0.120 seconds
[2024-07-03T15:21:02.319+0000] {processor.py:154} INFO - Started process (PID=1536) to work on /home/airflow/.local/lib/python3.7/site-packages/airflow/example_dags/example_branch_python_dop_operator_3.py
[2024-07-03T15:21:02.320+0000] {processor.py:756} INFO - Processing file /home/airflow/.local/lib/python3.7/site-packages/airflow/example_dags/example_branch_python_dop_operator_3.py for tasks to queue
[2024-07-03T15:21:02.321+0000] {logging_mixin.py:120} INFO - [2024-07-03T15:21:02.321+0000] {dagbag.py:537} INFO - Filling up the DagBag from /home/airflow/.local/lib/python3.7/site-packages/airflow/example_dags/example_branch_python_dop_operator_3.py
[2024-07-03T15:21:02.344+0000] {processor.py:766} INFO - DAG(s) dict_keys(['example_branch_dop_operator_v3']) retrieved from /home/airflow/.local/lib/python3.7/site-packages/airflow/example_dags/example_branch_python_dop_operator_3.py
[2024-07-03T15:21:02.382+0000] {logging_mixin.py:120} INFO - [2024-07-03T15:21:02.381+0000] {dag.py:2585} INFO - Sync 1 DAGs
[2024-07-03T15:21:02.408+0000] {logging_mixin.py:120} INFO - [2024-07-03T15:21:02.407+0000] {dag.py:3340} INFO - Setting next_dagrun for example_branch_dop_operator_v3 to 2024-07-03T15:20:00+00:00, run_after=2024-07-03T15:21:00+00:00
[2024-07-03T15:21:02.424+0000] {processor.py:176} INFO - Processing /home/airflow/.local/lib/python3.7/site-packages/airflow/example_dags/example_branch_python_dop_operator_3.py took 0.107 seconds
[2024-07-03T15:21:32.536+0000] {processor.py:154} INFO - Started process (PID=1599) to work on /home/airflow/.local/lib/python3.7/site-packages/airflow/example_dags/example_branch_python_dop_operator_3.py
[2024-07-03T15:21:32.538+0000] {processor.py:756} INFO - Processing file /home/airflow/.local/lib/python3.7/site-packages/airflow/example_dags/example_branch_python_dop_operator_3.py for tasks to queue
[2024-07-03T15:21:32.538+0000] {logging_mixin.py:120} INFO - [2024-07-03T15:21:32.538+0000] {dagbag.py:537} INFO - Filling up the DagBag from /home/airflow/.local/lib/python3.7/site-packages/airflow/example_dags/example_branch_python_dop_operator_3.py
[2024-07-03T15:21:32.562+0000] {processor.py:766} INFO - DAG(s) dict_keys(['example_branch_dop_operator_v3']) retrieved from /home/airflow/.local/lib/python3.7/site-packages/airflow/example_dags/example_branch_python_dop_operator_3.py
[2024-07-03T15:21:32.610+0000] {logging_mixin.py:120} INFO - [2024-07-03T15:21:32.610+0000] {dag.py:2585} INFO - Sync 1 DAGs
[2024-07-03T15:21:32.638+0000] {logging_mixin.py:120} INFO - [2024-07-03T15:21:32.638+0000] {dag.py:3340} INFO - Setting next_dagrun for example_branch_dop_operator_v3 to 2024-07-03T15:20:00+00:00, run_after=2024-07-03T15:21:00+00:00
[2024-07-03T15:21:32.665+0000] {processor.py:176} INFO - Processing /home/airflow/.local/lib/python3.7/site-packages/airflow/example_dags/example_branch_python_dop_operator_3.py took 0.131 seconds
[2024-07-03T15:22:02.831+0000] {processor.py:154} INFO - Started process (PID=1655) to work on /home/airflow/.local/lib/python3.7/site-packages/airflow/example_dags/example_branch_python_dop_operator_3.py
[2024-07-03T15:22:02.833+0000] {processor.py:756} INFO - Processing file /home/airflow/.local/lib/python3.7/site-packages/airflow/example_dags/example_branch_python_dop_operator_3.py for tasks to queue
[2024-07-03T15:22:02.835+0000] {logging_mixin.py:120} INFO - [2024-07-03T15:22:02.834+0000] {dagbag.py:537} INFO - Filling up the DagBag from /home/airflow/.local/lib/python3.7/site-packages/airflow/example_dags/example_branch_python_dop_operator_3.py
[2024-07-03T15:22:02.856+0000] {processor.py:766} INFO - DAG(s) dict_keys(['example_branch_dop_operator_v3']) retrieved from /home/airflow/.local/lib/python3.7/site-packages/airflow/example_dags/example_branch_python_dop_operator_3.py
[2024-07-03T15:22:02.889+0000] {logging_mixin.py:120} INFO - [2024-07-03T15:22:02.888+0000] {dag.py:2585} INFO - Sync 1 DAGs
[2024-07-03T15:22:02.914+0000] {logging_mixin.py:120} INFO - [2024-07-03T15:22:02.914+0000] {dag.py:3340} INFO - Setting next_dagrun for example_branch_dop_operator_v3 to 2024-07-03T15:21:00+00:00, run_after=2024-07-03T15:22:00+00:00
[2024-07-03T15:22:02.930+0000] {processor.py:176} INFO - Processing /home/airflow/.local/lib/python3.7/site-packages/airflow/example_dags/example_branch_python_dop_operator_3.py took 0.115 seconds
[2024-07-03T15:22:33.080+0000] {processor.py:154} INFO - Started process (PID=1719) to work on /home/airflow/.local/lib/python3.7/site-packages/airflow/example_dags/example_branch_python_dop_operator_3.py
[2024-07-03T15:22:33.081+0000] {processor.py:756} INFO - Processing file /home/airflow/.local/lib/python3.7/site-packages/airflow/example_dags/example_branch_python_dop_operator_3.py for tasks to queue
[2024-07-03T15:22:33.082+0000] {logging_mixin.py:120} INFO - [2024-07-03T15:22:33.082+0000] {dagbag.py:537} INFO - Filling up the DagBag from /home/airflow/.local/lib/python3.7/site-packages/airflow/example_dags/example_branch_python_dop_operator_3.py
[2024-07-03T15:22:33.102+0000] {processor.py:766} INFO - DAG(s) dict_keys(['example_branch_dop_operator_v3']) retrieved from /home/airflow/.local/lib/python3.7/site-packages/airflow/example_dags/example_branch_python_dop_operator_3.py
[2024-07-03T15:22:33.133+0000] {logging_mixin.py:120} INFO - [2024-07-03T15:22:33.133+0000] {dag.py:2585} INFO - Sync 1 DAGs
[2024-07-03T15:22:33.164+0000] {logging_mixin.py:120} INFO - [2024-07-03T15:22:33.164+0000] {dag.py:3340} INFO - Setting next_dagrun for example_branch_dop_operator_v3 to 2024-07-03T15:21:00+00:00, run_after=2024-07-03T15:22:00+00:00
[2024-07-03T15:22:33.190+0000] {processor.py:176} INFO - Processing /home/airflow/.local/lib/python3.7/site-packages/airflow/example_dags/example_branch_python_dop_operator_3.py took 0.112 seconds
[2024-07-03T15:23:04.097+0000] {processor.py:154} INFO - Started process (PID=1785) to work on /home/airflow/.local/lib/python3.7/site-packages/airflow/example_dags/example_branch_python_dop_operator_3.py
[2024-07-03T15:23:04.098+0000] {processor.py:756} INFO - Processing file /home/airflow/.local/lib/python3.7/site-packages/airflow/example_dags/example_branch_python_dop_operator_3.py for tasks to queue
[2024-07-03T15:23:04.098+0000] {logging_mixin.py:120} INFO - [2024-07-03T15:23:04.098+0000] {dagbag.py:537} INFO - Filling up the DagBag from /home/airflow/.local/lib/python3.7/site-packages/airflow/example_dags/example_branch_python_dop_operator_3.py
[2024-07-03T15:23:04.121+0000] {processor.py:766} INFO - DAG(s) dict_keys(['example_branch_dop_operator_v3']) retrieved from /home/airflow/.local/lib/python3.7/site-packages/airflow/example_dags/example_branch_python_dop_operator_3.py
[2024-07-03T15:23:04.160+0000] {logging_mixin.py:120} INFO - [2024-07-03T15:23:04.160+0000] {dag.py:2585} INFO - Sync 1 DAGs
[2024-07-03T15:23:04.185+0000] {logging_mixin.py:120} INFO - [2024-07-03T15:23:04.185+0000] {dag.py:3340} INFO - Setting next_dagrun for example_branch_dop_operator_v3 to 2024-07-03T15:22:00+00:00, run_after=2024-07-03T15:23:00+00:00
[2024-07-03T15:23:04.201+0000] {processor.py:176} INFO - Processing /home/airflow/.local/lib/python3.7/site-packages/airflow/example_dags/example_branch_python_dop_operator_3.py took 0.106 seconds
[2024-07-03T15:23:34.264+0000] {processor.py:154} INFO - Started process (PID=1850) to work on /home/airflow/.local/lib/python3.7/site-packages/airflow/example_dags/example_branch_python_dop_operator_3.py
[2024-07-03T15:23:34.264+0000] {processor.py:756} INFO - Processing file /home/airflow/.local/lib/python3.7/site-packages/airflow/example_dags/example_branch_python_dop_operator_3.py for tasks to queue
[2024-07-03T15:23:34.265+0000] {logging_mixin.py:120} INFO - [2024-07-03T15:23:34.265+0000] {dagbag.py:537} INFO - Filling up the DagBag from /home/airflow/.local/lib/python3.7/site-packages/airflow/example_dags/example_branch_python_dop_operator_3.py
[2024-07-03T15:23:34.288+0000] {processor.py:766} INFO - DAG(s) dict_keys(['example_branch_dop_operator_v3']) retrieved from /home/airflow/.local/lib/python3.7/site-packages/airflow/example_dags/example_branch_python_dop_operator_3.py
[2024-07-03T15:23:34.329+0000] {logging_mixin.py:120} INFO - [2024-07-03T15:23:34.328+0000] {dag.py:2585} INFO - Sync 1 DAGs
[2024-07-03T15:23:34.363+0000] {logging_mixin.py:120} INFO - [2024-07-03T15:23:34.363+0000] {dag.py:3340} INFO - Setting next_dagrun for example_branch_dop_operator_v3 to 2024-07-03T15:22:00+00:00, run_after=2024-07-03T15:23:00+00:00
[2024-07-03T15:23:34.387+0000] {processor.py:176} INFO - Processing /home/airflow/.local/lib/python3.7/site-packages/airflow/example_dags/example_branch_python_dop_operator_3.py took 0.127 seconds
