[2024-07-03T15:08:52.030+0000] {processor.py:154} INFO - Started process (PID=87) to work on /home/airflow/.local/lib/python3.7/site-packages/airflow/example_dags/example_nested_branch_dag.py
[2024-07-03T15:08:52.032+0000] {processor.py:756} INFO - Processing file /home/airflow/.local/lib/python3.7/site-packages/airflow/example_dags/example_nested_branch_dag.py for tasks to queue
[2024-07-03T15:08:52.033+0000] {logging_mixin.py:120} INFO - [2024-07-03T15:08:52.033+0000] {dagbag.py:537} INFO - Filling up the DagBag from /home/airflow/.local/lib/python3.7/site-packages/airflow/example_dags/example_nested_branch_dag.py
[2024-07-03T15:08:52.077+0000] {processor.py:766} INFO - DAG(s) dict_keys(['example_nested_branch_dag']) retrieved from /home/airflow/.local/lib/python3.7/site-packages/airflow/example_dags/example_nested_branch_dag.py
[2024-07-03T15:08:52.303+0000] {logging_mixin.py:120} INFO - [2024-07-03T15:08:52.303+0000] {manager.py:507} INFO - Created Permission View: can delete on DAG:example_nested_branch_dag
[2024-07-03T15:08:52.320+0000] {logging_mixin.py:120} INFO - [2024-07-03T15:08:52.320+0000] {manager.py:507} INFO - Created Permission View: can edit on DAG:example_nested_branch_dag
[2024-07-03T15:08:52.332+0000] {logging_mixin.py:120} INFO - [2024-07-03T15:08:52.332+0000] {manager.py:507} INFO - Created Permission View: can read on DAG:example_nested_branch_dag
[2024-07-03T15:08:52.334+0000] {logging_mixin.py:120} INFO - [2024-07-03T15:08:52.333+0000] {dag.py:2585} INFO - Sync 1 DAGs
[2024-07-03T15:08:52.354+0000] {logging_mixin.py:120} INFO - [2024-07-03T15:08:52.354+0000] {dag.py:2606} INFO - Creating ORM DAG for example_nested_branch_dag
[2024-07-03T15:08:52.377+0000] {logging_mixin.py:120} INFO - [2024-07-03T15:08:52.376+0000] {dag.py:3340} INFO - Setting next_dagrun for example_nested_branch_dag to 2024-07-02T00:00:00+00:00, run_after=2024-07-03T00:00:00+00:00
[2024-07-03T15:08:52.411+0000] {processor.py:176} INFO - Processing /home/airflow/.local/lib/python3.7/site-packages/airflow/example_dags/example_nested_branch_dag.py took 0.386 seconds
[2024-07-03T15:09:23.003+0000] {processor.py:154} INFO - Started process (PID=150) to work on /home/airflow/.local/lib/python3.7/site-packages/airflow/example_dags/example_nested_branch_dag.py
[2024-07-03T15:09:23.005+0000] {processor.py:756} INFO - Processing file /home/airflow/.local/lib/python3.7/site-packages/airflow/example_dags/example_nested_branch_dag.py for tasks to queue
[2024-07-03T15:09:23.006+0000] {logging_mixin.py:120} INFO - [2024-07-03T15:09:23.006+0000] {dagbag.py:537} INFO - Filling up the DagBag from /home/airflow/.local/lib/python3.7/site-packages/airflow/example_dags/example_nested_branch_dag.py
[2024-07-03T15:09:23.042+0000] {processor.py:766} INFO - DAG(s) dict_keys(['example_nested_branch_dag']) retrieved from /home/airflow/.local/lib/python3.7/site-packages/airflow/example_dags/example_nested_branch_dag.py
[2024-07-03T15:09:23.082+0000] {logging_mixin.py:120} INFO - [2024-07-03T15:09:23.082+0000] {dag.py:2585} INFO - Sync 1 DAGs
[2024-07-03T15:09:23.107+0000] {logging_mixin.py:120} INFO - [2024-07-03T15:09:23.107+0000] {dag.py:3340} INFO - Setting next_dagrun for example_nested_branch_dag to 2024-07-02T00:00:00+00:00, run_after=2024-07-03T00:00:00+00:00
[2024-07-03T15:09:23.125+0000] {processor.py:176} INFO - Processing /home/airflow/.local/lib/python3.7/site-packages/airflow/example_dags/example_nested_branch_dag.py took 0.125 seconds
[2024-07-03T15:09:53.363+0000] {processor.py:154} INFO - Started process (PID=214) to work on /home/airflow/.local/lib/python3.7/site-packages/airflow/example_dags/example_nested_branch_dag.py
[2024-07-03T15:09:53.364+0000] {processor.py:756} INFO - Processing file /home/airflow/.local/lib/python3.7/site-packages/airflow/example_dags/example_nested_branch_dag.py for tasks to queue
[2024-07-03T15:09:53.368+0000] {logging_mixin.py:120} INFO - [2024-07-03T15:09:53.368+0000] {dagbag.py:537} INFO - Filling up the DagBag from /home/airflow/.local/lib/python3.7/site-packages/airflow/example_dags/example_nested_branch_dag.py
[2024-07-03T15:09:53.390+0000] {processor.py:766} INFO - DAG(s) dict_keys(['example_nested_branch_dag']) retrieved from /home/airflow/.local/lib/python3.7/site-packages/airflow/example_dags/example_nested_branch_dag.py
[2024-07-03T15:09:53.425+0000] {logging_mixin.py:120} INFO - [2024-07-03T15:09:53.425+0000] {dag.py:2585} INFO - Sync 1 DAGs
[2024-07-03T15:09:53.452+0000] {logging_mixin.py:120} INFO - [2024-07-03T15:09:53.451+0000] {dag.py:3340} INFO - Setting next_dagrun for example_nested_branch_dag to 2024-07-02T00:00:00+00:00, run_after=2024-07-03T00:00:00+00:00
[2024-07-03T15:09:53.472+0000] {processor.py:176} INFO - Processing /home/airflow/.local/lib/python3.7/site-packages/airflow/example_dags/example_nested_branch_dag.py took 0.111 seconds
[2024-07-03T15:10:23.734+0000] {processor.py:154} INFO - Started process (PID=268) to work on /home/airflow/.local/lib/python3.7/site-packages/airflow/example_dags/example_nested_branch_dag.py
[2024-07-03T15:10:23.736+0000] {processor.py:756} INFO - Processing file /home/airflow/.local/lib/python3.7/site-packages/airflow/example_dags/example_nested_branch_dag.py for tasks to queue
[2024-07-03T15:10:23.737+0000] {logging_mixin.py:120} INFO - [2024-07-03T15:10:23.737+0000] {dagbag.py:537} INFO - Filling up the DagBag from /home/airflow/.local/lib/python3.7/site-packages/airflow/example_dags/example_nested_branch_dag.py
[2024-07-03T15:10:23.773+0000] {processor.py:766} INFO - DAG(s) dict_keys(['example_nested_branch_dag']) retrieved from /home/airflow/.local/lib/python3.7/site-packages/airflow/example_dags/example_nested_branch_dag.py
[2024-07-03T15:10:23.818+0000] {logging_mixin.py:120} INFO - [2024-07-03T15:10:23.817+0000] {dag.py:2585} INFO - Sync 1 DAGs
[2024-07-03T15:10:23.844+0000] {logging_mixin.py:120} INFO - [2024-07-03T15:10:23.844+0000] {dag.py:3340} INFO - Setting next_dagrun for example_nested_branch_dag to 2024-07-02T00:00:00+00:00, run_after=2024-07-03T00:00:00+00:00
[2024-07-03T15:10:23.865+0000] {processor.py:176} INFO - Processing /home/airflow/.local/lib/python3.7/site-packages/airflow/example_dags/example_nested_branch_dag.py took 0.134 seconds
[2024-07-03T15:10:54.060+0000] {processor.py:154} INFO - Started process (PID=331) to work on /home/airflow/.local/lib/python3.7/site-packages/airflow/example_dags/example_nested_branch_dag.py
[2024-07-03T15:10:54.063+0000] {processor.py:756} INFO - Processing file /home/airflow/.local/lib/python3.7/site-packages/airflow/example_dags/example_nested_branch_dag.py for tasks to queue
[2024-07-03T15:10:54.064+0000] {logging_mixin.py:120} INFO - [2024-07-03T15:10:54.064+0000] {dagbag.py:537} INFO - Filling up the DagBag from /home/airflow/.local/lib/python3.7/site-packages/airflow/example_dags/example_nested_branch_dag.py
[2024-07-03T15:10:54.089+0000] {processor.py:766} INFO - DAG(s) dict_keys(['example_nested_branch_dag']) retrieved from /home/airflow/.local/lib/python3.7/site-packages/airflow/example_dags/example_nested_branch_dag.py
[2024-07-03T15:10:54.129+0000] {logging_mixin.py:120} INFO - [2024-07-03T15:10:54.129+0000] {dag.py:2585} INFO - Sync 1 DAGs
[2024-07-03T15:10:54.150+0000] {logging_mixin.py:120} INFO - [2024-07-03T15:10:54.150+0000] {dag.py:3340} INFO - Setting next_dagrun for example_nested_branch_dag to 2024-07-02T00:00:00+00:00, run_after=2024-07-03T00:00:00+00:00
[2024-07-03T15:10:54.171+0000] {processor.py:176} INFO - Processing /home/airflow/.local/lib/python3.7/site-packages/airflow/example_dags/example_nested_branch_dag.py took 0.117 seconds
[2024-07-03T15:11:24.764+0000] {processor.py:154} INFO - Started process (PID=394) to work on /home/airflow/.local/lib/python3.7/site-packages/airflow/example_dags/example_nested_branch_dag.py
[2024-07-03T15:11:24.765+0000] {processor.py:756} INFO - Processing file /home/airflow/.local/lib/python3.7/site-packages/airflow/example_dags/example_nested_branch_dag.py for tasks to queue
[2024-07-03T15:11:24.777+0000] {logging_mixin.py:120} INFO - [2024-07-03T15:11:24.777+0000] {dagbag.py:537} INFO - Filling up the DagBag from /home/airflow/.local/lib/python3.7/site-packages/airflow/example_dags/example_nested_branch_dag.py
[2024-07-03T15:11:24.812+0000] {processor.py:766} INFO - DAG(s) dict_keys(['example_nested_branch_dag']) retrieved from /home/airflow/.local/lib/python3.7/site-packages/airflow/example_dags/example_nested_branch_dag.py
[2024-07-03T15:11:24.854+0000] {logging_mixin.py:120} INFO - [2024-07-03T15:11:24.854+0000] {dag.py:2585} INFO - Sync 1 DAGs
[2024-07-03T15:11:24.877+0000] {logging_mixin.py:120} INFO - [2024-07-03T15:11:24.877+0000] {dag.py:3340} INFO - Setting next_dagrun for example_nested_branch_dag to 2024-07-02T00:00:00+00:00, run_after=2024-07-03T00:00:00+00:00
[2024-07-03T15:11:24.900+0000] {processor.py:176} INFO - Processing /home/airflow/.local/lib/python3.7/site-packages/airflow/example_dags/example_nested_branch_dag.py took 0.138 seconds
[2024-07-03T15:11:55.275+0000] {processor.py:154} INFO - Started process (PID=458) to work on /home/airflow/.local/lib/python3.7/site-packages/airflow/example_dags/example_nested_branch_dag.py
[2024-07-03T15:11:55.276+0000] {processor.py:756} INFO - Processing file /home/airflow/.local/lib/python3.7/site-packages/airflow/example_dags/example_nested_branch_dag.py for tasks to queue
[2024-07-03T15:11:55.277+0000] {logging_mixin.py:120} INFO - [2024-07-03T15:11:55.277+0000] {dagbag.py:537} INFO - Filling up the DagBag from /home/airflow/.local/lib/python3.7/site-packages/airflow/example_dags/example_nested_branch_dag.py
[2024-07-03T15:11:55.302+0000] {processor.py:766} INFO - DAG(s) dict_keys(['example_nested_branch_dag']) retrieved from /home/airflow/.local/lib/python3.7/site-packages/airflow/example_dags/example_nested_branch_dag.py
[2024-07-03T15:11:55.341+0000] {logging_mixin.py:120} INFO - [2024-07-03T15:11:55.341+0000] {dag.py:2585} INFO - Sync 1 DAGs
[2024-07-03T15:11:55.369+0000] {logging_mixin.py:120} INFO - [2024-07-03T15:11:55.368+0000] {dag.py:3340} INFO - Setting next_dagrun for example_nested_branch_dag to 2024-07-02T00:00:00+00:00, run_after=2024-07-03T00:00:00+00:00
[2024-07-03T15:11:55.387+0000] {processor.py:176} INFO - Processing /home/airflow/.local/lib/python3.7/site-packages/airflow/example_dags/example_nested_branch_dag.py took 0.114 seconds
[2024-07-03T15:12:25.473+0000] {processor.py:154} INFO - Started process (PID=512) to work on /home/airflow/.local/lib/python3.7/site-packages/airflow/example_dags/example_nested_branch_dag.py
[2024-07-03T15:12:25.475+0000] {processor.py:756} INFO - Processing file /home/airflow/.local/lib/python3.7/site-packages/airflow/example_dags/example_nested_branch_dag.py for tasks to queue
[2024-07-03T15:12:25.475+0000] {logging_mixin.py:120} INFO - [2024-07-03T15:12:25.475+0000] {dagbag.py:537} INFO - Filling up the DagBag from /home/airflow/.local/lib/python3.7/site-packages/airflow/example_dags/example_nested_branch_dag.py
[2024-07-03T15:12:25.496+0000] {processor.py:766} INFO - DAG(s) dict_keys(['example_nested_branch_dag']) retrieved from /home/airflow/.local/lib/python3.7/site-packages/airflow/example_dags/example_nested_branch_dag.py
[2024-07-03T15:12:25.544+0000] {logging_mixin.py:120} INFO - [2024-07-03T15:12:25.544+0000] {dag.py:2585} INFO - Sync 1 DAGs
[2024-07-03T15:12:25.584+0000] {logging_mixin.py:120} INFO - [2024-07-03T15:12:25.583+0000] {dag.py:3340} INFO - Setting next_dagrun for example_nested_branch_dag to 2024-07-02T00:00:00+00:00, run_after=2024-07-03T00:00:00+00:00
[2024-07-03T15:12:25.618+0000] {processor.py:176} INFO - Processing /home/airflow/.local/lib/python3.7/site-packages/airflow/example_dags/example_nested_branch_dag.py took 0.147 seconds
[2024-07-03T15:12:55.680+0000] {processor.py:154} INFO - Started process (PID=575) to work on /home/airflow/.local/lib/python3.7/site-packages/airflow/example_dags/example_nested_branch_dag.py
[2024-07-03T15:12:55.682+0000] {processor.py:756} INFO - Processing file /home/airflow/.local/lib/python3.7/site-packages/airflow/example_dags/example_nested_branch_dag.py for tasks to queue
[2024-07-03T15:12:55.682+0000] {logging_mixin.py:120} INFO - [2024-07-03T15:12:55.682+0000] {dagbag.py:537} INFO - Filling up the DagBag from /home/airflow/.local/lib/python3.7/site-packages/airflow/example_dags/example_nested_branch_dag.py
[2024-07-03T15:12:55.701+0000] {processor.py:766} INFO - DAG(s) dict_keys(['example_nested_branch_dag']) retrieved from /home/airflow/.local/lib/python3.7/site-packages/airflow/example_dags/example_nested_branch_dag.py
[2024-07-03T15:12:55.737+0000] {logging_mixin.py:120} INFO - [2024-07-03T15:12:55.737+0000] {dag.py:2585} INFO - Sync 1 DAGs
[2024-07-03T15:12:55.756+0000] {logging_mixin.py:120} INFO - [2024-07-03T15:12:55.756+0000] {dag.py:3340} INFO - Setting next_dagrun for example_nested_branch_dag to 2024-07-02T00:00:00+00:00, run_after=2024-07-03T00:00:00+00:00
[2024-07-03T15:12:55.770+0000] {processor.py:176} INFO - Processing /home/airflow/.local/lib/python3.7/site-packages/airflow/example_dags/example_nested_branch_dag.py took 0.093 seconds
[2024-07-03T15:13:26.055+0000] {processor.py:154} INFO - Started process (PID=638) to work on /home/airflow/.local/lib/python3.7/site-packages/airflow/example_dags/example_nested_branch_dag.py
[2024-07-03T15:13:26.056+0000] {processor.py:756} INFO - Processing file /home/airflow/.local/lib/python3.7/site-packages/airflow/example_dags/example_nested_branch_dag.py for tasks to queue
[2024-07-03T15:13:26.057+0000] {logging_mixin.py:120} INFO - [2024-07-03T15:13:26.057+0000] {dagbag.py:537} INFO - Filling up the DagBag from /home/airflow/.local/lib/python3.7/site-packages/airflow/example_dags/example_nested_branch_dag.py
[2024-07-03T15:13:26.087+0000] {processor.py:766} INFO - DAG(s) dict_keys(['example_nested_branch_dag']) retrieved from /home/airflow/.local/lib/python3.7/site-packages/airflow/example_dags/example_nested_branch_dag.py
[2024-07-03T15:13:26.125+0000] {logging_mixin.py:120} INFO - [2024-07-03T15:13:26.125+0000] {dag.py:2585} INFO - Sync 1 DAGs
[2024-07-03T15:13:26.152+0000] {logging_mixin.py:120} INFO - [2024-07-03T15:13:26.152+0000] {dag.py:3340} INFO - Setting next_dagrun for example_nested_branch_dag to 2024-07-02T00:00:00+00:00, run_after=2024-07-03T00:00:00+00:00
[2024-07-03T15:13:26.184+0000] {processor.py:176} INFO - Processing /home/airflow/.local/lib/python3.7/site-packages/airflow/example_dags/example_nested_branch_dag.py took 0.132 seconds
[2024-07-03T15:13:56.854+0000] {processor.py:154} INFO - Started process (PID=701) to work on /home/airflow/.local/lib/python3.7/site-packages/airflow/example_dags/example_nested_branch_dag.py
[2024-07-03T15:13:56.855+0000] {processor.py:756} INFO - Processing file /home/airflow/.local/lib/python3.7/site-packages/airflow/example_dags/example_nested_branch_dag.py for tasks to queue
[2024-07-03T15:13:56.856+0000] {logging_mixin.py:120} INFO - [2024-07-03T15:13:56.856+0000] {dagbag.py:537} INFO - Filling up the DagBag from /home/airflow/.local/lib/python3.7/site-packages/airflow/example_dags/example_nested_branch_dag.py
[2024-07-03T15:13:56.877+0000] {processor.py:766} INFO - DAG(s) dict_keys(['example_nested_branch_dag']) retrieved from /home/airflow/.local/lib/python3.7/site-packages/airflow/example_dags/example_nested_branch_dag.py
[2024-07-03T15:13:56.912+0000] {logging_mixin.py:120} INFO - [2024-07-03T15:13:56.912+0000] {dag.py:2585} INFO - Sync 1 DAGs
[2024-07-03T15:13:56.936+0000] {logging_mixin.py:120} INFO - [2024-07-03T15:13:56.936+0000] {dag.py:3340} INFO - Setting next_dagrun for example_nested_branch_dag to 2024-07-02T00:00:00+00:00, run_after=2024-07-03T00:00:00+00:00
[2024-07-03T15:13:56.955+0000] {processor.py:176} INFO - Processing /home/airflow/.local/lib/python3.7/site-packages/airflow/example_dags/example_nested_branch_dag.py took 0.104 seconds
[2024-07-03T15:14:27.443+0000] {processor.py:154} INFO - Started process (PID=755) to work on /home/airflow/.local/lib/python3.7/site-packages/airflow/example_dags/example_nested_branch_dag.py
[2024-07-03T15:14:27.444+0000] {processor.py:756} INFO - Processing file /home/airflow/.local/lib/python3.7/site-packages/airflow/example_dags/example_nested_branch_dag.py for tasks to queue
[2024-07-03T15:14:27.445+0000] {logging_mixin.py:120} INFO - [2024-07-03T15:14:27.445+0000] {dagbag.py:537} INFO - Filling up the DagBag from /home/airflow/.local/lib/python3.7/site-packages/airflow/example_dags/example_nested_branch_dag.py
[2024-07-03T15:14:27.463+0000] {processor.py:766} INFO - DAG(s) dict_keys(['example_nested_branch_dag']) retrieved from /home/airflow/.local/lib/python3.7/site-packages/airflow/example_dags/example_nested_branch_dag.py
[2024-07-03T15:14:27.495+0000] {logging_mixin.py:120} INFO - [2024-07-03T15:14:27.495+0000] {dag.py:2585} INFO - Sync 1 DAGs
[2024-07-03T15:14:27.517+0000] {logging_mixin.py:120} INFO - [2024-07-03T15:14:27.517+0000] {dag.py:3340} INFO - Setting next_dagrun for example_nested_branch_dag to 2024-07-02T00:00:00+00:00, run_after=2024-07-03T00:00:00+00:00
[2024-07-03T15:14:27.533+0000] {processor.py:176} INFO - Processing /home/airflow/.local/lib/python3.7/site-packages/airflow/example_dags/example_nested_branch_dag.py took 0.092 seconds
[2024-07-03T15:14:58.548+0000] {processor.py:154} INFO - Started process (PID=818) to work on /home/airflow/.local/lib/python3.7/site-packages/airflow/example_dags/example_nested_branch_dag.py
[2024-07-03T15:14:58.549+0000] {processor.py:756} INFO - Processing file /home/airflow/.local/lib/python3.7/site-packages/airflow/example_dags/example_nested_branch_dag.py for tasks to queue
[2024-07-03T15:14:58.550+0000] {logging_mixin.py:120} INFO - [2024-07-03T15:14:58.550+0000] {dagbag.py:537} INFO - Filling up the DagBag from /home/airflow/.local/lib/python3.7/site-packages/airflow/example_dags/example_nested_branch_dag.py
[2024-07-03T15:14:58.568+0000] {processor.py:766} INFO - DAG(s) dict_keys(['example_nested_branch_dag']) retrieved from /home/airflow/.local/lib/python3.7/site-packages/airflow/example_dags/example_nested_branch_dag.py
[2024-07-03T15:14:58.601+0000] {logging_mixin.py:120} INFO - [2024-07-03T15:14:58.601+0000] {dag.py:2585} INFO - Sync 1 DAGs
[2024-07-03T15:14:58.622+0000] {logging_mixin.py:120} INFO - [2024-07-03T15:14:58.622+0000] {dag.py:3340} INFO - Setting next_dagrun for example_nested_branch_dag to 2024-07-02T00:00:00+00:00, run_after=2024-07-03T00:00:00+00:00
[2024-07-03T15:14:58.643+0000] {processor.py:176} INFO - Processing /home/airflow/.local/lib/python3.7/site-packages/airflow/example_dags/example_nested_branch_dag.py took 0.097 seconds
[2024-07-03T15:15:28.888+0000] {processor.py:154} INFO - Started process (PID=881) to work on /home/airflow/.local/lib/python3.7/site-packages/airflow/example_dags/example_nested_branch_dag.py
[2024-07-03T15:15:28.890+0000] {processor.py:756} INFO - Processing file /home/airflow/.local/lib/python3.7/site-packages/airflow/example_dags/example_nested_branch_dag.py for tasks to queue
[2024-07-03T15:15:28.891+0000] {logging_mixin.py:120} INFO - [2024-07-03T15:15:28.891+0000] {dagbag.py:537} INFO - Filling up the DagBag from /home/airflow/.local/lib/python3.7/site-packages/airflow/example_dags/example_nested_branch_dag.py
[2024-07-03T15:15:28.916+0000] {processor.py:766} INFO - DAG(s) dict_keys(['example_nested_branch_dag']) retrieved from /home/airflow/.local/lib/python3.7/site-packages/airflow/example_dags/example_nested_branch_dag.py
[2024-07-03T15:15:28.974+0000] {logging_mixin.py:120} INFO - [2024-07-03T15:15:28.974+0000] {dag.py:2585} INFO - Sync 1 DAGs
[2024-07-03T15:15:29.000+0000] {logging_mixin.py:120} INFO - [2024-07-03T15:15:29.000+0000] {dag.py:3340} INFO - Setting next_dagrun for example_nested_branch_dag to 2024-07-02T00:00:00+00:00, run_after=2024-07-03T00:00:00+00:00
[2024-07-03T15:15:29.023+0000] {processor.py:176} INFO - Processing /home/airflow/.local/lib/python3.7/site-packages/airflow/example_dags/example_nested_branch_dag.py took 0.139 seconds
[2024-07-03T15:15:59.668+0000] {processor.py:154} INFO - Started process (PID=944) to work on /home/airflow/.local/lib/python3.7/site-packages/airflow/example_dags/example_nested_branch_dag.py
[2024-07-03T15:15:59.668+0000] {processor.py:756} INFO - Processing file /home/airflow/.local/lib/python3.7/site-packages/airflow/example_dags/example_nested_branch_dag.py for tasks to queue
[2024-07-03T15:15:59.669+0000] {logging_mixin.py:120} INFO - [2024-07-03T15:15:59.669+0000] {dagbag.py:537} INFO - Filling up the DagBag from /home/airflow/.local/lib/python3.7/site-packages/airflow/example_dags/example_nested_branch_dag.py
[2024-07-03T15:15:59.693+0000] {processor.py:766} INFO - DAG(s) dict_keys(['example_nested_branch_dag']) retrieved from /home/airflow/.local/lib/python3.7/site-packages/airflow/example_dags/example_nested_branch_dag.py
[2024-07-03T15:15:59.729+0000] {logging_mixin.py:120} INFO - [2024-07-03T15:15:59.729+0000] {dag.py:2585} INFO - Sync 1 DAGs
[2024-07-03T15:15:59.749+0000] {logging_mixin.py:120} INFO - [2024-07-03T15:15:59.749+0000] {dag.py:3340} INFO - Setting next_dagrun for example_nested_branch_dag to 2024-07-02T00:00:00+00:00, run_after=2024-07-03T00:00:00+00:00
[2024-07-03T15:15:59.764+0000] {processor.py:176} INFO - Processing /home/airflow/.local/lib/python3.7/site-packages/airflow/example_dags/example_nested_branch_dag.py took 0.099 seconds
[2024-07-03T15:16:29.937+0000] {processor.py:154} INFO - Started process (PID=998) to work on /home/airflow/.local/lib/python3.7/site-packages/airflow/example_dags/example_nested_branch_dag.py
[2024-07-03T15:16:29.939+0000] {processor.py:756} INFO - Processing file /home/airflow/.local/lib/python3.7/site-packages/airflow/example_dags/example_nested_branch_dag.py for tasks to queue
[2024-07-03T15:16:29.940+0000] {logging_mixin.py:120} INFO - [2024-07-03T15:16:29.940+0000] {dagbag.py:537} INFO - Filling up the DagBag from /home/airflow/.local/lib/python3.7/site-packages/airflow/example_dags/example_nested_branch_dag.py
[2024-07-03T15:16:29.973+0000] {processor.py:766} INFO - DAG(s) dict_keys(['example_nested_branch_dag']) retrieved from /home/airflow/.local/lib/python3.7/site-packages/airflow/example_dags/example_nested_branch_dag.py
[2024-07-03T15:16:30.037+0000] {logging_mixin.py:120} INFO - [2024-07-03T15:16:30.036+0000] {dag.py:2585} INFO - Sync 1 DAGs
[2024-07-03T15:16:30.073+0000] {logging_mixin.py:120} INFO - [2024-07-03T15:16:30.073+0000] {dag.py:3340} INFO - Setting next_dagrun for example_nested_branch_dag to 2024-07-02T00:00:00+00:00, run_after=2024-07-03T00:00:00+00:00
[2024-07-03T15:16:30.091+0000] {processor.py:176} INFO - Processing /home/airflow/.local/lib/python3.7/site-packages/airflow/example_dags/example_nested_branch_dag.py took 0.159 seconds
[2024-07-03T15:17:00.652+0000] {processor.py:154} INFO - Started process (PID=1061) to work on /home/airflow/.local/lib/python3.7/site-packages/airflow/example_dags/example_nested_branch_dag.py
[2024-07-03T15:17:00.653+0000] {processor.py:756} INFO - Processing file /home/airflow/.local/lib/python3.7/site-packages/airflow/example_dags/example_nested_branch_dag.py for tasks to queue
[2024-07-03T15:17:00.654+0000] {logging_mixin.py:120} INFO - [2024-07-03T15:17:00.654+0000] {dagbag.py:537} INFO - Filling up the DagBag from /home/airflow/.local/lib/python3.7/site-packages/airflow/example_dags/example_nested_branch_dag.py
[2024-07-03T15:17:00.672+0000] {processor.py:766} INFO - DAG(s) dict_keys(['example_nested_branch_dag']) retrieved from /home/airflow/.local/lib/python3.7/site-packages/airflow/example_dags/example_nested_branch_dag.py
[2024-07-03T15:17:00.710+0000] {logging_mixin.py:120} INFO - [2024-07-03T15:17:00.710+0000] {dag.py:2585} INFO - Sync 1 DAGs
[2024-07-03T15:17:00.731+0000] {logging_mixin.py:120} INFO - [2024-07-03T15:17:00.731+0000] {dag.py:3340} INFO - Setting next_dagrun for example_nested_branch_dag to 2024-07-02T00:00:00+00:00, run_after=2024-07-03T00:00:00+00:00
[2024-07-03T15:17:00.747+0000] {processor.py:176} INFO - Processing /home/airflow/.local/lib/python3.7/site-packages/airflow/example_dags/example_nested_branch_dag.py took 0.098 seconds
[2024-07-03T15:17:31.516+0000] {processor.py:154} INFO - Started process (PID=1125) to work on /home/airflow/.local/lib/python3.7/site-packages/airflow/example_dags/example_nested_branch_dag.py
[2024-07-03T15:17:31.517+0000] {processor.py:756} INFO - Processing file /home/airflow/.local/lib/python3.7/site-packages/airflow/example_dags/example_nested_branch_dag.py for tasks to queue
[2024-07-03T15:17:31.518+0000] {logging_mixin.py:120} INFO - [2024-07-03T15:17:31.518+0000] {dagbag.py:537} INFO - Filling up the DagBag from /home/airflow/.local/lib/python3.7/site-packages/airflow/example_dags/example_nested_branch_dag.py
[2024-07-03T15:17:31.549+0000] {processor.py:766} INFO - DAG(s) dict_keys(['example_nested_branch_dag']) retrieved from /home/airflow/.local/lib/python3.7/site-packages/airflow/example_dags/example_nested_branch_dag.py
[2024-07-03T15:17:31.587+0000] {logging_mixin.py:120} INFO - [2024-07-03T15:17:31.587+0000] {dag.py:2585} INFO - Sync 1 DAGs
[2024-07-03T15:17:31.606+0000] {logging_mixin.py:120} INFO - [2024-07-03T15:17:31.606+0000] {dag.py:3340} INFO - Setting next_dagrun for example_nested_branch_dag to 2024-07-02T00:00:00+00:00, run_after=2024-07-03T00:00:00+00:00
[2024-07-03T15:17:31.622+0000] {processor.py:176} INFO - Processing /home/airflow/.local/lib/python3.7/site-packages/airflow/example_dags/example_nested_branch_dag.py took 0.108 seconds
[2024-07-03T15:18:02.072+0000] {processor.py:154} INFO - Started process (PID=1188) to work on /home/airflow/.local/lib/python3.7/site-packages/airflow/example_dags/example_nested_branch_dag.py
[2024-07-03T15:18:02.073+0000] {processor.py:756} INFO - Processing file /home/airflow/.local/lib/python3.7/site-packages/airflow/example_dags/example_nested_branch_dag.py for tasks to queue
[2024-07-03T15:18:02.074+0000] {logging_mixin.py:120} INFO - [2024-07-03T15:18:02.074+0000] {dagbag.py:537} INFO - Filling up the DagBag from /home/airflow/.local/lib/python3.7/site-packages/airflow/example_dags/example_nested_branch_dag.py
[2024-07-03T15:18:02.100+0000] {processor.py:766} INFO - DAG(s) dict_keys(['example_nested_branch_dag']) retrieved from /home/airflow/.local/lib/python3.7/site-packages/airflow/example_dags/example_nested_branch_dag.py
[2024-07-03T15:18:02.146+0000] {logging_mixin.py:120} INFO - [2024-07-03T15:18:02.145+0000] {dag.py:2585} INFO - Sync 1 DAGs
[2024-07-03T15:18:02.172+0000] {logging_mixin.py:120} INFO - [2024-07-03T15:18:02.172+0000] {dag.py:3340} INFO - Setting next_dagrun for example_nested_branch_dag to 2024-07-02T00:00:00+00:00, run_after=2024-07-03T00:00:00+00:00
[2024-07-03T15:18:02.195+0000] {processor.py:176} INFO - Processing /home/airflow/.local/lib/python3.7/site-packages/airflow/example_dags/example_nested_branch_dag.py took 0.126 seconds
[2024-07-03T15:18:33.233+0000] {processor.py:154} INFO - Started process (PID=1242) to work on /home/airflow/.local/lib/python3.7/site-packages/airflow/example_dags/example_nested_branch_dag.py
[2024-07-03T15:18:33.236+0000] {processor.py:756} INFO - Processing file /home/airflow/.local/lib/python3.7/site-packages/airflow/example_dags/example_nested_branch_dag.py for tasks to queue
[2024-07-03T15:18:33.237+0000] {logging_mixin.py:120} INFO - [2024-07-03T15:18:33.237+0000] {dagbag.py:537} INFO - Filling up the DagBag from /home/airflow/.local/lib/python3.7/site-packages/airflow/example_dags/example_nested_branch_dag.py
[2024-07-03T15:18:33.265+0000] {processor.py:766} INFO - DAG(s) dict_keys(['example_nested_branch_dag']) retrieved from /home/airflow/.local/lib/python3.7/site-packages/airflow/example_dags/example_nested_branch_dag.py
[2024-07-03T15:18:33.314+0000] {logging_mixin.py:120} INFO - [2024-07-03T15:18:33.314+0000] {dag.py:2585} INFO - Sync 1 DAGs
[2024-07-03T15:18:33.339+0000] {logging_mixin.py:120} INFO - [2024-07-03T15:18:33.339+0000] {dag.py:3340} INFO - Setting next_dagrun for example_nested_branch_dag to 2024-07-02T00:00:00+00:00, run_after=2024-07-03T00:00:00+00:00
[2024-07-03T15:18:33.370+0000] {processor.py:176} INFO - Processing /home/airflow/.local/lib/python3.7/site-packages/airflow/example_dags/example_nested_branch_dag.py took 0.141 seconds
[2024-07-03T15:19:04.331+0000] {processor.py:154} INFO - Started process (PID=1306) to work on /home/airflow/.local/lib/python3.7/site-packages/airflow/example_dags/example_nested_branch_dag.py
[2024-07-03T15:19:04.332+0000] {processor.py:756} INFO - Processing file /home/airflow/.local/lib/python3.7/site-packages/airflow/example_dags/example_nested_branch_dag.py for tasks to queue
[2024-07-03T15:19:04.333+0000] {logging_mixin.py:120} INFO - [2024-07-03T15:19:04.332+0000] {dagbag.py:537} INFO - Filling up the DagBag from /home/airflow/.local/lib/python3.7/site-packages/airflow/example_dags/example_nested_branch_dag.py
[2024-07-03T15:19:04.350+0000] {processor.py:766} INFO - DAG(s) dict_keys(['example_nested_branch_dag']) retrieved from /home/airflow/.local/lib/python3.7/site-packages/airflow/example_dags/example_nested_branch_dag.py
[2024-07-03T15:19:04.389+0000] {logging_mixin.py:120} INFO - [2024-07-03T15:19:04.389+0000] {dag.py:2585} INFO - Sync 1 DAGs
[2024-07-03T15:19:04.408+0000] {logging_mixin.py:120} INFO - [2024-07-03T15:19:04.408+0000] {dag.py:3340} INFO - Setting next_dagrun for example_nested_branch_dag to 2024-07-02T00:00:00+00:00, run_after=2024-07-03T00:00:00+00:00
[2024-07-03T15:19:04.424+0000] {processor.py:176} INFO - Processing /home/airflow/.local/lib/python3.7/site-packages/airflow/example_dags/example_nested_branch_dag.py took 0.095 seconds
[2024-07-03T15:19:34.892+0000] {processor.py:154} INFO - Started process (PID=1370) to work on /home/airflow/.local/lib/python3.7/site-packages/airflow/example_dags/example_nested_branch_dag.py
[2024-07-03T15:19:34.892+0000] {processor.py:756} INFO - Processing file /home/airflow/.local/lib/python3.7/site-packages/airflow/example_dags/example_nested_branch_dag.py for tasks to queue
[2024-07-03T15:19:34.893+0000] {logging_mixin.py:120} INFO - [2024-07-03T15:19:34.893+0000] {dagbag.py:537} INFO - Filling up the DagBag from /home/airflow/.local/lib/python3.7/site-packages/airflow/example_dags/example_nested_branch_dag.py
[2024-07-03T15:19:34.912+0000] {processor.py:766} INFO - DAG(s) dict_keys(['example_nested_branch_dag']) retrieved from /home/airflow/.local/lib/python3.7/site-packages/airflow/example_dags/example_nested_branch_dag.py
[2024-07-03T15:19:34.951+0000] {logging_mixin.py:120} INFO - [2024-07-03T15:19:34.951+0000] {dag.py:2585} INFO - Sync 1 DAGs
[2024-07-03T15:19:34.974+0000] {logging_mixin.py:120} INFO - [2024-07-03T15:19:34.974+0000] {dag.py:3340} INFO - Setting next_dagrun for example_nested_branch_dag to 2024-07-02T00:00:00+00:00, run_after=2024-07-03T00:00:00+00:00
[2024-07-03T15:19:34.990+0000] {processor.py:176} INFO - Processing /home/airflow/.local/lib/python3.7/site-packages/airflow/example_dags/example_nested_branch_dag.py took 0.100 seconds
[2024-07-03T15:20:05.258+0000] {processor.py:154} INFO - Started process (PID=1434) to work on /home/airflow/.local/lib/python3.7/site-packages/airflow/example_dags/example_nested_branch_dag.py
[2024-07-03T15:20:05.259+0000] {processor.py:756} INFO - Processing file /home/airflow/.local/lib/python3.7/site-packages/airflow/example_dags/example_nested_branch_dag.py for tasks to queue
[2024-07-03T15:20:05.259+0000] {logging_mixin.py:120} INFO - [2024-07-03T15:20:05.259+0000] {dagbag.py:537} INFO - Filling up the DagBag from /home/airflow/.local/lib/python3.7/site-packages/airflow/example_dags/example_nested_branch_dag.py
[2024-07-03T15:20:05.281+0000] {processor.py:766} INFO - DAG(s) dict_keys(['example_nested_branch_dag']) retrieved from /home/airflow/.local/lib/python3.7/site-packages/airflow/example_dags/example_nested_branch_dag.py
[2024-07-03T15:20:05.320+0000] {logging_mixin.py:120} INFO - [2024-07-03T15:20:05.320+0000] {dag.py:2585} INFO - Sync 1 DAGs
[2024-07-03T15:20:05.343+0000] {logging_mixin.py:120} INFO - [2024-07-03T15:20:05.342+0000] {dag.py:3340} INFO - Setting next_dagrun for example_nested_branch_dag to 2024-07-02T00:00:00+00:00, run_after=2024-07-03T00:00:00+00:00
[2024-07-03T15:20:05.362+0000] {processor.py:176} INFO - Processing /home/airflow/.local/lib/python3.7/site-packages/airflow/example_dags/example_nested_branch_dag.py took 0.107 seconds
[2024-07-03T15:20:35.744+0000] {processor.py:154} INFO - Started process (PID=1488) to work on /home/airflow/.local/lib/python3.7/site-packages/airflow/example_dags/example_nested_branch_dag.py
[2024-07-03T15:20:35.745+0000] {processor.py:756} INFO - Processing file /home/airflow/.local/lib/python3.7/site-packages/airflow/example_dags/example_nested_branch_dag.py for tasks to queue
[2024-07-03T15:20:35.746+0000] {logging_mixin.py:120} INFO - [2024-07-03T15:20:35.746+0000] {dagbag.py:537} INFO - Filling up the DagBag from /home/airflow/.local/lib/python3.7/site-packages/airflow/example_dags/example_nested_branch_dag.py
[2024-07-03T15:20:35.765+0000] {processor.py:766} INFO - DAG(s) dict_keys(['example_nested_branch_dag']) retrieved from /home/airflow/.local/lib/python3.7/site-packages/airflow/example_dags/example_nested_branch_dag.py
[2024-07-03T15:20:35.801+0000] {logging_mixin.py:120} INFO - [2024-07-03T15:20:35.801+0000] {dag.py:2585} INFO - Sync 1 DAGs
[2024-07-03T15:20:35.828+0000] {logging_mixin.py:120} INFO - [2024-07-03T15:20:35.828+0000] {dag.py:3340} INFO - Setting next_dagrun for example_nested_branch_dag to 2024-07-02T00:00:00+00:00, run_after=2024-07-03T00:00:00+00:00
[2024-07-03T15:20:35.849+0000] {processor.py:176} INFO - Processing /home/airflow/.local/lib/python3.7/site-packages/airflow/example_dags/example_nested_branch_dag.py took 0.108 seconds
[2024-07-03T15:21:06.631+0000] {processor.py:154} INFO - Started process (PID=1552) to work on /home/airflow/.local/lib/python3.7/site-packages/airflow/example_dags/example_nested_branch_dag.py
[2024-07-03T15:21:06.632+0000] {processor.py:756} INFO - Processing file /home/airflow/.local/lib/python3.7/site-packages/airflow/example_dags/example_nested_branch_dag.py for tasks to queue
[2024-07-03T15:21:06.633+0000] {logging_mixin.py:120} INFO - [2024-07-03T15:21:06.633+0000] {dagbag.py:537} INFO - Filling up the DagBag from /home/airflow/.local/lib/python3.7/site-packages/airflow/example_dags/example_nested_branch_dag.py
[2024-07-03T15:21:06.650+0000] {processor.py:766} INFO - DAG(s) dict_keys(['example_nested_branch_dag']) retrieved from /home/airflow/.local/lib/python3.7/site-packages/airflow/example_dags/example_nested_branch_dag.py
[2024-07-03T15:21:06.680+0000] {logging_mixin.py:120} INFO - [2024-07-03T15:21:06.680+0000] {dag.py:2585} INFO - Sync 1 DAGs
[2024-07-03T15:21:06.699+0000] {logging_mixin.py:120} INFO - [2024-07-03T15:21:06.699+0000] {dag.py:3340} INFO - Setting next_dagrun for example_nested_branch_dag to 2024-07-02T00:00:00+00:00, run_after=2024-07-03T00:00:00+00:00
[2024-07-03T15:21:06.714+0000] {processor.py:176} INFO - Processing /home/airflow/.local/lib/python3.7/site-packages/airflow/example_dags/example_nested_branch_dag.py took 0.087 seconds
[2024-07-03T15:21:36.998+0000] {processor.py:154} INFO - Started process (PID=1615) to work on /home/airflow/.local/lib/python3.7/site-packages/airflow/example_dags/example_nested_branch_dag.py
[2024-07-03T15:21:36.999+0000] {processor.py:756} INFO - Processing file /home/airflow/.local/lib/python3.7/site-packages/airflow/example_dags/example_nested_branch_dag.py for tasks to queue
[2024-07-03T15:21:36.999+0000] {logging_mixin.py:120} INFO - [2024-07-03T15:21:36.999+0000] {dagbag.py:537} INFO - Filling up the DagBag from /home/airflow/.local/lib/python3.7/site-packages/airflow/example_dags/example_nested_branch_dag.py
[2024-07-03T15:21:37.023+0000] {processor.py:766} INFO - DAG(s) dict_keys(['example_nested_branch_dag']) retrieved from /home/airflow/.local/lib/python3.7/site-packages/airflow/example_dags/example_nested_branch_dag.py
[2024-07-03T15:21:37.063+0000] {logging_mixin.py:120} INFO - [2024-07-03T15:21:37.063+0000] {dag.py:2585} INFO - Sync 1 DAGs
[2024-07-03T15:21:37.089+0000] {logging_mixin.py:120} INFO - [2024-07-03T15:21:37.089+0000] {dag.py:3340} INFO - Setting next_dagrun for example_nested_branch_dag to 2024-07-02T00:00:00+00:00, run_after=2024-07-03T00:00:00+00:00
[2024-07-03T15:21:37.115+0000] {processor.py:176} INFO - Processing /home/airflow/.local/lib/python3.7/site-packages/airflow/example_dags/example_nested_branch_dag.py took 0.120 seconds
[2024-07-03T15:22:07.314+0000] {processor.py:154} INFO - Started process (PID=1681) to work on /home/airflow/.local/lib/python3.7/site-packages/airflow/example_dags/example_nested_branch_dag.py
[2024-07-03T15:22:07.316+0000] {processor.py:756} INFO - Processing file /home/airflow/.local/lib/python3.7/site-packages/airflow/example_dags/example_nested_branch_dag.py for tasks to queue
[2024-07-03T15:22:07.317+0000] {logging_mixin.py:120} INFO - [2024-07-03T15:22:07.317+0000] {dagbag.py:537} INFO - Filling up the DagBag from /home/airflow/.local/lib/python3.7/site-packages/airflow/example_dags/example_nested_branch_dag.py
[2024-07-03T15:22:07.336+0000] {processor.py:766} INFO - DAG(s) dict_keys(['example_nested_branch_dag']) retrieved from /home/airflow/.local/lib/python3.7/site-packages/airflow/example_dags/example_nested_branch_dag.py
[2024-07-03T15:22:07.367+0000] {logging_mixin.py:120} INFO - [2024-07-03T15:22:07.367+0000] {dag.py:2585} INFO - Sync 1 DAGs
[2024-07-03T15:22:07.391+0000] {logging_mixin.py:120} INFO - [2024-07-03T15:22:07.390+0000] {dag.py:3340} INFO - Setting next_dagrun for example_nested_branch_dag to 2024-07-02T00:00:00+00:00, run_after=2024-07-03T00:00:00+00:00
[2024-07-03T15:22:07.405+0000] {processor.py:176} INFO - Processing /home/airflow/.local/lib/python3.7/site-packages/airflow/example_dags/example_nested_branch_dag.py took 0.095 seconds
[2024-07-03T15:22:38.033+0000] {processor.py:154} INFO - Started process (PID=1736) to work on /home/airflow/.local/lib/python3.7/site-packages/airflow/example_dags/example_nested_branch_dag.py
[2024-07-03T15:22:38.035+0000] {processor.py:756} INFO - Processing file /home/airflow/.local/lib/python3.7/site-packages/airflow/example_dags/example_nested_branch_dag.py for tasks to queue
[2024-07-03T15:22:38.036+0000] {logging_mixin.py:120} INFO - [2024-07-03T15:22:38.036+0000] {dagbag.py:537} INFO - Filling up the DagBag from /home/airflow/.local/lib/python3.7/site-packages/airflow/example_dags/example_nested_branch_dag.py
[2024-07-03T15:22:38.062+0000] {processor.py:766} INFO - DAG(s) dict_keys(['example_nested_branch_dag']) retrieved from /home/airflow/.local/lib/python3.7/site-packages/airflow/example_dags/example_nested_branch_dag.py
[2024-07-03T15:22:38.102+0000] {logging_mixin.py:120} INFO - [2024-07-03T15:22:38.102+0000] {dag.py:2585} INFO - Sync 1 DAGs
[2024-07-03T15:22:38.142+0000] {logging_mixin.py:120} INFO - [2024-07-03T15:22:38.142+0000] {dag.py:3340} INFO - Setting next_dagrun for example_nested_branch_dag to 2024-07-02T00:00:00+00:00, run_after=2024-07-03T00:00:00+00:00
[2024-07-03T15:22:38.174+0000] {processor.py:176} INFO - Processing /home/airflow/.local/lib/python3.7/site-packages/airflow/example_dags/example_nested_branch_dag.py took 0.145 seconds
[2024-07-03T15:23:08.340+0000] {processor.py:154} INFO - Started process (PID=1801) to work on /home/airflow/.local/lib/python3.7/site-packages/airflow/example_dags/example_nested_branch_dag.py
[2024-07-03T15:23:08.341+0000] {processor.py:756} INFO - Processing file /home/airflow/.local/lib/python3.7/site-packages/airflow/example_dags/example_nested_branch_dag.py for tasks to queue
[2024-07-03T15:23:08.343+0000] {logging_mixin.py:120} INFO - [2024-07-03T15:23:08.343+0000] {dagbag.py:537} INFO - Filling up the DagBag from /home/airflow/.local/lib/python3.7/site-packages/airflow/example_dags/example_nested_branch_dag.py
[2024-07-03T15:23:08.360+0000] {processor.py:766} INFO - DAG(s) dict_keys(['example_nested_branch_dag']) retrieved from /home/airflow/.local/lib/python3.7/site-packages/airflow/example_dags/example_nested_branch_dag.py
[2024-07-03T15:23:08.393+0000] {logging_mixin.py:120} INFO - [2024-07-03T15:23:08.393+0000] {dag.py:2585} INFO - Sync 1 DAGs
[2024-07-03T15:23:08.411+0000] {logging_mixin.py:120} INFO - [2024-07-03T15:23:08.411+0000] {dag.py:3340} INFO - Setting next_dagrun for example_nested_branch_dag to 2024-07-02T00:00:00+00:00, run_after=2024-07-03T00:00:00+00:00
[2024-07-03T15:23:08.426+0000] {processor.py:176} INFO - Processing /home/airflow/.local/lib/python3.7/site-packages/airflow/example_dags/example_nested_branch_dag.py took 0.089 seconds
[2024-07-03T15:23:39.027+0000] {processor.py:154} INFO - Started process (PID=1867) to work on /home/airflow/.local/lib/python3.7/site-packages/airflow/example_dags/example_nested_branch_dag.py
[2024-07-03T15:23:39.028+0000] {processor.py:756} INFO - Processing file /home/airflow/.local/lib/python3.7/site-packages/airflow/example_dags/example_nested_branch_dag.py for tasks to queue
[2024-07-03T15:23:39.029+0000] {logging_mixin.py:120} INFO - [2024-07-03T15:23:39.028+0000] {dagbag.py:537} INFO - Filling up the DagBag from /home/airflow/.local/lib/python3.7/site-packages/airflow/example_dags/example_nested_branch_dag.py
[2024-07-03T15:23:39.047+0000] {processor.py:766} INFO - DAG(s) dict_keys(['example_nested_branch_dag']) retrieved from /home/airflow/.local/lib/python3.7/site-packages/airflow/example_dags/example_nested_branch_dag.py
[2024-07-03T15:23:39.077+0000] {logging_mixin.py:120} INFO - [2024-07-03T15:23:39.077+0000] {dag.py:2585} INFO - Sync 1 DAGs
[2024-07-03T15:23:39.096+0000] {logging_mixin.py:120} INFO - [2024-07-03T15:23:39.096+0000] {dag.py:3340} INFO - Setting next_dagrun for example_nested_branch_dag to 2024-07-02T00:00:00+00:00, run_after=2024-07-03T00:00:00+00:00
[2024-07-03T15:23:39.111+0000] {processor.py:176} INFO - Processing /home/airflow/.local/lib/python3.7/site-packages/airflow/example_dags/example_nested_branch_dag.py took 0.087 seconds
