[2024-07-03T15:08:51.134+0000] {processor.py:154} INFO - Started process (PID=82) to work on /home/airflow/.local/lib/python3.7/site-packages/airflow/example_dags/example_latest_only.py
[2024-07-03T15:08:51.135+0000] {processor.py:756} INFO - Processing file /home/airflow/.local/lib/python3.7/site-packages/airflow/example_dags/example_latest_only.py for tasks to queue
[2024-07-03T15:08:51.137+0000] {logging_mixin.py:120} INFO - [2024-07-03T15:08:51.137+0000] {dagbag.py:537} INFO - Filling up the DagBag from /home/airflow/.local/lib/python3.7/site-packages/airflow/example_dags/example_latest_only.py
[2024-07-03T15:08:51.166+0000] {processor.py:766} INFO - DAG(s) dict_keys(['latest_only']) retrieved from /home/airflow/.local/lib/python3.7/site-packages/airflow/example_dags/example_latest_only.py
[2024-07-03T15:08:51.395+0000] {logging_mixin.py:120} INFO - [2024-07-03T15:08:51.395+0000] {manager.py:507} INFO - Created Permission View: can delete on DAG:latest_only
[2024-07-03T15:08:51.412+0000] {logging_mixin.py:120} INFO - [2024-07-03T15:08:51.412+0000] {manager.py:507} INFO - Created Permission View: can edit on DAG:latest_only
[2024-07-03T15:08:51.424+0000] {logging_mixin.py:120} INFO - [2024-07-03T15:08:51.424+0000] {manager.py:507} INFO - Created Permission View: can read on DAG:latest_only
[2024-07-03T15:08:51.425+0000] {logging_mixin.py:120} INFO - [2024-07-03T15:08:51.425+0000] {dag.py:2585} INFO - Sync 1 DAGs
[2024-07-03T15:08:51.447+0000] {logging_mixin.py:120} INFO - [2024-07-03T15:08:51.446+0000] {dag.py:2606} INFO - Creating ORM DAG for latest_only
[2024-07-03T15:08:51.466+0000] {logging_mixin.py:120} INFO - [2024-07-03T15:08:51.466+0000] {dag.py:3340} INFO - Setting next_dagrun for latest_only to 2024-07-03T11:08:51.465689+00:00, run_after=2024-07-03T15:08:51.465689+00:00
[2024-07-03T15:08:51.503+0000] {processor.py:176} INFO - Processing /home/airflow/.local/lib/python3.7/site-packages/airflow/example_dags/example_latest_only.py took 0.373 seconds
[2024-07-03T15:09:21.544+0000] {processor.py:154} INFO - Started process (PID=145) to work on /home/airflow/.local/lib/python3.7/site-packages/airflow/example_dags/example_latest_only.py
[2024-07-03T15:09:21.546+0000] {processor.py:756} INFO - Processing file /home/airflow/.local/lib/python3.7/site-packages/airflow/example_dags/example_latest_only.py for tasks to queue
[2024-07-03T15:09:21.547+0000] {logging_mixin.py:120} INFO - [2024-07-03T15:09:21.547+0000] {dagbag.py:537} INFO - Filling up the DagBag from /home/airflow/.local/lib/python3.7/site-packages/airflow/example_dags/example_latest_only.py
[2024-07-03T15:09:21.567+0000] {processor.py:766} INFO - DAG(s) dict_keys(['latest_only']) retrieved from /home/airflow/.local/lib/python3.7/site-packages/airflow/example_dags/example_latest_only.py
[2024-07-03T15:09:21.623+0000] {logging_mixin.py:120} INFO - [2024-07-03T15:09:21.623+0000] {dag.py:2585} INFO - Sync 1 DAGs
[2024-07-03T15:09:21.647+0000] {logging_mixin.py:120} INFO - [2024-07-03T15:09:21.647+0000] {dag.py:3340} INFO - Setting next_dagrun for latest_only to 2024-07-03T11:09:21.647286+00:00, run_after=2024-07-03T15:09:21.647286+00:00
[2024-07-03T15:09:21.674+0000] {processor.py:176} INFO - Processing /home/airflow/.local/lib/python3.7/site-packages/airflow/example_dags/example_latest_only.py took 0.134 seconds
[2024-07-03T15:09:51.929+0000] {processor.py:154} INFO - Started process (PID=209) to work on /home/airflow/.local/lib/python3.7/site-packages/airflow/example_dags/example_latest_only.py
[2024-07-03T15:09:51.931+0000] {processor.py:756} INFO - Processing file /home/airflow/.local/lib/python3.7/site-packages/airflow/example_dags/example_latest_only.py for tasks to queue
[2024-07-03T15:09:51.932+0000] {logging_mixin.py:120} INFO - [2024-07-03T15:09:51.932+0000] {dagbag.py:537} INFO - Filling up the DagBag from /home/airflow/.local/lib/python3.7/site-packages/airflow/example_dags/example_latest_only.py
[2024-07-03T15:09:51.950+0000] {processor.py:766} INFO - DAG(s) dict_keys(['latest_only']) retrieved from /home/airflow/.local/lib/python3.7/site-packages/airflow/example_dags/example_latest_only.py
[2024-07-03T15:09:52.001+0000] {logging_mixin.py:120} INFO - [2024-07-03T15:09:52.001+0000] {dag.py:2585} INFO - Sync 1 DAGs
[2024-07-03T15:09:52.023+0000] {logging_mixin.py:120} INFO - [2024-07-03T15:09:52.022+0000] {dag.py:3340} INFO - Setting next_dagrun for latest_only to 2024-07-03T11:09:52.022763+00:00, run_after=2024-07-03T15:09:52.022763+00:00
[2024-07-03T15:09:52.041+0000] {processor.py:176} INFO - Processing /home/airflow/.local/lib/python3.7/site-packages/airflow/example_dags/example_latest_only.py took 0.115 seconds
[2024-07-03T15:10:22.180+0000] {processor.py:154} INFO - Started process (PID=263) to work on /home/airflow/.local/lib/python3.7/site-packages/airflow/example_dags/example_latest_only.py
[2024-07-03T15:10:22.181+0000] {processor.py:756} INFO - Processing file /home/airflow/.local/lib/python3.7/site-packages/airflow/example_dags/example_latest_only.py for tasks to queue
[2024-07-03T15:10:22.182+0000] {logging_mixin.py:120} INFO - [2024-07-03T15:10:22.182+0000] {dagbag.py:537} INFO - Filling up the DagBag from /home/airflow/.local/lib/python3.7/site-packages/airflow/example_dags/example_latest_only.py
[2024-07-03T15:10:22.197+0000] {processor.py:766} INFO - DAG(s) dict_keys(['latest_only']) retrieved from /home/airflow/.local/lib/python3.7/site-packages/airflow/example_dags/example_latest_only.py
[2024-07-03T15:10:22.230+0000] {logging_mixin.py:120} INFO - [2024-07-03T15:10:22.229+0000] {dag.py:2585} INFO - Sync 1 DAGs
[2024-07-03T15:10:22.250+0000] {logging_mixin.py:120} INFO - [2024-07-03T15:10:22.250+0000] {dag.py:3340} INFO - Setting next_dagrun for latest_only to 2024-07-03T11:10:22.250323+00:00, run_after=2024-07-03T15:10:22.250323+00:00
[2024-07-03T15:10:22.265+0000] {processor.py:176} INFO - Processing /home/airflow/.local/lib/python3.7/site-packages/airflow/example_dags/example_latest_only.py took 0.088 seconds
[2024-07-03T15:10:52.419+0000] {processor.py:154} INFO - Started process (PID=325) to work on /home/airflow/.local/lib/python3.7/site-packages/airflow/example_dags/example_latest_only.py
[2024-07-03T15:10:52.421+0000] {processor.py:756} INFO - Processing file /home/airflow/.local/lib/python3.7/site-packages/airflow/example_dags/example_latest_only.py for tasks to queue
[2024-07-03T15:10:52.423+0000] {logging_mixin.py:120} INFO - [2024-07-03T15:10:52.422+0000] {dagbag.py:537} INFO - Filling up the DagBag from /home/airflow/.local/lib/python3.7/site-packages/airflow/example_dags/example_latest_only.py
[2024-07-03T15:10:52.444+0000] {processor.py:766} INFO - DAG(s) dict_keys(['latest_only']) retrieved from /home/airflow/.local/lib/python3.7/site-packages/airflow/example_dags/example_latest_only.py
[2024-07-03T15:10:52.498+0000] {logging_mixin.py:120} INFO - [2024-07-03T15:10:52.497+0000] {dag.py:2585} INFO - Sync 1 DAGs
[2024-07-03T15:10:52.527+0000] {logging_mixin.py:120} INFO - [2024-07-03T15:10:52.527+0000] {dag.py:3340} INFO - Setting next_dagrun for latest_only to 2024-07-03T11:10:52.527208+00:00, run_after=2024-07-03T15:10:52.527208+00:00
[2024-07-03T15:10:52.551+0000] {processor.py:176} INFO - Processing /home/airflow/.local/lib/python3.7/site-packages/airflow/example_dags/example_latest_only.py took 0.135 seconds
[2024-07-03T15:11:22.965+0000] {processor.py:154} INFO - Started process (PID=388) to work on /home/airflow/.local/lib/python3.7/site-packages/airflow/example_dags/example_latest_only.py
[2024-07-03T15:11:22.967+0000] {processor.py:756} INFO - Processing file /home/airflow/.local/lib/python3.7/site-packages/airflow/example_dags/example_latest_only.py for tasks to queue
[2024-07-03T15:11:22.968+0000] {logging_mixin.py:120} INFO - [2024-07-03T15:11:22.968+0000] {dagbag.py:537} INFO - Filling up the DagBag from /home/airflow/.local/lib/python3.7/site-packages/airflow/example_dags/example_latest_only.py
[2024-07-03T15:11:22.985+0000] {processor.py:766} INFO - DAG(s) dict_keys(['latest_only']) retrieved from /home/airflow/.local/lib/python3.7/site-packages/airflow/example_dags/example_latest_only.py
[2024-07-03T15:11:23.033+0000] {logging_mixin.py:120} INFO - [2024-07-03T15:11:23.033+0000] {dag.py:2585} INFO - Sync 1 DAGs
[2024-07-03T15:11:23.062+0000] {logging_mixin.py:120} INFO - [2024-07-03T15:11:23.062+0000] {dag.py:3340} INFO - Setting next_dagrun for latest_only to 2024-07-03T11:11:23.062579+00:00, run_after=2024-07-03T15:11:23.062579+00:00
[2024-07-03T15:11:23.086+0000] {processor.py:176} INFO - Processing /home/airflow/.local/lib/python3.7/site-packages/airflow/example_dags/example_latest_only.py took 0.127 seconds
[2024-07-03T15:11:53.717+0000] {processor.py:154} INFO - Started process (PID=443) to work on /home/airflow/.local/lib/python3.7/site-packages/airflow/example_dags/example_latest_only.py
[2024-07-03T15:11:53.720+0000] {processor.py:756} INFO - Processing file /home/airflow/.local/lib/python3.7/site-packages/airflow/example_dags/example_latest_only.py for tasks to queue
[2024-07-03T15:11:53.721+0000] {logging_mixin.py:120} INFO - [2024-07-03T15:11:53.721+0000] {dagbag.py:537} INFO - Filling up the DagBag from /home/airflow/.local/lib/python3.7/site-packages/airflow/example_dags/example_latest_only.py
[2024-07-03T15:11:53.731+0000] {processor.py:766} INFO - DAG(s) dict_keys(['latest_only']) retrieved from /home/airflow/.local/lib/python3.7/site-packages/airflow/example_dags/example_latest_only.py
[2024-07-03T15:11:53.763+0000] {logging_mixin.py:120} INFO - [2024-07-03T15:11:53.763+0000] {dag.py:2585} INFO - Sync 1 DAGs
[2024-07-03T15:11:53.782+0000] {logging_mixin.py:120} INFO - [2024-07-03T15:11:53.782+0000] {dag.py:3340} INFO - Setting next_dagrun for latest_only to 2024-07-03T11:11:53.781885+00:00, run_after=2024-07-03T15:11:53.781885+00:00
[2024-07-03T15:11:53.804+0000] {processor.py:176} INFO - Processing /home/airflow/.local/lib/python3.7/site-packages/airflow/example_dags/example_latest_only.py took 0.089 seconds
[2024-07-03T15:12:25.020+0000] {processor.py:154} INFO - Started process (PID=507) to work on /home/airflow/.local/lib/python3.7/site-packages/airflow/example_dags/example_latest_only.py
[2024-07-03T15:12:25.024+0000] {processor.py:756} INFO - Processing file /home/airflow/.local/lib/python3.7/site-packages/airflow/example_dags/example_latest_only.py for tasks to queue
[2024-07-03T15:12:25.025+0000] {logging_mixin.py:120} INFO - [2024-07-03T15:12:25.025+0000] {dagbag.py:537} INFO - Filling up the DagBag from /home/airflow/.local/lib/python3.7/site-packages/airflow/example_dags/example_latest_only.py
[2024-07-03T15:12:25.046+0000] {processor.py:766} INFO - DAG(s) dict_keys(['latest_only']) retrieved from /home/airflow/.local/lib/python3.7/site-packages/airflow/example_dags/example_latest_only.py
[2024-07-03T15:12:25.097+0000] {logging_mixin.py:120} INFO - [2024-07-03T15:12:25.097+0000] {dag.py:2585} INFO - Sync 1 DAGs
[2024-07-03T15:12:25.122+0000] {logging_mixin.py:120} INFO - [2024-07-03T15:12:25.122+0000] {dag.py:3340} INFO - Setting next_dagrun for latest_only to 2024-07-03T11:12:25.121714+00:00, run_after=2024-07-03T15:12:25.121714+00:00
[2024-07-03T15:12:25.140+0000] {processor.py:176} INFO - Processing /home/airflow/.local/lib/python3.7/site-packages/airflow/example_dags/example_latest_only.py took 0.124 seconds
[2024-07-03T15:12:55.320+0000] {processor.py:154} INFO - Started process (PID=570) to work on /home/airflow/.local/lib/python3.7/site-packages/airflow/example_dags/example_latest_only.py
[2024-07-03T15:12:55.321+0000] {processor.py:756} INFO - Processing file /home/airflow/.local/lib/python3.7/site-packages/airflow/example_dags/example_latest_only.py for tasks to queue
[2024-07-03T15:12:55.322+0000] {logging_mixin.py:120} INFO - [2024-07-03T15:12:55.322+0000] {dagbag.py:537} INFO - Filling up the DagBag from /home/airflow/.local/lib/python3.7/site-packages/airflow/example_dags/example_latest_only.py
[2024-07-03T15:12:55.334+0000] {processor.py:766} INFO - DAG(s) dict_keys(['latest_only']) retrieved from /home/airflow/.local/lib/python3.7/site-packages/airflow/example_dags/example_latest_only.py
[2024-07-03T15:12:55.377+0000] {logging_mixin.py:120} INFO - [2024-07-03T15:12:55.377+0000] {dag.py:2585} INFO - Sync 1 DAGs
[2024-07-03T15:12:55.402+0000] {logging_mixin.py:120} INFO - [2024-07-03T15:12:55.402+0000] {dag.py:3340} INFO - Setting next_dagrun for latest_only to 2024-07-03T11:12:55.401941+00:00, run_after=2024-07-03T15:12:55.401941+00:00
[2024-07-03T15:12:55.420+0000] {processor.py:176} INFO - Processing /home/airflow/.local/lib/python3.7/site-packages/airflow/example_dags/example_latest_only.py took 0.105 seconds
[2024-07-03T15:13:25.726+0000] {processor.py:154} INFO - Started process (PID=633) to work on /home/airflow/.local/lib/python3.7/site-packages/airflow/example_dags/example_latest_only.py
[2024-07-03T15:13:25.735+0000] {processor.py:756} INFO - Processing file /home/airflow/.local/lib/python3.7/site-packages/airflow/example_dags/example_latest_only.py for tasks to queue
[2024-07-03T15:13:25.735+0000] {logging_mixin.py:120} INFO - [2024-07-03T15:13:25.735+0000] {dagbag.py:537} INFO - Filling up the DagBag from /home/airflow/.local/lib/python3.7/site-packages/airflow/example_dags/example_latest_only.py
[2024-07-03T15:13:25.746+0000] {processor.py:766} INFO - DAG(s) dict_keys(['latest_only']) retrieved from /home/airflow/.local/lib/python3.7/site-packages/airflow/example_dags/example_latest_only.py
[2024-07-03T15:13:25.785+0000] {logging_mixin.py:120} INFO - [2024-07-03T15:13:25.785+0000] {dag.py:2585} INFO - Sync 1 DAGs
[2024-07-03T15:13:25.812+0000] {logging_mixin.py:120} INFO - [2024-07-03T15:13:25.811+0000] {dag.py:3340} INFO - Setting next_dagrun for latest_only to 2024-07-03T11:13:25.811688+00:00, run_after=2024-07-03T15:13:25.811688+00:00
[2024-07-03T15:13:25.836+0000] {processor.py:176} INFO - Processing /home/airflow/.local/lib/python3.7/site-packages/airflow/example_dags/example_latest_only.py took 0.113 seconds
[2024-07-03T15:13:56.520+0000] {processor.py:154} INFO - Started process (PID=696) to work on /home/airflow/.local/lib/python3.7/site-packages/airflow/example_dags/example_latest_only.py
[2024-07-03T15:13:56.521+0000] {processor.py:756} INFO - Processing file /home/airflow/.local/lib/python3.7/site-packages/airflow/example_dags/example_latest_only.py for tasks to queue
[2024-07-03T15:13:56.522+0000] {logging_mixin.py:120} INFO - [2024-07-03T15:13:56.522+0000] {dagbag.py:537} INFO - Filling up the DagBag from /home/airflow/.local/lib/python3.7/site-packages/airflow/example_dags/example_latest_only.py
[2024-07-03T15:13:56.535+0000] {processor.py:766} INFO - DAG(s) dict_keys(['latest_only']) retrieved from /home/airflow/.local/lib/python3.7/site-packages/airflow/example_dags/example_latest_only.py
[2024-07-03T15:13:56.569+0000] {logging_mixin.py:120} INFO - [2024-07-03T15:13:56.568+0000] {dag.py:2585} INFO - Sync 1 DAGs
[2024-07-03T15:13:56.594+0000] {logging_mixin.py:120} INFO - [2024-07-03T15:13:56.594+0000] {dag.py:3340} INFO - Setting next_dagrun for latest_only to 2024-07-03T11:13:56.594434+00:00, run_after=2024-07-03T15:13:56.594434+00:00
[2024-07-03T15:13:56.619+0000] {processor.py:176} INFO - Processing /home/airflow/.local/lib/python3.7/site-packages/airflow/example_dags/example_latest_only.py took 0.102 seconds
[2024-07-03T15:14:27.130+0000] {processor.py:154} INFO - Started process (PID=750) to work on /home/airflow/.local/lib/python3.7/site-packages/airflow/example_dags/example_latest_only.py
[2024-07-03T15:14:27.131+0000] {processor.py:756} INFO - Processing file /home/airflow/.local/lib/python3.7/site-packages/airflow/example_dags/example_latest_only.py for tasks to queue
[2024-07-03T15:14:27.132+0000] {logging_mixin.py:120} INFO - [2024-07-03T15:14:27.132+0000] {dagbag.py:537} INFO - Filling up the DagBag from /home/airflow/.local/lib/python3.7/site-packages/airflow/example_dags/example_latest_only.py
[2024-07-03T15:14:27.144+0000] {processor.py:766} INFO - DAG(s) dict_keys(['latest_only']) retrieved from /home/airflow/.local/lib/python3.7/site-packages/airflow/example_dags/example_latest_only.py
[2024-07-03T15:14:27.174+0000] {logging_mixin.py:120} INFO - [2024-07-03T15:14:27.174+0000] {dag.py:2585} INFO - Sync 1 DAGs
[2024-07-03T15:14:27.193+0000] {logging_mixin.py:120} INFO - [2024-07-03T15:14:27.193+0000] {dag.py:3340} INFO - Setting next_dagrun for latest_only to 2024-07-03T11:14:27.193245+00:00, run_after=2024-07-03T15:14:27.193245+00:00
[2024-07-03T15:14:27.210+0000] {processor.py:176} INFO - Processing /home/airflow/.local/lib/python3.7/site-packages/airflow/example_dags/example_latest_only.py took 0.082 seconds
[2024-07-03T15:14:58.020+0000] {processor.py:154} INFO - Started process (PID=813) to work on /home/airflow/.local/lib/python3.7/site-packages/airflow/example_dags/example_latest_only.py
[2024-07-03T15:14:58.021+0000] {processor.py:756} INFO - Processing file /home/airflow/.local/lib/python3.7/site-packages/airflow/example_dags/example_latest_only.py for tasks to queue
[2024-07-03T15:14:58.021+0000] {logging_mixin.py:120} INFO - [2024-07-03T15:14:58.021+0000] {dagbag.py:537} INFO - Filling up the DagBag from /home/airflow/.local/lib/python3.7/site-packages/airflow/example_dags/example_latest_only.py
[2024-07-03T15:14:58.032+0000] {processor.py:766} INFO - DAG(s) dict_keys(['latest_only']) retrieved from /home/airflow/.local/lib/python3.7/site-packages/airflow/example_dags/example_latest_only.py
[2024-07-03T15:14:58.063+0000] {logging_mixin.py:120} INFO - [2024-07-03T15:14:58.063+0000] {dag.py:2585} INFO - Sync 1 DAGs
[2024-07-03T15:14:58.081+0000] {logging_mixin.py:120} INFO - [2024-07-03T15:14:58.081+0000] {dag.py:3340} INFO - Setting next_dagrun for latest_only to 2024-07-03T11:14:58.081681+00:00, run_after=2024-07-03T15:14:58.081681+00:00
[2024-07-03T15:14:58.098+0000] {processor.py:176} INFO - Processing /home/airflow/.local/lib/python3.7/site-packages/airflow/example_dags/example_latest_only.py took 0.081 seconds
[2024-07-03T15:15:28.435+0000] {processor.py:154} INFO - Started process (PID=876) to work on /home/airflow/.local/lib/python3.7/site-packages/airflow/example_dags/example_latest_only.py
[2024-07-03T15:15:28.436+0000] {processor.py:756} INFO - Processing file /home/airflow/.local/lib/python3.7/site-packages/airflow/example_dags/example_latest_only.py for tasks to queue
[2024-07-03T15:15:28.437+0000] {logging_mixin.py:120} INFO - [2024-07-03T15:15:28.437+0000] {dagbag.py:537} INFO - Filling up the DagBag from /home/airflow/.local/lib/python3.7/site-packages/airflow/example_dags/example_latest_only.py
[2024-07-03T15:15:28.452+0000] {processor.py:766} INFO - DAG(s) dict_keys(['latest_only']) retrieved from /home/airflow/.local/lib/python3.7/site-packages/airflow/example_dags/example_latest_only.py
[2024-07-03T15:15:28.494+0000] {logging_mixin.py:120} INFO - [2024-07-03T15:15:28.494+0000] {dag.py:2585} INFO - Sync 1 DAGs
[2024-07-03T15:15:28.516+0000] {logging_mixin.py:120} INFO - [2024-07-03T15:15:28.516+0000] {dag.py:3340} INFO - Setting next_dagrun for latest_only to 2024-07-03T11:15:28.515536+00:00, run_after=2024-07-03T15:15:28.515536+00:00
[2024-07-03T15:15:28.543+0000] {processor.py:176} INFO - Processing /home/airflow/.local/lib/python3.7/site-packages/airflow/example_dags/example_latest_only.py took 0.110 seconds
[2024-07-03T15:15:59.029+0000] {processor.py:154} INFO - Started process (PID=939) to work on /home/airflow/.local/lib/python3.7/site-packages/airflow/example_dags/example_latest_only.py
[2024-07-03T15:15:59.031+0000] {processor.py:756} INFO - Processing file /home/airflow/.local/lib/python3.7/site-packages/airflow/example_dags/example_latest_only.py for tasks to queue
[2024-07-03T15:15:59.032+0000] {logging_mixin.py:120} INFO - [2024-07-03T15:15:59.032+0000] {dagbag.py:537} INFO - Filling up the DagBag from /home/airflow/.local/lib/python3.7/site-packages/airflow/example_dags/example_latest_only.py
[2024-07-03T15:15:59.047+0000] {processor.py:766} INFO - DAG(s) dict_keys(['latest_only']) retrieved from /home/airflow/.local/lib/python3.7/site-packages/airflow/example_dags/example_latest_only.py
[2024-07-03T15:15:59.084+0000] {logging_mixin.py:120} INFO - [2024-07-03T15:15:59.084+0000] {dag.py:2585} INFO - Sync 1 DAGs
[2024-07-03T15:15:59.113+0000] {logging_mixin.py:120} INFO - [2024-07-03T15:15:59.113+0000] {dag.py:3340} INFO - Setting next_dagrun for latest_only to 2024-07-03T11:15:59.113478+00:00, run_after=2024-07-03T15:15:59.113478+00:00
[2024-07-03T15:15:59.135+0000] {processor.py:176} INFO - Processing /home/airflow/.local/lib/python3.7/site-packages/airflow/example_dags/example_latest_only.py took 0.110 seconds
[2024-07-03T15:16:29.491+0000] {processor.py:154} INFO - Started process (PID=993) to work on /home/airflow/.local/lib/python3.7/site-packages/airflow/example_dags/example_latest_only.py
[2024-07-03T15:16:29.491+0000] {processor.py:756} INFO - Processing file /home/airflow/.local/lib/python3.7/site-packages/airflow/example_dags/example_latest_only.py for tasks to queue
[2024-07-03T15:16:29.492+0000] {logging_mixin.py:120} INFO - [2024-07-03T15:16:29.492+0000] {dagbag.py:537} INFO - Filling up the DagBag from /home/airflow/.local/lib/python3.7/site-packages/airflow/example_dags/example_latest_only.py
[2024-07-03T15:16:29.502+0000] {processor.py:766} INFO - DAG(s) dict_keys(['latest_only']) retrieved from /home/airflow/.local/lib/python3.7/site-packages/airflow/example_dags/example_latest_only.py
[2024-07-03T15:16:29.540+0000] {logging_mixin.py:120} INFO - [2024-07-03T15:16:29.540+0000] {dag.py:2585} INFO - Sync 1 DAGs
[2024-07-03T15:16:29.565+0000] {logging_mixin.py:120} INFO - [2024-07-03T15:16:29.564+0000] {dag.py:3340} INFO - Setting next_dagrun for latest_only to 2024-07-03T11:16:29.563216+00:00, run_after=2024-07-03T15:16:29.563216+00:00
[2024-07-03T15:16:29.581+0000] {processor.py:176} INFO - Processing /home/airflow/.local/lib/python3.7/site-packages/airflow/example_dags/example_latest_only.py took 0.093 seconds
[2024-07-03T15:17:00.314+0000] {processor.py:154} INFO - Started process (PID=1056) to work on /home/airflow/.local/lib/python3.7/site-packages/airflow/example_dags/example_latest_only.py
[2024-07-03T15:17:00.315+0000] {processor.py:756} INFO - Processing file /home/airflow/.local/lib/python3.7/site-packages/airflow/example_dags/example_latest_only.py for tasks to queue
[2024-07-03T15:17:00.316+0000] {logging_mixin.py:120} INFO - [2024-07-03T15:17:00.316+0000] {dagbag.py:537} INFO - Filling up the DagBag from /home/airflow/.local/lib/python3.7/site-packages/airflow/example_dags/example_latest_only.py
[2024-07-03T15:17:00.327+0000] {processor.py:766} INFO - DAG(s) dict_keys(['latest_only']) retrieved from /home/airflow/.local/lib/python3.7/site-packages/airflow/example_dags/example_latest_only.py
[2024-07-03T15:17:00.364+0000] {logging_mixin.py:120} INFO - [2024-07-03T15:17:00.364+0000] {dag.py:2585} INFO - Sync 1 DAGs
[2024-07-03T15:17:00.386+0000] {logging_mixin.py:120} INFO - [2024-07-03T15:17:00.386+0000] {dag.py:3340} INFO - Setting next_dagrun for latest_only to 2024-07-03T11:17:00.385773+00:00, run_after=2024-07-03T15:17:00.385773+00:00
[2024-07-03T15:17:00.413+0000] {processor.py:176} INFO - Processing /home/airflow/.local/lib/python3.7/site-packages/airflow/example_dags/example_latest_only.py took 0.102 seconds
[2024-07-03T15:17:31.065+0000] {processor.py:154} INFO - Started process (PID=1120) to work on /home/airflow/.local/lib/python3.7/site-packages/airflow/example_dags/example_latest_only.py
[2024-07-03T15:17:31.066+0000] {processor.py:756} INFO - Processing file /home/airflow/.local/lib/python3.7/site-packages/airflow/example_dags/example_latest_only.py for tasks to queue
[2024-07-03T15:17:31.067+0000] {logging_mixin.py:120} INFO - [2024-07-03T15:17:31.066+0000] {dagbag.py:537} INFO - Filling up the DagBag from /home/airflow/.local/lib/python3.7/site-packages/airflow/example_dags/example_latest_only.py
[2024-07-03T15:17:31.077+0000] {processor.py:766} INFO - DAG(s) dict_keys(['latest_only']) retrieved from /home/airflow/.local/lib/python3.7/site-packages/airflow/example_dags/example_latest_only.py
[2024-07-03T15:17:31.113+0000] {logging_mixin.py:120} INFO - [2024-07-03T15:17:31.113+0000] {dag.py:2585} INFO - Sync 1 DAGs
[2024-07-03T15:17:31.135+0000] {logging_mixin.py:120} INFO - [2024-07-03T15:17:31.135+0000] {dag.py:3340} INFO - Setting next_dagrun for latest_only to 2024-07-03T11:17:31.134816+00:00, run_after=2024-07-03T15:17:31.134816+00:00
[2024-07-03T15:17:31.154+0000] {processor.py:176} INFO - Processing /home/airflow/.local/lib/python3.7/site-packages/airflow/example_dags/example_latest_only.py took 0.092 seconds
[2024-07-03T15:18:01.669+0000] {processor.py:154} INFO - Started process (PID=1183) to work on /home/airflow/.local/lib/python3.7/site-packages/airflow/example_dags/example_latest_only.py
[2024-07-03T15:18:01.670+0000] {processor.py:756} INFO - Processing file /home/airflow/.local/lib/python3.7/site-packages/airflow/example_dags/example_latest_only.py for tasks to queue
[2024-07-03T15:18:01.671+0000] {logging_mixin.py:120} INFO - [2024-07-03T15:18:01.671+0000] {dagbag.py:537} INFO - Filling up the DagBag from /home/airflow/.local/lib/python3.7/site-packages/airflow/example_dags/example_latest_only.py
[2024-07-03T15:18:01.684+0000] {processor.py:766} INFO - DAG(s) dict_keys(['latest_only']) retrieved from /home/airflow/.local/lib/python3.7/site-packages/airflow/example_dags/example_latest_only.py
[2024-07-03T15:18:01.726+0000] {logging_mixin.py:120} INFO - [2024-07-03T15:18:01.725+0000] {dag.py:2585} INFO - Sync 1 DAGs
[2024-07-03T15:18:01.759+0000] {logging_mixin.py:120} INFO - [2024-07-03T15:18:01.759+0000] {dag.py:3340} INFO - Setting next_dagrun for latest_only to 2024-07-03T11:18:01.758973+00:00, run_after=2024-07-03T15:18:01.758973+00:00
[2024-07-03T15:18:01.783+0000] {processor.py:176} INFO - Processing /home/airflow/.local/lib/python3.7/site-packages/airflow/example_dags/example_latest_only.py took 0.117 seconds
[2024-07-03T15:18:32.795+0000] {processor.py:154} INFO - Started process (PID=1237) to work on /home/airflow/.local/lib/python3.7/site-packages/airflow/example_dags/example_latest_only.py
[2024-07-03T15:18:32.797+0000] {processor.py:756} INFO - Processing file /home/airflow/.local/lib/python3.7/site-packages/airflow/example_dags/example_latest_only.py for tasks to queue
[2024-07-03T15:18:32.797+0000] {logging_mixin.py:120} INFO - [2024-07-03T15:18:32.797+0000] {dagbag.py:537} INFO - Filling up the DagBag from /home/airflow/.local/lib/python3.7/site-packages/airflow/example_dags/example_latest_only.py
[2024-07-03T15:18:32.810+0000] {processor.py:766} INFO - DAG(s) dict_keys(['latest_only']) retrieved from /home/airflow/.local/lib/python3.7/site-packages/airflow/example_dags/example_latest_only.py
[2024-07-03T15:18:32.858+0000] {logging_mixin.py:120} INFO - [2024-07-03T15:18:32.858+0000] {dag.py:2585} INFO - Sync 1 DAGs
[2024-07-03T15:18:32.883+0000] {logging_mixin.py:120} INFO - [2024-07-03T15:18:32.883+0000] {dag.py:3340} INFO - Setting next_dagrun for latest_only to 2024-07-03T11:18:32.882826+00:00, run_after=2024-07-03T15:18:32.882826+00:00
[2024-07-03T15:18:32.903+0000] {processor.py:176} INFO - Processing /home/airflow/.local/lib/python3.7/site-packages/airflow/example_dags/example_latest_only.py took 0.113 seconds
[2024-07-03T15:19:03.975+0000] {processor.py:154} INFO - Started process (PID=1301) to work on /home/airflow/.local/lib/python3.7/site-packages/airflow/example_dags/example_latest_only.py
[2024-07-03T15:19:03.976+0000] {processor.py:756} INFO - Processing file /home/airflow/.local/lib/python3.7/site-packages/airflow/example_dags/example_latest_only.py for tasks to queue
[2024-07-03T15:19:03.977+0000] {logging_mixin.py:120} INFO - [2024-07-03T15:19:03.977+0000] {dagbag.py:537} INFO - Filling up the DagBag from /home/airflow/.local/lib/python3.7/site-packages/airflow/example_dags/example_latest_only.py
[2024-07-03T15:19:03.987+0000] {processor.py:766} INFO - DAG(s) dict_keys(['latest_only']) retrieved from /home/airflow/.local/lib/python3.7/site-packages/airflow/example_dags/example_latest_only.py
[2024-07-03T15:19:04.018+0000] {logging_mixin.py:120} INFO - [2024-07-03T15:19:04.017+0000] {dag.py:2585} INFO - Sync 1 DAGs
[2024-07-03T15:19:04.038+0000] {logging_mixin.py:120} INFO - [2024-07-03T15:19:04.038+0000] {dag.py:3340} INFO - Setting next_dagrun for latest_only to 2024-07-03T11:19:04.038240+00:00, run_after=2024-07-03T15:19:04.038240+00:00
[2024-07-03T15:19:04.055+0000] {processor.py:176} INFO - Processing /home/airflow/.local/lib/python3.7/site-packages/airflow/example_dags/example_latest_only.py took 0.083 seconds
[2024-07-03T15:19:34.474+0000] {processor.py:154} INFO - Started process (PID=1365) to work on /home/airflow/.local/lib/python3.7/site-packages/airflow/example_dags/example_latest_only.py
[2024-07-03T15:19:34.476+0000] {processor.py:756} INFO - Processing file /home/airflow/.local/lib/python3.7/site-packages/airflow/example_dags/example_latest_only.py for tasks to queue
[2024-07-03T15:19:34.476+0000] {logging_mixin.py:120} INFO - [2024-07-03T15:19:34.476+0000] {dagbag.py:537} INFO - Filling up the DagBag from /home/airflow/.local/lib/python3.7/site-packages/airflow/example_dags/example_latest_only.py
[2024-07-03T15:19:34.488+0000] {processor.py:766} INFO - DAG(s) dict_keys(['latest_only']) retrieved from /home/airflow/.local/lib/python3.7/site-packages/airflow/example_dags/example_latest_only.py
[2024-07-03T15:19:34.518+0000] {logging_mixin.py:120} INFO - [2024-07-03T15:19:34.517+0000] {dag.py:2585} INFO - Sync 1 DAGs
[2024-07-03T15:19:34.544+0000] {logging_mixin.py:120} INFO - [2024-07-03T15:19:34.544+0000] {dag.py:3340} INFO - Setting next_dagrun for latest_only to 2024-07-03T11:19:34.544165+00:00, run_after=2024-07-03T15:19:34.544165+00:00
[2024-07-03T15:19:34.570+0000] {processor.py:176} INFO - Processing /home/airflow/.local/lib/python3.7/site-packages/airflow/example_dags/example_latest_only.py took 0.099 seconds
[2024-07-03T15:20:04.876+0000] {processor.py:154} INFO - Started process (PID=1429) to work on /home/airflow/.local/lib/python3.7/site-packages/airflow/example_dags/example_latest_only.py
[2024-07-03T15:20:04.878+0000] {processor.py:756} INFO - Processing file /home/airflow/.local/lib/python3.7/site-packages/airflow/example_dags/example_latest_only.py for tasks to queue
[2024-07-03T15:20:04.879+0000] {logging_mixin.py:120} INFO - [2024-07-03T15:20:04.879+0000] {dagbag.py:537} INFO - Filling up the DagBag from /home/airflow/.local/lib/python3.7/site-packages/airflow/example_dags/example_latest_only.py
[2024-07-03T15:20:04.900+0000] {processor.py:766} INFO - DAG(s) dict_keys(['latest_only']) retrieved from /home/airflow/.local/lib/python3.7/site-packages/airflow/example_dags/example_latest_only.py
[2024-07-03T15:20:04.937+0000] {logging_mixin.py:120} INFO - [2024-07-03T15:20:04.937+0000] {dag.py:2585} INFO - Sync 1 DAGs
[2024-07-03T15:20:04.958+0000] {logging_mixin.py:120} INFO - [2024-07-03T15:20:04.958+0000] {dag.py:3340} INFO - Setting next_dagrun for latest_only to 2024-07-03T11:20:04.958104+00:00, run_after=2024-07-03T15:20:04.958104+00:00
[2024-07-03T15:20:04.974+0000] {processor.py:176} INFO - Processing /home/airflow/.local/lib/python3.7/site-packages/airflow/example_dags/example_latest_only.py took 0.100 seconds
[2024-07-03T15:20:35.150+0000] {processor.py:154} INFO - Started process (PID=1483) to work on /home/airflow/.local/lib/python3.7/site-packages/airflow/example_dags/example_latest_only.py
[2024-07-03T15:20:35.151+0000] {processor.py:756} INFO - Processing file /home/airflow/.local/lib/python3.7/site-packages/airflow/example_dags/example_latest_only.py for tasks to queue
[2024-07-03T15:20:35.151+0000] {logging_mixin.py:120} INFO - [2024-07-03T15:20:35.151+0000] {dagbag.py:537} INFO - Filling up the DagBag from /home/airflow/.local/lib/python3.7/site-packages/airflow/example_dags/example_latest_only.py
[2024-07-03T15:20:35.165+0000] {processor.py:766} INFO - DAG(s) dict_keys(['latest_only']) retrieved from /home/airflow/.local/lib/python3.7/site-packages/airflow/example_dags/example_latest_only.py
[2024-07-03T15:20:35.208+0000] {logging_mixin.py:120} INFO - [2024-07-03T15:20:35.208+0000] {dag.py:2585} INFO - Sync 1 DAGs
[2024-07-03T15:20:35.229+0000] {logging_mixin.py:120} INFO - [2024-07-03T15:20:35.229+0000] {dag.py:3340} INFO - Setting next_dagrun for latest_only to 2024-07-03T11:20:35.229219+00:00, run_after=2024-07-03T15:20:35.229219+00:00
[2024-07-03T15:20:35.248+0000] {processor.py:176} INFO - Processing /home/airflow/.local/lib/python3.7/site-packages/airflow/example_dags/example_latest_only.py took 0.101 seconds
[2024-07-03T15:21:06.242+0000] {processor.py:154} INFO - Started process (PID=1547) to work on /home/airflow/.local/lib/python3.7/site-packages/airflow/example_dags/example_latest_only.py
[2024-07-03T15:21:06.244+0000] {processor.py:756} INFO - Processing file /home/airflow/.local/lib/python3.7/site-packages/airflow/example_dags/example_latest_only.py for tasks to queue
[2024-07-03T15:21:06.245+0000] {logging_mixin.py:120} INFO - [2024-07-03T15:21:06.244+0000] {dagbag.py:537} INFO - Filling up the DagBag from /home/airflow/.local/lib/python3.7/site-packages/airflow/example_dags/example_latest_only.py
[2024-07-03T15:21:06.257+0000] {processor.py:766} INFO - DAG(s) dict_keys(['latest_only']) retrieved from /home/airflow/.local/lib/python3.7/site-packages/airflow/example_dags/example_latest_only.py
[2024-07-03T15:21:06.293+0000] {logging_mixin.py:120} INFO - [2024-07-03T15:21:06.293+0000] {dag.py:2585} INFO - Sync 1 DAGs
[2024-07-03T15:21:06.315+0000] {logging_mixin.py:120} INFO - [2024-07-03T15:21:06.314+0000] {dag.py:3340} INFO - Setting next_dagrun for latest_only to 2024-07-03T11:21:06.314770+00:00, run_after=2024-07-03T15:21:06.314770+00:00
[2024-07-03T15:21:06.332+0000] {processor.py:176} INFO - Processing /home/airflow/.local/lib/python3.7/site-packages/airflow/example_dags/example_latest_only.py took 0.094 seconds
[2024-07-03T15:21:36.627+0000] {processor.py:154} INFO - Started process (PID=1610) to work on /home/airflow/.local/lib/python3.7/site-packages/airflow/example_dags/example_latest_only.py
[2024-07-03T15:21:36.628+0000] {processor.py:756} INFO - Processing file /home/airflow/.local/lib/python3.7/site-packages/airflow/example_dags/example_latest_only.py for tasks to queue
[2024-07-03T15:21:36.629+0000] {logging_mixin.py:120} INFO - [2024-07-03T15:21:36.629+0000] {dagbag.py:537} INFO - Filling up the DagBag from /home/airflow/.local/lib/python3.7/site-packages/airflow/example_dags/example_latest_only.py
[2024-07-03T15:21:36.639+0000] {processor.py:766} INFO - DAG(s) dict_keys(['latest_only']) retrieved from /home/airflow/.local/lib/python3.7/site-packages/airflow/example_dags/example_latest_only.py
[2024-07-03T15:21:36.678+0000] {logging_mixin.py:120} INFO - [2024-07-03T15:21:36.678+0000] {dag.py:2585} INFO - Sync 1 DAGs
[2024-07-03T15:21:36.698+0000] {logging_mixin.py:120} INFO - [2024-07-03T15:21:36.698+0000] {dag.py:3340} INFO - Setting next_dagrun for latest_only to 2024-07-03T11:21:36.698178+00:00, run_after=2024-07-03T15:21:36.698178+00:00
[2024-07-03T15:21:36.715+0000] {processor.py:176} INFO - Processing /home/airflow/.local/lib/python3.7/site-packages/airflow/example_dags/example_latest_only.py took 0.090 seconds
[2024-07-03T15:22:06.998+0000] {processor.py:154} INFO - Started process (PID=1676) to work on /home/airflow/.local/lib/python3.7/site-packages/airflow/example_dags/example_latest_only.py
[2024-07-03T15:22:06.998+0000] {processor.py:756} INFO - Processing file /home/airflow/.local/lib/python3.7/site-packages/airflow/example_dags/example_latest_only.py for tasks to queue
[2024-07-03T15:22:06.999+0000] {logging_mixin.py:120} INFO - [2024-07-03T15:22:06.999+0000] {dagbag.py:537} INFO - Filling up the DagBag from /home/airflow/.local/lib/python3.7/site-packages/airflow/example_dags/example_latest_only.py
[2024-07-03T15:22:07.010+0000] {processor.py:766} INFO - DAG(s) dict_keys(['latest_only']) retrieved from /home/airflow/.local/lib/python3.7/site-packages/airflow/example_dags/example_latest_only.py
[2024-07-03T15:22:07.039+0000] {logging_mixin.py:120} INFO - [2024-07-03T15:22:07.039+0000] {dag.py:2585} INFO - Sync 1 DAGs
[2024-07-03T15:22:07.058+0000] {logging_mixin.py:120} INFO - [2024-07-03T15:22:07.058+0000] {dag.py:3340} INFO - Setting next_dagrun for latest_only to 2024-07-03T11:22:07.058263+00:00, run_after=2024-07-03T15:22:07.058263+00:00
[2024-07-03T15:22:07.077+0000] {processor.py:176} INFO - Processing /home/airflow/.local/lib/python3.7/site-packages/airflow/example_dags/example_latest_only.py took 0.082 seconds
[2024-07-03T15:22:37.495+0000] {processor.py:154} INFO - Started process (PID=1731) to work on /home/airflow/.local/lib/python3.7/site-packages/airflow/example_dags/example_latest_only.py
[2024-07-03T15:22:37.498+0000] {processor.py:756} INFO - Processing file /home/airflow/.local/lib/python3.7/site-packages/airflow/example_dags/example_latest_only.py for tasks to queue
[2024-07-03T15:22:37.499+0000] {logging_mixin.py:120} INFO - [2024-07-03T15:22:37.499+0000] {dagbag.py:537} INFO - Filling up the DagBag from /home/airflow/.local/lib/python3.7/site-packages/airflow/example_dags/example_latest_only.py
[2024-07-03T15:22:37.520+0000] {processor.py:766} INFO - DAG(s) dict_keys(['latest_only']) retrieved from /home/airflow/.local/lib/python3.7/site-packages/airflow/example_dags/example_latest_only.py
[2024-07-03T15:22:37.584+0000] {logging_mixin.py:120} INFO - [2024-07-03T15:22:37.583+0000] {dag.py:2585} INFO - Sync 1 DAGs
[2024-07-03T15:22:37.624+0000] {logging_mixin.py:120} INFO - [2024-07-03T15:22:37.623+0000] {dag.py:3340} INFO - Setting next_dagrun for latest_only to 2024-07-03T11:22:37.623705+00:00, run_after=2024-07-03T15:22:37.623705+00:00
[2024-07-03T15:22:37.648+0000] {processor.py:176} INFO - Processing /home/airflow/.local/lib/python3.7/site-packages/airflow/example_dags/example_latest_only.py took 0.159 seconds
[2024-07-03T15:23:07.990+0000] {processor.py:154} INFO - Started process (PID=1796) to work on /home/airflow/.local/lib/python3.7/site-packages/airflow/example_dags/example_latest_only.py
[2024-07-03T15:23:07.991+0000] {processor.py:756} INFO - Processing file /home/airflow/.local/lib/python3.7/site-packages/airflow/example_dags/example_latest_only.py for tasks to queue
[2024-07-03T15:23:07.991+0000] {logging_mixin.py:120} INFO - [2024-07-03T15:23:07.991+0000] {dagbag.py:537} INFO - Filling up the DagBag from /home/airflow/.local/lib/python3.7/site-packages/airflow/example_dags/example_latest_only.py
[2024-07-03T15:23:08.002+0000] {processor.py:766} INFO - DAG(s) dict_keys(['latest_only']) retrieved from /home/airflow/.local/lib/python3.7/site-packages/airflow/example_dags/example_latest_only.py
[2024-07-03T15:23:08.031+0000] {logging_mixin.py:120} INFO - [2024-07-03T15:23:08.031+0000] {dag.py:2585} INFO - Sync 1 DAGs
[2024-07-03T15:23:08.051+0000] {logging_mixin.py:120} INFO - [2024-07-03T15:23:08.050+0000] {dag.py:3340} INFO - Setting next_dagrun for latest_only to 2024-07-03T11:23:08.050716+00:00, run_after=2024-07-03T15:23:08.050716+00:00
[2024-07-03T15:23:08.066+0000] {processor.py:176} INFO - Processing /home/airflow/.local/lib/python3.7/site-packages/airflow/example_dags/example_latest_only.py took 0.078 seconds
[2024-07-03T15:23:38.715+0000] {processor.py:154} INFO - Started process (PID=1862) to work on /home/airflow/.local/lib/python3.7/site-packages/airflow/example_dags/example_latest_only.py
[2024-07-03T15:23:38.716+0000] {processor.py:756} INFO - Processing file /home/airflow/.local/lib/python3.7/site-packages/airflow/example_dags/example_latest_only.py for tasks to queue
[2024-07-03T15:23:38.716+0000] {logging_mixin.py:120} INFO - [2024-07-03T15:23:38.716+0000] {dagbag.py:537} INFO - Filling up the DagBag from /home/airflow/.local/lib/python3.7/site-packages/airflow/example_dags/example_latest_only.py
[2024-07-03T15:23:38.728+0000] {processor.py:766} INFO - DAG(s) dict_keys(['latest_only']) retrieved from /home/airflow/.local/lib/python3.7/site-packages/airflow/example_dags/example_latest_only.py
[2024-07-03T15:23:38.763+0000] {logging_mixin.py:120} INFO - [2024-07-03T15:23:38.763+0000] {dag.py:2585} INFO - Sync 1 DAGs
[2024-07-03T15:23:38.794+0000] {logging_mixin.py:120} INFO - [2024-07-03T15:23:38.794+0000] {dag.py:3340} INFO - Setting next_dagrun for latest_only to 2024-07-03T11:23:38.793898+00:00, run_after=2024-07-03T15:23:38.793898+00:00
[2024-07-03T15:23:38.814+0000] {processor.py:176} INFO - Processing /home/airflow/.local/lib/python3.7/site-packages/airflow/example_dags/example_latest_only.py took 0.102 seconds
