[2024-07-03T15:08:52.328+0000] {processor.py:154} INFO - Started process (PID=88) to work on /home/airflow/.local/lib/python3.7/site-packages/airflow/example_dags/example_xcomargs.py
[2024-07-03T15:08:52.330+0000] {processor.py:756} INFO - Processing file /home/airflow/.local/lib/python3.7/site-packages/airflow/example_dags/example_xcomargs.py for tasks to queue
[2024-07-03T15:08:52.332+0000] {logging_mixin.py:120} INFO - [2024-07-03T15:08:52.332+0000] {dagbag.py:537} INFO - Filling up the DagBag from /home/airflow/.local/lib/python3.7/site-packages/airflow/example_dags/example_xcomargs.py
[2024-07-03T15:08:52.374+0000] {processor.py:766} INFO - DAG(s) dict_keys(['example_xcom_args_with_operators', 'example_xcom_args']) retrieved from /home/airflow/.local/lib/python3.7/site-packages/airflow/example_dags/example_xcomargs.py
[2024-07-03T15:08:52.624+0000] {logging_mixin.py:120} INFO - [2024-07-03T15:08:52.624+0000] {manager.py:507} INFO - Created Permission View: can delete on DAG:example_xcom_args_with_operators
[2024-07-03T15:08:52.640+0000] {logging_mixin.py:120} INFO - [2024-07-03T15:08:52.640+0000] {manager.py:507} INFO - Created Permission View: can edit on DAG:example_xcom_args_with_operators
[2024-07-03T15:08:52.652+0000] {logging_mixin.py:120} INFO - [2024-07-03T15:08:52.652+0000] {manager.py:507} INFO - Created Permission View: can read on DAG:example_xcom_args_with_operators
[2024-07-03T15:08:52.674+0000] {logging_mixin.py:120} INFO - [2024-07-03T15:08:52.674+0000] {manager.py:507} INFO - Created Permission View: can delete on DAG:example_xcom_args
[2024-07-03T15:08:52.686+0000] {logging_mixin.py:120} INFO - [2024-07-03T15:08:52.685+0000] {manager.py:507} INFO - Created Permission View: can edit on DAG:example_xcom_args
[2024-07-03T15:08:52.696+0000] {logging_mixin.py:120} INFO - [2024-07-03T15:08:52.696+0000] {manager.py:507} INFO - Created Permission View: can read on DAG:example_xcom_args
[2024-07-03T15:08:52.697+0000] {logging_mixin.py:120} INFO - [2024-07-03T15:08:52.697+0000] {dag.py:2585} INFO - Sync 2 DAGs
[2024-07-03T15:08:52.722+0000] {logging_mixin.py:120} INFO - [2024-07-03T15:08:52.721+0000] {dag.py:2606} INFO - Creating ORM DAG for example_xcom_args
[2024-07-03T15:08:52.723+0000] {logging_mixin.py:120} INFO - [2024-07-03T15:08:52.723+0000] {dag.py:2606} INFO - Creating ORM DAG for example_xcom_args_with_operators
[2024-07-03T15:08:52.748+0000] {logging_mixin.py:120} INFO - [2024-07-03T15:08:52.748+0000] {dag.py:3340} INFO - Setting next_dagrun for example_xcom_args to None, run_after=None
[2024-07-03T15:08:52.755+0000] {logging_mixin.py:120} INFO - [2024-07-03T15:08:52.753+0000] {dag.py:3340} INFO - Setting next_dagrun for example_xcom_args_with_operators to None, run_after=None
[2024-07-03T15:08:52.794+0000] {processor.py:176} INFO - Processing /home/airflow/.local/lib/python3.7/site-packages/airflow/example_dags/example_xcomargs.py took 0.471 seconds
[2024-07-03T15:09:23.158+0000] {processor.py:154} INFO - Started process (PID=151) to work on /home/airflow/.local/lib/python3.7/site-packages/airflow/example_dags/example_xcomargs.py
[2024-07-03T15:09:23.158+0000] {processor.py:756} INFO - Processing file /home/airflow/.local/lib/python3.7/site-packages/airflow/example_dags/example_xcomargs.py for tasks to queue
[2024-07-03T15:09:23.159+0000] {logging_mixin.py:120} INFO - [2024-07-03T15:09:23.159+0000] {dagbag.py:537} INFO - Filling up the DagBag from /home/airflow/.local/lib/python3.7/site-packages/airflow/example_dags/example_xcomargs.py
[2024-07-03T15:09:23.178+0000] {processor.py:766} INFO - DAG(s) dict_keys(['example_xcom_args_with_operators', 'example_xcom_args']) retrieved from /home/airflow/.local/lib/python3.7/site-packages/airflow/example_dags/example_xcomargs.py
[2024-07-03T15:09:23.224+0000] {logging_mixin.py:120} INFO - [2024-07-03T15:09:23.224+0000] {dag.py:2585} INFO - Sync 2 DAGs
[2024-07-03T15:09:23.253+0000] {logging_mixin.py:120} INFO - [2024-07-03T15:09:23.253+0000] {dag.py:3340} INFO - Setting next_dagrun for example_xcom_args to None, run_after=None
[2024-07-03T15:09:23.256+0000] {logging_mixin.py:120} INFO - [2024-07-03T15:09:23.256+0000] {dag.py:3340} INFO - Setting next_dagrun for example_xcom_args_with_operators to None, run_after=None
[2024-07-03T15:09:23.269+0000] {processor.py:176} INFO - Processing /home/airflow/.local/lib/python3.7/site-packages/airflow/example_dags/example_xcomargs.py took 0.114 seconds
[2024-07-03T15:09:53.362+0000] {processor.py:154} INFO - Started process (PID=215) to work on /home/airflow/.local/lib/python3.7/site-packages/airflow/example_dags/example_xcomargs.py
[2024-07-03T15:09:53.363+0000] {processor.py:756} INFO - Processing file /home/airflow/.local/lib/python3.7/site-packages/airflow/example_dags/example_xcomargs.py for tasks to queue
[2024-07-03T15:09:53.364+0000] {logging_mixin.py:120} INFO - [2024-07-03T15:09:53.364+0000] {dagbag.py:537} INFO - Filling up the DagBag from /home/airflow/.local/lib/python3.7/site-packages/airflow/example_dags/example_xcomargs.py
[2024-07-03T15:09:53.384+0000] {processor.py:766} INFO - DAG(s) dict_keys(['example_xcom_args', 'example_xcom_args_with_operators']) retrieved from /home/airflow/.local/lib/python3.7/site-packages/airflow/example_dags/example_xcomargs.py
[2024-07-03T15:09:53.421+0000] {logging_mixin.py:120} INFO - [2024-07-03T15:09:53.421+0000] {dag.py:2585} INFO - Sync 2 DAGs
[2024-07-03T15:09:53.446+0000] {logging_mixin.py:120} INFO - [2024-07-03T15:09:53.446+0000] {dag.py:3340} INFO - Setting next_dagrun for example_xcom_args to None, run_after=None
[2024-07-03T15:09:53.449+0000] {logging_mixin.py:120} INFO - [2024-07-03T15:09:53.449+0000] {dag.py:3340} INFO - Setting next_dagrun for example_xcom_args_with_operators to None, run_after=None
[2024-07-03T15:09:53.465+0000] {processor.py:176} INFO - Processing /home/airflow/.local/lib/python3.7/site-packages/airflow/example_dags/example_xcomargs.py took 0.105 seconds
[2024-07-03T15:10:23.741+0000] {processor.py:154} INFO - Started process (PID=269) to work on /home/airflow/.local/lib/python3.7/site-packages/airflow/example_dags/example_xcomargs.py
[2024-07-03T15:10:23.742+0000] {processor.py:756} INFO - Processing file /home/airflow/.local/lib/python3.7/site-packages/airflow/example_dags/example_xcomargs.py for tasks to queue
[2024-07-03T15:10:23.779+0000] {logging_mixin.py:120} INFO - [2024-07-03T15:10:23.779+0000] {dagbag.py:537} INFO - Filling up the DagBag from /home/airflow/.local/lib/python3.7/site-packages/airflow/example_dags/example_xcomargs.py
[2024-07-03T15:10:23.804+0000] {processor.py:766} INFO - DAG(s) dict_keys(['example_xcom_args_with_operators', 'example_xcom_args']) retrieved from /home/airflow/.local/lib/python3.7/site-packages/airflow/example_dags/example_xcomargs.py
[2024-07-03T15:10:23.839+0000] {logging_mixin.py:120} INFO - [2024-07-03T15:10:23.838+0000] {dag.py:2585} INFO - Sync 2 DAGs
[2024-07-03T15:10:23.860+0000] {logging_mixin.py:120} INFO - [2024-07-03T15:10:23.860+0000] {dag.py:3340} INFO - Setting next_dagrun for example_xcom_args to None, run_after=None
[2024-07-03T15:10:23.870+0000] {logging_mixin.py:120} INFO - [2024-07-03T15:10:23.870+0000] {dag.py:3340} INFO - Setting next_dagrun for example_xcom_args_with_operators to None, run_after=None
[2024-07-03T15:10:23.887+0000] {processor.py:176} INFO - Processing /home/airflow/.local/lib/python3.7/site-packages/airflow/example_dags/example_xcomargs.py took 0.148 seconds
[2024-07-03T15:10:54.058+0000] {processor.py:154} INFO - Started process (PID=332) to work on /home/airflow/.local/lib/python3.7/site-packages/airflow/example_dags/example_xcomargs.py
[2024-07-03T15:10:54.059+0000] {processor.py:756} INFO - Processing file /home/airflow/.local/lib/python3.7/site-packages/airflow/example_dags/example_xcomargs.py for tasks to queue
[2024-07-03T15:10:54.060+0000] {logging_mixin.py:120} INFO - [2024-07-03T15:10:54.060+0000] {dagbag.py:537} INFO - Filling up the DagBag from /home/airflow/.local/lib/python3.7/site-packages/airflow/example_dags/example_xcomargs.py
[2024-07-03T15:10:54.086+0000] {processor.py:766} INFO - DAG(s) dict_keys(['example_xcom_args', 'example_xcom_args_with_operators']) retrieved from /home/airflow/.local/lib/python3.7/site-packages/airflow/example_dags/example_xcomargs.py
[2024-07-03T15:10:54.126+0000] {logging_mixin.py:120} INFO - [2024-07-03T15:10:54.126+0000] {dag.py:2585} INFO - Sync 2 DAGs
[2024-07-03T15:10:54.152+0000] {logging_mixin.py:120} INFO - [2024-07-03T15:10:54.152+0000] {dag.py:3340} INFO - Setting next_dagrun for example_xcom_args to None, run_after=None
[2024-07-03T15:10:54.157+0000] {logging_mixin.py:120} INFO - [2024-07-03T15:10:54.157+0000] {dag.py:3340} INFO - Setting next_dagrun for example_xcom_args_with_operators to None, run_after=None
[2024-07-03T15:10:54.175+0000] {processor.py:176} INFO - Processing /home/airflow/.local/lib/python3.7/site-packages/airflow/example_dags/example_xcomargs.py took 0.121 seconds
[2024-07-03T15:11:24.912+0000] {processor.py:154} INFO - Started process (PID=395) to work on /home/airflow/.local/lib/python3.7/site-packages/airflow/example_dags/example_xcomargs.py
[2024-07-03T15:11:24.913+0000] {processor.py:756} INFO - Processing file /home/airflow/.local/lib/python3.7/site-packages/airflow/example_dags/example_xcomargs.py for tasks to queue
[2024-07-03T15:11:24.915+0000] {logging_mixin.py:120} INFO - [2024-07-03T15:11:24.914+0000] {dagbag.py:537} INFO - Filling up the DagBag from /home/airflow/.local/lib/python3.7/site-packages/airflow/example_dags/example_xcomargs.py
[2024-07-03T15:11:24.946+0000] {processor.py:766} INFO - DAG(s) dict_keys(['example_xcom_args_with_operators', 'example_xcom_args']) retrieved from /home/airflow/.local/lib/python3.7/site-packages/airflow/example_dags/example_xcomargs.py
[2024-07-03T15:11:24.988+0000] {logging_mixin.py:120} INFO - [2024-07-03T15:11:24.987+0000] {dag.py:2585} INFO - Sync 2 DAGs
[2024-07-03T15:11:25.011+0000] {logging_mixin.py:120} INFO - [2024-07-03T15:11:25.011+0000] {dag.py:3340} INFO - Setting next_dagrun for example_xcom_args to None, run_after=None
[2024-07-03T15:11:25.015+0000] {logging_mixin.py:120} INFO - [2024-07-03T15:11:25.015+0000] {dag.py:3340} INFO - Setting next_dagrun for example_xcom_args_with_operators to None, run_after=None
[2024-07-03T15:11:25.033+0000] {processor.py:176} INFO - Processing /home/airflow/.local/lib/python3.7/site-packages/airflow/example_dags/example_xcomargs.py took 0.124 seconds
[2024-07-03T15:11:55.414+0000] {processor.py:154} INFO - Started process (PID=459) to work on /home/airflow/.local/lib/python3.7/site-packages/airflow/example_dags/example_xcomargs.py
[2024-07-03T15:11:55.414+0000] {processor.py:756} INFO - Processing file /home/airflow/.local/lib/python3.7/site-packages/airflow/example_dags/example_xcomargs.py for tasks to queue
[2024-07-03T15:11:55.415+0000] {logging_mixin.py:120} INFO - [2024-07-03T15:11:55.415+0000] {dagbag.py:537} INFO - Filling up the DagBag from /home/airflow/.local/lib/python3.7/site-packages/airflow/example_dags/example_xcomargs.py
[2024-07-03T15:11:55.439+0000] {processor.py:766} INFO - DAG(s) dict_keys(['example_xcom_args_with_operators', 'example_xcom_args']) retrieved from /home/airflow/.local/lib/python3.7/site-packages/airflow/example_dags/example_xcomargs.py
[2024-07-03T15:11:55.480+0000] {logging_mixin.py:120} INFO - [2024-07-03T15:11:55.480+0000] {dag.py:2585} INFO - Sync 2 DAGs
[2024-07-03T15:11:55.507+0000] {logging_mixin.py:120} INFO - [2024-07-03T15:11:55.507+0000] {dag.py:3340} INFO - Setting next_dagrun for example_xcom_args to None, run_after=None
[2024-07-03T15:11:55.511+0000] {logging_mixin.py:120} INFO - [2024-07-03T15:11:55.511+0000] {dag.py:3340} INFO - Setting next_dagrun for example_xcom_args_with_operators to None, run_after=None
[2024-07-03T15:11:55.530+0000] {processor.py:176} INFO - Processing /home/airflow/.local/lib/python3.7/site-packages/airflow/example_dags/example_xcomargs.py took 0.120 seconds
[2024-07-03T15:12:25.662+0000] {processor.py:154} INFO - Started process (PID=513) to work on /home/airflow/.local/lib/python3.7/site-packages/airflow/example_dags/example_xcomargs.py
[2024-07-03T15:12:25.664+0000] {processor.py:756} INFO - Processing file /home/airflow/.local/lib/python3.7/site-packages/airflow/example_dags/example_xcomargs.py for tasks to queue
[2024-07-03T15:12:25.665+0000] {logging_mixin.py:120} INFO - [2024-07-03T15:12:25.665+0000] {dagbag.py:537} INFO - Filling up the DagBag from /home/airflow/.local/lib/python3.7/site-packages/airflow/example_dags/example_xcomargs.py
[2024-07-03T15:12:25.685+0000] {processor.py:766} INFO - DAG(s) dict_keys(['example_xcom_args_with_operators', 'example_xcom_args']) retrieved from /home/airflow/.local/lib/python3.7/site-packages/airflow/example_dags/example_xcomargs.py
[2024-07-03T15:12:25.750+0000] {logging_mixin.py:120} INFO - [2024-07-03T15:12:25.750+0000] {dag.py:2585} INFO - Sync 2 DAGs
[2024-07-03T15:12:25.769+0000] {logging_mixin.py:120} INFO - [2024-07-03T15:12:25.769+0000] {dag.py:3340} INFO - Setting next_dagrun for example_xcom_args to None, run_after=None
[2024-07-03T15:12:25.772+0000] {logging_mixin.py:120} INFO - [2024-07-03T15:12:25.772+0000] {dag.py:3340} INFO - Setting next_dagrun for example_xcom_args_with_operators to None, run_after=None
[2024-07-03T15:12:25.790+0000] {processor.py:176} INFO - Processing /home/airflow/.local/lib/python3.7/site-packages/airflow/example_dags/example_xcomargs.py took 0.130 seconds
[2024-07-03T15:12:56.709+0000] {processor.py:154} INFO - Started process (PID=576) to work on /home/airflow/.local/lib/python3.7/site-packages/airflow/example_dags/example_xcomargs.py
[2024-07-03T15:12:56.712+0000] {processor.py:756} INFO - Processing file /home/airflow/.local/lib/python3.7/site-packages/airflow/example_dags/example_xcomargs.py for tasks to queue
[2024-07-03T15:12:56.714+0000] {logging_mixin.py:120} INFO - [2024-07-03T15:12:56.713+0000] {dagbag.py:537} INFO - Filling up the DagBag from /home/airflow/.local/lib/python3.7/site-packages/airflow/example_dags/example_xcomargs.py
[2024-07-03T15:12:56.736+0000] {processor.py:766} INFO - DAG(s) dict_keys(['example_xcom_args_with_operators', 'example_xcom_args']) retrieved from /home/airflow/.local/lib/python3.7/site-packages/airflow/example_dags/example_xcomargs.py
[2024-07-03T15:12:56.775+0000] {logging_mixin.py:120} INFO - [2024-07-03T15:12:56.775+0000] {dag.py:2585} INFO - Sync 2 DAGs
[2024-07-03T15:12:56.795+0000] {logging_mixin.py:120} INFO - [2024-07-03T15:12:56.795+0000] {dag.py:3340} INFO - Setting next_dagrun for example_xcom_args to None, run_after=None
[2024-07-03T15:12:56.798+0000] {logging_mixin.py:120} INFO - [2024-07-03T15:12:56.798+0000] {dag.py:3340} INFO - Setting next_dagrun for example_xcom_args_with_operators to None, run_after=None
[2024-07-03T15:12:56.814+0000] {processor.py:176} INFO - Processing /home/airflow/.local/lib/python3.7/site-packages/airflow/example_dags/example_xcomargs.py took 0.110 seconds
[2024-07-03T15:13:27.137+0000] {processor.py:154} INFO - Started process (PID=639) to work on /home/airflow/.local/lib/python3.7/site-packages/airflow/example_dags/example_xcomargs.py
[2024-07-03T15:13:27.140+0000] {processor.py:756} INFO - Processing file /home/airflow/.local/lib/python3.7/site-packages/airflow/example_dags/example_xcomargs.py for tasks to queue
[2024-07-03T15:13:27.141+0000] {logging_mixin.py:120} INFO - [2024-07-03T15:13:27.141+0000] {dagbag.py:537} INFO - Filling up the DagBag from /home/airflow/.local/lib/python3.7/site-packages/airflow/example_dags/example_xcomargs.py
[2024-07-03T15:13:27.165+0000] {processor.py:766} INFO - DAG(s) dict_keys(['example_xcom_args', 'example_xcom_args_with_operators']) retrieved from /home/airflow/.local/lib/python3.7/site-packages/airflow/example_dags/example_xcomargs.py
[2024-07-03T15:13:27.219+0000] {logging_mixin.py:120} INFO - [2024-07-03T15:13:27.219+0000] {dag.py:2585} INFO - Sync 2 DAGs
[2024-07-03T15:13:27.254+0000] {logging_mixin.py:120} INFO - [2024-07-03T15:13:27.253+0000] {dag.py:3340} INFO - Setting next_dagrun for example_xcom_args to None, run_after=None
[2024-07-03T15:13:27.260+0000] {logging_mixin.py:120} INFO - [2024-07-03T15:13:27.260+0000] {dag.py:3340} INFO - Setting next_dagrun for example_xcom_args_with_operators to None, run_after=None
[2024-07-03T15:13:27.277+0000] {processor.py:176} INFO - Processing /home/airflow/.local/lib/python3.7/site-packages/airflow/example_dags/example_xcomargs.py took 0.145 seconds
[2024-07-03T15:13:57.924+0000] {processor.py:154} INFO - Started process (PID=702) to work on /home/airflow/.local/lib/python3.7/site-packages/airflow/example_dags/example_xcomargs.py
[2024-07-03T15:13:57.925+0000] {processor.py:756} INFO - Processing file /home/airflow/.local/lib/python3.7/site-packages/airflow/example_dags/example_xcomargs.py for tasks to queue
[2024-07-03T15:13:57.926+0000] {logging_mixin.py:120} INFO - [2024-07-03T15:13:57.926+0000] {dagbag.py:537} INFO - Filling up the DagBag from /home/airflow/.local/lib/python3.7/site-packages/airflow/example_dags/example_xcomargs.py
[2024-07-03T15:13:57.944+0000] {processor.py:766} INFO - DAG(s) dict_keys(['example_xcom_args', 'example_xcom_args_with_operators']) retrieved from /home/airflow/.local/lib/python3.7/site-packages/airflow/example_dags/example_xcomargs.py
[2024-07-03T15:13:57.987+0000] {logging_mixin.py:120} INFO - [2024-07-03T15:13:57.987+0000] {dag.py:2585} INFO - Sync 2 DAGs
[2024-07-03T15:13:58.017+0000] {logging_mixin.py:120} INFO - [2024-07-03T15:13:58.016+0000] {dag.py:3340} INFO - Setting next_dagrun for example_xcom_args to None, run_after=None
[2024-07-03T15:13:58.026+0000] {logging_mixin.py:120} INFO - [2024-07-03T15:13:58.026+0000] {dag.py:3340} INFO - Setting next_dagrun for example_xcom_args_with_operators to None, run_after=None
[2024-07-03T15:13:58.039+0000] {processor.py:176} INFO - Processing /home/airflow/.local/lib/python3.7/site-packages/airflow/example_dags/example_xcomargs.py took 0.118 seconds
[2024-07-03T15:14:28.480+0000] {processor.py:154} INFO - Started process (PID=756) to work on /home/airflow/.local/lib/python3.7/site-packages/airflow/example_dags/example_xcomargs.py
[2024-07-03T15:14:28.482+0000] {processor.py:756} INFO - Processing file /home/airflow/.local/lib/python3.7/site-packages/airflow/example_dags/example_xcomargs.py for tasks to queue
[2024-07-03T15:14:28.483+0000] {logging_mixin.py:120} INFO - [2024-07-03T15:14:28.483+0000] {dagbag.py:537} INFO - Filling up the DagBag from /home/airflow/.local/lib/python3.7/site-packages/airflow/example_dags/example_xcomargs.py
[2024-07-03T15:14:28.501+0000] {processor.py:766} INFO - DAG(s) dict_keys(['example_xcom_args', 'example_xcom_args_with_operators']) retrieved from /home/airflow/.local/lib/python3.7/site-packages/airflow/example_dags/example_xcomargs.py
[2024-07-03T15:14:28.541+0000] {logging_mixin.py:120} INFO - [2024-07-03T15:14:28.540+0000] {dag.py:2585} INFO - Sync 2 DAGs
[2024-07-03T15:14:28.558+0000] {logging_mixin.py:120} INFO - [2024-07-03T15:14:28.558+0000] {dag.py:3340} INFO - Setting next_dagrun for example_xcom_args to None, run_after=None
[2024-07-03T15:14:28.572+0000] {logging_mixin.py:120} INFO - [2024-07-03T15:14:28.572+0000] {dag.py:3340} INFO - Setting next_dagrun for example_xcom_args_with_operators to None, run_after=None
[2024-07-03T15:14:28.589+0000] {processor.py:176} INFO - Processing /home/airflow/.local/lib/python3.7/site-packages/airflow/example_dags/example_xcomargs.py took 0.112 seconds
[2024-07-03T15:14:58.674+0000] {processor.py:154} INFO - Started process (PID=819) to work on /home/airflow/.local/lib/python3.7/site-packages/airflow/example_dags/example_xcomargs.py
[2024-07-03T15:14:58.675+0000] {processor.py:756} INFO - Processing file /home/airflow/.local/lib/python3.7/site-packages/airflow/example_dags/example_xcomargs.py for tasks to queue
[2024-07-03T15:14:58.676+0000] {logging_mixin.py:120} INFO - [2024-07-03T15:14:58.676+0000] {dagbag.py:537} INFO - Filling up the DagBag from /home/airflow/.local/lib/python3.7/site-packages/airflow/example_dags/example_xcomargs.py
[2024-07-03T15:14:58.693+0000] {processor.py:766} INFO - DAG(s) dict_keys(['example_xcom_args', 'example_xcom_args_with_operators']) retrieved from /home/airflow/.local/lib/python3.7/site-packages/airflow/example_dags/example_xcomargs.py
[2024-07-03T15:14:58.728+0000] {logging_mixin.py:120} INFO - [2024-07-03T15:14:58.728+0000] {dag.py:2585} INFO - Sync 2 DAGs
[2024-07-03T15:14:58.750+0000] {logging_mixin.py:120} INFO - [2024-07-03T15:14:58.750+0000] {dag.py:3340} INFO - Setting next_dagrun for example_xcom_args to None, run_after=None
[2024-07-03T15:14:58.753+0000] {logging_mixin.py:120} INFO - [2024-07-03T15:14:58.753+0000] {dag.py:3340} INFO - Setting next_dagrun for example_xcom_args_with_operators to None, run_after=None
[2024-07-03T15:14:58.766+0000] {processor.py:176} INFO - Processing /home/airflow/.local/lib/python3.7/site-packages/airflow/example_dags/example_xcomargs.py took 0.095 seconds
[2024-07-03T15:15:28.943+0000] {processor.py:154} INFO - Started process (PID=882) to work on /home/airflow/.local/lib/python3.7/site-packages/airflow/example_dags/example_xcomargs.py
[2024-07-03T15:15:28.945+0000] {processor.py:756} INFO - Processing file /home/airflow/.local/lib/python3.7/site-packages/airflow/example_dags/example_xcomargs.py for tasks to queue
[2024-07-03T15:15:28.946+0000] {logging_mixin.py:120} INFO - [2024-07-03T15:15:28.946+0000] {dagbag.py:537} INFO - Filling up the DagBag from /home/airflow/.local/lib/python3.7/site-packages/airflow/example_dags/example_xcomargs.py
[2024-07-03T15:15:28.971+0000] {processor.py:766} INFO - DAG(s) dict_keys(['example_xcom_args_with_operators', 'example_xcom_args']) retrieved from /home/airflow/.local/lib/python3.7/site-packages/airflow/example_dags/example_xcomargs.py
[2024-07-03T15:15:29.011+0000] {logging_mixin.py:120} INFO - [2024-07-03T15:15:29.011+0000] {dag.py:2585} INFO - Sync 2 DAGs
[2024-07-03T15:15:29.033+0000] {logging_mixin.py:120} INFO - [2024-07-03T15:15:29.033+0000] {dag.py:3340} INFO - Setting next_dagrun for example_xcom_args to None, run_after=None
[2024-07-03T15:15:29.037+0000] {logging_mixin.py:120} INFO - [2024-07-03T15:15:29.037+0000] {dag.py:3340} INFO - Setting next_dagrun for example_xcom_args_with_operators to None, run_after=None
[2024-07-03T15:15:29.057+0000] {processor.py:176} INFO - Processing /home/airflow/.local/lib/python3.7/site-packages/airflow/example_dags/example_xcomargs.py took 0.116 seconds
[2024-07-03T15:15:59.675+0000] {processor.py:154} INFO - Started process (PID=945) to work on /home/airflow/.local/lib/python3.7/site-packages/airflow/example_dags/example_xcomargs.py
[2024-07-03T15:15:59.686+0000] {processor.py:756} INFO - Processing file /home/airflow/.local/lib/python3.7/site-packages/airflow/example_dags/example_xcomargs.py for tasks to queue
[2024-07-03T15:15:59.691+0000] {logging_mixin.py:120} INFO - [2024-07-03T15:15:59.691+0000] {dagbag.py:537} INFO - Filling up the DagBag from /home/airflow/.local/lib/python3.7/site-packages/airflow/example_dags/example_xcomargs.py
[2024-07-03T15:15:59.716+0000] {processor.py:766} INFO - DAG(s) dict_keys(['example_xcom_args', 'example_xcom_args_with_operators']) retrieved from /home/airflow/.local/lib/python3.7/site-packages/airflow/example_dags/example_xcomargs.py
[2024-07-03T15:15:59.750+0000] {logging_mixin.py:120} INFO - [2024-07-03T15:15:59.750+0000] {dag.py:2585} INFO - Sync 2 DAGs
[2024-07-03T15:15:59.771+0000] {logging_mixin.py:120} INFO - [2024-07-03T15:15:59.771+0000] {dag.py:3340} INFO - Setting next_dagrun for example_xcom_args to None, run_after=None
[2024-07-03T15:15:59.774+0000] {logging_mixin.py:120} INFO - [2024-07-03T15:15:59.774+0000] {dag.py:3340} INFO - Setting next_dagrun for example_xcom_args_with_operators to None, run_after=None
[2024-07-03T15:15:59.790+0000] {processor.py:176} INFO - Processing /home/airflow/.local/lib/python3.7/site-packages/airflow/example_dags/example_xcomargs.py took 0.119 seconds
[2024-07-03T15:16:30.100+0000] {processor.py:154} INFO - Started process (PID=999) to work on /home/airflow/.local/lib/python3.7/site-packages/airflow/example_dags/example_xcomargs.py
[2024-07-03T15:16:30.101+0000] {processor.py:756} INFO - Processing file /home/airflow/.local/lib/python3.7/site-packages/airflow/example_dags/example_xcomargs.py for tasks to queue
[2024-07-03T15:16:30.102+0000] {logging_mixin.py:120} INFO - [2024-07-03T15:16:30.102+0000] {dagbag.py:537} INFO - Filling up the DagBag from /home/airflow/.local/lib/python3.7/site-packages/airflow/example_dags/example_xcomargs.py
[2024-07-03T15:16:30.119+0000] {processor.py:766} INFO - DAG(s) dict_keys(['example_xcom_args', 'example_xcom_args_with_operators']) retrieved from /home/airflow/.local/lib/python3.7/site-packages/airflow/example_dags/example_xcomargs.py
[2024-07-03T15:16:30.164+0000] {logging_mixin.py:120} INFO - [2024-07-03T15:16:30.164+0000] {dag.py:2585} INFO - Sync 2 DAGs
[2024-07-03T15:16:30.184+0000] {logging_mixin.py:120} INFO - [2024-07-03T15:16:30.184+0000] {dag.py:3340} INFO - Setting next_dagrun for example_xcom_args to None, run_after=None
[2024-07-03T15:16:30.186+0000] {logging_mixin.py:120} INFO - [2024-07-03T15:16:30.186+0000] {dag.py:3340} INFO - Setting next_dagrun for example_xcom_args_with_operators to None, run_after=None
[2024-07-03T15:16:30.206+0000] {processor.py:176} INFO - Processing /home/airflow/.local/lib/python3.7/site-packages/airflow/example_dags/example_xcomargs.py took 0.108 seconds
[2024-07-03T15:17:00.690+0000] {processor.py:154} INFO - Started process (PID=1062) to work on /home/airflow/.local/lib/python3.7/site-packages/airflow/example_dags/example_xcomargs.py
[2024-07-03T15:17:00.692+0000] {processor.py:756} INFO - Processing file /home/airflow/.local/lib/python3.7/site-packages/airflow/example_dags/example_xcomargs.py for tasks to queue
[2024-07-03T15:17:00.692+0000] {logging_mixin.py:120} INFO - [2024-07-03T15:17:00.692+0000] {dagbag.py:537} INFO - Filling up the DagBag from /home/airflow/.local/lib/python3.7/site-packages/airflow/example_dags/example_xcomargs.py
[2024-07-03T15:17:00.714+0000] {processor.py:766} INFO - DAG(s) dict_keys(['example_xcom_args_with_operators', 'example_xcom_args']) retrieved from /home/airflow/.local/lib/python3.7/site-packages/airflow/example_dags/example_xcomargs.py
[2024-07-03T15:17:00.751+0000] {logging_mixin.py:120} INFO - [2024-07-03T15:17:00.751+0000] {dag.py:2585} INFO - Sync 2 DAGs
[2024-07-03T15:17:00.772+0000] {logging_mixin.py:120} INFO - [2024-07-03T15:17:00.771+0000] {dag.py:3340} INFO - Setting next_dagrun for example_xcom_args to None, run_after=None
[2024-07-03T15:17:00.774+0000] {logging_mixin.py:120} INFO - [2024-07-03T15:17:00.774+0000] {dag.py:3340} INFO - Setting next_dagrun for example_xcom_args_with_operators to None, run_after=None
[2024-07-03T15:17:00.789+0000] {processor.py:176} INFO - Processing /home/airflow/.local/lib/python3.7/site-packages/airflow/example_dags/example_xcomargs.py took 0.102 seconds
[2024-07-03T15:17:31.641+0000] {processor.py:154} INFO - Started process (PID=1126) to work on /home/airflow/.local/lib/python3.7/site-packages/airflow/example_dags/example_xcomargs.py
[2024-07-03T15:17:31.642+0000] {processor.py:756} INFO - Processing file /home/airflow/.local/lib/python3.7/site-packages/airflow/example_dags/example_xcomargs.py for tasks to queue
[2024-07-03T15:17:31.643+0000] {logging_mixin.py:120} INFO - [2024-07-03T15:17:31.643+0000] {dagbag.py:537} INFO - Filling up the DagBag from /home/airflow/.local/lib/python3.7/site-packages/airflow/example_dags/example_xcomargs.py
[2024-07-03T15:17:31.661+0000] {processor.py:766} INFO - DAG(s) dict_keys(['example_xcom_args_with_operators', 'example_xcom_args']) retrieved from /home/airflow/.local/lib/python3.7/site-packages/airflow/example_dags/example_xcomargs.py
[2024-07-03T15:17:31.705+0000] {logging_mixin.py:120} INFO - [2024-07-03T15:17:31.704+0000] {dag.py:2585} INFO - Sync 2 DAGs
[2024-07-03T15:17:31.724+0000] {logging_mixin.py:120} INFO - [2024-07-03T15:17:31.723+0000] {dag.py:3340} INFO - Setting next_dagrun for example_xcom_args to None, run_after=None
[2024-07-03T15:17:31.727+0000] {logging_mixin.py:120} INFO - [2024-07-03T15:17:31.727+0000] {dag.py:3340} INFO - Setting next_dagrun for example_xcom_args_with_operators to None, run_after=None
[2024-07-03T15:17:31.750+0000] {processor.py:176} INFO - Processing /home/airflow/.local/lib/python3.7/site-packages/airflow/example_dags/example_xcomargs.py took 0.112 seconds
[2024-07-03T15:18:02.148+0000] {processor.py:154} INFO - Started process (PID=1189) to work on /home/airflow/.local/lib/python3.7/site-packages/airflow/example_dags/example_xcomargs.py
[2024-07-03T15:18:02.149+0000] {processor.py:756} INFO - Processing file /home/airflow/.local/lib/python3.7/site-packages/airflow/example_dags/example_xcomargs.py for tasks to queue
[2024-07-03T15:18:02.150+0000] {logging_mixin.py:120} INFO - [2024-07-03T15:18:02.150+0000] {dagbag.py:537} INFO - Filling up the DagBag from /home/airflow/.local/lib/python3.7/site-packages/airflow/example_dags/example_xcomargs.py
[2024-07-03T15:18:02.173+0000] {processor.py:766} INFO - DAG(s) dict_keys(['example_xcom_args', 'example_xcom_args_with_operators']) retrieved from /home/airflow/.local/lib/python3.7/site-packages/airflow/example_dags/example_xcomargs.py
[2024-07-03T15:18:02.219+0000] {logging_mixin.py:120} INFO - [2024-07-03T15:18:02.219+0000] {dag.py:2585} INFO - Sync 2 DAGs
[2024-07-03T15:18:02.241+0000] {logging_mixin.py:120} INFO - [2024-07-03T15:18:02.241+0000] {dag.py:3340} INFO - Setting next_dagrun for example_xcom_args to None, run_after=None
[2024-07-03T15:18:02.244+0000] {logging_mixin.py:120} INFO - [2024-07-03T15:18:02.244+0000] {dag.py:3340} INFO - Setting next_dagrun for example_xcom_args_with_operators to None, run_after=None
[2024-07-03T15:18:02.261+0000] {processor.py:176} INFO - Processing /home/airflow/.local/lib/python3.7/site-packages/airflow/example_dags/example_xcomargs.py took 0.116 seconds
[2024-07-03T15:18:33.405+0000] {processor.py:154} INFO - Started process (PID=1243) to work on /home/airflow/.local/lib/python3.7/site-packages/airflow/example_dags/example_xcomargs.py
[2024-07-03T15:18:33.406+0000] {processor.py:756} INFO - Processing file /home/airflow/.local/lib/python3.7/site-packages/airflow/example_dags/example_xcomargs.py for tasks to queue
[2024-07-03T15:18:33.407+0000] {logging_mixin.py:120} INFO - [2024-07-03T15:18:33.407+0000] {dagbag.py:537} INFO - Filling up the DagBag from /home/airflow/.local/lib/python3.7/site-packages/airflow/example_dags/example_xcomargs.py
[2024-07-03T15:18:33.431+0000] {processor.py:766} INFO - DAG(s) dict_keys(['example_xcom_args_with_operators', 'example_xcom_args']) retrieved from /home/airflow/.local/lib/python3.7/site-packages/airflow/example_dags/example_xcomargs.py
[2024-07-03T15:18:33.472+0000] {logging_mixin.py:120} INFO - [2024-07-03T15:18:33.472+0000] {dag.py:2585} INFO - Sync 2 DAGs
[2024-07-03T15:18:33.498+0000] {logging_mixin.py:120} INFO - [2024-07-03T15:18:33.498+0000] {dag.py:3340} INFO - Setting next_dagrun for example_xcom_args to None, run_after=None
[2024-07-03T15:18:33.503+0000] {logging_mixin.py:120} INFO - [2024-07-03T15:18:33.503+0000] {dag.py:3340} INFO - Setting next_dagrun for example_xcom_args_with_operators to None, run_after=None
[2024-07-03T15:18:33.528+0000] {processor.py:176} INFO - Processing /home/airflow/.local/lib/python3.7/site-packages/airflow/example_dags/example_xcomargs.py took 0.133 seconds
[2024-07-03T15:19:04.440+0000] {processor.py:154} INFO - Started process (PID=1307) to work on /home/airflow/.local/lib/python3.7/site-packages/airflow/example_dags/example_xcomargs.py
[2024-07-03T15:19:04.442+0000] {processor.py:756} INFO - Processing file /home/airflow/.local/lib/python3.7/site-packages/airflow/example_dags/example_xcomargs.py for tasks to queue
[2024-07-03T15:19:04.442+0000] {logging_mixin.py:120} INFO - [2024-07-03T15:19:04.442+0000] {dagbag.py:537} INFO - Filling up the DagBag from /home/airflow/.local/lib/python3.7/site-packages/airflow/example_dags/example_xcomargs.py
[2024-07-03T15:19:04.459+0000] {processor.py:766} INFO - DAG(s) dict_keys(['example_xcom_args', 'example_xcom_args_with_operators']) retrieved from /home/airflow/.local/lib/python3.7/site-packages/airflow/example_dags/example_xcomargs.py
[2024-07-03T15:19:04.494+0000] {logging_mixin.py:120} INFO - [2024-07-03T15:19:04.494+0000] {dag.py:2585} INFO - Sync 2 DAGs
[2024-07-03T15:19:04.515+0000] {logging_mixin.py:120} INFO - [2024-07-03T15:19:04.515+0000] {dag.py:3340} INFO - Setting next_dagrun for example_xcom_args to None, run_after=None
[2024-07-03T15:19:04.518+0000] {logging_mixin.py:120} INFO - [2024-07-03T15:19:04.518+0000] {dag.py:3340} INFO - Setting next_dagrun for example_xcom_args_with_operators to None, run_after=None
[2024-07-03T15:19:04.534+0000] {processor.py:176} INFO - Processing /home/airflow/.local/lib/python3.7/site-packages/airflow/example_dags/example_xcomargs.py took 0.096 seconds
[2024-07-03T15:19:34.960+0000] {processor.py:154} INFO - Started process (PID=1371) to work on /home/airflow/.local/lib/python3.7/site-packages/airflow/example_dags/example_xcomargs.py
[2024-07-03T15:19:34.961+0000] {processor.py:756} INFO - Processing file /home/airflow/.local/lib/python3.7/site-packages/airflow/example_dags/example_xcomargs.py for tasks to queue
[2024-07-03T15:19:34.962+0000] {logging_mixin.py:120} INFO - [2024-07-03T15:19:34.962+0000] {dagbag.py:537} INFO - Filling up the DagBag from /home/airflow/.local/lib/python3.7/site-packages/airflow/example_dags/example_xcomargs.py
[2024-07-03T15:19:34.980+0000] {processor.py:766} INFO - DAG(s) dict_keys(['example_xcom_args', 'example_xcom_args_with_operators']) retrieved from /home/airflow/.local/lib/python3.7/site-packages/airflow/example_dags/example_xcomargs.py
[2024-07-03T15:19:35.025+0000] {logging_mixin.py:120} INFO - [2024-07-03T15:19:35.025+0000] {dag.py:2585} INFO - Sync 2 DAGs
[2024-07-03T15:19:35.052+0000] {logging_mixin.py:120} INFO - [2024-07-03T15:19:35.052+0000] {dag.py:3340} INFO - Setting next_dagrun for example_xcom_args to None, run_after=None
[2024-07-03T15:19:35.056+0000] {logging_mixin.py:120} INFO - [2024-07-03T15:19:35.056+0000] {dag.py:3340} INFO - Setting next_dagrun for example_xcom_args_with_operators to None, run_after=None
[2024-07-03T15:19:35.077+0000] {processor.py:176} INFO - Processing /home/airflow/.local/lib/python3.7/site-packages/airflow/example_dags/example_xcomargs.py took 0.119 seconds
[2024-07-03T15:20:05.266+0000] {processor.py:154} INFO - Started process (PID=1435) to work on /home/airflow/.local/lib/python3.7/site-packages/airflow/example_dags/example_xcomargs.py
[2024-07-03T15:20:05.267+0000] {processor.py:756} INFO - Processing file /home/airflow/.local/lib/python3.7/site-packages/airflow/example_dags/example_xcomargs.py for tasks to queue
[2024-07-03T15:20:05.267+0000] {logging_mixin.py:120} INFO - [2024-07-03T15:20:05.267+0000] {dagbag.py:537} INFO - Filling up the DagBag from /home/airflow/.local/lib/python3.7/site-packages/airflow/example_dags/example_xcomargs.py
[2024-07-03T15:20:05.291+0000] {processor.py:766} INFO - DAG(s) dict_keys(['example_xcom_args', 'example_xcom_args_with_operators']) retrieved from /home/airflow/.local/lib/python3.7/site-packages/airflow/example_dags/example_xcomargs.py
[2024-07-03T15:20:05.326+0000] {logging_mixin.py:120} INFO - [2024-07-03T15:20:05.326+0000] {dag.py:2585} INFO - Sync 2 DAGs
[2024-07-03T15:20:05.349+0000] {logging_mixin.py:120} INFO - [2024-07-03T15:20:05.349+0000] {dag.py:3340} INFO - Setting next_dagrun for example_xcom_args to None, run_after=None
[2024-07-03T15:20:05.353+0000] {logging_mixin.py:120} INFO - [2024-07-03T15:20:05.353+0000] {dag.py:3340} INFO - Setting next_dagrun for example_xcom_args_with_operators to None, run_after=None
[2024-07-03T15:20:05.373+0000] {processor.py:176} INFO - Processing /home/airflow/.local/lib/python3.7/site-packages/airflow/example_dags/example_xcomargs.py took 0.110 seconds
[2024-07-03T15:20:35.880+0000] {processor.py:154} INFO - Started process (PID=1489) to work on /home/airflow/.local/lib/python3.7/site-packages/airflow/example_dags/example_xcomargs.py
[2024-07-03T15:20:35.881+0000] {processor.py:756} INFO - Processing file /home/airflow/.local/lib/python3.7/site-packages/airflow/example_dags/example_xcomargs.py for tasks to queue
[2024-07-03T15:20:35.885+0000] {logging_mixin.py:120} INFO - [2024-07-03T15:20:35.885+0000] {dagbag.py:537} INFO - Filling up the DagBag from /home/airflow/.local/lib/python3.7/site-packages/airflow/example_dags/example_xcomargs.py
[2024-07-03T15:20:35.902+0000] {processor.py:766} INFO - DAG(s) dict_keys(['example_xcom_args_with_operators', 'example_xcom_args']) retrieved from /home/airflow/.local/lib/python3.7/site-packages/airflow/example_dags/example_xcomargs.py
[2024-07-03T15:20:35.951+0000] {logging_mixin.py:120} INFO - [2024-07-03T15:20:35.951+0000] {dag.py:2585} INFO - Sync 2 DAGs
[2024-07-03T15:20:35.969+0000] {logging_mixin.py:120} INFO - [2024-07-03T15:20:35.969+0000] {dag.py:3340} INFO - Setting next_dagrun for example_xcom_args to None, run_after=None
[2024-07-03T15:20:35.972+0000] {logging_mixin.py:120} INFO - [2024-07-03T15:20:35.972+0000] {dag.py:3340} INFO - Setting next_dagrun for example_xcom_args_with_operators to None, run_after=None
[2024-07-03T15:20:35.989+0000] {processor.py:176} INFO - Processing /home/airflow/.local/lib/python3.7/site-packages/airflow/example_dags/example_xcomargs.py took 0.112 seconds
[2024-07-03T15:21:06.649+0000] {processor.py:154} INFO - Started process (PID=1553) to work on /home/airflow/.local/lib/python3.7/site-packages/airflow/example_dags/example_xcomargs.py
[2024-07-03T15:21:06.650+0000] {processor.py:756} INFO - Processing file /home/airflow/.local/lib/python3.7/site-packages/airflow/example_dags/example_xcomargs.py for tasks to queue
[2024-07-03T15:21:06.650+0000] {logging_mixin.py:120} INFO - [2024-07-03T15:21:06.650+0000] {dagbag.py:537} INFO - Filling up the DagBag from /home/airflow/.local/lib/python3.7/site-packages/airflow/example_dags/example_xcomargs.py
[2024-07-03T15:21:06.667+0000] {processor.py:766} INFO - DAG(s) dict_keys(['example_xcom_args_with_operators', 'example_xcom_args']) retrieved from /home/airflow/.local/lib/python3.7/site-packages/airflow/example_dags/example_xcomargs.py
[2024-07-03T15:21:06.699+0000] {logging_mixin.py:120} INFO - [2024-07-03T15:21:06.699+0000] {dag.py:2585} INFO - Sync 2 DAGs
[2024-07-03T15:21:06.717+0000] {logging_mixin.py:120} INFO - [2024-07-03T15:21:06.717+0000] {dag.py:3340} INFO - Setting next_dagrun for example_xcom_args to None, run_after=None
[2024-07-03T15:21:06.721+0000] {logging_mixin.py:120} INFO - [2024-07-03T15:21:06.721+0000] {dag.py:3340} INFO - Setting next_dagrun for example_xcom_args_with_operators to None, run_after=None
[2024-07-03T15:21:06.737+0000] {processor.py:176} INFO - Processing /home/airflow/.local/lib/python3.7/site-packages/airflow/example_dags/example_xcomargs.py took 0.091 seconds
[2024-07-03T15:21:37.033+0000] {processor.py:154} INFO - Started process (PID=1616) to work on /home/airflow/.local/lib/python3.7/site-packages/airflow/example_dags/example_xcomargs.py
[2024-07-03T15:21:37.034+0000] {processor.py:756} INFO - Processing file /home/airflow/.local/lib/python3.7/site-packages/airflow/example_dags/example_xcomargs.py for tasks to queue
[2024-07-03T15:21:37.036+0000] {logging_mixin.py:120} INFO - [2024-07-03T15:21:37.035+0000] {dagbag.py:537} INFO - Filling up the DagBag from /home/airflow/.local/lib/python3.7/site-packages/airflow/example_dags/example_xcomargs.py
[2024-07-03T15:21:37.057+0000] {processor.py:766} INFO - DAG(s) dict_keys(['example_xcom_args', 'example_xcom_args_with_operators']) retrieved from /home/airflow/.local/lib/python3.7/site-packages/airflow/example_dags/example_xcomargs.py
[2024-07-03T15:21:37.108+0000] {logging_mixin.py:120} INFO - [2024-07-03T15:21:37.108+0000] {dag.py:2585} INFO - Sync 2 DAGs
[2024-07-03T15:21:37.139+0000] {logging_mixin.py:120} INFO - [2024-07-03T15:21:37.139+0000] {dag.py:3340} INFO - Setting next_dagrun for example_xcom_args to None, run_after=None
[2024-07-03T15:21:37.145+0000] {logging_mixin.py:120} INFO - [2024-07-03T15:21:37.145+0000] {dag.py:3340} INFO - Setting next_dagrun for example_xcom_args_with_operators to None, run_after=None
[2024-07-03T15:21:37.165+0000] {processor.py:176} INFO - Processing /home/airflow/.local/lib/python3.7/site-packages/airflow/example_dags/example_xcomargs.py took 0.138 seconds
[2024-07-03T15:22:07.328+0000] {processor.py:154} INFO - Started process (PID=1682) to work on /home/airflow/.local/lib/python3.7/site-packages/airflow/example_dags/example_xcomargs.py
[2024-07-03T15:22:07.329+0000] {processor.py:756} INFO - Processing file /home/airflow/.local/lib/python3.7/site-packages/airflow/example_dags/example_xcomargs.py for tasks to queue
[2024-07-03T15:22:07.330+0000] {logging_mixin.py:120} INFO - [2024-07-03T15:22:07.330+0000] {dagbag.py:537} INFO - Filling up the DagBag from /home/airflow/.local/lib/python3.7/site-packages/airflow/example_dags/example_xcomargs.py
[2024-07-03T15:22:07.347+0000] {processor.py:766} INFO - DAG(s) dict_keys(['example_xcom_args_with_operators', 'example_xcom_args']) retrieved from /home/airflow/.local/lib/python3.7/site-packages/airflow/example_dags/example_xcomargs.py
[2024-07-03T15:22:07.384+0000] {logging_mixin.py:120} INFO - [2024-07-03T15:22:07.384+0000] {dag.py:2585} INFO - Sync 2 DAGs
[2024-07-03T15:22:07.405+0000] {logging_mixin.py:120} INFO - [2024-07-03T15:22:07.405+0000] {dag.py:3340} INFO - Setting next_dagrun for example_xcom_args to None, run_after=None
[2024-07-03T15:22:07.408+0000] {logging_mixin.py:120} INFO - [2024-07-03T15:22:07.408+0000] {dag.py:3340} INFO - Setting next_dagrun for example_xcom_args_with_operators to None, run_after=None
[2024-07-03T15:22:07.424+0000] {processor.py:176} INFO - Processing /home/airflow/.local/lib/python3.7/site-packages/airflow/example_dags/example_xcomargs.py took 0.098 seconds
[2024-07-03T15:22:38.182+0000] {processor.py:154} INFO - Started process (PID=1737) to work on /home/airflow/.local/lib/python3.7/site-packages/airflow/example_dags/example_xcomargs.py
[2024-07-03T15:22:38.182+0000] {processor.py:756} INFO - Processing file /home/airflow/.local/lib/python3.7/site-packages/airflow/example_dags/example_xcomargs.py for tasks to queue
[2024-07-03T15:22:38.183+0000] {logging_mixin.py:120} INFO - [2024-07-03T15:22:38.183+0000] {dagbag.py:537} INFO - Filling up the DagBag from /home/airflow/.local/lib/python3.7/site-packages/airflow/example_dags/example_xcomargs.py
[2024-07-03T15:22:38.206+0000] {processor.py:766} INFO - DAG(s) dict_keys(['example_xcom_args_with_operators', 'example_xcom_args']) retrieved from /home/airflow/.local/lib/python3.7/site-packages/airflow/example_dags/example_xcomargs.py
[2024-07-03T15:22:38.251+0000] {logging_mixin.py:120} INFO - [2024-07-03T15:22:38.251+0000] {dag.py:2585} INFO - Sync 2 DAGs
[2024-07-03T15:22:38.276+0000] {logging_mixin.py:120} INFO - [2024-07-03T15:22:38.276+0000] {dag.py:3340} INFO - Setting next_dagrun for example_xcom_args to None, run_after=None
[2024-07-03T15:22:38.281+0000] {logging_mixin.py:120} INFO - [2024-07-03T15:22:38.281+0000] {dag.py:3340} INFO - Setting next_dagrun for example_xcom_args_with_operators to None, run_after=None
[2024-07-03T15:22:38.300+0000] {processor.py:176} INFO - Processing /home/airflow/.local/lib/python3.7/site-packages/airflow/example_dags/example_xcomargs.py took 0.120 seconds
[2024-07-03T15:23:08.435+0000] {processor.py:154} INFO - Started process (PID=1802) to work on /home/airflow/.local/lib/python3.7/site-packages/airflow/example_dags/example_xcomargs.py
[2024-07-03T15:23:08.435+0000] {processor.py:756} INFO - Processing file /home/airflow/.local/lib/python3.7/site-packages/airflow/example_dags/example_xcomargs.py for tasks to queue
[2024-07-03T15:23:08.436+0000] {logging_mixin.py:120} INFO - [2024-07-03T15:23:08.436+0000] {dagbag.py:537} INFO - Filling up the DagBag from /home/airflow/.local/lib/python3.7/site-packages/airflow/example_dags/example_xcomargs.py
[2024-07-03T15:23:08.455+0000] {processor.py:766} INFO - DAG(s) dict_keys(['example_xcom_args', 'example_xcom_args_with_operators']) retrieved from /home/airflow/.local/lib/python3.7/site-packages/airflow/example_dags/example_xcomargs.py
[2024-07-03T15:23:08.488+0000] {logging_mixin.py:120} INFO - [2024-07-03T15:23:08.488+0000] {dag.py:2585} INFO - Sync 2 DAGs
[2024-07-03T15:23:08.506+0000] {logging_mixin.py:120} INFO - [2024-07-03T15:23:08.506+0000] {dag.py:3340} INFO - Setting next_dagrun for example_xcom_args to None, run_after=None
[2024-07-03T15:23:08.510+0000] {logging_mixin.py:120} INFO - [2024-07-03T15:23:08.509+0000] {dag.py:3340} INFO - Setting next_dagrun for example_xcom_args_with_operators to None, run_after=None
[2024-07-03T15:23:08.522+0000] {processor.py:176} INFO - Processing /home/airflow/.local/lib/python3.7/site-packages/airflow/example_dags/example_xcomargs.py took 0.090 seconds
[2024-07-03T15:23:39.056+0000] {processor.py:154} INFO - Started process (PID=1868) to work on /home/airflow/.local/lib/python3.7/site-packages/airflow/example_dags/example_xcomargs.py
[2024-07-03T15:23:39.059+0000] {processor.py:756} INFO - Processing file /home/airflow/.local/lib/python3.7/site-packages/airflow/example_dags/example_xcomargs.py for tasks to queue
[2024-07-03T15:23:39.060+0000] {logging_mixin.py:120} INFO - [2024-07-03T15:23:39.060+0000] {dagbag.py:537} INFO - Filling up the DagBag from /home/airflow/.local/lib/python3.7/site-packages/airflow/example_dags/example_xcomargs.py
[2024-07-03T15:23:39.078+0000] {processor.py:766} INFO - DAG(s) dict_keys(['example_xcom_args', 'example_xcom_args_with_operators']) retrieved from /home/airflow/.local/lib/python3.7/site-packages/airflow/example_dags/example_xcomargs.py
[2024-07-03T15:23:39.119+0000] {logging_mixin.py:120} INFO - [2024-07-03T15:23:39.119+0000] {dag.py:2585} INFO - Sync 2 DAGs
[2024-07-03T15:23:39.139+0000] {logging_mixin.py:120} INFO - [2024-07-03T15:23:39.139+0000] {dag.py:3340} INFO - Setting next_dagrun for example_xcom_args to None, run_after=None
[2024-07-03T15:23:39.143+0000] {logging_mixin.py:120} INFO - [2024-07-03T15:23:39.143+0000] {dag.py:3340} INFO - Setting next_dagrun for example_xcom_args_with_operators to None, run_after=None
[2024-07-03T15:23:39.156+0000] {processor.py:176} INFO - Processing /home/airflow/.local/lib/python3.7/site-packages/airflow/example_dags/example_xcomargs.py took 0.102 seconds
