[2024-08-06T09:19:10.050+0000] {processor.py:161} INFO - Started process (PID=63) to work on /home/airflow/.local/lib/python3.12/site-packages/airflow/example_dags/example_python_operator.py
[2024-08-06T09:19:10.052+0000] {processor.py:830} INFO - Processing file /home/airflow/.local/lib/python3.12/site-packages/airflow/example_dags/example_python_operator.py for tasks to queue
[2024-08-06T09:19:10.054+0000] {logging_mixin.py:188} INFO - [2024-08-06T09:19:10.054+0000] {dagbag.py:545} INFO - Filling up the DagBag from /home/airflow/.local/lib/python3.12/site-packages/airflow/example_dags/example_python_operator.py
[2024-08-06T09:19:10.069+0000] {processor.py:840} INFO - DAG(s) 'example_python_operator' retrieved from /home/airflow/.local/lib/python3.12/site-packages/airflow/example_dags/example_python_operator.py
[2024-08-06T09:19:10.197+0000] {logging_mixin.py:188} INFO - [2024-08-06T09:19:10.197+0000] {dag.py:3089} INFO - Sync 1 DAGs
[2024-08-06T09:19:10.209+0000] {logging_mixin.py:188} INFO - [2024-08-06T09:19:10.208+0000] {dag.py:3947} INFO - Setting next_dagrun for example_python_operator to None, run_after=None
[2024-08-06T09:19:10.235+0000] {processor.py:183} INFO - Processing /home/airflow/.local/lib/python3.12/site-packages/airflow/example_dags/example_python_operator.py took 0.191 seconds
[2024-08-06T09:19:41.787+0000] {processor.py:161} INFO - Started process (PID=128) to work on /home/airflow/.local/lib/python3.12/site-packages/airflow/example_dags/example_python_operator.py
[2024-08-06T09:19:41.791+0000] {processor.py:830} INFO - Processing file /home/airflow/.local/lib/python3.12/site-packages/airflow/example_dags/example_python_operator.py for tasks to queue
[2024-08-06T09:19:41.798+0000] {logging_mixin.py:188} INFO - [2024-08-06T09:19:41.796+0000] {dagbag.py:545} INFO - Filling up the DagBag from /home/airflow/.local/lib/python3.12/site-packages/airflow/example_dags/example_python_operator.py
[2024-08-06T09:19:41.824+0000] {processor.py:840} INFO - DAG(s) 'example_python_operator' retrieved from /home/airflow/.local/lib/python3.12/site-packages/airflow/example_dags/example_python_operator.py
[2024-08-06T09:19:41.871+0000] {logging_mixin.py:188} INFO - [2024-08-06T09:19:41.870+0000] {dag.py:3089} INFO - Sync 1 DAGs
[2024-08-06T09:19:41.893+0000] {logging_mixin.py:188} INFO - [2024-08-06T09:19:41.893+0000] {dag.py:3947} INFO - Setting next_dagrun for example_python_operator to None, run_after=None
[2024-08-06T09:19:41.928+0000] {processor.py:183} INFO - Processing /home/airflow/.local/lib/python3.12/site-packages/airflow/example_dags/example_python_operator.py took 0.156 seconds
[2024-08-06T09:20:12.685+0000] {processor.py:161} INFO - Started process (PID=193) to work on /home/airflow/.local/lib/python3.12/site-packages/airflow/example_dags/example_python_operator.py
[2024-08-06T09:20:12.687+0000] {processor.py:830} INFO - Processing file /home/airflow/.local/lib/python3.12/site-packages/airflow/example_dags/example_python_operator.py for tasks to queue
[2024-08-06T09:20:12.691+0000] {logging_mixin.py:188} INFO - [2024-08-06T09:20:12.690+0000] {dagbag.py:545} INFO - Filling up the DagBag from /home/airflow/.local/lib/python3.12/site-packages/airflow/example_dags/example_python_operator.py
[2024-08-06T09:20:12.706+0000] {processor.py:840} INFO - DAG(s) 'example_python_operator' retrieved from /home/airflow/.local/lib/python3.12/site-packages/airflow/example_dags/example_python_operator.py
[2024-08-06T09:20:12.737+0000] {logging_mixin.py:188} INFO - [2024-08-06T09:20:12.736+0000] {dag.py:3089} INFO - Sync 1 DAGs
[2024-08-06T09:20:12.753+0000] {logging_mixin.py:188} INFO - [2024-08-06T09:20:12.753+0000] {dag.py:3947} INFO - Setting next_dagrun for example_python_operator to None, run_after=None
[2024-08-06T09:20:12.780+0000] {processor.py:183} INFO - Processing /home/airflow/.local/lib/python3.12/site-packages/airflow/example_dags/example_python_operator.py took 0.104 seconds
[2024-08-06T09:20:43.391+0000] {processor.py:161} INFO - Started process (PID=258) to work on /home/airflow/.local/lib/python3.12/site-packages/airflow/example_dags/example_python_operator.py
[2024-08-06T09:20:43.392+0000] {processor.py:830} INFO - Processing file /home/airflow/.local/lib/python3.12/site-packages/airflow/example_dags/example_python_operator.py for tasks to queue
[2024-08-06T09:20:43.394+0000] {logging_mixin.py:188} INFO - [2024-08-06T09:20:43.394+0000] {dagbag.py:545} INFO - Filling up the DagBag from /home/airflow/.local/lib/python3.12/site-packages/airflow/example_dags/example_python_operator.py
[2024-08-06T09:20:43.406+0000] {processor.py:840} INFO - DAG(s) 'example_python_operator' retrieved from /home/airflow/.local/lib/python3.12/site-packages/airflow/example_dags/example_python_operator.py
[2024-08-06T09:20:43.430+0000] {logging_mixin.py:188} INFO - [2024-08-06T09:20:43.430+0000] {dag.py:3089} INFO - Sync 1 DAGs
[2024-08-06T09:20:43.445+0000] {logging_mixin.py:188} INFO - [2024-08-06T09:20:43.444+0000] {dag.py:3947} INFO - Setting next_dagrun for example_python_operator to None, run_after=None
[2024-08-06T09:20:43.470+0000] {processor.py:183} INFO - Processing /home/airflow/.local/lib/python3.12/site-packages/airflow/example_dags/example_python_operator.py took 0.086 seconds
[2024-08-06T09:21:14.956+0000] {processor.py:161} INFO - Started process (PID=323) to work on /home/airflow/.local/lib/python3.12/site-packages/airflow/example_dags/example_python_operator.py
[2024-08-06T09:21:14.957+0000] {processor.py:830} INFO - Processing file /home/airflow/.local/lib/python3.12/site-packages/airflow/example_dags/example_python_operator.py for tasks to queue
[2024-08-06T09:21:14.960+0000] {logging_mixin.py:188} INFO - [2024-08-06T09:21:14.959+0000] {dagbag.py:545} INFO - Filling up the DagBag from /home/airflow/.local/lib/python3.12/site-packages/airflow/example_dags/example_python_operator.py
[2024-08-06T09:21:14.977+0000] {processor.py:840} INFO - DAG(s) 'example_python_operator' retrieved from /home/airflow/.local/lib/python3.12/site-packages/airflow/example_dags/example_python_operator.py
[2024-08-06T09:21:15.009+0000] {logging_mixin.py:188} INFO - [2024-08-06T09:21:15.009+0000] {dag.py:3089} INFO - Sync 1 DAGs
[2024-08-06T09:21:15.030+0000] {logging_mixin.py:188} INFO - [2024-08-06T09:21:15.030+0000] {dag.py:3947} INFO - Setting next_dagrun for example_python_operator to None, run_after=None
[2024-08-06T09:21:15.054+0000] {processor.py:183} INFO - Processing /home/airflow/.local/lib/python3.12/site-packages/airflow/example_dags/example_python_operator.py took 0.107 seconds
[2024-08-06T09:21:46.022+0000] {processor.py:161} INFO - Started process (PID=388) to work on /home/airflow/.local/lib/python3.12/site-packages/airflow/example_dags/example_python_operator.py
[2024-08-06T09:21:46.029+0000] {processor.py:830} INFO - Processing file /home/airflow/.local/lib/python3.12/site-packages/airflow/example_dags/example_python_operator.py for tasks to queue
[2024-08-06T09:21:46.033+0000] {logging_mixin.py:188} INFO - [2024-08-06T09:21:46.032+0000] {dagbag.py:545} INFO - Filling up the DagBag from /home/airflow/.local/lib/python3.12/site-packages/airflow/example_dags/example_python_operator.py
[2024-08-06T09:21:46.052+0000] {processor.py:840} INFO - DAG(s) 'example_python_operator' retrieved from /home/airflow/.local/lib/python3.12/site-packages/airflow/example_dags/example_python_operator.py
[2024-08-06T09:21:46.086+0000] {logging_mixin.py:188} INFO - [2024-08-06T09:21:46.085+0000] {dag.py:3089} INFO - Sync 1 DAGs
[2024-08-06T09:21:46.101+0000] {logging_mixin.py:188} INFO - [2024-08-06T09:21:46.101+0000] {dag.py:3947} INFO - Setting next_dagrun for example_python_operator to None, run_after=None
[2024-08-06T09:21:46.126+0000] {processor.py:183} INFO - Processing /home/airflow/.local/lib/python3.12/site-packages/airflow/example_dags/example_python_operator.py took 0.115 seconds
[2024-08-06T09:22:17.616+0000] {processor.py:161} INFO - Started process (PID=453) to work on /home/airflow/.local/lib/python3.12/site-packages/airflow/example_dags/example_python_operator.py
[2024-08-06T09:22:17.619+0000] {processor.py:830} INFO - Processing file /home/airflow/.local/lib/python3.12/site-packages/airflow/example_dags/example_python_operator.py for tasks to queue
[2024-08-06T09:22:17.622+0000] {logging_mixin.py:188} INFO - [2024-08-06T09:22:17.621+0000] {dagbag.py:545} INFO - Filling up the DagBag from /home/airflow/.local/lib/python3.12/site-packages/airflow/example_dags/example_python_operator.py
[2024-08-06T09:22:17.639+0000] {processor.py:840} INFO - DAG(s) 'example_python_operator' retrieved from /home/airflow/.local/lib/python3.12/site-packages/airflow/example_dags/example_python_operator.py
[2024-08-06T09:22:17.668+0000] {logging_mixin.py:188} INFO - [2024-08-06T09:22:17.668+0000] {dag.py:3089} INFO - Sync 1 DAGs
[2024-08-06T09:22:17.685+0000] {logging_mixin.py:188} INFO - [2024-08-06T09:22:17.685+0000] {dag.py:3947} INFO - Setting next_dagrun for example_python_operator to None, run_after=None
[2024-08-06T09:22:17.708+0000] {processor.py:183} INFO - Processing /home/airflow/.local/lib/python3.12/site-packages/airflow/example_dags/example_python_operator.py took 0.101 seconds
[2024-08-06T09:22:49.374+0000] {processor.py:161} INFO - Started process (PID=518) to work on /home/airflow/.local/lib/python3.12/site-packages/airflow/example_dags/example_python_operator.py
[2024-08-06T09:22:49.377+0000] {processor.py:830} INFO - Processing file /home/airflow/.local/lib/python3.12/site-packages/airflow/example_dags/example_python_operator.py for tasks to queue
[2024-08-06T09:22:49.385+0000] {logging_mixin.py:188} INFO - [2024-08-06T09:22:49.383+0000] {dagbag.py:545} INFO - Filling up the DagBag from /home/airflow/.local/lib/python3.12/site-packages/airflow/example_dags/example_python_operator.py
[2024-08-06T09:22:49.400+0000] {processor.py:840} INFO - DAG(s) 'example_python_operator' retrieved from /home/airflow/.local/lib/python3.12/site-packages/airflow/example_dags/example_python_operator.py
[2024-08-06T09:22:49.434+0000] {logging_mixin.py:188} INFO - [2024-08-06T09:22:49.434+0000] {dag.py:3089} INFO - Sync 1 DAGs
[2024-08-06T09:22:49.451+0000] {logging_mixin.py:188} INFO - [2024-08-06T09:22:49.451+0000] {dag.py:3947} INFO - Setting next_dagrun for example_python_operator to None, run_after=None
[2024-08-06T09:22:49.477+0000] {processor.py:183} INFO - Processing /home/airflow/.local/lib/python3.12/site-packages/airflow/example_dags/example_python_operator.py took 0.113 seconds
[2024-08-06T09:23:20.123+0000] {processor.py:161} INFO - Started process (PID=583) to work on /home/airflow/.local/lib/python3.12/site-packages/airflow/example_dags/example_python_operator.py
[2024-08-06T09:23:20.124+0000] {processor.py:830} INFO - Processing file /home/airflow/.local/lib/python3.12/site-packages/airflow/example_dags/example_python_operator.py for tasks to queue
[2024-08-06T09:23:20.128+0000] {logging_mixin.py:188} INFO - [2024-08-06T09:23:20.127+0000] {dagbag.py:545} INFO - Filling up the DagBag from /home/airflow/.local/lib/python3.12/site-packages/airflow/example_dags/example_python_operator.py
[2024-08-06T09:23:20.141+0000] {processor.py:840} INFO - DAG(s) 'example_python_operator' retrieved from /home/airflow/.local/lib/python3.12/site-packages/airflow/example_dags/example_python_operator.py
[2024-08-06T09:23:20.169+0000] {logging_mixin.py:188} INFO - [2024-08-06T09:23:20.169+0000] {dag.py:3089} INFO - Sync 1 DAGs
[2024-08-06T09:23:20.184+0000] {logging_mixin.py:188} INFO - [2024-08-06T09:23:20.184+0000] {dag.py:3947} INFO - Setting next_dagrun for example_python_operator to None, run_after=None
[2024-08-06T09:23:20.210+0000] {processor.py:183} INFO - Processing /home/airflow/.local/lib/python3.12/site-packages/airflow/example_dags/example_python_operator.py took 0.096 seconds
[2024-08-06T09:23:51.440+0000] {processor.py:161} INFO - Started process (PID=654) to work on /home/airflow/.local/lib/python3.12/site-packages/airflow/example_dags/example_python_operator.py
[2024-08-06T09:23:51.442+0000] {processor.py:830} INFO - Processing file /home/airflow/.local/lib/python3.12/site-packages/airflow/example_dags/example_python_operator.py for tasks to queue
[2024-08-06T09:23:51.447+0000] {logging_mixin.py:188} INFO - [2024-08-06T09:23:51.446+0000] {dagbag.py:545} INFO - Filling up the DagBag from /home/airflow/.local/lib/python3.12/site-packages/airflow/example_dags/example_python_operator.py
[2024-08-06T09:23:51.462+0000] {processor.py:840} INFO - DAG(s) 'example_python_operator' retrieved from /home/airflow/.local/lib/python3.12/site-packages/airflow/example_dags/example_python_operator.py
[2024-08-06T09:23:51.495+0000] {logging_mixin.py:188} INFO - [2024-08-06T09:23:51.494+0000] {dag.py:3089} INFO - Sync 1 DAGs
[2024-08-06T09:23:51.511+0000] {logging_mixin.py:188} INFO - [2024-08-06T09:23:51.511+0000] {dag.py:3947} INFO - Setting next_dagrun for example_python_operator to None, run_after=None
[2024-08-06T09:23:51.539+0000] {processor.py:183} INFO - Processing /home/airflow/.local/lib/python3.12/site-packages/airflow/example_dags/example_python_operator.py took 0.111 seconds
[2024-08-06T09:24:23.366+0000] {processor.py:161} INFO - Started process (PID=719) to work on /home/airflow/.local/lib/python3.12/site-packages/airflow/example_dags/example_python_operator.py
[2024-08-06T09:24:23.368+0000] {processor.py:830} INFO - Processing file /home/airflow/.local/lib/python3.12/site-packages/airflow/example_dags/example_python_operator.py for tasks to queue
[2024-08-06T09:24:23.370+0000] {logging_mixin.py:188} INFO - [2024-08-06T09:24:23.370+0000] {dagbag.py:545} INFO - Filling up the DagBag from /home/airflow/.local/lib/python3.12/site-packages/airflow/example_dags/example_python_operator.py
[2024-08-06T09:24:23.384+0000] {processor.py:840} INFO - DAG(s) 'example_python_operator' retrieved from /home/airflow/.local/lib/python3.12/site-packages/airflow/example_dags/example_python_operator.py
[2024-08-06T09:24:23.414+0000] {logging_mixin.py:188} INFO - [2024-08-06T09:24:23.413+0000] {dag.py:3089} INFO - Sync 1 DAGs
[2024-08-06T09:24:23.428+0000] {logging_mixin.py:188} INFO - [2024-08-06T09:24:23.428+0000] {dag.py:3947} INFO - Setting next_dagrun for example_python_operator to None, run_after=None
[2024-08-06T09:24:23.451+0000] {processor.py:183} INFO - Processing /home/airflow/.local/lib/python3.12/site-packages/airflow/example_dags/example_python_operator.py took 0.092 seconds
[2024-08-06T09:24:54.738+0000] {processor.py:161} INFO - Started process (PID=784) to work on /home/airflow/.local/lib/python3.12/site-packages/airflow/example_dags/example_python_operator.py
[2024-08-06T09:24:54.740+0000] {processor.py:830} INFO - Processing file /home/airflow/.local/lib/python3.12/site-packages/airflow/example_dags/example_python_operator.py for tasks to queue
[2024-08-06T09:24:54.743+0000] {logging_mixin.py:188} INFO - [2024-08-06T09:24:54.742+0000] {dagbag.py:545} INFO - Filling up the DagBag from /home/airflow/.local/lib/python3.12/site-packages/airflow/example_dags/example_python_operator.py
[2024-08-06T09:24:54.754+0000] {processor.py:840} INFO - DAG(s) 'example_python_operator' retrieved from /home/airflow/.local/lib/python3.12/site-packages/airflow/example_dags/example_python_operator.py
[2024-08-06T09:24:54.780+0000] {logging_mixin.py:188} INFO - [2024-08-06T09:24:54.779+0000] {dag.py:3089} INFO - Sync 1 DAGs
[2024-08-06T09:24:54.794+0000] {logging_mixin.py:188} INFO - [2024-08-06T09:24:54.794+0000] {dag.py:3947} INFO - Setting next_dagrun for example_python_operator to None, run_after=None
[2024-08-06T09:24:54.820+0000] {processor.py:183} INFO - Processing /home/airflow/.local/lib/python3.12/site-packages/airflow/example_dags/example_python_operator.py took 0.087 seconds
[2024-08-06T09:25:25.994+0000] {processor.py:161} INFO - Started process (PID=850) to work on /home/airflow/.local/lib/python3.12/site-packages/airflow/example_dags/example_python_operator.py
[2024-08-06T09:25:25.996+0000] {processor.py:830} INFO - Processing file /home/airflow/.local/lib/python3.12/site-packages/airflow/example_dags/example_python_operator.py for tasks to queue
[2024-08-06T09:25:25.999+0000] {logging_mixin.py:188} INFO - [2024-08-06T09:25:25.999+0000] {dagbag.py:545} INFO - Filling up the DagBag from /home/airflow/.local/lib/python3.12/site-packages/airflow/example_dags/example_python_operator.py
[2024-08-06T09:25:26.013+0000] {processor.py:840} INFO - DAG(s) 'example_python_operator' retrieved from /home/airflow/.local/lib/python3.12/site-packages/airflow/example_dags/example_python_operator.py
[2024-08-06T09:25:26.040+0000] {logging_mixin.py:188} INFO - [2024-08-06T09:25:26.040+0000] {dag.py:3089} INFO - Sync 1 DAGs
[2024-08-06T09:25:26.055+0000] {logging_mixin.py:188} INFO - [2024-08-06T09:25:26.054+0000] {dag.py:3947} INFO - Setting next_dagrun for example_python_operator to None, run_after=None
[2024-08-06T09:25:26.075+0000] {processor.py:183} INFO - Processing /home/airflow/.local/lib/python3.12/site-packages/airflow/example_dags/example_python_operator.py took 0.088 seconds
[2024-08-06T09:25:57.809+0000] {processor.py:161} INFO - Started process (PID=915) to work on /home/airflow/.local/lib/python3.12/site-packages/airflow/example_dags/example_python_operator.py
[2024-08-06T09:25:57.810+0000] {processor.py:830} INFO - Processing file /home/airflow/.local/lib/python3.12/site-packages/airflow/example_dags/example_python_operator.py for tasks to queue
[2024-08-06T09:25:57.812+0000] {logging_mixin.py:188} INFO - [2024-08-06T09:25:57.812+0000] {dagbag.py:545} INFO - Filling up the DagBag from /home/airflow/.local/lib/python3.12/site-packages/airflow/example_dags/example_python_operator.py
[2024-08-06T09:25:57.825+0000] {processor.py:840} INFO - DAG(s) 'example_python_operator' retrieved from /home/airflow/.local/lib/python3.12/site-packages/airflow/example_dags/example_python_operator.py
[2024-08-06T09:25:57.852+0000] {logging_mixin.py:188} INFO - [2024-08-06T09:25:57.851+0000] {dag.py:3089} INFO - Sync 1 DAGs
[2024-08-06T09:25:57.871+0000] {logging_mixin.py:188} INFO - [2024-08-06T09:25:57.871+0000] {dag.py:3947} INFO - Setting next_dagrun for example_python_operator to None, run_after=None
[2024-08-06T09:25:57.897+0000] {processor.py:183} INFO - Processing /home/airflow/.local/lib/python3.12/site-packages/airflow/example_dags/example_python_operator.py took 0.095 seconds
[2024-08-06T09:26:28.363+0000] {processor.py:161} INFO - Started process (PID=980) to work on /home/airflow/.local/lib/python3.12/site-packages/airflow/example_dags/example_python_operator.py
[2024-08-06T09:26:28.365+0000] {processor.py:830} INFO - Processing file /home/airflow/.local/lib/python3.12/site-packages/airflow/example_dags/example_python_operator.py for tasks to queue
[2024-08-06T09:26:28.369+0000] {logging_mixin.py:188} INFO - [2024-08-06T09:26:28.368+0000] {dagbag.py:545} INFO - Filling up the DagBag from /home/airflow/.local/lib/python3.12/site-packages/airflow/example_dags/example_python_operator.py
[2024-08-06T09:26:28.387+0000] {processor.py:840} INFO - DAG(s) 'example_python_operator' retrieved from /home/airflow/.local/lib/python3.12/site-packages/airflow/example_dags/example_python_operator.py
[2024-08-06T09:26:28.417+0000] {logging_mixin.py:188} INFO - [2024-08-06T09:26:28.417+0000] {dag.py:3089} INFO - Sync 1 DAGs
[2024-08-06T09:26:28.439+0000] {logging_mixin.py:188} INFO - [2024-08-06T09:26:28.438+0000] {dag.py:3947} INFO - Setting next_dagrun for example_python_operator to None, run_after=None
[2024-08-06T09:26:28.469+0000] {processor.py:183} INFO - Processing /home/airflow/.local/lib/python3.12/site-packages/airflow/example_dags/example_python_operator.py took 0.117 seconds
[2024-08-06T09:26:59.727+0000] {processor.py:161} INFO - Started process (PID=1045) to work on /home/airflow/.local/lib/python3.12/site-packages/airflow/example_dags/example_python_operator.py
[2024-08-06T09:26:59.728+0000] {processor.py:830} INFO - Processing file /home/airflow/.local/lib/python3.12/site-packages/airflow/example_dags/example_python_operator.py for tasks to queue
[2024-08-06T09:26:59.734+0000] {logging_mixin.py:188} INFO - [2024-08-06T09:26:59.733+0000] {dagbag.py:545} INFO - Filling up the DagBag from /home/airflow/.local/lib/python3.12/site-packages/airflow/example_dags/example_python_operator.py
[2024-08-06T09:26:59.748+0000] {processor.py:840} INFO - DAG(s) 'example_python_operator' retrieved from /home/airflow/.local/lib/python3.12/site-packages/airflow/example_dags/example_python_operator.py
[2024-08-06T09:26:59.774+0000] {logging_mixin.py:188} INFO - [2024-08-06T09:26:59.774+0000] {dag.py:3089} INFO - Sync 1 DAGs
[2024-08-06T09:26:59.789+0000] {logging_mixin.py:188} INFO - [2024-08-06T09:26:59.789+0000] {dag.py:3947} INFO - Setting next_dagrun for example_python_operator to None, run_after=None
[2024-08-06T09:26:59.814+0000] {processor.py:183} INFO - Processing /home/airflow/.local/lib/python3.12/site-packages/airflow/example_dags/example_python_operator.py took 0.095 seconds
[2024-08-06T09:27:31.476+0000] {processor.py:161} INFO - Started process (PID=1110) to work on /home/airflow/.local/lib/python3.12/site-packages/airflow/example_dags/example_python_operator.py
[2024-08-06T09:27:31.477+0000] {processor.py:830} INFO - Processing file /home/airflow/.local/lib/python3.12/site-packages/airflow/example_dags/example_python_operator.py for tasks to queue
[2024-08-06T09:27:31.479+0000] {logging_mixin.py:188} INFO - [2024-08-06T09:27:31.479+0000] {dagbag.py:545} INFO - Filling up the DagBag from /home/airflow/.local/lib/python3.12/site-packages/airflow/example_dags/example_python_operator.py
[2024-08-06T09:27:31.491+0000] {processor.py:840} INFO - DAG(s) 'example_python_operator' retrieved from /home/airflow/.local/lib/python3.12/site-packages/airflow/example_dags/example_python_operator.py
[2024-08-06T09:27:31.518+0000] {logging_mixin.py:188} INFO - [2024-08-06T09:27:31.517+0000] {dag.py:3089} INFO - Sync 1 DAGs
[2024-08-06T09:27:31.532+0000] {logging_mixin.py:188} INFO - [2024-08-06T09:27:31.531+0000] {dag.py:3947} INFO - Setting next_dagrun for example_python_operator to None, run_after=None
[2024-08-06T09:27:31.555+0000] {processor.py:183} INFO - Processing /home/airflow/.local/lib/python3.12/site-packages/airflow/example_dags/example_python_operator.py took 0.087 seconds
[2024-08-06T09:28:02.821+0000] {processor.py:161} INFO - Started process (PID=1175) to work on /home/airflow/.local/lib/python3.12/site-packages/airflow/example_dags/example_python_operator.py
[2024-08-06T09:28:02.823+0000] {processor.py:830} INFO - Processing file /home/airflow/.local/lib/python3.12/site-packages/airflow/example_dags/example_python_operator.py for tasks to queue
[2024-08-06T09:28:02.826+0000] {logging_mixin.py:188} INFO - [2024-08-06T09:28:02.825+0000] {dagbag.py:545} INFO - Filling up the DagBag from /home/airflow/.local/lib/python3.12/site-packages/airflow/example_dags/example_python_operator.py
[2024-08-06T09:28:02.842+0000] {processor.py:840} INFO - DAG(s) 'example_python_operator' retrieved from /home/airflow/.local/lib/python3.12/site-packages/airflow/example_dags/example_python_operator.py
[2024-08-06T09:28:02.876+0000] {logging_mixin.py:188} INFO - [2024-08-06T09:28:02.876+0000] {dag.py:3089} INFO - Sync 1 DAGs
[2024-08-06T09:28:02.895+0000] {logging_mixin.py:188} INFO - [2024-08-06T09:28:02.894+0000] {dag.py:3947} INFO - Setting next_dagrun for example_python_operator to None, run_after=None
[2024-08-06T09:28:02.928+0000] {processor.py:183} INFO - Processing /home/airflow/.local/lib/python3.12/site-packages/airflow/example_dags/example_python_operator.py took 0.116 seconds
[2024-08-06T09:28:34.267+0000] {processor.py:161} INFO - Started process (PID=1240) to work on /home/airflow/.local/lib/python3.12/site-packages/airflow/example_dags/example_python_operator.py
[2024-08-06T09:28:34.270+0000] {processor.py:830} INFO - Processing file /home/airflow/.local/lib/python3.12/site-packages/airflow/example_dags/example_python_operator.py for tasks to queue
[2024-08-06T09:28:34.272+0000] {logging_mixin.py:188} INFO - [2024-08-06T09:28:34.272+0000] {dagbag.py:545} INFO - Filling up the DagBag from /home/airflow/.local/lib/python3.12/site-packages/airflow/example_dags/example_python_operator.py
[2024-08-06T09:28:34.287+0000] {processor.py:840} INFO - DAG(s) 'example_python_operator' retrieved from /home/airflow/.local/lib/python3.12/site-packages/airflow/example_dags/example_python_operator.py
[2024-08-06T09:28:34.313+0000] {logging_mixin.py:188} INFO - [2024-08-06T09:28:34.312+0000] {dag.py:3089} INFO - Sync 1 DAGs
[2024-08-06T09:28:34.327+0000] {logging_mixin.py:188} INFO - [2024-08-06T09:28:34.327+0000] {dag.py:3947} INFO - Setting next_dagrun for example_python_operator to None, run_after=None
[2024-08-06T09:28:34.353+0000] {processor.py:183} INFO - Processing /home/airflow/.local/lib/python3.12/site-packages/airflow/example_dags/example_python_operator.py took 0.095 seconds
[2024-08-06T09:29:06.031+0000] {processor.py:161} INFO - Started process (PID=1305) to work on /home/airflow/.local/lib/python3.12/site-packages/airflow/example_dags/example_python_operator.py
[2024-08-06T09:29:06.033+0000] {processor.py:830} INFO - Processing file /home/airflow/.local/lib/python3.12/site-packages/airflow/example_dags/example_python_operator.py for tasks to queue
[2024-08-06T09:29:06.035+0000] {logging_mixin.py:188} INFO - [2024-08-06T09:29:06.035+0000] {dagbag.py:545} INFO - Filling up the DagBag from /home/airflow/.local/lib/python3.12/site-packages/airflow/example_dags/example_python_operator.py
[2024-08-06T09:29:06.049+0000] {processor.py:840} INFO - DAG(s) 'example_python_operator' retrieved from /home/airflow/.local/lib/python3.12/site-packages/airflow/example_dags/example_python_operator.py
[2024-08-06T09:29:06.075+0000] {logging_mixin.py:188} INFO - [2024-08-06T09:29:06.075+0000] {dag.py:3089} INFO - Sync 1 DAGs
[2024-08-06T09:29:06.090+0000] {logging_mixin.py:188} INFO - [2024-08-06T09:29:06.090+0000] {dag.py:3947} INFO - Setting next_dagrun for example_python_operator to None, run_after=None
[2024-08-06T09:29:06.117+0000] {processor.py:183} INFO - Processing /home/airflow/.local/lib/python3.12/site-packages/airflow/example_dags/example_python_operator.py took 0.095 seconds
[2024-08-06T09:29:37.173+0000] {processor.py:161} INFO - Started process (PID=1370) to work on /home/airflow/.local/lib/python3.12/site-packages/airflow/example_dags/example_python_operator.py
[2024-08-06T09:29:37.174+0000] {processor.py:830} INFO - Processing file /home/airflow/.local/lib/python3.12/site-packages/airflow/example_dags/example_python_operator.py for tasks to queue
[2024-08-06T09:29:37.176+0000] {logging_mixin.py:188} INFO - [2024-08-06T09:29:37.176+0000] {dagbag.py:545} INFO - Filling up the DagBag from /home/airflow/.local/lib/python3.12/site-packages/airflow/example_dags/example_python_operator.py
[2024-08-06T09:29:37.189+0000] {processor.py:840} INFO - DAG(s) 'example_python_operator' retrieved from /home/airflow/.local/lib/python3.12/site-packages/airflow/example_dags/example_python_operator.py
[2024-08-06T09:29:37.216+0000] {logging_mixin.py:188} INFO - [2024-08-06T09:29:37.216+0000] {dag.py:3089} INFO - Sync 1 DAGs
[2024-08-06T09:29:37.231+0000] {logging_mixin.py:188} INFO - [2024-08-06T09:29:37.231+0000] {dag.py:3947} INFO - Setting next_dagrun for example_python_operator to None, run_after=None
[2024-08-06T09:29:37.259+0000] {processor.py:183} INFO - Processing /home/airflow/.local/lib/python3.12/site-packages/airflow/example_dags/example_python_operator.py took 0.093 seconds
[2024-08-06T09:30:08.964+0000] {processor.py:161} INFO - Started process (PID=1435) to work on /home/airflow/.local/lib/python3.12/site-packages/airflow/example_dags/example_python_operator.py
[2024-08-06T09:30:08.965+0000] {processor.py:830} INFO - Processing file /home/airflow/.local/lib/python3.12/site-packages/airflow/example_dags/example_python_operator.py for tasks to queue
[2024-08-06T09:30:08.968+0000] {logging_mixin.py:188} INFO - [2024-08-06T09:30:08.967+0000] {dagbag.py:545} INFO - Filling up the DagBag from /home/airflow/.local/lib/python3.12/site-packages/airflow/example_dags/example_python_operator.py
[2024-08-06T09:30:08.982+0000] {processor.py:840} INFO - DAG(s) 'example_python_operator' retrieved from /home/airflow/.local/lib/python3.12/site-packages/airflow/example_dags/example_python_operator.py
[2024-08-06T09:30:09.007+0000] {logging_mixin.py:188} INFO - [2024-08-06T09:30:09.006+0000] {dag.py:3089} INFO - Sync 1 DAGs
[2024-08-06T09:30:09.021+0000] {logging_mixin.py:188} INFO - [2024-08-06T09:30:09.020+0000] {dag.py:3947} INFO - Setting next_dagrun for example_python_operator to None, run_after=None
[2024-08-06T09:30:09.045+0000] {processor.py:183} INFO - Processing /home/airflow/.local/lib/python3.12/site-packages/airflow/example_dags/example_python_operator.py took 0.089 seconds
[2024-08-06T09:30:40.306+0000] {processor.py:161} INFO - Started process (PID=1501) to work on /home/airflow/.local/lib/python3.12/site-packages/airflow/example_dags/example_python_operator.py
[2024-08-06T09:30:40.320+0000] {processor.py:830} INFO - Processing file /home/airflow/.local/lib/python3.12/site-packages/airflow/example_dags/example_python_operator.py for tasks to queue
[2024-08-06T09:30:40.340+0000] {logging_mixin.py:188} INFO - [2024-08-06T09:30:40.339+0000] {dagbag.py:545} INFO - Filling up the DagBag from /home/airflow/.local/lib/python3.12/site-packages/airflow/example_dags/example_python_operator.py
[2024-08-06T09:30:40.366+0000] {processor.py:840} INFO - DAG(s) 'example_python_operator' retrieved from /home/airflow/.local/lib/python3.12/site-packages/airflow/example_dags/example_python_operator.py
[2024-08-06T09:30:40.409+0000] {logging_mixin.py:188} INFO - [2024-08-06T09:30:40.409+0000] {dag.py:3089} INFO - Sync 1 DAGs
[2024-08-06T09:30:40.433+0000] {logging_mixin.py:188} INFO - [2024-08-06T09:30:40.433+0000] {dag.py:3947} INFO - Setting next_dagrun for example_python_operator to None, run_after=None
[2024-08-06T09:30:40.467+0000] {processor.py:183} INFO - Processing /home/airflow/.local/lib/python3.12/site-packages/airflow/example_dags/example_python_operator.py took 0.170 seconds
[2024-08-06T09:31:11.280+0000] {processor.py:161} INFO - Started process (PID=1566) to work on /home/airflow/.local/lib/python3.12/site-packages/airflow/example_dags/example_python_operator.py
[2024-08-06T09:31:11.282+0000] {processor.py:830} INFO - Processing file /home/airflow/.local/lib/python3.12/site-packages/airflow/example_dags/example_python_operator.py for tasks to queue
[2024-08-06T09:31:11.284+0000] {logging_mixin.py:188} INFO - [2024-08-06T09:31:11.284+0000] {dagbag.py:545} INFO - Filling up the DagBag from /home/airflow/.local/lib/python3.12/site-packages/airflow/example_dags/example_python_operator.py
[2024-08-06T09:31:11.295+0000] {processor.py:840} INFO - DAG(s) 'example_python_operator' retrieved from /home/airflow/.local/lib/python3.12/site-packages/airflow/example_dags/example_python_operator.py
[2024-08-06T09:31:11.323+0000] {logging_mixin.py:188} INFO - [2024-08-06T09:31:11.323+0000] {dag.py:3089} INFO - Sync 1 DAGs
[2024-08-06T09:31:11.338+0000] {logging_mixin.py:188} INFO - [2024-08-06T09:31:11.338+0000] {dag.py:3947} INFO - Setting next_dagrun for example_python_operator to None, run_after=None
[2024-08-06T09:31:11.361+0000] {processor.py:183} INFO - Processing /home/airflow/.local/lib/python3.12/site-packages/airflow/example_dags/example_python_operator.py took 0.087 seconds
[2024-08-06T09:31:43.092+0000] {processor.py:161} INFO - Started process (PID=1631) to work on /home/airflow/.local/lib/python3.12/site-packages/airflow/example_dags/example_python_operator.py
[2024-08-06T09:31:43.093+0000] {processor.py:830} INFO - Processing file /home/airflow/.local/lib/python3.12/site-packages/airflow/example_dags/example_python_operator.py for tasks to queue
[2024-08-06T09:31:43.096+0000] {logging_mixin.py:188} INFO - [2024-08-06T09:31:43.096+0000] {dagbag.py:545} INFO - Filling up the DagBag from /home/airflow/.local/lib/python3.12/site-packages/airflow/example_dags/example_python_operator.py
[2024-08-06T09:31:43.110+0000] {processor.py:840} INFO - DAG(s) 'example_python_operator' retrieved from /home/airflow/.local/lib/python3.12/site-packages/airflow/example_dags/example_python_operator.py
[2024-08-06T09:31:43.140+0000] {logging_mixin.py:188} INFO - [2024-08-06T09:31:43.139+0000] {dag.py:3089} INFO - Sync 1 DAGs
[2024-08-06T09:31:43.158+0000] {logging_mixin.py:188} INFO - [2024-08-06T09:31:43.158+0000] {dag.py:3947} INFO - Setting next_dagrun for example_python_operator to None, run_after=None
[2024-08-06T09:31:43.180+0000] {processor.py:183} INFO - Processing /home/airflow/.local/lib/python3.12/site-packages/airflow/example_dags/example_python_operator.py took 0.094 seconds
[2024-08-06T09:32:13.751+0000] {processor.py:161} INFO - Started process (PID=1696) to work on /home/airflow/.local/lib/python3.12/site-packages/airflow/example_dags/example_python_operator.py
[2024-08-06T09:32:13.770+0000] {processor.py:830} INFO - Processing file /home/airflow/.local/lib/python3.12/site-packages/airflow/example_dags/example_python_operator.py for tasks to queue
[2024-08-06T09:32:13.774+0000] {logging_mixin.py:188} INFO - [2024-08-06T09:32:13.774+0000] {dagbag.py:545} INFO - Filling up the DagBag from /home/airflow/.local/lib/python3.12/site-packages/airflow/example_dags/example_python_operator.py
[2024-08-06T09:32:13.792+0000] {processor.py:840} INFO - DAG(s) 'example_python_operator' retrieved from /home/airflow/.local/lib/python3.12/site-packages/airflow/example_dags/example_python_operator.py
[2024-08-06T09:32:13.818+0000] {logging_mixin.py:188} INFO - [2024-08-06T09:32:13.818+0000] {dag.py:3089} INFO - Sync 1 DAGs
[2024-08-06T09:32:13.832+0000] {logging_mixin.py:188} INFO - [2024-08-06T09:32:13.832+0000] {dag.py:3947} INFO - Setting next_dagrun for example_python_operator to None, run_after=None
[2024-08-06T09:32:13.860+0000] {processor.py:183} INFO - Processing /home/airflow/.local/lib/python3.12/site-packages/airflow/example_dags/example_python_operator.py took 0.116 seconds
[2024-08-06T09:32:45.542+0000] {processor.py:161} INFO - Started process (PID=1761) to work on /home/airflow/.local/lib/python3.12/site-packages/airflow/example_dags/example_python_operator.py
[2024-08-06T09:32:45.544+0000] {processor.py:830} INFO - Processing file /home/airflow/.local/lib/python3.12/site-packages/airflow/example_dags/example_python_operator.py for tasks to queue
[2024-08-06T09:32:45.551+0000] {logging_mixin.py:188} INFO - [2024-08-06T09:32:45.551+0000] {dagbag.py:545} INFO - Filling up the DagBag from /home/airflow/.local/lib/python3.12/site-packages/airflow/example_dags/example_python_operator.py
[2024-08-06T09:32:45.572+0000] {processor.py:840} INFO - DAG(s) 'example_python_operator' retrieved from /home/airflow/.local/lib/python3.12/site-packages/airflow/example_dags/example_python_operator.py
[2024-08-06T09:32:45.602+0000] {logging_mixin.py:188} INFO - [2024-08-06T09:32:45.602+0000] {dag.py:3089} INFO - Sync 1 DAGs
[2024-08-06T09:32:45.618+0000] {logging_mixin.py:188} INFO - [2024-08-06T09:32:45.618+0000] {dag.py:3947} INFO - Setting next_dagrun for example_python_operator to None, run_after=None
[2024-08-06T09:32:45.649+0000] {processor.py:183} INFO - Processing /home/airflow/.local/lib/python3.12/site-packages/airflow/example_dags/example_python_operator.py took 0.115 seconds
[2024-08-06T09:33:16.673+0000] {processor.py:161} INFO - Started process (PID=1826) to work on /home/airflow/.local/lib/python3.12/site-packages/airflow/example_dags/example_python_operator.py
[2024-08-06T09:33:16.674+0000] {processor.py:830} INFO - Processing file /home/airflow/.local/lib/python3.12/site-packages/airflow/example_dags/example_python_operator.py for tasks to queue
[2024-08-06T09:33:16.678+0000] {logging_mixin.py:188} INFO - [2024-08-06T09:33:16.677+0000] {dagbag.py:545} INFO - Filling up the DagBag from /home/airflow/.local/lib/python3.12/site-packages/airflow/example_dags/example_python_operator.py
[2024-08-06T09:33:16.691+0000] {processor.py:840} INFO - DAG(s) 'example_python_operator' retrieved from /home/airflow/.local/lib/python3.12/site-packages/airflow/example_dags/example_python_operator.py
[2024-08-06T09:33:16.720+0000] {logging_mixin.py:188} INFO - [2024-08-06T09:33:16.719+0000] {dag.py:3089} INFO - Sync 1 DAGs
[2024-08-06T09:33:16.738+0000] {logging_mixin.py:188} INFO - [2024-08-06T09:33:16.738+0000] {dag.py:3947} INFO - Setting next_dagrun for example_python_operator to None, run_after=None
[2024-08-06T09:33:16.764+0000] {processor.py:183} INFO - Processing /home/airflow/.local/lib/python3.12/site-packages/airflow/example_dags/example_python_operator.py took 0.099 seconds
[2024-08-06T09:33:48.046+0000] {processor.py:161} INFO - Started process (PID=1891) to work on /home/airflow/.local/lib/python3.12/site-packages/airflow/example_dags/example_python_operator.py
[2024-08-06T09:33:48.047+0000] {processor.py:830} INFO - Processing file /home/airflow/.local/lib/python3.12/site-packages/airflow/example_dags/example_python_operator.py for tasks to queue
[2024-08-06T09:33:48.050+0000] {logging_mixin.py:188} INFO - [2024-08-06T09:33:48.050+0000] {dagbag.py:545} INFO - Filling up the DagBag from /home/airflow/.local/lib/python3.12/site-packages/airflow/example_dags/example_python_operator.py
[2024-08-06T09:33:48.062+0000] {processor.py:840} INFO - DAG(s) 'example_python_operator' retrieved from /home/airflow/.local/lib/python3.12/site-packages/airflow/example_dags/example_python_operator.py
[2024-08-06T09:33:48.096+0000] {logging_mixin.py:188} INFO - [2024-08-06T09:33:48.096+0000] {dag.py:3089} INFO - Sync 1 DAGs
[2024-08-06T09:33:48.114+0000] {logging_mixin.py:188} INFO - [2024-08-06T09:33:48.114+0000] {dag.py:3947} INFO - Setting next_dagrun for example_python_operator to None, run_after=None
[2024-08-06T09:33:48.147+0000] {processor.py:183} INFO - Processing /home/airflow/.local/lib/python3.12/site-packages/airflow/example_dags/example_python_operator.py took 0.110 seconds
[2024-08-06T09:34:19.836+0000] {processor.py:161} INFO - Started process (PID=1956) to work on /home/airflow/.local/lib/python3.12/site-packages/airflow/example_dags/example_python_operator.py
[2024-08-06T09:34:19.837+0000] {processor.py:830} INFO - Processing file /home/airflow/.local/lib/python3.12/site-packages/airflow/example_dags/example_python_operator.py for tasks to queue
[2024-08-06T09:34:19.840+0000] {logging_mixin.py:188} INFO - [2024-08-06T09:34:19.840+0000] {dagbag.py:545} INFO - Filling up the DagBag from /home/airflow/.local/lib/python3.12/site-packages/airflow/example_dags/example_python_operator.py
[2024-08-06T09:34:19.853+0000] {processor.py:840} INFO - DAG(s) 'example_python_operator' retrieved from /home/airflow/.local/lib/python3.12/site-packages/airflow/example_dags/example_python_operator.py
[2024-08-06T09:34:19.881+0000] {logging_mixin.py:188} INFO - [2024-08-06T09:34:19.880+0000] {dag.py:3089} INFO - Sync 1 DAGs
[2024-08-06T09:34:19.896+0000] {logging_mixin.py:188} INFO - [2024-08-06T09:34:19.896+0000] {dag.py:3947} INFO - Setting next_dagrun for example_python_operator to None, run_after=None
[2024-08-06T09:34:19.925+0000] {processor.py:183} INFO - Processing /home/airflow/.local/lib/python3.12/site-packages/airflow/example_dags/example_python_operator.py took 0.097 seconds
[2024-08-06T09:34:50.891+0000] {processor.py:161} INFO - Started process (PID=2021) to work on /home/airflow/.local/lib/python3.12/site-packages/airflow/example_dags/example_python_operator.py
[2024-08-06T09:34:50.893+0000] {processor.py:830} INFO - Processing file /home/airflow/.local/lib/python3.12/site-packages/airflow/example_dags/example_python_operator.py for tasks to queue
[2024-08-06T09:34:50.895+0000] {logging_mixin.py:188} INFO - [2024-08-06T09:34:50.895+0000] {dagbag.py:545} INFO - Filling up the DagBag from /home/airflow/.local/lib/python3.12/site-packages/airflow/example_dags/example_python_operator.py
[2024-08-06T09:34:50.907+0000] {processor.py:840} INFO - DAG(s) 'example_python_operator' retrieved from /home/airflow/.local/lib/python3.12/site-packages/airflow/example_dags/example_python_operator.py
[2024-08-06T09:34:50.935+0000] {logging_mixin.py:188} INFO - [2024-08-06T09:34:50.935+0000] {dag.py:3089} INFO - Sync 1 DAGs
[2024-08-06T09:34:51.118+0000] {logging_mixin.py:188} INFO - [2024-08-06T09:34:51.118+0000] {dag.py:3947} INFO - Setting next_dagrun for example_python_operator to None, run_after=None
[2024-08-06T09:34:51.146+0000] {processor.py:183} INFO - Processing /home/airflow/.local/lib/python3.12/site-packages/airflow/example_dags/example_python_operator.py took 0.262 seconds
[2024-08-06T10:01:16.703+0000] {processor.py:161} INFO - Started process (PID=2059) to work on /home/airflow/.local/lib/python3.12/site-packages/airflow/example_dags/example_python_operator.py
[2024-08-06T10:01:16.704+0000] {processor.py:830} INFO - Processing file /home/airflow/.local/lib/python3.12/site-packages/airflow/example_dags/example_python_operator.py for tasks to queue
[2024-08-06T10:01:16.707+0000] {logging_mixin.py:188} INFO - [2024-08-06T10:01:16.706+0000] {dagbag.py:545} INFO - Filling up the DagBag from /home/airflow/.local/lib/python3.12/site-packages/airflow/example_dags/example_python_operator.py
[2024-08-06T10:01:16.723+0000] {processor.py:840} INFO - DAG(s) 'example_python_operator' retrieved from /home/airflow/.local/lib/python3.12/site-packages/airflow/example_dags/example_python_operator.py
[2024-08-06T10:01:16.766+0000] {logging_mixin.py:188} INFO - [2024-08-06T10:01:16.765+0000] {dag.py:3089} INFO - Sync 1 DAGs
[2024-08-06T10:01:16.790+0000] {logging_mixin.py:188} INFO - [2024-08-06T10:01:16.790+0000] {dag.py:3947} INFO - Setting next_dagrun for example_python_operator to None, run_after=None
[2024-08-06T10:01:16.821+0000] {processor.py:183} INFO - Processing /home/airflow/.local/lib/python3.12/site-packages/airflow/example_dags/example_python_operator.py took 0.125 seconds
[2024-08-06T10:01:48.889+0000] {processor.py:161} INFO - Started process (PID=2124) to work on /home/airflow/.local/lib/python3.12/site-packages/airflow/example_dags/example_python_operator.py
[2024-08-06T10:01:48.890+0000] {processor.py:830} INFO - Processing file /home/airflow/.local/lib/python3.12/site-packages/airflow/example_dags/example_python_operator.py for tasks to queue
[2024-08-06T10:01:48.893+0000] {logging_mixin.py:188} INFO - [2024-08-06T10:01:48.892+0000] {dagbag.py:545} INFO - Filling up the DagBag from /home/airflow/.local/lib/python3.12/site-packages/airflow/example_dags/example_python_operator.py
[2024-08-06T10:01:48.905+0000] {processor.py:840} INFO - DAG(s) 'example_python_operator' retrieved from /home/airflow/.local/lib/python3.12/site-packages/airflow/example_dags/example_python_operator.py
[2024-08-06T10:01:48.931+0000] {logging_mixin.py:188} INFO - [2024-08-06T10:01:48.931+0000] {dag.py:3089} INFO - Sync 1 DAGs
[2024-08-06T10:01:48.946+0000] {logging_mixin.py:188} INFO - [2024-08-06T10:01:48.946+0000] {dag.py:3947} INFO - Setting next_dagrun for example_python_operator to None, run_after=None
[2024-08-06T10:01:48.978+0000] {processor.py:183} INFO - Processing /home/airflow/.local/lib/python3.12/site-packages/airflow/example_dags/example_python_operator.py took 0.096 seconds
[2024-08-06T10:02:19.455+0000] {processor.py:161} INFO - Started process (PID=2189) to work on /home/airflow/.local/lib/python3.12/site-packages/airflow/example_dags/example_python_operator.py
[2024-08-06T10:02:19.457+0000] {processor.py:830} INFO - Processing file /home/airflow/.local/lib/python3.12/site-packages/airflow/example_dags/example_python_operator.py for tasks to queue
[2024-08-06T10:02:19.460+0000] {logging_mixin.py:188} INFO - [2024-08-06T10:02:19.459+0000] {dagbag.py:545} INFO - Filling up the DagBag from /home/airflow/.local/lib/python3.12/site-packages/airflow/example_dags/example_python_operator.py
[2024-08-06T10:02:19.474+0000] {processor.py:840} INFO - DAG(s) 'example_python_operator' retrieved from /home/airflow/.local/lib/python3.12/site-packages/airflow/example_dags/example_python_operator.py
[2024-08-06T10:02:19.502+0000] {logging_mixin.py:188} INFO - [2024-08-06T10:02:19.502+0000] {dag.py:3089} INFO - Sync 1 DAGs
[2024-08-06T10:02:19.518+0000] {logging_mixin.py:188} INFO - [2024-08-06T10:02:19.518+0000] {dag.py:3947} INFO - Setting next_dagrun for example_python_operator to None, run_after=None
[2024-08-06T10:02:19.542+0000] {processor.py:183} INFO - Processing /home/airflow/.local/lib/python3.12/site-packages/airflow/example_dags/example_python_operator.py took 0.097 seconds
[2024-08-06T10:02:50.365+0000] {processor.py:161} INFO - Started process (PID=2254) to work on /home/airflow/.local/lib/python3.12/site-packages/airflow/example_dags/example_python_operator.py
[2024-08-06T10:02:50.367+0000] {processor.py:830} INFO - Processing file /home/airflow/.local/lib/python3.12/site-packages/airflow/example_dags/example_python_operator.py for tasks to queue
[2024-08-06T10:02:50.372+0000] {logging_mixin.py:188} INFO - [2024-08-06T10:02:50.370+0000] {dagbag.py:545} INFO - Filling up the DagBag from /home/airflow/.local/lib/python3.12/site-packages/airflow/example_dags/example_python_operator.py
[2024-08-06T10:02:50.391+0000] {processor.py:840} INFO - DAG(s) 'example_python_operator' retrieved from /home/airflow/.local/lib/python3.12/site-packages/airflow/example_dags/example_python_operator.py
[2024-08-06T10:02:50.424+0000] {logging_mixin.py:188} INFO - [2024-08-06T10:02:50.423+0000] {dag.py:3089} INFO - Sync 1 DAGs
[2024-08-06T10:02:50.442+0000] {logging_mixin.py:188} INFO - [2024-08-06T10:02:50.442+0000] {dag.py:3947} INFO - Setting next_dagrun for example_python_operator to None, run_after=None
[2024-08-06T10:02:50.470+0000] {processor.py:183} INFO - Processing /home/airflow/.local/lib/python3.12/site-packages/airflow/example_dags/example_python_operator.py took 0.116 seconds
[2024-08-06T10:03:21.615+0000] {processor.py:161} INFO - Started process (PID=2325) to work on /home/airflow/.local/lib/python3.12/site-packages/airflow/example_dags/example_python_operator.py
[2024-08-06T10:03:21.616+0000] {processor.py:830} INFO - Processing file /home/airflow/.local/lib/python3.12/site-packages/airflow/example_dags/example_python_operator.py for tasks to queue
[2024-08-06T10:03:21.618+0000] {logging_mixin.py:188} INFO - [2024-08-06T10:03:21.618+0000] {dagbag.py:545} INFO - Filling up the DagBag from /home/airflow/.local/lib/python3.12/site-packages/airflow/example_dags/example_python_operator.py
[2024-08-06T10:03:21.631+0000] {processor.py:840} INFO - DAG(s) 'example_python_operator' retrieved from /home/airflow/.local/lib/python3.12/site-packages/airflow/example_dags/example_python_operator.py
[2024-08-06T10:03:21.657+0000] {logging_mixin.py:188} INFO - [2024-08-06T10:03:21.657+0000] {dag.py:3089} INFO - Sync 1 DAGs
[2024-08-06T10:03:21.674+0000] {logging_mixin.py:188} INFO - [2024-08-06T10:03:21.674+0000] {dag.py:3947} INFO - Setting next_dagrun for example_python_operator to None, run_after=None
[2024-08-06T10:03:21.697+0000] {processor.py:183} INFO - Processing /home/airflow/.local/lib/python3.12/site-packages/airflow/example_dags/example_python_operator.py took 0.090 seconds
[2024-08-06T10:03:52.596+0000] {processor.py:161} INFO - Started process (PID=2389) to work on /home/airflow/.local/lib/python3.12/site-packages/airflow/example_dags/example_python_operator.py
[2024-08-06T10:03:52.598+0000] {processor.py:830} INFO - Processing file /home/airflow/.local/lib/python3.12/site-packages/airflow/example_dags/example_python_operator.py for tasks to queue
[2024-08-06T10:03:52.601+0000] {logging_mixin.py:188} INFO - [2024-08-06T10:03:52.600+0000] {dagbag.py:545} INFO - Filling up the DagBag from /home/airflow/.local/lib/python3.12/site-packages/airflow/example_dags/example_python_operator.py
[2024-08-06T10:03:52.616+0000] {processor.py:840} INFO - DAG(s) 'example_python_operator' retrieved from /home/airflow/.local/lib/python3.12/site-packages/airflow/example_dags/example_python_operator.py
[2024-08-06T10:03:52.644+0000] {logging_mixin.py:188} INFO - [2024-08-06T10:03:52.643+0000] {dag.py:3089} INFO - Sync 1 DAGs
[2024-08-06T10:03:52.659+0000] {logging_mixin.py:188} INFO - [2024-08-06T10:03:52.658+0000] {dag.py:3947} INFO - Setting next_dagrun for example_python_operator to None, run_after=None
[2024-08-06T10:03:52.688+0000] {processor.py:183} INFO - Processing /home/airflow/.local/lib/python3.12/site-packages/airflow/example_dags/example_python_operator.py took 0.099 seconds
[2024-08-06T10:04:23.445+0000] {processor.py:161} INFO - Started process (PID=2453) to work on /home/airflow/.local/lib/python3.12/site-packages/airflow/example_dags/example_python_operator.py
[2024-08-06T10:04:23.448+0000] {processor.py:830} INFO - Processing file /home/airflow/.local/lib/python3.12/site-packages/airflow/example_dags/example_python_operator.py for tasks to queue
[2024-08-06T10:04:23.452+0000] {logging_mixin.py:188} INFO - [2024-08-06T10:04:23.452+0000] {dagbag.py:545} INFO - Filling up the DagBag from /home/airflow/.local/lib/python3.12/site-packages/airflow/example_dags/example_python_operator.py
[2024-08-06T10:04:23.475+0000] {processor.py:840} INFO - DAG(s) 'example_python_operator' retrieved from /home/airflow/.local/lib/python3.12/site-packages/airflow/example_dags/example_python_operator.py
[2024-08-06T10:04:23.525+0000] {logging_mixin.py:188} INFO - [2024-08-06T10:04:23.524+0000] {dag.py:3089} INFO - Sync 1 DAGs
[2024-08-06T10:04:23.551+0000] {logging_mixin.py:188} INFO - [2024-08-06T10:04:23.551+0000] {dag.py:3947} INFO - Setting next_dagrun for example_python_operator to None, run_after=None
[2024-08-06T10:04:23.578+0000] {processor.py:183} INFO - Processing /home/airflow/.local/lib/python3.12/site-packages/airflow/example_dags/example_python_operator.py took 0.144 seconds
[2024-08-06T10:04:54.839+0000] {processor.py:161} INFO - Started process (PID=2518) to work on /home/airflow/.local/lib/python3.12/site-packages/airflow/example_dags/example_python_operator.py
[2024-08-06T10:04:54.841+0000] {processor.py:830} INFO - Processing file /home/airflow/.local/lib/python3.12/site-packages/airflow/example_dags/example_python_operator.py for tasks to queue
[2024-08-06T10:04:54.844+0000] {logging_mixin.py:188} INFO - [2024-08-06T10:04:54.843+0000] {dagbag.py:545} INFO - Filling up the DagBag from /home/airflow/.local/lib/python3.12/site-packages/airflow/example_dags/example_python_operator.py
[2024-08-06T10:04:54.858+0000] {processor.py:840} INFO - DAG(s) 'example_python_operator' retrieved from /home/airflow/.local/lib/python3.12/site-packages/airflow/example_dags/example_python_operator.py
[2024-08-06T10:04:54.888+0000] {logging_mixin.py:188} INFO - [2024-08-06T10:04:54.888+0000] {dag.py:3089} INFO - Sync 1 DAGs
[2024-08-06T10:04:54.908+0000] {logging_mixin.py:188} INFO - [2024-08-06T10:04:54.907+0000] {dag.py:3947} INFO - Setting next_dagrun for example_python_operator to None, run_after=None
[2024-08-06T10:04:54.937+0000] {processor.py:183} INFO - Processing /home/airflow/.local/lib/python3.12/site-packages/airflow/example_dags/example_python_operator.py took 0.106 seconds
[2024-08-06T10:05:25.466+0000] {processor.py:161} INFO - Started process (PID=2584) to work on /home/airflow/.local/lib/python3.12/site-packages/airflow/example_dags/example_python_operator.py
[2024-08-06T10:05:25.467+0000] {processor.py:830} INFO - Processing file /home/airflow/.local/lib/python3.12/site-packages/airflow/example_dags/example_python_operator.py for tasks to queue
[2024-08-06T10:05:25.469+0000] {logging_mixin.py:188} INFO - [2024-08-06T10:05:25.469+0000] {dagbag.py:545} INFO - Filling up the DagBag from /home/airflow/.local/lib/python3.12/site-packages/airflow/example_dags/example_python_operator.py
[2024-08-06T10:05:25.484+0000] {processor.py:840} INFO - DAG(s) 'example_python_operator' retrieved from /home/airflow/.local/lib/python3.12/site-packages/airflow/example_dags/example_python_operator.py
[2024-08-06T10:05:25.512+0000] {logging_mixin.py:188} INFO - [2024-08-06T10:05:25.511+0000] {dag.py:3089} INFO - Sync 1 DAGs
[2024-08-06T10:05:25.527+0000] {logging_mixin.py:188} INFO - [2024-08-06T10:05:25.526+0000] {dag.py:3947} INFO - Setting next_dagrun for example_python_operator to None, run_after=None
[2024-08-06T10:05:25.555+0000] {processor.py:183} INFO - Processing /home/airflow/.local/lib/python3.12/site-packages/airflow/example_dags/example_python_operator.py took 0.097 seconds
[2024-08-06T10:05:57.532+0000] {processor.py:161} INFO - Started process (PID=2649) to work on /home/airflow/.local/lib/python3.12/site-packages/airflow/example_dags/example_python_operator.py
[2024-08-06T10:05:57.541+0000] {processor.py:830} INFO - Processing file /home/airflow/.local/lib/python3.12/site-packages/airflow/example_dags/example_python_operator.py for tasks to queue
[2024-08-06T10:05:57.546+0000] {logging_mixin.py:188} INFO - [2024-08-06T10:05:57.545+0000] {dagbag.py:545} INFO - Filling up the DagBag from /home/airflow/.local/lib/python3.12/site-packages/airflow/example_dags/example_python_operator.py
[2024-08-06T10:05:57.562+0000] {processor.py:840} INFO - DAG(s) 'example_python_operator' retrieved from /home/airflow/.local/lib/python3.12/site-packages/airflow/example_dags/example_python_operator.py
[2024-08-06T10:05:57.594+0000] {logging_mixin.py:188} INFO - [2024-08-06T10:05:57.594+0000] {dag.py:3089} INFO - Sync 1 DAGs
[2024-08-06T10:05:57.610+0000] {logging_mixin.py:188} INFO - [2024-08-06T10:05:57.610+0000] {dag.py:3947} INFO - Setting next_dagrun for example_python_operator to None, run_after=None
[2024-08-06T10:05:57.641+0000] {processor.py:183} INFO - Processing /home/airflow/.local/lib/python3.12/site-packages/airflow/example_dags/example_python_operator.py took 0.118 seconds
[2024-08-06T10:06:28.579+0000] {processor.py:161} INFO - Started process (PID=2714) to work on /home/airflow/.local/lib/python3.12/site-packages/airflow/example_dags/example_python_operator.py
[2024-08-06T10:06:28.581+0000] {processor.py:830} INFO - Processing file /home/airflow/.local/lib/python3.12/site-packages/airflow/example_dags/example_python_operator.py for tasks to queue
[2024-08-06T10:06:28.583+0000] {logging_mixin.py:188} INFO - [2024-08-06T10:06:28.583+0000] {dagbag.py:545} INFO - Filling up the DagBag from /home/airflow/.local/lib/python3.12/site-packages/airflow/example_dags/example_python_operator.py
[2024-08-06T10:06:28.595+0000] {processor.py:840} INFO - DAG(s) 'example_python_operator' retrieved from /home/airflow/.local/lib/python3.12/site-packages/airflow/example_dags/example_python_operator.py
[2024-08-06T10:06:28.622+0000] {logging_mixin.py:188} INFO - [2024-08-06T10:06:28.622+0000] {dag.py:3089} INFO - Sync 1 DAGs
[2024-08-06T10:06:28.640+0000] {logging_mixin.py:188} INFO - [2024-08-06T10:06:28.640+0000] {dag.py:3947} INFO - Setting next_dagrun for example_python_operator to None, run_after=None
[2024-08-06T10:06:28.662+0000] {processor.py:183} INFO - Processing /home/airflow/.local/lib/python3.12/site-packages/airflow/example_dags/example_python_operator.py took 0.089 seconds
[2024-08-06T10:07:00.231+0000] {processor.py:161} INFO - Started process (PID=2779) to work on /home/airflow/.local/lib/python3.12/site-packages/airflow/example_dags/example_python_operator.py
[2024-08-06T10:07:00.233+0000] {processor.py:830} INFO - Processing file /home/airflow/.local/lib/python3.12/site-packages/airflow/example_dags/example_python_operator.py for tasks to queue
[2024-08-06T10:07:00.236+0000] {logging_mixin.py:188} INFO - [2024-08-06T10:07:00.236+0000] {dagbag.py:545} INFO - Filling up the DagBag from /home/airflow/.local/lib/python3.12/site-packages/airflow/example_dags/example_python_operator.py
[2024-08-06T10:07:00.250+0000] {processor.py:840} INFO - DAG(s) 'example_python_operator' retrieved from /home/airflow/.local/lib/python3.12/site-packages/airflow/example_dags/example_python_operator.py
[2024-08-06T10:07:00.276+0000] {logging_mixin.py:188} INFO - [2024-08-06T10:07:00.276+0000] {dag.py:3089} INFO - Sync 1 DAGs
[2024-08-06T10:07:00.291+0000] {logging_mixin.py:188} INFO - [2024-08-06T10:07:00.291+0000] {dag.py:3947} INFO - Setting next_dagrun for example_python_operator to None, run_after=None
[2024-08-06T10:07:00.324+0000] {processor.py:183} INFO - Processing /home/airflow/.local/lib/python3.12/site-packages/airflow/example_dags/example_python_operator.py took 0.102 seconds
[2024-08-06T10:07:31.550+0000] {processor.py:161} INFO - Started process (PID=2844) to work on /home/airflow/.local/lib/python3.12/site-packages/airflow/example_dags/example_python_operator.py
[2024-08-06T10:07:31.553+0000] {processor.py:830} INFO - Processing file /home/airflow/.local/lib/python3.12/site-packages/airflow/example_dags/example_python_operator.py for tasks to queue
[2024-08-06T10:07:31.557+0000] {logging_mixin.py:188} INFO - [2024-08-06T10:07:31.556+0000] {dagbag.py:545} INFO - Filling up the DagBag from /home/airflow/.local/lib/python3.12/site-packages/airflow/example_dags/example_python_operator.py
[2024-08-06T10:07:31.571+0000] {processor.py:840} INFO - DAG(s) 'example_python_operator' retrieved from /home/airflow/.local/lib/python3.12/site-packages/airflow/example_dags/example_python_operator.py
[2024-08-06T10:07:31.599+0000] {logging_mixin.py:188} INFO - [2024-08-06T10:07:31.599+0000] {dag.py:3089} INFO - Sync 1 DAGs
[2024-08-06T10:07:31.616+0000] {logging_mixin.py:188} INFO - [2024-08-06T10:07:31.616+0000] {dag.py:3947} INFO - Setting next_dagrun for example_python_operator to None, run_after=None
[2024-08-06T10:07:31.639+0000] {processor.py:183} INFO - Processing /home/airflow/.local/lib/python3.12/site-packages/airflow/example_dags/example_python_operator.py took 0.096 seconds
[2024-08-06T10:08:03.329+0000] {processor.py:161} INFO - Started process (PID=2909) to work on /home/airflow/.local/lib/python3.12/site-packages/airflow/example_dags/example_python_operator.py
[2024-08-06T10:08:03.331+0000] {processor.py:830} INFO - Processing file /home/airflow/.local/lib/python3.12/site-packages/airflow/example_dags/example_python_operator.py for tasks to queue
[2024-08-06T10:08:03.333+0000] {logging_mixin.py:188} INFO - [2024-08-06T10:08:03.333+0000] {dagbag.py:545} INFO - Filling up the DagBag from /home/airflow/.local/lib/python3.12/site-packages/airflow/example_dags/example_python_operator.py
[2024-08-06T10:08:03.346+0000] {processor.py:840} INFO - DAG(s) 'example_python_operator' retrieved from /home/airflow/.local/lib/python3.12/site-packages/airflow/example_dags/example_python_operator.py
[2024-08-06T10:08:03.372+0000] {logging_mixin.py:188} INFO - [2024-08-06T10:08:03.372+0000] {dag.py:3089} INFO - Sync 1 DAGs
[2024-08-06T10:08:03.394+0000] {logging_mixin.py:188} INFO - [2024-08-06T10:08:03.393+0000] {dag.py:3947} INFO - Setting next_dagrun for example_python_operator to None, run_after=None
[2024-08-06T10:08:03.432+0000] {processor.py:183} INFO - Processing /home/airflow/.local/lib/python3.12/site-packages/airflow/example_dags/example_python_operator.py took 0.113 seconds
[2024-08-06T10:08:34.515+0000] {processor.py:161} INFO - Started process (PID=2974) to work on /home/airflow/.local/lib/python3.12/site-packages/airflow/example_dags/example_python_operator.py
[2024-08-06T10:08:34.517+0000] {processor.py:830} INFO - Processing file /home/airflow/.local/lib/python3.12/site-packages/airflow/example_dags/example_python_operator.py for tasks to queue
[2024-08-06T10:08:34.521+0000] {logging_mixin.py:188} INFO - [2024-08-06T10:08:34.521+0000] {dagbag.py:545} INFO - Filling up the DagBag from /home/airflow/.local/lib/python3.12/site-packages/airflow/example_dags/example_python_operator.py
[2024-08-06T10:08:34.537+0000] {processor.py:840} INFO - DAG(s) 'example_python_operator' retrieved from /home/airflow/.local/lib/python3.12/site-packages/airflow/example_dags/example_python_operator.py
[2024-08-06T10:08:34.564+0000] {logging_mixin.py:188} INFO - [2024-08-06T10:08:34.563+0000] {dag.py:3089} INFO - Sync 1 DAGs
[2024-08-06T10:08:34.578+0000] {logging_mixin.py:188} INFO - [2024-08-06T10:08:34.577+0000] {dag.py:3947} INFO - Setting next_dagrun for example_python_operator to None, run_after=None
[2024-08-06T10:08:34.601+0000] {processor.py:183} INFO - Processing /home/airflow/.local/lib/python3.12/site-packages/airflow/example_dags/example_python_operator.py took 0.095 seconds
[2024-08-06T10:09:04.910+0000] {processor.py:161} INFO - Started process (PID=3039) to work on /home/airflow/.local/lib/python3.12/site-packages/airflow/example_dags/example_python_operator.py
[2024-08-06T10:09:04.911+0000] {processor.py:830} INFO - Processing file /home/airflow/.local/lib/python3.12/site-packages/airflow/example_dags/example_python_operator.py for tasks to queue
[2024-08-06T10:09:04.913+0000] {logging_mixin.py:188} INFO - [2024-08-06T10:09:04.913+0000] {dagbag.py:545} INFO - Filling up the DagBag from /home/airflow/.local/lib/python3.12/site-packages/airflow/example_dags/example_python_operator.py
[2024-08-06T10:09:04.925+0000] {processor.py:840} INFO - DAG(s) 'example_python_operator' retrieved from /home/airflow/.local/lib/python3.12/site-packages/airflow/example_dags/example_python_operator.py
[2024-08-06T10:09:04.951+0000] {logging_mixin.py:188} INFO - [2024-08-06T10:09:04.951+0000] {dag.py:3089} INFO - Sync 1 DAGs
[2024-08-06T10:09:04.968+0000] {logging_mixin.py:188} INFO - [2024-08-06T10:09:04.967+0000] {dag.py:3947} INFO - Setting next_dagrun for example_python_operator to None, run_after=None
[2024-08-06T10:09:04.991+0000] {processor.py:183} INFO - Processing /home/airflow/.local/lib/python3.12/site-packages/airflow/example_dags/example_python_operator.py took 0.087 seconds
[2024-08-06T10:09:35.646+0000] {processor.py:161} INFO - Started process (PID=3104) to work on /home/airflow/.local/lib/python3.12/site-packages/airflow/example_dags/example_python_operator.py
[2024-08-06T10:09:35.648+0000] {processor.py:830} INFO - Processing file /home/airflow/.local/lib/python3.12/site-packages/airflow/example_dags/example_python_operator.py for tasks to queue
[2024-08-06T10:09:35.651+0000] {logging_mixin.py:188} INFO - [2024-08-06T10:09:35.651+0000] {dagbag.py:545} INFO - Filling up the DagBag from /home/airflow/.local/lib/python3.12/site-packages/airflow/example_dags/example_python_operator.py
[2024-08-06T10:09:35.667+0000] {processor.py:840} INFO - DAG(s) 'example_python_operator' retrieved from /home/airflow/.local/lib/python3.12/site-packages/airflow/example_dags/example_python_operator.py
[2024-08-06T10:09:35.701+0000] {logging_mixin.py:188} INFO - [2024-08-06T10:09:35.701+0000] {dag.py:3089} INFO - Sync 1 DAGs
[2024-08-06T10:09:35.716+0000] {logging_mixin.py:188} INFO - [2024-08-06T10:09:35.716+0000] {dag.py:3947} INFO - Setting next_dagrun for example_python_operator to None, run_after=None
[2024-08-06T10:09:35.749+0000] {processor.py:183} INFO - Processing /home/airflow/.local/lib/python3.12/site-packages/airflow/example_dags/example_python_operator.py took 0.115 seconds
[2024-08-06T10:10:06.738+0000] {processor.py:161} INFO - Started process (PID=3168) to work on /home/airflow/.local/lib/python3.12/site-packages/airflow/example_dags/example_python_operator.py
[2024-08-06T10:10:06.740+0000] {processor.py:830} INFO - Processing file /home/airflow/.local/lib/python3.12/site-packages/airflow/example_dags/example_python_operator.py for tasks to queue
[2024-08-06T10:10:06.742+0000] {logging_mixin.py:188} INFO - [2024-08-06T10:10:06.741+0000] {dagbag.py:545} INFO - Filling up the DagBag from /home/airflow/.local/lib/python3.12/site-packages/airflow/example_dags/example_python_operator.py
[2024-08-06T10:10:06.755+0000] {processor.py:840} INFO - DAG(s) 'example_python_operator' retrieved from /home/airflow/.local/lib/python3.12/site-packages/airflow/example_dags/example_python_operator.py
[2024-08-06T10:10:06.780+0000] {logging_mixin.py:188} INFO - [2024-08-06T10:10:06.779+0000] {dag.py:3089} INFO - Sync 1 DAGs
[2024-08-06T10:10:06.795+0000] {logging_mixin.py:188} INFO - [2024-08-06T10:10:06.795+0000] {dag.py:3947} INFO - Setting next_dagrun for example_python_operator to None, run_after=None
[2024-08-06T10:10:06.817+0000] {processor.py:183} INFO - Processing /home/airflow/.local/lib/python3.12/site-packages/airflow/example_dags/example_python_operator.py took 0.086 seconds
[2024-08-06T10:10:37.991+0000] {processor.py:161} INFO - Started process (PID=3232) to work on /home/airflow/.local/lib/python3.12/site-packages/airflow/example_dags/example_python_operator.py
[2024-08-06T10:10:37.992+0000] {processor.py:830} INFO - Processing file /home/airflow/.local/lib/python3.12/site-packages/airflow/example_dags/example_python_operator.py for tasks to queue
[2024-08-06T10:10:37.995+0000] {logging_mixin.py:188} INFO - [2024-08-06T10:10:37.995+0000] {dagbag.py:545} INFO - Filling up the DagBag from /home/airflow/.local/lib/python3.12/site-packages/airflow/example_dags/example_python_operator.py
[2024-08-06T10:10:38.009+0000] {processor.py:840} INFO - DAG(s) 'example_python_operator' retrieved from /home/airflow/.local/lib/python3.12/site-packages/airflow/example_dags/example_python_operator.py
[2024-08-06T10:10:38.041+0000] {logging_mixin.py:188} INFO - [2024-08-06T10:10:38.041+0000] {dag.py:3089} INFO - Sync 1 DAGs
[2024-08-06T10:10:38.062+0000] {logging_mixin.py:188} INFO - [2024-08-06T10:10:38.062+0000] {dag.py:3947} INFO - Setting next_dagrun for example_python_operator to None, run_after=None
[2024-08-06T10:10:38.090+0000] {processor.py:183} INFO - Processing /home/airflow/.local/lib/python3.12/site-packages/airflow/example_dags/example_python_operator.py took 0.106 seconds
[2024-08-06T10:11:08.231+0000] {processor.py:161} INFO - Started process (PID=3297) to work on /home/airflow/.local/lib/python3.12/site-packages/airflow/example_dags/example_python_operator.py
[2024-08-06T10:11:08.232+0000] {processor.py:830} INFO - Processing file /home/airflow/.local/lib/python3.12/site-packages/airflow/example_dags/example_python_operator.py for tasks to queue
[2024-08-06T10:11:08.235+0000] {logging_mixin.py:188} INFO - [2024-08-06T10:11:08.234+0000] {dagbag.py:545} INFO - Filling up the DagBag from /home/airflow/.local/lib/python3.12/site-packages/airflow/example_dags/example_python_operator.py
[2024-08-06T10:11:08.247+0000] {processor.py:840} INFO - DAG(s) 'example_python_operator' retrieved from /home/airflow/.local/lib/python3.12/site-packages/airflow/example_dags/example_python_operator.py
[2024-08-06T10:11:08.273+0000] {logging_mixin.py:188} INFO - [2024-08-06T10:11:08.273+0000] {dag.py:3089} INFO - Sync 1 DAGs
[2024-08-06T10:11:08.290+0000] {logging_mixin.py:188} INFO - [2024-08-06T10:11:08.290+0000] {dag.py:3947} INFO - Setting next_dagrun for example_python_operator to None, run_after=None
[2024-08-06T10:11:08.312+0000] {processor.py:183} INFO - Processing /home/airflow/.local/lib/python3.12/site-packages/airflow/example_dags/example_python_operator.py took 0.092 seconds
[2024-08-06T10:11:39.027+0000] {processor.py:161} INFO - Started process (PID=3362) to work on /home/airflow/.local/lib/python3.12/site-packages/airflow/example_dags/example_python_operator.py
[2024-08-06T10:11:39.036+0000] {processor.py:830} INFO - Processing file /home/airflow/.local/lib/python3.12/site-packages/airflow/example_dags/example_python_operator.py for tasks to queue
[2024-08-06T10:11:39.040+0000] {logging_mixin.py:188} INFO - [2024-08-06T10:11:39.039+0000] {dagbag.py:545} INFO - Filling up the DagBag from /home/airflow/.local/lib/python3.12/site-packages/airflow/example_dags/example_python_operator.py
[2024-08-06T10:11:39.061+0000] {processor.py:840} INFO - DAG(s) 'example_python_operator' retrieved from /home/airflow/.local/lib/python3.12/site-packages/airflow/example_dags/example_python_operator.py
[2024-08-06T10:11:39.098+0000] {logging_mixin.py:188} INFO - [2024-08-06T10:11:39.097+0000] {dag.py:3089} INFO - Sync 1 DAGs
[2024-08-06T10:11:39.113+0000] {logging_mixin.py:188} INFO - [2024-08-06T10:11:39.113+0000] {dag.py:3947} INFO - Setting next_dagrun for example_python_operator to None, run_after=None
[2024-08-06T10:11:39.137+0000] {processor.py:183} INFO - Processing /home/airflow/.local/lib/python3.12/site-packages/airflow/example_dags/example_python_operator.py took 0.126 seconds
[2024-08-06T10:12:10.221+0000] {processor.py:161} INFO - Started process (PID=3427) to work on /home/airflow/.local/lib/python3.12/site-packages/airflow/example_dags/example_python_operator.py
[2024-08-06T10:12:10.222+0000] {processor.py:830} INFO - Processing file /home/airflow/.local/lib/python3.12/site-packages/airflow/example_dags/example_python_operator.py for tasks to queue
[2024-08-06T10:12:10.225+0000] {logging_mixin.py:188} INFO - [2024-08-06T10:12:10.224+0000] {dagbag.py:545} INFO - Filling up the DagBag from /home/airflow/.local/lib/python3.12/site-packages/airflow/example_dags/example_python_operator.py
[2024-08-06T10:12:10.239+0000] {processor.py:840} INFO - DAG(s) 'example_python_operator' retrieved from /home/airflow/.local/lib/python3.12/site-packages/airflow/example_dags/example_python_operator.py
[2024-08-06T10:12:10.274+0000] {logging_mixin.py:188} INFO - [2024-08-06T10:12:10.274+0000] {dag.py:3089} INFO - Sync 1 DAGs
[2024-08-06T10:12:10.294+0000] {logging_mixin.py:188} INFO - [2024-08-06T10:12:10.294+0000] {dag.py:3947} INFO - Setting next_dagrun for example_python_operator to None, run_after=None
[2024-08-06T10:12:10.318+0000] {processor.py:183} INFO - Processing /home/airflow/.local/lib/python3.12/site-packages/airflow/example_dags/example_python_operator.py took 0.106 seconds
[2024-08-06T10:12:41.636+0000] {processor.py:161} INFO - Started process (PID=3491) to work on /home/airflow/.local/lib/python3.12/site-packages/airflow/example_dags/example_python_operator.py
[2024-08-06T10:12:41.638+0000] {processor.py:830} INFO - Processing file /home/airflow/.local/lib/python3.12/site-packages/airflow/example_dags/example_python_operator.py for tasks to queue
[2024-08-06T10:12:41.640+0000] {logging_mixin.py:188} INFO - [2024-08-06T10:12:41.640+0000] {dagbag.py:545} INFO - Filling up the DagBag from /home/airflow/.local/lib/python3.12/site-packages/airflow/example_dags/example_python_operator.py
[2024-08-06T10:12:41.654+0000] {processor.py:840} INFO - DAG(s) 'example_python_operator' retrieved from /home/airflow/.local/lib/python3.12/site-packages/airflow/example_dags/example_python_operator.py
[2024-08-06T10:12:41.682+0000] {logging_mixin.py:188} INFO - [2024-08-06T10:12:41.682+0000] {dag.py:3089} INFO - Sync 1 DAGs
[2024-08-06T10:12:41.699+0000] {logging_mixin.py:188} INFO - [2024-08-06T10:12:41.699+0000] {dag.py:3947} INFO - Setting next_dagrun for example_python_operator to None, run_after=None
[2024-08-06T10:12:41.724+0000] {processor.py:183} INFO - Processing /home/airflow/.local/lib/python3.12/site-packages/airflow/example_dags/example_python_operator.py took 0.097 seconds
[2024-08-06T10:13:12.315+0000] {processor.py:161} INFO - Started process (PID=3556) to work on /home/airflow/.local/lib/python3.12/site-packages/airflow/example_dags/example_python_operator.py
[2024-08-06T10:13:12.316+0000] {processor.py:830} INFO - Processing file /home/airflow/.local/lib/python3.12/site-packages/airflow/example_dags/example_python_operator.py for tasks to queue
[2024-08-06T10:13:12.319+0000] {logging_mixin.py:188} INFO - [2024-08-06T10:13:12.318+0000] {dagbag.py:545} INFO - Filling up the DagBag from /home/airflow/.local/lib/python3.12/site-packages/airflow/example_dags/example_python_operator.py
[2024-08-06T10:13:12.334+0000] {processor.py:840} INFO - DAG(s) 'example_python_operator' retrieved from /home/airflow/.local/lib/python3.12/site-packages/airflow/example_dags/example_python_operator.py
[2024-08-06T10:13:12.360+0000] {logging_mixin.py:188} INFO - [2024-08-06T10:13:12.359+0000] {dag.py:3089} INFO - Sync 1 DAGs
[2024-08-06T10:13:12.375+0000] {logging_mixin.py:188} INFO - [2024-08-06T10:13:12.375+0000] {dag.py:3947} INFO - Setting next_dagrun for example_python_operator to None, run_after=None
[2024-08-06T10:13:12.400+0000] {processor.py:183} INFO - Processing /home/airflow/.local/lib/python3.12/site-packages/airflow/example_dags/example_python_operator.py took 0.096 seconds
[2024-08-06T10:13:42.872+0000] {processor.py:161} INFO - Started process (PID=3621) to work on /home/airflow/.local/lib/python3.12/site-packages/airflow/example_dags/example_python_operator.py
[2024-08-06T10:13:42.874+0000] {processor.py:830} INFO - Processing file /home/airflow/.local/lib/python3.12/site-packages/airflow/example_dags/example_python_operator.py for tasks to queue
[2024-08-06T10:13:42.878+0000] {logging_mixin.py:188} INFO - [2024-08-06T10:13:42.877+0000] {dagbag.py:545} INFO - Filling up the DagBag from /home/airflow/.local/lib/python3.12/site-packages/airflow/example_dags/example_python_operator.py
[2024-08-06T10:13:42.894+0000] {processor.py:840} INFO - DAG(s) 'example_python_operator' retrieved from /home/airflow/.local/lib/python3.12/site-packages/airflow/example_dags/example_python_operator.py
[2024-08-06T10:13:42.924+0000] {logging_mixin.py:188} INFO - [2024-08-06T10:13:42.924+0000] {dag.py:3089} INFO - Sync 1 DAGs
[2024-08-06T10:13:42.940+0000] {logging_mixin.py:188} INFO - [2024-08-06T10:13:42.939+0000] {dag.py:3947} INFO - Setting next_dagrun for example_python_operator to None, run_after=None
[2024-08-06T10:13:42.967+0000] {processor.py:183} INFO - Processing /home/airflow/.local/lib/python3.12/site-packages/airflow/example_dags/example_python_operator.py took 0.104 seconds
[2024-08-06T10:14:14.497+0000] {processor.py:161} INFO - Started process (PID=3686) to work on /home/airflow/.local/lib/python3.12/site-packages/airflow/example_dags/example_python_operator.py
[2024-08-06T10:14:14.499+0000] {processor.py:830} INFO - Processing file /home/airflow/.local/lib/python3.12/site-packages/airflow/example_dags/example_python_operator.py for tasks to queue
[2024-08-06T10:14:14.502+0000] {logging_mixin.py:188} INFO - [2024-08-06T10:14:14.502+0000] {dagbag.py:545} INFO - Filling up the DagBag from /home/airflow/.local/lib/python3.12/site-packages/airflow/example_dags/example_python_operator.py
[2024-08-06T10:14:14.515+0000] {processor.py:840} INFO - DAG(s) 'example_python_operator' retrieved from /home/airflow/.local/lib/python3.12/site-packages/airflow/example_dags/example_python_operator.py
[2024-08-06T10:14:14.549+0000] {logging_mixin.py:188} INFO - [2024-08-06T10:14:14.549+0000] {dag.py:3089} INFO - Sync 1 DAGs
[2024-08-06T10:14:14.564+0000] {logging_mixin.py:188} INFO - [2024-08-06T10:14:14.564+0000] {dag.py:3947} INFO - Setting next_dagrun for example_python_operator to None, run_after=None
[2024-08-06T10:14:14.593+0000] {processor.py:183} INFO - Processing /home/airflow/.local/lib/python3.12/site-packages/airflow/example_dags/example_python_operator.py took 0.107 seconds
[2024-08-06T10:14:46.517+0000] {processor.py:161} INFO - Started process (PID=3751) to work on /home/airflow/.local/lib/python3.12/site-packages/airflow/example_dags/example_python_operator.py
[2024-08-06T10:14:46.521+0000] {processor.py:830} INFO - Processing file /home/airflow/.local/lib/python3.12/site-packages/airflow/example_dags/example_python_operator.py for tasks to queue
[2024-08-06T10:14:46.526+0000] {logging_mixin.py:188} INFO - [2024-08-06T10:14:46.525+0000] {dagbag.py:545} INFO - Filling up the DagBag from /home/airflow/.local/lib/python3.12/site-packages/airflow/example_dags/example_python_operator.py
[2024-08-06T10:14:46.547+0000] {processor.py:840} INFO - DAG(s) 'example_python_operator' retrieved from /home/airflow/.local/lib/python3.12/site-packages/airflow/example_dags/example_python_operator.py
[2024-08-06T10:14:46.591+0000] {logging_mixin.py:188} INFO - [2024-08-06T10:14:46.591+0000] {dag.py:3089} INFO - Sync 1 DAGs
[2024-08-06T10:14:46.614+0000] {logging_mixin.py:188} INFO - [2024-08-06T10:14:46.613+0000] {dag.py:3947} INFO - Setting next_dagrun for example_python_operator to None, run_after=None
[2024-08-06T10:14:46.647+0000] {processor.py:183} INFO - Processing /home/airflow/.local/lib/python3.12/site-packages/airflow/example_dags/example_python_operator.py took 0.144 seconds
[2024-08-06T10:15:18.121+0000] {processor.py:161} INFO - Started process (PID=3817) to work on /home/airflow/.local/lib/python3.12/site-packages/airflow/example_dags/example_python_operator.py
[2024-08-06T10:15:18.122+0000] {processor.py:830} INFO - Processing file /home/airflow/.local/lib/python3.12/site-packages/airflow/example_dags/example_python_operator.py for tasks to queue
[2024-08-06T10:15:18.125+0000] {logging_mixin.py:188} INFO - [2024-08-06T10:15:18.125+0000] {dagbag.py:545} INFO - Filling up the DagBag from /home/airflow/.local/lib/python3.12/site-packages/airflow/example_dags/example_python_operator.py
[2024-08-06T10:15:18.137+0000] {processor.py:840} INFO - DAG(s) 'example_python_operator' retrieved from /home/airflow/.local/lib/python3.12/site-packages/airflow/example_dags/example_python_operator.py
[2024-08-06T10:15:18.164+0000] {logging_mixin.py:188} INFO - [2024-08-06T10:15:18.164+0000] {dag.py:3089} INFO - Sync 1 DAGs
[2024-08-06T10:15:18.181+0000] {logging_mixin.py:188} INFO - [2024-08-06T10:15:18.181+0000] {dag.py:3947} INFO - Setting next_dagrun for example_python_operator to None, run_after=None
[2024-08-06T10:15:18.210+0000] {processor.py:183} INFO - Processing /home/airflow/.local/lib/python3.12/site-packages/airflow/example_dags/example_python_operator.py took 0.099 seconds
[2024-08-06T10:15:48.577+0000] {processor.py:161} INFO - Started process (PID=3882) to work on /home/airflow/.local/lib/python3.12/site-packages/airflow/example_dags/example_python_operator.py
[2024-08-06T10:15:48.579+0000] {processor.py:830} INFO - Processing file /home/airflow/.local/lib/python3.12/site-packages/airflow/example_dags/example_python_operator.py for tasks to queue
[2024-08-06T10:15:48.583+0000] {logging_mixin.py:188} INFO - [2024-08-06T10:15:48.582+0000] {dagbag.py:545} INFO - Filling up the DagBag from /home/airflow/.local/lib/python3.12/site-packages/airflow/example_dags/example_python_operator.py
[2024-08-06T10:15:48.596+0000] {processor.py:840} INFO - DAG(s) 'example_python_operator' retrieved from /home/airflow/.local/lib/python3.12/site-packages/airflow/example_dags/example_python_operator.py
[2024-08-06T10:15:48.631+0000] {logging_mixin.py:188} INFO - [2024-08-06T10:15:48.630+0000] {dag.py:3089} INFO - Sync 1 DAGs
[2024-08-06T10:15:48.649+0000] {logging_mixin.py:188} INFO - [2024-08-06T10:15:48.648+0000] {dag.py:3947} INFO - Setting next_dagrun for example_python_operator to None, run_after=None
[2024-08-06T10:15:48.678+0000] {processor.py:183} INFO - Processing /home/airflow/.local/lib/python3.12/site-packages/airflow/example_dags/example_python_operator.py took 0.107 seconds
[2024-08-06T10:16:19.115+0000] {processor.py:161} INFO - Started process (PID=3947) to work on /home/airflow/.local/lib/python3.12/site-packages/airflow/example_dags/example_python_operator.py
[2024-08-06T10:16:19.119+0000] {processor.py:830} INFO - Processing file /home/airflow/.local/lib/python3.12/site-packages/airflow/example_dags/example_python_operator.py for tasks to queue
[2024-08-06T10:16:19.124+0000] {logging_mixin.py:188} INFO - [2024-08-06T10:16:19.124+0000] {dagbag.py:545} INFO - Filling up the DagBag from /home/airflow/.local/lib/python3.12/site-packages/airflow/example_dags/example_python_operator.py
[2024-08-06T10:16:19.138+0000] {processor.py:840} INFO - DAG(s) 'example_python_operator' retrieved from /home/airflow/.local/lib/python3.12/site-packages/airflow/example_dags/example_python_operator.py
[2024-08-06T10:16:19.170+0000] {logging_mixin.py:188} INFO - [2024-08-06T10:16:19.170+0000] {dag.py:3089} INFO - Sync 1 DAGs
[2024-08-06T10:16:19.187+0000] {logging_mixin.py:188} INFO - [2024-08-06T10:16:19.186+0000] {dag.py:3947} INFO - Setting next_dagrun for example_python_operator to None, run_after=None
[2024-08-06T10:16:19.216+0000] {processor.py:183} INFO - Processing /home/airflow/.local/lib/python3.12/site-packages/airflow/example_dags/example_python_operator.py took 0.110 seconds
[2024-08-06T10:16:49.955+0000] {processor.py:161} INFO - Started process (PID=4012) to work on /home/airflow/.local/lib/python3.12/site-packages/airflow/example_dags/example_python_operator.py
[2024-08-06T10:16:49.958+0000] {processor.py:830} INFO - Processing file /home/airflow/.local/lib/python3.12/site-packages/airflow/example_dags/example_python_operator.py for tasks to queue
[2024-08-06T10:16:49.961+0000] {logging_mixin.py:188} INFO - [2024-08-06T10:16:49.960+0000] {dagbag.py:545} INFO - Filling up the DagBag from /home/airflow/.local/lib/python3.12/site-packages/airflow/example_dags/example_python_operator.py
[2024-08-06T10:16:49.975+0000] {processor.py:840} INFO - DAG(s) 'example_python_operator' retrieved from /home/airflow/.local/lib/python3.12/site-packages/airflow/example_dags/example_python_operator.py
[2024-08-06T10:16:50.002+0000] {logging_mixin.py:188} INFO - [2024-08-06T10:16:50.002+0000] {dag.py:3089} INFO - Sync 1 DAGs
[2024-08-06T10:16:50.016+0000] {logging_mixin.py:188} INFO - [2024-08-06T10:16:50.016+0000] {dag.py:3947} INFO - Setting next_dagrun for example_python_operator to None, run_after=None
[2024-08-06T10:16:50.041+0000] {processor.py:183} INFO - Processing /home/airflow/.local/lib/python3.12/site-packages/airflow/example_dags/example_python_operator.py took 0.094 seconds
[2024-08-06T10:17:21.884+0000] {processor.py:161} INFO - Started process (PID=4077) to work on /home/airflow/.local/lib/python3.12/site-packages/airflow/example_dags/example_python_operator.py
[2024-08-06T10:17:21.885+0000] {processor.py:830} INFO - Processing file /home/airflow/.local/lib/python3.12/site-packages/airflow/example_dags/example_python_operator.py for tasks to queue
[2024-08-06T10:17:21.887+0000] {logging_mixin.py:188} INFO - [2024-08-06T10:17:21.887+0000] {dagbag.py:545} INFO - Filling up the DagBag from /home/airflow/.local/lib/python3.12/site-packages/airflow/example_dags/example_python_operator.py
[2024-08-06T10:17:21.900+0000] {processor.py:840} INFO - DAG(s) 'example_python_operator' retrieved from /home/airflow/.local/lib/python3.12/site-packages/airflow/example_dags/example_python_operator.py
[2024-08-06T10:17:21.923+0000] {logging_mixin.py:188} INFO - [2024-08-06T10:17:21.923+0000] {dag.py:3089} INFO - Sync 1 DAGs
[2024-08-06T10:17:21.937+0000] {logging_mixin.py:188} INFO - [2024-08-06T10:17:21.937+0000] {dag.py:3947} INFO - Setting next_dagrun for example_python_operator to None, run_after=None
[2024-08-06T10:17:21.961+0000] {processor.py:183} INFO - Processing /home/airflow/.local/lib/python3.12/site-packages/airflow/example_dags/example_python_operator.py took 0.085 seconds
[2024-08-06T10:17:52.334+0000] {processor.py:161} INFO - Started process (PID=4142) to work on /home/airflow/.local/lib/python3.12/site-packages/airflow/example_dags/example_python_operator.py
[2024-08-06T10:17:52.336+0000] {processor.py:830} INFO - Processing file /home/airflow/.local/lib/python3.12/site-packages/airflow/example_dags/example_python_operator.py for tasks to queue
[2024-08-06T10:17:52.339+0000] {logging_mixin.py:188} INFO - [2024-08-06T10:17:52.338+0000] {dagbag.py:545} INFO - Filling up the DagBag from /home/airflow/.local/lib/python3.12/site-packages/airflow/example_dags/example_python_operator.py
[2024-08-06T10:17:52.355+0000] {processor.py:840} INFO - DAG(s) 'example_python_operator' retrieved from /home/airflow/.local/lib/python3.12/site-packages/airflow/example_dags/example_python_operator.py
[2024-08-06T10:17:52.390+0000] {logging_mixin.py:188} INFO - [2024-08-06T10:17:52.390+0000] {dag.py:3089} INFO - Sync 1 DAGs
[2024-08-06T10:17:52.408+0000] {logging_mixin.py:188} INFO - [2024-08-06T10:17:52.407+0000] {dag.py:3947} INFO - Setting next_dagrun for example_python_operator to None, run_after=None
[2024-08-06T10:17:52.448+0000] {processor.py:183} INFO - Processing /home/airflow/.local/lib/python3.12/site-packages/airflow/example_dags/example_python_operator.py took 0.123 seconds
[2024-08-06T10:18:23.123+0000] {processor.py:161} INFO - Started process (PID=4207) to work on /home/airflow/.local/lib/python3.12/site-packages/airflow/example_dags/example_python_operator.py
[2024-08-06T10:18:23.125+0000] {processor.py:830} INFO - Processing file /home/airflow/.local/lib/python3.12/site-packages/airflow/example_dags/example_python_operator.py for tasks to queue
[2024-08-06T10:18:23.127+0000] {logging_mixin.py:188} INFO - [2024-08-06T10:18:23.127+0000] {dagbag.py:545} INFO - Filling up the DagBag from /home/airflow/.local/lib/python3.12/site-packages/airflow/example_dags/example_python_operator.py
[2024-08-06T10:18:23.140+0000] {processor.py:840} INFO - DAG(s) 'example_python_operator' retrieved from /home/airflow/.local/lib/python3.12/site-packages/airflow/example_dags/example_python_operator.py
[2024-08-06T10:18:23.175+0000] {logging_mixin.py:188} INFO - [2024-08-06T10:18:23.174+0000] {dag.py:3089} INFO - Sync 1 DAGs
[2024-08-06T10:18:23.190+0000] {logging_mixin.py:188} INFO - [2024-08-06T10:18:23.190+0000] {dag.py:3947} INFO - Setting next_dagrun for example_python_operator to None, run_after=None
[2024-08-06T10:18:23.214+0000] {processor.py:183} INFO - Processing /home/airflow/.local/lib/python3.12/site-packages/airflow/example_dags/example_python_operator.py took 0.098 seconds
[2024-08-06T10:18:54.661+0000] {processor.py:161} INFO - Started process (PID=4278) to work on /home/airflow/.local/lib/python3.12/site-packages/airflow/example_dags/example_python_operator.py
[2024-08-06T10:18:54.663+0000] {processor.py:830} INFO - Processing file /home/airflow/.local/lib/python3.12/site-packages/airflow/example_dags/example_python_operator.py for tasks to queue
[2024-08-06T10:18:54.666+0000] {logging_mixin.py:188} INFO - [2024-08-06T10:18:54.665+0000] {dagbag.py:545} INFO - Filling up the DagBag from /home/airflow/.local/lib/python3.12/site-packages/airflow/example_dags/example_python_operator.py
[2024-08-06T10:18:54.687+0000] {processor.py:840} INFO - DAG(s) 'example_python_operator' retrieved from /home/airflow/.local/lib/python3.12/site-packages/airflow/example_dags/example_python_operator.py
[2024-08-06T10:18:54.718+0000] {logging_mixin.py:188} INFO - [2024-08-06T10:18:54.718+0000] {dag.py:3089} INFO - Sync 1 DAGs
[2024-08-06T10:18:54.736+0000] {logging_mixin.py:188} INFO - [2024-08-06T10:18:54.736+0000] {dag.py:3947} INFO - Setting next_dagrun for example_python_operator to None, run_after=None
[2024-08-06T10:18:54.762+0000] {processor.py:183} INFO - Processing /home/airflow/.local/lib/python3.12/site-packages/airflow/example_dags/example_python_operator.py took 0.107 seconds
[2024-08-06T10:19:25.815+0000] {processor.py:161} INFO - Started process (PID=4343) to work on /home/airflow/.local/lib/python3.12/site-packages/airflow/example_dags/example_python_operator.py
[2024-08-06T10:19:25.816+0000] {processor.py:830} INFO - Processing file /home/airflow/.local/lib/python3.12/site-packages/airflow/example_dags/example_python_operator.py for tasks to queue
[2024-08-06T10:19:25.818+0000] {logging_mixin.py:188} INFO - [2024-08-06T10:19:25.818+0000] {dagbag.py:545} INFO - Filling up the DagBag from /home/airflow/.local/lib/python3.12/site-packages/airflow/example_dags/example_python_operator.py
[2024-08-06T10:19:25.836+0000] {processor.py:840} INFO - DAG(s) 'example_python_operator' retrieved from /home/airflow/.local/lib/python3.12/site-packages/airflow/example_dags/example_python_operator.py
[2024-08-06T10:19:25.860+0000] {logging_mixin.py:188} INFO - [2024-08-06T10:19:25.859+0000] {dag.py:3089} INFO - Sync 1 DAGs
[2024-08-06T10:19:25.875+0000] {logging_mixin.py:188} INFO - [2024-08-06T10:19:25.875+0000] {dag.py:3947} INFO - Setting next_dagrun for example_python_operator to None, run_after=None
[2024-08-06T10:19:25.901+0000] {processor.py:183} INFO - Processing /home/airflow/.local/lib/python3.12/site-packages/airflow/example_dags/example_python_operator.py took 0.093 seconds
[2024-08-06T10:19:56.816+0000] {processor.py:161} INFO - Started process (PID=4408) to work on /home/airflow/.local/lib/python3.12/site-packages/airflow/example_dags/example_python_operator.py
[2024-08-06T10:19:56.823+0000] {processor.py:830} INFO - Processing file /home/airflow/.local/lib/python3.12/site-packages/airflow/example_dags/example_python_operator.py for tasks to queue
[2024-08-06T10:19:56.827+0000] {logging_mixin.py:188} INFO - [2024-08-06T10:19:56.827+0000] {dagbag.py:545} INFO - Filling up the DagBag from /home/airflow/.local/lib/python3.12/site-packages/airflow/example_dags/example_python_operator.py
[2024-08-06T10:19:56.841+0000] {processor.py:840} INFO - DAG(s) 'example_python_operator' retrieved from /home/airflow/.local/lib/python3.12/site-packages/airflow/example_dags/example_python_operator.py
[2024-08-06T10:19:56.867+0000] {logging_mixin.py:188} INFO - [2024-08-06T10:19:56.867+0000] {dag.py:3089} INFO - Sync 1 DAGs
[2024-08-06T10:19:56.881+0000] {logging_mixin.py:188} INFO - [2024-08-06T10:19:56.881+0000] {dag.py:3947} INFO - Setting next_dagrun for example_python_operator to None, run_after=None
[2024-08-06T10:19:56.909+0000] {processor.py:183} INFO - Processing /home/airflow/.local/lib/python3.12/site-packages/airflow/example_dags/example_python_operator.py took 0.100 seconds
[2024-08-06T10:20:27.647+0000] {processor.py:161} INFO - Started process (PID=4473) to work on /home/airflow/.local/lib/python3.12/site-packages/airflow/example_dags/example_python_operator.py
[2024-08-06T10:20:27.649+0000] {processor.py:830} INFO - Processing file /home/airflow/.local/lib/python3.12/site-packages/airflow/example_dags/example_python_operator.py for tasks to queue
[2024-08-06T10:20:27.653+0000] {logging_mixin.py:188} INFO - [2024-08-06T10:20:27.653+0000] {dagbag.py:545} INFO - Filling up the DagBag from /home/airflow/.local/lib/python3.12/site-packages/airflow/example_dags/example_python_operator.py
[2024-08-06T10:20:27.670+0000] {processor.py:840} INFO - DAG(s) 'example_python_operator' retrieved from /home/airflow/.local/lib/python3.12/site-packages/airflow/example_dags/example_python_operator.py
[2024-08-06T10:20:27.694+0000] {logging_mixin.py:188} INFO - [2024-08-06T10:20:27.694+0000] {dag.py:3089} INFO - Sync 1 DAGs
[2024-08-06T10:20:27.708+0000] {logging_mixin.py:188} INFO - [2024-08-06T10:20:27.708+0000] {dag.py:3947} INFO - Setting next_dagrun for example_python_operator to None, run_after=None
[2024-08-06T10:20:27.734+0000] {processor.py:183} INFO - Processing /home/airflow/.local/lib/python3.12/site-packages/airflow/example_dags/example_python_operator.py took 0.095 seconds
[2024-08-06T10:20:58.629+0000] {processor.py:161} INFO - Started process (PID=4538) to work on /home/airflow/.local/lib/python3.12/site-packages/airflow/example_dags/example_python_operator.py
[2024-08-06T10:20:58.631+0000] {processor.py:830} INFO - Processing file /home/airflow/.local/lib/python3.12/site-packages/airflow/example_dags/example_python_operator.py for tasks to queue
[2024-08-06T10:20:58.633+0000] {logging_mixin.py:188} INFO - [2024-08-06T10:20:58.633+0000] {dagbag.py:545} INFO - Filling up the DagBag from /home/airflow/.local/lib/python3.12/site-packages/airflow/example_dags/example_python_operator.py
[2024-08-06T10:20:58.647+0000] {processor.py:840} INFO - DAG(s) 'example_python_operator' retrieved from /home/airflow/.local/lib/python3.12/site-packages/airflow/example_dags/example_python_operator.py
[2024-08-06T10:20:58.682+0000] {logging_mixin.py:188} INFO - [2024-08-06T10:20:58.681+0000] {dag.py:3089} INFO - Sync 1 DAGs
[2024-08-06T10:20:58.698+0000] {logging_mixin.py:188} INFO - [2024-08-06T10:20:58.697+0000] {dag.py:3947} INFO - Setting next_dagrun for example_python_operator to None, run_after=None
[2024-08-06T10:20:58.728+0000] {processor.py:183} INFO - Processing /home/airflow/.local/lib/python3.12/site-packages/airflow/example_dags/example_python_operator.py took 0.107 seconds
[2024-08-06T10:21:30.962+0000] {processor.py:161} INFO - Started process (PID=4603) to work on /home/airflow/.local/lib/python3.12/site-packages/airflow/example_dags/example_python_operator.py
[2024-08-06T10:21:30.964+0000] {processor.py:830} INFO - Processing file /home/airflow/.local/lib/python3.12/site-packages/airflow/example_dags/example_python_operator.py for tasks to queue
[2024-08-06T10:21:30.967+0000] {logging_mixin.py:188} INFO - [2024-08-06T10:21:30.966+0000] {dagbag.py:545} INFO - Filling up the DagBag from /home/airflow/.local/lib/python3.12/site-packages/airflow/example_dags/example_python_operator.py
[2024-08-06T10:21:30.979+0000] {processor.py:840} INFO - DAG(s) 'example_python_operator' retrieved from /home/airflow/.local/lib/python3.12/site-packages/airflow/example_dags/example_python_operator.py
[2024-08-06T10:21:31.009+0000] {logging_mixin.py:188} INFO - [2024-08-06T10:21:31.008+0000] {dag.py:3089} INFO - Sync 1 DAGs
[2024-08-06T10:21:31.024+0000] {logging_mixin.py:188} INFO - [2024-08-06T10:21:31.023+0000] {dag.py:3947} INFO - Setting next_dagrun for example_python_operator to None, run_after=None
[2024-08-06T10:21:31.048+0000] {processor.py:183} INFO - Processing /home/airflow/.local/lib/python3.12/site-packages/airflow/example_dags/example_python_operator.py took 0.093 seconds
[2024-08-06T10:34:12.365+0000] {processor.py:161} INFO - Started process (PID=4663) to work on /home/airflow/.local/lib/python3.12/site-packages/airflow/example_dags/example_python_operator.py
[2024-08-06T10:34:12.367+0000] {processor.py:830} INFO - Processing file /home/airflow/.local/lib/python3.12/site-packages/airflow/example_dags/example_python_operator.py for tasks to queue
[2024-08-06T10:34:12.369+0000] {logging_mixin.py:188} INFO - [2024-08-06T10:34:12.369+0000] {dagbag.py:545} INFO - Filling up the DagBag from /home/airflow/.local/lib/python3.12/site-packages/airflow/example_dags/example_python_operator.py
[2024-08-06T10:34:12.383+0000] {processor.py:840} INFO - DAG(s) 'example_python_operator' retrieved from /home/airflow/.local/lib/python3.12/site-packages/airflow/example_dags/example_python_operator.py
[2024-08-06T10:34:12.414+0000] {logging_mixin.py:188} INFO - [2024-08-06T10:34:12.413+0000] {dag.py:3089} INFO - Sync 1 DAGs
[2024-08-06T10:34:12.429+0000] {logging_mixin.py:188} INFO - [2024-08-06T10:34:12.429+0000] {dag.py:3947} INFO - Setting next_dagrun for example_python_operator to None, run_after=None
[2024-08-06T10:34:12.456+0000] {processor.py:183} INFO - Processing /home/airflow/.local/lib/python3.12/site-packages/airflow/example_dags/example_python_operator.py took 0.099 seconds
