[2024-08-06T09:19:12.259+0000] {processor.py:161} INFO - Started process (PID=85) to work on /home/airflow/.local/lib/python3.12/site-packages/airflow/example_dags/example_setup_teardown.py
[2024-08-06T09:19:12.261+0000] {processor.py:830} INFO - Processing file /home/airflow/.local/lib/python3.12/site-packages/airflow/example_dags/example_setup_teardown.py for tasks to queue
[2024-08-06T09:19:12.264+0000] {logging_mixin.py:188} INFO - [2024-08-06T09:19:12.263+0000] {dagbag.py:545} INFO - Filling up the DagBag from /home/airflow/.local/lib/python3.12/site-packages/airflow/example_dags/example_setup_teardown.py
[2024-08-06T09:19:12.272+0000] {processor.py:840} INFO - DAG(s) 'example_setup_teardown' retrieved from /home/airflow/.local/lib/python3.12/site-packages/airflow/example_dags/example_setup_teardown.py
[2024-08-06T09:19:12.302+0000] {logging_mixin.py:188} INFO - [2024-08-06T09:19:12.302+0000] {dag.py:3089} INFO - Sync 1 DAGs
[2024-08-06T09:19:12.334+0000] {logging_mixin.py:188} INFO - [2024-08-06T09:19:12.333+0000] {dag.py:3947} INFO - Setting next_dagrun for example_setup_teardown to 2024-08-05 00:00:00+00:00, run_after=2024-08-06 00:00:00+00:00
[2024-08-06T09:19:12.356+0000] {processor.py:183} INFO - Processing /home/airflow/.local/lib/python3.12/site-packages/airflow/example_dags/example_setup_teardown.py took 0.104 seconds
[2024-08-06T09:19:45.083+0000] {processor.py:161} INFO - Started process (PID=150) to work on /home/airflow/.local/lib/python3.12/site-packages/airflow/example_dags/example_setup_teardown.py
[2024-08-06T09:19:45.085+0000] {processor.py:830} INFO - Processing file /home/airflow/.local/lib/python3.12/site-packages/airflow/example_dags/example_setup_teardown.py for tasks to queue
[2024-08-06T09:19:45.091+0000] {logging_mixin.py:188} INFO - [2024-08-06T09:19:45.090+0000] {dagbag.py:545} INFO - Filling up the DagBag from /home/airflow/.local/lib/python3.12/site-packages/airflow/example_dags/example_setup_teardown.py
[2024-08-06T09:19:45.102+0000] {processor.py:840} INFO - DAG(s) 'example_setup_teardown' retrieved from /home/airflow/.local/lib/python3.12/site-packages/airflow/example_dags/example_setup_teardown.py
[2024-08-06T09:19:45.133+0000] {logging_mixin.py:188} INFO - [2024-08-06T09:19:45.132+0000] {dag.py:3089} INFO - Sync 1 DAGs
[2024-08-06T09:19:45.158+0000] {logging_mixin.py:188} INFO - [2024-08-06T09:19:45.158+0000] {dag.py:3947} INFO - Setting next_dagrun for example_setup_teardown to 2024-08-05 00:00:00+00:00, run_after=2024-08-06 00:00:00+00:00
[2024-08-06T09:19:45.186+0000] {processor.py:183} INFO - Processing /home/airflow/.local/lib/python3.12/site-packages/airflow/example_dags/example_setup_teardown.py took 0.112 seconds
[2024-08-06T09:20:15.869+0000] {processor.py:161} INFO - Started process (PID=215) to work on /home/airflow/.local/lib/python3.12/site-packages/airflow/example_dags/example_setup_teardown.py
[2024-08-06T09:20:15.871+0000] {processor.py:830} INFO - Processing file /home/airflow/.local/lib/python3.12/site-packages/airflow/example_dags/example_setup_teardown.py for tasks to queue
[2024-08-06T09:20:15.875+0000] {logging_mixin.py:188} INFO - [2024-08-06T09:20:15.874+0000] {dagbag.py:545} INFO - Filling up the DagBag from /home/airflow/.local/lib/python3.12/site-packages/airflow/example_dags/example_setup_teardown.py
[2024-08-06T09:20:15.893+0000] {processor.py:840} INFO - DAG(s) 'example_setup_teardown' retrieved from /home/airflow/.local/lib/python3.12/site-packages/airflow/example_dags/example_setup_teardown.py
[2024-08-06T09:20:15.925+0000] {logging_mixin.py:188} INFO - [2024-08-06T09:20:15.925+0000] {dag.py:3089} INFO - Sync 1 DAGs
[2024-08-06T09:20:15.973+0000] {logging_mixin.py:188} INFO - [2024-08-06T09:20:15.972+0000] {dag.py:3947} INFO - Setting next_dagrun for example_setup_teardown to 2024-08-05 00:00:00+00:00, run_after=2024-08-06 00:00:00+00:00
[2024-08-06T09:20:16.008+0000] {processor.py:183} INFO - Processing /home/airflow/.local/lib/python3.12/site-packages/airflow/example_dags/example_setup_teardown.py took 0.148 seconds
[2024-08-06T09:20:46.837+0000] {processor.py:161} INFO - Started process (PID=280) to work on /home/airflow/.local/lib/python3.12/site-packages/airflow/example_dags/example_setup_teardown.py
[2024-08-06T09:20:46.839+0000] {processor.py:830} INFO - Processing file /home/airflow/.local/lib/python3.12/site-packages/airflow/example_dags/example_setup_teardown.py for tasks to queue
[2024-08-06T09:20:46.842+0000] {logging_mixin.py:188} INFO - [2024-08-06T09:20:46.842+0000] {dagbag.py:545} INFO - Filling up the DagBag from /home/airflow/.local/lib/python3.12/site-packages/airflow/example_dags/example_setup_teardown.py
[2024-08-06T09:20:46.855+0000] {processor.py:840} INFO - DAG(s) 'example_setup_teardown' retrieved from /home/airflow/.local/lib/python3.12/site-packages/airflow/example_dags/example_setup_teardown.py
[2024-08-06T09:20:46.888+0000] {logging_mixin.py:188} INFO - [2024-08-06T09:20:46.888+0000] {dag.py:3089} INFO - Sync 1 DAGs
[2024-08-06T09:20:46.926+0000] {logging_mixin.py:188} INFO - [2024-08-06T09:20:46.926+0000] {dag.py:3947} INFO - Setting next_dagrun for example_setup_teardown to 2024-08-05 00:00:00+00:00, run_after=2024-08-06 00:00:00+00:00
[2024-08-06T09:20:46.958+0000] {processor.py:183} INFO - Processing /home/airflow/.local/lib/python3.12/site-packages/airflow/example_dags/example_setup_teardown.py took 0.130 seconds
[2024-08-06T09:21:17.603+0000] {processor.py:161} INFO - Started process (PID=345) to work on /home/airflow/.local/lib/python3.12/site-packages/airflow/example_dags/example_setup_teardown.py
[2024-08-06T09:21:17.605+0000] {processor.py:830} INFO - Processing file /home/airflow/.local/lib/python3.12/site-packages/airflow/example_dags/example_setup_teardown.py for tasks to queue
[2024-08-06T09:21:17.609+0000] {logging_mixin.py:188} INFO - [2024-08-06T09:21:17.608+0000] {dagbag.py:545} INFO - Filling up the DagBag from /home/airflow/.local/lib/python3.12/site-packages/airflow/example_dags/example_setup_teardown.py
[2024-08-06T09:21:17.621+0000] {processor.py:840} INFO - DAG(s) 'example_setup_teardown' retrieved from /home/airflow/.local/lib/python3.12/site-packages/airflow/example_dags/example_setup_teardown.py
[2024-08-06T09:21:17.658+0000] {logging_mixin.py:188} INFO - [2024-08-06T09:21:17.657+0000] {dag.py:3089} INFO - Sync 1 DAGs
[2024-08-06T09:21:17.693+0000] {logging_mixin.py:188} INFO - [2024-08-06T09:21:17.692+0000] {dag.py:3947} INFO - Setting next_dagrun for example_setup_teardown to 2024-08-05 00:00:00+00:00, run_after=2024-08-06 00:00:00+00:00
[2024-08-06T09:21:17.723+0000] {processor.py:183} INFO - Processing /home/airflow/.local/lib/python3.12/site-packages/airflow/example_dags/example_setup_teardown.py took 0.132 seconds
[2024-08-06T09:21:48.186+0000] {processor.py:161} INFO - Started process (PID=410) to work on /home/airflow/.local/lib/python3.12/site-packages/airflow/example_dags/example_setup_teardown.py
[2024-08-06T09:21:48.195+0000] {processor.py:830} INFO - Processing file /home/airflow/.local/lib/python3.12/site-packages/airflow/example_dags/example_setup_teardown.py for tasks to queue
[2024-08-06T09:21:48.198+0000] {logging_mixin.py:188} INFO - [2024-08-06T09:21:48.198+0000] {dagbag.py:545} INFO - Filling up the DagBag from /home/airflow/.local/lib/python3.12/site-packages/airflow/example_dags/example_setup_teardown.py
[2024-08-06T09:21:48.206+0000] {processor.py:840} INFO - DAG(s) 'example_setup_teardown' retrieved from /home/airflow/.local/lib/python3.12/site-packages/airflow/example_dags/example_setup_teardown.py
[2024-08-06T09:21:48.231+0000] {logging_mixin.py:188} INFO - [2024-08-06T09:21:48.231+0000] {dag.py:3089} INFO - Sync 1 DAGs
[2024-08-06T09:21:48.270+0000] {logging_mixin.py:188} INFO - [2024-08-06T09:21:48.270+0000] {dag.py:3947} INFO - Setting next_dagrun for example_setup_teardown to 2024-08-05 00:00:00+00:00, run_after=2024-08-06 00:00:00+00:00
[2024-08-06T09:21:48.297+0000] {processor.py:183} INFO - Processing /home/airflow/.local/lib/python3.12/site-packages/airflow/example_dags/example_setup_teardown.py took 0.119 seconds
[2024-08-06T09:22:19.792+0000] {processor.py:161} INFO - Started process (PID=475) to work on /home/airflow/.local/lib/python3.12/site-packages/airflow/example_dags/example_setup_teardown.py
[2024-08-06T09:22:19.795+0000] {processor.py:830} INFO - Processing file /home/airflow/.local/lib/python3.12/site-packages/airflow/example_dags/example_setup_teardown.py for tasks to queue
[2024-08-06T09:22:19.798+0000] {logging_mixin.py:188} INFO - [2024-08-06T09:22:19.797+0000] {dagbag.py:545} INFO - Filling up the DagBag from /home/airflow/.local/lib/python3.12/site-packages/airflow/example_dags/example_setup_teardown.py
[2024-08-06T09:22:19.805+0000] {processor.py:840} INFO - DAG(s) 'example_setup_teardown' retrieved from /home/airflow/.local/lib/python3.12/site-packages/airflow/example_dags/example_setup_teardown.py
[2024-08-06T09:22:19.834+0000] {logging_mixin.py:188} INFO - [2024-08-06T09:22:19.833+0000] {dag.py:3089} INFO - Sync 1 DAGs
[2024-08-06T09:22:19.861+0000] {logging_mixin.py:188} INFO - [2024-08-06T09:22:19.860+0000] {dag.py:3947} INFO - Setting next_dagrun for example_setup_teardown to 2024-08-05 00:00:00+00:00, run_after=2024-08-06 00:00:00+00:00
[2024-08-06T09:22:19.887+0000] {processor.py:183} INFO - Processing /home/airflow/.local/lib/python3.12/site-packages/airflow/example_dags/example_setup_teardown.py took 0.102 seconds
[2024-08-06T09:22:51.802+0000] {processor.py:161} INFO - Started process (PID=546) to work on /home/airflow/.local/lib/python3.12/site-packages/airflow/example_dags/example_setup_teardown.py
[2024-08-06T09:22:51.804+0000] {processor.py:830} INFO - Processing file /home/airflow/.local/lib/python3.12/site-packages/airflow/example_dags/example_setup_teardown.py for tasks to queue
[2024-08-06T09:22:51.806+0000] {logging_mixin.py:188} INFO - [2024-08-06T09:22:51.806+0000] {dagbag.py:545} INFO - Filling up the DagBag from /home/airflow/.local/lib/python3.12/site-packages/airflow/example_dags/example_setup_teardown.py
[2024-08-06T09:22:51.815+0000] {processor.py:840} INFO - DAG(s) 'example_setup_teardown' retrieved from /home/airflow/.local/lib/python3.12/site-packages/airflow/example_dags/example_setup_teardown.py
[2024-08-06T09:22:51.838+0000] {logging_mixin.py:188} INFO - [2024-08-06T09:22:51.837+0000] {dag.py:3089} INFO - Sync 1 DAGs
[2024-08-06T09:22:51.872+0000] {logging_mixin.py:188} INFO - [2024-08-06T09:22:51.872+0000] {dag.py:3947} INFO - Setting next_dagrun for example_setup_teardown to 2024-08-05 00:00:00+00:00, run_after=2024-08-06 00:00:00+00:00
[2024-08-06T09:22:51.905+0000] {processor.py:183} INFO - Processing /home/airflow/.local/lib/python3.12/site-packages/airflow/example_dags/example_setup_teardown.py took 0.110 seconds
[2024-08-06T09:23:22.297+0000] {processor.py:161} INFO - Started process (PID=611) to work on /home/airflow/.local/lib/python3.12/site-packages/airflow/example_dags/example_setup_teardown.py
[2024-08-06T09:23:22.298+0000] {processor.py:830} INFO - Processing file /home/airflow/.local/lib/python3.12/site-packages/airflow/example_dags/example_setup_teardown.py for tasks to queue
[2024-08-06T09:23:22.300+0000] {logging_mixin.py:188} INFO - [2024-08-06T09:23:22.300+0000] {dagbag.py:545} INFO - Filling up the DagBag from /home/airflow/.local/lib/python3.12/site-packages/airflow/example_dags/example_setup_teardown.py
[2024-08-06T09:23:22.308+0000] {processor.py:840} INFO - DAG(s) 'example_setup_teardown' retrieved from /home/airflow/.local/lib/python3.12/site-packages/airflow/example_dags/example_setup_teardown.py
[2024-08-06T09:23:22.331+0000] {logging_mixin.py:188} INFO - [2024-08-06T09:23:22.331+0000] {dag.py:3089} INFO - Sync 1 DAGs
[2024-08-06T09:23:22.355+0000] {logging_mixin.py:188} INFO - [2024-08-06T09:23:22.354+0000] {dag.py:3947} INFO - Setting next_dagrun for example_setup_teardown to 2024-08-05 00:00:00+00:00, run_after=2024-08-06 00:00:00+00:00
[2024-08-06T09:23:22.375+0000] {processor.py:183} INFO - Processing /home/airflow/.local/lib/python3.12/site-packages/airflow/example_dags/example_setup_teardown.py took 0.085 seconds
[2024-08-06T09:23:54.190+0000] {processor.py:161} INFO - Started process (PID=676) to work on /home/airflow/.local/lib/python3.12/site-packages/airflow/example_dags/example_setup_teardown.py
[2024-08-06T09:23:54.191+0000] {processor.py:830} INFO - Processing file /home/airflow/.local/lib/python3.12/site-packages/airflow/example_dags/example_setup_teardown.py for tasks to queue
[2024-08-06T09:23:54.195+0000] {logging_mixin.py:188} INFO - [2024-08-06T09:23:54.194+0000] {dagbag.py:545} INFO - Filling up the DagBag from /home/airflow/.local/lib/python3.12/site-packages/airflow/example_dags/example_setup_teardown.py
[2024-08-06T09:23:54.207+0000] {processor.py:840} INFO - DAG(s) 'example_setup_teardown' retrieved from /home/airflow/.local/lib/python3.12/site-packages/airflow/example_dags/example_setup_teardown.py
[2024-08-06T09:23:54.239+0000] {logging_mixin.py:188} INFO - [2024-08-06T09:23:54.238+0000] {dag.py:3089} INFO - Sync 1 DAGs
[2024-08-06T09:23:54.272+0000] {logging_mixin.py:188} INFO - [2024-08-06T09:23:54.272+0000] {dag.py:3947} INFO - Setting next_dagrun for example_setup_teardown to 2024-08-05 00:00:00+00:00, run_after=2024-08-06 00:00:00+00:00
[2024-08-06T09:23:54.297+0000] {processor.py:183} INFO - Processing /home/airflow/.local/lib/python3.12/site-packages/airflow/example_dags/example_setup_teardown.py took 0.115 seconds
[2024-08-06T09:24:25.520+0000] {processor.py:161} INFO - Started process (PID=741) to work on /home/airflow/.local/lib/python3.12/site-packages/airflow/example_dags/example_setup_teardown.py
[2024-08-06T09:24:25.525+0000] {processor.py:830} INFO - Processing file /home/airflow/.local/lib/python3.12/site-packages/airflow/example_dags/example_setup_teardown.py for tasks to queue
[2024-08-06T09:24:25.528+0000] {logging_mixin.py:188} INFO - [2024-08-06T09:24:25.528+0000] {dagbag.py:545} INFO - Filling up the DagBag from /home/airflow/.local/lib/python3.12/site-packages/airflow/example_dags/example_setup_teardown.py
[2024-08-06T09:24:25.537+0000] {processor.py:840} INFO - DAG(s) 'example_setup_teardown' retrieved from /home/airflow/.local/lib/python3.12/site-packages/airflow/example_dags/example_setup_teardown.py
[2024-08-06T09:24:25.571+0000] {logging_mixin.py:188} INFO - [2024-08-06T09:24:25.570+0000] {dag.py:3089} INFO - Sync 1 DAGs
[2024-08-06T09:24:25.598+0000] {logging_mixin.py:188} INFO - [2024-08-06T09:24:25.598+0000] {dag.py:3947} INFO - Setting next_dagrun for example_setup_teardown to 2024-08-05 00:00:00+00:00, run_after=2024-08-06 00:00:00+00:00
[2024-08-06T09:24:25.622+0000] {processor.py:183} INFO - Processing /home/airflow/.local/lib/python3.12/site-packages/airflow/example_dags/example_setup_teardown.py took 0.111 seconds
[2024-08-06T09:24:56.740+0000] {processor.py:161} INFO - Started process (PID=806) to work on /home/airflow/.local/lib/python3.12/site-packages/airflow/example_dags/example_setup_teardown.py
[2024-08-06T09:24:56.748+0000] {processor.py:830} INFO - Processing file /home/airflow/.local/lib/python3.12/site-packages/airflow/example_dags/example_setup_teardown.py for tasks to queue
[2024-08-06T09:24:56.751+0000] {logging_mixin.py:188} INFO - [2024-08-06T09:24:56.751+0000] {dagbag.py:545} INFO - Filling up the DagBag from /home/airflow/.local/lib/python3.12/site-packages/airflow/example_dags/example_setup_teardown.py
[2024-08-06T09:24:56.760+0000] {processor.py:840} INFO - DAG(s) 'example_setup_teardown' retrieved from /home/airflow/.local/lib/python3.12/site-packages/airflow/example_dags/example_setup_teardown.py
[2024-08-06T09:24:56.782+0000] {logging_mixin.py:188} INFO - [2024-08-06T09:24:56.782+0000] {dag.py:3089} INFO - Sync 1 DAGs
[2024-08-06T09:24:56.806+0000] {logging_mixin.py:188} INFO - [2024-08-06T09:24:56.806+0000] {dag.py:3947} INFO - Setting next_dagrun for example_setup_teardown to 2024-08-05 00:00:00+00:00, run_after=2024-08-06 00:00:00+00:00
[2024-08-06T09:24:56.828+0000] {processor.py:183} INFO - Processing /home/airflow/.local/lib/python3.12/site-packages/airflow/example_dags/example_setup_teardown.py took 0.095 seconds
[2024-08-06T09:25:27.986+0000] {processor.py:161} INFO - Started process (PID=872) to work on /home/airflow/.local/lib/python3.12/site-packages/airflow/example_dags/example_setup_teardown.py
[2024-08-06T09:25:27.988+0000] {processor.py:830} INFO - Processing file /home/airflow/.local/lib/python3.12/site-packages/airflow/example_dags/example_setup_teardown.py for tasks to queue
[2024-08-06T09:25:27.991+0000] {logging_mixin.py:188} INFO - [2024-08-06T09:25:27.991+0000] {dagbag.py:545} INFO - Filling up the DagBag from /home/airflow/.local/lib/python3.12/site-packages/airflow/example_dags/example_setup_teardown.py
[2024-08-06T09:25:27.999+0000] {processor.py:840} INFO - DAG(s) 'example_setup_teardown' retrieved from /home/airflow/.local/lib/python3.12/site-packages/airflow/example_dags/example_setup_teardown.py
[2024-08-06T09:25:28.032+0000] {logging_mixin.py:188} INFO - [2024-08-06T09:25:28.032+0000] {dag.py:3089} INFO - Sync 1 DAGs
[2024-08-06T09:25:28.061+0000] {logging_mixin.py:188} INFO - [2024-08-06T09:25:28.061+0000] {dag.py:3947} INFO - Setting next_dagrun for example_setup_teardown to 2024-08-05 00:00:00+00:00, run_after=2024-08-06 00:00:00+00:00
[2024-08-06T09:25:28.087+0000] {processor.py:183} INFO - Processing /home/airflow/.local/lib/python3.12/site-packages/airflow/example_dags/example_setup_teardown.py took 0.107 seconds
[2024-08-06T09:26:00.212+0000] {processor.py:161} INFO - Started process (PID=937) to work on /home/airflow/.local/lib/python3.12/site-packages/airflow/example_dags/example_setup_teardown.py
[2024-08-06T09:26:00.214+0000] {processor.py:830} INFO - Processing file /home/airflow/.local/lib/python3.12/site-packages/airflow/example_dags/example_setup_teardown.py for tasks to queue
[2024-08-06T09:26:00.216+0000] {logging_mixin.py:188} INFO - [2024-08-06T09:26:00.216+0000] {dagbag.py:545} INFO - Filling up the DagBag from /home/airflow/.local/lib/python3.12/site-packages/airflow/example_dags/example_setup_teardown.py
[2024-08-06T09:26:00.224+0000] {processor.py:840} INFO - DAG(s) 'example_setup_teardown' retrieved from /home/airflow/.local/lib/python3.12/site-packages/airflow/example_dags/example_setup_teardown.py
[2024-08-06T09:26:00.249+0000] {logging_mixin.py:188} INFO - [2024-08-06T09:26:00.249+0000] {dag.py:3089} INFO - Sync 1 DAGs
[2024-08-06T09:26:00.273+0000] {logging_mixin.py:188} INFO - [2024-08-06T09:26:00.273+0000] {dag.py:3947} INFO - Setting next_dagrun for example_setup_teardown to 2024-08-05 00:00:00+00:00, run_after=2024-08-06 00:00:00+00:00
[2024-08-06T09:26:00.304+0000] {processor.py:183} INFO - Processing /home/airflow/.local/lib/python3.12/site-packages/airflow/example_dags/example_setup_teardown.py took 0.098 seconds
[2024-08-06T09:26:31.231+0000] {processor.py:161} INFO - Started process (PID=1002) to work on /home/airflow/.local/lib/python3.12/site-packages/airflow/example_dags/example_setup_teardown.py
[2024-08-06T09:26:31.233+0000] {processor.py:830} INFO - Processing file /home/airflow/.local/lib/python3.12/site-packages/airflow/example_dags/example_setup_teardown.py for tasks to queue
[2024-08-06T09:26:31.235+0000] {logging_mixin.py:188} INFO - [2024-08-06T09:26:31.235+0000] {dagbag.py:545} INFO - Filling up the DagBag from /home/airflow/.local/lib/python3.12/site-packages/airflow/example_dags/example_setup_teardown.py
[2024-08-06T09:26:31.244+0000] {processor.py:840} INFO - DAG(s) 'example_setup_teardown' retrieved from /home/airflow/.local/lib/python3.12/site-packages/airflow/example_dags/example_setup_teardown.py
[2024-08-06T09:26:31.270+0000] {logging_mixin.py:188} INFO - [2024-08-06T09:26:31.270+0000] {dag.py:3089} INFO - Sync 1 DAGs
[2024-08-06T09:26:31.295+0000] {logging_mixin.py:188} INFO - [2024-08-06T09:26:31.295+0000] {dag.py:3947} INFO - Setting next_dagrun for example_setup_teardown to 2024-08-05 00:00:00+00:00, run_after=2024-08-06 00:00:00+00:00
[2024-08-06T09:26:31.318+0000] {processor.py:183} INFO - Processing /home/airflow/.local/lib/python3.12/site-packages/airflow/example_dags/example_setup_teardown.py took 0.095 seconds
[2024-08-06T09:27:02.403+0000] {processor.py:161} INFO - Started process (PID=1067) to work on /home/airflow/.local/lib/python3.12/site-packages/airflow/example_dags/example_setup_teardown.py
[2024-08-06T09:27:02.405+0000] {processor.py:830} INFO - Processing file /home/airflow/.local/lib/python3.12/site-packages/airflow/example_dags/example_setup_teardown.py for tasks to queue
[2024-08-06T09:27:02.407+0000] {logging_mixin.py:188} INFO - [2024-08-06T09:27:02.407+0000] {dagbag.py:545} INFO - Filling up the DagBag from /home/airflow/.local/lib/python3.12/site-packages/airflow/example_dags/example_setup_teardown.py
[2024-08-06T09:27:02.419+0000] {processor.py:840} INFO - DAG(s) 'example_setup_teardown' retrieved from /home/airflow/.local/lib/python3.12/site-packages/airflow/example_dags/example_setup_teardown.py
[2024-08-06T09:27:02.453+0000] {logging_mixin.py:188} INFO - [2024-08-06T09:27:02.452+0000] {dag.py:3089} INFO - Sync 1 DAGs
[2024-08-06T09:27:02.483+0000] {logging_mixin.py:188} INFO - [2024-08-06T09:27:02.482+0000] {dag.py:3947} INFO - Setting next_dagrun for example_setup_teardown to 2024-08-05 00:00:00+00:00, run_after=2024-08-06 00:00:00+00:00
[2024-08-06T09:27:02.515+0000] {processor.py:183} INFO - Processing /home/airflow/.local/lib/python3.12/site-packages/airflow/example_dags/example_setup_teardown.py took 0.121 seconds
[2024-08-06T09:27:33.313+0000] {processor.py:161} INFO - Started process (PID=1132) to work on /home/airflow/.local/lib/python3.12/site-packages/airflow/example_dags/example_setup_teardown.py
[2024-08-06T09:27:33.314+0000] {processor.py:830} INFO - Processing file /home/airflow/.local/lib/python3.12/site-packages/airflow/example_dags/example_setup_teardown.py for tasks to queue
[2024-08-06T09:27:33.317+0000] {logging_mixin.py:188} INFO - [2024-08-06T09:27:33.316+0000] {dagbag.py:545} INFO - Filling up the DagBag from /home/airflow/.local/lib/python3.12/site-packages/airflow/example_dags/example_setup_teardown.py
[2024-08-06T09:27:33.325+0000] {processor.py:840} INFO - DAG(s) 'example_setup_teardown' retrieved from /home/airflow/.local/lib/python3.12/site-packages/airflow/example_dags/example_setup_teardown.py
[2024-08-06T09:27:33.347+0000] {logging_mixin.py:188} INFO - [2024-08-06T09:27:33.346+0000] {dag.py:3089} INFO - Sync 1 DAGs
[2024-08-06T09:27:33.374+0000] {logging_mixin.py:188} INFO - [2024-08-06T09:27:33.374+0000] {dag.py:3947} INFO - Setting next_dagrun for example_setup_teardown to 2024-08-05 00:00:00+00:00, run_after=2024-08-06 00:00:00+00:00
[2024-08-06T09:27:33.400+0000] {processor.py:183} INFO - Processing /home/airflow/.local/lib/python3.12/site-packages/airflow/example_dags/example_setup_teardown.py took 0.093 seconds
[2024-08-06T09:28:05.225+0000] {processor.py:161} INFO - Started process (PID=1197) to work on /home/airflow/.local/lib/python3.12/site-packages/airflow/example_dags/example_setup_teardown.py
[2024-08-06T09:28:05.227+0000] {processor.py:830} INFO - Processing file /home/airflow/.local/lib/python3.12/site-packages/airflow/example_dags/example_setup_teardown.py for tasks to queue
[2024-08-06T09:28:05.230+0000] {logging_mixin.py:188} INFO - [2024-08-06T09:28:05.230+0000] {dagbag.py:545} INFO - Filling up the DagBag from /home/airflow/.local/lib/python3.12/site-packages/airflow/example_dags/example_setup_teardown.py
[2024-08-06T09:28:05.245+0000] {processor.py:840} INFO - DAG(s) 'example_setup_teardown' retrieved from /home/airflow/.local/lib/python3.12/site-packages/airflow/example_dags/example_setup_teardown.py
[2024-08-06T09:28:05.288+0000] {logging_mixin.py:188} INFO - [2024-08-06T09:28:05.287+0000] {dag.py:3089} INFO - Sync 1 DAGs
[2024-08-06T09:28:05.320+0000] {logging_mixin.py:188} INFO - [2024-08-06T09:28:05.319+0000] {dag.py:3947} INFO - Setting next_dagrun for example_setup_teardown to 2024-08-05 00:00:00+00:00, run_after=2024-08-06 00:00:00+00:00
[2024-08-06T09:28:05.352+0000] {processor.py:183} INFO - Processing /home/airflow/.local/lib/python3.12/site-packages/airflow/example_dags/example_setup_teardown.py took 0.137 seconds
[2024-08-06T09:28:36.763+0000] {processor.py:161} INFO - Started process (PID=1262) to work on /home/airflow/.local/lib/python3.12/site-packages/airflow/example_dags/example_setup_teardown.py
[2024-08-06T09:28:36.764+0000] {processor.py:830} INFO - Processing file /home/airflow/.local/lib/python3.12/site-packages/airflow/example_dags/example_setup_teardown.py for tasks to queue
[2024-08-06T09:28:36.767+0000] {logging_mixin.py:188} INFO - [2024-08-06T09:28:36.766+0000] {dagbag.py:545} INFO - Filling up the DagBag from /home/airflow/.local/lib/python3.12/site-packages/airflow/example_dags/example_setup_teardown.py
[2024-08-06T09:28:36.777+0000] {processor.py:840} INFO - DAG(s) 'example_setup_teardown' retrieved from /home/airflow/.local/lib/python3.12/site-packages/airflow/example_dags/example_setup_teardown.py
[2024-08-06T09:28:36.807+0000] {logging_mixin.py:188} INFO - [2024-08-06T09:28:36.806+0000] {dag.py:3089} INFO - Sync 1 DAGs
[2024-08-06T09:28:36.842+0000] {logging_mixin.py:188} INFO - [2024-08-06T09:28:36.841+0000] {dag.py:3947} INFO - Setting next_dagrun for example_setup_teardown to 2024-08-05 00:00:00+00:00, run_after=2024-08-06 00:00:00+00:00
[2024-08-06T09:28:36.866+0000] {processor.py:183} INFO - Processing /home/airflow/.local/lib/python3.12/site-packages/airflow/example_dags/example_setup_teardown.py took 0.110 seconds
[2024-08-06T09:29:08.571+0000] {processor.py:161} INFO - Started process (PID=1327) to work on /home/airflow/.local/lib/python3.12/site-packages/airflow/example_dags/example_setup_teardown.py
[2024-08-06T09:29:08.573+0000] {processor.py:830} INFO - Processing file /home/airflow/.local/lib/python3.12/site-packages/airflow/example_dags/example_setup_teardown.py for tasks to queue
[2024-08-06T09:29:08.576+0000] {logging_mixin.py:188} INFO - [2024-08-06T09:29:08.576+0000] {dagbag.py:545} INFO - Filling up the DagBag from /home/airflow/.local/lib/python3.12/site-packages/airflow/example_dags/example_setup_teardown.py
[2024-08-06T09:29:08.588+0000] {processor.py:840} INFO - DAG(s) 'example_setup_teardown' retrieved from /home/airflow/.local/lib/python3.12/site-packages/airflow/example_dags/example_setup_teardown.py
[2024-08-06T09:29:08.622+0000] {logging_mixin.py:188} INFO - [2024-08-06T09:29:08.622+0000] {dag.py:3089} INFO - Sync 1 DAGs
[2024-08-06T09:29:08.650+0000] {logging_mixin.py:188} INFO - [2024-08-06T09:29:08.650+0000] {dag.py:3947} INFO - Setting next_dagrun for example_setup_teardown to 2024-08-05 00:00:00+00:00, run_after=2024-08-06 00:00:00+00:00
[2024-08-06T09:29:08.677+0000] {processor.py:183} INFO - Processing /home/airflow/.local/lib/python3.12/site-packages/airflow/example_dags/example_setup_teardown.py took 0.113 seconds
[2024-08-06T09:29:39.685+0000] {processor.py:161} INFO - Started process (PID=1392) to work on /home/airflow/.local/lib/python3.12/site-packages/airflow/example_dags/example_setup_teardown.py
[2024-08-06T09:29:39.686+0000] {processor.py:830} INFO - Processing file /home/airflow/.local/lib/python3.12/site-packages/airflow/example_dags/example_setup_teardown.py for tasks to queue
[2024-08-06T09:29:39.691+0000] {logging_mixin.py:188} INFO - [2024-08-06T09:29:39.690+0000] {dagbag.py:545} INFO - Filling up the DagBag from /home/airflow/.local/lib/python3.12/site-packages/airflow/example_dags/example_setup_teardown.py
[2024-08-06T09:29:39.698+0000] {processor.py:840} INFO - DAG(s) 'example_setup_teardown' retrieved from /home/airflow/.local/lib/python3.12/site-packages/airflow/example_dags/example_setup_teardown.py
[2024-08-06T09:29:39.721+0000] {logging_mixin.py:188} INFO - [2024-08-06T09:29:39.720+0000] {dag.py:3089} INFO - Sync 1 DAGs
[2024-08-06T09:29:39.747+0000] {logging_mixin.py:188} INFO - [2024-08-06T09:29:39.747+0000] {dag.py:3947} INFO - Setting next_dagrun for example_setup_teardown to 2024-08-05 00:00:00+00:00, run_after=2024-08-06 00:00:00+00:00
[2024-08-06T09:29:39.776+0000] {processor.py:183} INFO - Processing /home/airflow/.local/lib/python3.12/site-packages/airflow/example_dags/example_setup_teardown.py took 0.099 seconds
[2024-08-06T09:30:10.829+0000] {processor.py:161} INFO - Started process (PID=1457) to work on /home/airflow/.local/lib/python3.12/site-packages/airflow/example_dags/example_setup_teardown.py
[2024-08-06T09:30:10.830+0000] {processor.py:830} INFO - Processing file /home/airflow/.local/lib/python3.12/site-packages/airflow/example_dags/example_setup_teardown.py for tasks to queue
[2024-08-06T09:30:10.833+0000] {logging_mixin.py:188} INFO - [2024-08-06T09:30:10.833+0000] {dagbag.py:545} INFO - Filling up the DagBag from /home/airflow/.local/lib/python3.12/site-packages/airflow/example_dags/example_setup_teardown.py
[2024-08-06T09:30:10.843+0000] {processor.py:840} INFO - DAG(s) 'example_setup_teardown' retrieved from /home/airflow/.local/lib/python3.12/site-packages/airflow/example_dags/example_setup_teardown.py
[2024-08-06T09:30:10.869+0000] {logging_mixin.py:188} INFO - [2024-08-06T09:30:10.869+0000] {dag.py:3089} INFO - Sync 1 DAGs
[2024-08-06T09:30:10.897+0000] {logging_mixin.py:188} INFO - [2024-08-06T09:30:10.896+0000] {dag.py:3947} INFO - Setting next_dagrun for example_setup_teardown to 2024-08-05 00:00:00+00:00, run_after=2024-08-06 00:00:00+00:00
[2024-08-06T09:30:10.918+0000] {processor.py:183} INFO - Processing /home/airflow/.local/lib/python3.12/site-packages/airflow/example_dags/example_setup_teardown.py took 0.096 seconds
[2024-08-06T09:30:43.215+0000] {processor.py:161} INFO - Started process (PID=1523) to work on /home/airflow/.local/lib/python3.12/site-packages/airflow/example_dags/example_setup_teardown.py
[2024-08-06T09:30:43.217+0000] {processor.py:830} INFO - Processing file /home/airflow/.local/lib/python3.12/site-packages/airflow/example_dags/example_setup_teardown.py for tasks to queue
[2024-08-06T09:30:43.220+0000] {logging_mixin.py:188} INFO - [2024-08-06T09:30:43.220+0000] {dagbag.py:545} INFO - Filling up the DagBag from /home/airflow/.local/lib/python3.12/site-packages/airflow/example_dags/example_setup_teardown.py
[2024-08-06T09:30:43.229+0000] {processor.py:840} INFO - DAG(s) 'example_setup_teardown' retrieved from /home/airflow/.local/lib/python3.12/site-packages/airflow/example_dags/example_setup_teardown.py
[2024-08-06T09:30:43.255+0000] {logging_mixin.py:188} INFO - [2024-08-06T09:30:43.255+0000] {dag.py:3089} INFO - Sync 1 DAGs
[2024-08-06T09:30:43.281+0000] {logging_mixin.py:188} INFO - [2024-08-06T09:30:43.281+0000] {dag.py:3947} INFO - Setting next_dagrun for example_setup_teardown to 2024-08-05 00:00:00+00:00, run_after=2024-08-06 00:00:00+00:00
[2024-08-06T09:30:43.314+0000] {processor.py:183} INFO - Processing /home/airflow/.local/lib/python3.12/site-packages/airflow/example_dags/example_setup_teardown.py took 0.109 seconds
[2024-08-06T09:31:13.432+0000] {processor.py:161} INFO - Started process (PID=1588) to work on /home/airflow/.local/lib/python3.12/site-packages/airflow/example_dags/example_setup_teardown.py
[2024-08-06T09:31:13.435+0000] {processor.py:830} INFO - Processing file /home/airflow/.local/lib/python3.12/site-packages/airflow/example_dags/example_setup_teardown.py for tasks to queue
[2024-08-06T09:31:13.438+0000] {logging_mixin.py:188} INFO - [2024-08-06T09:31:13.438+0000] {dagbag.py:545} INFO - Filling up the DagBag from /home/airflow/.local/lib/python3.12/site-packages/airflow/example_dags/example_setup_teardown.py
[2024-08-06T09:31:13.447+0000] {processor.py:840} INFO - DAG(s) 'example_setup_teardown' retrieved from /home/airflow/.local/lib/python3.12/site-packages/airflow/example_dags/example_setup_teardown.py
[2024-08-06T09:31:13.490+0000] {logging_mixin.py:188} INFO - [2024-08-06T09:31:13.490+0000] {dag.py:3089} INFO - Sync 1 DAGs
[2024-08-06T09:31:13.522+0000] {logging_mixin.py:188} INFO - [2024-08-06T09:31:13.521+0000] {dag.py:3947} INFO - Setting next_dagrun for example_setup_teardown to 2024-08-05 00:00:00+00:00, run_after=2024-08-06 00:00:00+00:00
[2024-08-06T09:31:13.545+0000] {processor.py:183} INFO - Processing /home/airflow/.local/lib/python3.12/site-packages/airflow/example_dags/example_setup_teardown.py took 0.120 seconds
[2024-08-06T09:31:45.314+0000] {processor.py:161} INFO - Started process (PID=1653) to work on /home/airflow/.local/lib/python3.12/site-packages/airflow/example_dags/example_setup_teardown.py
[2024-08-06T09:31:45.316+0000] {processor.py:830} INFO - Processing file /home/airflow/.local/lib/python3.12/site-packages/airflow/example_dags/example_setup_teardown.py for tasks to queue
[2024-08-06T09:31:45.321+0000] {logging_mixin.py:188} INFO - [2024-08-06T09:31:45.321+0000] {dagbag.py:545} INFO - Filling up the DagBag from /home/airflow/.local/lib/python3.12/site-packages/airflow/example_dags/example_setup_teardown.py
[2024-08-06T09:31:45.330+0000] {processor.py:840} INFO - DAG(s) 'example_setup_teardown' retrieved from /home/airflow/.local/lib/python3.12/site-packages/airflow/example_dags/example_setup_teardown.py
[2024-08-06T09:31:45.352+0000] {logging_mixin.py:188} INFO - [2024-08-06T09:31:45.352+0000] {dag.py:3089} INFO - Sync 1 DAGs
[2024-08-06T09:31:45.379+0000] {logging_mixin.py:188} INFO - [2024-08-06T09:31:45.379+0000] {dag.py:3947} INFO - Setting next_dagrun for example_setup_teardown to 2024-08-05 00:00:00+00:00, run_after=2024-08-06 00:00:00+00:00
[2024-08-06T09:31:45.414+0000] {processor.py:183} INFO - Processing /home/airflow/.local/lib/python3.12/site-packages/airflow/example_dags/example_setup_teardown.py took 0.107 seconds
[2024-08-06T09:32:16.151+0000] {processor.py:161} INFO - Started process (PID=1718) to work on /home/airflow/.local/lib/python3.12/site-packages/airflow/example_dags/example_setup_teardown.py
[2024-08-06T09:32:16.152+0000] {processor.py:830} INFO - Processing file /home/airflow/.local/lib/python3.12/site-packages/airflow/example_dags/example_setup_teardown.py for tasks to queue
[2024-08-06T09:32:16.155+0000] {logging_mixin.py:188} INFO - [2024-08-06T09:32:16.154+0000] {dagbag.py:545} INFO - Filling up the DagBag from /home/airflow/.local/lib/python3.12/site-packages/airflow/example_dags/example_setup_teardown.py
[2024-08-06T09:32:16.163+0000] {processor.py:840} INFO - DAG(s) 'example_setup_teardown' retrieved from /home/airflow/.local/lib/python3.12/site-packages/airflow/example_dags/example_setup_teardown.py
[2024-08-06T09:32:16.194+0000] {logging_mixin.py:188} INFO - [2024-08-06T09:32:16.193+0000] {dag.py:3089} INFO - Sync 1 DAGs
[2024-08-06T09:32:16.220+0000] {logging_mixin.py:188} INFO - [2024-08-06T09:32:16.219+0000] {dag.py:3947} INFO - Setting next_dagrun for example_setup_teardown to 2024-08-05 00:00:00+00:00, run_after=2024-08-06 00:00:00+00:00
[2024-08-06T09:32:16.245+0000] {processor.py:183} INFO - Processing /home/airflow/.local/lib/python3.12/site-packages/airflow/example_dags/example_setup_teardown.py took 0.101 seconds
[2024-08-06T09:32:47.965+0000] {processor.py:161} INFO - Started process (PID=1783) to work on /home/airflow/.local/lib/python3.12/site-packages/airflow/example_dags/example_setup_teardown.py
[2024-08-06T09:32:47.967+0000] {processor.py:830} INFO - Processing file /home/airflow/.local/lib/python3.12/site-packages/airflow/example_dags/example_setup_teardown.py for tasks to queue
[2024-08-06T09:32:47.971+0000] {logging_mixin.py:188} INFO - [2024-08-06T09:32:47.970+0000] {dagbag.py:545} INFO - Filling up the DagBag from /home/airflow/.local/lib/python3.12/site-packages/airflow/example_dags/example_setup_teardown.py
[2024-08-06T09:32:47.982+0000] {processor.py:840} INFO - DAG(s) 'example_setup_teardown' retrieved from /home/airflow/.local/lib/python3.12/site-packages/airflow/example_dags/example_setup_teardown.py
[2024-08-06T09:32:48.014+0000] {logging_mixin.py:188} INFO - [2024-08-06T09:32:48.014+0000] {dag.py:3089} INFO - Sync 1 DAGs
[2024-08-06T09:32:48.043+0000] {logging_mixin.py:188} INFO - [2024-08-06T09:32:48.043+0000] {dag.py:3947} INFO - Setting next_dagrun for example_setup_teardown to 2024-08-05 00:00:00+00:00, run_after=2024-08-06 00:00:00+00:00
[2024-08-06T09:32:48.070+0000] {processor.py:183} INFO - Processing /home/airflow/.local/lib/python3.12/site-packages/airflow/example_dags/example_setup_teardown.py took 0.112 seconds
[2024-08-06T09:33:20.344+0000] {processor.py:161} INFO - Started process (PID=1848) to work on /home/airflow/.local/lib/python3.12/site-packages/airflow/example_dags/example_setup_teardown.py
[2024-08-06T09:33:20.346+0000] {processor.py:830} INFO - Processing file /home/airflow/.local/lib/python3.12/site-packages/airflow/example_dags/example_setup_teardown.py for tasks to queue
[2024-08-06T09:33:20.349+0000] {logging_mixin.py:188} INFO - [2024-08-06T09:33:20.349+0000] {dagbag.py:545} INFO - Filling up the DagBag from /home/airflow/.local/lib/python3.12/site-packages/airflow/example_dags/example_setup_teardown.py
[2024-08-06T09:33:20.359+0000] {processor.py:840} INFO - DAG(s) 'example_setup_teardown' retrieved from /home/airflow/.local/lib/python3.12/site-packages/airflow/example_dags/example_setup_teardown.py
[2024-08-06T09:33:20.387+0000] {logging_mixin.py:188} INFO - [2024-08-06T09:33:20.386+0000] {dag.py:3089} INFO - Sync 1 DAGs
[2024-08-06T09:33:20.409+0000] {logging_mixin.py:188} INFO - [2024-08-06T09:33:20.409+0000] {dag.py:3947} INFO - Setting next_dagrun for example_setup_teardown to 2024-08-05 00:00:00+00:00, run_after=2024-08-06 00:00:00+00:00
[2024-08-06T09:33:20.431+0000] {processor.py:183} INFO - Processing /home/airflow/.local/lib/python3.12/site-packages/airflow/example_dags/example_setup_teardown.py took 0.096 seconds
[2024-08-06T09:33:50.529+0000] {processor.py:161} INFO - Started process (PID=1912) to work on /home/airflow/.local/lib/python3.12/site-packages/airflow/example_dags/example_setup_teardown.py
[2024-08-06T09:33:50.531+0000] {processor.py:830} INFO - Processing file /home/airflow/.local/lib/python3.12/site-packages/airflow/example_dags/example_setup_teardown.py for tasks to queue
[2024-08-06T09:33:50.535+0000] {logging_mixin.py:188} INFO - [2024-08-06T09:33:50.534+0000] {dagbag.py:545} INFO - Filling up the DagBag from /home/airflow/.local/lib/python3.12/site-packages/airflow/example_dags/example_setup_teardown.py
[2024-08-06T09:33:50.543+0000] {processor.py:840} INFO - DAG(s) 'example_setup_teardown' retrieved from /home/airflow/.local/lib/python3.12/site-packages/airflow/example_dags/example_setup_teardown.py
[2024-08-06T09:33:50.573+0000] {logging_mixin.py:188} INFO - [2024-08-06T09:33:50.572+0000] {dag.py:3089} INFO - Sync 1 DAGs
[2024-08-06T09:33:50.603+0000] {logging_mixin.py:188} INFO - [2024-08-06T09:33:50.603+0000] {dag.py:3947} INFO - Setting next_dagrun for example_setup_teardown to 2024-08-05 00:00:00+00:00, run_after=2024-08-06 00:00:00+00:00
[2024-08-06T09:33:50.630+0000] {processor.py:183} INFO - Processing /home/airflow/.local/lib/python3.12/site-packages/airflow/example_dags/example_setup_teardown.py took 0.112 seconds
[2024-08-06T09:34:22.429+0000] {processor.py:161} INFO - Started process (PID=1978) to work on /home/airflow/.local/lib/python3.12/site-packages/airflow/example_dags/example_setup_teardown.py
[2024-08-06T09:34:22.430+0000] {processor.py:830} INFO - Processing file /home/airflow/.local/lib/python3.12/site-packages/airflow/example_dags/example_setup_teardown.py for tasks to queue
[2024-08-06T09:34:22.433+0000] {logging_mixin.py:188} INFO - [2024-08-06T09:34:22.433+0000] {dagbag.py:545} INFO - Filling up the DagBag from /home/airflow/.local/lib/python3.12/site-packages/airflow/example_dags/example_setup_teardown.py
[2024-08-06T09:34:22.442+0000] {processor.py:840} INFO - DAG(s) 'example_setup_teardown' retrieved from /home/airflow/.local/lib/python3.12/site-packages/airflow/example_dags/example_setup_teardown.py
[2024-08-06T09:34:22.469+0000] {logging_mixin.py:188} INFO - [2024-08-06T09:34:22.469+0000] {dag.py:3089} INFO - Sync 1 DAGs
[2024-08-06T09:34:22.498+0000] {logging_mixin.py:188} INFO - [2024-08-06T09:34:22.497+0000] {dag.py:3947} INFO - Setting next_dagrun for example_setup_teardown to 2024-08-05 00:00:00+00:00, run_after=2024-08-06 00:00:00+00:00
[2024-08-06T09:34:22.526+0000] {processor.py:183} INFO - Processing /home/airflow/.local/lib/python3.12/site-packages/airflow/example_dags/example_setup_teardown.py took 0.103 seconds
[2024-08-06T10:01:18.420+0000] {processor.py:161} INFO - Started process (PID=2073) to work on /home/airflow/.local/lib/python3.12/site-packages/airflow/example_dags/example_setup_teardown.py
[2024-08-06T10:01:18.422+0000] {processor.py:830} INFO - Processing file /home/airflow/.local/lib/python3.12/site-packages/airflow/example_dags/example_setup_teardown.py for tasks to queue
[2024-08-06T10:01:18.424+0000] {logging_mixin.py:188} INFO - [2024-08-06T10:01:18.424+0000] {dagbag.py:545} INFO - Filling up the DagBag from /home/airflow/.local/lib/python3.12/site-packages/airflow/example_dags/example_setup_teardown.py
[2024-08-06T10:01:18.433+0000] {processor.py:840} INFO - DAG(s) 'example_setup_teardown' retrieved from /home/airflow/.local/lib/python3.12/site-packages/airflow/example_dags/example_setup_teardown.py
[2024-08-06T10:01:18.460+0000] {logging_mixin.py:188} INFO - [2024-08-06T10:01:18.459+0000] {dag.py:3089} INFO - Sync 1 DAGs
[2024-08-06T10:01:18.492+0000] {logging_mixin.py:188} INFO - [2024-08-06T10:01:18.492+0000] {dag.py:3947} INFO - Setting next_dagrun for example_setup_teardown to 2024-08-05 00:00:00+00:00, run_after=2024-08-06 00:00:00+00:00
[2024-08-06T10:01:18.680+0000] {processor.py:183} INFO - Processing /home/airflow/.local/lib/python3.12/site-packages/airflow/example_dags/example_setup_teardown.py took 0.266 seconds
[2024-08-06T10:01:50.321+0000] {processor.py:161} INFO - Started process (PID=2138) to work on /home/airflow/.local/lib/python3.12/site-packages/airflow/example_dags/example_setup_teardown.py
[2024-08-06T10:01:50.323+0000] {processor.py:830} INFO - Processing file /home/airflow/.local/lib/python3.12/site-packages/airflow/example_dags/example_setup_teardown.py for tasks to queue
[2024-08-06T10:01:50.333+0000] {logging_mixin.py:188} INFO - [2024-08-06T10:01:50.333+0000] {dagbag.py:545} INFO - Filling up the DagBag from /home/airflow/.local/lib/python3.12/site-packages/airflow/example_dags/example_setup_teardown.py
[2024-08-06T10:01:50.343+0000] {processor.py:840} INFO - DAG(s) 'example_setup_teardown' retrieved from /home/airflow/.local/lib/python3.12/site-packages/airflow/example_dags/example_setup_teardown.py
[2024-08-06T10:01:50.364+0000] {logging_mixin.py:188} INFO - [2024-08-06T10:01:50.364+0000] {dag.py:3089} INFO - Sync 1 DAGs
[2024-08-06T10:01:50.390+0000] {logging_mixin.py:188} INFO - [2024-08-06T10:01:50.390+0000] {dag.py:3947} INFO - Setting next_dagrun for example_setup_teardown to 2024-08-05 00:00:00+00:00, run_after=2024-08-06 00:00:00+00:00
[2024-08-06T10:01:50.415+0000] {processor.py:183} INFO - Processing /home/airflow/.local/lib/python3.12/site-packages/airflow/example_dags/example_setup_teardown.py took 0.101 seconds
[2024-08-06T10:02:20.896+0000] {processor.py:161} INFO - Started process (PID=2209) to work on /home/airflow/.local/lib/python3.12/site-packages/airflow/example_dags/example_setup_teardown.py
[2024-08-06T10:02:20.897+0000] {processor.py:830} INFO - Processing file /home/airflow/.local/lib/python3.12/site-packages/airflow/example_dags/example_setup_teardown.py for tasks to queue
[2024-08-06T10:02:20.899+0000] {logging_mixin.py:188} INFO - [2024-08-06T10:02:20.899+0000] {dagbag.py:545} INFO - Filling up the DagBag from /home/airflow/.local/lib/python3.12/site-packages/airflow/example_dags/example_setup_teardown.py
[2024-08-06T10:02:20.908+0000] {processor.py:840} INFO - DAG(s) 'example_setup_teardown' retrieved from /home/airflow/.local/lib/python3.12/site-packages/airflow/example_dags/example_setup_teardown.py
[2024-08-06T10:02:20.931+0000] {logging_mixin.py:188} INFO - [2024-08-06T10:02:20.931+0000] {dag.py:3089} INFO - Sync 1 DAGs
[2024-08-06T10:02:20.956+0000] {logging_mixin.py:188} INFO - [2024-08-06T10:02:20.956+0000] {dag.py:3947} INFO - Setting next_dagrun for example_setup_teardown to 2024-08-05 00:00:00+00:00, run_after=2024-08-06 00:00:00+00:00
[2024-08-06T10:02:20.981+0000] {processor.py:183} INFO - Processing /home/airflow/.local/lib/python3.12/site-packages/airflow/example_dags/example_setup_teardown.py took 0.093 seconds
[2024-08-06T10:02:52.208+0000] {processor.py:161} INFO - Started process (PID=2274) to work on /home/airflow/.local/lib/python3.12/site-packages/airflow/example_dags/example_setup_teardown.py
[2024-08-06T10:02:52.209+0000] {processor.py:830} INFO - Processing file /home/airflow/.local/lib/python3.12/site-packages/airflow/example_dags/example_setup_teardown.py for tasks to queue
[2024-08-06T10:02:52.211+0000] {logging_mixin.py:188} INFO - [2024-08-06T10:02:52.211+0000] {dagbag.py:545} INFO - Filling up the DagBag from /home/airflow/.local/lib/python3.12/site-packages/airflow/example_dags/example_setup_teardown.py
[2024-08-06T10:02:52.221+0000] {processor.py:840} INFO - DAG(s) 'example_setup_teardown' retrieved from /home/airflow/.local/lib/python3.12/site-packages/airflow/example_dags/example_setup_teardown.py
[2024-08-06T10:02:52.245+0000] {logging_mixin.py:188} INFO - [2024-08-06T10:02:52.245+0000] {dag.py:3089} INFO - Sync 1 DAGs
[2024-08-06T10:02:52.269+0000] {logging_mixin.py:188} INFO - [2024-08-06T10:02:52.269+0000] {dag.py:3947} INFO - Setting next_dagrun for example_setup_teardown to 2024-08-05 00:00:00+00:00, run_after=2024-08-06 00:00:00+00:00
[2024-08-06T10:02:52.296+0000] {processor.py:183} INFO - Processing /home/airflow/.local/lib/python3.12/site-packages/airflow/example_dags/example_setup_teardown.py took 0.096 seconds
[2024-08-06T10:03:22.713+0000] {processor.py:161} INFO - Started process (PID=2339) to work on /home/airflow/.local/lib/python3.12/site-packages/airflow/example_dags/example_setup_teardown.py
[2024-08-06T10:03:22.715+0000] {processor.py:830} INFO - Processing file /home/airflow/.local/lib/python3.12/site-packages/airflow/example_dags/example_setup_teardown.py for tasks to queue
[2024-08-06T10:03:22.717+0000] {logging_mixin.py:188} INFO - [2024-08-06T10:03:22.717+0000] {dagbag.py:545} INFO - Filling up the DagBag from /home/airflow/.local/lib/python3.12/site-packages/airflow/example_dags/example_setup_teardown.py
[2024-08-06T10:03:22.728+0000] {processor.py:840} INFO - DAG(s) 'example_setup_teardown' retrieved from /home/airflow/.local/lib/python3.12/site-packages/airflow/example_dags/example_setup_teardown.py
[2024-08-06T10:03:22.753+0000] {logging_mixin.py:188} INFO - [2024-08-06T10:03:22.753+0000] {dag.py:3089} INFO - Sync 1 DAGs
[2024-08-06T10:03:22.780+0000] {logging_mixin.py:188} INFO - [2024-08-06T10:03:22.780+0000] {dag.py:3947} INFO - Setting next_dagrun for example_setup_teardown to 2024-08-05 00:00:00+00:00, run_after=2024-08-06 00:00:00+00:00
[2024-08-06T10:03:22.806+0000] {processor.py:183} INFO - Processing /home/airflow/.local/lib/python3.12/site-packages/airflow/example_dags/example_setup_teardown.py took 0.101 seconds
[2024-08-06T10:03:54.028+0000] {processor.py:161} INFO - Started process (PID=2404) to work on /home/airflow/.local/lib/python3.12/site-packages/airflow/example_dags/example_setup_teardown.py
[2024-08-06T10:03:54.029+0000] {processor.py:830} INFO - Processing file /home/airflow/.local/lib/python3.12/site-packages/airflow/example_dags/example_setup_teardown.py for tasks to queue
[2024-08-06T10:03:54.032+0000] {logging_mixin.py:188} INFO - [2024-08-06T10:03:54.031+0000] {dagbag.py:545} INFO - Filling up the DagBag from /home/airflow/.local/lib/python3.12/site-packages/airflow/example_dags/example_setup_teardown.py
[2024-08-06T10:03:54.043+0000] {processor.py:840} INFO - DAG(s) 'example_setup_teardown' retrieved from /home/airflow/.local/lib/python3.12/site-packages/airflow/example_dags/example_setup_teardown.py
[2024-08-06T10:03:54.067+0000] {logging_mixin.py:188} INFO - [2024-08-06T10:03:54.067+0000] {dag.py:3089} INFO - Sync 1 DAGs
[2024-08-06T10:03:54.094+0000] {logging_mixin.py:188} INFO - [2024-08-06T10:03:54.094+0000] {dag.py:3947} INFO - Setting next_dagrun for example_setup_teardown to 2024-08-05 00:00:00+00:00, run_after=2024-08-06 00:00:00+00:00
[2024-08-06T10:03:54.114+0000] {processor.py:183} INFO - Processing /home/airflow/.local/lib/python3.12/site-packages/airflow/example_dags/example_setup_teardown.py took 0.094 seconds
[2024-08-06T10:04:25.098+0000] {processor.py:161} INFO - Started process (PID=2468) to work on /home/airflow/.local/lib/python3.12/site-packages/airflow/example_dags/example_setup_teardown.py
[2024-08-06T10:04:25.100+0000] {processor.py:830} INFO - Processing file /home/airflow/.local/lib/python3.12/site-packages/airflow/example_dags/example_setup_teardown.py for tasks to queue
[2024-08-06T10:04:25.103+0000] {logging_mixin.py:188} INFO - [2024-08-06T10:04:25.102+0000] {dagbag.py:545} INFO - Filling up the DagBag from /home/airflow/.local/lib/python3.12/site-packages/airflow/example_dags/example_setup_teardown.py
[2024-08-06T10:04:25.111+0000] {processor.py:840} INFO - DAG(s) 'example_setup_teardown' retrieved from /home/airflow/.local/lib/python3.12/site-packages/airflow/example_dags/example_setup_teardown.py
[2024-08-06T10:04:25.137+0000] {logging_mixin.py:188} INFO - [2024-08-06T10:04:25.137+0000] {dag.py:3089} INFO - Sync 1 DAGs
[2024-08-06T10:04:25.162+0000] {logging_mixin.py:188} INFO - [2024-08-06T10:04:25.162+0000] {dag.py:3947} INFO - Setting next_dagrun for example_setup_teardown to 2024-08-05 00:00:00+00:00, run_after=2024-08-06 00:00:00+00:00
[2024-08-06T10:04:25.185+0000] {processor.py:183} INFO - Processing /home/airflow/.local/lib/python3.12/site-packages/airflow/example_dags/example_setup_teardown.py took 0.094 seconds
[2024-08-06T10:04:56.325+0000] {processor.py:161} INFO - Started process (PID=2533) to work on /home/airflow/.local/lib/python3.12/site-packages/airflow/example_dags/example_setup_teardown.py
[2024-08-06T10:04:56.327+0000] {processor.py:830} INFO - Processing file /home/airflow/.local/lib/python3.12/site-packages/airflow/example_dags/example_setup_teardown.py for tasks to queue
[2024-08-06T10:04:56.329+0000] {logging_mixin.py:188} INFO - [2024-08-06T10:04:56.328+0000] {dagbag.py:545} INFO - Filling up the DagBag from /home/airflow/.local/lib/python3.12/site-packages/airflow/example_dags/example_setup_teardown.py
[2024-08-06T10:04:56.336+0000] {processor.py:840} INFO - DAG(s) 'example_setup_teardown' retrieved from /home/airflow/.local/lib/python3.12/site-packages/airflow/example_dags/example_setup_teardown.py
[2024-08-06T10:04:56.368+0000] {logging_mixin.py:188} INFO - [2024-08-06T10:04:56.368+0000] {dag.py:3089} INFO - Sync 1 DAGs
[2024-08-06T10:04:56.395+0000] {logging_mixin.py:188} INFO - [2024-08-06T10:04:56.395+0000] {dag.py:3947} INFO - Setting next_dagrun for example_setup_teardown to 2024-08-05 00:00:00+00:00, run_after=2024-08-06 00:00:00+00:00
[2024-08-06T10:04:56.427+0000] {processor.py:183} INFO - Processing /home/airflow/.local/lib/python3.12/site-packages/airflow/example_dags/example_setup_teardown.py took 0.109 seconds
[2024-08-06T10:05:27.307+0000] {processor.py:161} INFO - Started process (PID=2599) to work on /home/airflow/.local/lib/python3.12/site-packages/airflow/example_dags/example_setup_teardown.py
[2024-08-06T10:05:27.308+0000] {processor.py:830} INFO - Processing file /home/airflow/.local/lib/python3.12/site-packages/airflow/example_dags/example_setup_teardown.py for tasks to queue
[2024-08-06T10:05:27.316+0000] {logging_mixin.py:188} INFO - [2024-08-06T10:05:27.315+0000] {dagbag.py:545} INFO - Filling up the DagBag from /home/airflow/.local/lib/python3.12/site-packages/airflow/example_dags/example_setup_teardown.py
[2024-08-06T10:05:27.323+0000] {processor.py:840} INFO - DAG(s) 'example_setup_teardown' retrieved from /home/airflow/.local/lib/python3.12/site-packages/airflow/example_dags/example_setup_teardown.py
[2024-08-06T10:05:27.346+0000] {logging_mixin.py:188} INFO - [2024-08-06T10:05:27.346+0000] {dag.py:3089} INFO - Sync 1 DAGs
[2024-08-06T10:05:27.373+0000] {logging_mixin.py:188} INFO - [2024-08-06T10:05:27.373+0000] {dag.py:3947} INFO - Setting next_dagrun for example_setup_teardown to 2024-08-05 00:00:00+00:00, run_after=2024-08-06 00:00:00+00:00
[2024-08-06T10:05:27.400+0000] {processor.py:183} INFO - Processing /home/airflow/.local/lib/python3.12/site-packages/airflow/example_dags/example_setup_teardown.py took 0.100 seconds
[2024-08-06T10:05:59.243+0000] {processor.py:161} INFO - Started process (PID=2664) to work on /home/airflow/.local/lib/python3.12/site-packages/airflow/example_dags/example_setup_teardown.py
[2024-08-06T10:05:59.245+0000] {processor.py:830} INFO - Processing file /home/airflow/.local/lib/python3.12/site-packages/airflow/example_dags/example_setup_teardown.py for tasks to queue
[2024-08-06T10:05:59.247+0000] {logging_mixin.py:188} INFO - [2024-08-06T10:05:59.247+0000] {dagbag.py:545} INFO - Filling up the DagBag from /home/airflow/.local/lib/python3.12/site-packages/airflow/example_dags/example_setup_teardown.py
[2024-08-06T10:05:59.257+0000] {processor.py:840} INFO - DAG(s) 'example_setup_teardown' retrieved from /home/airflow/.local/lib/python3.12/site-packages/airflow/example_dags/example_setup_teardown.py
[2024-08-06T10:05:59.284+0000] {logging_mixin.py:188} INFO - [2024-08-06T10:05:59.284+0000] {dag.py:3089} INFO - Sync 1 DAGs
[2024-08-06T10:05:59.309+0000] {logging_mixin.py:188} INFO - [2024-08-06T10:05:59.308+0000] {dag.py:3947} INFO - Setting next_dagrun for example_setup_teardown to 2024-08-05 00:00:00+00:00, run_after=2024-08-06 00:00:00+00:00
[2024-08-06T10:05:59.330+0000] {processor.py:183} INFO - Processing /home/airflow/.local/lib/python3.12/site-packages/airflow/example_dags/example_setup_teardown.py took 0.093 seconds
[2024-08-06T10:06:30.522+0000] {processor.py:161} INFO - Started process (PID=2729) to work on /home/airflow/.local/lib/python3.12/site-packages/airflow/example_dags/example_setup_teardown.py
[2024-08-06T10:06:30.523+0000] {processor.py:830} INFO - Processing file /home/airflow/.local/lib/python3.12/site-packages/airflow/example_dags/example_setup_teardown.py for tasks to queue
[2024-08-06T10:06:30.527+0000] {logging_mixin.py:188} INFO - [2024-08-06T10:06:30.526+0000] {dagbag.py:545} INFO - Filling up the DagBag from /home/airflow/.local/lib/python3.12/site-packages/airflow/example_dags/example_setup_teardown.py
[2024-08-06T10:06:30.540+0000] {processor.py:840} INFO - DAG(s) 'example_setup_teardown' retrieved from /home/airflow/.local/lib/python3.12/site-packages/airflow/example_dags/example_setup_teardown.py
[2024-08-06T10:06:30.576+0000] {logging_mixin.py:188} INFO - [2024-08-06T10:06:30.576+0000] {dag.py:3089} INFO - Sync 1 DAGs
[2024-08-06T10:06:30.604+0000] {logging_mixin.py:188} INFO - [2024-08-06T10:06:30.604+0000] {dag.py:3947} INFO - Setting next_dagrun for example_setup_teardown to 2024-08-05 00:00:00+00:00, run_after=2024-08-06 00:00:00+00:00
[2024-08-06T10:06:30.639+0000] {processor.py:183} INFO - Processing /home/airflow/.local/lib/python3.12/site-packages/airflow/example_dags/example_setup_teardown.py took 0.126 seconds
[2024-08-06T10:07:01.756+0000] {processor.py:161} INFO - Started process (PID=2794) to work on /home/airflow/.local/lib/python3.12/site-packages/airflow/example_dags/example_setup_teardown.py
[2024-08-06T10:07:01.757+0000] {processor.py:830} INFO - Processing file /home/airflow/.local/lib/python3.12/site-packages/airflow/example_dags/example_setup_teardown.py for tasks to queue
[2024-08-06T10:07:01.760+0000] {logging_mixin.py:188} INFO - [2024-08-06T10:07:01.760+0000] {dagbag.py:545} INFO - Filling up the DagBag from /home/airflow/.local/lib/python3.12/site-packages/airflow/example_dags/example_setup_teardown.py
[2024-08-06T10:07:01.770+0000] {processor.py:840} INFO - DAG(s) 'example_setup_teardown' retrieved from /home/airflow/.local/lib/python3.12/site-packages/airflow/example_dags/example_setup_teardown.py
[2024-08-06T10:07:01.799+0000] {logging_mixin.py:188} INFO - [2024-08-06T10:07:01.798+0000] {dag.py:3089} INFO - Sync 1 DAGs
[2024-08-06T10:07:01.828+0000] {logging_mixin.py:188} INFO - [2024-08-06T10:07:01.827+0000] {dag.py:3947} INFO - Setting next_dagrun for example_setup_teardown to 2024-08-05 00:00:00+00:00, run_after=2024-08-06 00:00:00+00:00
[2024-08-06T10:07:01.860+0000] {processor.py:183} INFO - Processing /home/airflow/.local/lib/python3.12/site-packages/airflow/example_dags/example_setup_teardown.py took 0.111 seconds
[2024-08-06T10:07:33.528+0000] {processor.py:161} INFO - Started process (PID=2859) to work on /home/airflow/.local/lib/python3.12/site-packages/airflow/example_dags/example_setup_teardown.py
[2024-08-06T10:07:33.530+0000] {processor.py:830} INFO - Processing file /home/airflow/.local/lib/python3.12/site-packages/airflow/example_dags/example_setup_teardown.py for tasks to queue
[2024-08-06T10:07:33.533+0000] {logging_mixin.py:188} INFO - [2024-08-06T10:07:33.532+0000] {dagbag.py:545} INFO - Filling up the DagBag from /home/airflow/.local/lib/python3.12/site-packages/airflow/example_dags/example_setup_teardown.py
[2024-08-06T10:07:33.542+0000] {processor.py:840} INFO - DAG(s) 'example_setup_teardown' retrieved from /home/airflow/.local/lib/python3.12/site-packages/airflow/example_dags/example_setup_teardown.py
[2024-08-06T10:07:33.571+0000] {logging_mixin.py:188} INFO - [2024-08-06T10:07:33.570+0000] {dag.py:3089} INFO - Sync 1 DAGs
[2024-08-06T10:07:33.605+0000] {logging_mixin.py:188} INFO - [2024-08-06T10:07:33.604+0000] {dag.py:3947} INFO - Setting next_dagrun for example_setup_teardown to 2024-08-05 00:00:00+00:00, run_after=2024-08-06 00:00:00+00:00
[2024-08-06T10:07:33.633+0000] {processor.py:183} INFO - Processing /home/airflow/.local/lib/python3.12/site-packages/airflow/example_dags/example_setup_teardown.py took 0.111 seconds
[2024-08-06T10:08:04.754+0000] {processor.py:161} INFO - Started process (PID=2924) to work on /home/airflow/.local/lib/python3.12/site-packages/airflow/example_dags/example_setup_teardown.py
[2024-08-06T10:08:04.757+0000] {processor.py:830} INFO - Processing file /home/airflow/.local/lib/python3.12/site-packages/airflow/example_dags/example_setup_teardown.py for tasks to queue
[2024-08-06T10:08:04.761+0000] {logging_mixin.py:188} INFO - [2024-08-06T10:08:04.760+0000] {dagbag.py:545} INFO - Filling up the DagBag from /home/airflow/.local/lib/python3.12/site-packages/airflow/example_dags/example_setup_teardown.py
[2024-08-06T10:08:04.784+0000] {processor.py:840} INFO - DAG(s) 'example_setup_teardown' retrieved from /home/airflow/.local/lib/python3.12/site-packages/airflow/example_dags/example_setup_teardown.py
[2024-08-06T10:08:04.812+0000] {logging_mixin.py:188} INFO - [2024-08-06T10:08:04.812+0000] {dag.py:3089} INFO - Sync 1 DAGs
[2024-08-06T10:08:04.843+0000] {logging_mixin.py:188} INFO - [2024-08-06T10:08:04.843+0000] {dag.py:3947} INFO - Setting next_dagrun for example_setup_teardown to 2024-08-05 00:00:00+00:00, run_after=2024-08-06 00:00:00+00:00
[2024-08-06T10:08:04.870+0000] {processor.py:183} INFO - Processing /home/airflow/.local/lib/python3.12/site-packages/airflow/example_dags/example_setup_teardown.py took 0.124 seconds
[2024-08-06T10:08:35.764+0000] {processor.py:161} INFO - Started process (PID=2989) to work on /home/airflow/.local/lib/python3.12/site-packages/airflow/example_dags/example_setup_teardown.py
[2024-08-06T10:08:35.765+0000] {processor.py:830} INFO - Processing file /home/airflow/.local/lib/python3.12/site-packages/airflow/example_dags/example_setup_teardown.py for tasks to queue
[2024-08-06T10:08:35.767+0000] {logging_mixin.py:188} INFO - [2024-08-06T10:08:35.767+0000] {dagbag.py:545} INFO - Filling up the DagBag from /home/airflow/.local/lib/python3.12/site-packages/airflow/example_dags/example_setup_teardown.py
[2024-08-06T10:08:35.775+0000] {processor.py:840} INFO - DAG(s) 'example_setup_teardown' retrieved from /home/airflow/.local/lib/python3.12/site-packages/airflow/example_dags/example_setup_teardown.py
[2024-08-06T10:08:35.797+0000] {logging_mixin.py:188} INFO - [2024-08-06T10:08:35.797+0000] {dag.py:3089} INFO - Sync 1 DAGs
[2024-08-06T10:08:35.822+0000] {logging_mixin.py:188} INFO - [2024-08-06T10:08:35.822+0000] {dag.py:3947} INFO - Setting next_dagrun for example_setup_teardown to 2024-08-05 00:00:00+00:00, run_after=2024-08-06 00:00:00+00:00
[2024-08-06T10:08:35.847+0000] {processor.py:183} INFO - Processing /home/airflow/.local/lib/python3.12/site-packages/airflow/example_dags/example_setup_teardown.py took 0.091 seconds
[2024-08-06T10:09:06.389+0000] {processor.py:161} INFO - Started process (PID=3054) to work on /home/airflow/.local/lib/python3.12/site-packages/airflow/example_dags/example_setup_teardown.py
[2024-08-06T10:09:06.391+0000] {processor.py:830} INFO - Processing file /home/airflow/.local/lib/python3.12/site-packages/airflow/example_dags/example_setup_teardown.py for tasks to queue
[2024-08-06T10:09:06.393+0000] {logging_mixin.py:188} INFO - [2024-08-06T10:09:06.393+0000] {dagbag.py:545} INFO - Filling up the DagBag from /home/airflow/.local/lib/python3.12/site-packages/airflow/example_dags/example_setup_teardown.py
[2024-08-06T10:09:06.402+0000] {processor.py:840} INFO - DAG(s) 'example_setup_teardown' retrieved from /home/airflow/.local/lib/python3.12/site-packages/airflow/example_dags/example_setup_teardown.py
[2024-08-06T10:09:06.426+0000] {logging_mixin.py:188} INFO - [2024-08-06T10:09:06.426+0000] {dag.py:3089} INFO - Sync 1 DAGs
[2024-08-06T10:09:06.459+0000] {logging_mixin.py:188} INFO - [2024-08-06T10:09:06.458+0000] {dag.py:3947} INFO - Setting next_dagrun for example_setup_teardown to 2024-08-05 00:00:00+00:00, run_after=2024-08-06 00:00:00+00:00
[2024-08-06T10:09:06.488+0000] {processor.py:183} INFO - Processing /home/airflow/.local/lib/python3.12/site-packages/airflow/example_dags/example_setup_teardown.py took 0.106 seconds
[2024-08-06T10:09:37.540+0000] {processor.py:161} INFO - Started process (PID=3119) to work on /home/airflow/.local/lib/python3.12/site-packages/airflow/example_dags/example_setup_teardown.py
[2024-08-06T10:09:37.548+0000] {processor.py:830} INFO - Processing file /home/airflow/.local/lib/python3.12/site-packages/airflow/example_dags/example_setup_teardown.py for tasks to queue
[2024-08-06T10:09:37.550+0000] {logging_mixin.py:188} INFO - [2024-08-06T10:09:37.550+0000] {dagbag.py:545} INFO - Filling up the DagBag from /home/airflow/.local/lib/python3.12/site-packages/airflow/example_dags/example_setup_teardown.py
[2024-08-06T10:09:37.558+0000] {processor.py:840} INFO - DAG(s) 'example_setup_teardown' retrieved from /home/airflow/.local/lib/python3.12/site-packages/airflow/example_dags/example_setup_teardown.py
[2024-08-06T10:09:37.582+0000] {logging_mixin.py:188} INFO - [2024-08-06T10:09:37.581+0000] {dag.py:3089} INFO - Sync 1 DAGs
[2024-08-06T10:09:37.607+0000] {logging_mixin.py:188} INFO - [2024-08-06T10:09:37.607+0000] {dag.py:3947} INFO - Setting next_dagrun for example_setup_teardown to 2024-08-05 00:00:00+00:00, run_after=2024-08-06 00:00:00+00:00
[2024-08-06T10:09:37.634+0000] {processor.py:183} INFO - Processing /home/airflow/.local/lib/python3.12/site-packages/airflow/example_dags/example_setup_teardown.py took 0.101 seconds
[2024-08-06T10:10:07.989+0000] {processor.py:161} INFO - Started process (PID=3183) to work on /home/airflow/.local/lib/python3.12/site-packages/airflow/example_dags/example_setup_teardown.py
[2024-08-06T10:10:07.990+0000] {processor.py:830} INFO - Processing file /home/airflow/.local/lib/python3.12/site-packages/airflow/example_dags/example_setup_teardown.py for tasks to queue
[2024-08-06T10:10:07.993+0000] {logging_mixin.py:188} INFO - [2024-08-06T10:10:07.992+0000] {dagbag.py:545} INFO - Filling up the DagBag from /home/airflow/.local/lib/python3.12/site-packages/airflow/example_dags/example_setup_teardown.py
[2024-08-06T10:10:08.001+0000] {processor.py:840} INFO - DAG(s) 'example_setup_teardown' retrieved from /home/airflow/.local/lib/python3.12/site-packages/airflow/example_dags/example_setup_teardown.py
[2024-08-06T10:10:08.028+0000] {logging_mixin.py:188} INFO - [2024-08-06T10:10:08.028+0000] {dag.py:3089} INFO - Sync 1 DAGs
[2024-08-06T10:10:08.056+0000] {logging_mixin.py:188} INFO - [2024-08-06T10:10:08.055+0000] {dag.py:3947} INFO - Setting next_dagrun for example_setup_teardown to 2024-08-05 00:00:00+00:00, run_after=2024-08-06 00:00:00+00:00
[2024-08-06T10:10:08.080+0000] {processor.py:183} INFO - Processing /home/airflow/.local/lib/python3.12/site-packages/airflow/example_dags/example_setup_teardown.py took 0.098 seconds
[2024-08-06T10:10:39.505+0000] {processor.py:161} INFO - Started process (PID=3247) to work on /home/airflow/.local/lib/python3.12/site-packages/airflow/example_dags/example_setup_teardown.py
[2024-08-06T10:10:39.506+0000] {processor.py:830} INFO - Processing file /home/airflow/.local/lib/python3.12/site-packages/airflow/example_dags/example_setup_teardown.py for tasks to queue
[2024-08-06T10:10:39.509+0000] {logging_mixin.py:188} INFO - [2024-08-06T10:10:39.509+0000] {dagbag.py:545} INFO - Filling up the DagBag from /home/airflow/.local/lib/python3.12/site-packages/airflow/example_dags/example_setup_teardown.py
[2024-08-06T10:10:39.521+0000] {processor.py:840} INFO - DAG(s) 'example_setup_teardown' retrieved from /home/airflow/.local/lib/python3.12/site-packages/airflow/example_dags/example_setup_teardown.py
[2024-08-06T10:10:39.543+0000] {logging_mixin.py:188} INFO - [2024-08-06T10:10:39.542+0000] {dag.py:3089} INFO - Sync 1 DAGs
[2024-08-06T10:10:39.576+0000] {logging_mixin.py:188} INFO - [2024-08-06T10:10:39.576+0000] {dag.py:3947} INFO - Setting next_dagrun for example_setup_teardown to 2024-08-05 00:00:00+00:00, run_after=2024-08-06 00:00:00+00:00
[2024-08-06T10:10:39.599+0000] {processor.py:183} INFO - Processing /home/airflow/.local/lib/python3.12/site-packages/airflow/example_dags/example_setup_teardown.py took 0.107 seconds
[2024-08-06T10:11:10.132+0000] {processor.py:161} INFO - Started process (PID=3312) to work on /home/airflow/.local/lib/python3.12/site-packages/airflow/example_dags/example_setup_teardown.py
[2024-08-06T10:11:10.133+0000] {processor.py:830} INFO - Processing file /home/airflow/.local/lib/python3.12/site-packages/airflow/example_dags/example_setup_teardown.py for tasks to queue
[2024-08-06T10:11:10.136+0000] {logging_mixin.py:188} INFO - [2024-08-06T10:11:10.136+0000] {dagbag.py:545} INFO - Filling up the DagBag from /home/airflow/.local/lib/python3.12/site-packages/airflow/example_dags/example_setup_teardown.py
[2024-08-06T10:11:10.147+0000] {processor.py:840} INFO - DAG(s) 'example_setup_teardown' retrieved from /home/airflow/.local/lib/python3.12/site-packages/airflow/example_dags/example_setup_teardown.py
[2024-08-06T10:11:10.173+0000] {logging_mixin.py:188} INFO - [2024-08-06T10:11:10.173+0000] {dag.py:3089} INFO - Sync 1 DAGs
[2024-08-06T10:11:10.198+0000] {logging_mixin.py:188} INFO - [2024-08-06T10:11:10.198+0000] {dag.py:3947} INFO - Setting next_dagrun for example_setup_teardown to 2024-08-05 00:00:00+00:00, run_after=2024-08-06 00:00:00+00:00
[2024-08-06T10:11:10.219+0000] {processor.py:183} INFO - Processing /home/airflow/.local/lib/python3.12/site-packages/airflow/example_dags/example_setup_teardown.py took 0.094 seconds
[2024-08-06T10:11:40.944+0000] {processor.py:161} INFO - Started process (PID=3377) to work on /home/airflow/.local/lib/python3.12/site-packages/airflow/example_dags/example_setup_teardown.py
[2024-08-06T10:11:40.945+0000] {processor.py:830} INFO - Processing file /home/airflow/.local/lib/python3.12/site-packages/airflow/example_dags/example_setup_teardown.py for tasks to queue
[2024-08-06T10:11:40.948+0000] {logging_mixin.py:188} INFO - [2024-08-06T10:11:40.947+0000] {dagbag.py:545} INFO - Filling up the DagBag from /home/airflow/.local/lib/python3.12/site-packages/airflow/example_dags/example_setup_teardown.py
[2024-08-06T10:11:40.956+0000] {processor.py:840} INFO - DAG(s) 'example_setup_teardown' retrieved from /home/airflow/.local/lib/python3.12/site-packages/airflow/example_dags/example_setup_teardown.py
[2024-08-06T10:11:40.980+0000] {logging_mixin.py:188} INFO - [2024-08-06T10:11:40.980+0000] {dag.py:3089} INFO - Sync 1 DAGs
[2024-08-06T10:11:41.008+0000] {logging_mixin.py:188} INFO - [2024-08-06T10:11:41.008+0000] {dag.py:3947} INFO - Setting next_dagrun for example_setup_teardown to 2024-08-05 00:00:00+00:00, run_after=2024-08-06 00:00:00+00:00
[2024-08-06T10:11:41.030+0000] {processor.py:183} INFO - Processing /home/airflow/.local/lib/python3.12/site-packages/airflow/example_dags/example_setup_teardown.py took 0.094 seconds
[2024-08-06T10:12:11.607+0000] {processor.py:161} INFO - Started process (PID=3442) to work on /home/airflow/.local/lib/python3.12/site-packages/airflow/example_dags/example_setup_teardown.py
[2024-08-06T10:12:11.609+0000] {processor.py:830} INFO - Processing file /home/airflow/.local/lib/python3.12/site-packages/airflow/example_dags/example_setup_teardown.py for tasks to queue
[2024-08-06T10:12:11.612+0000] {logging_mixin.py:188} INFO - [2024-08-06T10:12:11.611+0000] {dagbag.py:545} INFO - Filling up the DagBag from /home/airflow/.local/lib/python3.12/site-packages/airflow/example_dags/example_setup_teardown.py
[2024-08-06T10:12:11.620+0000] {processor.py:840} INFO - DAG(s) 'example_setup_teardown' retrieved from /home/airflow/.local/lib/python3.12/site-packages/airflow/example_dags/example_setup_teardown.py
[2024-08-06T10:12:11.648+0000] {logging_mixin.py:188} INFO - [2024-08-06T10:12:11.647+0000] {dag.py:3089} INFO - Sync 1 DAGs
[2024-08-06T10:12:11.672+0000] {logging_mixin.py:188} INFO - [2024-08-06T10:12:11.672+0000] {dag.py:3947} INFO - Setting next_dagrun for example_setup_teardown to 2024-08-05 00:00:00+00:00, run_after=2024-08-06 00:00:00+00:00
[2024-08-06T10:12:11.694+0000] {processor.py:183} INFO - Processing /home/airflow/.local/lib/python3.12/site-packages/airflow/example_dags/example_setup_teardown.py took 0.096 seconds
[2024-08-06T10:12:45.803+0000] {processor.py:161} INFO - Started process (PID=3506) to work on /home/airflow/.local/lib/python3.12/site-packages/airflow/example_dags/example_setup_teardown.py
[2024-08-06T10:12:45.804+0000] {processor.py:830} INFO - Processing file /home/airflow/.local/lib/python3.12/site-packages/airflow/example_dags/example_setup_teardown.py for tasks to queue
[2024-08-06T10:12:45.807+0000] {logging_mixin.py:188} INFO - [2024-08-06T10:12:45.806+0000] {dagbag.py:545} INFO - Filling up the DagBag from /home/airflow/.local/lib/python3.12/site-packages/airflow/example_dags/example_setup_teardown.py
[2024-08-06T10:12:45.814+0000] {processor.py:840} INFO - DAG(s) 'example_setup_teardown' retrieved from /home/airflow/.local/lib/python3.12/site-packages/airflow/example_dags/example_setup_teardown.py
[2024-08-06T10:12:45.837+0000] {logging_mixin.py:188} INFO - [2024-08-06T10:12:45.836+0000] {dag.py:3089} INFO - Sync 1 DAGs
[2024-08-06T10:12:45.860+0000] {logging_mixin.py:188} INFO - [2024-08-06T10:12:45.860+0000] {dag.py:3947} INFO - Setting next_dagrun for example_setup_teardown to 2024-08-05 00:00:00+00:00, run_after=2024-08-06 00:00:00+00:00
[2024-08-06T10:12:45.887+0000] {processor.py:183} INFO - Processing /home/airflow/.local/lib/python3.12/site-packages/airflow/example_dags/example_setup_teardown.py took 0.092 seconds
[2024-08-06T10:13:17.526+0000] {processor.py:161} INFO - Started process (PID=3571) to work on /home/airflow/.local/lib/python3.12/site-packages/airflow/example_dags/example_setup_teardown.py
[2024-08-06T10:13:17.528+0000] {processor.py:830} INFO - Processing file /home/airflow/.local/lib/python3.12/site-packages/airflow/example_dags/example_setup_teardown.py for tasks to queue
[2024-08-06T10:13:17.530+0000] {logging_mixin.py:188} INFO - [2024-08-06T10:13:17.530+0000] {dagbag.py:545} INFO - Filling up the DagBag from /home/airflow/.local/lib/python3.12/site-packages/airflow/example_dags/example_setup_teardown.py
[2024-08-06T10:13:17.541+0000] {processor.py:840} INFO - DAG(s) 'example_setup_teardown' retrieved from /home/airflow/.local/lib/python3.12/site-packages/airflow/example_dags/example_setup_teardown.py
[2024-08-06T10:13:17.565+0000] {logging_mixin.py:188} INFO - [2024-08-06T10:13:17.564+0000] {dag.py:3089} INFO - Sync 1 DAGs
[2024-08-06T10:13:17.587+0000] {logging_mixin.py:188} INFO - [2024-08-06T10:13:17.587+0000] {dag.py:3947} INFO - Setting next_dagrun for example_setup_teardown to 2024-08-05 00:00:00+00:00, run_after=2024-08-06 00:00:00+00:00
[2024-08-06T10:13:17.617+0000] {processor.py:183} INFO - Processing /home/airflow/.local/lib/python3.12/site-packages/airflow/example_dags/example_setup_teardown.py took 0.098 seconds
[2024-08-06T10:13:48.225+0000] {processor.py:161} INFO - Started process (PID=3636) to work on /home/airflow/.local/lib/python3.12/site-packages/airflow/example_dags/example_setup_teardown.py
[2024-08-06T10:13:48.227+0000] {processor.py:830} INFO - Processing file /home/airflow/.local/lib/python3.12/site-packages/airflow/example_dags/example_setup_teardown.py for tasks to queue
[2024-08-06T10:13:48.230+0000] {logging_mixin.py:188} INFO - [2024-08-06T10:13:48.229+0000] {dagbag.py:545} INFO - Filling up the DagBag from /home/airflow/.local/lib/python3.12/site-packages/airflow/example_dags/example_setup_teardown.py
[2024-08-06T10:13:48.239+0000] {processor.py:840} INFO - DAG(s) 'example_setup_teardown' retrieved from /home/airflow/.local/lib/python3.12/site-packages/airflow/example_dags/example_setup_teardown.py
[2024-08-06T10:13:48.272+0000] {logging_mixin.py:188} INFO - [2024-08-06T10:13:48.271+0000] {dag.py:3089} INFO - Sync 1 DAGs
[2024-08-06T10:13:48.298+0000] {logging_mixin.py:188} INFO - [2024-08-06T10:13:48.298+0000] {dag.py:3947} INFO - Setting next_dagrun for example_setup_teardown to 2024-08-05 00:00:00+00:00, run_after=2024-08-06 00:00:00+00:00
[2024-08-06T10:13:48.331+0000] {processor.py:183} INFO - Processing /home/airflow/.local/lib/python3.12/site-packages/airflow/example_dags/example_setup_teardown.py took 0.116 seconds
[2024-08-06T10:14:18.816+0000] {processor.py:161} INFO - Started process (PID=3701) to work on /home/airflow/.local/lib/python3.12/site-packages/airflow/example_dags/example_setup_teardown.py
[2024-08-06T10:14:18.818+0000] {processor.py:830} INFO - Processing file /home/airflow/.local/lib/python3.12/site-packages/airflow/example_dags/example_setup_teardown.py for tasks to queue
[2024-08-06T10:14:18.820+0000] {logging_mixin.py:188} INFO - [2024-08-06T10:14:18.820+0000] {dagbag.py:545} INFO - Filling up the DagBag from /home/airflow/.local/lib/python3.12/site-packages/airflow/example_dags/example_setup_teardown.py
[2024-08-06T10:14:18.828+0000] {processor.py:840} INFO - DAG(s) 'example_setup_teardown' retrieved from /home/airflow/.local/lib/python3.12/site-packages/airflow/example_dags/example_setup_teardown.py
[2024-08-06T10:14:18.854+0000] {logging_mixin.py:188} INFO - [2024-08-06T10:14:18.853+0000] {dag.py:3089} INFO - Sync 1 DAGs
[2024-08-06T10:14:18.877+0000] {logging_mixin.py:188} INFO - [2024-08-06T10:14:18.877+0000] {dag.py:3947} INFO - Setting next_dagrun for example_setup_teardown to 2024-08-05 00:00:00+00:00, run_after=2024-08-06 00:00:00+00:00
[2024-08-06T10:14:18.899+0000] {processor.py:183} INFO - Processing /home/airflow/.local/lib/python3.12/site-packages/airflow/example_dags/example_setup_teardown.py took 0.090 seconds
[2024-08-06T10:14:50.001+0000] {processor.py:161} INFO - Started process (PID=3766) to work on /home/airflow/.local/lib/python3.12/site-packages/airflow/example_dags/example_setup_teardown.py
[2024-08-06T10:14:50.002+0000] {processor.py:830} INFO - Processing file /home/airflow/.local/lib/python3.12/site-packages/airflow/example_dags/example_setup_teardown.py for tasks to queue
[2024-08-06T10:14:50.005+0000] {logging_mixin.py:188} INFO - [2024-08-06T10:14:50.004+0000] {dagbag.py:545} INFO - Filling up the DagBag from /home/airflow/.local/lib/python3.12/site-packages/airflow/example_dags/example_setup_teardown.py
[2024-08-06T10:14:50.014+0000] {processor.py:840} INFO - DAG(s) 'example_setup_teardown' retrieved from /home/airflow/.local/lib/python3.12/site-packages/airflow/example_dags/example_setup_teardown.py
[2024-08-06T10:14:50.039+0000] {logging_mixin.py:188} INFO - [2024-08-06T10:14:50.038+0000] {dag.py:3089} INFO - Sync 1 DAGs
[2024-08-06T10:14:50.068+0000] {logging_mixin.py:188} INFO - [2024-08-06T10:14:50.068+0000] {dag.py:3947} INFO - Setting next_dagrun for example_setup_teardown to 2024-08-05 00:00:00+00:00, run_after=2024-08-06 00:00:00+00:00
[2024-08-06T10:14:50.101+0000] {processor.py:183} INFO - Processing /home/airflow/.local/lib/python3.12/site-packages/airflow/example_dags/example_setup_teardown.py took 0.108 seconds
[2024-08-06T10:15:20.789+0000] {processor.py:161} INFO - Started process (PID=3832) to work on /home/airflow/.local/lib/python3.12/site-packages/airflow/example_dags/example_setup_teardown.py
[2024-08-06T10:15:20.804+0000] {processor.py:830} INFO - Processing file /home/airflow/.local/lib/python3.12/site-packages/airflow/example_dags/example_setup_teardown.py for tasks to queue
[2024-08-06T10:15:20.806+0000] {logging_mixin.py:188} INFO - [2024-08-06T10:15:20.806+0000] {dagbag.py:545} INFO - Filling up the DagBag from /home/airflow/.local/lib/python3.12/site-packages/airflow/example_dags/example_setup_teardown.py
[2024-08-06T10:15:20.816+0000] {processor.py:840} INFO - DAG(s) 'example_setup_teardown' retrieved from /home/airflow/.local/lib/python3.12/site-packages/airflow/example_dags/example_setup_teardown.py
[2024-08-06T10:15:20.840+0000] {logging_mixin.py:188} INFO - [2024-08-06T10:15:20.840+0000] {dag.py:3089} INFO - Sync 1 DAGs
[2024-08-06T10:15:20.873+0000] {logging_mixin.py:188} INFO - [2024-08-06T10:15:20.872+0000] {dag.py:3947} INFO - Setting next_dagrun for example_setup_teardown to 2024-08-05 00:00:00+00:00, run_after=2024-08-06 00:00:00+00:00
[2024-08-06T10:15:20.905+0000] {processor.py:183} INFO - Processing /home/airflow/.local/lib/python3.12/site-packages/airflow/example_dags/example_setup_teardown.py took 0.124 seconds
[2024-08-06T10:15:51.929+0000] {processor.py:161} INFO - Started process (PID=3897) to work on /home/airflow/.local/lib/python3.12/site-packages/airflow/example_dags/example_setup_teardown.py
[2024-08-06T10:15:51.931+0000] {processor.py:830} INFO - Processing file /home/airflow/.local/lib/python3.12/site-packages/airflow/example_dags/example_setup_teardown.py for tasks to queue
[2024-08-06T10:15:51.935+0000] {logging_mixin.py:188} INFO - [2024-08-06T10:15:51.934+0000] {dagbag.py:545} INFO - Filling up the DagBag from /home/airflow/.local/lib/python3.12/site-packages/airflow/example_dags/example_setup_teardown.py
[2024-08-06T10:15:51.946+0000] {processor.py:840} INFO - DAG(s) 'example_setup_teardown' retrieved from /home/airflow/.local/lib/python3.12/site-packages/airflow/example_dags/example_setup_teardown.py
[2024-08-06T10:15:51.973+0000] {logging_mixin.py:188} INFO - [2024-08-06T10:15:51.973+0000] {dag.py:3089} INFO - Sync 1 DAGs
[2024-08-06T10:15:52.001+0000] {logging_mixin.py:188} INFO - [2024-08-06T10:15:52.001+0000] {dag.py:3947} INFO - Setting next_dagrun for example_setup_teardown to 2024-08-05 00:00:00+00:00, run_after=2024-08-06 00:00:00+00:00
[2024-08-06T10:15:52.027+0000] {processor.py:183} INFO - Processing /home/airflow/.local/lib/python3.12/site-packages/airflow/example_dags/example_setup_teardown.py took 0.108 seconds
[2024-08-06T10:16:22.138+0000] {processor.py:161} INFO - Started process (PID=3962) to work on /home/airflow/.local/lib/python3.12/site-packages/airflow/example_dags/example_setup_teardown.py
[2024-08-06T10:16:22.140+0000] {processor.py:830} INFO - Processing file /home/airflow/.local/lib/python3.12/site-packages/airflow/example_dags/example_setup_teardown.py for tasks to queue
[2024-08-06T10:16:22.145+0000] {logging_mixin.py:188} INFO - [2024-08-06T10:16:22.145+0000] {dagbag.py:545} INFO - Filling up the DagBag from /home/airflow/.local/lib/python3.12/site-packages/airflow/example_dags/example_setup_teardown.py
[2024-08-06T10:16:22.155+0000] {processor.py:840} INFO - DAG(s) 'example_setup_teardown' retrieved from /home/airflow/.local/lib/python3.12/site-packages/airflow/example_dags/example_setup_teardown.py
[2024-08-06T10:16:22.189+0000] {logging_mixin.py:188} INFO - [2024-08-06T10:16:22.188+0000] {dag.py:3089} INFO - Sync 1 DAGs
[2024-08-06T10:16:22.214+0000] {logging_mixin.py:188} INFO - [2024-08-06T10:16:22.214+0000] {dag.py:3947} INFO - Setting next_dagrun for example_setup_teardown to 2024-08-05 00:00:00+00:00, run_after=2024-08-06 00:00:00+00:00
[2024-08-06T10:16:22.242+0000] {processor.py:183} INFO - Processing /home/airflow/.local/lib/python3.12/site-packages/airflow/example_dags/example_setup_teardown.py took 0.115 seconds
[2024-08-06T10:16:52.569+0000] {processor.py:161} INFO - Started process (PID=4027) to work on /home/airflow/.local/lib/python3.12/site-packages/airflow/example_dags/example_setup_teardown.py
[2024-08-06T10:16:52.570+0000] {processor.py:830} INFO - Processing file /home/airflow/.local/lib/python3.12/site-packages/airflow/example_dags/example_setup_teardown.py for tasks to queue
[2024-08-06T10:16:52.572+0000] {logging_mixin.py:188} INFO - [2024-08-06T10:16:52.572+0000] {dagbag.py:545} INFO - Filling up the DagBag from /home/airflow/.local/lib/python3.12/site-packages/airflow/example_dags/example_setup_teardown.py
[2024-08-06T10:16:52.582+0000] {processor.py:840} INFO - DAG(s) 'example_setup_teardown' retrieved from /home/airflow/.local/lib/python3.12/site-packages/airflow/example_dags/example_setup_teardown.py
[2024-08-06T10:16:52.608+0000] {logging_mixin.py:188} INFO - [2024-08-06T10:16:52.607+0000] {dag.py:3089} INFO - Sync 1 DAGs
[2024-08-06T10:16:52.634+0000] {logging_mixin.py:188} INFO - [2024-08-06T10:16:52.634+0000] {dag.py:3947} INFO - Setting next_dagrun for example_setup_teardown to 2024-08-05 00:00:00+00:00, run_after=2024-08-06 00:00:00+00:00
[2024-08-06T10:16:52.660+0000] {processor.py:183} INFO - Processing /home/airflow/.local/lib/python3.12/site-packages/airflow/example_dags/example_setup_teardown.py took 0.098 seconds
[2024-08-06T10:17:23.556+0000] {processor.py:161} INFO - Started process (PID=4092) to work on /home/airflow/.local/lib/python3.12/site-packages/airflow/example_dags/example_setup_teardown.py
[2024-08-06T10:17:23.557+0000] {processor.py:830} INFO - Processing file /home/airflow/.local/lib/python3.12/site-packages/airflow/example_dags/example_setup_teardown.py for tasks to queue
[2024-08-06T10:17:23.561+0000] {logging_mixin.py:188} INFO - [2024-08-06T10:17:23.560+0000] {dagbag.py:545} INFO - Filling up the DagBag from /home/airflow/.local/lib/python3.12/site-packages/airflow/example_dags/example_setup_teardown.py
[2024-08-06T10:17:23.571+0000] {processor.py:840} INFO - DAG(s) 'example_setup_teardown' retrieved from /home/airflow/.local/lib/python3.12/site-packages/airflow/example_dags/example_setup_teardown.py
[2024-08-06T10:17:23.599+0000] {logging_mixin.py:188} INFO - [2024-08-06T10:17:23.598+0000] {dag.py:3089} INFO - Sync 1 DAGs
[2024-08-06T10:17:23.625+0000] {logging_mixin.py:188} INFO - [2024-08-06T10:17:23.625+0000] {dag.py:3947} INFO - Setting next_dagrun for example_setup_teardown to 2024-08-05 00:00:00+00:00, run_after=2024-08-06 00:00:00+00:00
[2024-08-06T10:17:23.651+0000] {processor.py:183} INFO - Processing /home/airflow/.local/lib/python3.12/site-packages/airflow/example_dags/example_setup_teardown.py took 0.104 seconds
[2024-08-06T10:17:54.132+0000] {processor.py:161} INFO - Started process (PID=4163) to work on /home/airflow/.local/lib/python3.12/site-packages/airflow/example_dags/example_setup_teardown.py
[2024-08-06T10:17:54.134+0000] {processor.py:830} INFO - Processing file /home/airflow/.local/lib/python3.12/site-packages/airflow/example_dags/example_setup_teardown.py for tasks to queue
[2024-08-06T10:17:54.139+0000] {logging_mixin.py:188} INFO - [2024-08-06T10:17:54.138+0000] {dagbag.py:545} INFO - Filling up the DagBag from /home/airflow/.local/lib/python3.12/site-packages/airflow/example_dags/example_setup_teardown.py
[2024-08-06T10:17:54.147+0000] {processor.py:840} INFO - DAG(s) 'example_setup_teardown' retrieved from /home/airflow/.local/lib/python3.12/site-packages/airflow/example_dags/example_setup_teardown.py
[2024-08-06T10:17:54.176+0000] {logging_mixin.py:188} INFO - [2024-08-06T10:17:54.176+0000] {dag.py:3089} INFO - Sync 1 DAGs
[2024-08-06T10:17:54.209+0000] {logging_mixin.py:188} INFO - [2024-08-06T10:17:54.209+0000] {dag.py:3947} INFO - Setting next_dagrun for example_setup_teardown to 2024-08-05 00:00:00+00:00, run_after=2024-08-06 00:00:00+00:00
[2024-08-06T10:17:54.242+0000] {processor.py:183} INFO - Processing /home/airflow/.local/lib/python3.12/site-packages/airflow/example_dags/example_setup_teardown.py took 0.118 seconds
[2024-08-06T10:18:24.753+0000] {processor.py:161} INFO - Started process (PID=4228) to work on /home/airflow/.local/lib/python3.12/site-packages/airflow/example_dags/example_setup_teardown.py
[2024-08-06T10:18:24.754+0000] {processor.py:830} INFO - Processing file /home/airflow/.local/lib/python3.12/site-packages/airflow/example_dags/example_setup_teardown.py for tasks to queue
[2024-08-06T10:18:24.757+0000] {logging_mixin.py:188} INFO - [2024-08-06T10:18:24.756+0000] {dagbag.py:545} INFO - Filling up the DagBag from /home/airflow/.local/lib/python3.12/site-packages/airflow/example_dags/example_setup_teardown.py
[2024-08-06T10:18:24.769+0000] {processor.py:840} INFO - DAG(s) 'example_setup_teardown' retrieved from /home/airflow/.local/lib/python3.12/site-packages/airflow/example_dags/example_setup_teardown.py
[2024-08-06T10:18:24.792+0000] {logging_mixin.py:188} INFO - [2024-08-06T10:18:24.791+0000] {dag.py:3089} INFO - Sync 1 DAGs
[2024-08-06T10:18:24.818+0000] {logging_mixin.py:188} INFO - [2024-08-06T10:18:24.818+0000] {dag.py:3947} INFO - Setting next_dagrun for example_setup_teardown to 2024-08-05 00:00:00+00:00, run_after=2024-08-06 00:00:00+00:00
[2024-08-06T10:18:24.849+0000] {processor.py:183} INFO - Processing /home/airflow/.local/lib/python3.12/site-packages/airflow/example_dags/example_setup_teardown.py took 0.104 seconds
[2024-08-06T10:18:55.860+0000] {processor.py:161} INFO - Started process (PID=4293) to work on /home/airflow/.local/lib/python3.12/site-packages/airflow/example_dags/example_setup_teardown.py
[2024-08-06T10:18:55.862+0000] {processor.py:830} INFO - Processing file /home/airflow/.local/lib/python3.12/site-packages/airflow/example_dags/example_setup_teardown.py for tasks to queue
[2024-08-06T10:18:55.865+0000] {logging_mixin.py:188} INFO - [2024-08-06T10:18:55.865+0000] {dagbag.py:545} INFO - Filling up the DagBag from /home/airflow/.local/lib/python3.12/site-packages/airflow/example_dags/example_setup_teardown.py
[2024-08-06T10:18:55.877+0000] {processor.py:840} INFO - DAG(s) 'example_setup_teardown' retrieved from /home/airflow/.local/lib/python3.12/site-packages/airflow/example_dags/example_setup_teardown.py
[2024-08-06T10:18:55.905+0000] {logging_mixin.py:188} INFO - [2024-08-06T10:18:55.905+0000] {dag.py:3089} INFO - Sync 1 DAGs
[2024-08-06T10:18:55.929+0000] {logging_mixin.py:188} INFO - [2024-08-06T10:18:55.929+0000] {dag.py:3947} INFO - Setting next_dagrun for example_setup_teardown to 2024-08-05 00:00:00+00:00, run_after=2024-08-06 00:00:00+00:00
[2024-08-06T10:18:55.951+0000] {processor.py:183} INFO - Processing /home/airflow/.local/lib/python3.12/site-packages/airflow/example_dags/example_setup_teardown.py took 0.102 seconds
[2024-08-06T10:19:27.811+0000] {processor.py:161} INFO - Started process (PID=4358) to work on /home/airflow/.local/lib/python3.12/site-packages/airflow/example_dags/example_setup_teardown.py
[2024-08-06T10:19:27.813+0000] {processor.py:830} INFO - Processing file /home/airflow/.local/lib/python3.12/site-packages/airflow/example_dags/example_setup_teardown.py for tasks to queue
[2024-08-06T10:19:27.816+0000] {logging_mixin.py:188} INFO - [2024-08-06T10:19:27.816+0000] {dagbag.py:545} INFO - Filling up the DagBag from /home/airflow/.local/lib/python3.12/site-packages/airflow/example_dags/example_setup_teardown.py
[2024-08-06T10:19:27.828+0000] {processor.py:840} INFO - DAG(s) 'example_setup_teardown' retrieved from /home/airflow/.local/lib/python3.12/site-packages/airflow/example_dags/example_setup_teardown.py
[2024-08-06T10:19:27.865+0000] {logging_mixin.py:188} INFO - [2024-08-06T10:19:27.864+0000] {dag.py:3089} INFO - Sync 1 DAGs
[2024-08-06T10:19:27.894+0000] {logging_mixin.py:188} INFO - [2024-08-06T10:19:27.894+0000] {dag.py:3947} INFO - Setting next_dagrun for example_setup_teardown to 2024-08-05 00:00:00+00:00, run_after=2024-08-06 00:00:00+00:00
[2024-08-06T10:19:27.927+0000] {processor.py:183} INFO - Processing /home/airflow/.local/lib/python3.12/site-packages/airflow/example_dags/example_setup_teardown.py took 0.126 seconds
[2024-08-06T10:19:58.708+0000] {processor.py:161} INFO - Started process (PID=4423) to work on /home/airflow/.local/lib/python3.12/site-packages/airflow/example_dags/example_setup_teardown.py
[2024-08-06T10:19:58.710+0000] {processor.py:830} INFO - Processing file /home/airflow/.local/lib/python3.12/site-packages/airflow/example_dags/example_setup_teardown.py for tasks to queue
[2024-08-06T10:19:58.714+0000] {logging_mixin.py:188} INFO - [2024-08-06T10:19:58.713+0000] {dagbag.py:545} INFO - Filling up the DagBag from /home/airflow/.local/lib/python3.12/site-packages/airflow/example_dags/example_setup_teardown.py
[2024-08-06T10:19:58.722+0000] {processor.py:840} INFO - DAG(s) 'example_setup_teardown' retrieved from /home/airflow/.local/lib/python3.12/site-packages/airflow/example_dags/example_setup_teardown.py
[2024-08-06T10:19:58.753+0000] {logging_mixin.py:188} INFO - [2024-08-06T10:19:58.753+0000] {dag.py:3089} INFO - Sync 1 DAGs
[2024-08-06T10:19:58.783+0000] {logging_mixin.py:188} INFO - [2024-08-06T10:19:58.782+0000] {dag.py:3947} INFO - Setting next_dagrun for example_setup_teardown to 2024-08-05 00:00:00+00:00, run_after=2024-08-06 00:00:00+00:00
[2024-08-06T10:19:58.815+0000] {processor.py:183} INFO - Processing /home/airflow/.local/lib/python3.12/site-packages/airflow/example_dags/example_setup_teardown.py took 0.115 seconds
[2024-08-06T10:20:29.007+0000] {processor.py:161} INFO - Started process (PID=4488) to work on /home/airflow/.local/lib/python3.12/site-packages/airflow/example_dags/example_setup_teardown.py
[2024-08-06T10:20:29.009+0000] {processor.py:830} INFO - Processing file /home/airflow/.local/lib/python3.12/site-packages/airflow/example_dags/example_setup_teardown.py for tasks to queue
[2024-08-06T10:20:29.012+0000] {logging_mixin.py:188} INFO - [2024-08-06T10:20:29.011+0000] {dagbag.py:545} INFO - Filling up the DagBag from /home/airflow/.local/lib/python3.12/site-packages/airflow/example_dags/example_setup_teardown.py
[2024-08-06T10:20:29.025+0000] {processor.py:840} INFO - DAG(s) 'example_setup_teardown' retrieved from /home/airflow/.local/lib/python3.12/site-packages/airflow/example_dags/example_setup_teardown.py
[2024-08-06T10:20:29.053+0000] {logging_mixin.py:188} INFO - [2024-08-06T10:20:29.052+0000] {dag.py:3089} INFO - Sync 1 DAGs
[2024-08-06T10:20:29.077+0000] {logging_mixin.py:188} INFO - [2024-08-06T10:20:29.077+0000] {dag.py:3947} INFO - Setting next_dagrun for example_setup_teardown to 2024-08-05 00:00:00+00:00, run_after=2024-08-06 00:00:00+00:00
[2024-08-06T10:20:29.106+0000] {processor.py:183} INFO - Processing /home/airflow/.local/lib/python3.12/site-packages/airflow/example_dags/example_setup_teardown.py took 0.105 seconds
[2024-08-06T10:20:59.994+0000] {processor.py:161} INFO - Started process (PID=4553) to work on /home/airflow/.local/lib/python3.12/site-packages/airflow/example_dags/example_setup_teardown.py
[2024-08-06T10:20:59.996+0000] {processor.py:830} INFO - Processing file /home/airflow/.local/lib/python3.12/site-packages/airflow/example_dags/example_setup_teardown.py for tasks to queue
[2024-08-06T10:21:00.000+0000] {logging_mixin.py:188} INFO - [2024-08-06T10:20:59.999+0000] {dagbag.py:545} INFO - Filling up the DagBag from /home/airflow/.local/lib/python3.12/site-packages/airflow/example_dags/example_setup_teardown.py
[2024-08-06T10:21:00.013+0000] {processor.py:840} INFO - DAG(s) 'example_setup_teardown' retrieved from /home/airflow/.local/lib/python3.12/site-packages/airflow/example_dags/example_setup_teardown.py
[2024-08-06T10:21:00.056+0000] {logging_mixin.py:188} INFO - [2024-08-06T10:21:00.055+0000] {dag.py:3089} INFO - Sync 1 DAGs
[2024-08-06T10:21:00.086+0000] {logging_mixin.py:188} INFO - [2024-08-06T10:21:00.085+0000] {dag.py:3947} INFO - Setting next_dagrun for example_setup_teardown to 2024-08-05 00:00:00+00:00, run_after=2024-08-06 00:00:00+00:00
[2024-08-06T10:21:00.118+0000] {processor.py:183} INFO - Processing /home/airflow/.local/lib/python3.12/site-packages/airflow/example_dags/example_setup_teardown.py took 0.136 seconds
[2024-08-06T10:21:32.352+0000] {processor.py:161} INFO - Started process (PID=4618) to work on /home/airflow/.local/lib/python3.12/site-packages/airflow/example_dags/example_setup_teardown.py
[2024-08-06T10:21:32.354+0000] {processor.py:830} INFO - Processing file /home/airflow/.local/lib/python3.12/site-packages/airflow/example_dags/example_setup_teardown.py for tasks to queue
[2024-08-06T10:21:32.356+0000] {logging_mixin.py:188} INFO - [2024-08-06T10:21:32.356+0000] {dagbag.py:545} INFO - Filling up the DagBag from /home/airflow/.local/lib/python3.12/site-packages/airflow/example_dags/example_setup_teardown.py
[2024-08-06T10:21:32.370+0000] {processor.py:840} INFO - DAG(s) 'example_setup_teardown' retrieved from /home/airflow/.local/lib/python3.12/site-packages/airflow/example_dags/example_setup_teardown.py
[2024-08-06T10:21:32.398+0000] {logging_mixin.py:188} INFO - [2024-08-06T10:21:32.397+0000] {dag.py:3089} INFO - Sync 1 DAGs
[2024-08-06T10:21:32.427+0000] {logging_mixin.py:188} INFO - [2024-08-06T10:21:32.426+0000] {dag.py:3947} INFO - Setting next_dagrun for example_setup_teardown to 2024-08-05 00:00:00+00:00, run_after=2024-08-06 00:00:00+00:00
[2024-08-06T10:21:32.452+0000] {processor.py:183} INFO - Processing /home/airflow/.local/lib/python3.12/site-packages/airflow/example_dags/example_setup_teardown.py took 0.106 seconds
[2024-08-06T10:34:14.434+0000] {processor.py:161} INFO - Started process (PID=4685) to work on /home/airflow/.local/lib/python3.12/site-packages/airflow/example_dags/example_setup_teardown.py
[2024-08-06T10:34:14.435+0000] {processor.py:830} INFO - Processing file /home/airflow/.local/lib/python3.12/site-packages/airflow/example_dags/example_setup_teardown.py for tasks to queue
[2024-08-06T10:34:14.438+0000] {logging_mixin.py:188} INFO - [2024-08-06T10:34:14.438+0000] {dagbag.py:545} INFO - Filling up the DagBag from /home/airflow/.local/lib/python3.12/site-packages/airflow/example_dags/example_setup_teardown.py
[2024-08-06T10:34:14.444+0000] {processor.py:840} INFO - DAG(s) 'example_setup_teardown' retrieved from /home/airflow/.local/lib/python3.12/site-packages/airflow/example_dags/example_setup_teardown.py
[2024-08-06T10:34:14.465+0000] {logging_mixin.py:188} INFO - [2024-08-06T10:34:14.464+0000] {dag.py:3089} INFO - Sync 1 DAGs
[2024-08-06T10:34:14.487+0000] {logging_mixin.py:188} INFO - [2024-08-06T10:34:14.487+0000] {dag.py:3947} INFO - Setting next_dagrun for example_setup_teardown to 2024-08-05 00:00:00+00:00, run_after=2024-08-06 00:00:00+00:00
[2024-08-06T10:34:14.526+0000] {processor.py:183} INFO - Processing /home/airflow/.local/lib/python3.12/site-packages/airflow/example_dags/example_setup_teardown.py took 0.097 seconds
