[2024-08-06T09:19:08.792+0000] {processor.py:161} INFO - Started process (PID=52) to work on /home/airflow/.local/lib/python3.12/site-packages/airflow/example_dags/example_task_group.py
[2024-08-06T09:19:08.794+0000] {processor.py:830} INFO - Processing file /home/airflow/.local/lib/python3.12/site-packages/airflow/example_dags/example_task_group.py for tasks to queue
[2024-08-06T09:19:08.796+0000] {logging_mixin.py:188} INFO - [2024-08-06T09:19:08.796+0000] {dagbag.py:545} INFO - Filling up the DagBag from /home/airflow/.local/lib/python3.12/site-packages/airflow/example_dags/example_task_group.py
[2024-08-06T09:19:08.808+0000] {processor.py:840} INFO - DAG(s) 'example_task_group' retrieved from /home/airflow/.local/lib/python3.12/site-packages/airflow/example_dags/example_task_group.py
[2024-08-06T09:19:08.838+0000] {logging_mixin.py:188} INFO - [2024-08-06T09:19:08.837+0000] {dag.py:3089} INFO - Sync 1 DAGs
[2024-08-06T09:19:08.866+0000] {logging_mixin.py:188} INFO - [2024-08-06T09:19:08.865+0000] {dag.py:3947} INFO - Setting next_dagrun for example_task_group to 2024-08-05 00:00:00+00:00, run_after=2024-08-06 00:00:00+00:00
[2024-08-06T09:19:08.889+0000] {processor.py:183} INFO - Processing /home/airflow/.local/lib/python3.12/site-packages/airflow/example_dags/example_task_group.py took 0.104 seconds
[2024-08-06T09:19:40.136+0000] {processor.py:161} INFO - Started process (PID=115) to work on /home/airflow/.local/lib/python3.12/site-packages/airflow/example_dags/example_task_group.py
[2024-08-06T09:19:40.139+0000] {processor.py:830} INFO - Processing file /home/airflow/.local/lib/python3.12/site-packages/airflow/example_dags/example_task_group.py for tasks to queue
[2024-08-06T09:19:40.144+0000] {logging_mixin.py:188} INFO - [2024-08-06T09:19:40.144+0000] {dagbag.py:545} INFO - Filling up the DagBag from /home/airflow/.local/lib/python3.12/site-packages/airflow/example_dags/example_task_group.py
[2024-08-06T09:19:40.161+0000] {processor.py:840} INFO - DAG(s) 'example_task_group' retrieved from /home/airflow/.local/lib/python3.12/site-packages/airflow/example_dags/example_task_group.py
[2024-08-06T09:19:40.200+0000] {logging_mixin.py:188} INFO - [2024-08-06T09:19:40.199+0000] {dag.py:3089} INFO - Sync 1 DAGs
[2024-08-06T09:19:40.242+0000] {logging_mixin.py:188} INFO - [2024-08-06T09:19:40.241+0000] {dag.py:3947} INFO - Setting next_dagrun for example_task_group to 2024-08-05 00:00:00+00:00, run_after=2024-08-06 00:00:00+00:00
[2024-08-06T09:19:40.272+0000] {processor.py:183} INFO - Processing /home/airflow/.local/lib/python3.12/site-packages/airflow/example_dags/example_task_group.py took 0.143 seconds
[2024-08-06T09:20:11.131+0000] {processor.py:161} INFO - Started process (PID=180) to work on /home/airflow/.local/lib/python3.12/site-packages/airflow/example_dags/example_task_group.py
[2024-08-06T09:20:11.133+0000] {processor.py:830} INFO - Processing file /home/airflow/.local/lib/python3.12/site-packages/airflow/example_dags/example_task_group.py for tasks to queue
[2024-08-06T09:20:11.136+0000] {logging_mixin.py:188} INFO - [2024-08-06T09:20:11.135+0000] {dagbag.py:545} INFO - Filling up the DagBag from /home/airflow/.local/lib/python3.12/site-packages/airflow/example_dags/example_task_group.py
[2024-08-06T09:20:11.146+0000] {processor.py:840} INFO - DAG(s) 'example_task_group' retrieved from /home/airflow/.local/lib/python3.12/site-packages/airflow/example_dags/example_task_group.py
[2024-08-06T09:20:11.183+0000] {logging_mixin.py:188} INFO - [2024-08-06T09:20:11.182+0000] {dag.py:3089} INFO - Sync 1 DAGs
[2024-08-06T09:20:11.213+0000] {logging_mixin.py:188} INFO - [2024-08-06T09:20:11.212+0000] {dag.py:3947} INFO - Setting next_dagrun for example_task_group to 2024-08-05 00:00:00+00:00, run_after=2024-08-06 00:00:00+00:00
[2024-08-06T09:20:11.241+0000] {processor.py:183} INFO - Processing /home/airflow/.local/lib/python3.12/site-packages/airflow/example_dags/example_task_group.py took 0.118 seconds
[2024-08-06T09:20:42.036+0000] {processor.py:161} INFO - Started process (PID=245) to work on /home/airflow/.local/lib/python3.12/site-packages/airflow/example_dags/example_task_group.py
[2024-08-06T09:20:42.037+0000] {processor.py:830} INFO - Processing file /home/airflow/.local/lib/python3.12/site-packages/airflow/example_dags/example_task_group.py for tasks to queue
[2024-08-06T09:20:42.040+0000] {logging_mixin.py:188} INFO - [2024-08-06T09:20:42.040+0000] {dagbag.py:545} INFO - Filling up the DagBag from /home/airflow/.local/lib/python3.12/site-packages/airflow/example_dags/example_task_group.py
[2024-08-06T09:20:42.051+0000] {processor.py:840} INFO - DAG(s) 'example_task_group' retrieved from /home/airflow/.local/lib/python3.12/site-packages/airflow/example_dags/example_task_group.py
[2024-08-06T09:20:42.077+0000] {logging_mixin.py:188} INFO - [2024-08-06T09:20:42.077+0000] {dag.py:3089} INFO - Sync 1 DAGs
[2024-08-06T09:20:42.103+0000] {logging_mixin.py:188} INFO - [2024-08-06T09:20:42.103+0000] {dag.py:3947} INFO - Setting next_dagrun for example_task_group to 2024-08-05 00:00:00+00:00, run_after=2024-08-06 00:00:00+00:00
[2024-08-06T09:20:42.129+0000] {processor.py:183} INFO - Processing /home/airflow/.local/lib/python3.12/site-packages/airflow/example_dags/example_task_group.py took 0.101 seconds
[2024-08-06T09:21:13.536+0000] {processor.py:161} INFO - Started process (PID=310) to work on /home/airflow/.local/lib/python3.12/site-packages/airflow/example_dags/example_task_group.py
[2024-08-06T09:21:13.538+0000] {processor.py:830} INFO - Processing file /home/airflow/.local/lib/python3.12/site-packages/airflow/example_dags/example_task_group.py for tasks to queue
[2024-08-06T09:21:13.540+0000] {logging_mixin.py:188} INFO - [2024-08-06T09:21:13.540+0000] {dagbag.py:545} INFO - Filling up the DagBag from /home/airflow/.local/lib/python3.12/site-packages/airflow/example_dags/example_task_group.py
[2024-08-06T09:21:13.553+0000] {processor.py:840} INFO - DAG(s) 'example_task_group' retrieved from /home/airflow/.local/lib/python3.12/site-packages/airflow/example_dags/example_task_group.py
[2024-08-06T09:21:13.584+0000] {logging_mixin.py:188} INFO - [2024-08-06T09:21:13.583+0000] {dag.py:3089} INFO - Sync 1 DAGs
[2024-08-06T09:21:13.613+0000] {logging_mixin.py:188} INFO - [2024-08-06T09:21:13.612+0000] {dag.py:3947} INFO - Setting next_dagrun for example_task_group to 2024-08-05 00:00:00+00:00, run_after=2024-08-06 00:00:00+00:00
[2024-08-06T09:21:13.641+0000] {processor.py:183} INFO - Processing /home/airflow/.local/lib/python3.12/site-packages/airflow/example_dags/example_task_group.py took 0.113 seconds
[2024-08-06T09:21:44.397+0000] {processor.py:161} INFO - Started process (PID=375) to work on /home/airflow/.local/lib/python3.12/site-packages/airflow/example_dags/example_task_group.py
[2024-08-06T09:21:44.398+0000] {processor.py:830} INFO - Processing file /home/airflow/.local/lib/python3.12/site-packages/airflow/example_dags/example_task_group.py for tasks to queue
[2024-08-06T09:21:44.400+0000] {logging_mixin.py:188} INFO - [2024-08-06T09:21:44.400+0000] {dagbag.py:545} INFO - Filling up the DagBag from /home/airflow/.local/lib/python3.12/site-packages/airflow/example_dags/example_task_group.py
[2024-08-06T09:21:44.410+0000] {processor.py:840} INFO - DAG(s) 'example_task_group' retrieved from /home/airflow/.local/lib/python3.12/site-packages/airflow/example_dags/example_task_group.py
[2024-08-06T09:21:44.437+0000] {logging_mixin.py:188} INFO - [2024-08-06T09:21:44.436+0000] {dag.py:3089} INFO - Sync 1 DAGs
[2024-08-06T09:21:44.466+0000] {logging_mixin.py:188} INFO - [2024-08-06T09:21:44.466+0000] {dag.py:3947} INFO - Setting next_dagrun for example_task_group to 2024-08-05 00:00:00+00:00, run_after=2024-08-06 00:00:00+00:00
[2024-08-06T09:21:44.492+0000] {processor.py:183} INFO - Processing /home/airflow/.local/lib/python3.12/site-packages/airflow/example_dags/example_task_group.py took 0.103 seconds
[2024-08-06T09:22:15.870+0000] {processor.py:161} INFO - Started process (PID=440) to work on /home/airflow/.local/lib/python3.12/site-packages/airflow/example_dags/example_task_group.py
[2024-08-06T09:22:15.872+0000] {processor.py:830} INFO - Processing file /home/airflow/.local/lib/python3.12/site-packages/airflow/example_dags/example_task_group.py for tasks to queue
[2024-08-06T09:22:15.875+0000] {logging_mixin.py:188} INFO - [2024-08-06T09:22:15.875+0000] {dagbag.py:545} INFO - Filling up the DagBag from /home/airflow/.local/lib/python3.12/site-packages/airflow/example_dags/example_task_group.py
[2024-08-06T09:22:15.888+0000] {processor.py:840} INFO - DAG(s) 'example_task_group' retrieved from /home/airflow/.local/lib/python3.12/site-packages/airflow/example_dags/example_task_group.py
[2024-08-06T09:22:15.917+0000] {logging_mixin.py:188} INFO - [2024-08-06T09:22:15.917+0000] {dag.py:3089} INFO - Sync 1 DAGs
[2024-08-06T09:22:15.943+0000] {logging_mixin.py:188} INFO - [2024-08-06T09:22:15.943+0000] {dag.py:3947} INFO - Setting next_dagrun for example_task_group to 2024-08-05 00:00:00+00:00, run_after=2024-08-06 00:00:00+00:00
[2024-08-06T09:22:15.981+0000] {processor.py:183} INFO - Processing /home/airflow/.local/lib/python3.12/site-packages/airflow/example_dags/example_task_group.py took 0.121 seconds
[2024-08-06T09:22:47.469+0000] {processor.py:161} INFO - Started process (PID=505) to work on /home/airflow/.local/lib/python3.12/site-packages/airflow/example_dags/example_task_group.py
[2024-08-06T09:22:47.471+0000] {processor.py:830} INFO - Processing file /home/airflow/.local/lib/python3.12/site-packages/airflow/example_dags/example_task_group.py for tasks to queue
[2024-08-06T09:22:47.473+0000] {logging_mixin.py:188} INFO - [2024-08-06T09:22:47.473+0000] {dagbag.py:545} INFO - Filling up the DagBag from /home/airflow/.local/lib/python3.12/site-packages/airflow/example_dags/example_task_group.py
[2024-08-06T09:22:47.481+0000] {processor.py:840} INFO - DAG(s) 'example_task_group' retrieved from /home/airflow/.local/lib/python3.12/site-packages/airflow/example_dags/example_task_group.py
[2024-08-06T09:22:47.508+0000] {logging_mixin.py:188} INFO - [2024-08-06T09:22:47.507+0000] {dag.py:3089} INFO - Sync 1 DAGs
[2024-08-06T09:22:47.535+0000] {logging_mixin.py:188} INFO - [2024-08-06T09:22:47.535+0000] {dag.py:3947} INFO - Setting next_dagrun for example_task_group to 2024-08-05 00:00:00+00:00, run_after=2024-08-06 00:00:00+00:00
[2024-08-06T09:22:47.571+0000] {processor.py:183} INFO - Processing /home/airflow/.local/lib/python3.12/site-packages/airflow/example_dags/example_task_group.py took 0.109 seconds
[2024-08-06T09:23:18.748+0000] {processor.py:161} INFO - Started process (PID=570) to work on /home/airflow/.local/lib/python3.12/site-packages/airflow/example_dags/example_task_group.py
[2024-08-06T09:23:18.750+0000] {processor.py:830} INFO - Processing file /home/airflow/.local/lib/python3.12/site-packages/airflow/example_dags/example_task_group.py for tasks to queue
[2024-08-06T09:23:18.753+0000] {logging_mixin.py:188} INFO - [2024-08-06T09:23:18.752+0000] {dagbag.py:545} INFO - Filling up the DagBag from /home/airflow/.local/lib/python3.12/site-packages/airflow/example_dags/example_task_group.py
[2024-08-06T09:23:18.765+0000] {processor.py:840} INFO - DAG(s) 'example_task_group' retrieved from /home/airflow/.local/lib/python3.12/site-packages/airflow/example_dags/example_task_group.py
[2024-08-06T09:23:18.796+0000] {logging_mixin.py:188} INFO - [2024-08-06T09:23:18.796+0000] {dag.py:3089} INFO - Sync 1 DAGs
[2024-08-06T09:23:18.826+0000] {logging_mixin.py:188} INFO - [2024-08-06T09:23:18.826+0000] {dag.py:3947} INFO - Setting next_dagrun for example_task_group to 2024-08-05 00:00:00+00:00, run_after=2024-08-06 00:00:00+00:00
[2024-08-06T09:23:18.849+0000] {processor.py:183} INFO - Processing /home/airflow/.local/lib/python3.12/site-packages/airflow/example_dags/example_task_group.py took 0.110 seconds
[2024-08-06T09:23:50.289+0000] {processor.py:161} INFO - Started process (PID=635) to work on /home/airflow/.local/lib/python3.12/site-packages/airflow/example_dags/example_task_group.py
[2024-08-06T09:23:50.290+0000] {processor.py:830} INFO - Processing file /home/airflow/.local/lib/python3.12/site-packages/airflow/example_dags/example_task_group.py for tasks to queue
[2024-08-06T09:23:50.292+0000] {logging_mixin.py:188} INFO - [2024-08-06T09:23:50.292+0000] {dagbag.py:545} INFO - Filling up the DagBag from /home/airflow/.local/lib/python3.12/site-packages/airflow/example_dags/example_task_group.py
[2024-08-06T09:23:50.301+0000] {processor.py:840} INFO - DAG(s) 'example_task_group' retrieved from /home/airflow/.local/lib/python3.12/site-packages/airflow/example_dags/example_task_group.py
[2024-08-06T09:23:50.325+0000] {logging_mixin.py:188} INFO - [2024-08-06T09:23:50.325+0000] {dag.py:3089} INFO - Sync 1 DAGs
[2024-08-06T09:23:50.359+0000] {logging_mixin.py:188} INFO - [2024-08-06T09:23:50.359+0000] {dag.py:3947} INFO - Setting next_dagrun for example_task_group to 2024-08-05 00:00:00+00:00, run_after=2024-08-06 00:00:00+00:00
[2024-08-06T09:23:50.379+0000] {processor.py:183} INFO - Processing /home/airflow/.local/lib/python3.12/site-packages/airflow/example_dags/example_task_group.py took 0.097 seconds
[2024-08-06T09:24:21.848+0000] {processor.py:161} INFO - Started process (PID=706) to work on /home/airflow/.local/lib/python3.12/site-packages/airflow/example_dags/example_task_group.py
[2024-08-06T09:24:21.849+0000] {processor.py:830} INFO - Processing file /home/airflow/.local/lib/python3.12/site-packages/airflow/example_dags/example_task_group.py for tasks to queue
[2024-08-06T09:24:21.852+0000] {logging_mixin.py:188} INFO - [2024-08-06T09:24:21.852+0000] {dagbag.py:545} INFO - Filling up the DagBag from /home/airflow/.local/lib/python3.12/site-packages/airflow/example_dags/example_task_group.py
[2024-08-06T09:24:21.860+0000] {processor.py:840} INFO - DAG(s) 'example_task_group' retrieved from /home/airflow/.local/lib/python3.12/site-packages/airflow/example_dags/example_task_group.py
[2024-08-06T09:24:21.884+0000] {logging_mixin.py:188} INFO - [2024-08-06T09:24:21.884+0000] {dag.py:3089} INFO - Sync 1 DAGs
[2024-08-06T09:24:21.908+0000] {logging_mixin.py:188} INFO - [2024-08-06T09:24:21.908+0000] {dag.py:3947} INFO - Setting next_dagrun for example_task_group to 2024-08-05 00:00:00+00:00, run_after=2024-08-06 00:00:00+00:00
[2024-08-06T09:24:21.933+0000] {processor.py:183} INFO - Processing /home/airflow/.local/lib/python3.12/site-packages/airflow/example_dags/example_task_group.py took 0.093 seconds
[2024-08-06T09:24:53.230+0000] {processor.py:161} INFO - Started process (PID=771) to work on /home/airflow/.local/lib/python3.12/site-packages/airflow/example_dags/example_task_group.py
[2024-08-06T09:24:53.232+0000] {processor.py:830} INFO - Processing file /home/airflow/.local/lib/python3.12/site-packages/airflow/example_dags/example_task_group.py for tasks to queue
[2024-08-06T09:24:53.234+0000] {logging_mixin.py:188} INFO - [2024-08-06T09:24:53.234+0000] {dagbag.py:545} INFO - Filling up the DagBag from /home/airflow/.local/lib/python3.12/site-packages/airflow/example_dags/example_task_group.py
[2024-08-06T09:24:53.242+0000] {processor.py:840} INFO - DAG(s) 'example_task_group' retrieved from /home/airflow/.local/lib/python3.12/site-packages/airflow/example_dags/example_task_group.py
[2024-08-06T09:24:53.270+0000] {logging_mixin.py:188} INFO - [2024-08-06T09:24:53.270+0000] {dag.py:3089} INFO - Sync 1 DAGs
[2024-08-06T09:24:53.297+0000] {logging_mixin.py:188} INFO - [2024-08-06T09:24:53.297+0000] {dag.py:3947} INFO - Setting next_dagrun for example_task_group to 2024-08-05 00:00:00+00:00, run_after=2024-08-06 00:00:00+00:00
[2024-08-06T09:24:53.318+0000] {processor.py:183} INFO - Processing /home/airflow/.local/lib/python3.12/site-packages/airflow/example_dags/example_task_group.py took 0.095 seconds
[2024-08-06T09:25:24.750+0000] {processor.py:161} INFO - Started process (PID=837) to work on /home/airflow/.local/lib/python3.12/site-packages/airflow/example_dags/example_task_group.py
[2024-08-06T09:25:24.751+0000] {processor.py:830} INFO - Processing file /home/airflow/.local/lib/python3.12/site-packages/airflow/example_dags/example_task_group.py for tasks to queue
[2024-08-06T09:25:24.754+0000] {logging_mixin.py:188} INFO - [2024-08-06T09:25:24.754+0000] {dagbag.py:545} INFO - Filling up the DagBag from /home/airflow/.local/lib/python3.12/site-packages/airflow/example_dags/example_task_group.py
[2024-08-06T09:25:24.765+0000] {processor.py:840} INFO - DAG(s) 'example_task_group' retrieved from /home/airflow/.local/lib/python3.12/site-packages/airflow/example_dags/example_task_group.py
[2024-08-06T09:25:24.794+0000] {logging_mixin.py:188} INFO - [2024-08-06T09:25:24.793+0000] {dag.py:3089} INFO - Sync 1 DAGs
[2024-08-06T09:25:24.821+0000] {logging_mixin.py:188} INFO - [2024-08-06T09:25:24.820+0000] {dag.py:3947} INFO - Setting next_dagrun for example_task_group to 2024-08-05 00:00:00+00:00, run_after=2024-08-06 00:00:00+00:00
[2024-08-06T09:25:24.848+0000] {processor.py:183} INFO - Processing /home/airflow/.local/lib/python3.12/site-packages/airflow/example_dags/example_task_group.py took 0.105 seconds
[2024-08-06T09:25:55.811+0000] {processor.py:161} INFO - Started process (PID=902) to work on /home/airflow/.local/lib/python3.12/site-packages/airflow/example_dags/example_task_group.py
[2024-08-06T09:25:55.812+0000] {processor.py:830} INFO - Processing file /home/airflow/.local/lib/python3.12/site-packages/airflow/example_dags/example_task_group.py for tasks to queue
[2024-08-06T09:25:55.815+0000] {logging_mixin.py:188} INFO - [2024-08-06T09:25:55.815+0000] {dagbag.py:545} INFO - Filling up the DagBag from /home/airflow/.local/lib/python3.12/site-packages/airflow/example_dags/example_task_group.py
[2024-08-06T09:25:55.823+0000] {processor.py:840} INFO - DAG(s) 'example_task_group' retrieved from /home/airflow/.local/lib/python3.12/site-packages/airflow/example_dags/example_task_group.py
[2024-08-06T09:25:55.847+0000] {logging_mixin.py:188} INFO - [2024-08-06T09:25:55.847+0000] {dag.py:3089} INFO - Sync 1 DAGs
[2024-08-06T09:25:55.871+0000] {logging_mixin.py:188} INFO - [2024-08-06T09:25:55.870+0000] {dag.py:3947} INFO - Setting next_dagrun for example_task_group to 2024-08-05 00:00:00+00:00, run_after=2024-08-06 00:00:00+00:00
[2024-08-06T09:25:55.892+0000] {processor.py:183} INFO - Processing /home/airflow/.local/lib/python3.12/site-packages/airflow/example_dags/example_task_group.py took 0.088 seconds
[2024-08-06T09:26:26.995+0000] {processor.py:161} INFO - Started process (PID=967) to work on /home/airflow/.local/lib/python3.12/site-packages/airflow/example_dags/example_task_group.py
[2024-08-06T09:26:26.997+0000] {processor.py:830} INFO - Processing file /home/airflow/.local/lib/python3.12/site-packages/airflow/example_dags/example_task_group.py for tasks to queue
[2024-08-06T09:26:27.000+0000] {logging_mixin.py:188} INFO - [2024-08-06T09:26:26.999+0000] {dagbag.py:545} INFO - Filling up the DagBag from /home/airflow/.local/lib/python3.12/site-packages/airflow/example_dags/example_task_group.py
[2024-08-06T09:26:27.009+0000] {processor.py:840} INFO - DAG(s) 'example_task_group' retrieved from /home/airflow/.local/lib/python3.12/site-packages/airflow/example_dags/example_task_group.py
[2024-08-06T09:26:27.035+0000] {logging_mixin.py:188} INFO - [2024-08-06T09:26:27.035+0000] {dag.py:3089} INFO - Sync 1 DAGs
[2024-08-06T09:26:27.061+0000] {logging_mixin.py:188} INFO - [2024-08-06T09:26:27.061+0000] {dag.py:3947} INFO - Setting next_dagrun for example_task_group to 2024-08-05 00:00:00+00:00, run_after=2024-08-06 00:00:00+00:00
[2024-08-06T09:26:27.090+0000] {processor.py:183} INFO - Processing /home/airflow/.local/lib/python3.12/site-packages/airflow/example_dags/example_task_group.py took 0.103 seconds
[2024-08-06T09:26:58.316+0000] {processor.py:161} INFO - Started process (PID=1032) to work on /home/airflow/.local/lib/python3.12/site-packages/airflow/example_dags/example_task_group.py
[2024-08-06T09:26:58.318+0000] {processor.py:830} INFO - Processing file /home/airflow/.local/lib/python3.12/site-packages/airflow/example_dags/example_task_group.py for tasks to queue
[2024-08-06T09:26:58.324+0000] {logging_mixin.py:188} INFO - [2024-08-06T09:26:58.324+0000] {dagbag.py:545} INFO - Filling up the DagBag from /home/airflow/.local/lib/python3.12/site-packages/airflow/example_dags/example_task_group.py
[2024-08-06T09:26:58.334+0000] {processor.py:840} INFO - DAG(s) 'example_task_group' retrieved from /home/airflow/.local/lib/python3.12/site-packages/airflow/example_dags/example_task_group.py
[2024-08-06T09:26:58.356+0000] {logging_mixin.py:188} INFO - [2024-08-06T09:26:58.356+0000] {dag.py:3089} INFO - Sync 1 DAGs
[2024-08-06T09:26:58.379+0000] {logging_mixin.py:188} INFO - [2024-08-06T09:26:58.379+0000] {dag.py:3947} INFO - Setting next_dagrun for example_task_group to 2024-08-05 00:00:00+00:00, run_after=2024-08-06 00:00:00+00:00
[2024-08-06T09:26:58.401+0000] {processor.py:183} INFO - Processing /home/airflow/.local/lib/python3.12/site-packages/airflow/example_dags/example_task_group.py took 0.094 seconds
[2024-08-06T09:27:29.841+0000] {processor.py:161} INFO - Started process (PID=1097) to work on /home/airflow/.local/lib/python3.12/site-packages/airflow/example_dags/example_task_group.py
[2024-08-06T09:27:29.847+0000] {processor.py:830} INFO - Processing file /home/airflow/.local/lib/python3.12/site-packages/airflow/example_dags/example_task_group.py for tasks to queue
[2024-08-06T09:27:29.850+0000] {logging_mixin.py:188} INFO - [2024-08-06T09:27:29.849+0000] {dagbag.py:545} INFO - Filling up the DagBag from /home/airflow/.local/lib/python3.12/site-packages/airflow/example_dags/example_task_group.py
[2024-08-06T09:27:29.860+0000] {processor.py:840} INFO - DAG(s) 'example_task_group' retrieved from /home/airflow/.local/lib/python3.12/site-packages/airflow/example_dags/example_task_group.py
[2024-08-06T09:27:29.890+0000] {logging_mixin.py:188} INFO - [2024-08-06T09:27:29.890+0000] {dag.py:3089} INFO - Sync 1 DAGs
[2024-08-06T09:27:29.917+0000] {logging_mixin.py:188} INFO - [2024-08-06T09:27:29.916+0000] {dag.py:3947} INFO - Setting next_dagrun for example_task_group to 2024-08-05 00:00:00+00:00, run_after=2024-08-06 00:00:00+00:00
[2024-08-06T09:27:29.945+0000] {processor.py:183} INFO - Processing /home/airflow/.local/lib/python3.12/site-packages/airflow/example_dags/example_task_group.py took 0.112 seconds
[2024-08-06T09:28:01.093+0000] {processor.py:161} INFO - Started process (PID=1162) to work on /home/airflow/.local/lib/python3.12/site-packages/airflow/example_dags/example_task_group.py
[2024-08-06T09:28:01.095+0000] {processor.py:830} INFO - Processing file /home/airflow/.local/lib/python3.12/site-packages/airflow/example_dags/example_task_group.py for tasks to queue
[2024-08-06T09:28:01.097+0000] {logging_mixin.py:188} INFO - [2024-08-06T09:28:01.097+0000] {dagbag.py:545} INFO - Filling up the DagBag from /home/airflow/.local/lib/python3.12/site-packages/airflow/example_dags/example_task_group.py
[2024-08-06T09:28:01.105+0000] {processor.py:840} INFO - DAG(s) 'example_task_group' retrieved from /home/airflow/.local/lib/python3.12/site-packages/airflow/example_dags/example_task_group.py
[2024-08-06T09:28:01.129+0000] {logging_mixin.py:188} INFO - [2024-08-06T09:28:01.129+0000] {dag.py:3089} INFO - Sync 1 DAGs
[2024-08-06T09:28:01.157+0000] {logging_mixin.py:188} INFO - [2024-08-06T09:28:01.157+0000] {dag.py:3947} INFO - Setting next_dagrun for example_task_group to 2024-08-05 00:00:00+00:00, run_after=2024-08-06 00:00:00+00:00
[2024-08-06T09:28:01.180+0000] {processor.py:183} INFO - Processing /home/airflow/.local/lib/python3.12/site-packages/airflow/example_dags/example_task_group.py took 0.094 seconds
[2024-08-06T09:28:32.990+0000] {processor.py:161} INFO - Started process (PID=1227) to work on /home/airflow/.local/lib/python3.12/site-packages/airflow/example_dags/example_task_group.py
[2024-08-06T09:28:33.002+0000] {processor.py:830} INFO - Processing file /home/airflow/.local/lib/python3.12/site-packages/airflow/example_dags/example_task_group.py for tasks to queue
[2024-08-06T09:28:33.008+0000] {logging_mixin.py:188} INFO - [2024-08-06T09:28:33.007+0000] {dagbag.py:545} INFO - Filling up the DagBag from /home/airflow/.local/lib/python3.12/site-packages/airflow/example_dags/example_task_group.py
[2024-08-06T09:28:33.022+0000] {processor.py:840} INFO - DAG(s) 'example_task_group' retrieved from /home/airflow/.local/lib/python3.12/site-packages/airflow/example_dags/example_task_group.py
[2024-08-06T09:28:33.061+0000] {logging_mixin.py:188} INFO - [2024-08-06T09:28:33.061+0000] {dag.py:3089} INFO - Sync 1 DAGs
[2024-08-06T09:28:33.099+0000] {logging_mixin.py:188} INFO - [2024-08-06T09:28:33.099+0000] {dag.py:3947} INFO - Setting next_dagrun for example_task_group to 2024-08-05 00:00:00+00:00, run_after=2024-08-06 00:00:00+00:00
[2024-08-06T09:28:33.126+0000] {processor.py:183} INFO - Processing /home/airflow/.local/lib/python3.12/site-packages/airflow/example_dags/example_task_group.py took 0.147 seconds
[2024-08-06T09:29:03.968+0000] {processor.py:161} INFO - Started process (PID=1292) to work on /home/airflow/.local/lib/python3.12/site-packages/airflow/example_dags/example_task_group.py
[2024-08-06T09:29:03.969+0000] {processor.py:830} INFO - Processing file /home/airflow/.local/lib/python3.12/site-packages/airflow/example_dags/example_task_group.py for tasks to queue
[2024-08-06T09:29:03.972+0000] {logging_mixin.py:188} INFO - [2024-08-06T09:29:03.971+0000] {dagbag.py:545} INFO - Filling up the DagBag from /home/airflow/.local/lib/python3.12/site-packages/airflow/example_dags/example_task_group.py
[2024-08-06T09:29:03.988+0000] {processor.py:840} INFO - DAG(s) 'example_task_group' retrieved from /home/airflow/.local/lib/python3.12/site-packages/airflow/example_dags/example_task_group.py
[2024-08-06T09:29:04.011+0000] {logging_mixin.py:188} INFO - [2024-08-06T09:29:04.011+0000] {dag.py:3089} INFO - Sync 1 DAGs
[2024-08-06T09:29:04.035+0000] {logging_mixin.py:188} INFO - [2024-08-06T09:29:04.034+0000] {dag.py:3947} INFO - Setting next_dagrun for example_task_group to 2024-08-05 00:00:00+00:00, run_after=2024-08-06 00:00:00+00:00
[2024-08-06T09:29:04.061+0000] {processor.py:183} INFO - Processing /home/airflow/.local/lib/python3.12/site-packages/airflow/example_dags/example_task_group.py took 0.099 seconds
[2024-08-06T09:29:35.908+0000] {processor.py:161} INFO - Started process (PID=1357) to work on /home/airflow/.local/lib/python3.12/site-packages/airflow/example_dags/example_task_group.py
[2024-08-06T09:29:35.911+0000] {processor.py:830} INFO - Processing file /home/airflow/.local/lib/python3.12/site-packages/airflow/example_dags/example_task_group.py for tasks to queue
[2024-08-06T09:29:35.914+0000] {logging_mixin.py:188} INFO - [2024-08-06T09:29:35.913+0000] {dagbag.py:545} INFO - Filling up the DagBag from /home/airflow/.local/lib/python3.12/site-packages/airflow/example_dags/example_task_group.py
[2024-08-06T09:29:35.923+0000] {processor.py:840} INFO - DAG(s) 'example_task_group' retrieved from /home/airflow/.local/lib/python3.12/site-packages/airflow/example_dags/example_task_group.py
[2024-08-06T09:29:35.962+0000] {logging_mixin.py:188} INFO - [2024-08-06T09:29:35.962+0000] {dag.py:3089} INFO - Sync 1 DAGs
[2024-08-06T09:29:35.991+0000] {logging_mixin.py:188} INFO - [2024-08-06T09:29:35.991+0000] {dag.py:3947} INFO - Setting next_dagrun for example_task_group to 2024-08-05 00:00:00+00:00, run_after=2024-08-06 00:00:00+00:00
[2024-08-06T09:29:36.017+0000] {processor.py:183} INFO - Processing /home/airflow/.local/lib/python3.12/site-packages/airflow/example_dags/example_task_group.py took 0.123 seconds
[2024-08-06T09:30:07.258+0000] {processor.py:161} INFO - Started process (PID=1422) to work on /home/airflow/.local/lib/python3.12/site-packages/airflow/example_dags/example_task_group.py
[2024-08-06T09:30:07.260+0000] {processor.py:830} INFO - Processing file /home/airflow/.local/lib/python3.12/site-packages/airflow/example_dags/example_task_group.py for tasks to queue
[2024-08-06T09:30:07.262+0000] {logging_mixin.py:188} INFO - [2024-08-06T09:30:07.262+0000] {dagbag.py:545} INFO - Filling up the DagBag from /home/airflow/.local/lib/python3.12/site-packages/airflow/example_dags/example_task_group.py
[2024-08-06T09:30:07.271+0000] {processor.py:840} INFO - DAG(s) 'example_task_group' retrieved from /home/airflow/.local/lib/python3.12/site-packages/airflow/example_dags/example_task_group.py
[2024-08-06T09:30:07.307+0000] {logging_mixin.py:188} INFO - [2024-08-06T09:30:07.307+0000] {dag.py:3089} INFO - Sync 1 DAGs
[2024-08-06T09:30:07.331+0000] {logging_mixin.py:188} INFO - [2024-08-06T09:30:07.331+0000] {dag.py:3947} INFO - Setting next_dagrun for example_task_group to 2024-08-05 00:00:00+00:00, run_after=2024-08-06 00:00:00+00:00
[2024-08-06T09:30:07.359+0000] {processor.py:183} INFO - Processing /home/airflow/.local/lib/python3.12/site-packages/airflow/example_dags/example_task_group.py took 0.111 seconds
[2024-08-06T09:30:37.827+0000] {processor.py:161} INFO - Started process (PID=1488) to work on /home/airflow/.local/lib/python3.12/site-packages/airflow/example_dags/example_task_group.py
[2024-08-06T09:30:37.829+0000] {processor.py:830} INFO - Processing file /home/airflow/.local/lib/python3.12/site-packages/airflow/example_dags/example_task_group.py for tasks to queue
[2024-08-06T09:30:37.831+0000] {logging_mixin.py:188} INFO - [2024-08-06T09:30:37.831+0000] {dagbag.py:545} INFO - Filling up the DagBag from /home/airflow/.local/lib/python3.12/site-packages/airflow/example_dags/example_task_group.py
[2024-08-06T09:30:37.840+0000] {processor.py:840} INFO - DAG(s) 'example_task_group' retrieved from /home/airflow/.local/lib/python3.12/site-packages/airflow/example_dags/example_task_group.py
[2024-08-06T09:30:37.866+0000] {logging_mixin.py:188} INFO - [2024-08-06T09:30:37.866+0000] {dag.py:3089} INFO - Sync 1 DAGs
[2024-08-06T09:30:37.890+0000] {logging_mixin.py:188} INFO - [2024-08-06T09:30:37.890+0000] {dag.py:3947} INFO - Setting next_dagrun for example_task_group to 2024-08-05 00:00:00+00:00, run_after=2024-08-06 00:00:00+00:00
[2024-08-06T09:30:37.916+0000] {processor.py:183} INFO - Processing /home/airflow/.local/lib/python3.12/site-packages/airflow/example_dags/example_task_group.py took 0.095 seconds
[2024-08-06T09:31:10.141+0000] {processor.py:161} INFO - Started process (PID=1553) to work on /home/airflow/.local/lib/python3.12/site-packages/airflow/example_dags/example_task_group.py
[2024-08-06T09:31:10.142+0000] {processor.py:830} INFO - Processing file /home/airflow/.local/lib/python3.12/site-packages/airflow/example_dags/example_task_group.py for tasks to queue
[2024-08-06T09:31:10.145+0000] {logging_mixin.py:188} INFO - [2024-08-06T09:31:10.144+0000] {dagbag.py:545} INFO - Filling up the DagBag from /home/airflow/.local/lib/python3.12/site-packages/airflow/example_dags/example_task_group.py
[2024-08-06T09:31:10.155+0000] {processor.py:840} INFO - DAG(s) 'example_task_group' retrieved from /home/airflow/.local/lib/python3.12/site-packages/airflow/example_dags/example_task_group.py
[2024-08-06T09:31:10.181+0000] {logging_mixin.py:188} INFO - [2024-08-06T09:31:10.181+0000] {dag.py:3089} INFO - Sync 1 DAGs
[2024-08-06T09:31:10.206+0000] {logging_mixin.py:188} INFO - [2024-08-06T09:31:10.205+0000] {dag.py:3947} INFO - Setting next_dagrun for example_task_group to 2024-08-05 00:00:00+00:00, run_after=2024-08-06 00:00:00+00:00
[2024-08-06T09:31:10.228+0000] {processor.py:183} INFO - Processing /home/airflow/.local/lib/python3.12/site-packages/airflow/example_dags/example_task_group.py took 0.095 seconds
[2024-08-06T09:31:41.410+0000] {processor.py:161} INFO - Started process (PID=1618) to work on /home/airflow/.local/lib/python3.12/site-packages/airflow/example_dags/example_task_group.py
[2024-08-06T09:31:41.412+0000] {processor.py:830} INFO - Processing file /home/airflow/.local/lib/python3.12/site-packages/airflow/example_dags/example_task_group.py for tasks to queue
[2024-08-06T09:31:41.414+0000] {logging_mixin.py:188} INFO - [2024-08-06T09:31:41.414+0000] {dagbag.py:545} INFO - Filling up the DagBag from /home/airflow/.local/lib/python3.12/site-packages/airflow/example_dags/example_task_group.py
[2024-08-06T09:31:41.422+0000] {processor.py:840} INFO - DAG(s) 'example_task_group' retrieved from /home/airflow/.local/lib/python3.12/site-packages/airflow/example_dags/example_task_group.py
[2024-08-06T09:31:41.447+0000] {logging_mixin.py:188} INFO - [2024-08-06T09:31:41.446+0000] {dag.py:3089} INFO - Sync 1 DAGs
[2024-08-06T09:31:41.473+0000] {logging_mixin.py:188} INFO - [2024-08-06T09:31:41.472+0000] {dag.py:3947} INFO - Setting next_dagrun for example_task_group to 2024-08-05 00:00:00+00:00, run_after=2024-08-06 00:00:00+00:00
[2024-08-06T09:31:41.494+0000] {processor.py:183} INFO - Processing /home/airflow/.local/lib/python3.12/site-packages/airflow/example_dags/example_task_group.py took 0.091 seconds
[2024-08-06T09:32:12.234+0000] {processor.py:161} INFO - Started process (PID=1683) to work on /home/airflow/.local/lib/python3.12/site-packages/airflow/example_dags/example_task_group.py
[2024-08-06T09:32:12.238+0000] {processor.py:830} INFO - Processing file /home/airflow/.local/lib/python3.12/site-packages/airflow/example_dags/example_task_group.py for tasks to queue
[2024-08-06T09:32:12.242+0000] {logging_mixin.py:188} INFO - [2024-08-06T09:32:12.241+0000] {dagbag.py:545} INFO - Filling up the DagBag from /home/airflow/.local/lib/python3.12/site-packages/airflow/example_dags/example_task_group.py
[2024-08-06T09:32:12.250+0000] {processor.py:840} INFO - DAG(s) 'example_task_group' retrieved from /home/airflow/.local/lib/python3.12/site-packages/airflow/example_dags/example_task_group.py
[2024-08-06T09:32:12.274+0000] {logging_mixin.py:188} INFO - [2024-08-06T09:32:12.274+0000] {dag.py:3089} INFO - Sync 1 DAGs
[2024-08-06T09:32:12.298+0000] {logging_mixin.py:188} INFO - [2024-08-06T09:32:12.298+0000] {dag.py:3947} INFO - Setting next_dagrun for example_task_group to 2024-08-05 00:00:00+00:00, run_after=2024-08-06 00:00:00+00:00
[2024-08-06T09:32:12.330+0000] {processor.py:183} INFO - Processing /home/airflow/.local/lib/python3.12/site-packages/airflow/example_dags/example_task_group.py took 0.103 seconds
[2024-08-06T09:32:44.015+0000] {processor.py:161} INFO - Started process (PID=1748) to work on /home/airflow/.local/lib/python3.12/site-packages/airflow/example_dags/example_task_group.py
[2024-08-06T09:32:44.017+0000] {processor.py:830} INFO - Processing file /home/airflow/.local/lib/python3.12/site-packages/airflow/example_dags/example_task_group.py for tasks to queue
[2024-08-06T09:32:44.020+0000] {logging_mixin.py:188} INFO - [2024-08-06T09:32:44.019+0000] {dagbag.py:545} INFO - Filling up the DagBag from /home/airflow/.local/lib/python3.12/site-packages/airflow/example_dags/example_task_group.py
[2024-08-06T09:32:44.031+0000] {processor.py:840} INFO - DAG(s) 'example_task_group' retrieved from /home/airflow/.local/lib/python3.12/site-packages/airflow/example_dags/example_task_group.py
[2024-08-06T09:32:44.061+0000] {logging_mixin.py:188} INFO - [2024-08-06T09:32:44.061+0000] {dag.py:3089} INFO - Sync 1 DAGs
[2024-08-06T09:32:44.087+0000] {logging_mixin.py:188} INFO - [2024-08-06T09:32:44.086+0000] {dag.py:3947} INFO - Setting next_dagrun for example_task_group to 2024-08-05 00:00:00+00:00, run_after=2024-08-06 00:00:00+00:00
[2024-08-06T09:32:44.116+0000] {processor.py:183} INFO - Processing /home/airflow/.local/lib/python3.12/site-packages/airflow/example_dags/example_task_group.py took 0.110 seconds
[2024-08-06T09:33:15.098+0000] {processor.py:161} INFO - Started process (PID=1813) to work on /home/airflow/.local/lib/python3.12/site-packages/airflow/example_dags/example_task_group.py
[2024-08-06T09:33:15.099+0000] {processor.py:830} INFO - Processing file /home/airflow/.local/lib/python3.12/site-packages/airflow/example_dags/example_task_group.py for tasks to queue
[2024-08-06T09:33:15.101+0000] {logging_mixin.py:188} INFO - [2024-08-06T09:33:15.101+0000] {dagbag.py:545} INFO - Filling up the DagBag from /home/airflow/.local/lib/python3.12/site-packages/airflow/example_dags/example_task_group.py
[2024-08-06T09:33:15.110+0000] {processor.py:840} INFO - DAG(s) 'example_task_group' retrieved from /home/airflow/.local/lib/python3.12/site-packages/airflow/example_dags/example_task_group.py
[2024-08-06T09:33:15.138+0000] {logging_mixin.py:188} INFO - [2024-08-06T09:33:15.138+0000] {dag.py:3089} INFO - Sync 1 DAGs
[2024-08-06T09:33:15.165+0000] {logging_mixin.py:188} INFO - [2024-08-06T09:33:15.164+0000] {dag.py:3947} INFO - Setting next_dagrun for example_task_group to 2024-08-05 00:00:00+00:00, run_after=2024-08-06 00:00:00+00:00
[2024-08-06T09:33:15.189+0000] {processor.py:183} INFO - Processing /home/airflow/.local/lib/python3.12/site-packages/airflow/example_dags/example_task_group.py took 0.099 seconds
[2024-08-06T09:33:46.323+0000] {processor.py:161} INFO - Started process (PID=1878) to work on /home/airflow/.local/lib/python3.12/site-packages/airflow/example_dags/example_task_group.py
[2024-08-06T09:33:46.324+0000] {processor.py:830} INFO - Processing file /home/airflow/.local/lib/python3.12/site-packages/airflow/example_dags/example_task_group.py for tasks to queue
[2024-08-06T09:33:46.326+0000] {logging_mixin.py:188} INFO - [2024-08-06T09:33:46.326+0000] {dagbag.py:545} INFO - Filling up the DagBag from /home/airflow/.local/lib/python3.12/site-packages/airflow/example_dags/example_task_group.py
[2024-08-06T09:33:46.334+0000] {processor.py:840} INFO - DAG(s) 'example_task_group' retrieved from /home/airflow/.local/lib/python3.12/site-packages/airflow/example_dags/example_task_group.py
[2024-08-06T09:33:46.363+0000] {logging_mixin.py:188} INFO - [2024-08-06T09:33:46.362+0000] {dag.py:3089} INFO - Sync 1 DAGs
[2024-08-06T09:33:46.389+0000] {logging_mixin.py:188} INFO - [2024-08-06T09:33:46.389+0000] {dag.py:3947} INFO - Setting next_dagrun for example_task_group to 2024-08-05 00:00:00+00:00, run_after=2024-08-06 00:00:00+00:00
[2024-08-06T09:33:46.412+0000] {processor.py:183} INFO - Processing /home/airflow/.local/lib/python3.12/site-packages/airflow/example_dags/example_task_group.py took 0.099 seconds
[2024-08-06T09:34:17.711+0000] {processor.py:161} INFO - Started process (PID=1943) to work on /home/airflow/.local/lib/python3.12/site-packages/airflow/example_dags/example_task_group.py
[2024-08-06T09:34:17.718+0000] {processor.py:830} INFO - Processing file /home/airflow/.local/lib/python3.12/site-packages/airflow/example_dags/example_task_group.py for tasks to queue
[2024-08-06T09:34:17.721+0000] {logging_mixin.py:188} INFO - [2024-08-06T09:34:17.721+0000] {dagbag.py:545} INFO - Filling up the DagBag from /home/airflow/.local/lib/python3.12/site-packages/airflow/example_dags/example_task_group.py
[2024-08-06T09:34:17.731+0000] {processor.py:840} INFO - DAG(s) 'example_task_group' retrieved from /home/airflow/.local/lib/python3.12/site-packages/airflow/example_dags/example_task_group.py
[2024-08-06T09:34:17.758+0000] {logging_mixin.py:188} INFO - [2024-08-06T09:34:17.757+0000] {dag.py:3089} INFO - Sync 1 DAGs
[2024-08-06T09:34:17.936+0000] {logging_mixin.py:188} INFO - [2024-08-06T09:34:17.936+0000] {dag.py:3947} INFO - Setting next_dagrun for example_task_group to 2024-08-05 00:00:00+00:00, run_after=2024-08-06 00:00:00+00:00
[2024-08-06T09:34:17.961+0000] {processor.py:183} INFO - Processing /home/airflow/.local/lib/python3.12/site-packages/airflow/example_dags/example_task_group.py took 0.262 seconds
[2024-08-06T09:34:48.832+0000] {processor.py:161} INFO - Started process (PID=2008) to work on /home/airflow/.local/lib/python3.12/site-packages/airflow/example_dags/example_task_group.py
[2024-08-06T09:34:48.833+0000] {processor.py:830} INFO - Processing file /home/airflow/.local/lib/python3.12/site-packages/airflow/example_dags/example_task_group.py for tasks to queue
[2024-08-06T09:34:48.836+0000] {logging_mixin.py:188} INFO - [2024-08-06T09:34:48.836+0000] {dagbag.py:545} INFO - Filling up the DagBag from /home/airflow/.local/lib/python3.12/site-packages/airflow/example_dags/example_task_group.py
[2024-08-06T09:34:48.845+0000] {processor.py:840} INFO - DAG(s) 'example_task_group' retrieved from /home/airflow/.local/lib/python3.12/site-packages/airflow/example_dags/example_task_group.py
[2024-08-06T09:34:48.873+0000] {logging_mixin.py:188} INFO - [2024-08-06T09:34:48.872+0000] {dag.py:3089} INFO - Sync 1 DAGs
[2024-08-06T09:34:48.900+0000] {logging_mixin.py:188} INFO - [2024-08-06T09:34:48.900+0000] {dag.py:3947} INFO - Setting next_dagrun for example_task_group to 2024-08-05 00:00:00+00:00, run_after=2024-08-06 00:00:00+00:00
[2024-08-06T09:34:49.123+0000] {processor.py:183} INFO - Processing /home/airflow/.local/lib/python3.12/site-packages/airflow/example_dags/example_task_group.py took 0.298 seconds
[2024-08-06T10:01:15.503+0000] {processor.py:161} INFO - Started process (PID=2048) to work on /home/airflow/.local/lib/python3.12/site-packages/airflow/example_dags/example_task_group.py
[2024-08-06T10:01:15.504+0000] {processor.py:830} INFO - Processing file /home/airflow/.local/lib/python3.12/site-packages/airflow/example_dags/example_task_group.py for tasks to queue
[2024-08-06T10:01:15.506+0000] {logging_mixin.py:188} INFO - [2024-08-06T10:01:15.506+0000] {dagbag.py:545} INFO - Filling up the DagBag from /home/airflow/.local/lib/python3.12/site-packages/airflow/example_dags/example_task_group.py
[2024-08-06T10:01:15.512+0000] {processor.py:840} INFO - DAG(s) 'example_task_group' retrieved from /home/airflow/.local/lib/python3.12/site-packages/airflow/example_dags/example_task_group.py
[2024-08-06T10:01:15.532+0000] {logging_mixin.py:188} INFO - [2024-08-06T10:01:15.532+0000] {dag.py:3089} INFO - Sync 1 DAGs
[2024-08-06T10:01:15.548+0000] {logging_mixin.py:188} INFO - [2024-08-06T10:01:15.548+0000] {dag.py:3947} INFO - Setting next_dagrun for example_task_group to 2024-08-05 00:00:00+00:00, run_after=2024-08-06 00:00:00+00:00
[2024-08-06T10:01:15.576+0000] {processor.py:183} INFO - Processing /home/airflow/.local/lib/python3.12/site-packages/airflow/example_dags/example_task_group.py took 0.078 seconds
[2024-08-06T10:01:47.221+0000] {processor.py:161} INFO - Started process (PID=2112) to work on /home/airflow/.local/lib/python3.12/site-packages/airflow/example_dags/example_task_group.py
[2024-08-06T10:01:47.223+0000] {processor.py:830} INFO - Processing file /home/airflow/.local/lib/python3.12/site-packages/airflow/example_dags/example_task_group.py for tasks to queue
[2024-08-06T10:01:47.225+0000] {logging_mixin.py:188} INFO - [2024-08-06T10:01:47.225+0000] {dagbag.py:545} INFO - Filling up the DagBag from /home/airflow/.local/lib/python3.12/site-packages/airflow/example_dags/example_task_group.py
[2024-08-06T10:01:47.400+0000] {processor.py:840} INFO - DAG(s) 'example_task_group' retrieved from /home/airflow/.local/lib/python3.12/site-packages/airflow/example_dags/example_task_group.py
[2024-08-06T10:01:47.419+0000] {logging_mixin.py:188} INFO - [2024-08-06T10:01:47.419+0000] {dag.py:3089} INFO - Sync 1 DAGs
[2024-08-06T10:01:47.444+0000] {logging_mixin.py:188} INFO - [2024-08-06T10:01:47.443+0000] {dag.py:3947} INFO - Setting next_dagrun for example_task_group to 2024-08-05 00:00:00+00:00, run_after=2024-08-06 00:00:00+00:00
[2024-08-06T10:01:47.471+0000] {processor.py:183} INFO - Processing /home/airflow/.local/lib/python3.12/site-packages/airflow/example_dags/example_task_group.py took 0.257 seconds
[2024-08-06T10:02:18.263+0000] {processor.py:161} INFO - Started process (PID=2177) to work on /home/airflow/.local/lib/python3.12/site-packages/airflow/example_dags/example_task_group.py
[2024-08-06T10:02:18.265+0000] {processor.py:830} INFO - Processing file /home/airflow/.local/lib/python3.12/site-packages/airflow/example_dags/example_task_group.py for tasks to queue
[2024-08-06T10:02:18.267+0000] {logging_mixin.py:188} INFO - [2024-08-06T10:02:18.267+0000] {dagbag.py:545} INFO - Filling up the DagBag from /home/airflow/.local/lib/python3.12/site-packages/airflow/example_dags/example_task_group.py
[2024-08-06T10:02:18.276+0000] {processor.py:840} INFO - DAG(s) 'example_task_group' retrieved from /home/airflow/.local/lib/python3.12/site-packages/airflow/example_dags/example_task_group.py
[2024-08-06T10:02:18.307+0000] {logging_mixin.py:188} INFO - [2024-08-06T10:02:18.306+0000] {dag.py:3089} INFO - Sync 1 DAGs
[2024-08-06T10:02:18.334+0000] {logging_mixin.py:188} INFO - [2024-08-06T10:02:18.334+0000] {dag.py:3947} INFO - Setting next_dagrun for example_task_group to 2024-08-05 00:00:00+00:00, run_after=2024-08-06 00:00:00+00:00
[2024-08-06T10:02:18.363+0000] {processor.py:183} INFO - Processing /home/airflow/.local/lib/python3.12/site-packages/airflow/example_dags/example_task_group.py took 0.108 seconds
[2024-08-06T10:02:48.952+0000] {processor.py:161} INFO - Started process (PID=2241) to work on /home/airflow/.local/lib/python3.12/site-packages/airflow/example_dags/example_task_group.py
[2024-08-06T10:02:48.954+0000] {processor.py:830} INFO - Processing file /home/airflow/.local/lib/python3.12/site-packages/airflow/example_dags/example_task_group.py for tasks to queue
[2024-08-06T10:02:48.956+0000] {logging_mixin.py:188} INFO - [2024-08-06T10:02:48.955+0000] {dagbag.py:545} INFO - Filling up the DagBag from /home/airflow/.local/lib/python3.12/site-packages/airflow/example_dags/example_task_group.py
[2024-08-06T10:02:48.966+0000] {processor.py:840} INFO - DAG(s) 'example_task_group' retrieved from /home/airflow/.local/lib/python3.12/site-packages/airflow/example_dags/example_task_group.py
[2024-08-06T10:02:48.991+0000] {logging_mixin.py:188} INFO - [2024-08-06T10:02:48.991+0000] {dag.py:3089} INFO - Sync 1 DAGs
[2024-08-06T10:02:49.021+0000] {logging_mixin.py:188} INFO - [2024-08-06T10:02:49.020+0000] {dag.py:3947} INFO - Setting next_dagrun for example_task_group to 2024-08-05 00:00:00+00:00, run_after=2024-08-06 00:00:00+00:00
[2024-08-06T10:02:49.049+0000] {processor.py:183} INFO - Processing /home/airflow/.local/lib/python3.12/site-packages/airflow/example_dags/example_task_group.py took 0.103 seconds
[2024-08-06T10:03:20.216+0000] {processor.py:161} INFO - Started process (PID=2305) to work on /home/airflow/.local/lib/python3.12/site-packages/airflow/example_dags/example_task_group.py
[2024-08-06T10:03:20.217+0000] {processor.py:830} INFO - Processing file /home/airflow/.local/lib/python3.12/site-packages/airflow/example_dags/example_task_group.py for tasks to queue
[2024-08-06T10:03:20.220+0000] {logging_mixin.py:188} INFO - [2024-08-06T10:03:20.220+0000] {dagbag.py:545} INFO - Filling up the DagBag from /home/airflow/.local/lib/python3.12/site-packages/airflow/example_dags/example_task_group.py
[2024-08-06T10:03:20.229+0000] {processor.py:840} INFO - DAG(s) 'example_task_group' retrieved from /home/airflow/.local/lib/python3.12/site-packages/airflow/example_dags/example_task_group.py
[2024-08-06T10:03:20.254+0000] {logging_mixin.py:188} INFO - [2024-08-06T10:03:20.253+0000] {dag.py:3089} INFO - Sync 1 DAGs
[2024-08-06T10:03:20.281+0000] {logging_mixin.py:188} INFO - [2024-08-06T10:03:20.281+0000] {dag.py:3947} INFO - Setting next_dagrun for example_task_group to 2024-08-05 00:00:00+00:00, run_after=2024-08-06 00:00:00+00:00
[2024-08-06T10:03:20.305+0000] {processor.py:183} INFO - Processing /home/airflow/.local/lib/python3.12/site-packages/airflow/example_dags/example_task_group.py took 0.100 seconds
[2024-08-06T10:03:51.179+0000] {processor.py:161} INFO - Started process (PID=2377) to work on /home/airflow/.local/lib/python3.12/site-packages/airflow/example_dags/example_task_group.py
[2024-08-06T10:03:51.199+0000] {processor.py:830} INFO - Processing file /home/airflow/.local/lib/python3.12/site-packages/airflow/example_dags/example_task_group.py for tasks to queue
[2024-08-06T10:03:51.202+0000] {logging_mixin.py:188} INFO - [2024-08-06T10:03:51.202+0000] {dagbag.py:545} INFO - Filling up the DagBag from /home/airflow/.local/lib/python3.12/site-packages/airflow/example_dags/example_task_group.py
[2024-08-06T10:03:51.218+0000] {processor.py:840} INFO - DAG(s) 'example_task_group' retrieved from /home/airflow/.local/lib/python3.12/site-packages/airflow/example_dags/example_task_group.py
[2024-08-06T10:03:51.264+0000] {logging_mixin.py:188} INFO - [2024-08-06T10:03:51.264+0000] {dag.py:3089} INFO - Sync 1 DAGs
[2024-08-06T10:03:51.295+0000] {logging_mixin.py:188} INFO - [2024-08-06T10:03:51.294+0000] {dag.py:3947} INFO - Setting next_dagrun for example_task_group to 2024-08-05 00:00:00+00:00, run_after=2024-08-06 00:00:00+00:00
[2024-08-06T10:03:51.320+0000] {processor.py:183} INFO - Processing /home/airflow/.local/lib/python3.12/site-packages/airflow/example_dags/example_task_group.py took 0.152 seconds
[2024-08-06T10:04:22.182+0000] {processor.py:161} INFO - Started process (PID=2440) to work on /home/airflow/.local/lib/python3.12/site-packages/airflow/example_dags/example_task_group.py
[2024-08-06T10:04:22.185+0000] {processor.py:830} INFO - Processing file /home/airflow/.local/lib/python3.12/site-packages/airflow/example_dags/example_task_group.py for tasks to queue
[2024-08-06T10:04:22.187+0000] {logging_mixin.py:188} INFO - [2024-08-06T10:04:22.187+0000] {dagbag.py:545} INFO - Filling up the DagBag from /home/airflow/.local/lib/python3.12/site-packages/airflow/example_dags/example_task_group.py
[2024-08-06T10:04:22.198+0000] {processor.py:840} INFO - DAG(s) 'example_task_group' retrieved from /home/airflow/.local/lib/python3.12/site-packages/airflow/example_dags/example_task_group.py
[2024-08-06T10:04:22.224+0000] {logging_mixin.py:188} INFO - [2024-08-06T10:04:22.224+0000] {dag.py:3089} INFO - Sync 1 DAGs
[2024-08-06T10:04:22.251+0000] {logging_mixin.py:188} INFO - [2024-08-06T10:04:22.251+0000] {dag.py:3947} INFO - Setting next_dagrun for example_task_group to 2024-08-05 00:00:00+00:00, run_after=2024-08-06 00:00:00+00:00
[2024-08-06T10:04:22.277+0000] {processor.py:183} INFO - Processing /home/airflow/.local/lib/python3.12/site-packages/airflow/example_dags/example_task_group.py took 0.102 seconds
[2024-08-06T10:04:53.179+0000] {processor.py:161} INFO - Started process (PID=2506) to work on /home/airflow/.local/lib/python3.12/site-packages/airflow/example_dags/example_task_group.py
[2024-08-06T10:04:53.180+0000] {processor.py:830} INFO - Processing file /home/airflow/.local/lib/python3.12/site-packages/airflow/example_dags/example_task_group.py for tasks to queue
[2024-08-06T10:04:53.183+0000] {logging_mixin.py:188} INFO - [2024-08-06T10:04:53.182+0000] {dagbag.py:545} INFO - Filling up the DagBag from /home/airflow/.local/lib/python3.12/site-packages/airflow/example_dags/example_task_group.py
[2024-08-06T10:04:53.192+0000] {processor.py:840} INFO - DAG(s) 'example_task_group' retrieved from /home/airflow/.local/lib/python3.12/site-packages/airflow/example_dags/example_task_group.py
[2024-08-06T10:04:53.219+0000] {logging_mixin.py:188} INFO - [2024-08-06T10:04:53.218+0000] {dag.py:3089} INFO - Sync 1 DAGs
[2024-08-06T10:04:53.264+0000] {logging_mixin.py:188} INFO - [2024-08-06T10:04:53.264+0000] {dag.py:3947} INFO - Setting next_dagrun for example_task_group to 2024-08-05 00:00:00+00:00, run_after=2024-08-06 00:00:00+00:00
[2024-08-06T10:04:53.293+0000] {processor.py:183} INFO - Processing /home/airflow/.local/lib/python3.12/site-packages/airflow/example_dags/example_task_group.py took 0.121 seconds
[2024-08-06T10:05:24.382+0000] {processor.py:161} INFO - Started process (PID=2571) to work on /home/airflow/.local/lib/python3.12/site-packages/airflow/example_dags/example_task_group.py
[2024-08-06T10:05:24.383+0000] {processor.py:830} INFO - Processing file /home/airflow/.local/lib/python3.12/site-packages/airflow/example_dags/example_task_group.py for tasks to queue
[2024-08-06T10:05:24.386+0000] {logging_mixin.py:188} INFO - [2024-08-06T10:05:24.385+0000] {dagbag.py:545} INFO - Filling up the DagBag from /home/airflow/.local/lib/python3.12/site-packages/airflow/example_dags/example_task_group.py
[2024-08-06T10:05:24.395+0000] {processor.py:840} INFO - DAG(s) 'example_task_group' retrieved from /home/airflow/.local/lib/python3.12/site-packages/airflow/example_dags/example_task_group.py
[2024-08-06T10:05:24.420+0000] {logging_mixin.py:188} INFO - [2024-08-06T10:05:24.420+0000] {dag.py:3089} INFO - Sync 1 DAGs
[2024-08-06T10:05:24.458+0000] {logging_mixin.py:188} INFO - [2024-08-06T10:05:24.458+0000] {dag.py:3947} INFO - Setting next_dagrun for example_task_group to 2024-08-05 00:00:00+00:00, run_after=2024-08-06 00:00:00+00:00
[2024-08-06T10:05:24.490+0000] {processor.py:183} INFO - Processing /home/airflow/.local/lib/python3.12/site-packages/airflow/example_dags/example_task_group.py took 0.114 seconds
[2024-08-06T10:05:56.445+0000] {processor.py:161} INFO - Started process (PID=2638) to work on /home/airflow/.local/lib/python3.12/site-packages/airflow/example_dags/example_task_group.py
[2024-08-06T10:05:56.447+0000] {processor.py:830} INFO - Processing file /home/airflow/.local/lib/python3.12/site-packages/airflow/example_dags/example_task_group.py for tasks to queue
[2024-08-06T10:05:56.455+0000] {logging_mixin.py:188} INFO - [2024-08-06T10:05:56.454+0000] {dagbag.py:545} INFO - Filling up the DagBag from /home/airflow/.local/lib/python3.12/site-packages/airflow/example_dags/example_task_group.py
[2024-08-06T10:05:56.464+0000] {processor.py:840} INFO - DAG(s) 'example_task_group' retrieved from /home/airflow/.local/lib/python3.12/site-packages/airflow/example_dags/example_task_group.py
[2024-08-06T10:05:56.502+0000] {logging_mixin.py:188} INFO - [2024-08-06T10:05:56.501+0000] {dag.py:3089} INFO - Sync 1 DAGs
[2024-08-06T10:05:56.531+0000] {logging_mixin.py:188} INFO - [2024-08-06T10:05:56.531+0000] {dag.py:3947} INFO - Setting next_dagrun for example_task_group to 2024-08-05 00:00:00+00:00, run_after=2024-08-06 00:00:00+00:00
[2024-08-06T10:05:56.562+0000] {processor.py:183} INFO - Processing /home/airflow/.local/lib/python3.12/site-packages/airflow/example_dags/example_task_group.py took 0.123 seconds
[2024-08-06T10:06:27.497+0000] {processor.py:161} INFO - Started process (PID=2703) to work on /home/airflow/.local/lib/python3.12/site-packages/airflow/example_dags/example_task_group.py
[2024-08-06T10:06:27.498+0000] {processor.py:830} INFO - Processing file /home/airflow/.local/lib/python3.12/site-packages/airflow/example_dags/example_task_group.py for tasks to queue
[2024-08-06T10:06:27.501+0000] {logging_mixin.py:188} INFO - [2024-08-06T10:06:27.500+0000] {dagbag.py:545} INFO - Filling up the DagBag from /home/airflow/.local/lib/python3.12/site-packages/airflow/example_dags/example_task_group.py
[2024-08-06T10:06:27.510+0000] {processor.py:840} INFO - DAG(s) 'example_task_group' retrieved from /home/airflow/.local/lib/python3.12/site-packages/airflow/example_dags/example_task_group.py
[2024-08-06T10:06:27.536+0000] {logging_mixin.py:188} INFO - [2024-08-06T10:06:27.536+0000] {dag.py:3089} INFO - Sync 1 DAGs
[2024-08-06T10:06:27.569+0000] {logging_mixin.py:188} INFO - [2024-08-06T10:06:27.569+0000] {dag.py:3947} INFO - Setting next_dagrun for example_task_group to 2024-08-05 00:00:00+00:00, run_after=2024-08-06 00:00:00+00:00
[2024-08-06T10:06:27.598+0000] {processor.py:183} INFO - Processing /home/airflow/.local/lib/python3.12/site-packages/airflow/example_dags/example_task_group.py took 0.108 seconds
[2024-08-06T10:06:59.257+0000] {processor.py:161} INFO - Started process (PID=2768) to work on /home/airflow/.local/lib/python3.12/site-packages/airflow/example_dags/example_task_group.py
[2024-08-06T10:06:59.259+0000] {processor.py:830} INFO - Processing file /home/airflow/.local/lib/python3.12/site-packages/airflow/example_dags/example_task_group.py for tasks to queue
[2024-08-06T10:06:59.263+0000] {logging_mixin.py:188} INFO - [2024-08-06T10:06:59.262+0000] {dagbag.py:545} INFO - Filling up the DagBag from /home/airflow/.local/lib/python3.12/site-packages/airflow/example_dags/example_task_group.py
[2024-08-06T10:06:59.271+0000] {processor.py:840} INFO - DAG(s) 'example_task_group' retrieved from /home/airflow/.local/lib/python3.12/site-packages/airflow/example_dags/example_task_group.py
[2024-08-06T10:06:59.297+0000] {logging_mixin.py:188} INFO - [2024-08-06T10:06:59.297+0000] {dag.py:3089} INFO - Sync 1 DAGs
[2024-08-06T10:06:59.322+0000] {logging_mixin.py:188} INFO - [2024-08-06T10:06:59.321+0000] {dag.py:3947} INFO - Setting next_dagrun for example_task_group to 2024-08-05 00:00:00+00:00, run_after=2024-08-06 00:00:00+00:00
[2024-08-06T10:06:59.346+0000] {processor.py:183} INFO - Processing /home/airflow/.local/lib/python3.12/site-packages/airflow/example_dags/example_task_group.py took 0.097 seconds
[2024-08-06T10:07:30.294+0000] {processor.py:161} INFO - Started process (PID=2833) to work on /home/airflow/.local/lib/python3.12/site-packages/airflow/example_dags/example_task_group.py
[2024-08-06T10:07:30.295+0000] {processor.py:830} INFO - Processing file /home/airflow/.local/lib/python3.12/site-packages/airflow/example_dags/example_task_group.py for tasks to queue
[2024-08-06T10:07:30.298+0000] {logging_mixin.py:188} INFO - [2024-08-06T10:07:30.298+0000] {dagbag.py:545} INFO - Filling up the DagBag from /home/airflow/.local/lib/python3.12/site-packages/airflow/example_dags/example_task_group.py
[2024-08-06T10:07:30.306+0000] {processor.py:840} INFO - DAG(s) 'example_task_group' retrieved from /home/airflow/.local/lib/python3.12/site-packages/airflow/example_dags/example_task_group.py
[2024-08-06T10:07:30.336+0000] {logging_mixin.py:188} INFO - [2024-08-06T10:07:30.335+0000] {dag.py:3089} INFO - Sync 1 DAGs
[2024-08-06T10:07:30.363+0000] {logging_mixin.py:188} INFO - [2024-08-06T10:07:30.362+0000] {dag.py:3947} INFO - Setting next_dagrun for example_task_group to 2024-08-05 00:00:00+00:00, run_after=2024-08-06 00:00:00+00:00
[2024-08-06T10:07:30.391+0000] {processor.py:183} INFO - Processing /home/airflow/.local/lib/python3.12/site-packages/airflow/example_dags/example_task_group.py took 0.105 seconds
[2024-08-06T10:08:02.182+0000] {processor.py:161} INFO - Started process (PID=2898) to work on /home/airflow/.local/lib/python3.12/site-packages/airflow/example_dags/example_task_group.py
[2024-08-06T10:08:02.184+0000] {processor.py:830} INFO - Processing file /home/airflow/.local/lib/python3.12/site-packages/airflow/example_dags/example_task_group.py for tasks to queue
[2024-08-06T10:08:02.187+0000] {logging_mixin.py:188} INFO - [2024-08-06T10:08:02.187+0000] {dagbag.py:545} INFO - Filling up the DagBag from /home/airflow/.local/lib/python3.12/site-packages/airflow/example_dags/example_task_group.py
[2024-08-06T10:08:02.201+0000] {processor.py:840} INFO - DAG(s) 'example_task_group' retrieved from /home/airflow/.local/lib/python3.12/site-packages/airflow/example_dags/example_task_group.py
[2024-08-06T10:08:02.233+0000] {logging_mixin.py:188} INFO - [2024-08-06T10:08:02.232+0000] {dag.py:3089} INFO - Sync 1 DAGs
[2024-08-06T10:08:02.259+0000] {logging_mixin.py:188} INFO - [2024-08-06T10:08:02.258+0000] {dag.py:3947} INFO - Setting next_dagrun for example_task_group to 2024-08-05 00:00:00+00:00, run_after=2024-08-06 00:00:00+00:00
[2024-08-06T10:08:02.291+0000] {processor.py:183} INFO - Processing /home/airflow/.local/lib/python3.12/site-packages/airflow/example_dags/example_task_group.py took 0.116 seconds
[2024-08-06T10:08:33.131+0000] {processor.py:161} INFO - Started process (PID=2963) to work on /home/airflow/.local/lib/python3.12/site-packages/airflow/example_dags/example_task_group.py
[2024-08-06T10:08:33.135+0000] {processor.py:830} INFO - Processing file /home/airflow/.local/lib/python3.12/site-packages/airflow/example_dags/example_task_group.py for tasks to queue
[2024-08-06T10:08:33.138+0000] {logging_mixin.py:188} INFO - [2024-08-06T10:08:33.138+0000] {dagbag.py:545} INFO - Filling up the DagBag from /home/airflow/.local/lib/python3.12/site-packages/airflow/example_dags/example_task_group.py
[2024-08-06T10:08:33.149+0000] {processor.py:840} INFO - DAG(s) 'example_task_group' retrieved from /home/airflow/.local/lib/python3.12/site-packages/airflow/example_dags/example_task_group.py
[2024-08-06T10:08:33.181+0000] {logging_mixin.py:188} INFO - [2024-08-06T10:08:33.180+0000] {dag.py:3089} INFO - Sync 1 DAGs
[2024-08-06T10:08:33.206+0000] {logging_mixin.py:188} INFO - [2024-08-06T10:08:33.206+0000] {dag.py:3947} INFO - Setting next_dagrun for example_task_group to 2024-08-05 00:00:00+00:00, run_after=2024-08-06 00:00:00+00:00
[2024-08-06T10:08:33.236+0000] {processor.py:183} INFO - Processing /home/airflow/.local/lib/python3.12/site-packages/airflow/example_dags/example_task_group.py took 0.114 seconds
[2024-08-06T10:09:03.751+0000] {processor.py:161} INFO - Started process (PID=3028) to work on /home/airflow/.local/lib/python3.12/site-packages/airflow/example_dags/example_task_group.py
[2024-08-06T10:09:03.752+0000] {processor.py:830} INFO - Processing file /home/airflow/.local/lib/python3.12/site-packages/airflow/example_dags/example_task_group.py for tasks to queue
[2024-08-06T10:09:03.755+0000] {logging_mixin.py:188} INFO - [2024-08-06T10:09:03.755+0000] {dagbag.py:545} INFO - Filling up the DagBag from /home/airflow/.local/lib/python3.12/site-packages/airflow/example_dags/example_task_group.py
[2024-08-06T10:09:03.763+0000] {processor.py:840} INFO - DAG(s) 'example_task_group' retrieved from /home/airflow/.local/lib/python3.12/site-packages/airflow/example_dags/example_task_group.py
[2024-08-06T10:09:03.788+0000] {logging_mixin.py:188} INFO - [2024-08-06T10:09:03.787+0000] {dag.py:3089} INFO - Sync 1 DAGs
[2024-08-06T10:09:03.810+0000] {logging_mixin.py:188} INFO - [2024-08-06T10:09:03.810+0000] {dag.py:3947} INFO - Setting next_dagrun for example_task_group to 2024-08-05 00:00:00+00:00, run_after=2024-08-06 00:00:00+00:00
[2024-08-06T10:09:03.836+0000] {processor.py:183} INFO - Processing /home/airflow/.local/lib/python3.12/site-packages/airflow/example_dags/example_task_group.py took 0.092 seconds
[2024-08-06T10:09:34.439+0000] {processor.py:161} INFO - Started process (PID=3093) to work on /home/airflow/.local/lib/python3.12/site-packages/airflow/example_dags/example_task_group.py
[2024-08-06T10:09:34.444+0000] {processor.py:830} INFO - Processing file /home/airflow/.local/lib/python3.12/site-packages/airflow/example_dags/example_task_group.py for tasks to queue
[2024-08-06T10:09:34.446+0000] {logging_mixin.py:188} INFO - [2024-08-06T10:09:34.446+0000] {dagbag.py:545} INFO - Filling up the DagBag from /home/airflow/.local/lib/python3.12/site-packages/airflow/example_dags/example_task_group.py
[2024-08-06T10:09:34.454+0000] {processor.py:840} INFO - DAG(s) 'example_task_group' retrieved from /home/airflow/.local/lib/python3.12/site-packages/airflow/example_dags/example_task_group.py
[2024-08-06T10:09:34.481+0000] {logging_mixin.py:188} INFO - [2024-08-06T10:09:34.481+0000] {dag.py:3089} INFO - Sync 1 DAGs
[2024-08-06T10:09:34.510+0000] {logging_mixin.py:188} INFO - [2024-08-06T10:09:34.510+0000] {dag.py:3947} INFO - Setting next_dagrun for example_task_group to 2024-08-05 00:00:00+00:00, run_after=2024-08-06 00:00:00+00:00
[2024-08-06T10:09:34.538+0000] {processor.py:183} INFO - Processing /home/airflow/.local/lib/python3.12/site-packages/airflow/example_dags/example_task_group.py took 0.106 seconds
[2024-08-06T10:10:05.363+0000] {processor.py:161} INFO - Started process (PID=3156) to work on /home/airflow/.local/lib/python3.12/site-packages/airflow/example_dags/example_task_group.py
[2024-08-06T10:10:05.366+0000] {processor.py:830} INFO - Processing file /home/airflow/.local/lib/python3.12/site-packages/airflow/example_dags/example_task_group.py for tasks to queue
[2024-08-06T10:10:05.370+0000] {logging_mixin.py:188} INFO - [2024-08-06T10:10:05.369+0000] {dagbag.py:545} INFO - Filling up the DagBag from /home/airflow/.local/lib/python3.12/site-packages/airflow/example_dags/example_task_group.py
[2024-08-06T10:10:05.379+0000] {processor.py:840} INFO - DAG(s) 'example_task_group' retrieved from /home/airflow/.local/lib/python3.12/site-packages/airflow/example_dags/example_task_group.py
[2024-08-06T10:10:05.411+0000] {logging_mixin.py:188} INFO - [2024-08-06T10:10:05.411+0000] {dag.py:3089} INFO - Sync 1 DAGs
[2024-08-06T10:10:05.443+0000] {logging_mixin.py:188} INFO - [2024-08-06T10:10:05.443+0000] {dag.py:3947} INFO - Setting next_dagrun for example_task_group to 2024-08-05 00:00:00+00:00, run_after=2024-08-06 00:00:00+00:00
[2024-08-06T10:10:05.473+0000] {processor.py:183} INFO - Processing /home/airflow/.local/lib/python3.12/site-packages/airflow/example_dags/example_task_group.py took 0.119 seconds
[2024-08-06T10:10:35.957+0000] {processor.py:161} INFO - Started process (PID=3219) to work on /home/airflow/.local/lib/python3.12/site-packages/airflow/example_dags/example_task_group.py
[2024-08-06T10:10:35.959+0000] {processor.py:830} INFO - Processing file /home/airflow/.local/lib/python3.12/site-packages/airflow/example_dags/example_task_group.py for tasks to queue
[2024-08-06T10:10:35.963+0000] {logging_mixin.py:188} INFO - [2024-08-06T10:10:35.963+0000] {dagbag.py:545} INFO - Filling up the DagBag from /home/airflow/.local/lib/python3.12/site-packages/airflow/example_dags/example_task_group.py
[2024-08-06T10:10:35.976+0000] {processor.py:840} INFO - DAG(s) 'example_task_group' retrieved from /home/airflow/.local/lib/python3.12/site-packages/airflow/example_dags/example_task_group.py
[2024-08-06T10:10:36.021+0000] {logging_mixin.py:188} INFO - [2024-08-06T10:10:36.021+0000] {dag.py:3089} INFO - Sync 1 DAGs
[2024-08-06T10:10:36.050+0000] {logging_mixin.py:188} INFO - [2024-08-06T10:10:36.049+0000] {dag.py:3947} INFO - Setting next_dagrun for example_task_group to 2024-08-05 00:00:00+00:00, run_after=2024-08-06 00:00:00+00:00
[2024-08-06T10:10:36.073+0000] {processor.py:183} INFO - Processing /home/airflow/.local/lib/python3.12/site-packages/airflow/example_dags/example_task_group.py took 0.125 seconds
[2024-08-06T10:11:06.645+0000] {processor.py:161} INFO - Started process (PID=3284) to work on /home/airflow/.local/lib/python3.12/site-packages/airflow/example_dags/example_task_group.py
[2024-08-06T10:11:06.646+0000] {processor.py:830} INFO - Processing file /home/airflow/.local/lib/python3.12/site-packages/airflow/example_dags/example_task_group.py for tasks to queue
[2024-08-06T10:11:06.649+0000] {logging_mixin.py:188} INFO - [2024-08-06T10:11:06.649+0000] {dagbag.py:545} INFO - Filling up the DagBag from /home/airflow/.local/lib/python3.12/site-packages/airflow/example_dags/example_task_group.py
[2024-08-06T10:11:06.660+0000] {processor.py:840} INFO - DAG(s) 'example_task_group' retrieved from /home/airflow/.local/lib/python3.12/site-packages/airflow/example_dags/example_task_group.py
[2024-08-06T10:11:06.689+0000] {logging_mixin.py:188} INFO - [2024-08-06T10:11:06.688+0000] {dag.py:3089} INFO - Sync 1 DAGs
[2024-08-06T10:11:06.720+0000] {logging_mixin.py:188} INFO - [2024-08-06T10:11:06.719+0000] {dag.py:3947} INFO - Setting next_dagrun for example_task_group to 2024-08-05 00:00:00+00:00, run_after=2024-08-06 00:00:00+00:00
[2024-08-06T10:11:06.759+0000] {processor.py:183} INFO - Processing /home/airflow/.local/lib/python3.12/site-packages/airflow/example_dags/example_task_group.py took 0.121 seconds
[2024-08-06T10:11:37.508+0000] {processor.py:161} INFO - Started process (PID=3349) to work on /home/airflow/.local/lib/python3.12/site-packages/airflow/example_dags/example_task_group.py
[2024-08-06T10:11:37.511+0000] {processor.py:830} INFO - Processing file /home/airflow/.local/lib/python3.12/site-packages/airflow/example_dags/example_task_group.py for tasks to queue
[2024-08-06T10:11:37.514+0000] {logging_mixin.py:188} INFO - [2024-08-06T10:11:37.513+0000] {dagbag.py:545} INFO - Filling up the DagBag from /home/airflow/.local/lib/python3.12/site-packages/airflow/example_dags/example_task_group.py
[2024-08-06T10:11:37.525+0000] {processor.py:840} INFO - DAG(s) 'example_task_group' retrieved from /home/airflow/.local/lib/python3.12/site-packages/airflow/example_dags/example_task_group.py
[2024-08-06T10:11:37.552+0000] {logging_mixin.py:188} INFO - [2024-08-06T10:11:37.551+0000] {dag.py:3089} INFO - Sync 1 DAGs
[2024-08-06T10:11:37.579+0000] {logging_mixin.py:188} INFO - [2024-08-06T10:11:37.579+0000] {dag.py:3947} INFO - Setting next_dagrun for example_task_group to 2024-08-05 00:00:00+00:00, run_after=2024-08-06 00:00:00+00:00
[2024-08-06T10:11:37.606+0000] {processor.py:183} INFO - Processing /home/airflow/.local/lib/python3.12/site-packages/airflow/example_dags/example_task_group.py took 0.117 seconds
[2024-08-06T10:12:09.109+0000] {processor.py:161} INFO - Started process (PID=3414) to work on /home/airflow/.local/lib/python3.12/site-packages/airflow/example_dags/example_task_group.py
[2024-08-06T10:12:09.111+0000] {processor.py:830} INFO - Processing file /home/airflow/.local/lib/python3.12/site-packages/airflow/example_dags/example_task_group.py for tasks to queue
[2024-08-06T10:12:09.114+0000] {logging_mixin.py:188} INFO - [2024-08-06T10:12:09.113+0000] {dagbag.py:545} INFO - Filling up the DagBag from /home/airflow/.local/lib/python3.12/site-packages/airflow/example_dags/example_task_group.py
[2024-08-06T10:12:09.123+0000] {processor.py:840} INFO - DAG(s) 'example_task_group' retrieved from /home/airflow/.local/lib/python3.12/site-packages/airflow/example_dags/example_task_group.py
[2024-08-06T10:12:09.152+0000] {logging_mixin.py:188} INFO - [2024-08-06T10:12:09.151+0000] {dag.py:3089} INFO - Sync 1 DAGs
[2024-08-06T10:12:09.176+0000] {logging_mixin.py:188} INFO - [2024-08-06T10:12:09.175+0000] {dag.py:3947} INFO - Setting next_dagrun for example_task_group to 2024-08-05 00:00:00+00:00, run_after=2024-08-06 00:00:00+00:00
[2024-08-06T10:12:09.203+0000] {processor.py:183} INFO - Processing /home/airflow/.local/lib/python3.12/site-packages/airflow/example_dags/example_task_group.py took 0.101 seconds
[2024-08-06T10:12:40.091+0000] {processor.py:161} INFO - Started process (PID=3479) to work on /home/airflow/.local/lib/python3.12/site-packages/airflow/example_dags/example_task_group.py
[2024-08-06T10:12:40.093+0000] {processor.py:830} INFO - Processing file /home/airflow/.local/lib/python3.12/site-packages/airflow/example_dags/example_task_group.py for tasks to queue
[2024-08-06T10:12:40.095+0000] {logging_mixin.py:188} INFO - [2024-08-06T10:12:40.095+0000] {dagbag.py:545} INFO - Filling up the DagBag from /home/airflow/.local/lib/python3.12/site-packages/airflow/example_dags/example_task_group.py
[2024-08-06T10:12:40.104+0000] {processor.py:840} INFO - DAG(s) 'example_task_group' retrieved from /home/airflow/.local/lib/python3.12/site-packages/airflow/example_dags/example_task_group.py
[2024-08-06T10:12:40.129+0000] {logging_mixin.py:188} INFO - [2024-08-06T10:12:40.129+0000] {dag.py:3089} INFO - Sync 1 DAGs
[2024-08-06T10:12:40.156+0000] {logging_mixin.py:188} INFO - [2024-08-06T10:12:40.156+0000] {dag.py:3947} INFO - Setting next_dagrun for example_task_group to 2024-08-05 00:00:00+00:00, run_after=2024-08-06 00:00:00+00:00
[2024-08-06T10:12:40.179+0000] {processor.py:183} INFO - Processing /home/airflow/.local/lib/python3.12/site-packages/airflow/example_dags/example_task_group.py took 0.095 seconds
[2024-08-06T10:13:10.763+0000] {processor.py:161} INFO - Started process (PID=3544) to work on /home/airflow/.local/lib/python3.12/site-packages/airflow/example_dags/example_task_group.py
[2024-08-06T10:13:10.765+0000] {processor.py:830} INFO - Processing file /home/airflow/.local/lib/python3.12/site-packages/airflow/example_dags/example_task_group.py for tasks to queue
[2024-08-06T10:13:10.768+0000] {logging_mixin.py:188} INFO - [2024-08-06T10:13:10.767+0000] {dagbag.py:545} INFO - Filling up the DagBag from /home/airflow/.local/lib/python3.12/site-packages/airflow/example_dags/example_task_group.py
[2024-08-06T10:13:10.778+0000] {processor.py:840} INFO - DAG(s) 'example_task_group' retrieved from /home/airflow/.local/lib/python3.12/site-packages/airflow/example_dags/example_task_group.py
[2024-08-06T10:13:10.815+0000] {logging_mixin.py:188} INFO - [2024-08-06T10:13:10.815+0000] {dag.py:3089} INFO - Sync 1 DAGs
[2024-08-06T10:13:10.841+0000] {logging_mixin.py:188} INFO - [2024-08-06T10:13:10.841+0000] {dag.py:3947} INFO - Setting next_dagrun for example_task_group to 2024-08-05 00:00:00+00:00, run_after=2024-08-06 00:00:00+00:00
[2024-08-06T10:13:10.864+0000] {processor.py:183} INFO - Processing /home/airflow/.local/lib/python3.12/site-packages/airflow/example_dags/example_task_group.py took 0.108 seconds
[2024-08-06T10:13:41.569+0000] {processor.py:161} INFO - Started process (PID=3610) to work on /home/airflow/.local/lib/python3.12/site-packages/airflow/example_dags/example_task_group.py
[2024-08-06T10:13:41.570+0000] {processor.py:830} INFO - Processing file /home/airflow/.local/lib/python3.12/site-packages/airflow/example_dags/example_task_group.py for tasks to queue
[2024-08-06T10:13:41.574+0000] {logging_mixin.py:188} INFO - [2024-08-06T10:13:41.572+0000] {dagbag.py:545} INFO - Filling up the DagBag from /home/airflow/.local/lib/python3.12/site-packages/airflow/example_dags/example_task_group.py
[2024-08-06T10:13:41.583+0000] {processor.py:840} INFO - DAG(s) 'example_task_group' retrieved from /home/airflow/.local/lib/python3.12/site-packages/airflow/example_dags/example_task_group.py
[2024-08-06T10:13:41.613+0000] {logging_mixin.py:188} INFO - [2024-08-06T10:13:41.612+0000] {dag.py:3089} INFO - Sync 1 DAGs
[2024-08-06T10:13:41.638+0000] {logging_mixin.py:188} INFO - [2024-08-06T10:13:41.637+0000] {dag.py:3947} INFO - Setting next_dagrun for example_task_group to 2024-08-05 00:00:00+00:00, run_after=2024-08-06 00:00:00+00:00
[2024-08-06T10:13:41.660+0000] {processor.py:183} INFO - Processing /home/airflow/.local/lib/python3.12/site-packages/airflow/example_dags/example_task_group.py took 0.100 seconds
[2024-08-06T10:14:13.572+0000] {processor.py:161} INFO - Started process (PID=3675) to work on /home/airflow/.local/lib/python3.12/site-packages/airflow/example_dags/example_task_group.py
[2024-08-06T10:14:13.573+0000] {processor.py:830} INFO - Processing file /home/airflow/.local/lib/python3.12/site-packages/airflow/example_dags/example_task_group.py for tasks to queue
[2024-08-06T10:14:13.579+0000] {logging_mixin.py:188} INFO - [2024-08-06T10:14:13.579+0000] {dagbag.py:545} INFO - Filling up the DagBag from /home/airflow/.local/lib/python3.12/site-packages/airflow/example_dags/example_task_group.py
[2024-08-06T10:14:13.595+0000] {processor.py:840} INFO - DAG(s) 'example_task_group' retrieved from /home/airflow/.local/lib/python3.12/site-packages/airflow/example_dags/example_task_group.py
[2024-08-06T10:14:13.622+0000] {logging_mixin.py:188} INFO - [2024-08-06T10:14:13.622+0000] {dag.py:3089} INFO - Sync 1 DAGs
[2024-08-06T10:14:13.647+0000] {logging_mixin.py:188} INFO - [2024-08-06T10:14:13.646+0000] {dag.py:3947} INFO - Setting next_dagrun for example_task_group to 2024-08-05 00:00:00+00:00, run_after=2024-08-06 00:00:00+00:00
[2024-08-06T10:14:13.675+0000] {processor.py:183} INFO - Processing /home/airflow/.local/lib/python3.12/site-packages/airflow/example_dags/example_task_group.py took 0.110 seconds
[2024-08-06T10:14:45.076+0000] {processor.py:161} INFO - Started process (PID=3740) to work on /home/airflow/.local/lib/python3.12/site-packages/airflow/example_dags/example_task_group.py
[2024-08-06T10:14:45.078+0000] {processor.py:830} INFO - Processing file /home/airflow/.local/lib/python3.12/site-packages/airflow/example_dags/example_task_group.py for tasks to queue
[2024-08-06T10:14:45.082+0000] {logging_mixin.py:188} INFO - [2024-08-06T10:14:45.081+0000] {dagbag.py:545} INFO - Filling up the DagBag from /home/airflow/.local/lib/python3.12/site-packages/airflow/example_dags/example_task_group.py
[2024-08-06T10:14:45.093+0000] {processor.py:840} INFO - DAG(s) 'example_task_group' retrieved from /home/airflow/.local/lib/python3.12/site-packages/airflow/example_dags/example_task_group.py
[2024-08-06T10:14:45.127+0000] {logging_mixin.py:188} INFO - [2024-08-06T10:14:45.127+0000] {dag.py:3089} INFO - Sync 1 DAGs
[2024-08-06T10:14:45.154+0000] {logging_mixin.py:188} INFO - [2024-08-06T10:14:45.154+0000] {dag.py:3947} INFO - Setting next_dagrun for example_task_group to 2024-08-05 00:00:00+00:00, run_after=2024-08-06 00:00:00+00:00
[2024-08-06T10:14:45.206+0000] {processor.py:183} INFO - Processing /home/airflow/.local/lib/python3.12/site-packages/airflow/example_dags/example_task_group.py took 0.125 seconds
[2024-08-06T10:15:16.423+0000] {processor.py:161} INFO - Started process (PID=3806) to work on /home/airflow/.local/lib/python3.12/site-packages/airflow/example_dags/example_task_group.py
[2024-08-06T10:15:16.425+0000] {processor.py:830} INFO - Processing file /home/airflow/.local/lib/python3.12/site-packages/airflow/example_dags/example_task_group.py for tasks to queue
[2024-08-06T10:15:16.430+0000] {logging_mixin.py:188} INFO - [2024-08-06T10:15:16.429+0000] {dagbag.py:545} INFO - Filling up the DagBag from /home/airflow/.local/lib/python3.12/site-packages/airflow/example_dags/example_task_group.py
[2024-08-06T10:15:16.445+0000] {processor.py:840} INFO - DAG(s) 'example_task_group' retrieved from /home/airflow/.local/lib/python3.12/site-packages/airflow/example_dags/example_task_group.py
[2024-08-06T10:15:16.495+0000] {logging_mixin.py:188} INFO - [2024-08-06T10:15:16.495+0000] {dag.py:3089} INFO - Sync 1 DAGs
[2024-08-06T10:15:16.533+0000] {logging_mixin.py:188} INFO - [2024-08-06T10:15:16.532+0000] {dag.py:3947} INFO - Setting next_dagrun for example_task_group to 2024-08-05 00:00:00+00:00, run_after=2024-08-06 00:00:00+00:00
[2024-08-06T10:15:16.566+0000] {processor.py:183} INFO - Processing /home/airflow/.local/lib/python3.12/site-packages/airflow/example_dags/example_task_group.py took 0.162 seconds
[2024-08-06T10:15:46.736+0000] {processor.py:161} INFO - Started process (PID=3871) to work on /home/airflow/.local/lib/python3.12/site-packages/airflow/example_dags/example_task_group.py
[2024-08-06T10:15:46.738+0000] {processor.py:830} INFO - Processing file /home/airflow/.local/lib/python3.12/site-packages/airflow/example_dags/example_task_group.py for tasks to queue
[2024-08-06T10:15:46.741+0000] {logging_mixin.py:188} INFO - [2024-08-06T10:15:46.741+0000] {dagbag.py:545} INFO - Filling up the DagBag from /home/airflow/.local/lib/python3.12/site-packages/airflow/example_dags/example_task_group.py
[2024-08-06T10:15:46.750+0000] {processor.py:840} INFO - DAG(s) 'example_task_group' retrieved from /home/airflow/.local/lib/python3.12/site-packages/airflow/example_dags/example_task_group.py
[2024-08-06T10:15:46.782+0000] {logging_mixin.py:188} INFO - [2024-08-06T10:15:46.781+0000] {dag.py:3089} INFO - Sync 1 DAGs
[2024-08-06T10:15:46.812+0000] {logging_mixin.py:188} INFO - [2024-08-06T10:15:46.811+0000] {dag.py:3947} INFO - Setting next_dagrun for example_task_group to 2024-08-05 00:00:00+00:00, run_after=2024-08-06 00:00:00+00:00
[2024-08-06T10:15:46.842+0000] {processor.py:183} INFO - Processing /home/airflow/.local/lib/python3.12/site-packages/airflow/example_dags/example_task_group.py took 0.114 seconds
[2024-08-06T10:16:17.514+0000] {processor.py:161} INFO - Started process (PID=3935) to work on /home/airflow/.local/lib/python3.12/site-packages/airflow/example_dags/example_task_group.py
[2024-08-06T10:16:17.516+0000] {processor.py:830} INFO - Processing file /home/airflow/.local/lib/python3.12/site-packages/airflow/example_dags/example_task_group.py for tasks to queue
[2024-08-06T10:16:17.520+0000] {logging_mixin.py:188} INFO - [2024-08-06T10:16:17.520+0000] {dagbag.py:545} INFO - Filling up the DagBag from /home/airflow/.local/lib/python3.12/site-packages/airflow/example_dags/example_task_group.py
[2024-08-06T10:16:17.530+0000] {processor.py:840} INFO - DAG(s) 'example_task_group' retrieved from /home/airflow/.local/lib/python3.12/site-packages/airflow/example_dags/example_task_group.py
[2024-08-06T10:16:17.557+0000] {logging_mixin.py:188} INFO - [2024-08-06T10:16:17.557+0000] {dag.py:3089} INFO - Sync 1 DAGs
[2024-08-06T10:16:17.586+0000] {logging_mixin.py:188} INFO - [2024-08-06T10:16:17.586+0000] {dag.py:3947} INFO - Setting next_dagrun for example_task_group to 2024-08-05 00:00:00+00:00, run_after=2024-08-06 00:00:00+00:00
[2024-08-06T10:16:17.617+0000] {processor.py:183} INFO - Processing /home/airflow/.local/lib/python3.12/site-packages/airflow/example_dags/example_task_group.py took 0.110 seconds
[2024-08-06T10:16:48.842+0000] {processor.py:161} INFO - Started process (PID=3999) to work on /home/airflow/.local/lib/python3.12/site-packages/airflow/example_dags/example_task_group.py
[2024-08-06T10:16:48.844+0000] {processor.py:830} INFO - Processing file /home/airflow/.local/lib/python3.12/site-packages/airflow/example_dags/example_task_group.py for tasks to queue
[2024-08-06T10:16:48.846+0000] {logging_mixin.py:188} INFO - [2024-08-06T10:16:48.846+0000] {dagbag.py:545} INFO - Filling up the DagBag from /home/airflow/.local/lib/python3.12/site-packages/airflow/example_dags/example_task_group.py
[2024-08-06T10:16:48.856+0000] {processor.py:840} INFO - DAG(s) 'example_task_group' retrieved from /home/airflow/.local/lib/python3.12/site-packages/airflow/example_dags/example_task_group.py
[2024-08-06T10:16:48.879+0000] {logging_mixin.py:188} INFO - [2024-08-06T10:16:48.878+0000] {dag.py:3089} INFO - Sync 1 DAGs
[2024-08-06T10:16:48.903+0000] {logging_mixin.py:188} INFO - [2024-08-06T10:16:48.903+0000] {dag.py:3947} INFO - Setting next_dagrun for example_task_group to 2024-08-05 00:00:00+00:00, run_after=2024-08-06 00:00:00+00:00
[2024-08-06T10:16:48.928+0000] {processor.py:183} INFO - Processing /home/airflow/.local/lib/python3.12/site-packages/airflow/example_dags/example_task_group.py took 0.093 seconds
[2024-08-06T10:17:20.306+0000] {processor.py:161} INFO - Started process (PID=4064) to work on /home/airflow/.local/lib/python3.12/site-packages/airflow/example_dags/example_task_group.py
[2024-08-06T10:17:20.308+0000] {processor.py:830} INFO - Processing file /home/airflow/.local/lib/python3.12/site-packages/airflow/example_dags/example_task_group.py for tasks to queue
[2024-08-06T10:17:20.312+0000] {logging_mixin.py:188} INFO - [2024-08-06T10:17:20.311+0000] {dagbag.py:545} INFO - Filling up the DagBag from /home/airflow/.local/lib/python3.12/site-packages/airflow/example_dags/example_task_group.py
[2024-08-06T10:17:20.321+0000] {processor.py:840} INFO - DAG(s) 'example_task_group' retrieved from /home/airflow/.local/lib/python3.12/site-packages/airflow/example_dags/example_task_group.py
[2024-08-06T10:17:20.355+0000] {logging_mixin.py:188} INFO - [2024-08-06T10:17:20.354+0000] {dag.py:3089} INFO - Sync 1 DAGs
[2024-08-06T10:17:20.382+0000] {logging_mixin.py:188} INFO - [2024-08-06T10:17:20.381+0000] {dag.py:3947} INFO - Setting next_dagrun for example_task_group to 2024-08-05 00:00:00+00:00, run_after=2024-08-06 00:00:00+00:00
[2024-08-06T10:17:20.418+0000] {processor.py:183} INFO - Processing /home/airflow/.local/lib/python3.12/site-packages/airflow/example_dags/example_task_group.py took 0.119 seconds
[2024-08-06T10:17:50.865+0000] {processor.py:161} INFO - Started process (PID=4129) to work on /home/airflow/.local/lib/python3.12/site-packages/airflow/example_dags/example_task_group.py
[2024-08-06T10:17:50.869+0000] {processor.py:830} INFO - Processing file /home/airflow/.local/lib/python3.12/site-packages/airflow/example_dags/example_task_group.py for tasks to queue
[2024-08-06T10:17:50.871+0000] {logging_mixin.py:188} INFO - [2024-08-06T10:17:50.871+0000] {dagbag.py:545} INFO - Filling up the DagBag from /home/airflow/.local/lib/python3.12/site-packages/airflow/example_dags/example_task_group.py
[2024-08-06T10:17:50.882+0000] {processor.py:840} INFO - DAG(s) 'example_task_group' retrieved from /home/airflow/.local/lib/python3.12/site-packages/airflow/example_dags/example_task_group.py
[2024-08-06T10:17:50.908+0000] {logging_mixin.py:188} INFO - [2024-08-06T10:17:50.907+0000] {dag.py:3089} INFO - Sync 1 DAGs
[2024-08-06T10:17:50.931+0000] {logging_mixin.py:188} INFO - [2024-08-06T10:17:50.930+0000] {dag.py:3947} INFO - Setting next_dagrun for example_task_group to 2024-08-05 00:00:00+00:00, run_after=2024-08-06 00:00:00+00:00
[2024-08-06T10:17:50.951+0000] {processor.py:183} INFO - Processing /home/airflow/.local/lib/python3.12/site-packages/airflow/example_dags/example_task_group.py took 0.092 seconds
[2024-08-06T10:18:21.838+0000] {processor.py:161} INFO - Started process (PID=4194) to work on /home/airflow/.local/lib/python3.12/site-packages/airflow/example_dags/example_task_group.py
[2024-08-06T10:18:21.839+0000] {processor.py:830} INFO - Processing file /home/airflow/.local/lib/python3.12/site-packages/airflow/example_dags/example_task_group.py for tasks to queue
[2024-08-06T10:18:21.842+0000] {logging_mixin.py:188} INFO - [2024-08-06T10:18:21.841+0000] {dagbag.py:545} INFO - Filling up the DagBag from /home/airflow/.local/lib/python3.12/site-packages/airflow/example_dags/example_task_group.py
[2024-08-06T10:18:21.850+0000] {processor.py:840} INFO - DAG(s) 'example_task_group' retrieved from /home/airflow/.local/lib/python3.12/site-packages/airflow/example_dags/example_task_group.py
[2024-08-06T10:18:21.875+0000] {logging_mixin.py:188} INFO - [2024-08-06T10:18:21.875+0000] {dag.py:3089} INFO - Sync 1 DAGs
[2024-08-06T10:18:21.901+0000] {logging_mixin.py:188} INFO - [2024-08-06T10:18:21.901+0000] {dag.py:3947} INFO - Setting next_dagrun for example_task_group to 2024-08-05 00:00:00+00:00, run_after=2024-08-06 00:00:00+00:00
[2024-08-06T10:18:21.927+0000] {processor.py:183} INFO - Processing /home/airflow/.local/lib/python3.12/site-packages/airflow/example_dags/example_task_group.py took 0.097 seconds
[2024-08-06T10:18:53.200+0000] {processor.py:161} INFO - Started process (PID=4259) to work on /home/airflow/.local/lib/python3.12/site-packages/airflow/example_dags/example_task_group.py
[2024-08-06T10:18:53.201+0000] {processor.py:830} INFO - Processing file /home/airflow/.local/lib/python3.12/site-packages/airflow/example_dags/example_task_group.py for tasks to queue
[2024-08-06T10:18:53.204+0000] {logging_mixin.py:188} INFO - [2024-08-06T10:18:53.203+0000] {dagbag.py:545} INFO - Filling up the DagBag from /home/airflow/.local/lib/python3.12/site-packages/airflow/example_dags/example_task_group.py
[2024-08-06T10:18:53.214+0000] {processor.py:840} INFO - DAG(s) 'example_task_group' retrieved from /home/airflow/.local/lib/python3.12/site-packages/airflow/example_dags/example_task_group.py
[2024-08-06T10:18:53.242+0000] {logging_mixin.py:188} INFO - [2024-08-06T10:18:53.242+0000] {dag.py:3089} INFO - Sync 1 DAGs
[2024-08-06T10:18:53.267+0000] {logging_mixin.py:188} INFO - [2024-08-06T10:18:53.267+0000] {dag.py:3947} INFO - Setting next_dagrun for example_task_group to 2024-08-05 00:00:00+00:00, run_after=2024-08-06 00:00:00+00:00
[2024-08-06T10:18:53.290+0000] {processor.py:183} INFO - Processing /home/airflow/.local/lib/python3.12/site-packages/airflow/example_dags/example_task_group.py took 0.098 seconds
[2024-08-06T10:19:24.683+0000] {processor.py:161} INFO - Started process (PID=4330) to work on /home/airflow/.local/lib/python3.12/site-packages/airflow/example_dags/example_task_group.py
[2024-08-06T10:19:24.684+0000] {processor.py:830} INFO - Processing file /home/airflow/.local/lib/python3.12/site-packages/airflow/example_dags/example_task_group.py for tasks to queue
[2024-08-06T10:19:24.686+0000] {logging_mixin.py:188} INFO - [2024-08-06T10:19:24.686+0000] {dagbag.py:545} INFO - Filling up the DagBag from /home/airflow/.local/lib/python3.12/site-packages/airflow/example_dags/example_task_group.py
[2024-08-06T10:19:24.696+0000] {processor.py:840} INFO - DAG(s) 'example_task_group' retrieved from /home/airflow/.local/lib/python3.12/site-packages/airflow/example_dags/example_task_group.py
[2024-08-06T10:19:24.720+0000] {logging_mixin.py:188} INFO - [2024-08-06T10:19:24.720+0000] {dag.py:3089} INFO - Sync 1 DAGs
[2024-08-06T10:19:24.749+0000] {logging_mixin.py:188} INFO - [2024-08-06T10:19:24.749+0000] {dag.py:3947} INFO - Setting next_dagrun for example_task_group to 2024-08-05 00:00:00+00:00, run_after=2024-08-06 00:00:00+00:00
[2024-08-06T10:19:24.778+0000] {processor.py:183} INFO - Processing /home/airflow/.local/lib/python3.12/site-packages/airflow/example_dags/example_task_group.py took 0.103 seconds
[2024-08-06T10:19:55.624+0000] {processor.py:161} INFO - Started process (PID=4396) to work on /home/airflow/.local/lib/python3.12/site-packages/airflow/example_dags/example_task_group.py
[2024-08-06T10:19:55.626+0000] {processor.py:830} INFO - Processing file /home/airflow/.local/lib/python3.12/site-packages/airflow/example_dags/example_task_group.py for tasks to queue
[2024-08-06T10:19:55.630+0000] {logging_mixin.py:188} INFO - [2024-08-06T10:19:55.629+0000] {dagbag.py:545} INFO - Filling up the DagBag from /home/airflow/.local/lib/python3.12/site-packages/airflow/example_dags/example_task_group.py
[2024-08-06T10:19:55.643+0000] {processor.py:840} INFO - DAG(s) 'example_task_group' retrieved from /home/airflow/.local/lib/python3.12/site-packages/airflow/example_dags/example_task_group.py
[2024-08-06T10:19:55.667+0000] {logging_mixin.py:188} INFO - [2024-08-06T10:19:55.667+0000] {dag.py:3089} INFO - Sync 1 DAGs
[2024-08-06T10:19:55.697+0000] {logging_mixin.py:188} INFO - [2024-08-06T10:19:55.697+0000] {dag.py:3947} INFO - Setting next_dagrun for example_task_group to 2024-08-05 00:00:00+00:00, run_after=2024-08-06 00:00:00+00:00
[2024-08-06T10:19:55.721+0000] {processor.py:183} INFO - Processing /home/airflow/.local/lib/python3.12/site-packages/airflow/example_dags/example_task_group.py took 0.106 seconds
[2024-08-06T10:20:26.417+0000] {processor.py:161} INFO - Started process (PID=4461) to work on /home/airflow/.local/lib/python3.12/site-packages/airflow/example_dags/example_task_group.py
[2024-08-06T10:20:26.418+0000] {processor.py:830} INFO - Processing file /home/airflow/.local/lib/python3.12/site-packages/airflow/example_dags/example_task_group.py for tasks to queue
[2024-08-06T10:20:26.421+0000] {logging_mixin.py:188} INFO - [2024-08-06T10:20:26.421+0000] {dagbag.py:545} INFO - Filling up the DagBag from /home/airflow/.local/lib/python3.12/site-packages/airflow/example_dags/example_task_group.py
[2024-08-06T10:20:26.432+0000] {processor.py:840} INFO - DAG(s) 'example_task_group' retrieved from /home/airflow/.local/lib/python3.12/site-packages/airflow/example_dags/example_task_group.py
[2024-08-06T10:20:26.466+0000] {logging_mixin.py:188} INFO - [2024-08-06T10:20:26.465+0000] {dag.py:3089} INFO - Sync 1 DAGs
[2024-08-06T10:20:26.501+0000] {logging_mixin.py:188} INFO - [2024-08-06T10:20:26.501+0000] {dag.py:3947} INFO - Setting next_dagrun for example_task_group to 2024-08-05 00:00:00+00:00, run_after=2024-08-06 00:00:00+00:00
[2024-08-06T10:20:26.530+0000] {processor.py:183} INFO - Processing /home/airflow/.local/lib/python3.12/site-packages/airflow/example_dags/example_task_group.py took 0.122 seconds
[2024-08-06T10:20:57.561+0000] {processor.py:161} INFO - Started process (PID=4525) to work on /home/airflow/.local/lib/python3.12/site-packages/airflow/example_dags/example_task_group.py
[2024-08-06T10:20:57.562+0000] {processor.py:830} INFO - Processing file /home/airflow/.local/lib/python3.12/site-packages/airflow/example_dags/example_task_group.py for tasks to queue
[2024-08-06T10:20:57.569+0000] {logging_mixin.py:188} INFO - [2024-08-06T10:20:57.568+0000] {dagbag.py:545} INFO - Filling up the DagBag from /home/airflow/.local/lib/python3.12/site-packages/airflow/example_dags/example_task_group.py
[2024-08-06T10:20:57.578+0000] {processor.py:840} INFO - DAG(s) 'example_task_group' retrieved from /home/airflow/.local/lib/python3.12/site-packages/airflow/example_dags/example_task_group.py
[2024-08-06T10:20:57.607+0000] {logging_mixin.py:188} INFO - [2024-08-06T10:20:57.607+0000] {dag.py:3089} INFO - Sync 1 DAGs
[2024-08-06T10:20:57.633+0000] {logging_mixin.py:188} INFO - [2024-08-06T10:20:57.633+0000] {dag.py:3947} INFO - Setting next_dagrun for example_task_group to 2024-08-05 00:00:00+00:00, run_after=2024-08-06 00:00:00+00:00
[2024-08-06T10:20:57.658+0000] {processor.py:183} INFO - Processing /home/airflow/.local/lib/python3.12/site-packages/airflow/example_dags/example_task_group.py took 0.104 seconds
[2024-08-06T10:21:28.840+0000] {processor.py:161} INFO - Started process (PID=4590) to work on /home/airflow/.local/lib/python3.12/site-packages/airflow/example_dags/example_task_group.py
[2024-08-06T10:21:28.843+0000] {processor.py:830} INFO - Processing file /home/airflow/.local/lib/python3.12/site-packages/airflow/example_dags/example_task_group.py for tasks to queue
[2024-08-06T10:21:28.850+0000] {logging_mixin.py:188} INFO - [2024-08-06T10:21:28.849+0000] {dagbag.py:545} INFO - Filling up the DagBag from /home/airflow/.local/lib/python3.12/site-packages/airflow/example_dags/example_task_group.py
[2024-08-06T10:21:28.860+0000] {processor.py:840} INFO - DAG(s) 'example_task_group' retrieved from /home/airflow/.local/lib/python3.12/site-packages/airflow/example_dags/example_task_group.py
[2024-08-06T10:21:28.898+0000] {logging_mixin.py:188} INFO - [2024-08-06T10:21:28.898+0000] {dag.py:3089} INFO - Sync 1 DAGs
[2024-08-06T10:21:28.931+0000] {logging_mixin.py:188} INFO - [2024-08-06T10:21:28.931+0000] {dag.py:3947} INFO - Setting next_dagrun for example_task_group to 2024-08-05 00:00:00+00:00, run_after=2024-08-06 00:00:00+00:00
[2024-08-06T10:21:28.959+0000] {processor.py:183} INFO - Processing /home/airflow/.local/lib/python3.12/site-packages/airflow/example_dags/example_task_group.py took 0.126 seconds
[2024-08-06T10:34:11.519+0000] {processor.py:161} INFO - Started process (PID=4652) to work on /home/airflow/.local/lib/python3.12/site-packages/airflow/example_dags/example_task_group.py
[2024-08-06T10:34:11.521+0000] {processor.py:830} INFO - Processing file /home/airflow/.local/lib/python3.12/site-packages/airflow/example_dags/example_task_group.py for tasks to queue
[2024-08-06T10:34:11.524+0000] {logging_mixin.py:188} INFO - [2024-08-06T10:34:11.523+0000] {dagbag.py:545} INFO - Filling up the DagBag from /home/airflow/.local/lib/python3.12/site-packages/airflow/example_dags/example_task_group.py
[2024-08-06T10:34:11.534+0000] {processor.py:840} INFO - DAG(s) 'example_task_group' retrieved from /home/airflow/.local/lib/python3.12/site-packages/airflow/example_dags/example_task_group.py
[2024-08-06T10:34:11.571+0000] {logging_mixin.py:188} INFO - [2024-08-06T10:34:11.571+0000] {dag.py:3089} INFO - Sync 1 DAGs
[2024-08-06T10:34:11.598+0000] {logging_mixin.py:188} INFO - [2024-08-06T10:34:11.598+0000] {dag.py:3947} INFO - Setting next_dagrun for example_task_group to 2024-08-05 00:00:00+00:00, run_after=2024-08-06 00:00:00+00:00
[2024-08-06T10:34:11.629+0000] {processor.py:183} INFO - Processing /home/airflow/.local/lib/python3.12/site-packages/airflow/example_dags/example_task_group.py took 0.117 seconds
