[2024-08-06T09:19:12.830+0000] {processor.py:161} INFO - Started process (PID=92) to work on /home/airflow/.local/lib/python3.12/site-packages/airflow/example_dags/tutorial_dag.py
[2024-08-06T09:19:12.831+0000] {processor.py:830} INFO - Processing file /home/airflow/.local/lib/python3.12/site-packages/airflow/example_dags/tutorial_dag.py for tasks to queue
[2024-08-06T09:19:12.834+0000] {logging_mixin.py:188} INFO - [2024-08-06T09:19:12.834+0000] {dagbag.py:545} INFO - Filling up the DagBag from /home/airflow/.local/lib/python3.12/site-packages/airflow/example_dags/tutorial_dag.py
[2024-08-06T09:19:12.842+0000] {processor.py:840} INFO - DAG(s) 'tutorial_dag' retrieved from /home/airflow/.local/lib/python3.12/site-packages/airflow/example_dags/tutorial_dag.py
[2024-08-06T09:19:12.868+0000] {logging_mixin.py:188} INFO - [2024-08-06T09:19:12.868+0000] {dag.py:3089} INFO - Sync 1 DAGs
[2024-08-06T09:19:12.884+0000] {logging_mixin.py:188} INFO - [2024-08-06T09:19:12.884+0000] {dag.py:3947} INFO - Setting next_dagrun for tutorial_dag to None, run_after=None
[2024-08-06T09:19:12.907+0000] {processor.py:183} INFO - Processing /home/airflow/.local/lib/python3.12/site-packages/airflow/example_dags/tutorial_dag.py took 0.085 seconds
[2024-08-06T09:19:45.769+0000] {processor.py:161} INFO - Started process (PID=157) to work on /home/airflow/.local/lib/python3.12/site-packages/airflow/example_dags/tutorial_dag.py
[2024-08-06T09:19:45.771+0000] {processor.py:830} INFO - Processing file /home/airflow/.local/lib/python3.12/site-packages/airflow/example_dags/tutorial_dag.py for tasks to queue
[2024-08-06T09:19:45.792+0000] {logging_mixin.py:188} INFO - [2024-08-06T09:19:45.791+0000] {dagbag.py:545} INFO - Filling up the DagBag from /home/airflow/.local/lib/python3.12/site-packages/airflow/example_dags/tutorial_dag.py
[2024-08-06T09:19:45.799+0000] {processor.py:840} INFO - DAG(s) 'tutorial_dag' retrieved from /home/airflow/.local/lib/python3.12/site-packages/airflow/example_dags/tutorial_dag.py
[2024-08-06T09:19:45.830+0000] {logging_mixin.py:188} INFO - [2024-08-06T09:19:45.830+0000] {dag.py:3089} INFO - Sync 1 DAGs
[2024-08-06T09:19:45.848+0000] {logging_mixin.py:188} INFO - [2024-08-06T09:19:45.847+0000] {dag.py:3947} INFO - Setting next_dagrun for tutorial_dag to None, run_after=None
[2024-08-06T09:19:45.876+0000] {processor.py:183} INFO - Processing /home/airflow/.local/lib/python3.12/site-packages/airflow/example_dags/tutorial_dag.py took 0.122 seconds
[2024-08-06T09:20:16.853+0000] {processor.py:161} INFO - Started process (PID=222) to work on /home/airflow/.local/lib/python3.12/site-packages/airflow/example_dags/tutorial_dag.py
[2024-08-06T09:20:16.855+0000] {processor.py:830} INFO - Processing file /home/airflow/.local/lib/python3.12/site-packages/airflow/example_dags/tutorial_dag.py for tasks to queue
[2024-08-06T09:20:16.861+0000] {logging_mixin.py:188} INFO - [2024-08-06T09:20:16.861+0000] {dagbag.py:545} INFO - Filling up the DagBag from /home/airflow/.local/lib/python3.12/site-packages/airflow/example_dags/tutorial_dag.py
[2024-08-06T09:20:16.873+0000] {processor.py:840} INFO - DAG(s) 'tutorial_dag' retrieved from /home/airflow/.local/lib/python3.12/site-packages/airflow/example_dags/tutorial_dag.py
[2024-08-06T09:20:16.918+0000] {logging_mixin.py:188} INFO - [2024-08-06T09:20:16.917+0000] {dag.py:3089} INFO - Sync 1 DAGs
[2024-08-06T09:20:16.939+0000] {logging_mixin.py:188} INFO - [2024-08-06T09:20:16.938+0000] {dag.py:3947} INFO - Setting next_dagrun for tutorial_dag to None, run_after=None
[2024-08-06T09:20:16.974+0000] {processor.py:183} INFO - Processing /home/airflow/.local/lib/python3.12/site-packages/airflow/example_dags/tutorial_dag.py took 0.133 seconds
[2024-08-06T09:20:47.565+0000] {processor.py:161} INFO - Started process (PID=287) to work on /home/airflow/.local/lib/python3.12/site-packages/airflow/example_dags/tutorial_dag.py
[2024-08-06T09:20:47.567+0000] {processor.py:830} INFO - Processing file /home/airflow/.local/lib/python3.12/site-packages/airflow/example_dags/tutorial_dag.py for tasks to queue
[2024-08-06T09:20:47.571+0000] {logging_mixin.py:188} INFO - [2024-08-06T09:20:47.570+0000] {dagbag.py:545} INFO - Filling up the DagBag from /home/airflow/.local/lib/python3.12/site-packages/airflow/example_dags/tutorial_dag.py
[2024-08-06T09:20:47.580+0000] {processor.py:840} INFO - DAG(s) 'tutorial_dag' retrieved from /home/airflow/.local/lib/python3.12/site-packages/airflow/example_dags/tutorial_dag.py
[2024-08-06T09:20:47.622+0000] {logging_mixin.py:188} INFO - [2024-08-06T09:20:47.622+0000] {dag.py:3089} INFO - Sync 1 DAGs
[2024-08-06T09:20:47.641+0000] {logging_mixin.py:188} INFO - [2024-08-06T09:20:47.641+0000] {dag.py:3947} INFO - Setting next_dagrun for tutorial_dag to None, run_after=None
[2024-08-06T09:20:47.673+0000] {processor.py:183} INFO - Processing /home/airflow/.local/lib/python3.12/site-packages/airflow/example_dags/tutorial_dag.py took 0.118 seconds
[2024-08-06T09:21:18.242+0000] {processor.py:161} INFO - Started process (PID=352) to work on /home/airflow/.local/lib/python3.12/site-packages/airflow/example_dags/tutorial_dag.py
[2024-08-06T09:21:18.258+0000] {processor.py:830} INFO - Processing file /home/airflow/.local/lib/python3.12/site-packages/airflow/example_dags/tutorial_dag.py for tasks to queue
[2024-08-06T09:21:18.261+0000] {logging_mixin.py:188} INFO - [2024-08-06T09:21:18.261+0000] {dagbag.py:545} INFO - Filling up the DagBag from /home/airflow/.local/lib/python3.12/site-packages/airflow/example_dags/tutorial_dag.py
[2024-08-06T09:21:18.269+0000] {processor.py:840} INFO - DAG(s) 'tutorial_dag' retrieved from /home/airflow/.local/lib/python3.12/site-packages/airflow/example_dags/tutorial_dag.py
[2024-08-06T09:21:18.295+0000] {logging_mixin.py:188} INFO - [2024-08-06T09:21:18.294+0000] {dag.py:3089} INFO - Sync 1 DAGs
[2024-08-06T09:21:18.309+0000] {logging_mixin.py:188} INFO - [2024-08-06T09:21:18.309+0000] {dag.py:3947} INFO - Setting next_dagrun for tutorial_dag to None, run_after=None
[2024-08-06T09:21:18.333+0000] {processor.py:183} INFO - Processing /home/airflow/.local/lib/python3.12/site-packages/airflow/example_dags/tutorial_dag.py took 0.098 seconds
[2024-08-06T09:21:48.794+0000] {processor.py:161} INFO - Started process (PID=417) to work on /home/airflow/.local/lib/python3.12/site-packages/airflow/example_dags/tutorial_dag.py
[2024-08-06T09:21:48.796+0000] {processor.py:830} INFO - Processing file /home/airflow/.local/lib/python3.12/site-packages/airflow/example_dags/tutorial_dag.py for tasks to queue
[2024-08-06T09:21:48.799+0000] {logging_mixin.py:188} INFO - [2024-08-06T09:21:48.798+0000] {dagbag.py:545} INFO - Filling up the DagBag from /home/airflow/.local/lib/python3.12/site-packages/airflow/example_dags/tutorial_dag.py
[2024-08-06T09:21:48.806+0000] {processor.py:840} INFO - DAG(s) 'tutorial_dag' retrieved from /home/airflow/.local/lib/python3.12/site-packages/airflow/example_dags/tutorial_dag.py
[2024-08-06T09:21:48.829+0000] {logging_mixin.py:188} INFO - [2024-08-06T09:21:48.829+0000] {dag.py:3089} INFO - Sync 1 DAGs
[2024-08-06T09:21:48.848+0000] {logging_mixin.py:188} INFO - [2024-08-06T09:21:48.847+0000] {dag.py:3947} INFO - Setting next_dagrun for tutorial_dag to None, run_after=None
[2024-08-06T09:21:48.872+0000] {processor.py:183} INFO - Processing /home/airflow/.local/lib/python3.12/site-packages/airflow/example_dags/tutorial_dag.py took 0.085 seconds
[2024-08-06T09:22:20.506+0000] {processor.py:161} INFO - Started process (PID=482) to work on /home/airflow/.local/lib/python3.12/site-packages/airflow/example_dags/tutorial_dag.py
[2024-08-06T09:22:20.509+0000] {processor.py:830} INFO - Processing file /home/airflow/.local/lib/python3.12/site-packages/airflow/example_dags/tutorial_dag.py for tasks to queue
[2024-08-06T09:22:20.514+0000] {logging_mixin.py:188} INFO - [2024-08-06T09:22:20.513+0000] {dagbag.py:545} INFO - Filling up the DagBag from /home/airflow/.local/lib/python3.12/site-packages/airflow/example_dags/tutorial_dag.py
[2024-08-06T09:22:20.533+0000] {processor.py:840} INFO - DAG(s) 'tutorial_dag' retrieved from /home/airflow/.local/lib/python3.12/site-packages/airflow/example_dags/tutorial_dag.py
[2024-08-06T09:22:20.572+0000] {logging_mixin.py:188} INFO - [2024-08-06T09:22:20.571+0000] {dag.py:3089} INFO - Sync 1 DAGs
[2024-08-06T09:22:20.592+0000] {logging_mixin.py:188} INFO - [2024-08-06T09:22:20.592+0000] {dag.py:3947} INFO - Setting next_dagrun for tutorial_dag to None, run_after=None
[2024-08-06T09:22:20.631+0000] {processor.py:183} INFO - Processing /home/airflow/.local/lib/python3.12/site-packages/airflow/example_dags/tutorial_dag.py took 0.139 seconds
[2024-08-06T09:22:52.516+0000] {processor.py:161} INFO - Started process (PID=553) to work on /home/airflow/.local/lib/python3.12/site-packages/airflow/example_dags/tutorial_dag.py
[2024-08-06T09:22:52.518+0000] {processor.py:830} INFO - Processing file /home/airflow/.local/lib/python3.12/site-packages/airflow/example_dags/tutorial_dag.py for tasks to queue
[2024-08-06T09:22:52.520+0000] {logging_mixin.py:188} INFO - [2024-08-06T09:22:52.520+0000] {dagbag.py:545} INFO - Filling up the DagBag from /home/airflow/.local/lib/python3.12/site-packages/airflow/example_dags/tutorial_dag.py
[2024-08-06T09:22:52.529+0000] {processor.py:840} INFO - DAG(s) 'tutorial_dag' retrieved from /home/airflow/.local/lib/python3.12/site-packages/airflow/example_dags/tutorial_dag.py
[2024-08-06T09:22:52.557+0000] {logging_mixin.py:188} INFO - [2024-08-06T09:22:52.556+0000] {dag.py:3089} INFO - Sync 1 DAGs
[2024-08-06T09:22:52.572+0000] {logging_mixin.py:188} INFO - [2024-08-06T09:22:52.572+0000] {dag.py:3947} INFO - Setting next_dagrun for tutorial_dag to None, run_after=None
[2024-08-06T09:22:52.601+0000] {processor.py:183} INFO - Processing /home/airflow/.local/lib/python3.12/site-packages/airflow/example_dags/tutorial_dag.py took 0.095 seconds
[2024-08-06T09:23:23.236+0000] {processor.py:161} INFO - Started process (PID=618) to work on /home/airflow/.local/lib/python3.12/site-packages/airflow/example_dags/tutorial_dag.py
[2024-08-06T09:23:23.238+0000] {processor.py:830} INFO - Processing file /home/airflow/.local/lib/python3.12/site-packages/airflow/example_dags/tutorial_dag.py for tasks to queue
[2024-08-06T09:23:23.241+0000] {logging_mixin.py:188} INFO - [2024-08-06T09:23:23.241+0000] {dagbag.py:545} INFO - Filling up the DagBag from /home/airflow/.local/lib/python3.12/site-packages/airflow/example_dags/tutorial_dag.py
[2024-08-06T09:23:23.251+0000] {processor.py:840} INFO - DAG(s) 'tutorial_dag' retrieved from /home/airflow/.local/lib/python3.12/site-packages/airflow/example_dags/tutorial_dag.py
[2024-08-06T09:23:23.282+0000] {logging_mixin.py:188} INFO - [2024-08-06T09:23:23.282+0000] {dag.py:3089} INFO - Sync 1 DAGs
[2024-08-06T09:23:23.298+0000] {logging_mixin.py:188} INFO - [2024-08-06T09:23:23.297+0000] {dag.py:3947} INFO - Setting next_dagrun for tutorial_dag to None, run_after=None
[2024-08-06T09:23:23.326+0000] {processor.py:183} INFO - Processing /home/airflow/.local/lib/python3.12/site-packages/airflow/example_dags/tutorial_dag.py took 0.098 seconds
[2024-08-06T09:23:55.146+0000] {processor.py:161} INFO - Started process (PID=683) to work on /home/airflow/.local/lib/python3.12/site-packages/airflow/example_dags/tutorial_dag.py
[2024-08-06T09:23:55.149+0000] {processor.py:830} INFO - Processing file /home/airflow/.local/lib/python3.12/site-packages/airflow/example_dags/tutorial_dag.py for tasks to queue
[2024-08-06T09:23:55.152+0000] {logging_mixin.py:188} INFO - [2024-08-06T09:23:55.152+0000] {dagbag.py:545} INFO - Filling up the DagBag from /home/airflow/.local/lib/python3.12/site-packages/airflow/example_dags/tutorial_dag.py
[2024-08-06T09:23:55.159+0000] {processor.py:840} INFO - DAG(s) 'tutorial_dag' retrieved from /home/airflow/.local/lib/python3.12/site-packages/airflow/example_dags/tutorial_dag.py
[2024-08-06T09:23:55.191+0000] {logging_mixin.py:188} INFO - [2024-08-06T09:23:55.190+0000] {dag.py:3089} INFO - Sync 1 DAGs
[2024-08-06T09:23:55.211+0000] {logging_mixin.py:188} INFO - [2024-08-06T09:23:55.210+0000] {dag.py:3947} INFO - Setting next_dagrun for tutorial_dag to None, run_after=None
[2024-08-06T09:23:55.244+0000] {processor.py:183} INFO - Processing /home/airflow/.local/lib/python3.12/site-packages/airflow/example_dags/tutorial_dag.py took 0.106 seconds
[2024-08-06T09:24:26.421+0000] {processor.py:161} INFO - Started process (PID=748) to work on /home/airflow/.local/lib/python3.12/site-packages/airflow/example_dags/tutorial_dag.py
[2024-08-06T09:24:26.423+0000] {processor.py:830} INFO - Processing file /home/airflow/.local/lib/python3.12/site-packages/airflow/example_dags/tutorial_dag.py for tasks to queue
[2024-08-06T09:24:26.427+0000] {logging_mixin.py:188} INFO - [2024-08-06T09:24:26.426+0000] {dagbag.py:545} INFO - Filling up the DagBag from /home/airflow/.local/lib/python3.12/site-packages/airflow/example_dags/tutorial_dag.py
[2024-08-06T09:24:26.438+0000] {processor.py:840} INFO - DAG(s) 'tutorial_dag' retrieved from /home/airflow/.local/lib/python3.12/site-packages/airflow/example_dags/tutorial_dag.py
[2024-08-06T09:24:26.466+0000] {logging_mixin.py:188} INFO - [2024-08-06T09:24:26.465+0000] {dag.py:3089} INFO - Sync 1 DAGs
[2024-08-06T09:24:26.480+0000] {logging_mixin.py:188} INFO - [2024-08-06T09:24:26.480+0000] {dag.py:3947} INFO - Setting next_dagrun for tutorial_dag to None, run_after=None
[2024-08-06T09:24:26.507+0000] {processor.py:183} INFO - Processing /home/airflow/.local/lib/python3.12/site-packages/airflow/example_dags/tutorial_dag.py took 0.097 seconds
[2024-08-06T09:24:57.198+0000] {processor.py:161} INFO - Started process (PID=813) to work on /home/airflow/.local/lib/python3.12/site-packages/airflow/example_dags/tutorial_dag.py
[2024-08-06T09:24:57.200+0000] {processor.py:830} INFO - Processing file /home/airflow/.local/lib/python3.12/site-packages/airflow/example_dags/tutorial_dag.py for tasks to queue
[2024-08-06T09:24:57.202+0000] {logging_mixin.py:188} INFO - [2024-08-06T09:24:57.202+0000] {dagbag.py:545} INFO - Filling up the DagBag from /home/airflow/.local/lib/python3.12/site-packages/airflow/example_dags/tutorial_dag.py
[2024-08-06T09:24:57.209+0000] {processor.py:840} INFO - DAG(s) 'tutorial_dag' retrieved from /home/airflow/.local/lib/python3.12/site-packages/airflow/example_dags/tutorial_dag.py
[2024-08-06T09:24:57.232+0000] {logging_mixin.py:188} INFO - [2024-08-06T09:24:57.231+0000] {dag.py:3089} INFO - Sync 1 DAGs
[2024-08-06T09:24:57.248+0000] {logging_mixin.py:188} INFO - [2024-08-06T09:24:57.248+0000] {dag.py:3947} INFO - Setting next_dagrun for tutorial_dag to None, run_after=None
[2024-08-06T09:24:57.272+0000] {processor.py:183} INFO - Processing /home/airflow/.local/lib/python3.12/site-packages/airflow/example_dags/tutorial_dag.py took 0.080 seconds
[2024-08-06T09:25:28.442+0000] {processor.py:161} INFO - Started process (PID=879) to work on /home/airflow/.local/lib/python3.12/site-packages/airflow/example_dags/tutorial_dag.py
[2024-08-06T09:25:28.443+0000] {processor.py:830} INFO - Processing file /home/airflow/.local/lib/python3.12/site-packages/airflow/example_dags/tutorial_dag.py for tasks to queue
[2024-08-06T09:25:28.445+0000] {logging_mixin.py:188} INFO - [2024-08-06T09:25:28.445+0000] {dagbag.py:545} INFO - Filling up the DagBag from /home/airflow/.local/lib/python3.12/site-packages/airflow/example_dags/tutorial_dag.py
[2024-08-06T09:25:28.454+0000] {processor.py:840} INFO - DAG(s) 'tutorial_dag' retrieved from /home/airflow/.local/lib/python3.12/site-packages/airflow/example_dags/tutorial_dag.py
[2024-08-06T09:25:28.475+0000] {logging_mixin.py:188} INFO - [2024-08-06T09:25:28.475+0000] {dag.py:3089} INFO - Sync 1 DAGs
[2024-08-06T09:25:28.489+0000] {logging_mixin.py:188} INFO - [2024-08-06T09:25:28.489+0000] {dag.py:3947} INFO - Setting next_dagrun for tutorial_dag to None, run_after=None
[2024-08-06T09:25:28.511+0000] {processor.py:183} INFO - Processing /home/airflow/.local/lib/python3.12/site-packages/airflow/example_dags/tutorial_dag.py took 0.076 seconds
[2024-08-06T09:26:00.704+0000] {processor.py:161} INFO - Started process (PID=944) to work on /home/airflow/.local/lib/python3.12/site-packages/airflow/example_dags/tutorial_dag.py
[2024-08-06T09:26:00.706+0000] {processor.py:830} INFO - Processing file /home/airflow/.local/lib/python3.12/site-packages/airflow/example_dags/tutorial_dag.py for tasks to queue
[2024-08-06T09:26:00.709+0000] {logging_mixin.py:188} INFO - [2024-08-06T09:26:00.709+0000] {dagbag.py:545} INFO - Filling up the DagBag from /home/airflow/.local/lib/python3.12/site-packages/airflow/example_dags/tutorial_dag.py
[2024-08-06T09:26:00.716+0000] {processor.py:840} INFO - DAG(s) 'tutorial_dag' retrieved from /home/airflow/.local/lib/python3.12/site-packages/airflow/example_dags/tutorial_dag.py
[2024-08-06T09:26:00.741+0000] {logging_mixin.py:188} INFO - [2024-08-06T09:26:00.740+0000] {dag.py:3089} INFO - Sync 1 DAGs
[2024-08-06T09:26:00.754+0000] {logging_mixin.py:188} INFO - [2024-08-06T09:26:00.754+0000] {dag.py:3947} INFO - Setting next_dagrun for tutorial_dag to None, run_after=None
[2024-08-06T09:26:00.776+0000] {processor.py:183} INFO - Processing /home/airflow/.local/lib/python3.12/site-packages/airflow/example_dags/tutorial_dag.py took 0.082 seconds
[2024-08-06T09:26:32.077+0000] {processor.py:161} INFO - Started process (PID=1009) to work on /home/airflow/.local/lib/python3.12/site-packages/airflow/example_dags/tutorial_dag.py
[2024-08-06T09:26:32.079+0000] {processor.py:830} INFO - Processing file /home/airflow/.local/lib/python3.12/site-packages/airflow/example_dags/tutorial_dag.py for tasks to queue
[2024-08-06T09:26:32.081+0000] {logging_mixin.py:188} INFO - [2024-08-06T09:26:32.081+0000] {dagbag.py:545} INFO - Filling up the DagBag from /home/airflow/.local/lib/python3.12/site-packages/airflow/example_dags/tutorial_dag.py
[2024-08-06T09:26:32.089+0000] {processor.py:840} INFO - DAG(s) 'tutorial_dag' retrieved from /home/airflow/.local/lib/python3.12/site-packages/airflow/example_dags/tutorial_dag.py
[2024-08-06T09:26:32.112+0000] {logging_mixin.py:188} INFO - [2024-08-06T09:26:32.112+0000] {dag.py:3089} INFO - Sync 1 DAGs
[2024-08-06T09:26:32.126+0000] {logging_mixin.py:188} INFO - [2024-08-06T09:26:32.126+0000] {dag.py:3947} INFO - Setting next_dagrun for tutorial_dag to None, run_after=None
[2024-08-06T09:26:32.152+0000] {processor.py:183} INFO - Processing /home/airflow/.local/lib/python3.12/site-packages/airflow/example_dags/tutorial_dag.py took 0.082 seconds
[2024-08-06T09:27:03.385+0000] {processor.py:161} INFO - Started process (PID=1074) to work on /home/airflow/.local/lib/python3.12/site-packages/airflow/example_dags/tutorial_dag.py
[2024-08-06T09:27:03.387+0000] {processor.py:830} INFO - Processing file /home/airflow/.local/lib/python3.12/site-packages/airflow/example_dags/tutorial_dag.py for tasks to queue
[2024-08-06T09:27:03.391+0000] {logging_mixin.py:188} INFO - [2024-08-06T09:27:03.390+0000] {dagbag.py:545} INFO - Filling up the DagBag from /home/airflow/.local/lib/python3.12/site-packages/airflow/example_dags/tutorial_dag.py
[2024-08-06T09:27:03.401+0000] {processor.py:840} INFO - DAG(s) 'tutorial_dag' retrieved from /home/airflow/.local/lib/python3.12/site-packages/airflow/example_dags/tutorial_dag.py
[2024-08-06T09:27:03.435+0000] {logging_mixin.py:188} INFO - [2024-08-06T09:27:03.434+0000] {dag.py:3089} INFO - Sync 1 DAGs
[2024-08-06T09:27:03.456+0000] {logging_mixin.py:188} INFO - [2024-08-06T09:27:03.455+0000] {dag.py:3947} INFO - Setting next_dagrun for tutorial_dag to None, run_after=None
[2024-08-06T09:27:03.486+0000] {processor.py:183} INFO - Processing /home/airflow/.local/lib/python3.12/site-packages/airflow/example_dags/tutorial_dag.py took 0.112 seconds
[2024-08-06T09:27:33.897+0000] {processor.py:161} INFO - Started process (PID=1139) to work on /home/airflow/.local/lib/python3.12/site-packages/airflow/example_dags/tutorial_dag.py
[2024-08-06T09:27:33.899+0000] {processor.py:830} INFO - Processing file /home/airflow/.local/lib/python3.12/site-packages/airflow/example_dags/tutorial_dag.py for tasks to queue
[2024-08-06T09:27:33.902+0000] {logging_mixin.py:188} INFO - [2024-08-06T09:27:33.902+0000] {dagbag.py:545} INFO - Filling up the DagBag from /home/airflow/.local/lib/python3.12/site-packages/airflow/example_dags/tutorial_dag.py
[2024-08-06T09:27:33.911+0000] {processor.py:840} INFO - DAG(s) 'tutorial_dag' retrieved from /home/airflow/.local/lib/python3.12/site-packages/airflow/example_dags/tutorial_dag.py
[2024-08-06T09:27:33.946+0000] {logging_mixin.py:188} INFO - [2024-08-06T09:27:33.945+0000] {dag.py:3089} INFO - Sync 1 DAGs
[2024-08-06T09:27:33.968+0000] {logging_mixin.py:188} INFO - [2024-08-06T09:27:33.968+0000] {dag.py:3947} INFO - Setting next_dagrun for tutorial_dag to None, run_after=None
[2024-08-06T09:27:34.005+0000] {processor.py:183} INFO - Processing /home/airflow/.local/lib/python3.12/site-packages/airflow/example_dags/tutorial_dag.py took 0.117 seconds
[2024-08-06T09:28:05.912+0000] {processor.py:161} INFO - Started process (PID=1204) to work on /home/airflow/.local/lib/python3.12/site-packages/airflow/example_dags/tutorial_dag.py
[2024-08-06T09:28:05.920+0000] {processor.py:830} INFO - Processing file /home/airflow/.local/lib/python3.12/site-packages/airflow/example_dags/tutorial_dag.py for tasks to queue
[2024-08-06T09:28:05.923+0000] {logging_mixin.py:188} INFO - [2024-08-06T09:28:05.923+0000] {dagbag.py:545} INFO - Filling up the DagBag from /home/airflow/.local/lib/python3.12/site-packages/airflow/example_dags/tutorial_dag.py
[2024-08-06T09:28:05.931+0000] {processor.py:840} INFO - DAG(s) 'tutorial_dag' retrieved from /home/airflow/.local/lib/python3.12/site-packages/airflow/example_dags/tutorial_dag.py
[2024-08-06T09:28:05.964+0000] {logging_mixin.py:188} INFO - [2024-08-06T09:28:05.964+0000] {dag.py:3089} INFO - Sync 1 DAGs
[2024-08-06T09:28:05.990+0000] {logging_mixin.py:188} INFO - [2024-08-06T09:28:05.990+0000] {dag.py:3947} INFO - Setting next_dagrun for tutorial_dag to None, run_after=None
[2024-08-06T09:28:06.018+0000] {processor.py:183} INFO - Processing /home/airflow/.local/lib/python3.12/site-packages/airflow/example_dags/tutorial_dag.py took 0.115 seconds
[2024-08-06T09:28:37.738+0000] {processor.py:161} INFO - Started process (PID=1269) to work on /home/airflow/.local/lib/python3.12/site-packages/airflow/example_dags/tutorial_dag.py
[2024-08-06T09:28:37.740+0000] {processor.py:830} INFO - Processing file /home/airflow/.local/lib/python3.12/site-packages/airflow/example_dags/tutorial_dag.py for tasks to queue
[2024-08-06T09:28:37.747+0000] {logging_mixin.py:188} INFO - [2024-08-06T09:28:37.747+0000] {dagbag.py:545} INFO - Filling up the DagBag from /home/airflow/.local/lib/python3.12/site-packages/airflow/example_dags/tutorial_dag.py
[2024-08-06T09:28:37.755+0000] {processor.py:840} INFO - DAG(s) 'tutorial_dag' retrieved from /home/airflow/.local/lib/python3.12/site-packages/airflow/example_dags/tutorial_dag.py
[2024-08-06T09:28:37.779+0000] {logging_mixin.py:188} INFO - [2024-08-06T09:28:37.778+0000] {dag.py:3089} INFO - Sync 1 DAGs
[2024-08-06T09:28:37.792+0000] {logging_mixin.py:188} INFO - [2024-08-06T09:28:37.792+0000] {dag.py:3947} INFO - Setting next_dagrun for tutorial_dag to None, run_after=None
[2024-08-06T09:28:37.815+0000] {processor.py:183} INFO - Processing /home/airflow/.local/lib/python3.12/site-packages/airflow/example_dags/tutorial_dag.py took 0.087 seconds
[2024-08-06T09:29:09.498+0000] {processor.py:161} INFO - Started process (PID=1334) to work on /home/airflow/.local/lib/python3.12/site-packages/airflow/example_dags/tutorial_dag.py
[2024-08-06T09:29:09.500+0000] {processor.py:830} INFO - Processing file /home/airflow/.local/lib/python3.12/site-packages/airflow/example_dags/tutorial_dag.py for tasks to queue
[2024-08-06T09:29:09.503+0000] {logging_mixin.py:188} INFO - [2024-08-06T09:29:09.503+0000] {dagbag.py:545} INFO - Filling up the DagBag from /home/airflow/.local/lib/python3.12/site-packages/airflow/example_dags/tutorial_dag.py
[2024-08-06T09:29:09.513+0000] {processor.py:840} INFO - DAG(s) 'tutorial_dag' retrieved from /home/airflow/.local/lib/python3.12/site-packages/airflow/example_dags/tutorial_dag.py
[2024-08-06T09:29:09.548+0000] {logging_mixin.py:188} INFO - [2024-08-06T09:29:09.548+0000] {dag.py:3089} INFO - Sync 1 DAGs
[2024-08-06T09:29:09.570+0000] {logging_mixin.py:188} INFO - [2024-08-06T09:29:09.570+0000] {dag.py:3947} INFO - Setting next_dagrun for tutorial_dag to None, run_after=None
[2024-08-06T09:29:09.607+0000] {processor.py:183} INFO - Processing /home/airflow/.local/lib/python3.12/site-packages/airflow/example_dags/tutorial_dag.py took 0.116 seconds
[2024-08-06T09:29:40.154+0000] {processor.py:161} INFO - Started process (PID=1399) to work on /home/airflow/.local/lib/python3.12/site-packages/airflow/example_dags/tutorial_dag.py
[2024-08-06T09:29:40.155+0000] {processor.py:830} INFO - Processing file /home/airflow/.local/lib/python3.12/site-packages/airflow/example_dags/tutorial_dag.py for tasks to queue
[2024-08-06T09:29:40.158+0000] {logging_mixin.py:188} INFO - [2024-08-06T09:29:40.157+0000] {dagbag.py:545} INFO - Filling up the DagBag from /home/airflow/.local/lib/python3.12/site-packages/airflow/example_dags/tutorial_dag.py
[2024-08-06T09:29:40.167+0000] {processor.py:840} INFO - DAG(s) 'tutorial_dag' retrieved from /home/airflow/.local/lib/python3.12/site-packages/airflow/example_dags/tutorial_dag.py
[2024-08-06T09:29:40.208+0000] {logging_mixin.py:188} INFO - [2024-08-06T09:29:40.208+0000] {dag.py:3089} INFO - Sync 1 DAGs
[2024-08-06T09:29:40.224+0000] {logging_mixin.py:188} INFO - [2024-08-06T09:29:40.223+0000] {dag.py:3947} INFO - Setting next_dagrun for tutorial_dag to None, run_after=None
[2024-08-06T09:29:40.252+0000] {processor.py:183} INFO - Processing /home/airflow/.local/lib/python3.12/site-packages/airflow/example_dags/tutorial_dag.py took 0.105 seconds
[2024-08-06T09:30:11.752+0000] {processor.py:161} INFO - Started process (PID=1464) to work on /home/airflow/.local/lib/python3.12/site-packages/airflow/example_dags/tutorial_dag.py
[2024-08-06T09:30:11.753+0000] {processor.py:830} INFO - Processing file /home/airflow/.local/lib/python3.12/site-packages/airflow/example_dags/tutorial_dag.py for tasks to queue
[2024-08-06T09:30:11.756+0000] {logging_mixin.py:188} INFO - [2024-08-06T09:30:11.755+0000] {dagbag.py:545} INFO - Filling up the DagBag from /home/airflow/.local/lib/python3.12/site-packages/airflow/example_dags/tutorial_dag.py
[2024-08-06T09:30:11.763+0000] {processor.py:840} INFO - DAG(s) 'tutorial_dag' retrieved from /home/airflow/.local/lib/python3.12/site-packages/airflow/example_dags/tutorial_dag.py
[2024-08-06T09:30:11.791+0000] {logging_mixin.py:188} INFO - [2024-08-06T09:30:11.791+0000] {dag.py:3089} INFO - Sync 1 DAGs
[2024-08-06T09:30:11.806+0000] {logging_mixin.py:188} INFO - [2024-08-06T09:30:11.805+0000] {dag.py:3947} INFO - Setting next_dagrun for tutorial_dag to None, run_after=None
[2024-08-06T09:30:11.836+0000] {processor.py:183} INFO - Processing /home/airflow/.local/lib/python3.12/site-packages/airflow/example_dags/tutorial_dag.py took 0.092 seconds
[2024-08-06T09:30:43.929+0000] {processor.py:161} INFO - Started process (PID=1530) to work on /home/airflow/.local/lib/python3.12/site-packages/airflow/example_dags/tutorial_dag.py
[2024-08-06T09:30:43.931+0000] {processor.py:830} INFO - Processing file /home/airflow/.local/lib/python3.12/site-packages/airflow/example_dags/tutorial_dag.py for tasks to queue
[2024-08-06T09:30:43.933+0000] {logging_mixin.py:188} INFO - [2024-08-06T09:30:43.933+0000] {dagbag.py:545} INFO - Filling up the DagBag from /home/airflow/.local/lib/python3.12/site-packages/airflow/example_dags/tutorial_dag.py
[2024-08-06T09:30:43.941+0000] {processor.py:840} INFO - DAG(s) 'tutorial_dag' retrieved from /home/airflow/.local/lib/python3.12/site-packages/airflow/example_dags/tutorial_dag.py
[2024-08-06T09:30:43.966+0000] {logging_mixin.py:188} INFO - [2024-08-06T09:30:43.966+0000] {dag.py:3089} INFO - Sync 1 DAGs
[2024-08-06T09:30:43.981+0000] {logging_mixin.py:188} INFO - [2024-08-06T09:30:43.981+0000] {dag.py:3947} INFO - Setting next_dagrun for tutorial_dag to None, run_after=None
[2024-08-06T09:30:44.005+0000] {processor.py:183} INFO - Processing /home/airflow/.local/lib/python3.12/site-packages/airflow/example_dags/tutorial_dag.py took 0.084 seconds
[2024-08-06T09:31:14.250+0000] {processor.py:161} INFO - Started process (PID=1595) to work on /home/airflow/.local/lib/python3.12/site-packages/airflow/example_dags/tutorial_dag.py
[2024-08-06T09:31:14.252+0000] {processor.py:830} INFO - Processing file /home/airflow/.local/lib/python3.12/site-packages/airflow/example_dags/tutorial_dag.py for tasks to queue
[2024-08-06T09:31:14.254+0000] {logging_mixin.py:188} INFO - [2024-08-06T09:31:14.254+0000] {dagbag.py:545} INFO - Filling up the DagBag from /home/airflow/.local/lib/python3.12/site-packages/airflow/example_dags/tutorial_dag.py
[2024-08-06T09:31:14.260+0000] {processor.py:840} INFO - DAG(s) 'tutorial_dag' retrieved from /home/airflow/.local/lib/python3.12/site-packages/airflow/example_dags/tutorial_dag.py
[2024-08-06T09:31:14.283+0000] {logging_mixin.py:188} INFO - [2024-08-06T09:31:14.283+0000] {dag.py:3089} INFO - Sync 1 DAGs
[2024-08-06T09:31:14.296+0000] {logging_mixin.py:188} INFO - [2024-08-06T09:31:14.296+0000] {dag.py:3947} INFO - Setting next_dagrun for tutorial_dag to None, run_after=None
[2024-08-06T09:31:14.319+0000] {processor.py:183} INFO - Processing /home/airflow/.local/lib/python3.12/site-packages/airflow/example_dags/tutorial_dag.py took 0.076 seconds
[2024-08-06T09:31:46.102+0000] {processor.py:161} INFO - Started process (PID=1660) to work on /home/airflow/.local/lib/python3.12/site-packages/airflow/example_dags/tutorial_dag.py
[2024-08-06T09:31:46.104+0000] {processor.py:830} INFO - Processing file /home/airflow/.local/lib/python3.12/site-packages/airflow/example_dags/tutorial_dag.py for tasks to queue
[2024-08-06T09:31:46.106+0000] {logging_mixin.py:188} INFO - [2024-08-06T09:31:46.106+0000] {dagbag.py:545} INFO - Filling up the DagBag from /home/airflow/.local/lib/python3.12/site-packages/airflow/example_dags/tutorial_dag.py
[2024-08-06T09:31:46.113+0000] {processor.py:840} INFO - DAG(s) 'tutorial_dag' retrieved from /home/airflow/.local/lib/python3.12/site-packages/airflow/example_dags/tutorial_dag.py
[2024-08-06T09:31:46.134+0000] {logging_mixin.py:188} INFO - [2024-08-06T09:31:46.134+0000] {dag.py:3089} INFO - Sync 1 DAGs
[2024-08-06T09:31:46.150+0000] {logging_mixin.py:188} INFO - [2024-08-06T09:31:46.150+0000] {dag.py:3947} INFO - Setting next_dagrun for tutorial_dag to None, run_after=None
[2024-08-06T09:31:46.182+0000] {processor.py:183} INFO - Processing /home/airflow/.local/lib/python3.12/site-packages/airflow/example_dags/tutorial_dag.py took 0.087 seconds
[2024-08-06T09:32:16.902+0000] {processor.py:161} INFO - Started process (PID=1725) to work on /home/airflow/.local/lib/python3.12/site-packages/airflow/example_dags/tutorial_dag.py
[2024-08-06T09:32:16.904+0000] {processor.py:830} INFO - Processing file /home/airflow/.local/lib/python3.12/site-packages/airflow/example_dags/tutorial_dag.py for tasks to queue
[2024-08-06T09:32:16.907+0000] {logging_mixin.py:188} INFO - [2024-08-06T09:32:16.907+0000] {dagbag.py:545} INFO - Filling up the DagBag from /home/airflow/.local/lib/python3.12/site-packages/airflow/example_dags/tutorial_dag.py
[2024-08-06T09:32:16.917+0000] {processor.py:840} INFO - DAG(s) 'tutorial_dag' retrieved from /home/airflow/.local/lib/python3.12/site-packages/airflow/example_dags/tutorial_dag.py
[2024-08-06T09:32:16.947+0000] {logging_mixin.py:188} INFO - [2024-08-06T09:32:16.947+0000] {dag.py:3089} INFO - Sync 1 DAGs
[2024-08-06T09:32:16.965+0000] {logging_mixin.py:188} INFO - [2024-08-06T09:32:16.965+0000] {dag.py:3947} INFO - Setting next_dagrun for tutorial_dag to None, run_after=None
[2024-08-06T09:32:16.995+0000] {processor.py:183} INFO - Processing /home/airflow/.local/lib/python3.12/site-packages/airflow/example_dags/tutorial_dag.py took 0.102 seconds
[2024-08-06T09:32:48.939+0000] {processor.py:161} INFO - Started process (PID=1790) to work on /home/airflow/.local/lib/python3.12/site-packages/airflow/example_dags/tutorial_dag.py
[2024-08-06T09:32:48.941+0000] {processor.py:830} INFO - Processing file /home/airflow/.local/lib/python3.12/site-packages/airflow/example_dags/tutorial_dag.py for tasks to queue
[2024-08-06T09:32:48.944+0000] {logging_mixin.py:188} INFO - [2024-08-06T09:32:48.944+0000] {dagbag.py:545} INFO - Filling up the DagBag from /home/airflow/.local/lib/python3.12/site-packages/airflow/example_dags/tutorial_dag.py
[2024-08-06T09:32:48.952+0000] {processor.py:840} INFO - DAG(s) 'tutorial_dag' retrieved from /home/airflow/.local/lib/python3.12/site-packages/airflow/example_dags/tutorial_dag.py
[2024-08-06T09:32:48.983+0000] {logging_mixin.py:188} INFO - [2024-08-06T09:32:48.983+0000] {dag.py:3089} INFO - Sync 1 DAGs
[2024-08-06T09:32:48.999+0000] {logging_mixin.py:188} INFO - [2024-08-06T09:32:48.999+0000] {dag.py:3947} INFO - Setting next_dagrun for tutorial_dag to None, run_after=None
[2024-08-06T09:32:49.030+0000] {processor.py:183} INFO - Processing /home/airflow/.local/lib/python3.12/site-packages/airflow/example_dags/tutorial_dag.py took 0.099 seconds
[2024-08-06T09:33:21.477+0000] {processor.py:161} INFO - Started process (PID=1855) to work on /home/airflow/.local/lib/python3.12/site-packages/airflow/example_dags/tutorial_dag.py
[2024-08-06T09:33:21.478+0000] {processor.py:830} INFO - Processing file /home/airflow/.local/lib/python3.12/site-packages/airflow/example_dags/tutorial_dag.py for tasks to queue
[2024-08-06T09:33:21.481+0000] {logging_mixin.py:188} INFO - [2024-08-06T09:33:21.480+0000] {dagbag.py:545} INFO - Filling up the DagBag from /home/airflow/.local/lib/python3.12/site-packages/airflow/example_dags/tutorial_dag.py
[2024-08-06T09:33:21.490+0000] {processor.py:840} INFO - DAG(s) 'tutorial_dag' retrieved from /home/airflow/.local/lib/python3.12/site-packages/airflow/example_dags/tutorial_dag.py
[2024-08-06T09:33:21.522+0000] {logging_mixin.py:188} INFO - [2024-08-06T09:33:21.522+0000] {dag.py:3089} INFO - Sync 1 DAGs
[2024-08-06T09:33:21.544+0000] {logging_mixin.py:188} INFO - [2024-08-06T09:33:21.544+0000] {dag.py:3947} INFO - Setting next_dagrun for tutorial_dag to None, run_after=None
[2024-08-06T09:33:21.739+0000] {processor.py:183} INFO - Processing /home/airflow/.local/lib/python3.12/site-packages/airflow/example_dags/tutorial_dag.py took 0.269 seconds
[2024-08-06T09:33:52.083+0000] {processor.py:161} INFO - Started process (PID=1920) to work on /home/airflow/.local/lib/python3.12/site-packages/airflow/example_dags/tutorial_dag.py
[2024-08-06T09:33:52.085+0000] {processor.py:830} INFO - Processing file /home/airflow/.local/lib/python3.12/site-packages/airflow/example_dags/tutorial_dag.py for tasks to queue
[2024-08-06T09:33:52.087+0000] {logging_mixin.py:188} INFO - [2024-08-06T09:33:52.087+0000] {dagbag.py:545} INFO - Filling up the DagBag from /home/airflow/.local/lib/python3.12/site-packages/airflow/example_dags/tutorial_dag.py
[2024-08-06T09:33:52.094+0000] {processor.py:840} INFO - DAG(s) 'tutorial_dag' retrieved from /home/airflow/.local/lib/python3.12/site-packages/airflow/example_dags/tutorial_dag.py
[2024-08-06T09:33:52.117+0000] {logging_mixin.py:188} INFO - [2024-08-06T09:33:52.117+0000] {dag.py:3089} INFO - Sync 1 DAGs
[2024-08-06T09:33:52.134+0000] {logging_mixin.py:188} INFO - [2024-08-06T09:33:52.133+0000] {dag.py:3947} INFO - Setting next_dagrun for tutorial_dag to None, run_after=None
[2024-08-06T09:33:52.169+0000] {processor.py:183} INFO - Processing /home/airflow/.local/lib/python3.12/site-packages/airflow/example_dags/tutorial_dag.py took 0.098 seconds
[2024-08-06T09:34:23.425+0000] {processor.py:161} INFO - Started process (PID=1985) to work on /home/airflow/.local/lib/python3.12/site-packages/airflow/example_dags/tutorial_dag.py
[2024-08-06T09:34:23.427+0000] {processor.py:830} INFO - Processing file /home/airflow/.local/lib/python3.12/site-packages/airflow/example_dags/tutorial_dag.py for tasks to queue
[2024-08-06T09:34:23.430+0000] {logging_mixin.py:188} INFO - [2024-08-06T09:34:23.429+0000] {dagbag.py:545} INFO - Filling up the DagBag from /home/airflow/.local/lib/python3.12/site-packages/airflow/example_dags/tutorial_dag.py
[2024-08-06T09:34:23.438+0000] {processor.py:840} INFO - DAG(s) 'tutorial_dag' retrieved from /home/airflow/.local/lib/python3.12/site-packages/airflow/example_dags/tutorial_dag.py
[2024-08-06T09:34:23.477+0000] {logging_mixin.py:188} INFO - [2024-08-06T09:34:23.477+0000] {dag.py:3089} INFO - Sync 1 DAGs
[2024-08-06T09:34:23.502+0000] {logging_mixin.py:188} INFO - [2024-08-06T09:34:23.501+0000] {dag.py:3947} INFO - Setting next_dagrun for tutorial_dag to None, run_after=None
[2024-08-06T09:34:23.547+0000] {processor.py:183} INFO - Processing /home/airflow/.local/lib/python3.12/site-packages/airflow/example_dags/tutorial_dag.py took 0.130 seconds
[2024-08-06T10:01:19.513+0000] {processor.py:161} INFO - Started process (PID=2080) to work on /home/airflow/.local/lib/python3.12/site-packages/airflow/example_dags/tutorial_dag.py
[2024-08-06T10:01:19.514+0000] {processor.py:830} INFO - Processing file /home/airflow/.local/lib/python3.12/site-packages/airflow/example_dags/tutorial_dag.py for tasks to queue
[2024-08-06T10:01:19.517+0000] {logging_mixin.py:188} INFO - [2024-08-06T10:01:19.516+0000] {dagbag.py:545} INFO - Filling up the DagBag from /home/airflow/.local/lib/python3.12/site-packages/airflow/example_dags/tutorial_dag.py
[2024-08-06T10:01:19.524+0000] {processor.py:840} INFO - DAG(s) 'tutorial_dag' retrieved from /home/airflow/.local/lib/python3.12/site-packages/airflow/example_dags/tutorial_dag.py
[2024-08-06T10:01:19.551+0000] {logging_mixin.py:188} INFO - [2024-08-06T10:01:19.550+0000] {dag.py:3089} INFO - Sync 1 DAGs
[2024-08-06T10:01:19.738+0000] {logging_mixin.py:188} INFO - [2024-08-06T10:01:19.738+0000] {dag.py:3947} INFO - Setting next_dagrun for tutorial_dag to None, run_after=None
[2024-08-06T10:01:19.769+0000] {processor.py:183} INFO - Processing /home/airflow/.local/lib/python3.12/site-packages/airflow/example_dags/tutorial_dag.py took 0.264 seconds
[2024-08-06T10:01:50.897+0000] {processor.py:161} INFO - Started process (PID=2151) to work on /home/airflow/.local/lib/python3.12/site-packages/airflow/example_dags/tutorial_dag.py
[2024-08-06T10:01:50.903+0000] {processor.py:830} INFO - Processing file /home/airflow/.local/lib/python3.12/site-packages/airflow/example_dags/tutorial_dag.py for tasks to queue
[2024-08-06T10:01:50.906+0000] {logging_mixin.py:188} INFO - [2024-08-06T10:01:50.905+0000] {dagbag.py:545} INFO - Filling up the DagBag from /home/airflow/.local/lib/python3.12/site-packages/airflow/example_dags/tutorial_dag.py
[2024-08-06T10:01:50.913+0000] {processor.py:840} INFO - DAG(s) 'tutorial_dag' retrieved from /home/airflow/.local/lib/python3.12/site-packages/airflow/example_dags/tutorial_dag.py
[2024-08-06T10:01:50.939+0000] {logging_mixin.py:188} INFO - [2024-08-06T10:01:50.939+0000] {dag.py:3089} INFO - Sync 1 DAGs
[2024-08-06T10:01:50.955+0000] {logging_mixin.py:188} INFO - [2024-08-06T10:01:50.955+0000] {dag.py:3947} INFO - Setting next_dagrun for tutorial_dag to None, run_after=None
[2024-08-06T10:01:50.980+0000] {processor.py:183} INFO - Processing /home/airflow/.local/lib/python3.12/site-packages/airflow/example_dags/tutorial_dag.py took 0.090 seconds
[2024-08-06T10:02:21.679+0000] {processor.py:161} INFO - Started process (PID=2216) to work on /home/airflow/.local/lib/python3.12/site-packages/airflow/example_dags/tutorial_dag.py
[2024-08-06T10:02:21.682+0000] {processor.py:830} INFO - Processing file /home/airflow/.local/lib/python3.12/site-packages/airflow/example_dags/tutorial_dag.py for tasks to queue
[2024-08-06T10:02:21.684+0000] {logging_mixin.py:188} INFO - [2024-08-06T10:02:21.684+0000] {dagbag.py:545} INFO - Filling up the DagBag from /home/airflow/.local/lib/python3.12/site-packages/airflow/example_dags/tutorial_dag.py
[2024-08-06T10:02:21.694+0000] {processor.py:840} INFO - DAG(s) 'tutorial_dag' retrieved from /home/airflow/.local/lib/python3.12/site-packages/airflow/example_dags/tutorial_dag.py
[2024-08-06T10:02:21.721+0000] {logging_mixin.py:188} INFO - [2024-08-06T10:02:21.720+0000] {dag.py:3089} INFO - Sync 1 DAGs
[2024-08-06T10:02:21.736+0000] {logging_mixin.py:188} INFO - [2024-08-06T10:02:21.736+0000] {dag.py:3947} INFO - Setting next_dagrun for tutorial_dag to None, run_after=None
[2024-08-06T10:02:21.761+0000] {processor.py:183} INFO - Processing /home/airflow/.local/lib/python3.12/site-packages/airflow/example_dags/tutorial_dag.py took 0.090 seconds
[2024-08-06T10:02:52.990+0000] {processor.py:161} INFO - Started process (PID=2281) to work on /home/airflow/.local/lib/python3.12/site-packages/airflow/example_dags/tutorial_dag.py
[2024-08-06T10:02:52.991+0000] {processor.py:830} INFO - Processing file /home/airflow/.local/lib/python3.12/site-packages/airflow/example_dags/tutorial_dag.py for tasks to queue
[2024-08-06T10:02:52.994+0000] {logging_mixin.py:188} INFO - [2024-08-06T10:02:52.993+0000] {dagbag.py:545} INFO - Filling up the DagBag from /home/airflow/.local/lib/python3.12/site-packages/airflow/example_dags/tutorial_dag.py
[2024-08-06T10:02:53.000+0000] {processor.py:840} INFO - DAG(s) 'tutorial_dag' retrieved from /home/airflow/.local/lib/python3.12/site-packages/airflow/example_dags/tutorial_dag.py
[2024-08-06T10:02:53.025+0000] {logging_mixin.py:188} INFO - [2024-08-06T10:02:53.025+0000] {dag.py:3089} INFO - Sync 1 DAGs
[2024-08-06T10:02:53.039+0000] {logging_mixin.py:188} INFO - [2024-08-06T10:02:53.039+0000] {dag.py:3947} INFO - Setting next_dagrun for tutorial_dag to None, run_after=None
[2024-08-06T10:02:53.068+0000] {processor.py:183} INFO - Processing /home/airflow/.local/lib/python3.12/site-packages/airflow/example_dags/tutorial_dag.py took 0.085 seconds
[2024-08-06T10:03:23.716+0000] {processor.py:161} INFO - Started process (PID=2346) to work on /home/airflow/.local/lib/python3.12/site-packages/airflow/example_dags/tutorial_dag.py
[2024-08-06T10:03:23.720+0000] {processor.py:830} INFO - Processing file /home/airflow/.local/lib/python3.12/site-packages/airflow/example_dags/tutorial_dag.py for tasks to queue
[2024-08-06T10:03:23.723+0000] {logging_mixin.py:188} INFO - [2024-08-06T10:03:23.722+0000] {dagbag.py:545} INFO - Filling up the DagBag from /home/airflow/.local/lib/python3.12/site-packages/airflow/example_dags/tutorial_dag.py
[2024-08-06T10:03:23.731+0000] {processor.py:840} INFO - DAG(s) 'tutorial_dag' retrieved from /home/airflow/.local/lib/python3.12/site-packages/airflow/example_dags/tutorial_dag.py
[2024-08-06T10:03:23.758+0000] {logging_mixin.py:188} INFO - [2024-08-06T10:03:23.757+0000] {dag.py:3089} INFO - Sync 1 DAGs
[2024-08-06T10:03:23.778+0000] {logging_mixin.py:188} INFO - [2024-08-06T10:03:23.777+0000] {dag.py:3947} INFO - Setting next_dagrun for tutorial_dag to None, run_after=None
[2024-08-06T10:03:23.807+0000] {processor.py:183} INFO - Processing /home/airflow/.local/lib/python3.12/site-packages/airflow/example_dags/tutorial_dag.py took 0.100 seconds
[2024-08-06T10:03:54.533+0000] {processor.py:161} INFO - Started process (PID=2411) to work on /home/airflow/.local/lib/python3.12/site-packages/airflow/example_dags/tutorial_dag.py
[2024-08-06T10:03:54.535+0000] {processor.py:830} INFO - Processing file /home/airflow/.local/lib/python3.12/site-packages/airflow/example_dags/tutorial_dag.py for tasks to queue
[2024-08-06T10:03:54.537+0000] {logging_mixin.py:188} INFO - [2024-08-06T10:03:54.537+0000] {dagbag.py:545} INFO - Filling up the DagBag from /home/airflow/.local/lib/python3.12/site-packages/airflow/example_dags/tutorial_dag.py
[2024-08-06T10:03:54.544+0000] {processor.py:840} INFO - DAG(s) 'tutorial_dag' retrieved from /home/airflow/.local/lib/python3.12/site-packages/airflow/example_dags/tutorial_dag.py
[2024-08-06T10:03:54.573+0000] {logging_mixin.py:188} INFO - [2024-08-06T10:03:54.572+0000] {dag.py:3089} INFO - Sync 1 DAGs
[2024-08-06T10:03:54.587+0000] {logging_mixin.py:188} INFO - [2024-08-06T10:03:54.587+0000] {dag.py:3947} INFO - Setting next_dagrun for tutorial_dag to None, run_after=None
[2024-08-06T10:03:54.610+0000] {processor.py:183} INFO - Processing /home/airflow/.local/lib/python3.12/site-packages/airflow/example_dags/tutorial_dag.py took 0.087 seconds
[2024-08-06T10:04:25.744+0000] {processor.py:161} INFO - Started process (PID=2475) to work on /home/airflow/.local/lib/python3.12/site-packages/airflow/example_dags/tutorial_dag.py
[2024-08-06T10:04:25.746+0000] {processor.py:830} INFO - Processing file /home/airflow/.local/lib/python3.12/site-packages/airflow/example_dags/tutorial_dag.py for tasks to queue
[2024-08-06T10:04:25.750+0000] {logging_mixin.py:188} INFO - [2024-08-06T10:04:25.750+0000] {dagbag.py:545} INFO - Filling up the DagBag from /home/airflow/.local/lib/python3.12/site-packages/airflow/example_dags/tutorial_dag.py
[2024-08-06T10:04:25.762+0000] {processor.py:840} INFO - DAG(s) 'tutorial_dag' retrieved from /home/airflow/.local/lib/python3.12/site-packages/airflow/example_dags/tutorial_dag.py
[2024-08-06T10:04:25.796+0000] {logging_mixin.py:188} INFO - [2024-08-06T10:04:25.795+0000] {dag.py:3089} INFO - Sync 1 DAGs
[2024-08-06T10:04:25.817+0000] {logging_mixin.py:188} INFO - [2024-08-06T10:04:25.817+0000] {dag.py:3947} INFO - Setting next_dagrun for tutorial_dag to None, run_after=None
[2024-08-06T10:04:25.854+0000] {processor.py:183} INFO - Processing /home/airflow/.local/lib/python3.12/site-packages/airflow/example_dags/tutorial_dag.py took 0.124 seconds
[2024-08-06T10:04:57.236+0000] {processor.py:161} INFO - Started process (PID=2540) to work on /home/airflow/.local/lib/python3.12/site-packages/airflow/example_dags/tutorial_dag.py
[2024-08-06T10:04:57.238+0000] {processor.py:830} INFO - Processing file /home/airflow/.local/lib/python3.12/site-packages/airflow/example_dags/tutorial_dag.py for tasks to queue
[2024-08-06T10:04:57.241+0000] {logging_mixin.py:188} INFO - [2024-08-06T10:04:57.240+0000] {dagbag.py:545} INFO - Filling up the DagBag from /home/airflow/.local/lib/python3.12/site-packages/airflow/example_dags/tutorial_dag.py
[2024-08-06T10:04:57.250+0000] {processor.py:840} INFO - DAG(s) 'tutorial_dag' retrieved from /home/airflow/.local/lib/python3.12/site-packages/airflow/example_dags/tutorial_dag.py
[2024-08-06T10:04:57.288+0000] {logging_mixin.py:188} INFO - [2024-08-06T10:04:57.288+0000] {dag.py:3089} INFO - Sync 1 DAGs
[2024-08-06T10:04:57.312+0000] {logging_mixin.py:188} INFO - [2024-08-06T10:04:57.312+0000] {dag.py:3947} INFO - Setting next_dagrun for tutorial_dag to None, run_after=None
[2024-08-06T10:04:57.345+0000] {processor.py:183} INFO - Processing /home/airflow/.local/lib/python3.12/site-packages/airflow/example_dags/tutorial_dag.py took 0.118 seconds
[2024-08-06T10:05:28.254+0000] {processor.py:161} INFO - Started process (PID=2606) to work on /home/airflow/.local/lib/python3.12/site-packages/airflow/example_dags/tutorial_dag.py
[2024-08-06T10:05:28.256+0000] {processor.py:830} INFO - Processing file /home/airflow/.local/lib/python3.12/site-packages/airflow/example_dags/tutorial_dag.py for tasks to queue
[2024-08-06T10:05:28.262+0000] {logging_mixin.py:188} INFO - [2024-08-06T10:05:28.262+0000] {dagbag.py:545} INFO - Filling up the DagBag from /home/airflow/.local/lib/python3.12/site-packages/airflow/example_dags/tutorial_dag.py
[2024-08-06T10:05:28.271+0000] {processor.py:840} INFO - DAG(s) 'tutorial_dag' retrieved from /home/airflow/.local/lib/python3.12/site-packages/airflow/example_dags/tutorial_dag.py
[2024-08-06T10:05:28.321+0000] {logging_mixin.py:188} INFO - [2024-08-06T10:05:28.320+0000] {dag.py:3089} INFO - Sync 1 DAGs
[2024-08-06T10:05:28.342+0000] {logging_mixin.py:188} INFO - [2024-08-06T10:05:28.342+0000] {dag.py:3947} INFO - Setting next_dagrun for tutorial_dag to None, run_after=None
[2024-08-06T10:05:28.372+0000] {processor.py:183} INFO - Processing /home/airflow/.local/lib/python3.12/site-packages/airflow/example_dags/tutorial_dag.py took 0.125 seconds
[2024-08-06T10:06:00.196+0000] {processor.py:161} INFO - Started process (PID=2671) to work on /home/airflow/.local/lib/python3.12/site-packages/airflow/example_dags/tutorial_dag.py
[2024-08-06T10:06:00.199+0000] {processor.py:830} INFO - Processing file /home/airflow/.local/lib/python3.12/site-packages/airflow/example_dags/tutorial_dag.py for tasks to queue
[2024-08-06T10:06:00.206+0000] {logging_mixin.py:188} INFO - [2024-08-06T10:06:00.206+0000] {dagbag.py:545} INFO - Filling up the DagBag from /home/airflow/.local/lib/python3.12/site-packages/airflow/example_dags/tutorial_dag.py
[2024-08-06T10:06:00.218+0000] {processor.py:840} INFO - DAG(s) 'tutorial_dag' retrieved from /home/airflow/.local/lib/python3.12/site-packages/airflow/example_dags/tutorial_dag.py
[2024-08-06T10:06:00.258+0000] {logging_mixin.py:188} INFO - [2024-08-06T10:06:00.258+0000] {dag.py:3089} INFO - Sync 1 DAGs
[2024-08-06T10:06:00.276+0000] {logging_mixin.py:188} INFO - [2024-08-06T10:06:00.275+0000] {dag.py:3947} INFO - Setting next_dagrun for tutorial_dag to None, run_after=None
[2024-08-06T10:06:00.310+0000] {processor.py:183} INFO - Processing /home/airflow/.local/lib/python3.12/site-packages/airflow/example_dags/tutorial_dag.py took 0.127 seconds
[2024-08-06T10:06:31.425+0000] {processor.py:161} INFO - Started process (PID=2736) to work on /home/airflow/.local/lib/python3.12/site-packages/airflow/example_dags/tutorial_dag.py
[2024-08-06T10:06:31.426+0000] {processor.py:830} INFO - Processing file /home/airflow/.local/lib/python3.12/site-packages/airflow/example_dags/tutorial_dag.py for tasks to queue
[2024-08-06T10:06:31.428+0000] {logging_mixin.py:188} INFO - [2024-08-06T10:06:31.428+0000] {dagbag.py:545} INFO - Filling up the DagBag from /home/airflow/.local/lib/python3.12/site-packages/airflow/example_dags/tutorial_dag.py
[2024-08-06T10:06:31.435+0000] {processor.py:840} INFO - DAG(s) 'tutorial_dag' retrieved from /home/airflow/.local/lib/python3.12/site-packages/airflow/example_dags/tutorial_dag.py
[2024-08-06T10:06:31.462+0000] {logging_mixin.py:188} INFO - [2024-08-06T10:06:31.461+0000] {dag.py:3089} INFO - Sync 1 DAGs
[2024-08-06T10:06:31.484+0000] {logging_mixin.py:188} INFO - [2024-08-06T10:06:31.483+0000] {dag.py:3947} INFO - Setting next_dagrun for tutorial_dag to None, run_after=None
[2024-08-06T10:06:31.515+0000] {processor.py:183} INFO - Processing /home/airflow/.local/lib/python3.12/site-packages/airflow/example_dags/tutorial_dag.py took 0.099 seconds
[2024-08-06T10:07:02.585+0000] {processor.py:161} INFO - Started process (PID=2801) to work on /home/airflow/.local/lib/python3.12/site-packages/airflow/example_dags/tutorial_dag.py
[2024-08-06T10:07:02.586+0000] {processor.py:830} INFO - Processing file /home/airflow/.local/lib/python3.12/site-packages/airflow/example_dags/tutorial_dag.py for tasks to queue
[2024-08-06T10:07:02.589+0000] {logging_mixin.py:188} INFO - [2024-08-06T10:07:02.589+0000] {dagbag.py:545} INFO - Filling up the DagBag from /home/airflow/.local/lib/python3.12/site-packages/airflow/example_dags/tutorial_dag.py
[2024-08-06T10:07:02.599+0000] {processor.py:840} INFO - DAG(s) 'tutorial_dag' retrieved from /home/airflow/.local/lib/python3.12/site-packages/airflow/example_dags/tutorial_dag.py
[2024-08-06T10:07:02.623+0000] {logging_mixin.py:188} INFO - [2024-08-06T10:07:02.622+0000] {dag.py:3089} INFO - Sync 1 DAGs
[2024-08-06T10:07:02.636+0000] {logging_mixin.py:188} INFO - [2024-08-06T10:07:02.636+0000] {dag.py:3947} INFO - Setting next_dagrun for tutorial_dag to None, run_after=None
[2024-08-06T10:07:02.664+0000] {processor.py:183} INFO - Processing /home/airflow/.local/lib/python3.12/site-packages/airflow/example_dags/tutorial_dag.py took 0.088 seconds
[2024-08-06T10:07:34.218+0000] {processor.py:161} INFO - Started process (PID=2866) to work on /home/airflow/.local/lib/python3.12/site-packages/airflow/example_dags/tutorial_dag.py
[2024-08-06T10:07:34.219+0000] {processor.py:830} INFO - Processing file /home/airflow/.local/lib/python3.12/site-packages/airflow/example_dags/tutorial_dag.py for tasks to queue
[2024-08-06T10:07:34.221+0000] {logging_mixin.py:188} INFO - [2024-08-06T10:07:34.221+0000] {dagbag.py:545} INFO - Filling up the DagBag from /home/airflow/.local/lib/python3.12/site-packages/airflow/example_dags/tutorial_dag.py
[2024-08-06T10:07:34.228+0000] {processor.py:840} INFO - DAG(s) 'tutorial_dag' retrieved from /home/airflow/.local/lib/python3.12/site-packages/airflow/example_dags/tutorial_dag.py
[2024-08-06T10:07:34.251+0000] {logging_mixin.py:188} INFO - [2024-08-06T10:07:34.251+0000] {dag.py:3089} INFO - Sync 1 DAGs
[2024-08-06T10:07:34.268+0000] {logging_mixin.py:188} INFO - [2024-08-06T10:07:34.268+0000] {dag.py:3947} INFO - Setting next_dagrun for tutorial_dag to None, run_after=None
[2024-08-06T10:07:34.297+0000] {processor.py:183} INFO - Processing /home/airflow/.local/lib/python3.12/site-packages/airflow/example_dags/tutorial_dag.py took 0.086 seconds
[2024-08-06T10:08:05.292+0000] {processor.py:161} INFO - Started process (PID=2931) to work on /home/airflow/.local/lib/python3.12/site-packages/airflow/example_dags/tutorial_dag.py
[2024-08-06T10:08:05.293+0000] {processor.py:830} INFO - Processing file /home/airflow/.local/lib/python3.12/site-packages/airflow/example_dags/tutorial_dag.py for tasks to queue
[2024-08-06T10:08:05.296+0000] {logging_mixin.py:188} INFO - [2024-08-06T10:08:05.295+0000] {dagbag.py:545} INFO - Filling up the DagBag from /home/airflow/.local/lib/python3.12/site-packages/airflow/example_dags/tutorial_dag.py
[2024-08-06T10:08:05.302+0000] {processor.py:840} INFO - DAG(s) 'tutorial_dag' retrieved from /home/airflow/.local/lib/python3.12/site-packages/airflow/example_dags/tutorial_dag.py
[2024-08-06T10:08:05.326+0000] {logging_mixin.py:188} INFO - [2024-08-06T10:08:05.326+0000] {dag.py:3089} INFO - Sync 1 DAGs
[2024-08-06T10:08:05.347+0000] {logging_mixin.py:188} INFO - [2024-08-06T10:08:05.347+0000] {dag.py:3947} INFO - Setting next_dagrun for tutorial_dag to None, run_after=None
[2024-08-06T10:08:05.385+0000] {processor.py:183} INFO - Processing /home/airflow/.local/lib/python3.12/site-packages/airflow/example_dags/tutorial_dag.py took 0.100 seconds
[2024-08-06T10:08:36.587+0000] {processor.py:161} INFO - Started process (PID=2996) to work on /home/airflow/.local/lib/python3.12/site-packages/airflow/example_dags/tutorial_dag.py
[2024-08-06T10:08:36.590+0000] {processor.py:830} INFO - Processing file /home/airflow/.local/lib/python3.12/site-packages/airflow/example_dags/tutorial_dag.py for tasks to queue
[2024-08-06T10:08:36.593+0000] {logging_mixin.py:188} INFO - [2024-08-06T10:08:36.592+0000] {dagbag.py:545} INFO - Filling up the DagBag from /home/airflow/.local/lib/python3.12/site-packages/airflow/example_dags/tutorial_dag.py
[2024-08-06T10:08:36.602+0000] {processor.py:840} INFO - DAG(s) 'tutorial_dag' retrieved from /home/airflow/.local/lib/python3.12/site-packages/airflow/example_dags/tutorial_dag.py
[2024-08-06T10:08:36.630+0000] {logging_mixin.py:188} INFO - [2024-08-06T10:08:36.629+0000] {dag.py:3089} INFO - Sync 1 DAGs
[2024-08-06T10:08:36.646+0000] {logging_mixin.py:188} INFO - [2024-08-06T10:08:36.645+0000] {dag.py:3947} INFO - Setting next_dagrun for tutorial_dag to None, run_after=None
[2024-08-06T10:08:36.676+0000] {processor.py:183} INFO - Processing /home/airflow/.local/lib/python3.12/site-packages/airflow/example_dags/tutorial_dag.py took 0.100 seconds
[2024-08-06T10:09:07.154+0000] {processor.py:161} INFO - Started process (PID=3061) to work on /home/airflow/.local/lib/python3.12/site-packages/airflow/example_dags/tutorial_dag.py
[2024-08-06T10:09:07.156+0000] {processor.py:830} INFO - Processing file /home/airflow/.local/lib/python3.12/site-packages/airflow/example_dags/tutorial_dag.py for tasks to queue
[2024-08-06T10:09:07.161+0000] {logging_mixin.py:188} INFO - [2024-08-06T10:09:07.161+0000] {dagbag.py:545} INFO - Filling up the DagBag from /home/airflow/.local/lib/python3.12/site-packages/airflow/example_dags/tutorial_dag.py
[2024-08-06T10:09:07.173+0000] {processor.py:840} INFO - DAG(s) 'tutorial_dag' retrieved from /home/airflow/.local/lib/python3.12/site-packages/airflow/example_dags/tutorial_dag.py
[2024-08-06T10:09:07.209+0000] {logging_mixin.py:188} INFO - [2024-08-06T10:09:07.209+0000] {dag.py:3089} INFO - Sync 1 DAGs
[2024-08-06T10:09:07.230+0000] {logging_mixin.py:188} INFO - [2024-08-06T10:09:07.230+0000] {dag.py:3947} INFO - Setting next_dagrun for tutorial_dag to None, run_after=None
[2024-08-06T10:09:07.263+0000] {processor.py:183} INFO - Processing /home/airflow/.local/lib/python3.12/site-packages/airflow/example_dags/tutorial_dag.py took 0.120 seconds
[2024-08-06T10:09:38.205+0000] {processor.py:161} INFO - Started process (PID=3126) to work on /home/airflow/.local/lib/python3.12/site-packages/airflow/example_dags/tutorial_dag.py
[2024-08-06T10:09:38.207+0000] {processor.py:830} INFO - Processing file /home/airflow/.local/lib/python3.12/site-packages/airflow/example_dags/tutorial_dag.py for tasks to queue
[2024-08-06T10:09:38.209+0000] {logging_mixin.py:188} INFO - [2024-08-06T10:09:38.208+0000] {dagbag.py:545} INFO - Filling up the DagBag from /home/airflow/.local/lib/python3.12/site-packages/airflow/example_dags/tutorial_dag.py
[2024-08-06T10:09:38.215+0000] {processor.py:840} INFO - DAG(s) 'tutorial_dag' retrieved from /home/airflow/.local/lib/python3.12/site-packages/airflow/example_dags/tutorial_dag.py
[2024-08-06T10:09:38.242+0000] {logging_mixin.py:188} INFO - [2024-08-06T10:09:38.241+0000] {dag.py:3089} INFO - Sync 1 DAGs
[2024-08-06T10:09:38.260+0000] {logging_mixin.py:188} INFO - [2024-08-06T10:09:38.260+0000] {dag.py:3947} INFO - Setting next_dagrun for tutorial_dag to None, run_after=None
[2024-08-06T10:09:38.290+0000] {processor.py:183} INFO - Processing /home/airflow/.local/lib/python3.12/site-packages/airflow/example_dags/tutorial_dag.py took 0.093 seconds
[2024-08-06T10:10:08.653+0000] {processor.py:161} INFO - Started process (PID=3190) to work on /home/airflow/.local/lib/python3.12/site-packages/airflow/example_dags/tutorial_dag.py
[2024-08-06T10:10:08.655+0000] {processor.py:830} INFO - Processing file /home/airflow/.local/lib/python3.12/site-packages/airflow/example_dags/tutorial_dag.py for tasks to queue
[2024-08-06T10:10:08.657+0000] {logging_mixin.py:188} INFO - [2024-08-06T10:10:08.657+0000] {dagbag.py:545} INFO - Filling up the DagBag from /home/airflow/.local/lib/python3.12/site-packages/airflow/example_dags/tutorial_dag.py
[2024-08-06T10:10:08.664+0000] {processor.py:840} INFO - DAG(s) 'tutorial_dag' retrieved from /home/airflow/.local/lib/python3.12/site-packages/airflow/example_dags/tutorial_dag.py
[2024-08-06T10:10:08.687+0000] {logging_mixin.py:188} INFO - [2024-08-06T10:10:08.687+0000] {dag.py:3089} INFO - Sync 1 DAGs
[2024-08-06T10:10:08.703+0000] {logging_mixin.py:188} INFO - [2024-08-06T10:10:08.703+0000] {dag.py:3947} INFO - Setting next_dagrun for tutorial_dag to None, run_after=None
[2024-08-06T10:10:08.731+0000] {processor.py:183} INFO - Processing /home/airflow/.local/lib/python3.12/site-packages/airflow/example_dags/tutorial_dag.py took 0.085 seconds
[2024-08-06T10:10:40.363+0000] {processor.py:161} INFO - Started process (PID=3254) to work on /home/airflow/.local/lib/python3.12/site-packages/airflow/example_dags/tutorial_dag.py
[2024-08-06T10:10:40.364+0000] {processor.py:830} INFO - Processing file /home/airflow/.local/lib/python3.12/site-packages/airflow/example_dags/tutorial_dag.py for tasks to queue
[2024-08-06T10:10:40.367+0000] {logging_mixin.py:188} INFO - [2024-08-06T10:10:40.367+0000] {dagbag.py:545} INFO - Filling up the DagBag from /home/airflow/.local/lib/python3.12/site-packages/airflow/example_dags/tutorial_dag.py
[2024-08-06T10:10:40.375+0000] {processor.py:840} INFO - DAG(s) 'tutorial_dag' retrieved from /home/airflow/.local/lib/python3.12/site-packages/airflow/example_dags/tutorial_dag.py
[2024-08-06T10:10:40.403+0000] {logging_mixin.py:188} INFO - [2024-08-06T10:10:40.402+0000] {dag.py:3089} INFO - Sync 1 DAGs
[2024-08-06T10:10:40.421+0000] {logging_mixin.py:188} INFO - [2024-08-06T10:10:40.420+0000] {dag.py:3947} INFO - Setting next_dagrun for tutorial_dag to None, run_after=None
[2024-08-06T10:10:40.451+0000] {processor.py:183} INFO - Processing /home/airflow/.local/lib/python3.12/site-packages/airflow/example_dags/tutorial_dag.py took 0.096 seconds
[2024-08-06T10:11:10.710+0000] {processor.py:161} INFO - Started process (PID=3319) to work on /home/airflow/.local/lib/python3.12/site-packages/airflow/example_dags/tutorial_dag.py
[2024-08-06T10:11:10.712+0000] {processor.py:830} INFO - Processing file /home/airflow/.local/lib/python3.12/site-packages/airflow/example_dags/tutorial_dag.py for tasks to queue
[2024-08-06T10:11:10.715+0000] {logging_mixin.py:188} INFO - [2024-08-06T10:11:10.714+0000] {dagbag.py:545} INFO - Filling up the DagBag from /home/airflow/.local/lib/python3.12/site-packages/airflow/example_dags/tutorial_dag.py
[2024-08-06T10:11:10.722+0000] {processor.py:840} INFO - DAG(s) 'tutorial_dag' retrieved from /home/airflow/.local/lib/python3.12/site-packages/airflow/example_dags/tutorial_dag.py
[2024-08-06T10:11:10.751+0000] {logging_mixin.py:188} INFO - [2024-08-06T10:11:10.751+0000] {dag.py:3089} INFO - Sync 1 DAGs
[2024-08-06T10:11:10.766+0000] {logging_mixin.py:188} INFO - [2024-08-06T10:11:10.766+0000] {dag.py:3947} INFO - Setting next_dagrun for tutorial_dag to None, run_after=None
[2024-08-06T10:11:10.797+0000] {processor.py:183} INFO - Processing /home/airflow/.local/lib/python3.12/site-packages/airflow/example_dags/tutorial_dag.py took 0.095 seconds
[2024-08-06T10:11:41.528+0000] {processor.py:161} INFO - Started process (PID=3384) to work on /home/airflow/.local/lib/python3.12/site-packages/airflow/example_dags/tutorial_dag.py
[2024-08-06T10:11:41.529+0000] {processor.py:830} INFO - Processing file /home/airflow/.local/lib/python3.12/site-packages/airflow/example_dags/tutorial_dag.py for tasks to queue
[2024-08-06T10:11:41.532+0000] {logging_mixin.py:188} INFO - [2024-08-06T10:11:41.532+0000] {dagbag.py:545} INFO - Filling up the DagBag from /home/airflow/.local/lib/python3.12/site-packages/airflow/example_dags/tutorial_dag.py
[2024-08-06T10:11:41.539+0000] {processor.py:840} INFO - DAG(s) 'tutorial_dag' retrieved from /home/airflow/.local/lib/python3.12/site-packages/airflow/example_dags/tutorial_dag.py
[2024-08-06T10:11:41.561+0000] {logging_mixin.py:188} INFO - [2024-08-06T10:11:41.561+0000] {dag.py:3089} INFO - Sync 1 DAGs
[2024-08-06T10:11:41.577+0000] {logging_mixin.py:188} INFO - [2024-08-06T10:11:41.577+0000] {dag.py:3947} INFO - Setting next_dagrun for tutorial_dag to None, run_after=None
[2024-08-06T10:11:41.602+0000] {processor.py:183} INFO - Processing /home/airflow/.local/lib/python3.12/site-packages/airflow/example_dags/tutorial_dag.py took 0.082 seconds
[2024-08-06T10:12:12.123+0000] {processor.py:161} INFO - Started process (PID=3449) to work on /home/airflow/.local/lib/python3.12/site-packages/airflow/example_dags/tutorial_dag.py
[2024-08-06T10:12:12.125+0000] {processor.py:830} INFO - Processing file /home/airflow/.local/lib/python3.12/site-packages/airflow/example_dags/tutorial_dag.py for tasks to queue
[2024-08-06T10:12:12.127+0000] {logging_mixin.py:188} INFO - [2024-08-06T10:12:12.127+0000] {dagbag.py:545} INFO - Filling up the DagBag from /home/airflow/.local/lib/python3.12/site-packages/airflow/example_dags/tutorial_dag.py
[2024-08-06T10:12:12.134+0000] {processor.py:840} INFO - DAG(s) 'tutorial_dag' retrieved from /home/airflow/.local/lib/python3.12/site-packages/airflow/example_dags/tutorial_dag.py
[2024-08-06T10:12:12.155+0000] {logging_mixin.py:188} INFO - [2024-08-06T10:12:12.155+0000] {dag.py:3089} INFO - Sync 1 DAGs
[2024-08-06T10:12:12.170+0000] {logging_mixin.py:188} INFO - [2024-08-06T10:12:12.170+0000] {dag.py:3947} INFO - Setting next_dagrun for tutorial_dag to None, run_after=None
[2024-08-06T10:12:12.195+0000] {processor.py:183} INFO - Processing /home/airflow/.local/lib/python3.12/site-packages/airflow/example_dags/tutorial_dag.py took 0.079 seconds
[2024-08-06T10:12:46.516+0000] {processor.py:161} INFO - Started process (PID=3513) to work on /home/airflow/.local/lib/python3.12/site-packages/airflow/example_dags/tutorial_dag.py
[2024-08-06T10:12:46.518+0000] {processor.py:830} INFO - Processing file /home/airflow/.local/lib/python3.12/site-packages/airflow/example_dags/tutorial_dag.py for tasks to queue
[2024-08-06T10:12:46.520+0000] {logging_mixin.py:188} INFO - [2024-08-06T10:12:46.520+0000] {dagbag.py:545} INFO - Filling up the DagBag from /home/airflow/.local/lib/python3.12/site-packages/airflow/example_dags/tutorial_dag.py
[2024-08-06T10:12:46.528+0000] {processor.py:840} INFO - DAG(s) 'tutorial_dag' retrieved from /home/airflow/.local/lib/python3.12/site-packages/airflow/example_dags/tutorial_dag.py
[2024-08-06T10:12:46.558+0000] {logging_mixin.py:188} INFO - [2024-08-06T10:12:46.557+0000] {dag.py:3089} INFO - Sync 1 DAGs
[2024-08-06T10:12:46.573+0000] {logging_mixin.py:188} INFO - [2024-08-06T10:12:46.572+0000] {dag.py:3947} INFO - Setting next_dagrun for tutorial_dag to None, run_after=None
[2024-08-06T10:12:46.596+0000] {processor.py:183} INFO - Processing /home/airflow/.local/lib/python3.12/site-packages/airflow/example_dags/tutorial_dag.py took 0.089 seconds
[2024-08-06T10:13:18.417+0000] {processor.py:161} INFO - Started process (PID=3578) to work on /home/airflow/.local/lib/python3.12/site-packages/airflow/example_dags/tutorial_dag.py
[2024-08-06T10:13:18.419+0000] {processor.py:830} INFO - Processing file /home/airflow/.local/lib/python3.12/site-packages/airflow/example_dags/tutorial_dag.py for tasks to queue
[2024-08-06T10:13:18.421+0000] {logging_mixin.py:188} INFO - [2024-08-06T10:13:18.421+0000] {dagbag.py:545} INFO - Filling up the DagBag from /home/airflow/.local/lib/python3.12/site-packages/airflow/example_dags/tutorial_dag.py
[2024-08-06T10:13:18.428+0000] {processor.py:840} INFO - DAG(s) 'tutorial_dag' retrieved from /home/airflow/.local/lib/python3.12/site-packages/airflow/example_dags/tutorial_dag.py
[2024-08-06T10:13:18.451+0000] {logging_mixin.py:188} INFO - [2024-08-06T10:13:18.451+0000] {dag.py:3089} INFO - Sync 1 DAGs
[2024-08-06T10:13:18.465+0000] {logging_mixin.py:188} INFO - [2024-08-06T10:13:18.465+0000] {dag.py:3947} INFO - Setting next_dagrun for tutorial_dag to None, run_after=None
[2024-08-06T10:13:18.493+0000] {processor.py:183} INFO - Processing /home/airflow/.local/lib/python3.12/site-packages/airflow/example_dags/tutorial_dag.py took 0.085 seconds
[2024-08-06T10:13:49.097+0000] {processor.py:161} INFO - Started process (PID=3643) to work on /home/airflow/.local/lib/python3.12/site-packages/airflow/example_dags/tutorial_dag.py
[2024-08-06T10:13:49.099+0000] {processor.py:830} INFO - Processing file /home/airflow/.local/lib/python3.12/site-packages/airflow/example_dags/tutorial_dag.py for tasks to queue
[2024-08-06T10:13:49.102+0000] {logging_mixin.py:188} INFO - [2024-08-06T10:13:49.101+0000] {dagbag.py:545} INFO - Filling up the DagBag from /home/airflow/.local/lib/python3.12/site-packages/airflow/example_dags/tutorial_dag.py
[2024-08-06T10:13:49.110+0000] {processor.py:840} INFO - DAG(s) 'tutorial_dag' retrieved from /home/airflow/.local/lib/python3.12/site-packages/airflow/example_dags/tutorial_dag.py
[2024-08-06T10:13:49.144+0000] {logging_mixin.py:188} INFO - [2024-08-06T10:13:49.143+0000] {dag.py:3089} INFO - Sync 1 DAGs
[2024-08-06T10:13:49.164+0000] {logging_mixin.py:188} INFO - [2024-08-06T10:13:49.164+0000] {dag.py:3947} INFO - Setting next_dagrun for tutorial_dag to None, run_after=None
[2024-08-06T10:13:49.196+0000] {processor.py:183} INFO - Processing /home/airflow/.local/lib/python3.12/site-packages/airflow/example_dags/tutorial_dag.py took 0.109 seconds
[2024-08-06T10:14:19.426+0000] {processor.py:161} INFO - Started process (PID=3708) to work on /home/airflow/.local/lib/python3.12/site-packages/airflow/example_dags/tutorial_dag.py
[2024-08-06T10:14:19.427+0000] {processor.py:830} INFO - Processing file /home/airflow/.local/lib/python3.12/site-packages/airflow/example_dags/tutorial_dag.py for tasks to queue
[2024-08-06T10:14:19.430+0000] {logging_mixin.py:188} INFO - [2024-08-06T10:14:19.430+0000] {dagbag.py:545} INFO - Filling up the DagBag from /home/airflow/.local/lib/python3.12/site-packages/airflow/example_dags/tutorial_dag.py
[2024-08-06T10:14:19.438+0000] {processor.py:840} INFO - DAG(s) 'tutorial_dag' retrieved from /home/airflow/.local/lib/python3.12/site-packages/airflow/example_dags/tutorial_dag.py
[2024-08-06T10:14:19.469+0000] {logging_mixin.py:188} INFO - [2024-08-06T10:14:19.468+0000] {dag.py:3089} INFO - Sync 1 DAGs
[2024-08-06T10:14:19.487+0000] {logging_mixin.py:188} INFO - [2024-08-06T10:14:19.487+0000] {dag.py:3947} INFO - Setting next_dagrun for tutorial_dag to None, run_after=None
[2024-08-06T10:14:19.515+0000] {processor.py:183} INFO - Processing /home/airflow/.local/lib/python3.12/site-packages/airflow/example_dags/tutorial_dag.py took 0.097 seconds
[2024-08-06T10:14:50.681+0000] {processor.py:161} INFO - Started process (PID=3773) to work on /home/airflow/.local/lib/python3.12/site-packages/airflow/example_dags/tutorial_dag.py
[2024-08-06T10:14:50.682+0000] {processor.py:830} INFO - Processing file /home/airflow/.local/lib/python3.12/site-packages/airflow/example_dags/tutorial_dag.py for tasks to queue
[2024-08-06T10:14:50.685+0000] {logging_mixin.py:188} INFO - [2024-08-06T10:14:50.685+0000] {dagbag.py:545} INFO - Filling up the DagBag from /home/airflow/.local/lib/python3.12/site-packages/airflow/example_dags/tutorial_dag.py
[2024-08-06T10:14:50.695+0000] {processor.py:840} INFO - DAG(s) 'tutorial_dag' retrieved from /home/airflow/.local/lib/python3.12/site-packages/airflow/example_dags/tutorial_dag.py
[2024-08-06T10:14:50.727+0000] {logging_mixin.py:188} INFO - [2024-08-06T10:14:50.727+0000] {dag.py:3089} INFO - Sync 1 DAGs
[2024-08-06T10:14:50.745+0000] {logging_mixin.py:188} INFO - [2024-08-06T10:14:50.744+0000] {dag.py:3947} INFO - Setting next_dagrun for tutorial_dag to None, run_after=None
[2024-08-06T10:14:50.772+0000] {processor.py:183} INFO - Processing /home/airflow/.local/lib/python3.12/site-packages/airflow/example_dags/tutorial_dag.py took 0.102 seconds
[2024-08-06T10:15:21.634+0000] {processor.py:161} INFO - Started process (PID=3839) to work on /home/airflow/.local/lib/python3.12/site-packages/airflow/example_dags/tutorial_dag.py
[2024-08-06T10:15:21.635+0000] {processor.py:830} INFO - Processing file /home/airflow/.local/lib/python3.12/site-packages/airflow/example_dags/tutorial_dag.py for tasks to queue
[2024-08-06T10:15:21.638+0000] {logging_mixin.py:188} INFO - [2024-08-06T10:15:21.637+0000] {dagbag.py:545} INFO - Filling up the DagBag from /home/airflow/.local/lib/python3.12/site-packages/airflow/example_dags/tutorial_dag.py
[2024-08-06T10:15:21.644+0000] {processor.py:840} INFO - DAG(s) 'tutorial_dag' retrieved from /home/airflow/.local/lib/python3.12/site-packages/airflow/example_dags/tutorial_dag.py
[2024-08-06T10:15:21.669+0000] {logging_mixin.py:188} INFO - [2024-08-06T10:15:21.669+0000] {dag.py:3089} INFO - Sync 1 DAGs
[2024-08-06T10:15:21.686+0000] {logging_mixin.py:188} INFO - [2024-08-06T10:15:21.685+0000] {dag.py:3947} INFO - Setting next_dagrun for tutorial_dag to None, run_after=None
[2024-08-06T10:15:21.718+0000] {processor.py:183} INFO - Processing /home/airflow/.local/lib/python3.12/site-packages/airflow/example_dags/tutorial_dag.py took 0.091 seconds
[2024-08-06T10:15:52.442+0000] {processor.py:161} INFO - Started process (PID=3904) to work on /home/airflow/.local/lib/python3.12/site-packages/airflow/example_dags/tutorial_dag.py
[2024-08-06T10:15:52.444+0000] {processor.py:830} INFO - Processing file /home/airflow/.local/lib/python3.12/site-packages/airflow/example_dags/tutorial_dag.py for tasks to queue
[2024-08-06T10:15:52.447+0000] {logging_mixin.py:188} INFO - [2024-08-06T10:15:52.447+0000] {dagbag.py:545} INFO - Filling up the DagBag from /home/airflow/.local/lib/python3.12/site-packages/airflow/example_dags/tutorial_dag.py
[2024-08-06T10:15:52.454+0000] {processor.py:840} INFO - DAG(s) 'tutorial_dag' retrieved from /home/airflow/.local/lib/python3.12/site-packages/airflow/example_dags/tutorial_dag.py
[2024-08-06T10:15:52.482+0000] {logging_mixin.py:188} INFO - [2024-08-06T10:15:52.482+0000] {dag.py:3089} INFO - Sync 1 DAGs
[2024-08-06T10:15:52.497+0000] {logging_mixin.py:188} INFO - [2024-08-06T10:15:52.497+0000] {dag.py:3947} INFO - Setting next_dagrun for tutorial_dag to None, run_after=None
[2024-08-06T10:15:52.526+0000] {processor.py:183} INFO - Processing /home/airflow/.local/lib/python3.12/site-packages/airflow/example_dags/tutorial_dag.py took 0.094 seconds
[2024-08-06T10:16:23.128+0000] {processor.py:161} INFO - Started process (PID=3969) to work on /home/airflow/.local/lib/python3.12/site-packages/airflow/example_dags/tutorial_dag.py
[2024-08-06T10:16:23.130+0000] {processor.py:830} INFO - Processing file /home/airflow/.local/lib/python3.12/site-packages/airflow/example_dags/tutorial_dag.py for tasks to queue
[2024-08-06T10:16:23.136+0000] {logging_mixin.py:188} INFO - [2024-08-06T10:16:23.135+0000] {dagbag.py:545} INFO - Filling up the DagBag from /home/airflow/.local/lib/python3.12/site-packages/airflow/example_dags/tutorial_dag.py
[2024-08-06T10:16:23.152+0000] {processor.py:840} INFO - DAG(s) 'tutorial_dag' retrieved from /home/airflow/.local/lib/python3.12/site-packages/airflow/example_dags/tutorial_dag.py
[2024-08-06T10:16:23.184+0000] {logging_mixin.py:188} INFO - [2024-08-06T10:16:23.183+0000] {dag.py:3089} INFO - Sync 1 DAGs
[2024-08-06T10:16:23.203+0000] {logging_mixin.py:188} INFO - [2024-08-06T10:16:23.202+0000] {dag.py:3947} INFO - Setting next_dagrun for tutorial_dag to None, run_after=None
[2024-08-06T10:16:23.239+0000] {processor.py:183} INFO - Processing /home/airflow/.local/lib/python3.12/site-packages/airflow/example_dags/tutorial_dag.py took 0.120 seconds
[2024-08-06T10:16:53.592+0000] {processor.py:161} INFO - Started process (PID=4034) to work on /home/airflow/.local/lib/python3.12/site-packages/airflow/example_dags/tutorial_dag.py
[2024-08-06T10:16:53.594+0000] {processor.py:830} INFO - Processing file /home/airflow/.local/lib/python3.12/site-packages/airflow/example_dags/tutorial_dag.py for tasks to queue
[2024-08-06T10:16:53.596+0000] {logging_mixin.py:188} INFO - [2024-08-06T10:16:53.595+0000] {dagbag.py:545} INFO - Filling up the DagBag from /home/airflow/.local/lib/python3.12/site-packages/airflow/example_dags/tutorial_dag.py
[2024-08-06T10:16:53.601+0000] {processor.py:840} INFO - DAG(s) 'tutorial_dag' retrieved from /home/airflow/.local/lib/python3.12/site-packages/airflow/example_dags/tutorial_dag.py
[2024-08-06T10:16:53.633+0000] {logging_mixin.py:188} INFO - [2024-08-06T10:16:53.632+0000] {dag.py:3089} INFO - Sync 1 DAGs
[2024-08-06T10:16:53.650+0000] {logging_mixin.py:188} INFO - [2024-08-06T10:16:53.650+0000] {dag.py:3947} INFO - Setting next_dagrun for tutorial_dag to None, run_after=None
[2024-08-06T10:16:53.678+0000] {processor.py:183} INFO - Processing /home/airflow/.local/lib/python3.12/site-packages/airflow/example_dags/tutorial_dag.py took 0.093 seconds
[2024-08-06T10:17:24.233+0000] {processor.py:161} INFO - Started process (PID=4105) to work on /home/airflow/.local/lib/python3.12/site-packages/airflow/example_dags/tutorial_dag.py
[2024-08-06T10:17:24.234+0000] {processor.py:830} INFO - Processing file /home/airflow/.local/lib/python3.12/site-packages/airflow/example_dags/tutorial_dag.py for tasks to queue
[2024-08-06T10:17:24.236+0000] {logging_mixin.py:188} INFO - [2024-08-06T10:17:24.236+0000] {dagbag.py:545} INFO - Filling up the DagBag from /home/airflow/.local/lib/python3.12/site-packages/airflow/example_dags/tutorial_dag.py
[2024-08-06T10:17:24.244+0000] {processor.py:840} INFO - DAG(s) 'tutorial_dag' retrieved from /home/airflow/.local/lib/python3.12/site-packages/airflow/example_dags/tutorial_dag.py
[2024-08-06T10:17:24.272+0000] {logging_mixin.py:188} INFO - [2024-08-06T10:17:24.272+0000] {dag.py:3089} INFO - Sync 1 DAGs
[2024-08-06T10:17:24.291+0000] {logging_mixin.py:188} INFO - [2024-08-06T10:17:24.291+0000] {dag.py:3947} INFO - Setting next_dagrun for tutorial_dag to None, run_after=None
[2024-08-06T10:17:24.321+0000] {processor.py:183} INFO - Processing /home/airflow/.local/lib/python3.12/site-packages/airflow/example_dags/tutorial_dag.py took 0.096 seconds
[2024-08-06T10:17:54.630+0000] {processor.py:161} INFO - Started process (PID=4170) to work on /home/airflow/.local/lib/python3.12/site-packages/airflow/example_dags/tutorial_dag.py
[2024-08-06T10:17:54.632+0000] {processor.py:830} INFO - Processing file /home/airflow/.local/lib/python3.12/site-packages/airflow/example_dags/tutorial_dag.py for tasks to queue
[2024-08-06T10:17:54.634+0000] {logging_mixin.py:188} INFO - [2024-08-06T10:17:54.633+0000] {dagbag.py:545} INFO - Filling up the DagBag from /home/airflow/.local/lib/python3.12/site-packages/airflow/example_dags/tutorial_dag.py
[2024-08-06T10:17:54.640+0000] {processor.py:840} INFO - DAG(s) 'tutorial_dag' retrieved from /home/airflow/.local/lib/python3.12/site-packages/airflow/example_dags/tutorial_dag.py
[2024-08-06T10:17:54.664+0000] {logging_mixin.py:188} INFO - [2024-08-06T10:17:54.664+0000] {dag.py:3089} INFO - Sync 1 DAGs
[2024-08-06T10:17:54.678+0000] {logging_mixin.py:188} INFO - [2024-08-06T10:17:54.678+0000] {dag.py:3947} INFO - Setting next_dagrun for tutorial_dag to None, run_after=None
[2024-08-06T10:17:54.700+0000] {processor.py:183} INFO - Processing /home/airflow/.local/lib/python3.12/site-packages/airflow/example_dags/tutorial_dag.py took 0.077 seconds
[2024-08-06T10:18:25.756+0000] {processor.py:161} INFO - Started process (PID=4235) to work on /home/airflow/.local/lib/python3.12/site-packages/airflow/example_dags/tutorial_dag.py
[2024-08-06T10:18:25.758+0000] {processor.py:830} INFO - Processing file /home/airflow/.local/lib/python3.12/site-packages/airflow/example_dags/tutorial_dag.py for tasks to queue
[2024-08-06T10:18:25.762+0000] {logging_mixin.py:188} INFO - [2024-08-06T10:18:25.761+0000] {dagbag.py:545} INFO - Filling up the DagBag from /home/airflow/.local/lib/python3.12/site-packages/airflow/example_dags/tutorial_dag.py
[2024-08-06T10:18:25.772+0000] {processor.py:840} INFO - DAG(s) 'tutorial_dag' retrieved from /home/airflow/.local/lib/python3.12/site-packages/airflow/example_dags/tutorial_dag.py
[2024-08-06T10:18:25.807+0000] {logging_mixin.py:188} INFO - [2024-08-06T10:18:25.807+0000] {dag.py:3089} INFO - Sync 1 DAGs
[2024-08-06T10:18:25.826+0000] {logging_mixin.py:188} INFO - [2024-08-06T10:18:25.826+0000] {dag.py:3947} INFO - Setting next_dagrun for tutorial_dag to None, run_after=None
[2024-08-06T10:18:25.856+0000] {processor.py:183} INFO - Processing /home/airflow/.local/lib/python3.12/site-packages/airflow/example_dags/tutorial_dag.py took 0.110 seconds
[2024-08-06T10:18:56.653+0000] {processor.py:161} INFO - Started process (PID=4300) to work on /home/airflow/.local/lib/python3.12/site-packages/airflow/example_dags/tutorial_dag.py
[2024-08-06T10:18:56.655+0000] {processor.py:830} INFO - Processing file /home/airflow/.local/lib/python3.12/site-packages/airflow/example_dags/tutorial_dag.py for tasks to queue
[2024-08-06T10:18:56.659+0000] {logging_mixin.py:188} INFO - [2024-08-06T10:18:56.658+0000] {dagbag.py:545} INFO - Filling up the DagBag from /home/airflow/.local/lib/python3.12/site-packages/airflow/example_dags/tutorial_dag.py
[2024-08-06T10:18:56.669+0000] {processor.py:840} INFO - DAG(s) 'tutorial_dag' retrieved from /home/airflow/.local/lib/python3.12/site-packages/airflow/example_dags/tutorial_dag.py
[2024-08-06T10:18:56.705+0000] {logging_mixin.py:188} INFO - [2024-08-06T10:18:56.704+0000] {dag.py:3089} INFO - Sync 1 DAGs
[2024-08-06T10:18:56.722+0000] {logging_mixin.py:188} INFO - [2024-08-06T10:18:56.722+0000] {dag.py:3947} INFO - Setting next_dagrun for tutorial_dag to None, run_after=None
[2024-08-06T10:18:56.757+0000] {processor.py:183} INFO - Processing /home/airflow/.local/lib/python3.12/site-packages/airflow/example_dags/tutorial_dag.py took 0.112 seconds
[2024-08-06T10:19:28.644+0000] {processor.py:161} INFO - Started process (PID=4365) to work on /home/airflow/.local/lib/python3.12/site-packages/airflow/example_dags/tutorial_dag.py
[2024-08-06T10:19:28.645+0000] {processor.py:830} INFO - Processing file /home/airflow/.local/lib/python3.12/site-packages/airflow/example_dags/tutorial_dag.py for tasks to queue
[2024-08-06T10:19:28.647+0000] {logging_mixin.py:188} INFO - [2024-08-06T10:19:28.647+0000] {dagbag.py:545} INFO - Filling up the DagBag from /home/airflow/.local/lib/python3.12/site-packages/airflow/example_dags/tutorial_dag.py
[2024-08-06T10:19:28.653+0000] {processor.py:840} INFO - DAG(s) 'tutorial_dag' retrieved from /home/airflow/.local/lib/python3.12/site-packages/airflow/example_dags/tutorial_dag.py
[2024-08-06T10:19:28.677+0000] {logging_mixin.py:188} INFO - [2024-08-06T10:19:28.676+0000] {dag.py:3089} INFO - Sync 1 DAGs
[2024-08-06T10:19:28.692+0000] {logging_mixin.py:188} INFO - [2024-08-06T10:19:28.692+0000] {dag.py:3947} INFO - Setting next_dagrun for tutorial_dag to None, run_after=None
[2024-08-06T10:19:28.713+0000] {processor.py:183} INFO - Processing /home/airflow/.local/lib/python3.12/site-packages/airflow/example_dags/tutorial_dag.py took 0.077 seconds
[2024-08-06T10:19:59.424+0000] {processor.py:161} INFO - Started process (PID=4430) to work on /home/airflow/.local/lib/python3.12/site-packages/airflow/example_dags/tutorial_dag.py
[2024-08-06T10:19:59.426+0000] {processor.py:830} INFO - Processing file /home/airflow/.local/lib/python3.12/site-packages/airflow/example_dags/tutorial_dag.py for tasks to queue
[2024-08-06T10:19:59.429+0000] {logging_mixin.py:188} INFO - [2024-08-06T10:19:59.428+0000] {dagbag.py:545} INFO - Filling up the DagBag from /home/airflow/.local/lib/python3.12/site-packages/airflow/example_dags/tutorial_dag.py
[2024-08-06T10:19:59.438+0000] {processor.py:840} INFO - DAG(s) 'tutorial_dag' retrieved from /home/airflow/.local/lib/python3.12/site-packages/airflow/example_dags/tutorial_dag.py
[2024-08-06T10:19:59.470+0000] {logging_mixin.py:188} INFO - [2024-08-06T10:19:59.469+0000] {dag.py:3089} INFO - Sync 1 DAGs
[2024-08-06T10:19:59.489+0000] {logging_mixin.py:188} INFO - [2024-08-06T10:19:59.489+0000] {dag.py:3947} INFO - Setting next_dagrun for tutorial_dag to None, run_after=None
[2024-08-06T10:19:59.529+0000] {processor.py:183} INFO - Processing /home/airflow/.local/lib/python3.12/site-packages/airflow/example_dags/tutorial_dag.py took 0.115 seconds
[2024-08-06T10:20:29.965+0000] {processor.py:161} INFO - Started process (PID=4495) to work on /home/airflow/.local/lib/python3.12/site-packages/airflow/example_dags/tutorial_dag.py
[2024-08-06T10:20:29.966+0000] {processor.py:830} INFO - Processing file /home/airflow/.local/lib/python3.12/site-packages/airflow/example_dags/tutorial_dag.py for tasks to queue
[2024-08-06T10:20:29.969+0000] {logging_mixin.py:188} INFO - [2024-08-06T10:20:29.968+0000] {dagbag.py:545} INFO - Filling up the DagBag from /home/airflow/.local/lib/python3.12/site-packages/airflow/example_dags/tutorial_dag.py
[2024-08-06T10:20:29.981+0000] {processor.py:840} INFO - DAG(s) 'tutorial_dag' retrieved from /home/airflow/.local/lib/python3.12/site-packages/airflow/example_dags/tutorial_dag.py
[2024-08-06T10:20:30.007+0000] {logging_mixin.py:188} INFO - [2024-08-06T10:20:30.006+0000] {dag.py:3089} INFO - Sync 1 DAGs
[2024-08-06T10:20:30.024+0000] {logging_mixin.py:188} INFO - [2024-08-06T10:20:30.023+0000] {dag.py:3947} INFO - Setting next_dagrun for tutorial_dag to None, run_after=None
[2024-08-06T10:20:30.054+0000] {processor.py:183} INFO - Processing /home/airflow/.local/lib/python3.12/site-packages/airflow/example_dags/tutorial_dag.py took 0.097 seconds
[2024-08-06T10:21:00.692+0000] {processor.py:161} INFO - Started process (PID=4560) to work on /home/airflow/.local/lib/python3.12/site-packages/airflow/example_dags/tutorial_dag.py
[2024-08-06T10:21:00.693+0000] {processor.py:830} INFO - Processing file /home/airflow/.local/lib/python3.12/site-packages/airflow/example_dags/tutorial_dag.py for tasks to queue
[2024-08-06T10:21:00.696+0000] {logging_mixin.py:188} INFO - [2024-08-06T10:21:00.695+0000] {dagbag.py:545} INFO - Filling up the DagBag from /home/airflow/.local/lib/python3.12/site-packages/airflow/example_dags/tutorial_dag.py
[2024-08-06T10:21:00.705+0000] {processor.py:840} INFO - DAG(s) 'tutorial_dag' retrieved from /home/airflow/.local/lib/python3.12/site-packages/airflow/example_dags/tutorial_dag.py
[2024-08-06T10:21:00.729+0000] {logging_mixin.py:188} INFO - [2024-08-06T10:21:00.729+0000] {dag.py:3089} INFO - Sync 1 DAGs
[2024-08-06T10:21:00.744+0000] {logging_mixin.py:188} INFO - [2024-08-06T10:21:00.744+0000] {dag.py:3947} INFO - Setting next_dagrun for tutorial_dag to None, run_after=None
[2024-08-06T10:21:00.768+0000] {processor.py:183} INFO - Processing /home/airflow/.local/lib/python3.12/site-packages/airflow/example_dags/tutorial_dag.py took 0.084 seconds
[2024-08-06T10:21:33.088+0000] {processor.py:161} INFO - Started process (PID=4625) to work on /home/airflow/.local/lib/python3.12/site-packages/airflow/example_dags/tutorial_dag.py
[2024-08-06T10:21:33.090+0000] {processor.py:830} INFO - Processing file /home/airflow/.local/lib/python3.12/site-packages/airflow/example_dags/tutorial_dag.py for tasks to queue
[2024-08-06T10:21:33.093+0000] {logging_mixin.py:188} INFO - [2024-08-06T10:21:33.093+0000] {dagbag.py:545} INFO - Filling up the DagBag from /home/airflow/.local/lib/python3.12/site-packages/airflow/example_dags/tutorial_dag.py
[2024-08-06T10:21:33.100+0000] {processor.py:840} INFO - DAG(s) 'tutorial_dag' retrieved from /home/airflow/.local/lib/python3.12/site-packages/airflow/example_dags/tutorial_dag.py
[2024-08-06T10:21:33.130+0000] {logging_mixin.py:188} INFO - [2024-08-06T10:21:33.130+0000] {dag.py:3089} INFO - Sync 1 DAGs
[2024-08-06T10:21:33.144+0000] {logging_mixin.py:188} INFO - [2024-08-06T10:21:33.144+0000] {dag.py:3947} INFO - Setting next_dagrun for tutorial_dag to None, run_after=None
[2024-08-06T10:21:33.178+0000] {processor.py:183} INFO - Processing /home/airflow/.local/lib/python3.12/site-packages/airflow/example_dags/tutorial_dag.py took 0.100 seconds
[2024-08-06T10:34:15.155+0000] {processor.py:161} INFO - Started process (PID=4692) to work on /home/airflow/.local/lib/python3.12/site-packages/airflow/example_dags/tutorial_dag.py
[2024-08-06T10:34:15.157+0000] {processor.py:830} INFO - Processing file /home/airflow/.local/lib/python3.12/site-packages/airflow/example_dags/tutorial_dag.py for tasks to queue
[2024-08-06T10:34:15.162+0000] {logging_mixin.py:188} INFO - [2024-08-06T10:34:15.161+0000] {dagbag.py:545} INFO - Filling up the DagBag from /home/airflow/.local/lib/python3.12/site-packages/airflow/example_dags/tutorial_dag.py
[2024-08-06T10:34:15.170+0000] {processor.py:840} INFO - DAG(s) 'tutorial_dag' retrieved from /home/airflow/.local/lib/python3.12/site-packages/airflow/example_dags/tutorial_dag.py
[2024-08-06T10:34:15.209+0000] {logging_mixin.py:188} INFO - [2024-08-06T10:34:15.209+0000] {dag.py:3089} INFO - Sync 1 DAGs
[2024-08-06T10:34:15.226+0000] {logging_mixin.py:188} INFO - [2024-08-06T10:34:15.226+0000] {dag.py:3947} INFO - Setting next_dagrun for tutorial_dag to None, run_after=None
[2024-08-06T10:34:15.255+0000] {processor.py:183} INFO - Processing /home/airflow/.local/lib/python3.12/site-packages/airflow/example_dags/tutorial_dag.py took 0.110 seconds
