[2024-07-17T14:41:04.771+0000] {processor.py:161} INFO - Started process (PID=70) to work on /home/airflow/.local/lib/python3.12/site-packages/airflow/example_dags/example_display_name.py
[2024-07-17T14:41:04.781+0000] {processor.py:830} INFO - Processing file /home/airflow/.local/lib/python3.12/site-packages/airflow/example_dags/example_display_name.py for tasks to queue
[2024-07-17T14:41:04.789+0000] {logging_mixin.py:188} INFO - [2024-07-17T14:41:04.789+0000] {dagbag.py:540} INFO - Filling up the DagBag from /home/airflow/.local/lib/python3.12/site-packages/airflow/example_dags/example_display_name.py
[2024-07-17T14:41:04.804+0000] {processor.py:840} INFO - DAG(s) 'example_display_name' retrieved from /home/airflow/.local/lib/python3.12/site-packages/airflow/example_dags/example_display_name.py
[2024-07-17T14:41:04.831+0000] {logging_mixin.py:188} INFO - [2024-07-17T14:41:04.830+0000] {dag.py:3096} INFO - Sync 1 DAGs
[2024-07-17T14:41:04.856+0000] {logging_mixin.py:188} INFO - [2024-07-17T14:41:04.856+0000] {dag.py:3954} INFO - Setting next_dagrun for example_display_name to None, run_after=None
[2024-07-17T14:41:04.885+0000] {processor.py:183} INFO - Processing /home/airflow/.local/lib/python3.12/site-packages/airflow/example_dags/example_display_name.py took 0.126 seconds
[2024-07-17T14:41:35.029+0000] {processor.py:161} INFO - Started process (PID=131) to work on /home/airflow/.local/lib/python3.12/site-packages/airflow/example_dags/example_display_name.py
[2024-07-17T14:41:35.030+0000] {processor.py:830} INFO - Processing file /home/airflow/.local/lib/python3.12/site-packages/airflow/example_dags/example_display_name.py for tasks to queue
[2024-07-17T14:41:35.031+0000] {logging_mixin.py:188} INFO - [2024-07-17T14:41:35.031+0000] {dagbag.py:540} INFO - Filling up the DagBag from /home/airflow/.local/lib/python3.12/site-packages/airflow/example_dags/example_display_name.py
[2024-07-17T14:41:35.036+0000] {processor.py:840} INFO - DAG(s) 'example_display_name' retrieved from /home/airflow/.local/lib/python3.12/site-packages/airflow/example_dags/example_display_name.py
[2024-07-17T14:41:35.108+0000] {logging_mixin.py:188} INFO - [2024-07-17T14:41:35.108+0000] {dag.py:3096} INFO - Sync 1 DAGs
[2024-07-17T14:41:35.117+0000] {logging_mixin.py:188} INFO - [2024-07-17T14:41:35.117+0000] {dag.py:3954} INFO - Setting next_dagrun for example_display_name to None, run_after=None
[2024-07-17T14:41:35.135+0000] {processor.py:183} INFO - Processing /home/airflow/.local/lib/python3.12/site-packages/airflow/example_dags/example_display_name.py took 0.113 seconds
[2024-07-17T14:42:05.417+0000] {processor.py:161} INFO - Started process (PID=192) to work on /home/airflow/.local/lib/python3.12/site-packages/airflow/example_dags/example_display_name.py
[2024-07-17T14:42:05.418+0000] {processor.py:830} INFO - Processing file /home/airflow/.local/lib/python3.12/site-packages/airflow/example_dags/example_display_name.py for tasks to queue
[2024-07-17T14:42:05.420+0000] {logging_mixin.py:188} INFO - [2024-07-17T14:42:05.419+0000] {dagbag.py:540} INFO - Filling up the DagBag from /home/airflow/.local/lib/python3.12/site-packages/airflow/example_dags/example_display_name.py
[2024-07-17T14:42:05.428+0000] {processor.py:840} INFO - DAG(s) 'example_display_name' retrieved from /home/airflow/.local/lib/python3.12/site-packages/airflow/example_dags/example_display_name.py
[2024-07-17T14:42:05.444+0000] {logging_mixin.py:188} INFO - [2024-07-17T14:42:05.444+0000] {dag.py:3096} INFO - Sync 1 DAGs
[2024-07-17T14:42:05.453+0000] {logging_mixin.py:188} INFO - [2024-07-17T14:42:05.453+0000] {dag.py:3954} INFO - Setting next_dagrun for example_display_name to None, run_after=None
[2024-07-17T14:42:05.467+0000] {processor.py:183} INFO - Processing /home/airflow/.local/lib/python3.12/site-packages/airflow/example_dags/example_display_name.py took 0.055 seconds
[2024-07-17T14:42:36.436+0000] {processor.py:161} INFO - Started process (PID=253) to work on /home/airflow/.local/lib/python3.12/site-packages/airflow/example_dags/example_display_name.py
[2024-07-17T14:42:36.437+0000] {processor.py:830} INFO - Processing file /home/airflow/.local/lib/python3.12/site-packages/airflow/example_dags/example_display_name.py for tasks to queue
[2024-07-17T14:42:36.439+0000] {logging_mixin.py:188} INFO - [2024-07-17T14:42:36.439+0000] {dagbag.py:540} INFO - Filling up the DagBag from /home/airflow/.local/lib/python3.12/site-packages/airflow/example_dags/example_display_name.py
[2024-07-17T14:42:36.445+0000] {processor.py:840} INFO - DAG(s) 'example_display_name' retrieved from /home/airflow/.local/lib/python3.12/site-packages/airflow/example_dags/example_display_name.py
[2024-07-17T14:42:36.460+0000] {logging_mixin.py:188} INFO - [2024-07-17T14:42:36.460+0000] {dag.py:3096} INFO - Sync 1 DAGs
[2024-07-17T14:42:36.471+0000] {logging_mixin.py:188} INFO - [2024-07-17T14:42:36.471+0000] {dag.py:3954} INFO - Setting next_dagrun for example_display_name to None, run_after=None
[2024-07-17T14:42:36.484+0000] {processor.py:183} INFO - Processing /home/airflow/.local/lib/python3.12/site-packages/airflow/example_dags/example_display_name.py took 0.052 seconds
[2024-07-17T14:43:07.453+0000] {processor.py:161} INFO - Started process (PID=315) to work on /home/airflow/.local/lib/python3.12/site-packages/airflow/example_dags/example_display_name.py
[2024-07-17T14:43:07.454+0000] {processor.py:830} INFO - Processing file /home/airflow/.local/lib/python3.12/site-packages/airflow/example_dags/example_display_name.py for tasks to queue
[2024-07-17T14:43:07.456+0000] {logging_mixin.py:188} INFO - [2024-07-17T14:43:07.456+0000] {dagbag.py:540} INFO - Filling up the DagBag from /home/airflow/.local/lib/python3.12/site-packages/airflow/example_dags/example_display_name.py
[2024-07-17T14:43:07.460+0000] {processor.py:840} INFO - DAG(s) 'example_display_name' retrieved from /home/airflow/.local/lib/python3.12/site-packages/airflow/example_dags/example_display_name.py
[2024-07-17T14:43:07.481+0000] {logging_mixin.py:188} INFO - [2024-07-17T14:43:07.481+0000] {dag.py:3096} INFO - Sync 1 DAGs
[2024-07-17T14:43:07.491+0000] {logging_mixin.py:188} INFO - [2024-07-17T14:43:07.491+0000] {dag.py:3954} INFO - Setting next_dagrun for example_display_name to None, run_after=None
[2024-07-17T14:43:07.509+0000] {processor.py:183} INFO - Processing /home/airflow/.local/lib/python3.12/site-packages/airflow/example_dags/example_display_name.py took 0.060 seconds
[2024-07-17T15:10:15.359+0000] {processor.py:161} INFO - Started process (PID=69) to work on /home/airflow/.local/lib/python3.12/site-packages/airflow/example_dags/example_display_name.py
[2024-07-17T15:10:15.361+0000] {processor.py:830} INFO - Processing file /home/airflow/.local/lib/python3.12/site-packages/airflow/example_dags/example_display_name.py for tasks to queue
[2024-07-17T15:10:15.367+0000] {logging_mixin.py:188} INFO - [2024-07-17T15:10:15.366+0000] {dagbag.py:545} INFO - Filling up the DagBag from /home/airflow/.local/lib/python3.12/site-packages/airflow/example_dags/example_display_name.py
[2024-07-17T15:10:15.380+0000] {processor.py:840} INFO - DAG(s) 'example_display_name' retrieved from /home/airflow/.local/lib/python3.12/site-packages/airflow/example_dags/example_display_name.py
[2024-07-17T15:10:15.394+0000] {logging_mixin.py:188} INFO - [2024-07-17T15:10:15.394+0000] {dag.py:3089} INFO - Sync 1 DAGs
[2024-07-17T15:10:15.413+0000] {logging_mixin.py:188} INFO - [2024-07-17T15:10:15.412+0000] {dag.py:3947} INFO - Setting next_dagrun for example_display_name to None, run_after=None
[2024-07-17T15:10:15.440+0000] {processor.py:183} INFO - Processing /home/airflow/.local/lib/python3.12/site-packages/airflow/example_dags/example_display_name.py took 0.094 seconds
[2024-07-17T15:10:46.223+0000] {processor.py:161} INFO - Started process (PID=130) to work on /home/airflow/.local/lib/python3.12/site-packages/airflow/example_dags/example_display_name.py
[2024-07-17T15:10:46.224+0000] {processor.py:830} INFO - Processing file /home/airflow/.local/lib/python3.12/site-packages/airflow/example_dags/example_display_name.py for tasks to queue
[2024-07-17T15:10:46.225+0000] {logging_mixin.py:188} INFO - [2024-07-17T15:10:46.225+0000] {dagbag.py:545} INFO - Filling up the DagBag from /home/airflow/.local/lib/python3.12/site-packages/airflow/example_dags/example_display_name.py
[2024-07-17T15:10:46.230+0000] {processor.py:840} INFO - DAG(s) 'example_display_name' retrieved from /home/airflow/.local/lib/python3.12/site-packages/airflow/example_dags/example_display_name.py
[2024-07-17T15:10:46.308+0000] {logging_mixin.py:188} INFO - [2024-07-17T15:10:46.308+0000] {dag.py:3089} INFO - Sync 1 DAGs
[2024-07-17T15:10:46.319+0000] {logging_mixin.py:188} INFO - [2024-07-17T15:10:46.318+0000] {dag.py:3947} INFO - Setting next_dagrun for example_display_name to None, run_after=None
[2024-07-17T15:10:46.336+0000] {processor.py:183} INFO - Processing /home/airflow/.local/lib/python3.12/site-packages/airflow/example_dags/example_display_name.py took 0.117 seconds
[2024-07-17T15:11:17.127+0000] {processor.py:161} INFO - Started process (PID=191) to work on /home/airflow/.local/lib/python3.12/site-packages/airflow/example_dags/example_display_name.py
[2024-07-17T15:11:17.128+0000] {processor.py:830} INFO - Processing file /home/airflow/.local/lib/python3.12/site-packages/airflow/example_dags/example_display_name.py for tasks to queue
[2024-07-17T15:11:17.129+0000] {logging_mixin.py:188} INFO - [2024-07-17T15:11:17.129+0000] {dagbag.py:545} INFO - Filling up the DagBag from /home/airflow/.local/lib/python3.12/site-packages/airflow/example_dags/example_display_name.py
[2024-07-17T15:11:17.134+0000] {processor.py:840} INFO - DAG(s) 'example_display_name' retrieved from /home/airflow/.local/lib/python3.12/site-packages/airflow/example_dags/example_display_name.py
[2024-07-17T15:11:17.150+0000] {logging_mixin.py:188} INFO - [2024-07-17T15:11:17.150+0000] {dag.py:3089} INFO - Sync 1 DAGs
[2024-07-17T15:11:17.159+0000] {logging_mixin.py:188} INFO - [2024-07-17T15:11:17.159+0000] {dag.py:3947} INFO - Setting next_dagrun for example_display_name to None, run_after=None
[2024-07-17T15:11:17.172+0000] {processor.py:183} INFO - Processing /home/airflow/.local/lib/python3.12/site-packages/airflow/example_dags/example_display_name.py took 0.050 seconds
[2024-07-17T15:11:48.311+0000] {processor.py:161} INFO - Started process (PID=252) to work on /home/airflow/.local/lib/python3.12/site-packages/airflow/example_dags/example_display_name.py
[2024-07-17T15:11:48.312+0000] {processor.py:830} INFO - Processing file /home/airflow/.local/lib/python3.12/site-packages/airflow/example_dags/example_display_name.py for tasks to queue
[2024-07-17T15:11:48.314+0000] {logging_mixin.py:188} INFO - [2024-07-17T15:11:48.314+0000] {dagbag.py:545} INFO - Filling up the DagBag from /home/airflow/.local/lib/python3.12/site-packages/airflow/example_dags/example_display_name.py
[2024-07-17T15:11:48.323+0000] {processor.py:840} INFO - DAG(s) 'example_display_name' retrieved from /home/airflow/.local/lib/python3.12/site-packages/airflow/example_dags/example_display_name.py
[2024-07-17T15:11:48.337+0000] {logging_mixin.py:188} INFO - [2024-07-17T15:11:48.337+0000] {dag.py:3089} INFO - Sync 1 DAGs
[2024-07-17T15:11:48.348+0000] {logging_mixin.py:188} INFO - [2024-07-17T15:11:48.348+0000] {dag.py:3947} INFO - Setting next_dagrun for example_display_name to None, run_after=None
[2024-07-17T15:11:48.378+0000] {processor.py:183} INFO - Processing /home/airflow/.local/lib/python3.12/site-packages/airflow/example_dags/example_display_name.py took 0.071 seconds
[2024-07-17T15:12:18.603+0000] {processor.py:161} INFO - Started process (PID=312) to work on /home/airflow/.local/lib/python3.12/site-packages/airflow/example_dags/example_display_name.py
[2024-07-17T15:12:18.604+0000] {processor.py:830} INFO - Processing file /home/airflow/.local/lib/python3.12/site-packages/airflow/example_dags/example_display_name.py for tasks to queue
[2024-07-17T15:12:18.607+0000] {logging_mixin.py:188} INFO - [2024-07-17T15:12:18.606+0000] {dagbag.py:545} INFO - Filling up the DagBag from /home/airflow/.local/lib/python3.12/site-packages/airflow/example_dags/example_display_name.py
[2024-07-17T15:12:18.613+0000] {processor.py:840} INFO - DAG(s) 'example_display_name' retrieved from /home/airflow/.local/lib/python3.12/site-packages/airflow/example_dags/example_display_name.py
[2024-07-17T15:12:18.628+0000] {logging_mixin.py:188} INFO - [2024-07-17T15:12:18.628+0000] {dag.py:3089} INFO - Sync 1 DAGs
[2024-07-17T15:12:18.637+0000] {logging_mixin.py:188} INFO - [2024-07-17T15:12:18.637+0000] {dag.py:3947} INFO - Setting next_dagrun for example_display_name to None, run_after=None
[2024-07-17T15:12:18.654+0000] {processor.py:183} INFO - Processing /home/airflow/.local/lib/python3.12/site-packages/airflow/example_dags/example_display_name.py took 0.059 seconds
[2024-07-17T15:12:49.030+0000] {processor.py:161} INFO - Started process (PID=373) to work on /home/airflow/.local/lib/python3.12/site-packages/airflow/example_dags/example_display_name.py
[2024-07-17T15:12:49.031+0000] {processor.py:830} INFO - Processing file /home/airflow/.local/lib/python3.12/site-packages/airflow/example_dags/example_display_name.py for tasks to queue
[2024-07-17T15:12:49.033+0000] {logging_mixin.py:188} INFO - [2024-07-17T15:12:49.033+0000] {dagbag.py:545} INFO - Filling up the DagBag from /home/airflow/.local/lib/python3.12/site-packages/airflow/example_dags/example_display_name.py
[2024-07-17T15:12:49.037+0000] {processor.py:840} INFO - DAG(s) 'example_display_name' retrieved from /home/airflow/.local/lib/python3.12/site-packages/airflow/example_dags/example_display_name.py
[2024-07-17T15:12:49.054+0000] {logging_mixin.py:188} INFO - [2024-07-17T15:12:49.054+0000] {dag.py:3089} INFO - Sync 1 DAGs
[2024-07-17T15:12:49.066+0000] {logging_mixin.py:188} INFO - [2024-07-17T15:12:49.066+0000] {dag.py:3947} INFO - Setting next_dagrun for example_display_name to None, run_after=None
[2024-07-17T15:12:49.087+0000] {processor.py:183} INFO - Processing /home/airflow/.local/lib/python3.12/site-packages/airflow/example_dags/example_display_name.py took 0.063 seconds
[2024-07-17T15:13:19.980+0000] {processor.py:161} INFO - Started process (PID=434) to work on /home/airflow/.local/lib/python3.12/site-packages/airflow/example_dags/example_display_name.py
[2024-07-17T15:13:19.981+0000] {processor.py:830} INFO - Processing file /home/airflow/.local/lib/python3.12/site-packages/airflow/example_dags/example_display_name.py for tasks to queue
[2024-07-17T15:13:19.982+0000] {logging_mixin.py:188} INFO - [2024-07-17T15:13:19.982+0000] {dagbag.py:545} INFO - Filling up the DagBag from /home/airflow/.local/lib/python3.12/site-packages/airflow/example_dags/example_display_name.py
[2024-07-17T15:13:19.986+0000] {processor.py:840} INFO - DAG(s) 'example_display_name' retrieved from /home/airflow/.local/lib/python3.12/site-packages/airflow/example_dags/example_display_name.py
[2024-07-17T15:13:20.008+0000] {logging_mixin.py:188} INFO - [2024-07-17T15:13:20.007+0000] {dag.py:3089} INFO - Sync 1 DAGs
[2024-07-17T15:13:20.025+0000] {logging_mixin.py:188} INFO - [2024-07-17T15:13:20.024+0000] {dag.py:3947} INFO - Setting next_dagrun for example_display_name to None, run_after=None
[2024-07-17T15:13:20.046+0000] {processor.py:183} INFO - Processing /home/airflow/.local/lib/python3.12/site-packages/airflow/example_dags/example_display_name.py took 0.070 seconds
[2024-07-17T15:13:50.492+0000] {processor.py:161} INFO - Started process (PID=496) to work on /home/airflow/.local/lib/python3.12/site-packages/airflow/example_dags/example_display_name.py
[2024-07-17T15:13:50.494+0000] {processor.py:830} INFO - Processing file /home/airflow/.local/lib/python3.12/site-packages/airflow/example_dags/example_display_name.py for tasks to queue
[2024-07-17T15:13:50.496+0000] {logging_mixin.py:188} INFO - [2024-07-17T15:13:50.495+0000] {dagbag.py:545} INFO - Filling up the DagBag from /home/airflow/.local/lib/python3.12/site-packages/airflow/example_dags/example_display_name.py
[2024-07-17T15:13:50.501+0000] {processor.py:840} INFO - DAG(s) 'example_display_name' retrieved from /home/airflow/.local/lib/python3.12/site-packages/airflow/example_dags/example_display_name.py
[2024-07-17T15:13:50.515+0000] {logging_mixin.py:188} INFO - [2024-07-17T15:13:50.515+0000] {dag.py:3089} INFO - Sync 1 DAGs
[2024-07-17T15:13:50.526+0000] {logging_mixin.py:188} INFO - [2024-07-17T15:13:50.526+0000] {dag.py:3947} INFO - Setting next_dagrun for example_display_name to None, run_after=None
[2024-07-17T15:13:50.542+0000] {processor.py:183} INFO - Processing /home/airflow/.local/lib/python3.12/site-packages/airflow/example_dags/example_display_name.py took 0.055 seconds
[2024-07-17T15:14:20.781+0000] {processor.py:161} INFO - Started process (PID=557) to work on /home/airflow/.local/lib/python3.12/site-packages/airflow/example_dags/example_display_name.py
[2024-07-17T15:14:20.788+0000] {processor.py:830} INFO - Processing file /home/airflow/.local/lib/python3.12/site-packages/airflow/example_dags/example_display_name.py for tasks to queue
[2024-07-17T15:14:20.790+0000] {logging_mixin.py:188} INFO - [2024-07-17T15:14:20.790+0000] {dagbag.py:545} INFO - Filling up the DagBag from /home/airflow/.local/lib/python3.12/site-packages/airflow/example_dags/example_display_name.py
[2024-07-17T15:14:20.794+0000] {processor.py:840} INFO - DAG(s) 'example_display_name' retrieved from /home/airflow/.local/lib/python3.12/site-packages/airflow/example_dags/example_display_name.py
[2024-07-17T15:14:20.817+0000] {logging_mixin.py:188} INFO - [2024-07-17T15:14:20.816+0000] {dag.py:3089} INFO - Sync 1 DAGs
[2024-07-17T15:14:20.835+0000] {logging_mixin.py:188} INFO - [2024-07-17T15:14:20.834+0000] {dag.py:3947} INFO - Setting next_dagrun for example_display_name to None, run_after=None
[2024-07-17T15:14:20.854+0000] {processor.py:183} INFO - Processing /home/airflow/.local/lib/python3.12/site-packages/airflow/example_dags/example_display_name.py took 0.077 seconds
[2024-07-17T15:14:51.257+0000] {processor.py:161} INFO - Started process (PID=618) to work on /home/airflow/.local/lib/python3.12/site-packages/airflow/example_dags/example_display_name.py
[2024-07-17T15:14:51.258+0000] {processor.py:830} INFO - Processing file /home/airflow/.local/lib/python3.12/site-packages/airflow/example_dags/example_display_name.py for tasks to queue
[2024-07-17T15:14:51.260+0000] {logging_mixin.py:188} INFO - [2024-07-17T15:14:51.259+0000] {dagbag.py:545} INFO - Filling up the DagBag from /home/airflow/.local/lib/python3.12/site-packages/airflow/example_dags/example_display_name.py
[2024-07-17T15:14:51.265+0000] {processor.py:840} INFO - DAG(s) 'example_display_name' retrieved from /home/airflow/.local/lib/python3.12/site-packages/airflow/example_dags/example_display_name.py
[2024-07-17T15:14:51.283+0000] {logging_mixin.py:188} INFO - [2024-07-17T15:14:51.282+0000] {dag.py:3089} INFO - Sync 1 DAGs
[2024-07-17T15:14:51.293+0000] {logging_mixin.py:188} INFO - [2024-07-17T15:14:51.293+0000] {dag.py:3947} INFO - Setting next_dagrun for example_display_name to None, run_after=None
[2024-07-17T15:14:51.316+0000] {processor.py:183} INFO - Processing /home/airflow/.local/lib/python3.12/site-packages/airflow/example_dags/example_display_name.py took 0.063 seconds
[2024-07-17T15:15:21.468+0000] {processor.py:161} INFO - Started process (PID=677) to work on /home/airflow/.local/lib/python3.12/site-packages/airflow/example_dags/example_display_name.py
[2024-07-17T15:15:21.469+0000] {processor.py:830} INFO - Processing file /home/airflow/.local/lib/python3.12/site-packages/airflow/example_dags/example_display_name.py for tasks to queue
[2024-07-17T15:15:21.471+0000] {logging_mixin.py:188} INFO - [2024-07-17T15:15:21.471+0000] {dagbag.py:545} INFO - Filling up the DagBag from /home/airflow/.local/lib/python3.12/site-packages/airflow/example_dags/example_display_name.py
[2024-07-17T15:15:21.476+0000] {processor.py:840} INFO - DAG(s) 'example_display_name' retrieved from /home/airflow/.local/lib/python3.12/site-packages/airflow/example_dags/example_display_name.py
[2024-07-17T15:15:21.495+0000] {logging_mixin.py:188} INFO - [2024-07-17T15:15:21.495+0000] {dag.py:3089} INFO - Sync 1 DAGs
[2024-07-17T15:15:21.507+0000] {logging_mixin.py:188} INFO - [2024-07-17T15:15:21.507+0000] {dag.py:3947} INFO - Setting next_dagrun for example_display_name to None, run_after=None
[2024-07-17T15:15:21.523+0000] {processor.py:183} INFO - Processing /home/airflow/.local/lib/python3.12/site-packages/airflow/example_dags/example_display_name.py took 0.060 seconds
[2024-07-17T15:15:51.952+0000] {processor.py:161} INFO - Started process (PID=738) to work on /home/airflow/.local/lib/python3.12/site-packages/airflow/example_dags/example_display_name.py
[2024-07-17T15:15:51.953+0000] {processor.py:830} INFO - Processing file /home/airflow/.local/lib/python3.12/site-packages/airflow/example_dags/example_display_name.py for tasks to queue
[2024-07-17T15:15:51.955+0000] {logging_mixin.py:188} INFO - [2024-07-17T15:15:51.955+0000] {dagbag.py:545} INFO - Filling up the DagBag from /home/airflow/.local/lib/python3.12/site-packages/airflow/example_dags/example_display_name.py
[2024-07-17T15:15:51.959+0000] {processor.py:840} INFO - DAG(s) 'example_display_name' retrieved from /home/airflow/.local/lib/python3.12/site-packages/airflow/example_dags/example_display_name.py
[2024-07-17T15:15:51.973+0000] {logging_mixin.py:188} INFO - [2024-07-17T15:15:51.973+0000] {dag.py:3089} INFO - Sync 1 DAGs
[2024-07-17T15:15:51.984+0000] {logging_mixin.py:188} INFO - [2024-07-17T15:15:51.984+0000] {dag.py:3947} INFO - Setting next_dagrun for example_display_name to None, run_after=None
[2024-07-17T15:15:52.004+0000] {processor.py:183} INFO - Processing /home/airflow/.local/lib/python3.12/site-packages/airflow/example_dags/example_display_name.py took 0.057 seconds
[2024-07-17T15:16:22.344+0000] {processor.py:161} INFO - Started process (PID=799) to work on /home/airflow/.local/lib/python3.12/site-packages/airflow/example_dags/example_display_name.py
[2024-07-17T15:16:22.346+0000] {processor.py:830} INFO - Processing file /home/airflow/.local/lib/python3.12/site-packages/airflow/example_dags/example_display_name.py for tasks to queue
[2024-07-17T15:16:22.347+0000] {logging_mixin.py:188} INFO - [2024-07-17T15:16:22.347+0000] {dagbag.py:545} INFO - Filling up the DagBag from /home/airflow/.local/lib/python3.12/site-packages/airflow/example_dags/example_display_name.py
[2024-07-17T15:16:22.352+0000] {processor.py:840} INFO - DAG(s) 'example_display_name' retrieved from /home/airflow/.local/lib/python3.12/site-packages/airflow/example_dags/example_display_name.py
[2024-07-17T15:16:22.366+0000] {logging_mixin.py:188} INFO - [2024-07-17T15:16:22.366+0000] {dag.py:3089} INFO - Sync 1 DAGs
[2024-07-17T15:16:22.376+0000] {logging_mixin.py:188} INFO - [2024-07-17T15:16:22.376+0000] {dag.py:3947} INFO - Setting next_dagrun for example_display_name to None, run_after=None
[2024-07-17T15:16:22.397+0000] {processor.py:183} INFO - Processing /home/airflow/.local/lib/python3.12/site-packages/airflow/example_dags/example_display_name.py took 0.057 seconds
[2024-07-17T15:16:52.552+0000] {processor.py:161} INFO - Started process (PID=859) to work on /home/airflow/.local/lib/python3.12/site-packages/airflow/example_dags/example_display_name.py
[2024-07-17T15:16:52.553+0000] {processor.py:830} INFO - Processing file /home/airflow/.local/lib/python3.12/site-packages/airflow/example_dags/example_display_name.py for tasks to queue
[2024-07-17T15:16:52.555+0000] {logging_mixin.py:188} INFO - [2024-07-17T15:16:52.554+0000] {dagbag.py:545} INFO - Filling up the DagBag from /home/airflow/.local/lib/python3.12/site-packages/airflow/example_dags/example_display_name.py
[2024-07-17T15:16:52.560+0000] {processor.py:840} INFO - DAG(s) 'example_display_name' retrieved from /home/airflow/.local/lib/python3.12/site-packages/airflow/example_dags/example_display_name.py
[2024-07-17T15:16:52.573+0000] {logging_mixin.py:188} INFO - [2024-07-17T15:16:52.573+0000] {dag.py:3089} INFO - Sync 1 DAGs
[2024-07-17T15:16:52.584+0000] {logging_mixin.py:188} INFO - [2024-07-17T15:16:52.584+0000] {dag.py:3947} INFO - Setting next_dagrun for example_display_name to None, run_after=None
[2024-07-17T15:16:52.608+0000] {processor.py:183} INFO - Processing /home/airflow/.local/lib/python3.12/site-packages/airflow/example_dags/example_display_name.py took 0.059 seconds
[2024-07-17T15:17:23.179+0000] {processor.py:161} INFO - Started process (PID=919) to work on /home/airflow/.local/lib/python3.12/site-packages/airflow/example_dags/example_display_name.py
[2024-07-17T15:17:23.180+0000] {processor.py:830} INFO - Processing file /home/airflow/.local/lib/python3.12/site-packages/airflow/example_dags/example_display_name.py for tasks to queue
[2024-07-17T15:17:23.181+0000] {logging_mixin.py:188} INFO - [2024-07-17T15:17:23.181+0000] {dagbag.py:545} INFO - Filling up the DagBag from /home/airflow/.local/lib/python3.12/site-packages/airflow/example_dags/example_display_name.py
[2024-07-17T15:17:23.186+0000] {processor.py:840} INFO - DAG(s) 'example_display_name' retrieved from /home/airflow/.local/lib/python3.12/site-packages/airflow/example_dags/example_display_name.py
[2024-07-17T15:17:23.199+0000] {logging_mixin.py:188} INFO - [2024-07-17T15:17:23.199+0000] {dag.py:3089} INFO - Sync 1 DAGs
[2024-07-17T15:17:23.209+0000] {logging_mixin.py:188} INFO - [2024-07-17T15:17:23.209+0000] {dag.py:3947} INFO - Setting next_dagrun for example_display_name to None, run_after=None
[2024-07-17T15:17:23.228+0000] {processor.py:183} INFO - Processing /home/airflow/.local/lib/python3.12/site-packages/airflow/example_dags/example_display_name.py took 0.053 seconds
[2024-07-17T15:17:53.534+0000] {processor.py:161} INFO - Started process (PID=980) to work on /home/airflow/.local/lib/python3.12/site-packages/airflow/example_dags/example_display_name.py
[2024-07-17T15:17:53.535+0000] {processor.py:830} INFO - Processing file /home/airflow/.local/lib/python3.12/site-packages/airflow/example_dags/example_display_name.py for tasks to queue
[2024-07-17T15:17:53.538+0000] {logging_mixin.py:188} INFO - [2024-07-17T15:17:53.538+0000] {dagbag.py:545} INFO - Filling up the DagBag from /home/airflow/.local/lib/python3.12/site-packages/airflow/example_dags/example_display_name.py
[2024-07-17T15:17:53.542+0000] {processor.py:840} INFO - DAG(s) 'example_display_name' retrieved from /home/airflow/.local/lib/python3.12/site-packages/airflow/example_dags/example_display_name.py
[2024-07-17T15:17:53.562+0000] {logging_mixin.py:188} INFO - [2024-07-17T15:17:53.562+0000] {dag.py:3089} INFO - Sync 1 DAGs
[2024-07-17T15:17:53.576+0000] {logging_mixin.py:188} INFO - [2024-07-17T15:17:53.576+0000] {dag.py:3947} INFO - Setting next_dagrun for example_display_name to None, run_after=None
[2024-07-17T15:17:53.597+0000] {processor.py:183} INFO - Processing /home/airflow/.local/lib/python3.12/site-packages/airflow/example_dags/example_display_name.py took 0.068 seconds
[2024-07-17T15:18:23.826+0000] {processor.py:161} INFO - Started process (PID=1047) to work on /home/airflow/.local/lib/python3.12/site-packages/airflow/example_dags/example_display_name.py
[2024-07-17T15:18:23.826+0000] {processor.py:830} INFO - Processing file /home/airflow/.local/lib/python3.12/site-packages/airflow/example_dags/example_display_name.py for tasks to queue
[2024-07-17T15:18:23.828+0000] {logging_mixin.py:188} INFO - [2024-07-17T15:18:23.828+0000] {dagbag.py:545} INFO - Filling up the DagBag from /home/airflow/.local/lib/python3.12/site-packages/airflow/example_dags/example_display_name.py
[2024-07-17T15:18:23.832+0000] {processor.py:840} INFO - DAG(s) 'example_display_name' retrieved from /home/airflow/.local/lib/python3.12/site-packages/airflow/example_dags/example_display_name.py
[2024-07-17T15:18:23.846+0000] {logging_mixin.py:188} INFO - [2024-07-17T15:18:23.846+0000] {dag.py:3089} INFO - Sync 1 DAGs
[2024-07-17T15:18:23.880+0000] {logging_mixin.py:188} INFO - [2024-07-17T15:18:23.880+0000] {dag.py:3947} INFO - Setting next_dagrun for example_display_name to None, run_after=None
[2024-07-17T15:18:23.899+0000] {processor.py:183} INFO - Processing /home/airflow/.local/lib/python3.12/site-packages/airflow/example_dags/example_display_name.py took 0.077 seconds
[2024-07-17T15:18:54.074+0000] {processor.py:161} INFO - Started process (PID=1111) to work on /home/airflow/.local/lib/python3.12/site-packages/airflow/example_dags/example_display_name.py
[2024-07-17T15:18:54.075+0000] {processor.py:830} INFO - Processing file /home/airflow/.local/lib/python3.12/site-packages/airflow/example_dags/example_display_name.py for tasks to queue
[2024-07-17T15:18:54.076+0000] {logging_mixin.py:188} INFO - [2024-07-17T15:18:54.076+0000] {dagbag.py:545} INFO - Filling up the DagBag from /home/airflow/.local/lib/python3.12/site-packages/airflow/example_dags/example_display_name.py
[2024-07-17T15:18:54.080+0000] {processor.py:840} INFO - DAG(s) 'example_display_name' retrieved from /home/airflow/.local/lib/python3.12/site-packages/airflow/example_dags/example_display_name.py
[2024-07-17T15:18:54.093+0000] {logging_mixin.py:188} INFO - [2024-07-17T15:18:54.093+0000] {dag.py:3089} INFO - Sync 1 DAGs
[2024-07-17T15:18:54.103+0000] {logging_mixin.py:188} INFO - [2024-07-17T15:18:54.103+0000] {dag.py:3947} INFO - Setting next_dagrun for example_display_name to None, run_after=None
[2024-07-17T15:18:54.117+0000] {processor.py:183} INFO - Processing /home/airflow/.local/lib/python3.12/site-packages/airflow/example_dags/example_display_name.py took 0.047 seconds
[2024-07-17T15:19:24.286+0000] {processor.py:161} INFO - Started process (PID=1172) to work on /home/airflow/.local/lib/python3.12/site-packages/airflow/example_dags/example_display_name.py
[2024-07-17T15:19:24.287+0000] {processor.py:830} INFO - Processing file /home/airflow/.local/lib/python3.12/site-packages/airflow/example_dags/example_display_name.py for tasks to queue
[2024-07-17T15:19:24.289+0000] {logging_mixin.py:188} INFO - [2024-07-17T15:19:24.289+0000] {dagbag.py:545} INFO - Filling up the DagBag from /home/airflow/.local/lib/python3.12/site-packages/airflow/example_dags/example_display_name.py
[2024-07-17T15:19:24.296+0000] {processor.py:840} INFO - DAG(s) 'example_display_name' retrieved from /home/airflow/.local/lib/python3.12/site-packages/airflow/example_dags/example_display_name.py
[2024-07-17T15:19:24.325+0000] {logging_mixin.py:188} INFO - [2024-07-17T15:19:24.325+0000] {dag.py:3089} INFO - Sync 1 DAGs
[2024-07-17T15:19:24.336+0000] {logging_mixin.py:188} INFO - [2024-07-17T15:19:24.336+0000] {dag.py:3947} INFO - Setting next_dagrun for example_display_name to None, run_after=None
[2024-07-17T15:19:24.359+0000] {processor.py:183} INFO - Processing /home/airflow/.local/lib/python3.12/site-packages/airflow/example_dags/example_display_name.py took 0.078 seconds
[2024-07-17T15:19:54.950+0000] {processor.py:161} INFO - Started process (PID=1233) to work on /home/airflow/.local/lib/python3.12/site-packages/airflow/example_dags/example_display_name.py
[2024-07-17T15:19:54.951+0000] {processor.py:830} INFO - Processing file /home/airflow/.local/lib/python3.12/site-packages/airflow/example_dags/example_display_name.py for tasks to queue
[2024-07-17T15:19:54.952+0000] {logging_mixin.py:188} INFO - [2024-07-17T15:19:54.952+0000] {dagbag.py:545} INFO - Filling up the DagBag from /home/airflow/.local/lib/python3.12/site-packages/airflow/example_dags/example_display_name.py
[2024-07-17T15:19:54.960+0000] {processor.py:840} INFO - DAG(s) 'example_display_name' retrieved from /home/airflow/.local/lib/python3.12/site-packages/airflow/example_dags/example_display_name.py
[2024-07-17T15:19:54.993+0000] {logging_mixin.py:188} INFO - [2024-07-17T15:19:54.993+0000] {dag.py:3089} INFO - Sync 1 DAGs
[2024-07-17T15:19:55.001+0000] {logging_mixin.py:188} INFO - [2024-07-17T15:19:55.001+0000] {dag.py:3947} INFO - Setting next_dagrun for example_display_name to None, run_after=None
[2024-07-17T15:19:55.020+0000] {processor.py:183} INFO - Processing /home/airflow/.local/lib/python3.12/site-packages/airflow/example_dags/example_display_name.py took 0.074 seconds
[2024-07-17T15:20:25.198+0000] {processor.py:161} INFO - Started process (PID=1294) to work on /home/airflow/.local/lib/python3.12/site-packages/airflow/example_dags/example_display_name.py
[2024-07-17T15:20:25.199+0000] {processor.py:830} INFO - Processing file /home/airflow/.local/lib/python3.12/site-packages/airflow/example_dags/example_display_name.py for tasks to queue
[2024-07-17T15:20:25.202+0000] {logging_mixin.py:188} INFO - [2024-07-17T15:20:25.201+0000] {dagbag.py:545} INFO - Filling up the DagBag from /home/airflow/.local/lib/python3.12/site-packages/airflow/example_dags/example_display_name.py
[2024-07-17T15:20:25.207+0000] {processor.py:840} INFO - DAG(s) 'example_display_name' retrieved from /home/airflow/.local/lib/python3.12/site-packages/airflow/example_dags/example_display_name.py
[2024-07-17T15:20:25.224+0000] {logging_mixin.py:188} INFO - [2024-07-17T15:20:25.224+0000] {dag.py:3089} INFO - Sync 1 DAGs
[2024-07-17T15:20:25.240+0000] {logging_mixin.py:188} INFO - [2024-07-17T15:20:25.240+0000] {dag.py:3947} INFO - Setting next_dagrun for example_display_name to None, run_after=None
[2024-07-17T15:20:25.260+0000] {processor.py:183} INFO - Processing /home/airflow/.local/lib/python3.12/site-packages/airflow/example_dags/example_display_name.py took 0.069 seconds
[2024-07-17T15:20:55.435+0000] {processor.py:161} INFO - Started process (PID=1355) to work on /home/airflow/.local/lib/python3.12/site-packages/airflow/example_dags/example_display_name.py
[2024-07-17T15:20:55.436+0000] {processor.py:830} INFO - Processing file /home/airflow/.local/lib/python3.12/site-packages/airflow/example_dags/example_display_name.py for tasks to queue
[2024-07-17T15:20:55.437+0000] {logging_mixin.py:188} INFO - [2024-07-17T15:20:55.437+0000] {dagbag.py:545} INFO - Filling up the DagBag from /home/airflow/.local/lib/python3.12/site-packages/airflow/example_dags/example_display_name.py
[2024-07-17T15:20:55.442+0000] {processor.py:840} INFO - DAG(s) 'example_display_name' retrieved from /home/airflow/.local/lib/python3.12/site-packages/airflow/example_dags/example_display_name.py
[2024-07-17T15:20:55.459+0000] {logging_mixin.py:188} INFO - [2024-07-17T15:20:55.458+0000] {dag.py:3089} INFO - Sync 1 DAGs
[2024-07-17T15:20:55.470+0000] {logging_mixin.py:188} INFO - [2024-07-17T15:20:55.469+0000] {dag.py:3947} INFO - Setting next_dagrun for example_display_name to None, run_after=None
[2024-07-17T15:20:55.492+0000] {processor.py:183} INFO - Processing /home/airflow/.local/lib/python3.12/site-packages/airflow/example_dags/example_display_name.py took 0.061 seconds
[2024-07-17T15:21:26.472+0000] {processor.py:161} INFO - Started process (PID=1416) to work on /home/airflow/.local/lib/python3.12/site-packages/airflow/example_dags/example_display_name.py
[2024-07-17T15:21:26.473+0000] {processor.py:830} INFO - Processing file /home/airflow/.local/lib/python3.12/site-packages/airflow/example_dags/example_display_name.py for tasks to queue
[2024-07-17T15:21:26.474+0000] {logging_mixin.py:188} INFO - [2024-07-17T15:21:26.474+0000] {dagbag.py:545} INFO - Filling up the DagBag from /home/airflow/.local/lib/python3.12/site-packages/airflow/example_dags/example_display_name.py
[2024-07-17T15:21:26.479+0000] {processor.py:840} INFO - DAG(s) 'example_display_name' retrieved from /home/airflow/.local/lib/python3.12/site-packages/airflow/example_dags/example_display_name.py
[2024-07-17T15:21:26.494+0000] {logging_mixin.py:188} INFO - [2024-07-17T15:21:26.494+0000] {dag.py:3089} INFO - Sync 1 DAGs
[2024-07-17T15:21:26.506+0000] {logging_mixin.py:188} INFO - [2024-07-17T15:21:26.506+0000] {dag.py:3947} INFO - Setting next_dagrun for example_display_name to None, run_after=None
[2024-07-17T15:21:26.529+0000] {processor.py:183} INFO - Processing /home/airflow/.local/lib/python3.12/site-packages/airflow/example_dags/example_display_name.py took 0.061 seconds
[2024-07-17T15:21:57.327+0000] {processor.py:161} INFO - Started process (PID=1477) to work on /home/airflow/.local/lib/python3.12/site-packages/airflow/example_dags/example_display_name.py
[2024-07-17T15:21:57.328+0000] {processor.py:830} INFO - Processing file /home/airflow/.local/lib/python3.12/site-packages/airflow/example_dags/example_display_name.py for tasks to queue
[2024-07-17T15:21:57.331+0000] {logging_mixin.py:188} INFO - [2024-07-17T15:21:57.330+0000] {dagbag.py:545} INFO - Filling up the DagBag from /home/airflow/.local/lib/python3.12/site-packages/airflow/example_dags/example_display_name.py
[2024-07-17T15:21:57.336+0000] {processor.py:840} INFO - DAG(s) 'example_display_name' retrieved from /home/airflow/.local/lib/python3.12/site-packages/airflow/example_dags/example_display_name.py
[2024-07-17T15:21:57.355+0000] {logging_mixin.py:188} INFO - [2024-07-17T15:21:57.355+0000] {dag.py:3089} INFO - Sync 1 DAGs
[2024-07-17T15:21:57.365+0000] {logging_mixin.py:188} INFO - [2024-07-17T15:21:57.365+0000] {dag.py:3947} INFO - Setting next_dagrun for example_display_name to None, run_after=None
[2024-07-17T15:21:57.383+0000] {processor.py:183} INFO - Processing /home/airflow/.local/lib/python3.12/site-packages/airflow/example_dags/example_display_name.py took 0.063 seconds
[2024-07-17T15:22:27.761+0000] {processor.py:161} INFO - Started process (PID=1538) to work on /home/airflow/.local/lib/python3.12/site-packages/airflow/example_dags/example_display_name.py
[2024-07-17T15:22:27.762+0000] {processor.py:830} INFO - Processing file /home/airflow/.local/lib/python3.12/site-packages/airflow/example_dags/example_display_name.py for tasks to queue
[2024-07-17T15:22:27.763+0000] {logging_mixin.py:188} INFO - [2024-07-17T15:22:27.763+0000] {dagbag.py:545} INFO - Filling up the DagBag from /home/airflow/.local/lib/python3.12/site-packages/airflow/example_dags/example_display_name.py
[2024-07-17T15:22:27.767+0000] {processor.py:840} INFO - DAG(s) 'example_display_name' retrieved from /home/airflow/.local/lib/python3.12/site-packages/airflow/example_dags/example_display_name.py
[2024-07-17T15:22:27.781+0000] {logging_mixin.py:188} INFO - [2024-07-17T15:22:27.781+0000] {dag.py:3089} INFO - Sync 1 DAGs
[2024-07-17T15:22:27.791+0000] {logging_mixin.py:188} INFO - [2024-07-17T15:22:27.791+0000] {dag.py:3947} INFO - Setting next_dagrun for example_display_name to None, run_after=None
[2024-07-17T15:22:27.809+0000] {processor.py:183} INFO - Processing /home/airflow/.local/lib/python3.12/site-packages/airflow/example_dags/example_display_name.py took 0.052 seconds
[2024-07-17T15:22:57.957+0000] {processor.py:161} INFO - Started process (PID=1599) to work on /home/airflow/.local/lib/python3.12/site-packages/airflow/example_dags/example_display_name.py
[2024-07-17T15:22:57.958+0000] {processor.py:830} INFO - Processing file /home/airflow/.local/lib/python3.12/site-packages/airflow/example_dags/example_display_name.py for tasks to queue
[2024-07-17T15:22:57.960+0000] {logging_mixin.py:188} INFO - [2024-07-17T15:22:57.959+0000] {dagbag.py:545} INFO - Filling up the DagBag from /home/airflow/.local/lib/python3.12/site-packages/airflow/example_dags/example_display_name.py
[2024-07-17T15:22:57.965+0000] {processor.py:840} INFO - DAG(s) 'example_display_name' retrieved from /home/airflow/.local/lib/python3.12/site-packages/airflow/example_dags/example_display_name.py
[2024-07-17T15:22:57.984+0000] {logging_mixin.py:188} INFO - [2024-07-17T15:22:57.984+0000] {dag.py:3089} INFO - Sync 1 DAGs
[2024-07-17T15:22:58.002+0000] {logging_mixin.py:188} INFO - [2024-07-17T15:22:58.001+0000] {dag.py:3947} INFO - Setting next_dagrun for example_display_name to None, run_after=None
[2024-07-17T15:22:58.020+0000] {processor.py:183} INFO - Processing /home/airflow/.local/lib/python3.12/site-packages/airflow/example_dags/example_display_name.py took 0.066 seconds
[2024-07-17T15:23:28.123+0000] {processor.py:161} INFO - Started process (PID=1660) to work on /home/airflow/.local/lib/python3.12/site-packages/airflow/example_dags/example_display_name.py
[2024-07-17T15:23:28.124+0000] {processor.py:830} INFO - Processing file /home/airflow/.local/lib/python3.12/site-packages/airflow/example_dags/example_display_name.py for tasks to queue
[2024-07-17T15:23:28.125+0000] {logging_mixin.py:188} INFO - [2024-07-17T15:23:28.125+0000] {dagbag.py:545} INFO - Filling up the DagBag from /home/airflow/.local/lib/python3.12/site-packages/airflow/example_dags/example_display_name.py
[2024-07-17T15:23:28.132+0000] {processor.py:840} INFO - DAG(s) 'example_display_name' retrieved from /home/airflow/.local/lib/python3.12/site-packages/airflow/example_dags/example_display_name.py
[2024-07-17T15:23:28.152+0000] {logging_mixin.py:188} INFO - [2024-07-17T15:23:28.151+0000] {dag.py:3089} INFO - Sync 1 DAGs
[2024-07-17T15:23:28.164+0000] {logging_mixin.py:188} INFO - [2024-07-17T15:23:28.163+0000] {dag.py:3947} INFO - Setting next_dagrun for example_display_name to None, run_after=None
[2024-07-17T15:23:28.178+0000] {processor.py:183} INFO - Processing /home/airflow/.local/lib/python3.12/site-packages/airflow/example_dags/example_display_name.py took 0.059 seconds
[2024-07-17T15:23:58.597+0000] {processor.py:161} INFO - Started process (PID=1724) to work on /home/airflow/.local/lib/python3.12/site-packages/airflow/example_dags/example_display_name.py
[2024-07-17T15:23:58.599+0000] {processor.py:830} INFO - Processing file /home/airflow/.local/lib/python3.12/site-packages/airflow/example_dags/example_display_name.py for tasks to queue
[2024-07-17T15:23:58.601+0000] {logging_mixin.py:188} INFO - [2024-07-17T15:23:58.601+0000] {dagbag.py:545} INFO - Filling up the DagBag from /home/airflow/.local/lib/python3.12/site-packages/airflow/example_dags/example_display_name.py
[2024-07-17T15:23:58.609+0000] {processor.py:840} INFO - DAG(s) 'example_display_name' retrieved from /home/airflow/.local/lib/python3.12/site-packages/airflow/example_dags/example_display_name.py
[2024-07-17T15:23:58.635+0000] {logging_mixin.py:188} INFO - [2024-07-17T15:23:58.635+0000] {dag.py:3089} INFO - Sync 1 DAGs
[2024-07-17T15:23:58.646+0000] {logging_mixin.py:188} INFO - [2024-07-17T15:23:58.645+0000] {dag.py:3947} INFO - Setting next_dagrun for example_display_name to None, run_after=None
[2024-07-17T15:23:58.665+0000] {processor.py:183} INFO - Processing /home/airflow/.local/lib/python3.12/site-packages/airflow/example_dags/example_display_name.py took 0.076 seconds
[2024-07-17T15:24:29.472+0000] {processor.py:161} INFO - Started process (PID=1785) to work on /home/airflow/.local/lib/python3.12/site-packages/airflow/example_dags/example_display_name.py
[2024-07-17T15:24:29.473+0000] {processor.py:830} INFO - Processing file /home/airflow/.local/lib/python3.12/site-packages/airflow/example_dags/example_display_name.py for tasks to queue
[2024-07-17T15:24:29.474+0000] {logging_mixin.py:188} INFO - [2024-07-17T15:24:29.474+0000] {dagbag.py:545} INFO - Filling up the DagBag from /home/airflow/.local/lib/python3.12/site-packages/airflow/example_dags/example_display_name.py
[2024-07-17T15:24:29.479+0000] {processor.py:840} INFO - DAG(s) 'example_display_name' retrieved from /home/airflow/.local/lib/python3.12/site-packages/airflow/example_dags/example_display_name.py
[2024-07-17T15:24:29.509+0000] {logging_mixin.py:188} INFO - [2024-07-17T15:24:29.509+0000] {dag.py:3089} INFO - Sync 1 DAGs
[2024-07-17T15:24:29.519+0000] {logging_mixin.py:188} INFO - [2024-07-17T15:24:29.519+0000] {dag.py:3947} INFO - Setting next_dagrun for example_display_name to None, run_after=None
[2024-07-17T15:24:29.534+0000] {processor.py:183} INFO - Processing /home/airflow/.local/lib/python3.12/site-packages/airflow/example_dags/example_display_name.py took 0.067 seconds
[2024-07-17T15:25:00.778+0000] {processor.py:161} INFO - Started process (PID=1846) to work on /home/airflow/.local/lib/python3.12/site-packages/airflow/example_dags/example_display_name.py
[2024-07-17T15:25:00.780+0000] {processor.py:830} INFO - Processing file /home/airflow/.local/lib/python3.12/site-packages/airflow/example_dags/example_display_name.py for tasks to queue
[2024-07-17T15:25:00.782+0000] {logging_mixin.py:188} INFO - [2024-07-17T15:25:00.781+0000] {dagbag.py:545} INFO - Filling up the DagBag from /home/airflow/.local/lib/python3.12/site-packages/airflow/example_dags/example_display_name.py
[2024-07-17T15:25:00.788+0000] {processor.py:840} INFO - DAG(s) 'example_display_name' retrieved from /home/airflow/.local/lib/python3.12/site-packages/airflow/example_dags/example_display_name.py
[2024-07-17T15:25:00.808+0000] {logging_mixin.py:188} INFO - [2024-07-17T15:25:00.808+0000] {dag.py:3089} INFO - Sync 1 DAGs
[2024-07-17T15:25:00.818+0000] {logging_mixin.py:188} INFO - [2024-07-17T15:25:00.818+0000] {dag.py:3947} INFO - Setting next_dagrun for example_display_name to None, run_after=None
[2024-07-17T15:25:00.837+0000] {processor.py:183} INFO - Processing /home/airflow/.local/lib/python3.12/site-packages/airflow/example_dags/example_display_name.py took 0.063 seconds
[2024-07-17T15:25:31.816+0000] {processor.py:161} INFO - Started process (PID=1907) to work on /home/airflow/.local/lib/python3.12/site-packages/airflow/example_dags/example_display_name.py
[2024-07-17T15:25:31.817+0000] {processor.py:830} INFO - Processing file /home/airflow/.local/lib/python3.12/site-packages/airflow/example_dags/example_display_name.py for tasks to queue
[2024-07-17T15:25:31.819+0000] {logging_mixin.py:188} INFO - [2024-07-17T15:25:31.819+0000] {dagbag.py:545} INFO - Filling up the DagBag from /home/airflow/.local/lib/python3.12/site-packages/airflow/example_dags/example_display_name.py
[2024-07-17T15:25:31.823+0000] {processor.py:840} INFO - DAG(s) 'example_display_name' retrieved from /home/airflow/.local/lib/python3.12/site-packages/airflow/example_dags/example_display_name.py
[2024-07-17T15:25:31.839+0000] {logging_mixin.py:188} INFO - [2024-07-17T15:25:31.838+0000] {dag.py:3089} INFO - Sync 1 DAGs
[2024-07-17T15:25:31.849+0000] {logging_mixin.py:188} INFO - [2024-07-17T15:25:31.848+0000] {dag.py:3947} INFO - Setting next_dagrun for example_display_name to None, run_after=None
[2024-07-17T15:25:31.863+0000] {processor.py:183} INFO - Processing /home/airflow/.local/lib/python3.12/site-packages/airflow/example_dags/example_display_name.py took 0.050 seconds
[2024-07-17T15:26:02.514+0000] {processor.py:161} INFO - Started process (PID=1969) to work on /home/airflow/.local/lib/python3.12/site-packages/airflow/example_dags/example_display_name.py
[2024-07-17T15:26:02.515+0000] {processor.py:830} INFO - Processing file /home/airflow/.local/lib/python3.12/site-packages/airflow/example_dags/example_display_name.py for tasks to queue
[2024-07-17T15:26:02.516+0000] {logging_mixin.py:188} INFO - [2024-07-17T15:26:02.516+0000] {dagbag.py:545} INFO - Filling up the DagBag from /home/airflow/.local/lib/python3.12/site-packages/airflow/example_dags/example_display_name.py
[2024-07-17T15:26:02.521+0000] {processor.py:840} INFO - DAG(s) 'example_display_name' retrieved from /home/airflow/.local/lib/python3.12/site-packages/airflow/example_dags/example_display_name.py
[2024-07-17T15:26:02.537+0000] {logging_mixin.py:188} INFO - [2024-07-17T15:26:02.537+0000] {dag.py:3089} INFO - Sync 1 DAGs
[2024-07-17T15:26:02.547+0000] {logging_mixin.py:188} INFO - [2024-07-17T15:26:02.547+0000] {dag.py:3947} INFO - Setting next_dagrun for example_display_name to None, run_after=None
[2024-07-17T15:26:02.565+0000] {processor.py:183} INFO - Processing /home/airflow/.local/lib/python3.12/site-packages/airflow/example_dags/example_display_name.py took 0.057 seconds
[2024-07-17T15:26:33.075+0000] {processor.py:161} INFO - Started process (PID=2030) to work on /home/airflow/.local/lib/python3.12/site-packages/airflow/example_dags/example_display_name.py
[2024-07-17T15:26:33.077+0000] {processor.py:830} INFO - Processing file /home/airflow/.local/lib/python3.12/site-packages/airflow/example_dags/example_display_name.py for tasks to queue
[2024-07-17T15:26:33.078+0000] {logging_mixin.py:188} INFO - [2024-07-17T15:26:33.078+0000] {dagbag.py:545} INFO - Filling up the DagBag from /home/airflow/.local/lib/python3.12/site-packages/airflow/example_dags/example_display_name.py
[2024-07-17T15:26:33.083+0000] {processor.py:840} INFO - DAG(s) 'example_display_name' retrieved from /home/airflow/.local/lib/python3.12/site-packages/airflow/example_dags/example_display_name.py
[2024-07-17T15:26:33.103+0000] {logging_mixin.py:188} INFO - [2024-07-17T15:26:33.103+0000] {dag.py:3089} INFO - Sync 1 DAGs
[2024-07-17T15:26:33.113+0000] {logging_mixin.py:188} INFO - [2024-07-17T15:26:33.113+0000] {dag.py:3947} INFO - Setting next_dagrun for example_display_name to None, run_after=None
[2024-07-17T15:26:33.133+0000] {processor.py:183} INFO - Processing /home/airflow/.local/lib/python3.12/site-packages/airflow/example_dags/example_display_name.py took 0.062 seconds
[2024-07-17T15:27:04.192+0000] {processor.py:161} INFO - Started process (PID=2091) to work on /home/airflow/.local/lib/python3.12/site-packages/airflow/example_dags/example_display_name.py
[2024-07-17T15:27:04.193+0000] {processor.py:830} INFO - Processing file /home/airflow/.local/lib/python3.12/site-packages/airflow/example_dags/example_display_name.py for tasks to queue
[2024-07-17T15:27:04.195+0000] {logging_mixin.py:188} INFO - [2024-07-17T15:27:04.195+0000] {dagbag.py:545} INFO - Filling up the DagBag from /home/airflow/.local/lib/python3.12/site-packages/airflow/example_dags/example_display_name.py
[2024-07-17T15:27:04.201+0000] {processor.py:840} INFO - DAG(s) 'example_display_name' retrieved from /home/airflow/.local/lib/python3.12/site-packages/airflow/example_dags/example_display_name.py
[2024-07-17T15:27:04.221+0000] {logging_mixin.py:188} INFO - [2024-07-17T15:27:04.220+0000] {dag.py:3089} INFO - Sync 1 DAGs
[2024-07-17T15:27:04.234+0000] {logging_mixin.py:188} INFO - [2024-07-17T15:27:04.234+0000] {dag.py:3947} INFO - Setting next_dagrun for example_display_name to None, run_after=None
[2024-07-17T15:27:04.253+0000] {processor.py:183} INFO - Processing /home/airflow/.local/lib/python3.12/site-packages/airflow/example_dags/example_display_name.py took 0.066 seconds
[2024-07-17T15:27:34.680+0000] {processor.py:161} INFO - Started process (PID=2152) to work on /home/airflow/.local/lib/python3.12/site-packages/airflow/example_dags/example_display_name.py
[2024-07-17T15:27:34.681+0000] {processor.py:830} INFO - Processing file /home/airflow/.local/lib/python3.12/site-packages/airflow/example_dags/example_display_name.py for tasks to queue
[2024-07-17T15:27:34.683+0000] {logging_mixin.py:188} INFO - [2024-07-17T15:27:34.683+0000] {dagbag.py:545} INFO - Filling up the DagBag from /home/airflow/.local/lib/python3.12/site-packages/airflow/example_dags/example_display_name.py
[2024-07-17T15:27:34.687+0000] {processor.py:840} INFO - DAG(s) 'example_display_name' retrieved from /home/airflow/.local/lib/python3.12/site-packages/airflow/example_dags/example_display_name.py
[2024-07-17T15:27:34.706+0000] {logging_mixin.py:188} INFO - [2024-07-17T15:27:34.706+0000] {dag.py:3089} INFO - Sync 1 DAGs
[2024-07-17T15:27:34.722+0000] {logging_mixin.py:188} INFO - [2024-07-17T15:27:34.721+0000] {dag.py:3947} INFO - Setting next_dagrun for example_display_name to None, run_after=None
[2024-07-17T15:27:34.745+0000] {processor.py:183} INFO - Processing /home/airflow/.local/lib/python3.12/site-packages/airflow/example_dags/example_display_name.py took 0.071 seconds
[2024-07-17T15:28:06.014+0000] {processor.py:161} INFO - Started process (PID=2213) to work on /home/airflow/.local/lib/python3.12/site-packages/airflow/example_dags/example_display_name.py
[2024-07-17T15:28:06.015+0000] {processor.py:830} INFO - Processing file /home/airflow/.local/lib/python3.12/site-packages/airflow/example_dags/example_display_name.py for tasks to queue
[2024-07-17T15:28:06.017+0000] {logging_mixin.py:188} INFO - [2024-07-17T15:28:06.017+0000] {dagbag.py:545} INFO - Filling up the DagBag from /home/airflow/.local/lib/python3.12/site-packages/airflow/example_dags/example_display_name.py
[2024-07-17T15:28:06.032+0000] {processor.py:840} INFO - DAG(s) 'example_display_name' retrieved from /home/airflow/.local/lib/python3.12/site-packages/airflow/example_dags/example_display_name.py
[2024-07-17T15:28:06.052+0000] {logging_mixin.py:188} INFO - [2024-07-17T15:28:06.052+0000] {dag.py:3089} INFO - Sync 1 DAGs
[2024-07-17T15:28:06.064+0000] {logging_mixin.py:188} INFO - [2024-07-17T15:28:06.064+0000] {dag.py:3947} INFO - Setting next_dagrun for example_display_name to None, run_after=None
[2024-07-17T15:28:06.084+0000] {processor.py:183} INFO - Processing /home/airflow/.local/lib/python3.12/site-packages/airflow/example_dags/example_display_name.py took 0.076 seconds
[2024-07-17T15:29:31.863+0000] {processor.py:161} INFO - Started process (PID=70) to work on /home/airflow/.local/lib/python3.12/site-packages/airflow/example_dags/example_display_name.py
[2024-07-17T15:29:31.864+0000] {processor.py:830} INFO - Processing file /home/airflow/.local/lib/python3.12/site-packages/airflow/example_dags/example_display_name.py for tasks to queue
[2024-07-17T15:29:31.866+0000] {logging_mixin.py:188} INFO - [2024-07-17T15:29:31.866+0000] {dagbag.py:545} INFO - Filling up the DagBag from /home/airflow/.local/lib/python3.12/site-packages/airflow/example_dags/example_display_name.py
[2024-07-17T15:29:31.876+0000] {processor.py:840} INFO - DAG(s) 'example_display_name' retrieved from /home/airflow/.local/lib/python3.12/site-packages/airflow/example_dags/example_display_name.py
[2024-07-17T15:29:31.891+0000] {logging_mixin.py:188} INFO - [2024-07-17T15:29:31.890+0000] {dag.py:3089} INFO - Sync 1 DAGs
[2024-07-17T15:29:31.906+0000] {logging_mixin.py:188} INFO - [2024-07-17T15:29:31.906+0000] {dag.py:3947} INFO - Setting next_dagrun for example_display_name to None, run_after=None
[2024-07-17T15:29:31.930+0000] {processor.py:183} INFO - Processing /home/airflow/.local/lib/python3.12/site-packages/airflow/example_dags/example_display_name.py took 0.074 seconds
[2024-07-17T15:30:03.260+0000] {processor.py:161} INFO - Started process (PID=131) to work on /home/airflow/.local/lib/python3.12/site-packages/airflow/example_dags/example_display_name.py
[2024-07-17T15:30:03.261+0000] {processor.py:830} INFO - Processing file /home/airflow/.local/lib/python3.12/site-packages/airflow/example_dags/example_display_name.py for tasks to queue
[2024-07-17T15:30:03.262+0000] {logging_mixin.py:188} INFO - [2024-07-17T15:30:03.262+0000] {dagbag.py:545} INFO - Filling up the DagBag from /home/airflow/.local/lib/python3.12/site-packages/airflow/example_dags/example_display_name.py
[2024-07-17T15:30:03.276+0000] {processor.py:840} INFO - DAG(s) 'example_display_name' retrieved from /home/airflow/.local/lib/python3.12/site-packages/airflow/example_dags/example_display_name.py
[2024-07-17T15:30:03.362+0000] {logging_mixin.py:188} INFO - [2024-07-17T15:30:03.362+0000] {dag.py:3089} INFO - Sync 1 DAGs
[2024-07-17T15:30:03.376+0000] {logging_mixin.py:188} INFO - [2024-07-17T15:30:03.376+0000] {dag.py:3947} INFO - Setting next_dagrun for example_display_name to None, run_after=None
[2024-07-17T15:30:03.398+0000] {processor.py:183} INFO - Processing /home/airflow/.local/lib/python3.12/site-packages/airflow/example_dags/example_display_name.py took 0.143 seconds
[2024-07-17T15:30:34.255+0000] {processor.py:161} INFO - Started process (PID=192) to work on /home/airflow/.local/lib/python3.12/site-packages/airflow/example_dags/example_display_name.py
[2024-07-17T15:30:34.264+0000] {processor.py:830} INFO - Processing file /home/airflow/.local/lib/python3.12/site-packages/airflow/example_dags/example_display_name.py for tasks to queue
[2024-07-17T15:30:34.266+0000] {logging_mixin.py:188} INFO - [2024-07-17T15:30:34.265+0000] {dagbag.py:545} INFO - Filling up the DagBag from /home/airflow/.local/lib/python3.12/site-packages/airflow/example_dags/example_display_name.py
[2024-07-17T15:30:34.270+0000] {processor.py:840} INFO - DAG(s) 'example_display_name' retrieved from /home/airflow/.local/lib/python3.12/site-packages/airflow/example_dags/example_display_name.py
[2024-07-17T15:30:34.296+0000] {logging_mixin.py:188} INFO - [2024-07-17T15:30:34.296+0000] {dag.py:3089} INFO - Sync 1 DAGs
[2024-07-17T15:30:34.314+0000] {logging_mixin.py:188} INFO - [2024-07-17T15:30:34.314+0000] {dag.py:3947} INFO - Setting next_dagrun for example_display_name to None, run_after=None
[2024-07-17T15:30:34.340+0000] {processor.py:183} INFO - Processing /home/airflow/.local/lib/python3.12/site-packages/airflow/example_dags/example_display_name.py took 0.090 seconds
[2024-07-17T15:31:05.216+0000] {processor.py:161} INFO - Started process (PID=253) to work on /home/airflow/.local/lib/python3.12/site-packages/airflow/example_dags/example_display_name.py
[2024-07-17T15:31:05.219+0000] {processor.py:830} INFO - Processing file /home/airflow/.local/lib/python3.12/site-packages/airflow/example_dags/example_display_name.py for tasks to queue
[2024-07-17T15:31:05.221+0000] {logging_mixin.py:188} INFO - [2024-07-17T15:31:05.221+0000] {dagbag.py:545} INFO - Filling up the DagBag from /home/airflow/.local/lib/python3.12/site-packages/airflow/example_dags/example_display_name.py
[2024-07-17T15:31:05.231+0000] {processor.py:840} INFO - DAG(s) 'example_display_name' retrieved from /home/airflow/.local/lib/python3.12/site-packages/airflow/example_dags/example_display_name.py
[2024-07-17T15:31:05.245+0000] {logging_mixin.py:188} INFO - [2024-07-17T15:31:05.245+0000] {dag.py:3089} INFO - Sync 1 DAGs
[2024-07-17T15:31:05.265+0000] {logging_mixin.py:188} INFO - [2024-07-17T15:31:05.264+0000] {dag.py:3947} INFO - Setting next_dagrun for example_display_name to None, run_after=None
[2024-07-17T15:31:05.290+0000] {processor.py:183} INFO - Processing /home/airflow/.local/lib/python3.12/site-packages/airflow/example_dags/example_display_name.py took 0.078 seconds
[2024-07-17T15:31:35.881+0000] {processor.py:161} INFO - Started process (PID=314) to work on /home/airflow/.local/lib/python3.12/site-packages/airflow/example_dags/example_display_name.py
[2024-07-17T15:31:35.882+0000] {processor.py:830} INFO - Processing file /home/airflow/.local/lib/python3.12/site-packages/airflow/example_dags/example_display_name.py for tasks to queue
[2024-07-17T15:31:35.884+0000] {logging_mixin.py:188} INFO - [2024-07-17T15:31:35.883+0000] {dagbag.py:545} INFO - Filling up the DagBag from /home/airflow/.local/lib/python3.12/site-packages/airflow/example_dags/example_display_name.py
[2024-07-17T15:31:35.888+0000] {processor.py:840} INFO - DAG(s) 'example_display_name' retrieved from /home/airflow/.local/lib/python3.12/site-packages/airflow/example_dags/example_display_name.py
[2024-07-17T15:31:35.908+0000] {logging_mixin.py:188} INFO - [2024-07-17T15:31:35.908+0000] {dag.py:3089} INFO - Sync 1 DAGs
[2024-07-17T15:31:35.924+0000] {logging_mixin.py:188} INFO - [2024-07-17T15:31:35.924+0000] {dag.py:3947} INFO - Setting next_dagrun for example_display_name to None, run_after=None
[2024-07-17T15:31:35.952+0000] {processor.py:183} INFO - Processing /home/airflow/.local/lib/python3.12/site-packages/airflow/example_dags/example_display_name.py took 0.075 seconds
[2024-07-17T15:32:06.158+0000] {processor.py:161} INFO - Started process (PID=375) to work on /home/airflow/.local/lib/python3.12/site-packages/airflow/example_dags/example_display_name.py
[2024-07-17T15:32:06.159+0000] {processor.py:830} INFO - Processing file /home/airflow/.local/lib/python3.12/site-packages/airflow/example_dags/example_display_name.py for tasks to queue
[2024-07-17T15:32:06.160+0000] {logging_mixin.py:188} INFO - [2024-07-17T15:32:06.160+0000] {dagbag.py:545} INFO - Filling up the DagBag from /home/airflow/.local/lib/python3.12/site-packages/airflow/example_dags/example_display_name.py
[2024-07-17T15:32:06.164+0000] {processor.py:840} INFO - DAG(s) 'example_display_name' retrieved from /home/airflow/.local/lib/python3.12/site-packages/airflow/example_dags/example_display_name.py
[2024-07-17T15:32:06.179+0000] {logging_mixin.py:188} INFO - [2024-07-17T15:32:06.179+0000] {dag.py:3089} INFO - Sync 1 DAGs
[2024-07-17T15:32:06.193+0000] {logging_mixin.py:188} INFO - [2024-07-17T15:32:06.193+0000] {dag.py:3947} INFO - Setting next_dagrun for example_display_name to None, run_after=None
[2024-07-17T15:32:06.208+0000] {processor.py:183} INFO - Processing /home/airflow/.local/lib/python3.12/site-packages/airflow/example_dags/example_display_name.py took 0.055 seconds
[2024-07-17T15:32:36.608+0000] {processor.py:161} INFO - Started process (PID=436) to work on /home/airflow/.local/lib/python3.12/site-packages/airflow/example_dags/example_display_name.py
[2024-07-17T15:32:36.610+0000] {processor.py:830} INFO - Processing file /home/airflow/.local/lib/python3.12/site-packages/airflow/example_dags/example_display_name.py for tasks to queue
[2024-07-17T15:32:36.613+0000] {logging_mixin.py:188} INFO - [2024-07-17T15:32:36.612+0000] {dagbag.py:545} INFO - Filling up the DagBag from /home/airflow/.local/lib/python3.12/site-packages/airflow/example_dags/example_display_name.py
[2024-07-17T15:32:36.620+0000] {processor.py:840} INFO - DAG(s) 'example_display_name' retrieved from /home/airflow/.local/lib/python3.12/site-packages/airflow/example_dags/example_display_name.py
[2024-07-17T15:32:36.639+0000] {logging_mixin.py:188} INFO - [2024-07-17T15:32:36.639+0000] {dag.py:3089} INFO - Sync 1 DAGs
[2024-07-17T15:32:36.652+0000] {logging_mixin.py:188} INFO - [2024-07-17T15:32:36.652+0000] {dag.py:3947} INFO - Setting next_dagrun for example_display_name to None, run_after=None
[2024-07-17T15:32:36.673+0000] {processor.py:183} INFO - Processing /home/airflow/.local/lib/python3.12/site-packages/airflow/example_dags/example_display_name.py took 0.071 seconds
[2024-07-17T15:33:06.977+0000] {processor.py:161} INFO - Started process (PID=497) to work on /home/airflow/.local/lib/python3.12/site-packages/airflow/example_dags/example_display_name.py
[2024-07-17T15:33:06.977+0000] {processor.py:830} INFO - Processing file /home/airflow/.local/lib/python3.12/site-packages/airflow/example_dags/example_display_name.py for tasks to queue
[2024-07-17T15:33:06.979+0000] {logging_mixin.py:188} INFO - [2024-07-17T15:33:06.978+0000] {dagbag.py:545} INFO - Filling up the DagBag from /home/airflow/.local/lib/python3.12/site-packages/airflow/example_dags/example_display_name.py
[2024-07-17T15:33:06.983+0000] {processor.py:840} INFO - DAG(s) 'example_display_name' retrieved from /home/airflow/.local/lib/python3.12/site-packages/airflow/example_dags/example_display_name.py
[2024-07-17T15:33:07.001+0000] {logging_mixin.py:188} INFO - [2024-07-17T15:33:07.001+0000] {dag.py:3089} INFO - Sync 1 DAGs
[2024-07-17T15:33:07.011+0000] {logging_mixin.py:188} INFO - [2024-07-17T15:33:07.011+0000] {dag.py:3947} INFO - Setting next_dagrun for example_display_name to None, run_after=None
[2024-07-17T15:33:07.025+0000] {processor.py:183} INFO - Processing /home/airflow/.local/lib/python3.12/site-packages/airflow/example_dags/example_display_name.py took 0.053 seconds
[2024-07-17T15:33:37.359+0000] {processor.py:161} INFO - Started process (PID=558) to work on /home/airflow/.local/lib/python3.12/site-packages/airflow/example_dags/example_display_name.py
[2024-07-17T15:33:37.360+0000] {processor.py:830} INFO - Processing file /home/airflow/.local/lib/python3.12/site-packages/airflow/example_dags/example_display_name.py for tasks to queue
[2024-07-17T15:33:37.361+0000] {logging_mixin.py:188} INFO - [2024-07-17T15:33:37.361+0000] {dagbag.py:545} INFO - Filling up the DagBag from /home/airflow/.local/lib/python3.12/site-packages/airflow/example_dags/example_display_name.py
[2024-07-17T15:33:37.366+0000] {processor.py:840} INFO - DAG(s) 'example_display_name' retrieved from /home/airflow/.local/lib/python3.12/site-packages/airflow/example_dags/example_display_name.py
[2024-07-17T15:33:37.390+0000] {logging_mixin.py:188} INFO - [2024-07-17T15:33:37.390+0000] {dag.py:3089} INFO - Sync 1 DAGs
[2024-07-17T15:33:37.440+0000] {logging_mixin.py:188} INFO - [2024-07-17T15:33:37.440+0000] {dag.py:3947} INFO - Setting next_dagrun for example_display_name to None, run_after=None
[2024-07-17T15:33:37.460+0000] {processor.py:183} INFO - Processing /home/airflow/.local/lib/python3.12/site-packages/airflow/example_dags/example_display_name.py took 0.105 seconds
[2024-07-17T15:34:43.864+0000] {processor.py:161} INFO - Started process (PID=71) to work on /home/airflow/.local/lib/python3.12/site-packages/airflow/example_dags/example_display_name.py
[2024-07-17T15:34:43.865+0000] {processor.py:830} INFO - Processing file /home/airflow/.local/lib/python3.12/site-packages/airflow/example_dags/example_display_name.py for tasks to queue
[2024-07-17T15:34:43.868+0000] {logging_mixin.py:188} INFO - [2024-07-17T15:34:43.868+0000] {dagbag.py:545} INFO - Filling up the DagBag from /home/airflow/.local/lib/python3.12/site-packages/airflow/example_dags/example_display_name.py
[2024-07-17T15:34:43.881+0000] {processor.py:840} INFO - DAG(s) 'example_display_name' retrieved from /home/airflow/.local/lib/python3.12/site-packages/airflow/example_dags/example_display_name.py
[2024-07-17T15:34:43.894+0000] {logging_mixin.py:188} INFO - [2024-07-17T15:34:43.894+0000] {dag.py:3089} INFO - Sync 1 DAGs
[2024-07-17T15:34:43.910+0000] {logging_mixin.py:188} INFO - [2024-07-17T15:34:43.910+0000] {dag.py:3947} INFO - Setting next_dagrun for example_display_name to None, run_after=None
[2024-07-17T15:34:43.937+0000] {processor.py:183} INFO - Processing /home/airflow/.local/lib/python3.12/site-packages/airflow/example_dags/example_display_name.py took 0.081 seconds
[2024-07-17T15:35:14.780+0000] {processor.py:161} INFO - Started process (PID=132) to work on /home/airflow/.local/lib/python3.12/site-packages/airflow/example_dags/example_display_name.py
[2024-07-17T15:35:14.787+0000] {processor.py:830} INFO - Processing file /home/airflow/.local/lib/python3.12/site-packages/airflow/example_dags/example_display_name.py for tasks to queue
[2024-07-17T15:35:14.790+0000] {logging_mixin.py:188} INFO - [2024-07-17T15:35:14.790+0000] {dagbag.py:545} INFO - Filling up the DagBag from /home/airflow/.local/lib/python3.12/site-packages/airflow/example_dags/example_display_name.py
[2024-07-17T15:35:14.797+0000] {processor.py:840} INFO - DAG(s) 'example_display_name' retrieved from /home/airflow/.local/lib/python3.12/site-packages/airflow/example_dags/example_display_name.py
[2024-07-17T15:35:14.874+0000] {logging_mixin.py:188} INFO - [2024-07-17T15:35:14.873+0000] {dag.py:3089} INFO - Sync 1 DAGs
[2024-07-17T15:35:14.884+0000] {logging_mixin.py:188} INFO - [2024-07-17T15:35:14.884+0000] {dag.py:3947} INFO - Setting next_dagrun for example_display_name to None, run_after=None
[2024-07-17T15:35:14.906+0000] {processor.py:183} INFO - Processing /home/airflow/.local/lib/python3.12/site-packages/airflow/example_dags/example_display_name.py took 0.132 seconds
[2024-07-17T15:35:44.940+0000] {processor.py:161} INFO - Started process (PID=192) to work on /home/airflow/.local/lib/python3.12/site-packages/airflow/example_dags/example_display_name.py
[2024-07-17T15:35:44.941+0000] {processor.py:830} INFO - Processing file /home/airflow/.local/lib/python3.12/site-packages/airflow/example_dags/example_display_name.py for tasks to queue
[2024-07-17T15:35:44.942+0000] {logging_mixin.py:188} INFO - [2024-07-17T15:35:44.942+0000] {dagbag.py:545} INFO - Filling up the DagBag from /home/airflow/.local/lib/python3.12/site-packages/airflow/example_dags/example_display_name.py
[2024-07-17T15:35:44.946+0000] {processor.py:840} INFO - DAG(s) 'example_display_name' retrieved from /home/airflow/.local/lib/python3.12/site-packages/airflow/example_dags/example_display_name.py
[2024-07-17T15:35:44.962+0000] {logging_mixin.py:188} INFO - [2024-07-17T15:35:44.962+0000] {dag.py:3089} INFO - Sync 1 DAGs
[2024-07-17T15:35:44.972+0000] {logging_mixin.py:188} INFO - [2024-07-17T15:35:44.972+0000] {dag.py:3947} INFO - Setting next_dagrun for example_display_name to None, run_after=None
[2024-07-17T15:35:44.989+0000] {processor.py:183} INFO - Processing /home/airflow/.local/lib/python3.12/site-packages/airflow/example_dags/example_display_name.py took 0.053 seconds
[2024-07-17T15:36:15.963+0000] {processor.py:161} INFO - Started process (PID=254) to work on /home/airflow/.local/lib/python3.12/site-packages/airflow/example_dags/example_display_name.py
[2024-07-17T15:36:15.964+0000] {processor.py:830} INFO - Processing file /home/airflow/.local/lib/python3.12/site-packages/airflow/example_dags/example_display_name.py for tasks to queue
[2024-07-17T15:36:15.970+0000] {logging_mixin.py:188} INFO - [2024-07-17T15:36:15.970+0000] {dagbag.py:545} INFO - Filling up the DagBag from /home/airflow/.local/lib/python3.12/site-packages/airflow/example_dags/example_display_name.py
[2024-07-17T15:36:15.974+0000] {processor.py:840} INFO - DAG(s) 'example_display_name' retrieved from /home/airflow/.local/lib/python3.12/site-packages/airflow/example_dags/example_display_name.py
[2024-07-17T15:36:15.992+0000] {logging_mixin.py:188} INFO - [2024-07-17T15:36:15.992+0000] {dag.py:3089} INFO - Sync 1 DAGs
[2024-07-17T15:36:16.003+0000] {logging_mixin.py:188} INFO - [2024-07-17T15:36:16.002+0000] {dag.py:3947} INFO - Setting next_dagrun for example_display_name to None, run_after=None
[2024-07-17T15:36:16.018+0000] {processor.py:183} INFO - Processing /home/airflow/.local/lib/python3.12/site-packages/airflow/example_dags/example_display_name.py took 0.060 seconds
[2024-07-17T15:36:46.233+0000] {processor.py:161} INFO - Started process (PID=315) to work on /home/airflow/.local/lib/python3.12/site-packages/airflow/example_dags/example_display_name.py
[2024-07-17T15:36:46.235+0000] {processor.py:830} INFO - Processing file /home/airflow/.local/lib/python3.12/site-packages/airflow/example_dags/example_display_name.py for tasks to queue
[2024-07-17T15:36:46.237+0000] {logging_mixin.py:188} INFO - [2024-07-17T15:36:46.236+0000] {dagbag.py:545} INFO - Filling up the DagBag from /home/airflow/.local/lib/python3.12/site-packages/airflow/example_dags/example_display_name.py
[2024-07-17T15:36:46.242+0000] {processor.py:840} INFO - DAG(s) 'example_display_name' retrieved from /home/airflow/.local/lib/python3.12/site-packages/airflow/example_dags/example_display_name.py
[2024-07-17T15:36:46.263+0000] {logging_mixin.py:188} INFO - [2024-07-17T15:36:46.262+0000] {dag.py:3089} INFO - Sync 1 DAGs
[2024-07-17T15:36:46.275+0000] {logging_mixin.py:188} INFO - [2024-07-17T15:36:46.274+0000] {dag.py:3947} INFO - Setting next_dagrun for example_display_name to None, run_after=None
[2024-07-17T15:36:46.292+0000] {processor.py:183} INFO - Processing /home/airflow/.local/lib/python3.12/site-packages/airflow/example_dags/example_display_name.py took 0.064 seconds
[2024-07-17T15:37:16.840+0000] {processor.py:161} INFO - Started process (PID=376) to work on /home/airflow/.local/lib/python3.12/site-packages/airflow/example_dags/example_display_name.py
[2024-07-17T15:37:16.841+0000] {processor.py:830} INFO - Processing file /home/airflow/.local/lib/python3.12/site-packages/airflow/example_dags/example_display_name.py for tasks to queue
[2024-07-17T15:37:16.844+0000] {logging_mixin.py:188} INFO - [2024-07-17T15:37:16.843+0000] {dagbag.py:545} INFO - Filling up the DagBag from /home/airflow/.local/lib/python3.12/site-packages/airflow/example_dags/example_display_name.py
[2024-07-17T15:37:16.851+0000] {processor.py:840} INFO - DAG(s) 'example_display_name' retrieved from /home/airflow/.local/lib/python3.12/site-packages/airflow/example_dags/example_display_name.py
[2024-07-17T15:37:16.872+0000] {logging_mixin.py:188} INFO - [2024-07-17T15:37:16.871+0000] {dag.py:3089} INFO - Sync 1 DAGs
[2024-07-17T15:37:16.886+0000] {logging_mixin.py:188} INFO - [2024-07-17T15:37:16.886+0000] {dag.py:3947} INFO - Setting next_dagrun for example_display_name to None, run_after=None
[2024-07-17T15:37:16.910+0000] {processor.py:183} INFO - Processing /home/airflow/.local/lib/python3.12/site-packages/airflow/example_dags/example_display_name.py took 0.076 seconds
[2024-07-17T15:37:47.461+0000] {processor.py:161} INFO - Started process (PID=437) to work on /home/airflow/.local/lib/python3.12/site-packages/airflow/example_dags/example_display_name.py
[2024-07-17T15:37:47.462+0000] {processor.py:830} INFO - Processing file /home/airflow/.local/lib/python3.12/site-packages/airflow/example_dags/example_display_name.py for tasks to queue
[2024-07-17T15:37:47.463+0000] {logging_mixin.py:188} INFO - [2024-07-17T15:37:47.463+0000] {dagbag.py:545} INFO - Filling up the DagBag from /home/airflow/.local/lib/python3.12/site-packages/airflow/example_dags/example_display_name.py
[2024-07-17T15:37:47.469+0000] {processor.py:840} INFO - DAG(s) 'example_display_name' retrieved from /home/airflow/.local/lib/python3.12/site-packages/airflow/example_dags/example_display_name.py
[2024-07-17T15:37:47.484+0000] {logging_mixin.py:188} INFO - [2024-07-17T15:37:47.484+0000] {dag.py:3089} INFO - Sync 1 DAGs
[2024-07-17T15:37:47.497+0000] {logging_mixin.py:188} INFO - [2024-07-17T15:37:47.496+0000] {dag.py:3947} INFO - Setting next_dagrun for example_display_name to None, run_after=None
[2024-07-17T15:37:47.513+0000] {processor.py:183} INFO - Processing /home/airflow/.local/lib/python3.12/site-packages/airflow/example_dags/example_display_name.py took 0.057 seconds
[2024-07-17T15:38:18.178+0000] {processor.py:161} INFO - Started process (PID=498) to work on /home/airflow/.local/lib/python3.12/site-packages/airflow/example_dags/example_display_name.py
[2024-07-17T15:38:18.179+0000] {processor.py:830} INFO - Processing file /home/airflow/.local/lib/python3.12/site-packages/airflow/example_dags/example_display_name.py for tasks to queue
[2024-07-17T15:38:18.180+0000] {logging_mixin.py:188} INFO - [2024-07-17T15:38:18.180+0000] {dagbag.py:545} INFO - Filling up the DagBag from /home/airflow/.local/lib/python3.12/site-packages/airflow/example_dags/example_display_name.py
[2024-07-17T15:38:18.186+0000] {processor.py:840} INFO - DAG(s) 'example_display_name' retrieved from /home/airflow/.local/lib/python3.12/site-packages/airflow/example_dags/example_display_name.py
[2024-07-17T15:38:18.206+0000] {logging_mixin.py:188} INFO - [2024-07-17T15:38:18.205+0000] {dag.py:3089} INFO - Sync 1 DAGs
[2024-07-17T15:38:18.228+0000] {logging_mixin.py:188} INFO - [2024-07-17T15:38:18.228+0000] {dag.py:3947} INFO - Setting next_dagrun for example_display_name to None, run_after=None
[2024-07-17T15:38:18.259+0000] {processor.py:183} INFO - Processing /home/airflow/.local/lib/python3.12/site-packages/airflow/example_dags/example_display_name.py took 0.086 seconds
[2024-07-17T15:38:48.896+0000] {processor.py:161} INFO - Started process (PID=559) to work on /home/airflow/.local/lib/python3.12/site-packages/airflow/example_dags/example_display_name.py
[2024-07-17T15:38:48.897+0000] {processor.py:830} INFO - Processing file /home/airflow/.local/lib/python3.12/site-packages/airflow/example_dags/example_display_name.py for tasks to queue
[2024-07-17T15:38:48.899+0000] {logging_mixin.py:188} INFO - [2024-07-17T15:38:48.898+0000] {dagbag.py:545} INFO - Filling up the DagBag from /home/airflow/.local/lib/python3.12/site-packages/airflow/example_dags/example_display_name.py
[2024-07-17T15:38:48.903+0000] {processor.py:840} INFO - DAG(s) 'example_display_name' retrieved from /home/airflow/.local/lib/python3.12/site-packages/airflow/example_dags/example_display_name.py
[2024-07-17T15:38:48.921+0000] {logging_mixin.py:188} INFO - [2024-07-17T15:38:48.920+0000] {dag.py:3089} INFO - Sync 1 DAGs
[2024-07-17T15:38:48.933+0000] {logging_mixin.py:188} INFO - [2024-07-17T15:38:48.933+0000] {dag.py:3947} INFO - Setting next_dagrun for example_display_name to None, run_after=None
[2024-07-17T15:38:48.950+0000] {processor.py:183} INFO - Processing /home/airflow/.local/lib/python3.12/site-packages/airflow/example_dags/example_display_name.py took 0.058 seconds
[2024-07-17T15:39:19.661+0000] {processor.py:161} INFO - Started process (PID=620) to work on /home/airflow/.local/lib/python3.12/site-packages/airflow/example_dags/example_display_name.py
[2024-07-17T15:39:19.662+0000] {processor.py:830} INFO - Processing file /home/airflow/.local/lib/python3.12/site-packages/airflow/example_dags/example_display_name.py for tasks to queue
[2024-07-17T15:39:19.663+0000] {logging_mixin.py:188} INFO - [2024-07-17T15:39:19.663+0000] {dagbag.py:545} INFO - Filling up the DagBag from /home/airflow/.local/lib/python3.12/site-packages/airflow/example_dags/example_display_name.py
[2024-07-17T15:39:19.668+0000] {processor.py:840} INFO - DAG(s) 'example_display_name' retrieved from /home/airflow/.local/lib/python3.12/site-packages/airflow/example_dags/example_display_name.py
[2024-07-17T15:39:19.685+0000] {logging_mixin.py:188} INFO - [2024-07-17T15:39:19.684+0000] {dag.py:3089} INFO - Sync 1 DAGs
[2024-07-17T15:39:19.694+0000] {logging_mixin.py:188} INFO - [2024-07-17T15:39:19.694+0000] {dag.py:3947} INFO - Setting next_dagrun for example_display_name to None, run_after=None
[2024-07-17T15:39:19.716+0000] {processor.py:183} INFO - Processing /home/airflow/.local/lib/python3.12/site-packages/airflow/example_dags/example_display_name.py took 0.059 seconds
[2024-07-17T15:39:50.864+0000] {processor.py:161} INFO - Started process (PID=681) to work on /home/airflow/.local/lib/python3.12/site-packages/airflow/example_dags/example_display_name.py
[2024-07-17T15:39:50.865+0000] {processor.py:830} INFO - Processing file /home/airflow/.local/lib/python3.12/site-packages/airflow/example_dags/example_display_name.py for tasks to queue
[2024-07-17T15:39:50.867+0000] {logging_mixin.py:188} INFO - [2024-07-17T15:39:50.867+0000] {dagbag.py:545} INFO - Filling up the DagBag from /home/airflow/.local/lib/python3.12/site-packages/airflow/example_dags/example_display_name.py
[2024-07-17T15:39:50.873+0000] {processor.py:840} INFO - DAG(s) 'example_display_name' retrieved from /home/airflow/.local/lib/python3.12/site-packages/airflow/example_dags/example_display_name.py
[2024-07-17T15:39:50.892+0000] {logging_mixin.py:188} INFO - [2024-07-17T15:39:50.892+0000] {dag.py:3089} INFO - Sync 1 DAGs
[2024-07-17T15:39:50.901+0000] {logging_mixin.py:188} INFO - [2024-07-17T15:39:50.901+0000] {dag.py:3947} INFO - Setting next_dagrun for example_display_name to None, run_after=None
[2024-07-17T15:39:50.918+0000] {processor.py:183} INFO - Processing /home/airflow/.local/lib/python3.12/site-packages/airflow/example_dags/example_display_name.py took 0.058 seconds
[2024-07-17T15:40:21.979+0000] {processor.py:161} INFO - Started process (PID=747) to work on /home/airflow/.local/lib/python3.12/site-packages/airflow/example_dags/example_display_name.py
[2024-07-17T15:40:21.981+0000] {processor.py:830} INFO - Processing file /home/airflow/.local/lib/python3.12/site-packages/airflow/example_dags/example_display_name.py for tasks to queue
[2024-07-17T15:40:21.983+0000] {logging_mixin.py:188} INFO - [2024-07-17T15:40:21.983+0000] {dagbag.py:545} INFO - Filling up the DagBag from /home/airflow/.local/lib/python3.12/site-packages/airflow/example_dags/example_display_name.py
[2024-07-17T15:40:21.989+0000] {processor.py:840} INFO - DAG(s) 'example_display_name' retrieved from /home/airflow/.local/lib/python3.12/site-packages/airflow/example_dags/example_display_name.py
[2024-07-17T15:40:22.011+0000] {logging_mixin.py:188} INFO - [2024-07-17T15:40:22.011+0000] {dag.py:3089} INFO - Sync 1 DAGs
[2024-07-17T15:40:22.029+0000] {logging_mixin.py:188} INFO - [2024-07-17T15:40:22.029+0000] {dag.py:3947} INFO - Setting next_dagrun for example_display_name to None, run_after=None
[2024-07-17T15:40:22.048+0000] {processor.py:183} INFO - Processing /home/airflow/.local/lib/python3.12/site-packages/airflow/example_dags/example_display_name.py took 0.075 seconds
[2024-07-17T15:40:52.946+0000] {processor.py:161} INFO - Started process (PID=808) to work on /home/airflow/.local/lib/python3.12/site-packages/airflow/example_dags/example_display_name.py
[2024-07-17T15:40:52.947+0000] {processor.py:830} INFO - Processing file /home/airflow/.local/lib/python3.12/site-packages/airflow/example_dags/example_display_name.py for tasks to queue
[2024-07-17T15:40:52.949+0000] {logging_mixin.py:188} INFO - [2024-07-17T15:40:52.948+0000] {dagbag.py:545} INFO - Filling up the DagBag from /home/airflow/.local/lib/python3.12/site-packages/airflow/example_dags/example_display_name.py
[2024-07-17T15:40:52.953+0000] {processor.py:840} INFO - DAG(s) 'example_display_name' retrieved from /home/airflow/.local/lib/python3.12/site-packages/airflow/example_dags/example_display_name.py
[2024-07-17T15:40:52.966+0000] {logging_mixin.py:188} INFO - [2024-07-17T15:40:52.966+0000] {dag.py:3089} INFO - Sync 1 DAGs
[2024-07-17T15:40:52.975+0000] {logging_mixin.py:188} INFO - [2024-07-17T15:40:52.975+0000] {dag.py:3947} INFO - Setting next_dagrun for example_display_name to None, run_after=None
[2024-07-17T15:40:52.994+0000] {processor.py:183} INFO - Processing /home/airflow/.local/lib/python3.12/site-packages/airflow/example_dags/example_display_name.py took 0.052 seconds
[2024-07-17T15:41:23.708+0000] {processor.py:161} INFO - Started process (PID=869) to work on /home/airflow/.local/lib/python3.12/site-packages/airflow/example_dags/example_display_name.py
[2024-07-17T15:41:23.709+0000] {processor.py:830} INFO - Processing file /home/airflow/.local/lib/python3.12/site-packages/airflow/example_dags/example_display_name.py for tasks to queue
[2024-07-17T15:41:23.710+0000] {logging_mixin.py:188} INFO - [2024-07-17T15:41:23.710+0000] {dagbag.py:545} INFO - Filling up the DagBag from /home/airflow/.local/lib/python3.12/site-packages/airflow/example_dags/example_display_name.py
[2024-07-17T15:41:23.715+0000] {processor.py:840} INFO - DAG(s) 'example_display_name' retrieved from /home/airflow/.local/lib/python3.12/site-packages/airflow/example_dags/example_display_name.py
[2024-07-17T15:41:23.731+0000] {logging_mixin.py:188} INFO - [2024-07-17T15:41:23.730+0000] {dag.py:3089} INFO - Sync 1 DAGs
[2024-07-17T15:41:23.741+0000] {logging_mixin.py:188} INFO - [2024-07-17T15:41:23.740+0000] {dag.py:3947} INFO - Setting next_dagrun for example_display_name to None, run_after=None
[2024-07-17T15:41:23.760+0000] {processor.py:183} INFO - Processing /home/airflow/.local/lib/python3.12/site-packages/airflow/example_dags/example_display_name.py took 0.057 seconds
