[2024-08-04T12:59:02.689+0000] {processor.py:161} INFO - Started process (PID=47) to work on /opt/airflow/dags/ggsheet1.py
[2024-08-04T12:59:02.692+0000] {processor.py:830} INFO - Processing file /opt/airflow/dags/ggsheet1.py for tasks to queue
[2024-08-04T12:59:02.694+0000] {logging_mixin.py:188} INFO - [2024-08-04T12:59:02.694+0000] {dagbag.py:545} INFO - Filling up the DagBag from /opt/airflow/dags/ggsheet1.py
[2024-08-04T12:59:03.224+0000] {processor.py:840} INFO - DAG(s) 'csv_to_postgres' retrieved from /opt/airflow/dags/ggsheet1.py
[2024-08-04T12:59:03.402+0000] {logging_mixin.py:188} INFO - [2024-08-04T12:59:03.402+0000] {dag.py:3089} INFO - Sync 1 DAGs
[2024-08-04T12:59:03.427+0000] {logging_mixin.py:188} INFO - [2024-08-04T12:59:03.427+0000] {dag.py:3947} INFO - Setting next_dagrun for csv_to_postgres to 2024-08-04 00:00:00+00:00, run_after=2024-08-05 00:00:00+00:00
[2024-08-04T12:59:03.460+0000] {processor.py:183} INFO - Processing /opt/airflow/dags/ggsheet1.py took 0.778 seconds
[2024-08-04T12:59:33.760+0000] {processor.py:161} INFO - Started process (PID=113) to work on /opt/airflow/dags/ggsheet1.py
[2024-08-04T12:59:33.761+0000] {processor.py:830} INFO - Processing file /opt/airflow/dags/ggsheet1.py for tasks to queue
[2024-08-04T12:59:33.763+0000] {logging_mixin.py:188} INFO - [2024-08-04T12:59:33.763+0000] {dagbag.py:545} INFO - Filling up the DagBag from /opt/airflow/dags/ggsheet1.py
[2024-08-04T12:59:34.235+0000] {processor.py:840} INFO - DAG(s) 'csv_to_postgres' retrieved from /opt/airflow/dags/ggsheet1.py
[2024-08-04T12:59:34.249+0000] {logging_mixin.py:188} INFO - [2024-08-04T12:59:34.248+0000] {dag.py:3089} INFO - Sync 1 DAGs
[2024-08-04T12:59:34.271+0000] {logging_mixin.py:188} INFO - [2024-08-04T12:59:34.270+0000] {dag.py:3947} INFO - Setting next_dagrun for csv_to_postgres to 2024-08-04 00:00:00+00:00, run_after=2024-08-05 00:00:00+00:00
[2024-08-04T12:59:34.291+0000] {processor.py:183} INFO - Processing /opt/airflow/dags/ggsheet1.py took 0.537 seconds
[2024-08-04T13:00:05.176+0000] {processor.py:161} INFO - Started process (PID=178) to work on /opt/airflow/dags/ggsheet1.py
[2024-08-04T13:00:05.178+0000] {processor.py:830} INFO - Processing file /opt/airflow/dags/ggsheet1.py for tasks to queue
[2024-08-04T13:00:05.181+0000] {logging_mixin.py:188} INFO - [2024-08-04T13:00:05.181+0000] {dagbag.py:545} INFO - Filling up the DagBag from /opt/airflow/dags/ggsheet1.py
[2024-08-04T13:00:05.771+0000] {processor.py:840} INFO - DAG(s) 'csv_to_postgres' retrieved from /opt/airflow/dags/ggsheet1.py
[2024-08-04T13:00:05.870+0000] {logging_mixin.py:188} INFO - [2024-08-04T13:00:05.869+0000] {dag.py:3089} INFO - Sync 1 DAGs
[2024-08-04T13:00:05.888+0000] {logging_mixin.py:188} INFO - [2024-08-04T13:00:05.887+0000] {dag.py:3947} INFO - Setting next_dagrun for csv_to_postgres to 2024-08-04 00:00:00+00:00, run_after=2024-08-05 00:00:00+00:00
[2024-08-04T13:00:05.911+0000] {processor.py:183} INFO - Processing /opt/airflow/dags/ggsheet1.py took 0.742 seconds
[2024-08-04T13:00:36.831+0000] {processor.py:161} INFO - Started process (PID=242) to work on /opt/airflow/dags/ggsheet1.py
[2024-08-04T13:00:36.834+0000] {processor.py:830} INFO - Processing file /opt/airflow/dags/ggsheet1.py for tasks to queue
[2024-08-04T13:00:36.839+0000] {logging_mixin.py:188} INFO - [2024-08-04T13:00:36.838+0000] {dagbag.py:545} INFO - Filling up the DagBag from /opt/airflow/dags/ggsheet1.py
[2024-08-04T13:00:37.458+0000] {processor.py:840} INFO - DAG(s) 'csv_to_postgres' retrieved from /opt/airflow/dags/ggsheet1.py
[2024-08-04T13:00:37.476+0000] {logging_mixin.py:188} INFO - [2024-08-04T13:00:37.476+0000] {dag.py:3089} INFO - Sync 1 DAGs
[2024-08-04T13:00:37.502+0000] {logging_mixin.py:188} INFO - [2024-08-04T13:00:37.502+0000] {dag.py:3947} INFO - Setting next_dagrun for csv_to_postgres to 2024-08-04 00:00:00+00:00, run_after=2024-08-05 00:00:00+00:00
[2024-08-04T13:00:37.541+0000] {processor.py:183} INFO - Processing /opt/airflow/dags/ggsheet1.py took 0.722 seconds
[2024-08-04T13:01:07.719+0000] {processor.py:161} INFO - Started process (PID=307) to work on /opt/airflow/dags/ggsheet1.py
[2024-08-04T13:01:07.721+0000] {processor.py:830} INFO - Processing file /opt/airflow/dags/ggsheet1.py for tasks to queue
[2024-08-04T13:01:07.724+0000] {logging_mixin.py:188} INFO - [2024-08-04T13:01:07.724+0000] {dagbag.py:545} INFO - Filling up the DagBag from /opt/airflow/dags/ggsheet1.py
[2024-08-04T13:01:08.331+0000] {processor.py:840} INFO - DAG(s) 'csv_to_postgres' retrieved from /opt/airflow/dags/ggsheet1.py
[2024-08-04T13:01:08.343+0000] {logging_mixin.py:188} INFO - [2024-08-04T13:01:08.343+0000] {dag.py:3089} INFO - Sync 1 DAGs
[2024-08-04T13:01:08.365+0000] {logging_mixin.py:188} INFO - [2024-08-04T13:01:08.364+0000] {dag.py:3947} INFO - Setting next_dagrun for csv_to_postgres to 2024-08-04 00:00:00+00:00, run_after=2024-08-05 00:00:00+00:00
[2024-08-04T13:01:08.390+0000] {processor.py:183} INFO - Processing /opt/airflow/dags/ggsheet1.py took 0.678 seconds
[2024-08-04T13:01:38.623+0000] {processor.py:161} INFO - Started process (PID=371) to work on /opt/airflow/dags/ggsheet1.py
[2024-08-04T13:01:38.625+0000] {processor.py:830} INFO - Processing file /opt/airflow/dags/ggsheet1.py for tasks to queue
[2024-08-04T13:01:38.628+0000] {logging_mixin.py:188} INFO - [2024-08-04T13:01:38.627+0000] {dagbag.py:545} INFO - Filling up the DagBag from /opt/airflow/dags/ggsheet1.py
[2024-08-04T13:01:39.213+0000] {processor.py:840} INFO - DAG(s) 'csv_to_postgres' retrieved from /opt/airflow/dags/ggsheet1.py
[2024-08-04T13:01:39.318+0000] {logging_mixin.py:188} INFO - [2024-08-04T13:01:39.317+0000] {dag.py:3089} INFO - Sync 1 DAGs
[2024-08-04T13:01:39.335+0000] {logging_mixin.py:188} INFO - [2024-08-04T13:01:39.335+0000] {dag.py:3947} INFO - Setting next_dagrun for csv_to_postgres to 2024-08-04 00:00:00+00:00, run_after=2024-08-05 00:00:00+00:00
[2024-08-04T13:01:39.355+0000] {processor.py:183} INFO - Processing /opt/airflow/dags/ggsheet1.py took 0.742 seconds
[2024-08-04T13:02:09.605+0000] {processor.py:161} INFO - Started process (PID=439) to work on /opt/airflow/dags/ggsheet1.py
[2024-08-04T13:02:09.607+0000] {processor.py:830} INFO - Processing file /opt/airflow/dags/ggsheet1.py for tasks to queue
[2024-08-04T13:02:09.610+0000] {logging_mixin.py:188} INFO - [2024-08-04T13:02:09.610+0000] {dagbag.py:545} INFO - Filling up the DagBag from /opt/airflow/dags/ggsheet1.py
[2024-08-04T13:02:10.176+0000] {processor.py:840} INFO - DAG(s) 'csv_to_postgres' retrieved from /opt/airflow/dags/ggsheet1.py
[2024-08-04T13:02:10.195+0000] {logging_mixin.py:188} INFO - [2024-08-04T13:02:10.195+0000] {dag.py:3089} INFO - Sync 1 DAGs
[2024-08-04T13:02:10.222+0000] {logging_mixin.py:188} INFO - [2024-08-04T13:02:10.222+0000] {dag.py:3947} INFO - Setting next_dagrun for csv_to_postgres to 2024-08-04 00:00:00+00:00, run_after=2024-08-05 00:00:00+00:00
[2024-08-04T13:02:10.250+0000] {processor.py:183} INFO - Processing /opt/airflow/dags/ggsheet1.py took 0.655 seconds
[2024-08-04T13:02:40.328+0000] {processor.py:161} INFO - Started process (PID=500) to work on /opt/airflow/dags/ggsheet1.py
[2024-08-04T13:02:40.330+0000] {processor.py:830} INFO - Processing file /opt/airflow/dags/ggsheet1.py for tasks to queue
[2024-08-04T13:02:40.332+0000] {logging_mixin.py:188} INFO - [2024-08-04T13:02:40.332+0000] {dagbag.py:545} INFO - Filling up the DagBag from /opt/airflow/dags/ggsheet1.py
[2024-08-04T13:02:41.011+0000] {processor.py:840} INFO - DAG(s) 'csv_to_postgres' retrieved from /opt/airflow/dags/ggsheet1.py
[2024-08-04T13:02:41.023+0000] {logging_mixin.py:188} INFO - [2024-08-04T13:02:41.022+0000] {dag.py:3089} INFO - Sync 1 DAGs
[2024-08-04T13:02:41.043+0000] {logging_mixin.py:188} INFO - [2024-08-04T13:02:41.043+0000] {dag.py:3947} INFO - Setting next_dagrun for csv_to_postgres to 2024-08-04 00:00:00+00:00, run_after=2024-08-05 00:00:00+00:00
[2024-08-04T13:02:41.082+0000] {processor.py:183} INFO - Processing /opt/airflow/dags/ggsheet1.py took 0.763 seconds
[2024-08-04T13:04:55.936+0000] {processor.py:161} INFO - Started process (PID=48) to work on /opt/airflow/dags/ggsheet1.py
[2024-08-04T13:04:55.938+0000] {processor.py:830} INFO - Processing file /opt/airflow/dags/ggsheet1.py for tasks to queue
[2024-08-04T13:04:55.940+0000] {logging_mixin.py:188} INFO - [2024-08-04T13:04:55.939+0000] {dagbag.py:545} INFO - Filling up the DagBag from /opt/airflow/dags/ggsheet1.py
[2024-08-04T13:04:56.449+0000] {processor.py:840} INFO - DAG(s) 'csv_to_postgres' retrieved from /opt/airflow/dags/ggsheet1.py
[2024-08-04T13:04:56.464+0000] {logging_mixin.py:188} INFO - [2024-08-04T13:04:56.463+0000] {dag.py:3089} INFO - Sync 1 DAGs
[2024-08-04T13:04:56.484+0000] {logging_mixin.py:188} INFO - [2024-08-04T13:04:56.483+0000] {dag.py:3947} INFO - Setting next_dagrun for csv_to_postgres to 2024-08-04 00:00:00+00:00, run_after=2024-08-05 00:00:00+00:00
[2024-08-04T13:04:56.508+0000] {processor.py:183} INFO - Processing /opt/airflow/dags/ggsheet1.py took 0.577 seconds
[2024-08-04T13:05:27.276+0000] {processor.py:161} INFO - Started process (PID=113) to work on /opt/airflow/dags/ggsheet1.py
[2024-08-04T13:05:27.277+0000] {processor.py:830} INFO - Processing file /opt/airflow/dags/ggsheet1.py for tasks to queue
[2024-08-04T13:05:27.282+0000] {logging_mixin.py:188} INFO - [2024-08-04T13:05:27.281+0000] {dagbag.py:545} INFO - Filling up the DagBag from /opt/airflow/dags/ggsheet1.py
[2024-08-04T13:05:27.867+0000] {processor.py:840} INFO - DAG(s) 'csv_to_postgres' retrieved from /opt/airflow/dags/ggsheet1.py
[2024-08-04T13:05:27.957+0000] {logging_mixin.py:188} INFO - [2024-08-04T13:05:27.956+0000] {dag.py:3089} INFO - Sync 1 DAGs
[2024-08-04T13:05:27.977+0000] {logging_mixin.py:188} INFO - [2024-08-04T13:05:27.976+0000] {dag.py:3947} INFO - Setting next_dagrun for csv_to_postgres to 2024-08-04 00:00:00+00:00, run_after=2024-08-05 00:00:00+00:00
[2024-08-04T13:05:27.999+0000] {processor.py:183} INFO - Processing /opt/airflow/dags/ggsheet1.py took 0.733 seconds
[2024-08-04T13:05:58.778+0000] {processor.py:161} INFO - Started process (PID=179) to work on /opt/airflow/dags/ggsheet1.py
[2024-08-04T13:05:58.779+0000] {processor.py:830} INFO - Processing file /opt/airflow/dags/ggsheet1.py for tasks to queue
[2024-08-04T13:05:58.782+0000] {logging_mixin.py:188} INFO - [2024-08-04T13:05:58.782+0000] {dagbag.py:545} INFO - Filling up the DagBag from /opt/airflow/dags/ggsheet1.py
[2024-08-04T13:05:59.345+0000] {processor.py:840} INFO - DAG(s) 'csv_to_postgres' retrieved from /opt/airflow/dags/ggsheet1.py
[2024-08-04T13:05:59.361+0000] {logging_mixin.py:188} INFO - [2024-08-04T13:05:59.361+0000] {dag.py:3089} INFO - Sync 1 DAGs
[2024-08-04T13:05:59.385+0000] {logging_mixin.py:188} INFO - [2024-08-04T13:05:59.385+0000] {dag.py:3947} INFO - Setting next_dagrun for csv_to_postgres to 2024-08-04 00:00:00+00:00, run_after=2024-08-05 00:00:00+00:00
[2024-08-04T13:05:59.421+0000] {processor.py:183} INFO - Processing /opt/airflow/dags/ggsheet1.py took 0.650 seconds
[2024-08-04T13:06:29.903+0000] {processor.py:161} INFO - Started process (PID=247) to work on /opt/airflow/dags/ggsheet1.py
[2024-08-04T13:06:29.905+0000] {processor.py:830} INFO - Processing file /opt/airflow/dags/ggsheet1.py for tasks to queue
[2024-08-04T13:06:29.907+0000] {logging_mixin.py:188} INFO - [2024-08-04T13:06:29.907+0000] {dagbag.py:545} INFO - Filling up the DagBag from /opt/airflow/dags/ggsheet1.py
[2024-08-04T13:06:30.515+0000] {processor.py:840} INFO - DAG(s) 'csv_to_postgres' retrieved from /opt/airflow/dags/ggsheet1.py
[2024-08-04T13:06:30.611+0000] {logging_mixin.py:188} INFO - [2024-08-04T13:06:30.610+0000] {dag.py:3089} INFO - Sync 1 DAGs
[2024-08-04T13:06:30.632+0000] {logging_mixin.py:188} INFO - [2024-08-04T13:06:30.632+0000] {dag.py:3947} INFO - Setting next_dagrun for csv_to_postgres to 2024-08-04 00:00:00+00:00, run_after=2024-08-05 00:00:00+00:00
[2024-08-04T13:06:30.661+0000] {processor.py:183} INFO - Processing /opt/airflow/dags/ggsheet1.py took 0.764 seconds
[2024-08-04T13:07:01.140+0000] {processor.py:161} INFO - Started process (PID=311) to work on /opt/airflow/dags/ggsheet1.py
[2024-08-04T13:07:01.141+0000] {processor.py:830} INFO - Processing file /opt/airflow/dags/ggsheet1.py for tasks to queue
[2024-08-04T13:07:01.144+0000] {logging_mixin.py:188} INFO - [2024-08-04T13:07:01.143+0000] {dagbag.py:545} INFO - Filling up the DagBag from /opt/airflow/dags/ggsheet1.py
[2024-08-04T13:07:01.685+0000] {processor.py:840} INFO - DAG(s) 'csv_to_postgres' retrieved from /opt/airflow/dags/ggsheet1.py
[2024-08-04T13:07:01.695+0000] {logging_mixin.py:188} INFO - [2024-08-04T13:07:01.694+0000] {dag.py:3089} INFO - Sync 1 DAGs
[2024-08-04T13:07:01.715+0000] {logging_mixin.py:188} INFO - [2024-08-04T13:07:01.715+0000] {dag.py:3947} INFO - Setting next_dagrun for csv_to_postgres to 2024-08-04 00:00:00+00:00, run_after=2024-08-05 00:00:00+00:00
[2024-08-04T13:07:01.738+0000] {processor.py:183} INFO - Processing /opt/airflow/dags/ggsheet1.py took 0.605 seconds
[2024-08-04T13:07:31.927+0000] {processor.py:161} INFO - Started process (PID=374) to work on /opt/airflow/dags/ggsheet1.py
[2024-08-04T13:07:31.929+0000] {processor.py:830} INFO - Processing file /opt/airflow/dags/ggsheet1.py for tasks to queue
[2024-08-04T13:07:31.931+0000] {logging_mixin.py:188} INFO - [2024-08-04T13:07:31.931+0000] {dagbag.py:545} INFO - Filling up the DagBag from /opt/airflow/dags/ggsheet1.py
[2024-08-04T13:07:32.472+0000] {processor.py:840} INFO - DAG(s) 'csv_to_postgres' retrieved from /opt/airflow/dags/ggsheet1.py
[2024-08-04T13:07:32.563+0000] {logging_mixin.py:188} INFO - [2024-08-04T13:07:32.563+0000] {dag.py:3089} INFO - Sync 1 DAGs
[2024-08-04T13:07:32.620+0000] {logging_mixin.py:188} INFO - [2024-08-04T13:07:32.620+0000] {dag.py:3947} INFO - Setting next_dagrun for csv_to_postgres to 2024-08-04 00:00:00+00:00, run_after=2024-08-05 00:00:00+00:00
[2024-08-04T13:07:32.641+0000] {processor.py:183} INFO - Processing /opt/airflow/dags/ggsheet1.py took 0.721 seconds
[2024-08-04T13:08:02.778+0000] {processor.py:161} INFO - Started process (PID=437) to work on /opt/airflow/dags/ggsheet1.py
[2024-08-04T13:08:02.780+0000] {processor.py:830} INFO - Processing file /opt/airflow/dags/ggsheet1.py for tasks to queue
[2024-08-04T13:08:02.782+0000] {logging_mixin.py:188} INFO - [2024-08-04T13:08:02.781+0000] {dagbag.py:545} INFO - Filling up the DagBag from /opt/airflow/dags/ggsheet1.py
[2024-08-04T13:08:03.313+0000] {processor.py:840} INFO - DAG(s) 'csv_to_postgres' retrieved from /opt/airflow/dags/ggsheet1.py
[2024-08-04T13:08:03.326+0000] {logging_mixin.py:188} INFO - [2024-08-04T13:08:03.325+0000] {dag.py:3089} INFO - Sync 1 DAGs
[2024-08-04T13:08:03.348+0000] {logging_mixin.py:188} INFO - [2024-08-04T13:08:03.348+0000] {dag.py:3947} INFO - Setting next_dagrun for csv_to_postgres to 2024-08-04 00:00:00+00:00, run_after=2024-08-05 00:00:00+00:00
[2024-08-04T13:08:03.375+0000] {processor.py:183} INFO - Processing /opt/airflow/dags/ggsheet1.py took 0.604 seconds
[2024-08-04T13:08:33.796+0000] {processor.py:161} INFO - Started process (PID=502) to work on /opt/airflow/dags/ggsheet1.py
[2024-08-04T13:08:33.797+0000] {processor.py:830} INFO - Processing file /opt/airflow/dags/ggsheet1.py for tasks to queue
[2024-08-04T13:08:33.800+0000] {logging_mixin.py:188} INFO - [2024-08-04T13:08:33.800+0000] {dagbag.py:545} INFO - Filling up the DagBag from /opt/airflow/dags/ggsheet1.py
[2024-08-04T13:08:34.374+0000] {processor.py:840} INFO - DAG(s) 'csv_to_postgres' retrieved from /opt/airflow/dags/ggsheet1.py
[2024-08-04T13:08:34.483+0000] {logging_mixin.py:188} INFO - [2024-08-04T13:08:34.482+0000] {dag.py:3089} INFO - Sync 1 DAGs
[2024-08-04T13:08:34.504+0000] {logging_mixin.py:188} INFO - [2024-08-04T13:08:34.503+0000] {dag.py:3947} INFO - Setting next_dagrun for csv_to_postgres to 2024-08-04 00:00:00+00:00, run_after=2024-08-05 00:00:00+00:00
[2024-08-04T13:08:34.530+0000] {processor.py:183} INFO - Processing /opt/airflow/dags/ggsheet1.py took 0.741 seconds
[2024-08-04T13:09:05.482+0000] {processor.py:161} INFO - Started process (PID=567) to work on /opt/airflow/dags/ggsheet1.py
[2024-08-04T13:09:05.483+0000] {processor.py:830} INFO - Processing file /opt/airflow/dags/ggsheet1.py for tasks to queue
[2024-08-04T13:09:05.485+0000] {logging_mixin.py:188} INFO - [2024-08-04T13:09:05.484+0000] {dagbag.py:545} INFO - Filling up the DagBag from /opt/airflow/dags/ggsheet1.py
[2024-08-04T13:09:06.063+0000] {processor.py:840} INFO - DAG(s) 'csv_to_postgres' retrieved from /opt/airflow/dags/ggsheet1.py
[2024-08-04T13:09:06.078+0000] {logging_mixin.py:188} INFO - [2024-08-04T13:09:06.077+0000] {dag.py:3089} INFO - Sync 1 DAGs
[2024-08-04T13:09:06.098+0000] {logging_mixin.py:188} INFO - [2024-08-04T13:09:06.098+0000] {dag.py:3947} INFO - Setting next_dagrun for csv_to_postgres to 2024-08-04 00:00:00+00:00, run_after=2024-08-05 00:00:00+00:00
[2024-08-04T13:09:06.121+0000] {processor.py:183} INFO - Processing /opt/airflow/dags/ggsheet1.py took 0.647 seconds
[2024-08-04T13:09:36.599+0000] {processor.py:161} INFO - Started process (PID=638) to work on /opt/airflow/dags/ggsheet1.py
[2024-08-04T13:09:36.601+0000] {processor.py:830} INFO - Processing file /opt/airflow/dags/ggsheet1.py for tasks to queue
[2024-08-04T13:09:36.603+0000] {logging_mixin.py:188} INFO - [2024-08-04T13:09:36.603+0000] {dagbag.py:545} INFO - Filling up the DagBag from /opt/airflow/dags/ggsheet1.py
[2024-08-04T13:09:37.125+0000] {processor.py:840} INFO - DAG(s) 'csv_to_postgres' retrieved from /opt/airflow/dags/ggsheet1.py
[2024-08-04T13:09:37.224+0000] {logging_mixin.py:188} INFO - [2024-08-04T13:09:37.223+0000] {dag.py:3089} INFO - Sync 1 DAGs
[2024-08-04T13:09:37.241+0000] {logging_mixin.py:188} INFO - [2024-08-04T13:09:37.241+0000] {dag.py:3947} INFO - Setting next_dagrun for csv_to_postgres to 2024-08-04 00:00:00+00:00, run_after=2024-08-05 00:00:00+00:00
[2024-08-04T13:09:37.260+0000] {processor.py:183} INFO - Processing /opt/airflow/dags/ggsheet1.py took 0.666 seconds
[2024-08-04T13:10:07.626+0000] {processor.py:161} INFO - Started process (PID=706) to work on /opt/airflow/dags/ggsheet1.py
[2024-08-04T13:10:07.628+0000] {processor.py:830} INFO - Processing file /opt/airflow/dags/ggsheet1.py for tasks to queue
[2024-08-04T13:10:07.630+0000] {logging_mixin.py:188} INFO - [2024-08-04T13:10:07.630+0000] {dagbag.py:545} INFO - Filling up the DagBag from /opt/airflow/dags/ggsheet1.py
[2024-08-04T13:10:08.144+0000] {processor.py:840} INFO - DAG(s) 'csv_to_postgres' retrieved from /opt/airflow/dags/ggsheet1.py
[2024-08-04T13:10:08.161+0000] {logging_mixin.py:188} INFO - [2024-08-04T13:10:08.161+0000] {dag.py:3089} INFO - Sync 1 DAGs
[2024-08-04T13:10:08.182+0000] {logging_mixin.py:188} INFO - [2024-08-04T13:10:08.182+0000] {dag.py:3947} INFO - Setting next_dagrun for csv_to_postgres to 2024-08-04 00:00:00+00:00, run_after=2024-08-05 00:00:00+00:00
[2024-08-04T13:10:08.205+0000] {processor.py:183} INFO - Processing /opt/airflow/dags/ggsheet1.py took 0.585 seconds
[2024-08-04T13:10:39.009+0000] {processor.py:161} INFO - Started process (PID=770) to work on /opt/airflow/dags/ggsheet1.py
[2024-08-04T13:10:39.011+0000] {processor.py:830} INFO - Processing file /opt/airflow/dags/ggsheet1.py for tasks to queue
[2024-08-04T13:10:39.013+0000] {logging_mixin.py:188} INFO - [2024-08-04T13:10:39.013+0000] {dagbag.py:545} INFO - Filling up the DagBag from /opt/airflow/dags/ggsheet1.py
[2024-08-04T13:10:39.561+0000] {processor.py:840} INFO - DAG(s) 'csv_to_postgres' retrieved from /opt/airflow/dags/ggsheet1.py
[2024-08-04T13:10:39.572+0000] {logging_mixin.py:188} INFO - [2024-08-04T13:10:39.572+0000] {dag.py:3089} INFO - Sync 1 DAGs
[2024-08-04T13:10:39.593+0000] {logging_mixin.py:188} INFO - [2024-08-04T13:10:39.593+0000] {dag.py:3947} INFO - Setting next_dagrun for csv_to_postgres to 2024-08-04 00:00:00+00:00, run_after=2024-08-05 00:00:00+00:00
[2024-08-04T13:10:39.616+0000] {processor.py:183} INFO - Processing /opt/airflow/dags/ggsheet1.py took 0.614 seconds
[2024-08-04T13:11:11.099+0000] {processor.py:161} INFO - Started process (PID=836) to work on /opt/airflow/dags/ggsheet1.py
[2024-08-04T13:11:11.114+0000] {processor.py:830} INFO - Processing file /opt/airflow/dags/ggsheet1.py for tasks to queue
[2024-08-04T13:11:11.119+0000] {logging_mixin.py:188} INFO - [2024-08-04T13:11:11.118+0000] {dagbag.py:545} INFO - Filling up the DagBag from /opt/airflow/dags/ggsheet1.py
[2024-08-04T13:11:11.674+0000] {processor.py:840} INFO - DAG(s) 'csv_to_postgres' retrieved from /opt/airflow/dags/ggsheet1.py
[2024-08-04T13:11:11.765+0000] {logging_mixin.py:188} INFO - [2024-08-04T13:11:11.765+0000] {dag.py:3089} INFO - Sync 1 DAGs
[2024-08-04T13:11:11.783+0000] {logging_mixin.py:188} INFO - [2024-08-04T13:11:11.783+0000] {dag.py:3947} INFO - Setting next_dagrun for csv_to_postgres to 2024-08-04 00:00:00+00:00, run_after=2024-08-05 00:00:00+00:00
[2024-08-04T13:11:11.806+0000] {processor.py:183} INFO - Processing /opt/airflow/dags/ggsheet1.py took 0.713 seconds
[2024-08-04T13:11:42.157+0000] {processor.py:161} INFO - Started process (PID=904) to work on /opt/airflow/dags/ggsheet1.py
[2024-08-04T13:11:42.158+0000] {processor.py:830} INFO - Processing file /opt/airflow/dags/ggsheet1.py for tasks to queue
[2024-08-04T13:11:42.161+0000] {logging_mixin.py:188} INFO - [2024-08-04T13:11:42.160+0000] {dagbag.py:545} INFO - Filling up the DagBag from /opt/airflow/dags/ggsheet1.py
[2024-08-04T13:11:42.669+0000] {processor.py:840} INFO - DAG(s) 'csv_to_postgres' retrieved from /opt/airflow/dags/ggsheet1.py
[2024-08-04T13:11:42.693+0000] {logging_mixin.py:188} INFO - [2024-08-04T13:11:42.692+0000] {dag.py:3089} INFO - Sync 1 DAGs
[2024-08-04T13:11:42.717+0000] {logging_mixin.py:188} INFO - [2024-08-04T13:11:42.716+0000] {dag.py:3947} INFO - Setting next_dagrun for csv_to_postgres to 2024-08-04 00:00:00+00:00, run_after=2024-08-05 00:00:00+00:00
[2024-08-04T13:11:42.743+0000] {processor.py:183} INFO - Processing /opt/airflow/dags/ggsheet1.py took 0.593 seconds
[2024-08-04T13:12:13.127+0000] {processor.py:161} INFO - Started process (PID=961) to work on /opt/airflow/dags/ggsheet1.py
[2024-08-04T13:12:13.129+0000] {processor.py:830} INFO - Processing file /opt/airflow/dags/ggsheet1.py for tasks to queue
[2024-08-04T13:12:13.133+0000] {logging_mixin.py:188} INFO - [2024-08-04T13:12:13.132+0000] {dagbag.py:545} INFO - Filling up the DagBag from /opt/airflow/dags/ggsheet1.py
[2024-08-04T13:12:13.723+0000] {processor.py:840} INFO - DAG(s) 'csv_to_postgres' retrieved from /opt/airflow/dags/ggsheet1.py
[2024-08-04T13:12:13.736+0000] {logging_mixin.py:188} INFO - [2024-08-04T13:12:13.735+0000] {dag.py:3089} INFO - Sync 1 DAGs
[2024-08-04T13:12:13.758+0000] {logging_mixin.py:188} INFO - [2024-08-04T13:12:13.758+0000] {dag.py:3947} INFO - Setting next_dagrun for csv_to_postgres to 2024-08-04 00:00:00+00:00, run_after=2024-08-05 00:00:00+00:00
[2024-08-04T13:12:13.783+0000] {processor.py:183} INFO - Processing /opt/airflow/dags/ggsheet1.py took 0.666 seconds
[2024-08-04T13:12:44.510+0000] {processor.py:161} INFO - Started process (PID=1025) to work on /opt/airflow/dags/ggsheet1.py
[2024-08-04T13:12:44.512+0000] {processor.py:830} INFO - Processing file /opt/airflow/dags/ggsheet1.py for tasks to queue
[2024-08-04T13:12:44.515+0000] {logging_mixin.py:188} INFO - [2024-08-04T13:12:44.514+0000] {dagbag.py:545} INFO - Filling up the DagBag from /opt/airflow/dags/ggsheet1.py
[2024-08-04T13:12:45.081+0000] {processor.py:840} INFO - DAG(s) 'csv_to_postgres' retrieved from /opt/airflow/dags/ggsheet1.py
[2024-08-04T13:12:45.181+0000] {logging_mixin.py:188} INFO - [2024-08-04T13:12:45.180+0000] {dag.py:3089} INFO - Sync 1 DAGs
[2024-08-04T13:12:45.199+0000] {logging_mixin.py:188} INFO - [2024-08-04T13:12:45.199+0000] {dag.py:3947} INFO - Setting next_dagrun for csv_to_postgres to 2024-08-04 00:00:00+00:00, run_after=2024-08-05 00:00:00+00:00
[2024-08-04T13:12:45.225+0000] {processor.py:183} INFO - Processing /opt/airflow/dags/ggsheet1.py took 0.721 seconds
[2024-08-04T13:13:15.395+0000] {processor.py:161} INFO - Started process (PID=1090) to work on /opt/airflow/dags/ggsheet1.py
[2024-08-04T13:13:15.396+0000] {processor.py:830} INFO - Processing file /opt/airflow/dags/ggsheet1.py for tasks to queue
[2024-08-04T13:13:15.399+0000] {logging_mixin.py:188} INFO - [2024-08-04T13:13:15.398+0000] {dagbag.py:545} INFO - Filling up the DagBag from /opt/airflow/dags/ggsheet1.py
[2024-08-04T13:13:15.958+0000] {processor.py:840} INFO - DAG(s) 'csv_to_postgres' retrieved from /opt/airflow/dags/ggsheet1.py
[2024-08-04T13:13:15.980+0000] {logging_mixin.py:188} INFO - [2024-08-04T13:13:15.980+0000] {dag.py:3089} INFO - Sync 1 DAGs
[2024-08-04T13:13:16.007+0000] {logging_mixin.py:188} INFO - [2024-08-04T13:13:16.007+0000] {dag.py:3947} INFO - Setting next_dagrun for csv_to_postgres to 2024-08-04 00:00:00+00:00, run_after=2024-08-05 00:00:00+00:00
[2024-08-04T13:13:16.068+0000] {processor.py:183} INFO - Processing /opt/airflow/dags/ggsheet1.py took 0.679 seconds
[2024-08-04T13:13:46.962+0000] {processor.py:161} INFO - Started process (PID=1154) to work on /opt/airflow/dags/ggsheet1.py
[2024-08-04T13:13:46.964+0000] {processor.py:830} INFO - Processing file /opt/airflow/dags/ggsheet1.py for tasks to queue
[2024-08-04T13:13:46.967+0000] {logging_mixin.py:188} INFO - [2024-08-04T13:13:46.966+0000] {dagbag.py:545} INFO - Filling up the DagBag from /opt/airflow/dags/ggsheet1.py
[2024-08-04T13:13:47.500+0000] {processor.py:840} INFO - DAG(s) 'csv_to_postgres' retrieved from /opt/airflow/dags/ggsheet1.py
[2024-08-04T13:13:47.515+0000] {logging_mixin.py:188} INFO - [2024-08-04T13:13:47.514+0000] {dag.py:3089} INFO - Sync 1 DAGs
[2024-08-04T13:13:47.540+0000] {logging_mixin.py:188} INFO - [2024-08-04T13:13:47.540+0000] {dag.py:3947} INFO - Setting next_dagrun for csv_to_postgres to 2024-08-04 00:00:00+00:00, run_after=2024-08-05 00:00:00+00:00
[2024-08-04T13:13:47.566+0000] {processor.py:183} INFO - Processing /opt/airflow/dags/ggsheet1.py took 0.610 seconds
[2024-08-04T13:14:17.980+0000] {processor.py:161} INFO - Started process (PID=1216) to work on /opt/airflow/dags/ggsheet1.py
[2024-08-04T13:14:17.982+0000] {processor.py:830} INFO - Processing file /opt/airflow/dags/ggsheet1.py for tasks to queue
[2024-08-04T13:14:17.984+0000] {logging_mixin.py:188} INFO - [2024-08-04T13:14:17.984+0000] {dagbag.py:545} INFO - Filling up the DagBag from /opt/airflow/dags/ggsheet1.py
[2024-08-04T13:14:18.545+0000] {processor.py:840} INFO - DAG(s) 'csv_to_postgres' retrieved from /opt/airflow/dags/ggsheet1.py
[2024-08-04T13:14:18.661+0000] {logging_mixin.py:188} INFO - [2024-08-04T13:14:18.660+0000] {dag.py:3089} INFO - Sync 1 DAGs
[2024-08-04T13:14:18.684+0000] {logging_mixin.py:188} INFO - [2024-08-04T13:14:18.684+0000] {dag.py:3947} INFO - Setting next_dagrun for csv_to_postgres to 2024-08-04 00:00:00+00:00, run_after=2024-08-05 00:00:00+00:00
[2024-08-04T13:14:18.711+0000] {processor.py:183} INFO - Processing /opt/airflow/dags/ggsheet1.py took 0.740 seconds
[2024-08-04T13:14:49.760+0000] {processor.py:161} INFO - Started process (PID=1279) to work on /opt/airflow/dags/ggsheet1.py
[2024-08-04T13:14:49.762+0000] {processor.py:830} INFO - Processing file /opt/airflow/dags/ggsheet1.py for tasks to queue
[2024-08-04T13:14:49.766+0000] {logging_mixin.py:188} INFO - [2024-08-04T13:14:49.765+0000] {dagbag.py:545} INFO - Filling up the DagBag from /opt/airflow/dags/ggsheet1.py
[2024-08-04T13:14:50.355+0000] {processor.py:840} INFO - DAG(s) 'csv_to_postgres' retrieved from /opt/airflow/dags/ggsheet1.py
[2024-08-04T13:14:50.374+0000] {logging_mixin.py:188} INFO - [2024-08-04T13:14:50.374+0000] {dag.py:3089} INFO - Sync 1 DAGs
[2024-08-04T13:14:50.402+0000] {logging_mixin.py:188} INFO - [2024-08-04T13:14:50.401+0000] {dag.py:3947} INFO - Setting next_dagrun for csv_to_postgres to 2024-08-04 00:00:00+00:00, run_after=2024-08-05 00:00:00+00:00
[2024-08-04T13:14:50.433+0000] {processor.py:183} INFO - Processing /opt/airflow/dags/ggsheet1.py took 0.683 seconds
[2024-08-04T13:15:20.699+0000] {processor.py:161} INFO - Started process (PID=1346) to work on /opt/airflow/dags/ggsheet1.py
[2024-08-04T13:15:20.701+0000] {processor.py:830} INFO - Processing file /opt/airflow/dags/ggsheet1.py for tasks to queue
[2024-08-04T13:15:20.703+0000] {logging_mixin.py:188} INFO - [2024-08-04T13:15:20.703+0000] {dagbag.py:545} INFO - Filling up the DagBag from /opt/airflow/dags/ggsheet1.py
[2024-08-04T13:15:21.216+0000] {processor.py:840} INFO - DAG(s) 'csv_to_postgres' retrieved from /opt/airflow/dags/ggsheet1.py
[2024-08-04T13:15:21.229+0000] {logging_mixin.py:188} INFO - [2024-08-04T13:15:21.227+0000] {dag.py:3089} INFO - Sync 1 DAGs
[2024-08-04T13:15:21.251+0000] {logging_mixin.py:188} INFO - [2024-08-04T13:15:21.250+0000] {dag.py:3947} INFO - Setting next_dagrun for csv_to_postgres to 2024-08-04 00:00:00+00:00, run_after=2024-08-05 00:00:00+00:00
[2024-08-04T13:15:21.274+0000] {processor.py:183} INFO - Processing /opt/airflow/dags/ggsheet1.py took 0.584 seconds
[2024-08-04T13:15:51.809+0000] {processor.py:161} INFO - Started process (PID=1413) to work on /opt/airflow/dags/ggsheet1.py
[2024-08-04T13:15:51.810+0000] {processor.py:830} INFO - Processing file /opt/airflow/dags/ggsheet1.py for tasks to queue
[2024-08-04T13:15:51.812+0000] {logging_mixin.py:188} INFO - [2024-08-04T13:15:51.811+0000] {dagbag.py:545} INFO - Filling up the DagBag from /opt/airflow/dags/ggsheet1.py
[2024-08-04T13:15:52.351+0000] {processor.py:840} INFO - DAG(s) 'csv_to_postgres' retrieved from /opt/airflow/dags/ggsheet1.py
[2024-08-04T13:15:52.436+0000] {logging_mixin.py:188} INFO - [2024-08-04T13:15:52.436+0000] {dag.py:3089} INFO - Sync 1 DAGs
[2024-08-04T13:15:52.459+0000] {logging_mixin.py:188} INFO - [2024-08-04T13:15:52.459+0000] {dag.py:3947} INFO - Setting next_dagrun for csv_to_postgres to 2024-08-04 00:00:00+00:00, run_after=2024-08-05 00:00:00+00:00
[2024-08-04T13:15:52.485+0000] {processor.py:183} INFO - Processing /opt/airflow/dags/ggsheet1.py took 0.685 seconds
[2024-08-04T13:16:23.080+0000] {processor.py:161} INFO - Started process (PID=1481) to work on /opt/airflow/dags/ggsheet1.py
[2024-08-04T13:16:23.081+0000] {processor.py:830} INFO - Processing file /opt/airflow/dags/ggsheet1.py for tasks to queue
[2024-08-04T13:16:23.095+0000] {logging_mixin.py:188} INFO - [2024-08-04T13:16:23.094+0000] {dagbag.py:545} INFO - Filling up the DagBag from /opt/airflow/dags/ggsheet1.py
[2024-08-04T13:16:23.660+0000] {processor.py:840} INFO - DAG(s) 'csv_to_postgres' retrieved from /opt/airflow/dags/ggsheet1.py
[2024-08-04T13:16:23.681+0000] {logging_mixin.py:188} INFO - [2024-08-04T13:16:23.680+0000] {dag.py:3089} INFO - Sync 1 DAGs
[2024-08-04T13:16:23.700+0000] {logging_mixin.py:188} INFO - [2024-08-04T13:16:23.700+0000] {dag.py:3947} INFO - Setting next_dagrun for csv_to_postgres to 2024-08-04 00:00:00+00:00, run_after=2024-08-05 00:00:00+00:00
[2024-08-04T13:16:23.724+0000] {processor.py:183} INFO - Processing /opt/airflow/dags/ggsheet1.py took 0.650 seconds
[2024-08-04T13:16:54.699+0000] {processor.py:161} INFO - Started process (PID=1547) to work on /opt/airflow/dags/ggsheet1.py
[2024-08-04T13:16:54.700+0000] {processor.py:830} INFO - Processing file /opt/airflow/dags/ggsheet1.py for tasks to queue
[2024-08-04T13:16:54.702+0000] {logging_mixin.py:188} INFO - [2024-08-04T13:16:54.702+0000] {dagbag.py:545} INFO - Filling up the DagBag from /opt/airflow/dags/ggsheet1.py
[2024-08-04T13:16:55.260+0000] {processor.py:840} INFO - DAG(s) 'csv_to_postgres' retrieved from /opt/airflow/dags/ggsheet1.py
[2024-08-04T13:16:55.274+0000] {logging_mixin.py:188} INFO - [2024-08-04T13:16:55.273+0000] {dag.py:3089} INFO - Sync 1 DAGs
[2024-08-04T13:16:55.293+0000] {logging_mixin.py:188} INFO - [2024-08-04T13:16:55.292+0000] {dag.py:3947} INFO - Setting next_dagrun for csv_to_postgres to 2024-08-04 00:00:00+00:00, run_after=2024-08-05 00:00:00+00:00
[2024-08-04T13:16:55.318+0000] {processor.py:183} INFO - Processing /opt/airflow/dags/ggsheet1.py took 0.625 seconds
[2024-08-04T13:17:25.475+0000] {processor.py:161} INFO - Started process (PID=1609) to work on /opt/airflow/dags/ggsheet1.py
[2024-08-04T13:17:25.478+0000] {processor.py:830} INFO - Processing file /opt/airflow/dags/ggsheet1.py for tasks to queue
[2024-08-04T13:17:25.480+0000] {logging_mixin.py:188} INFO - [2024-08-04T13:17:25.480+0000] {dagbag.py:545} INFO - Filling up the DagBag from /opt/airflow/dags/ggsheet1.py
[2024-08-04T13:17:26.081+0000] {processor.py:840} INFO - DAG(s) 'csv_to_postgres' retrieved from /opt/airflow/dags/ggsheet1.py
[2024-08-04T13:17:26.190+0000] {logging_mixin.py:188} INFO - [2024-08-04T13:17:26.189+0000] {dag.py:3089} INFO - Sync 1 DAGs
[2024-08-04T13:17:26.211+0000] {logging_mixin.py:188} INFO - [2024-08-04T13:17:26.210+0000] {dag.py:3947} INFO - Setting next_dagrun for csv_to_postgres to 2024-08-04 00:00:00+00:00, run_after=2024-08-05 00:00:00+00:00
[2024-08-04T13:17:26.232+0000] {processor.py:183} INFO - Processing /opt/airflow/dags/ggsheet1.py took 0.764 seconds
[2024-08-04T13:17:56.354+0000] {processor.py:161} INFO - Started process (PID=1677) to work on /opt/airflow/dags/ggsheet1.py
[2024-08-04T13:17:56.355+0000] {processor.py:830} INFO - Processing file /opt/airflow/dags/ggsheet1.py for tasks to queue
[2024-08-04T13:17:56.357+0000] {logging_mixin.py:188} INFO - [2024-08-04T13:17:56.357+0000] {dagbag.py:545} INFO - Filling up the DagBag from /opt/airflow/dags/ggsheet1.py
[2024-08-04T13:17:56.833+0000] {processor.py:840} INFO - DAG(s) 'csv_to_postgres' retrieved from /opt/airflow/dags/ggsheet1.py
[2024-08-04T13:17:56.849+0000] {logging_mixin.py:188} INFO - [2024-08-04T13:17:56.849+0000] {dag.py:3089} INFO - Sync 1 DAGs
[2024-08-04T13:17:56.871+0000] {logging_mixin.py:188} INFO - [2024-08-04T13:17:56.871+0000] {dag.py:3947} INFO - Setting next_dagrun for csv_to_postgres to 2024-08-04 00:00:00+00:00, run_after=2024-08-05 00:00:00+00:00
[2024-08-04T13:17:56.891+0000] {processor.py:183} INFO - Processing /opt/airflow/dags/ggsheet1.py took 0.544 seconds
[2024-08-04T13:18:27.730+0000] {processor.py:161} INFO - Started process (PID=1744) to work on /opt/airflow/dags/ggsheet1.py
[2024-08-04T13:18:27.733+0000] {processor.py:830} INFO - Processing file /opt/airflow/dags/ggsheet1.py for tasks to queue
[2024-08-04T13:18:27.735+0000] {logging_mixin.py:188} INFO - [2024-08-04T13:18:27.735+0000] {dagbag.py:545} INFO - Filling up the DagBag from /opt/airflow/dags/ggsheet1.py
[2024-08-04T13:18:28.256+0000] {processor.py:840} INFO - DAG(s) 'csv_to_postgres' retrieved from /opt/airflow/dags/ggsheet1.py
[2024-08-04T13:18:28.270+0000] {logging_mixin.py:188} INFO - [2024-08-04T13:18:28.269+0000] {dag.py:3089} INFO - Sync 1 DAGs
[2024-08-04T13:18:28.290+0000] {logging_mixin.py:188} INFO - [2024-08-04T13:18:28.290+0000] {dag.py:3947} INFO - Setting next_dagrun for csv_to_postgres to 2024-08-04 00:00:00+00:00, run_after=2024-08-05 00:00:00+00:00
[2024-08-04T13:18:28.319+0000] {processor.py:183} INFO - Processing /opt/airflow/dags/ggsheet1.py took 0.595 seconds
[2024-08-04T13:19:00.581+0000] {processor.py:161} INFO - Started process (PID=1808) to work on /opt/airflow/dags/ggsheet1.py
[2024-08-04T13:19:00.582+0000] {processor.py:830} INFO - Processing file /opt/airflow/dags/ggsheet1.py for tasks to queue
[2024-08-04T13:19:00.585+0000] {logging_mixin.py:188} INFO - [2024-08-04T13:19:00.584+0000] {dagbag.py:545} INFO - Filling up the DagBag from /opt/airflow/dags/ggsheet1.py
[2024-08-04T13:19:01.129+0000] {processor.py:840} INFO - DAG(s) 'csv_to_postgres' retrieved from /opt/airflow/dags/ggsheet1.py
[2024-08-04T13:19:01.226+0000] {logging_mixin.py:188} INFO - [2024-08-04T13:19:01.226+0000] {dag.py:3089} INFO - Sync 1 DAGs
[2024-08-04T13:19:01.245+0000] {logging_mixin.py:188} INFO - [2024-08-04T13:19:01.244+0000] {dag.py:3947} INFO - Setting next_dagrun for csv_to_postgres to 2024-08-04 00:00:00+00:00, run_after=2024-08-05 00:00:00+00:00
[2024-08-04T13:19:01.269+0000] {processor.py:183} INFO - Processing /opt/airflow/dags/ggsheet1.py took 0.695 seconds
[2024-08-04T13:19:31.735+0000] {processor.py:161} INFO - Started process (PID=1873) to work on /opt/airflow/dags/ggsheet1.py
[2024-08-04T13:19:31.736+0000] {processor.py:830} INFO - Processing file /opt/airflow/dags/ggsheet1.py for tasks to queue
[2024-08-04T13:19:31.739+0000] {logging_mixin.py:188} INFO - [2024-08-04T13:19:31.738+0000] {dagbag.py:545} INFO - Filling up the DagBag from /opt/airflow/dags/ggsheet1.py
[2024-08-04T13:19:32.338+0000] {processor.py:840} INFO - DAG(s) 'csv_to_postgres' retrieved from /opt/airflow/dags/ggsheet1.py
[2024-08-04T13:19:32.354+0000] {logging_mixin.py:188} INFO - [2024-08-04T13:19:32.354+0000] {dag.py:3089} INFO - Sync 1 DAGs
[2024-08-04T13:19:32.373+0000] {logging_mixin.py:188} INFO - [2024-08-04T13:19:32.373+0000] {dag.py:3947} INFO - Setting next_dagrun for csv_to_postgres to 2024-08-04 00:00:00+00:00, run_after=2024-08-05 00:00:00+00:00
[2024-08-04T13:19:32.398+0000] {processor.py:183} INFO - Processing /opt/airflow/dags/ggsheet1.py took 0.669 seconds
[2024-08-04T13:20:03.446+0000] {processor.py:161} INFO - Started process (PID=1940) to work on /opt/airflow/dags/ggsheet1.py
[2024-08-04T13:20:03.448+0000] {processor.py:830} INFO - Processing file /opt/airflow/dags/ggsheet1.py for tasks to queue
[2024-08-04T13:20:03.450+0000] {logging_mixin.py:188} INFO - [2024-08-04T13:20:03.450+0000] {dagbag.py:545} INFO - Filling up the DagBag from /opt/airflow/dags/ggsheet1.py
[2024-08-04T13:20:04.032+0000] {processor.py:840} INFO - DAG(s) 'csv_to_postgres' retrieved from /opt/airflow/dags/ggsheet1.py
[2024-08-04T13:20:04.045+0000] {logging_mixin.py:188} INFO - [2024-08-04T13:20:04.045+0000] {dag.py:3089} INFO - Sync 1 DAGs
[2024-08-04T13:20:04.069+0000] {logging_mixin.py:188} INFO - [2024-08-04T13:20:04.069+0000] {dag.py:3947} INFO - Setting next_dagrun for csv_to_postgres to 2024-08-04 00:00:00+00:00, run_after=2024-08-05 00:00:00+00:00
[2024-08-04T13:20:04.094+0000] {processor.py:183} INFO - Processing /opt/airflow/dags/ggsheet1.py took 0.656 seconds
[2024-08-04T13:20:35.152+0000] {processor.py:161} INFO - Started process (PID=2006) to work on /opt/airflow/dags/ggsheet1.py
[2024-08-04T13:20:35.153+0000] {processor.py:830} INFO - Processing file /opt/airflow/dags/ggsheet1.py for tasks to queue
[2024-08-04T13:20:35.157+0000] {logging_mixin.py:188} INFO - [2024-08-04T13:20:35.157+0000] {dagbag.py:545} INFO - Filling up the DagBag from /opt/airflow/dags/ggsheet1.py
[2024-08-04T13:20:35.680+0000] {processor.py:840} INFO - DAG(s) 'csv_to_postgres' retrieved from /opt/airflow/dags/ggsheet1.py
[2024-08-04T13:20:35.766+0000] {logging_mixin.py:188} INFO - [2024-08-04T13:20:35.765+0000] {dag.py:3089} INFO - Sync 1 DAGs
[2024-08-04T13:20:35.783+0000] {logging_mixin.py:188} INFO - [2024-08-04T13:20:35.783+0000] {dag.py:3947} INFO - Setting next_dagrun for csv_to_postgres to 2024-08-04 00:00:00+00:00, run_after=2024-08-05 00:00:00+00:00
[2024-08-04T13:20:35.806+0000] {processor.py:183} INFO - Processing /opt/airflow/dags/ggsheet1.py took 0.662 seconds
[2024-08-04T13:21:06.656+0000] {processor.py:161} INFO - Started process (PID=2070) to work on /opt/airflow/dags/ggsheet1.py
[2024-08-04T13:21:06.657+0000] {processor.py:830} INFO - Processing file /opt/airflow/dags/ggsheet1.py for tasks to queue
[2024-08-04T13:21:06.660+0000] {logging_mixin.py:188} INFO - [2024-08-04T13:21:06.659+0000] {dagbag.py:545} INFO - Filling up the DagBag from /opt/airflow/dags/ggsheet1.py
[2024-08-04T13:21:07.143+0000] {processor.py:840} INFO - DAG(s) 'csv_to_postgres' retrieved from /opt/airflow/dags/ggsheet1.py
[2024-08-04T13:21:07.158+0000] {logging_mixin.py:188} INFO - [2024-08-04T13:21:07.158+0000] {dag.py:3089} INFO - Sync 1 DAGs
[2024-08-04T13:21:07.176+0000] {logging_mixin.py:188} INFO - [2024-08-04T13:21:07.176+0000] {dag.py:3947} INFO - Setting next_dagrun for csv_to_postgres to 2024-08-04 00:00:00+00:00, run_after=2024-08-05 00:00:00+00:00
[2024-08-04T13:21:07.194+0000] {processor.py:183} INFO - Processing /opt/airflow/dags/ggsheet1.py took 0.544 seconds
[2024-08-04T13:21:37.478+0000] {processor.py:161} INFO - Started process (PID=2137) to work on /opt/airflow/dags/ggsheet1.py
[2024-08-04T13:21:37.479+0000] {processor.py:830} INFO - Processing file /opt/airflow/dags/ggsheet1.py for tasks to queue
[2024-08-04T13:21:37.483+0000] {logging_mixin.py:188} INFO - [2024-08-04T13:21:37.482+0000] {dagbag.py:545} INFO - Filling up the DagBag from /opt/airflow/dags/ggsheet1.py
[2024-08-04T13:21:37.936+0000] {processor.py:840} INFO - DAG(s) 'csv_to_postgres' retrieved from /opt/airflow/dags/ggsheet1.py
[2024-08-04T13:21:37.949+0000] {logging_mixin.py:188} INFO - [2024-08-04T13:21:37.949+0000] {dag.py:3089} INFO - Sync 1 DAGs
[2024-08-04T13:21:37.973+0000] {logging_mixin.py:188} INFO - [2024-08-04T13:21:37.972+0000] {dag.py:3947} INFO - Setting next_dagrun for csv_to_postgres to 2024-08-04 00:00:00+00:00, run_after=2024-08-05 00:00:00+00:00
[2024-08-04T13:21:37.997+0000] {processor.py:183} INFO - Processing /opt/airflow/dags/ggsheet1.py took 0.529 seconds
[2024-08-04T13:22:08.231+0000] {processor.py:161} INFO - Started process (PID=2203) to work on /opt/airflow/dags/ggsheet1.py
[2024-08-04T13:22:08.233+0000] {processor.py:830} INFO - Processing file /opt/airflow/dags/ggsheet1.py for tasks to queue
[2024-08-04T13:22:08.235+0000] {logging_mixin.py:188} INFO - [2024-08-04T13:22:08.235+0000] {dagbag.py:545} INFO - Filling up the DagBag from /opt/airflow/dags/ggsheet1.py
[2024-08-04T13:22:08.597+0000] {processor.py:840} INFO - DAG(s) 'csv_to_postgres' retrieved from /opt/airflow/dags/ggsheet1.py
[2024-08-04T13:22:08.707+0000] {logging_mixin.py:188} INFO - [2024-08-04T13:22:08.706+0000] {dag.py:3089} INFO - Sync 1 DAGs
[2024-08-04T13:22:08.732+0000] {logging_mixin.py:188} INFO - [2024-08-04T13:22:08.731+0000] {dag.py:3947} INFO - Setting next_dagrun for csv_to_postgres to 2024-08-04 00:00:00+00:00, run_after=2024-08-05 00:00:00+00:00
[2024-08-04T13:22:08.764+0000] {processor.py:183} INFO - Processing /opt/airflow/dags/ggsheet1.py took 0.540 seconds
[2024-08-04T13:22:38.921+0000] {processor.py:161} INFO - Started process (PID=2267) to work on /opt/airflow/dags/ggsheet1.py
[2024-08-04T13:22:38.923+0000] {processor.py:830} INFO - Processing file /opt/airflow/dags/ggsheet1.py for tasks to queue
[2024-08-04T13:22:38.925+0000] {logging_mixin.py:188} INFO - [2024-08-04T13:22:38.925+0000] {dagbag.py:545} INFO - Filling up the DagBag from /opt/airflow/dags/ggsheet1.py
[2024-08-04T13:22:39.327+0000] {processor.py:840} INFO - DAG(s) 'csv_to_postgres' retrieved from /opt/airflow/dags/ggsheet1.py
[2024-08-04T13:22:39.356+0000] {logging_mixin.py:188} INFO - [2024-08-04T13:22:39.355+0000] {dag.py:3089} INFO - Sync 1 DAGs
[2024-08-04T13:22:39.382+0000] {logging_mixin.py:188} INFO - [2024-08-04T13:22:39.382+0000] {dag.py:3947} INFO - Setting next_dagrun for csv_to_postgres to 2024-08-04 00:00:00+00:00, run_after=2024-08-05 00:00:00+00:00
[2024-08-04T13:22:39.426+0000] {processor.py:183} INFO - Processing /opt/airflow/dags/ggsheet1.py took 0.516 seconds
[2024-08-04T13:23:09.724+0000] {processor.py:161} INFO - Started process (PID=2331) to work on /opt/airflow/dags/ggsheet1.py
[2024-08-04T13:23:09.726+0000] {processor.py:830} INFO - Processing file /opt/airflow/dags/ggsheet1.py for tasks to queue
[2024-08-04T13:23:09.730+0000] {logging_mixin.py:188} INFO - [2024-08-04T13:23:09.729+0000] {dagbag.py:545} INFO - Filling up the DagBag from /opt/airflow/dags/ggsheet1.py
[2024-08-04T13:23:10.167+0000] {processor.py:840} INFO - DAG(s) 'csv_to_postgres' retrieved from /opt/airflow/dags/ggsheet1.py
[2024-08-04T13:23:10.189+0000] {logging_mixin.py:188} INFO - [2024-08-04T13:23:10.188+0000] {dag.py:3089} INFO - Sync 1 DAGs
[2024-08-04T13:23:10.224+0000] {logging_mixin.py:188} INFO - [2024-08-04T13:23:10.223+0000] {dag.py:3947} INFO - Setting next_dagrun for csv_to_postgres to 2024-08-04 00:00:00+00:00, run_after=2024-08-05 00:00:00+00:00
[2024-08-04T13:23:10.257+0000] {processor.py:183} INFO - Processing /opt/airflow/dags/ggsheet1.py took 0.544 seconds
[2024-08-04T13:23:41.160+0000] {processor.py:161} INFO - Started process (PID=2396) to work on /opt/airflow/dags/ggsheet1.py
[2024-08-04T13:23:41.162+0000] {processor.py:830} INFO - Processing file /opt/airflow/dags/ggsheet1.py for tasks to queue
[2024-08-04T13:23:41.170+0000] {logging_mixin.py:188} INFO - [2024-08-04T13:23:41.170+0000] {dagbag.py:545} INFO - Filling up the DagBag from /opt/airflow/dags/ggsheet1.py
[2024-08-04T13:23:41.546+0000] {processor.py:840} INFO - DAG(s) 'csv_to_postgres' retrieved from /opt/airflow/dags/ggsheet1.py
[2024-08-04T13:23:41.643+0000] {logging_mixin.py:188} INFO - [2024-08-04T13:23:41.642+0000] {dag.py:3089} INFO - Sync 1 DAGs
[2024-08-04T13:23:41.664+0000] {logging_mixin.py:188} INFO - [2024-08-04T13:23:41.664+0000] {dag.py:3947} INFO - Setting next_dagrun for csv_to_postgres to 2024-08-04 00:00:00+00:00, run_after=2024-08-05 00:00:00+00:00
[2024-08-04T13:23:41.690+0000] {processor.py:183} INFO - Processing /opt/airflow/dags/ggsheet1.py took 0.540 seconds
[2024-08-04T13:24:11.810+0000] {processor.py:161} INFO - Started process (PID=2462) to work on /opt/airflow/dags/ggsheet1.py
[2024-08-04T13:24:11.811+0000] {processor.py:830} INFO - Processing file /opt/airflow/dags/ggsheet1.py for tasks to queue
[2024-08-04T13:24:11.814+0000] {logging_mixin.py:188} INFO - [2024-08-04T13:24:11.814+0000] {dagbag.py:545} INFO - Filling up the DagBag from /opt/airflow/dags/ggsheet1.py
[2024-08-04T13:24:12.251+0000] {processor.py:840} INFO - DAG(s) 'csv_to_postgres' retrieved from /opt/airflow/dags/ggsheet1.py
[2024-08-04T13:24:12.270+0000] {logging_mixin.py:188} INFO - [2024-08-04T13:24:12.269+0000] {dag.py:3089} INFO - Sync 1 DAGs
[2024-08-04T13:24:12.293+0000] {logging_mixin.py:188} INFO - [2024-08-04T13:24:12.293+0000] {dag.py:3947} INFO - Setting next_dagrun for csv_to_postgres to 2024-08-04 00:00:00+00:00, run_after=2024-08-05 00:00:00+00:00
[2024-08-04T13:24:12.325+0000] {processor.py:183} INFO - Processing /opt/airflow/dags/ggsheet1.py took 0.525 seconds
[2024-08-04T13:24:42.492+0000] {processor.py:161} INFO - Started process (PID=2526) to work on /opt/airflow/dags/ggsheet1.py
[2024-08-04T13:24:42.493+0000] {processor.py:830} INFO - Processing file /opt/airflow/dags/ggsheet1.py for tasks to queue
[2024-08-04T13:24:42.496+0000] {logging_mixin.py:188} INFO - [2024-08-04T13:24:42.496+0000] {dagbag.py:545} INFO - Filling up the DagBag from /opt/airflow/dags/ggsheet1.py
[2024-08-04T13:24:42.893+0000] {processor.py:840} INFO - DAG(s) 'csv_to_postgres' retrieved from /opt/airflow/dags/ggsheet1.py
[2024-08-04T13:24:42.906+0000] {logging_mixin.py:188} INFO - [2024-08-04T13:24:42.906+0000] {dag.py:3089} INFO - Sync 1 DAGs
[2024-08-04T13:24:42.930+0000] {logging_mixin.py:188} INFO - [2024-08-04T13:24:42.930+0000] {dag.py:3947} INFO - Setting next_dagrun for csv_to_postgres to 2024-08-04 00:00:00+00:00, run_after=2024-08-05 00:00:00+00:00
[2024-08-04T13:24:42.950+0000] {processor.py:183} INFO - Processing /opt/airflow/dags/ggsheet1.py took 0.465 seconds
[2024-08-04T13:25:13.145+0000] {processor.py:161} INFO - Started process (PID=2592) to work on /opt/airflow/dags/ggsheet1.py
[2024-08-04T13:25:13.147+0000] {processor.py:830} INFO - Processing file /opt/airflow/dags/ggsheet1.py for tasks to queue
[2024-08-04T13:25:13.150+0000] {logging_mixin.py:188} INFO - [2024-08-04T13:25:13.149+0000] {dagbag.py:545} INFO - Filling up the DagBag from /opt/airflow/dags/ggsheet1.py
[2024-08-04T13:25:13.574+0000] {processor.py:840} INFO - DAG(s) 'csv_to_postgres' retrieved from /opt/airflow/dags/ggsheet1.py
[2024-08-04T13:25:13.682+0000] {logging_mixin.py:188} INFO - [2024-08-04T13:25:13.681+0000] {dag.py:3089} INFO - Sync 1 DAGs
[2024-08-04T13:25:13.703+0000] {logging_mixin.py:188} INFO - [2024-08-04T13:25:13.703+0000] {dag.py:3947} INFO - Setting next_dagrun for csv_to_postgres to 2024-08-04 00:00:00+00:00, run_after=2024-08-05 00:00:00+00:00
[2024-08-04T13:25:13.746+0000] {processor.py:183} INFO - Processing /opt/airflow/dags/ggsheet1.py took 0.610 seconds
[2024-08-04T13:25:43.869+0000] {processor.py:161} INFO - Started process (PID=2658) to work on /opt/airflow/dags/ggsheet1.py
[2024-08-04T13:25:43.870+0000] {processor.py:830} INFO - Processing file /opt/airflow/dags/ggsheet1.py for tasks to queue
[2024-08-04T13:25:43.873+0000] {logging_mixin.py:188} INFO - [2024-08-04T13:25:43.872+0000] {dagbag.py:545} INFO - Filling up the DagBag from /opt/airflow/dags/ggsheet1.py
[2024-08-04T13:25:44.232+0000] {processor.py:840} INFO - DAG(s) 'csv_to_postgres' retrieved from /opt/airflow/dags/ggsheet1.py
[2024-08-04T13:25:44.254+0000] {logging_mixin.py:188} INFO - [2024-08-04T13:25:44.253+0000] {dag.py:3089} INFO - Sync 1 DAGs
[2024-08-04T13:25:44.281+0000] {logging_mixin.py:188} INFO - [2024-08-04T13:25:44.280+0000] {dag.py:3947} INFO - Setting next_dagrun for csv_to_postgres to 2024-08-04 00:00:00+00:00, run_after=2024-08-05 00:00:00+00:00
[2024-08-04T13:25:44.305+0000] {processor.py:183} INFO - Processing /opt/airflow/dags/ggsheet1.py took 0.443 seconds
[2024-08-04T13:26:15.794+0000] {processor.py:161} INFO - Started process (PID=2725) to work on /opt/airflow/dags/ggsheet1.py
[2024-08-04T13:26:15.795+0000] {processor.py:830} INFO - Processing file /opt/airflow/dags/ggsheet1.py for tasks to queue
[2024-08-04T13:26:15.797+0000] {logging_mixin.py:188} INFO - [2024-08-04T13:26:15.797+0000] {dagbag.py:545} INFO - Filling up the DagBag from /opt/airflow/dags/ggsheet1.py
[2024-08-04T13:26:16.165+0000] {processor.py:840} INFO - DAG(s) 'csv_to_postgres' retrieved from /opt/airflow/dags/ggsheet1.py
[2024-08-04T13:26:16.183+0000] {logging_mixin.py:188} INFO - [2024-08-04T13:26:16.182+0000] {dag.py:3089} INFO - Sync 1 DAGs
[2024-08-04T13:26:16.213+0000] {logging_mixin.py:188} INFO - [2024-08-04T13:26:16.212+0000] {dag.py:3947} INFO - Setting next_dagrun for csv_to_postgres to 2024-08-04 00:00:00+00:00, run_after=2024-08-05 00:00:00+00:00
[2024-08-04T13:26:16.240+0000] {processor.py:183} INFO - Processing /opt/airflow/dags/ggsheet1.py took 0.453 seconds
[2024-08-04T13:26:47.016+0000] {processor.py:161} INFO - Started process (PID=2789) to work on /opt/airflow/dags/ggsheet1.py
[2024-08-04T13:26:47.018+0000] {processor.py:830} INFO - Processing file /opt/airflow/dags/ggsheet1.py for tasks to queue
[2024-08-04T13:26:47.021+0000] {logging_mixin.py:188} INFO - [2024-08-04T13:26:47.021+0000] {dagbag.py:545} INFO - Filling up the DagBag from /opt/airflow/dags/ggsheet1.py
[2024-08-04T13:26:47.416+0000] {processor.py:840} INFO - DAG(s) 'csv_to_postgres' retrieved from /opt/airflow/dags/ggsheet1.py
[2024-08-04T13:26:47.530+0000] {logging_mixin.py:188} INFO - [2024-08-04T13:26:47.529+0000] {dag.py:3089} INFO - Sync 1 DAGs
[2024-08-04T13:26:47.555+0000] {logging_mixin.py:188} INFO - [2024-08-04T13:26:47.555+0000] {dag.py:3947} INFO - Setting next_dagrun for csv_to_postgres to 2024-08-04 00:00:00+00:00, run_after=2024-08-05 00:00:00+00:00
[2024-08-04T13:26:47.588+0000] {processor.py:183} INFO - Processing /opt/airflow/dags/ggsheet1.py took 0.582 seconds
[2024-08-04T13:27:17.694+0000] {processor.py:161} INFO - Started process (PID=2855) to work on /opt/airflow/dags/ggsheet1.py
[2024-08-04T13:27:17.695+0000] {processor.py:830} INFO - Processing file /opt/airflow/dags/ggsheet1.py for tasks to queue
[2024-08-04T13:27:17.699+0000] {logging_mixin.py:188} INFO - [2024-08-04T13:27:17.699+0000] {dagbag.py:545} INFO - Filling up the DagBag from /opt/airflow/dags/ggsheet1.py
[2024-08-04T13:27:18.092+0000] {processor.py:840} INFO - DAG(s) 'csv_to_postgres' retrieved from /opt/airflow/dags/ggsheet1.py
[2024-08-04T13:27:18.113+0000] {logging_mixin.py:188} INFO - [2024-08-04T13:27:18.113+0000] {dag.py:3089} INFO - Sync 1 DAGs
[2024-08-04T13:27:18.135+0000] {logging_mixin.py:188} INFO - [2024-08-04T13:27:18.134+0000] {dag.py:3947} INFO - Setting next_dagrun for csv_to_postgres to 2024-08-04 00:00:00+00:00, run_after=2024-08-05 00:00:00+00:00
[2024-08-04T13:27:18.163+0000] {processor.py:183} INFO - Processing /opt/airflow/dags/ggsheet1.py took 0.476 seconds
[2024-08-04T13:27:48.363+0000] {processor.py:161} INFO - Started process (PID=2921) to work on /opt/airflow/dags/ggsheet1.py
[2024-08-04T13:27:48.369+0000] {processor.py:830} INFO - Processing file /opt/airflow/dags/ggsheet1.py for tasks to queue
[2024-08-04T13:27:48.379+0000] {logging_mixin.py:188} INFO - [2024-08-04T13:27:48.378+0000] {dagbag.py:545} INFO - Filling up the DagBag from /opt/airflow/dags/ggsheet1.py
[2024-08-04T13:27:48.745+0000] {processor.py:840} INFO - DAG(s) 'csv_to_postgres' retrieved from /opt/airflow/dags/ggsheet1.py
[2024-08-04T13:27:48.757+0000] {logging_mixin.py:188} INFO - [2024-08-04T13:27:48.757+0000] {dag.py:3089} INFO - Sync 1 DAGs
[2024-08-04T13:27:48.781+0000] {logging_mixin.py:188} INFO - [2024-08-04T13:27:48.781+0000] {dag.py:3947} INFO - Setting next_dagrun for csv_to_postgres to 2024-08-04 00:00:00+00:00, run_after=2024-08-05 00:00:00+00:00
[2024-08-04T13:27:48.819+0000] {processor.py:183} INFO - Processing /opt/airflow/dags/ggsheet1.py took 0.463 seconds
[2024-08-04T13:28:18.911+0000] {processor.py:161} INFO - Started process (PID=2985) to work on /opt/airflow/dags/ggsheet1.py
[2024-08-04T13:28:18.912+0000] {processor.py:830} INFO - Processing file /opt/airflow/dags/ggsheet1.py for tasks to queue
[2024-08-04T13:28:18.915+0000] {logging_mixin.py:188} INFO - [2024-08-04T13:28:18.915+0000] {dagbag.py:545} INFO - Filling up the DagBag from /opt/airflow/dags/ggsheet1.py
[2024-08-04T13:28:19.349+0000] {processor.py:840} INFO - DAG(s) 'csv_to_postgres' retrieved from /opt/airflow/dags/ggsheet1.py
[2024-08-04T13:28:19.457+0000] {logging_mixin.py:188} INFO - [2024-08-04T13:28:19.456+0000] {dag.py:3089} INFO - Sync 1 DAGs
[2024-08-04T13:28:19.479+0000] {logging_mixin.py:188} INFO - [2024-08-04T13:28:19.479+0000] {dag.py:3947} INFO - Setting next_dagrun for csv_to_postgres to 2024-08-04 00:00:00+00:00, run_after=2024-08-05 00:00:00+00:00
[2024-08-04T13:28:19.506+0000] {processor.py:183} INFO - Processing /opt/airflow/dags/ggsheet1.py took 0.604 seconds
[2024-08-04T13:28:50.184+0000] {processor.py:161} INFO - Started process (PID=3045) to work on /opt/airflow/dags/ggsheet1.py
[2024-08-04T13:28:50.186+0000] {processor.py:830} INFO - Processing file /opt/airflow/dags/ggsheet1.py for tasks to queue
[2024-08-04T13:28:50.188+0000] {logging_mixin.py:188} INFO - [2024-08-04T13:28:50.188+0000] {dagbag.py:545} INFO - Filling up the DagBag from /opt/airflow/dags/ggsheet1.py
[2024-08-04T13:28:50.550+0000] {processor.py:840} INFO - DAG(s) 'csv_to_postgres' retrieved from /opt/airflow/dags/ggsheet1.py
[2024-08-04T13:28:50.571+0000] {logging_mixin.py:188} INFO - [2024-08-04T13:28:50.570+0000] {dag.py:3089} INFO - Sync 1 DAGs
[2024-08-04T13:28:50.593+0000] {logging_mixin.py:188} INFO - [2024-08-04T13:28:50.593+0000] {dag.py:3947} INFO - Setting next_dagrun for csv_to_postgres to 2024-08-04 00:00:00+00:00, run_after=2024-08-05 00:00:00+00:00
[2024-08-04T13:28:50.615+0000] {processor.py:183} INFO - Processing /opt/airflow/dags/ggsheet1.py took 0.438 seconds
[2024-08-04T13:29:21.002+0000] {processor.py:161} INFO - Started process (PID=3109) to work on /opt/airflow/dags/ggsheet1.py
[2024-08-04T13:29:21.005+0000] {processor.py:830} INFO - Processing file /opt/airflow/dags/ggsheet1.py for tasks to queue
[2024-08-04T13:29:21.007+0000] {logging_mixin.py:188} INFO - [2024-08-04T13:29:21.007+0000] {dagbag.py:545} INFO - Filling up the DagBag from /opt/airflow/dags/ggsheet1.py
[2024-08-04T13:29:21.380+0000] {processor.py:840} INFO - DAG(s) 'csv_to_postgres' retrieved from /opt/airflow/dags/ggsheet1.py
[2024-08-04T13:29:21.397+0000] {logging_mixin.py:188} INFO - [2024-08-04T13:29:21.396+0000] {dag.py:3089} INFO - Sync 1 DAGs
[2024-08-04T13:29:21.424+0000] {logging_mixin.py:188} INFO - [2024-08-04T13:29:21.424+0000] {dag.py:3947} INFO - Setting next_dagrun for csv_to_postgres to 2024-08-04 00:00:00+00:00, run_after=2024-08-05 00:00:00+00:00
[2024-08-04T13:29:21.450+0000] {processor.py:183} INFO - Processing /opt/airflow/dags/ggsheet1.py took 0.455 seconds
[2024-08-04T13:29:52.446+0000] {processor.py:161} INFO - Started process (PID=3174) to work on /opt/airflow/dags/ggsheet1.py
[2024-08-04T13:29:52.447+0000] {processor.py:830} INFO - Processing file /opt/airflow/dags/ggsheet1.py for tasks to queue
[2024-08-04T13:29:52.450+0000] {logging_mixin.py:188} INFO - [2024-08-04T13:29:52.450+0000] {dagbag.py:545} INFO - Filling up the DagBag from /opt/airflow/dags/ggsheet1.py
[2024-08-04T13:29:52.860+0000] {processor.py:840} INFO - DAG(s) 'csv_to_postgres' retrieved from /opt/airflow/dags/ggsheet1.py
[2024-08-04T13:29:53.004+0000] {logging_mixin.py:188} INFO - [2024-08-04T13:29:53.003+0000] {dag.py:3089} INFO - Sync 1 DAGs
[2024-08-04T13:29:53.030+0000] {logging_mixin.py:188} INFO - [2024-08-04T13:29:53.029+0000] {dag.py:3947} INFO - Setting next_dagrun for csv_to_postgres to 2024-08-04 00:00:00+00:00, run_after=2024-08-05 00:00:00+00:00
[2024-08-04T13:29:53.057+0000] {processor.py:183} INFO - Processing /opt/airflow/dags/ggsheet1.py took 0.619 seconds
[2024-08-04T13:30:23.457+0000] {processor.py:161} INFO - Started process (PID=3233) to work on /opt/airflow/dags/ggsheet1.py
[2024-08-04T13:30:23.458+0000] {processor.py:830} INFO - Processing file /opt/airflow/dags/ggsheet1.py for tasks to queue
[2024-08-04T13:30:23.461+0000] {logging_mixin.py:188} INFO - [2024-08-04T13:30:23.461+0000] {dagbag.py:545} INFO - Filling up the DagBag from /opt/airflow/dags/ggsheet1.py
[2024-08-04T13:30:23.883+0000] {processor.py:840} INFO - DAG(s) 'csv_to_postgres' retrieved from /opt/airflow/dags/ggsheet1.py
[2024-08-04T13:30:23.908+0000] {logging_mixin.py:188} INFO - [2024-08-04T13:30:23.908+0000] {dag.py:3089} INFO - Sync 1 DAGs
[2024-08-04T13:30:23.936+0000] {logging_mixin.py:188} INFO - [2024-08-04T13:30:23.936+0000] {dag.py:3947} INFO - Setting next_dagrun for csv_to_postgres to 2024-08-04 00:00:00+00:00, run_after=2024-08-05 00:00:00+00:00
[2024-08-04T13:30:23.963+0000] {processor.py:183} INFO - Processing /opt/airflow/dags/ggsheet1.py took 0.515 seconds
[2024-08-04T13:30:54.232+0000] {processor.py:161} INFO - Started process (PID=3294) to work on /opt/airflow/dags/ggsheet1.py
[2024-08-04T13:30:54.233+0000] {processor.py:830} INFO - Processing file /opt/airflow/dags/ggsheet1.py for tasks to queue
[2024-08-04T13:30:54.237+0000] {logging_mixin.py:188} INFO - [2024-08-04T13:30:54.236+0000] {dagbag.py:545} INFO - Filling up the DagBag from /opt/airflow/dags/ggsheet1.py
[2024-08-04T13:30:54.677+0000] {processor.py:840} INFO - DAG(s) 'csv_to_postgres' retrieved from /opt/airflow/dags/ggsheet1.py
[2024-08-04T13:30:54.692+0000] {logging_mixin.py:188} INFO - [2024-08-04T13:30:54.692+0000] {dag.py:3089} INFO - Sync 1 DAGs
[2024-08-04T13:30:54.735+0000] {logging_mixin.py:188} INFO - [2024-08-04T13:30:54.734+0000] {dag.py:3947} INFO - Setting next_dagrun for csv_to_postgres to 2024-08-04 00:00:00+00:00, run_after=2024-08-05 00:00:00+00:00
[2024-08-04T13:30:54.759+0000] {processor.py:183} INFO - Processing /opt/airflow/dags/ggsheet1.py took 0.534 seconds
[2024-08-04T13:31:24.856+0000] {processor.py:161} INFO - Started process (PID=3358) to work on /opt/airflow/dags/ggsheet1.py
[2024-08-04T13:31:24.857+0000] {processor.py:830} INFO - Processing file /opt/airflow/dags/ggsheet1.py for tasks to queue
[2024-08-04T13:31:24.860+0000] {logging_mixin.py:188} INFO - [2024-08-04T13:31:24.859+0000] {dagbag.py:545} INFO - Filling up the DagBag from /opt/airflow/dags/ggsheet1.py
[2024-08-04T13:31:25.230+0000] {processor.py:840} INFO - DAG(s) 'csv_to_postgres' retrieved from /opt/airflow/dags/ggsheet1.py
[2024-08-04T13:31:25.333+0000] {logging_mixin.py:188} INFO - [2024-08-04T13:31:25.332+0000] {dag.py:3089} INFO - Sync 1 DAGs
[2024-08-04T13:31:25.354+0000] {logging_mixin.py:188} INFO - [2024-08-04T13:31:25.354+0000] {dag.py:3947} INFO - Setting next_dagrun for csv_to_postgres to 2024-08-04 00:00:00+00:00, run_after=2024-08-05 00:00:00+00:00
[2024-08-04T13:31:25.381+0000] {processor.py:183} INFO - Processing /opt/airflow/dags/ggsheet1.py took 0.532 seconds
[2024-08-04T13:31:55.933+0000] {processor.py:161} INFO - Started process (PID=3423) to work on /opt/airflow/dags/ggsheet1.py
[2024-08-04T13:31:55.938+0000] {processor.py:830} INFO - Processing file /opt/airflow/dags/ggsheet1.py for tasks to queue
[2024-08-04T13:31:55.942+0000] {logging_mixin.py:188} INFO - [2024-08-04T13:31:55.942+0000] {dagbag.py:545} INFO - Filling up the DagBag from /opt/airflow/dags/ggsheet1.py
[2024-08-04T13:31:56.331+0000] {processor.py:840} INFO - DAG(s) 'csv_to_postgres' retrieved from /opt/airflow/dags/ggsheet1.py
[2024-08-04T13:31:56.355+0000] {logging_mixin.py:188} INFO - [2024-08-04T13:31:56.355+0000] {dag.py:3089} INFO - Sync 1 DAGs
[2024-08-04T13:31:56.386+0000] {logging_mixin.py:188} INFO - [2024-08-04T13:31:56.386+0000] {dag.py:3947} INFO - Setting next_dagrun for csv_to_postgres to 2024-08-04 00:00:00+00:00, run_after=2024-08-05 00:00:00+00:00
[2024-08-04T13:31:56.412+0000] {processor.py:183} INFO - Processing /opt/airflow/dags/ggsheet1.py took 0.490 seconds
[2024-08-04T13:32:26.995+0000] {processor.py:161} INFO - Started process (PID=3489) to work on /opt/airflow/dags/ggsheet1.py
[2024-08-04T13:32:26.999+0000] {processor.py:830} INFO - Processing file /opt/airflow/dags/ggsheet1.py for tasks to queue
[2024-08-04T13:32:27.005+0000] {logging_mixin.py:188} INFO - [2024-08-04T13:32:27.004+0000] {dagbag.py:545} INFO - Filling up the DagBag from /opt/airflow/dags/ggsheet1.py
[2024-08-04T13:32:27.471+0000] {processor.py:840} INFO - DAG(s) 'csv_to_postgres' retrieved from /opt/airflow/dags/ggsheet1.py
[2024-08-04T13:32:27.492+0000] {logging_mixin.py:188} INFO - [2024-08-04T13:32:27.492+0000] {dag.py:3089} INFO - Sync 1 DAGs
[2024-08-04T13:32:27.519+0000] {logging_mixin.py:188} INFO - [2024-08-04T13:32:27.519+0000] {dag.py:3947} INFO - Setting next_dagrun for csv_to_postgres to 2024-08-04 00:00:00+00:00, run_after=2024-08-05 00:00:00+00:00
[2024-08-04T13:32:27.553+0000] {processor.py:183} INFO - Processing /opt/airflow/dags/ggsheet1.py took 0.580 seconds
[2024-08-04T13:32:58.519+0000] {processor.py:161} INFO - Started process (PID=3553) to work on /opt/airflow/dags/ggsheet1.py
[2024-08-04T13:32:58.521+0000] {processor.py:830} INFO - Processing file /opt/airflow/dags/ggsheet1.py for tasks to queue
[2024-08-04T13:32:58.526+0000] {logging_mixin.py:188} INFO - [2024-08-04T13:32:58.526+0000] {dagbag.py:545} INFO - Filling up the DagBag from /opt/airflow/dags/ggsheet1.py
[2024-08-04T13:32:59.023+0000] {processor.py:840} INFO - DAG(s) 'csv_to_postgres' retrieved from /opt/airflow/dags/ggsheet1.py
[2024-08-04T13:32:59.135+0000] {logging_mixin.py:188} INFO - [2024-08-04T13:32:59.134+0000] {dag.py:3089} INFO - Sync 1 DAGs
[2024-08-04T13:32:59.155+0000] {logging_mixin.py:188} INFO - [2024-08-04T13:32:59.155+0000] {dag.py:3947} INFO - Setting next_dagrun for csv_to_postgres to 2024-08-04 00:00:00+00:00, run_after=2024-08-05 00:00:00+00:00
[2024-08-04T13:32:59.178+0000] {processor.py:183} INFO - Processing /opt/airflow/dags/ggsheet1.py took 0.671 seconds
[2024-08-04T13:33:29.464+0000] {processor.py:161} INFO - Started process (PID=3620) to work on /opt/airflow/dags/ggsheet1.py
[2024-08-04T13:33:29.466+0000] {processor.py:830} INFO - Processing file /opt/airflow/dags/ggsheet1.py for tasks to queue
[2024-08-04T13:33:29.469+0000] {logging_mixin.py:188} INFO - [2024-08-04T13:33:29.469+0000] {dagbag.py:545} INFO - Filling up the DagBag from /opt/airflow/dags/ggsheet1.py
[2024-08-04T13:33:29.848+0000] {processor.py:840} INFO - DAG(s) 'csv_to_postgres' retrieved from /opt/airflow/dags/ggsheet1.py
[2024-08-04T13:33:29.867+0000] {logging_mixin.py:188} INFO - [2024-08-04T13:33:29.867+0000] {dag.py:3089} INFO - Sync 1 DAGs
[2024-08-04T13:33:29.891+0000] {logging_mixin.py:188} INFO - [2024-08-04T13:33:29.890+0000] {dag.py:3947} INFO - Setting next_dagrun for csv_to_postgres to 2024-08-04 00:00:00+00:00, run_after=2024-08-05 00:00:00+00:00
[2024-08-04T13:33:29.913+0000] {processor.py:183} INFO - Processing /opt/airflow/dags/ggsheet1.py took 0.456 seconds
[2024-08-04T13:34:00.094+0000] {processor.py:161} INFO - Started process (PID=3686) to work on /opt/airflow/dags/ggsheet1.py
[2024-08-04T13:34:00.096+0000] {processor.py:830} INFO - Processing file /opt/airflow/dags/ggsheet1.py for tasks to queue
[2024-08-04T13:34:00.099+0000] {logging_mixin.py:188} INFO - [2024-08-04T13:34:00.099+0000] {dagbag.py:545} INFO - Filling up the DagBag from /opt/airflow/dags/ggsheet1.py
[2024-08-04T13:34:00.496+0000] {processor.py:840} INFO - DAG(s) 'csv_to_postgres' retrieved from /opt/airflow/dags/ggsheet1.py
[2024-08-04T13:34:00.510+0000] {logging_mixin.py:188} INFO - [2024-08-04T13:34:00.509+0000] {dag.py:3089} INFO - Sync 1 DAGs
[2024-08-04T13:34:00.537+0000] {logging_mixin.py:188} INFO - [2024-08-04T13:34:00.537+0000] {dag.py:3947} INFO - Setting next_dagrun for csv_to_postgres to 2024-08-04 00:00:00+00:00, run_after=2024-08-05 00:00:00+00:00
[2024-08-04T13:34:00.567+0000] {processor.py:183} INFO - Processing /opt/airflow/dags/ggsheet1.py took 0.480 seconds
[2024-08-04T13:34:31.419+0000] {processor.py:161} INFO - Started process (PID=3750) to work on /opt/airflow/dags/ggsheet1.py
[2024-08-04T13:34:31.421+0000] {processor.py:830} INFO - Processing file /opt/airflow/dags/ggsheet1.py for tasks to queue
[2024-08-04T13:34:31.425+0000] {logging_mixin.py:188} INFO - [2024-08-04T13:34:31.424+0000] {dagbag.py:545} INFO - Filling up the DagBag from /opt/airflow/dags/ggsheet1.py
[2024-08-04T13:34:31.840+0000] {processor.py:840} INFO - DAG(s) 'csv_to_postgres' retrieved from /opt/airflow/dags/ggsheet1.py
[2024-08-04T13:34:31.937+0000] {logging_mixin.py:188} INFO - [2024-08-04T13:34:31.936+0000] {dag.py:3089} INFO - Sync 1 DAGs
[2024-08-04T13:34:31.958+0000] {logging_mixin.py:188} INFO - [2024-08-04T13:34:31.957+0000] {dag.py:3947} INFO - Setting next_dagrun for csv_to_postgres to 2024-08-04 00:00:00+00:00, run_after=2024-08-05 00:00:00+00:00
[2024-08-04T13:34:31.979+0000] {processor.py:183} INFO - Processing /opt/airflow/dags/ggsheet1.py took 0.569 seconds
[2024-08-04T13:35:02.220+0000] {processor.py:161} INFO - Started process (PID=3817) to work on /opt/airflow/dags/ggsheet1.py
[2024-08-04T13:35:02.222+0000] {processor.py:830} INFO - Processing file /opt/airflow/dags/ggsheet1.py for tasks to queue
[2024-08-04T13:35:02.225+0000] {logging_mixin.py:188} INFO - [2024-08-04T13:35:02.225+0000] {dagbag.py:545} INFO - Filling up the DagBag from /opt/airflow/dags/ggsheet1.py
[2024-08-04T13:35:02.659+0000] {processor.py:840} INFO - DAG(s) 'csv_to_postgres' retrieved from /opt/airflow/dags/ggsheet1.py
[2024-08-04T13:35:02.682+0000] {logging_mixin.py:188} INFO - [2024-08-04T13:35:02.681+0000] {dag.py:3089} INFO - Sync 1 DAGs
[2024-08-04T13:35:02.711+0000] {logging_mixin.py:188} INFO - [2024-08-04T13:35:02.710+0000] {dag.py:3947} INFO - Setting next_dagrun for csv_to_postgres to 2024-08-04 00:00:00+00:00, run_after=2024-08-05 00:00:00+00:00
[2024-08-04T13:35:02.733+0000] {processor.py:183} INFO - Processing /opt/airflow/dags/ggsheet1.py took 0.521 seconds
