[2024-08-04T12:59:01.971+0000] {processor.py:161} INFO - Started process (PID=44) to work on /opt/airflow/dags/user_processing.py
[2024-08-04T12:59:01.972+0000] {processor.py:830} INFO - Processing file /opt/airflow/dags/user_processing.py for tasks to queue
[2024-08-04T12:59:01.974+0000] {logging_mixin.py:188} INFO - [2024-08-04T12:59:01.974+0000] {dagbag.py:545} INFO - Filling up the DagBag from /opt/airflow/dags/user_processing.py
[2024-08-04T12:59:02.561+0000] {processor.py:840} INFO - DAG(s) 'user_processing' retrieved from /opt/airflow/dags/user_processing.py
[2024-08-04T12:59:02.590+0000] {logging_mixin.py:188} INFO - [2024-08-04T12:59:02.589+0000] {dag.py:3089} INFO - Sync 1 DAGs
[2024-08-04T12:59:02.617+0000] {logging_mixin.py:188} INFO - [2024-08-04T12:59:02.617+0000] {dag.py:3947} INFO - Setting next_dagrun for user_processing to 2024-08-03 00:00:00+00:00, run_after=2024-08-04 00:00:00+00:00
[2024-08-04T12:59:02.638+0000] {processor.py:183} INFO - Processing /opt/airflow/dags/user_processing.py took 0.673 seconds
[2024-08-04T12:59:32.933+0000] {processor.py:161} INFO - Started process (PID=108) to work on /opt/airflow/dags/user_processing.py
[2024-08-04T12:59:32.934+0000] {processor.py:830} INFO - Processing file /opt/airflow/dags/user_processing.py for tasks to queue
[2024-08-04T12:59:32.936+0000] {logging_mixin.py:188} INFO - [2024-08-04T12:59:32.936+0000] {dagbag.py:545} INFO - Filling up the DagBag from /opt/airflow/dags/user_processing.py
[2024-08-04T12:59:33.497+0000] {processor.py:840} INFO - DAG(s) 'user_processing' retrieved from /opt/airflow/dags/user_processing.py
[2024-08-04T12:59:33.520+0000] {logging_mixin.py:188} INFO - [2024-08-04T12:59:33.519+0000] {dag.py:3089} INFO - Sync 1 DAGs
[2024-08-04T12:59:33.544+0000] {logging_mixin.py:188} INFO - [2024-08-04T12:59:33.544+0000] {dag.py:3947} INFO - Setting next_dagrun for user_processing to 2024-08-03 00:00:00+00:00, run_after=2024-08-04 00:00:00+00:00
[2024-08-04T12:59:33.569+0000] {processor.py:183} INFO - Processing /opt/airflow/dags/user_processing.py took 0.644 seconds
[2024-08-04T13:00:04.105+0000] {processor.py:161} INFO - Started process (PID=172) to work on /opt/airflow/dags/user_processing.py
[2024-08-04T13:00:04.113+0000] {processor.py:830} INFO - Processing file /opt/airflow/dags/user_processing.py for tasks to queue
[2024-08-04T13:00:04.116+0000] {logging_mixin.py:188} INFO - [2024-08-04T13:00:04.115+0000] {dagbag.py:545} INFO - Filling up the DagBag from /opt/airflow/dags/user_processing.py
[2024-08-04T13:00:04.644+0000] {processor.py:840} INFO - DAG(s) 'user_processing' retrieved from /opt/airflow/dags/user_processing.py
[2024-08-04T13:00:04.665+0000] {logging_mixin.py:188} INFO - [2024-08-04T13:00:04.664+0000] {dag.py:3089} INFO - Sync 1 DAGs
[2024-08-04T13:00:04.689+0000] {logging_mixin.py:188} INFO - [2024-08-04T13:00:04.689+0000] {dag.py:3947} INFO - Setting next_dagrun for user_processing to 2024-08-03 00:00:00+00:00, run_after=2024-08-04 00:00:00+00:00
[2024-08-04T13:00:04.709+0000] {processor.py:183} INFO - Processing /opt/airflow/dags/user_processing.py took 0.610 seconds
[2024-08-04T13:00:34.955+0000] {processor.py:161} INFO - Started process (PID=236) to work on /opt/airflow/dags/user_processing.py
[2024-08-04T13:00:34.956+0000] {processor.py:830} INFO - Processing file /opt/airflow/dags/user_processing.py for tasks to queue
[2024-08-04T13:00:34.960+0000] {logging_mixin.py:188} INFO - [2024-08-04T13:00:34.960+0000] {dagbag.py:545} INFO - Filling up the DagBag from /opt/airflow/dags/user_processing.py
[2024-08-04T13:00:35.492+0000] {processor.py:840} INFO - DAG(s) 'user_processing' retrieved from /opt/airflow/dags/user_processing.py
[2024-08-04T13:00:35.514+0000] {logging_mixin.py:188} INFO - [2024-08-04T13:00:35.513+0000] {dag.py:3089} INFO - Sync 1 DAGs
[2024-08-04T13:00:35.538+0000] {logging_mixin.py:188} INFO - [2024-08-04T13:00:35.537+0000] {dag.py:3947} INFO - Setting next_dagrun for user_processing to 2024-08-03 00:00:00+00:00, run_after=2024-08-04 00:00:00+00:00
[2024-08-04T13:00:35.557+0000] {processor.py:183} INFO - Processing /opt/airflow/dags/user_processing.py took 0.610 seconds
[2024-08-04T13:01:06.094+0000] {processor.py:161} INFO - Started process (PID=302) to work on /opt/airflow/dags/user_processing.py
[2024-08-04T13:01:06.097+0000] {processor.py:830} INFO - Processing file /opt/airflow/dags/user_processing.py for tasks to queue
[2024-08-04T13:01:06.099+0000] {logging_mixin.py:188} INFO - [2024-08-04T13:01:06.098+0000] {dagbag.py:545} INFO - Filling up the DagBag from /opt/airflow/dags/user_processing.py
[2024-08-04T13:01:06.684+0000] {processor.py:840} INFO - DAG(s) 'user_processing' retrieved from /opt/airflow/dags/user_processing.py
[2024-08-04T13:01:06.701+0000] {logging_mixin.py:188} INFO - [2024-08-04T13:01:06.701+0000] {dag.py:3089} INFO - Sync 1 DAGs
[2024-08-04T13:01:06.724+0000] {logging_mixin.py:188} INFO - [2024-08-04T13:01:06.724+0000] {dag.py:3947} INFO - Setting next_dagrun for user_processing to 2024-08-03 00:00:00+00:00, run_after=2024-08-04 00:00:00+00:00
[2024-08-04T13:01:06.746+0000] {processor.py:183} INFO - Processing /opt/airflow/dags/user_processing.py took 0.659 seconds
[2024-08-04T13:01:36.817+0000] {processor.py:161} INFO - Started process (PID=366) to work on /opt/airflow/dags/user_processing.py
[2024-08-04T13:01:36.819+0000] {processor.py:830} INFO - Processing file /opt/airflow/dags/user_processing.py for tasks to queue
[2024-08-04T13:01:36.823+0000] {logging_mixin.py:188} INFO - [2024-08-04T13:01:36.823+0000] {dagbag.py:545} INFO - Filling up the DagBag from /opt/airflow/dags/user_processing.py
[2024-08-04T13:01:37.402+0000] {processor.py:840} INFO - DAG(s) 'user_processing' retrieved from /opt/airflow/dags/user_processing.py
[2024-08-04T13:01:37.426+0000] {logging_mixin.py:188} INFO - [2024-08-04T13:01:37.426+0000] {dag.py:3089} INFO - Sync 1 DAGs
[2024-08-04T13:01:37.452+0000] {logging_mixin.py:188} INFO - [2024-08-04T13:01:37.451+0000] {dag.py:3947} INFO - Setting next_dagrun for user_processing to 2024-08-03 00:00:00+00:00, run_after=2024-08-04 00:00:00+00:00
[2024-08-04T13:01:37.472+0000] {processor.py:183} INFO - Processing /opt/airflow/dags/user_processing.py took 0.664 seconds
[2024-08-04T13:02:07.843+0000] {processor.py:161} INFO - Started process (PID=429) to work on /opt/airflow/dags/user_processing.py
[2024-08-04T13:02:07.845+0000] {processor.py:830} INFO - Processing file /opt/airflow/dags/user_processing.py for tasks to queue
[2024-08-04T13:02:07.847+0000] {logging_mixin.py:188} INFO - [2024-08-04T13:02:07.847+0000] {dagbag.py:545} INFO - Filling up the DagBag from /opt/airflow/dags/user_processing.py
[2024-08-04T13:02:08.421+0000] {processor.py:840} INFO - DAG(s) 'user_processing' retrieved from /opt/airflow/dags/user_processing.py
[2024-08-04T13:02:08.441+0000] {logging_mixin.py:188} INFO - [2024-08-04T13:02:08.440+0000] {dag.py:3089} INFO - Sync 1 DAGs
[2024-08-04T13:02:08.465+0000] {logging_mixin.py:188} INFO - [2024-08-04T13:02:08.465+0000] {dag.py:3947} INFO - Setting next_dagrun for user_processing to 2024-08-03 00:00:00+00:00, run_after=2024-08-04 00:00:00+00:00
[2024-08-04T13:02:08.488+0000] {processor.py:183} INFO - Processing /opt/airflow/dags/user_processing.py took 0.651 seconds
[2024-08-04T13:02:39.201+0000] {processor.py:161} INFO - Started process (PID=494) to work on /opt/airflow/dags/user_processing.py
[2024-08-04T13:02:39.204+0000] {processor.py:830} INFO - Processing file /opt/airflow/dags/user_processing.py for tasks to queue
[2024-08-04T13:02:39.209+0000] {logging_mixin.py:188} INFO - [2024-08-04T13:02:39.209+0000] {dagbag.py:545} INFO - Filling up the DagBag from /opt/airflow/dags/user_processing.py
[2024-08-04T13:02:39.884+0000] {processor.py:840} INFO - DAG(s) 'user_processing' retrieved from /opt/airflow/dags/user_processing.py
[2024-08-04T13:02:39.906+0000] {logging_mixin.py:188} INFO - [2024-08-04T13:02:39.905+0000] {dag.py:3089} INFO - Sync 1 DAGs
[2024-08-04T13:02:39.928+0000] {logging_mixin.py:188} INFO - [2024-08-04T13:02:39.928+0000] {dag.py:3947} INFO - Setting next_dagrun for user_processing to 2024-08-03 00:00:00+00:00, run_after=2024-08-04 00:00:00+00:00
[2024-08-04T13:02:39.950+0000] {processor.py:183} INFO - Processing /opt/airflow/dags/user_processing.py took 0.761 seconds
[2024-08-04T13:04:54.202+0000] {processor.py:161} INFO - Started process (PID=45) to work on /opt/airflow/dags/user_processing.py
[2024-08-04T13:04:54.205+0000] {processor.py:830} INFO - Processing file /opt/airflow/dags/user_processing.py for tasks to queue
[2024-08-04T13:04:54.208+0000] {logging_mixin.py:188} INFO - [2024-08-04T13:04:54.207+0000] {dagbag.py:545} INFO - Filling up the DagBag from /opt/airflow/dags/user_processing.py
[2024-08-04T13:04:55.626+0000] {processor.py:840} INFO - DAG(s) 'user_processing' retrieved from /opt/airflow/dags/user_processing.py
[2024-08-04T13:04:55.840+0000] {logging_mixin.py:188} INFO - [2024-08-04T13:04:55.839+0000] {dag.py:3089} INFO - Sync 1 DAGs
[2024-08-04T13:04:55.860+0000] {logging_mixin.py:188} INFO - [2024-08-04T13:04:55.859+0000] {dag.py:3947} INFO - Setting next_dagrun for user_processing to 2024-08-03 00:00:00+00:00, run_after=2024-08-04 00:00:00+00:00
[2024-08-04T13:04:55.885+0000] {processor.py:183} INFO - Processing /opt/airflow/dags/user_processing.py took 1.688 seconds
[2024-08-04T13:05:26.504+0000] {processor.py:161} INFO - Started process (PID=110) to work on /opt/airflow/dags/user_processing.py
[2024-08-04T13:05:26.506+0000] {processor.py:830} INFO - Processing file /opt/airflow/dags/user_processing.py for tasks to queue
[2024-08-04T13:05:26.510+0000] {logging_mixin.py:188} INFO - [2024-08-04T13:05:26.509+0000] {dagbag.py:545} INFO - Filling up the DagBag from /opt/airflow/dags/user_processing.py
[2024-08-04T13:05:27.059+0000] {processor.py:840} INFO - DAG(s) 'user_processing' retrieved from /opt/airflow/dags/user_processing.py
[2024-08-04T13:05:27.087+0000] {logging_mixin.py:188} INFO - [2024-08-04T13:05:27.086+0000] {dag.py:3089} INFO - Sync 1 DAGs
[2024-08-04T13:05:27.121+0000] {logging_mixin.py:188} INFO - [2024-08-04T13:05:27.120+0000] {dag.py:3947} INFO - Setting next_dagrun for user_processing to 2024-08-03 00:00:00+00:00, run_after=2024-08-04 00:00:00+00:00
[2024-08-04T13:05:27.159+0000] {processor.py:183} INFO - Processing /opt/airflow/dags/user_processing.py took 0.664 seconds
[2024-08-04T13:05:57.786+0000] {processor.py:161} INFO - Started process (PID=174) to work on /opt/airflow/dags/user_processing.py
[2024-08-04T13:05:57.798+0000] {processor.py:830} INFO - Processing file /opt/airflow/dags/user_processing.py for tasks to queue
[2024-08-04T13:05:57.804+0000] {logging_mixin.py:188} INFO - [2024-08-04T13:05:57.804+0000] {dagbag.py:545} INFO - Filling up the DagBag from /opt/airflow/dags/user_processing.py
[2024-08-04T13:05:58.407+0000] {processor.py:840} INFO - DAG(s) 'user_processing' retrieved from /opt/airflow/dags/user_processing.py
[2024-08-04T13:05:58.431+0000] {logging_mixin.py:188} INFO - [2024-08-04T13:05:58.431+0000] {dag.py:3089} INFO - Sync 1 DAGs
[2024-08-04T13:05:58.457+0000] {logging_mixin.py:188} INFO - [2024-08-04T13:05:58.457+0000] {dag.py:3947} INFO - Setting next_dagrun for user_processing to 2024-08-03 00:00:00+00:00, run_after=2024-08-04 00:00:00+00:00
[2024-08-04T13:05:58.487+0000] {processor.py:183} INFO - Processing /opt/airflow/dags/user_processing.py took 0.707 seconds
[2024-08-04T13:06:28.992+0000] {processor.py:161} INFO - Started process (PID=242) to work on /opt/airflow/dags/user_processing.py
[2024-08-04T13:06:28.994+0000] {processor.py:830} INFO - Processing file /opt/airflow/dags/user_processing.py for tasks to queue
[2024-08-04T13:06:28.997+0000] {logging_mixin.py:188} INFO - [2024-08-04T13:06:28.996+0000] {dagbag.py:545} INFO - Filling up the DagBag from /opt/airflow/dags/user_processing.py
[2024-08-04T13:06:29.543+0000] {processor.py:840} INFO - DAG(s) 'user_processing' retrieved from /opt/airflow/dags/user_processing.py
[2024-08-04T13:06:29.567+0000] {logging_mixin.py:188} INFO - [2024-08-04T13:06:29.566+0000] {dag.py:3089} INFO - Sync 1 DAGs
[2024-08-04T13:06:29.588+0000] {logging_mixin.py:188} INFO - [2024-08-04T13:06:29.588+0000] {dag.py:3947} INFO - Setting next_dagrun for user_processing to 2024-08-03 00:00:00+00:00, run_after=2024-08-04 00:00:00+00:00
[2024-08-04T13:06:29.619+0000] {processor.py:183} INFO - Processing /opt/airflow/dags/user_processing.py took 0.636 seconds
[2024-08-04T13:07:00.310+0000] {processor.py:161} INFO - Started process (PID=306) to work on /opt/airflow/dags/user_processing.py
[2024-08-04T13:07:00.312+0000] {processor.py:830} INFO - Processing file /opt/airflow/dags/user_processing.py for tasks to queue
[2024-08-04T13:07:00.315+0000] {logging_mixin.py:188} INFO - [2024-08-04T13:07:00.314+0000] {dagbag.py:545} INFO - Filling up the DagBag from /opt/airflow/dags/user_processing.py
[2024-08-04T13:07:00.881+0000] {processor.py:840} INFO - DAG(s) 'user_processing' retrieved from /opt/airflow/dags/user_processing.py
[2024-08-04T13:07:00.903+0000] {logging_mixin.py:188} INFO - [2024-08-04T13:07:00.903+0000] {dag.py:3089} INFO - Sync 1 DAGs
[2024-08-04T13:07:00.925+0000] {logging_mixin.py:188} INFO - [2024-08-04T13:07:00.925+0000] {dag.py:3947} INFO - Setting next_dagrun for user_processing to 2024-08-03 00:00:00+00:00, run_after=2024-08-04 00:00:00+00:00
[2024-08-04T13:07:00.946+0000] {processor.py:183} INFO - Processing /opt/airflow/dags/user_processing.py took 0.644 seconds
[2024-08-04T13:07:31.190+0000] {processor.py:161} INFO - Started process (PID=370) to work on /opt/airflow/dags/user_processing.py
[2024-08-04T13:07:31.192+0000] {processor.py:830} INFO - Processing file /opt/airflow/dags/user_processing.py for tasks to queue
[2024-08-04T13:07:31.196+0000] {logging_mixin.py:188} INFO - [2024-08-04T13:07:31.195+0000] {dagbag.py:545} INFO - Filling up the DagBag from /opt/airflow/dags/user_processing.py
[2024-08-04T13:07:31.803+0000] {processor.py:840} INFO - DAG(s) 'user_processing' retrieved from /opt/airflow/dags/user_processing.py
[2024-08-04T13:07:31.822+0000] {logging_mixin.py:188} INFO - [2024-08-04T13:07:31.822+0000] {dag.py:3089} INFO - Sync 1 DAGs
[2024-08-04T13:07:31.844+0000] {logging_mixin.py:188} INFO - [2024-08-04T13:07:31.844+0000] {dag.py:3947} INFO - Setting next_dagrun for user_processing to 2024-08-03 00:00:00+00:00, run_after=2024-08-04 00:00:00+00:00
[2024-08-04T13:07:31.864+0000] {processor.py:183} INFO - Processing /opt/airflow/dags/user_processing.py took 0.683 seconds
[2024-08-04T13:08:02.010+0000] {processor.py:161} INFO - Started process (PID=434) to work on /opt/airflow/dags/user_processing.py
[2024-08-04T13:08:02.012+0000] {processor.py:830} INFO - Processing file /opt/airflow/dags/user_processing.py for tasks to queue
[2024-08-04T13:08:02.015+0000] {logging_mixin.py:188} INFO - [2024-08-04T13:08:02.015+0000] {dagbag.py:545} INFO - Filling up the DagBag from /opt/airflow/dags/user_processing.py
[2024-08-04T13:08:02.631+0000] {processor.py:840} INFO - DAG(s) 'user_processing' retrieved from /opt/airflow/dags/user_processing.py
[2024-08-04T13:08:02.653+0000] {logging_mixin.py:188} INFO - [2024-08-04T13:08:02.652+0000] {dag.py:3089} INFO - Sync 1 DAGs
[2024-08-04T13:08:02.680+0000] {logging_mixin.py:188} INFO - [2024-08-04T13:08:02.679+0000] {dag.py:3947} INFO - Setting next_dagrun for user_processing to 2024-08-03 00:00:00+00:00, run_after=2024-08-04 00:00:00+00:00
[2024-08-04T13:08:02.706+0000] {processor.py:183} INFO - Processing /opt/airflow/dags/user_processing.py took 0.706 seconds
[2024-08-04T13:08:33.049+0000] {processor.py:161} INFO - Started process (PID=498) to work on /opt/airflow/dags/user_processing.py
[2024-08-04T13:08:33.051+0000] {processor.py:830} INFO - Processing file /opt/airflow/dags/user_processing.py for tasks to queue
[2024-08-04T13:08:33.054+0000] {logging_mixin.py:188} INFO - [2024-08-04T13:08:33.053+0000] {dagbag.py:545} INFO - Filling up the DagBag from /opt/airflow/dags/user_processing.py
[2024-08-04T13:08:33.612+0000] {processor.py:840} INFO - DAG(s) 'user_processing' retrieved from /opt/airflow/dags/user_processing.py
[2024-08-04T13:08:33.634+0000] {logging_mixin.py:188} INFO - [2024-08-04T13:08:33.633+0000] {dag.py:3089} INFO - Sync 1 DAGs
[2024-08-04T13:08:33.655+0000] {logging_mixin.py:188} INFO - [2024-08-04T13:08:33.655+0000] {dag.py:3947} INFO - Setting next_dagrun for user_processing to 2024-08-03 00:00:00+00:00, run_after=2024-08-04 00:00:00+00:00
[2024-08-04T13:08:33.678+0000] {processor.py:183} INFO - Processing /opt/airflow/dags/user_processing.py took 0.639 seconds
[2024-08-04T13:09:03.937+0000] {processor.py:161} INFO - Started process (PID=562) to work on /opt/airflow/dags/user_processing.py
[2024-08-04T13:09:03.939+0000] {processor.py:830} INFO - Processing file /opt/airflow/dags/user_processing.py for tasks to queue
[2024-08-04T13:09:03.942+0000] {logging_mixin.py:188} INFO - [2024-08-04T13:09:03.941+0000] {dagbag.py:545} INFO - Filling up the DagBag from /opt/airflow/dags/user_processing.py
[2024-08-04T13:09:04.831+0000] {processor.py:840} INFO - DAG(s) 'user_processing' retrieved from /opt/airflow/dags/user_processing.py
[2024-08-04T13:09:04.855+0000] {logging_mixin.py:188} INFO - [2024-08-04T13:09:04.854+0000] {dag.py:3089} INFO - Sync 1 DAGs
[2024-08-04T13:09:04.876+0000] {logging_mixin.py:188} INFO - [2024-08-04T13:09:04.876+0000] {dag.py:3947} INFO - Setting next_dagrun for user_processing to 2024-08-03 00:00:00+00:00, run_after=2024-08-04 00:00:00+00:00
[2024-08-04T13:09:05.051+0000] {processor.py:183} INFO - Processing /opt/airflow/dags/user_processing.py took 1.123 seconds
[2024-08-04T13:09:35.125+0000] {processor.py:161} INFO - Started process (PID=625) to work on /opt/airflow/dags/user_processing.py
[2024-08-04T13:09:35.127+0000] {processor.py:830} INFO - Processing file /opt/airflow/dags/user_processing.py for tasks to queue
[2024-08-04T13:09:35.129+0000] {logging_mixin.py:188} INFO - [2024-08-04T13:09:35.129+0000] {dagbag.py:545} INFO - Filling up the DagBag from /opt/airflow/dags/user_processing.py
[2024-08-04T13:09:35.799+0000] {processor.py:840} INFO - DAG(s) 'user_processing' retrieved from /opt/airflow/dags/user_processing.py
[2024-08-04T13:09:35.822+0000] {logging_mixin.py:188} INFO - [2024-08-04T13:09:35.822+0000] {dag.py:3089} INFO - Sync 1 DAGs
[2024-08-04T13:09:35.843+0000] {logging_mixin.py:188} INFO - [2024-08-04T13:09:35.843+0000] {dag.py:3947} INFO - Setting next_dagrun for user_processing to 2024-08-03 00:00:00+00:00, run_after=2024-08-04 00:00:00+00:00
[2024-08-04T13:09:35.865+0000] {processor.py:183} INFO - Processing /opt/airflow/dags/user_processing.py took 0.748 seconds
[2024-08-04T13:10:06.417+0000] {processor.py:161} INFO - Started process (PID=694) to work on /opt/airflow/dags/user_processing.py
[2024-08-04T13:10:06.420+0000] {processor.py:830} INFO - Processing file /opt/airflow/dags/user_processing.py for tasks to queue
[2024-08-04T13:10:06.422+0000] {logging_mixin.py:188} INFO - [2024-08-04T13:10:06.422+0000] {dagbag.py:545} INFO - Filling up the DagBag from /opt/airflow/dags/user_processing.py
[2024-08-04T13:10:07.032+0000] {processor.py:840} INFO - DAG(s) 'user_processing' retrieved from /opt/airflow/dags/user_processing.py
[2024-08-04T13:10:07.059+0000] {logging_mixin.py:188} INFO - [2024-08-04T13:10:07.058+0000] {dag.py:3089} INFO - Sync 1 DAGs
[2024-08-04T13:10:07.085+0000] {logging_mixin.py:188} INFO - [2024-08-04T13:10:07.085+0000] {dag.py:3947} INFO - Setting next_dagrun for user_processing to 2024-08-03 00:00:00+00:00, run_after=2024-08-04 00:00:00+00:00
[2024-08-04T13:10:07.113+0000] {processor.py:183} INFO - Processing /opt/airflow/dags/user_processing.py took 0.702 seconds
[2024-08-04T13:10:37.898+0000] {processor.py:161} INFO - Started process (PID=760) to work on /opt/airflow/dags/user_processing.py
[2024-08-04T13:10:37.899+0000] {processor.py:830} INFO - Processing file /opt/airflow/dags/user_processing.py for tasks to queue
[2024-08-04T13:10:37.902+0000] {logging_mixin.py:188} INFO - [2024-08-04T13:10:37.901+0000] {dagbag.py:545} INFO - Filling up the DagBag from /opt/airflow/dags/user_processing.py
[2024-08-04T13:10:38.444+0000] {processor.py:840} INFO - DAG(s) 'user_processing' retrieved from /opt/airflow/dags/user_processing.py
[2024-08-04T13:10:38.466+0000] {logging_mixin.py:188} INFO - [2024-08-04T13:10:38.465+0000] {dag.py:3089} INFO - Sync 1 DAGs
[2024-08-04T13:10:38.488+0000] {logging_mixin.py:188} INFO - [2024-08-04T13:10:38.488+0000] {dag.py:3947} INFO - Setting next_dagrun for user_processing to 2024-08-03 00:00:00+00:00, run_after=2024-08-04 00:00:00+00:00
[2024-08-04T13:10:38.520+0000] {processor.py:183} INFO - Processing /opt/airflow/dags/user_processing.py took 0.628 seconds
[2024-08-04T13:11:09.446+0000] {processor.py:161} INFO - Started process (PID=824) to work on /opt/airflow/dags/user_processing.py
[2024-08-04T13:11:09.447+0000] {processor.py:830} INFO - Processing file /opt/airflow/dags/user_processing.py for tasks to queue
[2024-08-04T13:11:09.451+0000] {logging_mixin.py:188} INFO - [2024-08-04T13:11:09.450+0000] {dagbag.py:545} INFO - Filling up the DagBag from /opt/airflow/dags/user_processing.py
[2024-08-04T13:11:10.057+0000] {processor.py:840} INFO - DAG(s) 'user_processing' retrieved from /opt/airflow/dags/user_processing.py
[2024-08-04T13:11:10.079+0000] {logging_mixin.py:188} INFO - [2024-08-04T13:11:10.078+0000] {dag.py:3089} INFO - Sync 1 DAGs
[2024-08-04T13:11:10.102+0000] {logging_mixin.py:188} INFO - [2024-08-04T13:11:10.101+0000] {dag.py:3947} INFO - Setting next_dagrun for user_processing to 2024-08-03 00:00:00+00:00, run_after=2024-08-04 00:00:00+00:00
[2024-08-04T13:11:10.129+0000] {processor.py:183} INFO - Processing /opt/airflow/dags/user_processing.py took 0.690 seconds
[2024-08-04T13:11:40.289+0000] {processor.py:161} INFO - Started process (PID=888) to work on /opt/airflow/dags/user_processing.py
[2024-08-04T13:11:40.290+0000] {processor.py:830} INFO - Processing file /opt/airflow/dags/user_processing.py for tasks to queue
[2024-08-04T13:11:40.292+0000] {logging_mixin.py:188} INFO - [2024-08-04T13:11:40.292+0000] {dagbag.py:545} INFO - Filling up the DagBag from /opt/airflow/dags/user_processing.py
[2024-08-04T13:11:40.798+0000] {processor.py:840} INFO - DAG(s) 'user_processing' retrieved from /opt/airflow/dags/user_processing.py
[2024-08-04T13:11:40.819+0000] {logging_mixin.py:188} INFO - [2024-08-04T13:11:40.818+0000] {dag.py:3089} INFO - Sync 1 DAGs
[2024-08-04T13:11:40.840+0000] {logging_mixin.py:188} INFO - [2024-08-04T13:11:40.839+0000] {dag.py:3947} INFO - Setting next_dagrun for user_processing to 2024-08-03 00:00:00+00:00, run_after=2024-08-04 00:00:00+00:00
[2024-08-04T13:11:40.859+0000] {processor.py:183} INFO - Processing /opt/airflow/dags/user_processing.py took 0.576 seconds
[2024-08-04T13:12:11.698+0000] {processor.py:161} INFO - Started process (PID=952) to work on /opt/airflow/dags/user_processing.py
[2024-08-04T13:12:11.700+0000] {processor.py:830} INFO - Processing file /opt/airflow/dags/user_processing.py for tasks to queue
[2024-08-04T13:12:11.703+0000] {logging_mixin.py:188} INFO - [2024-08-04T13:12:11.703+0000] {dagbag.py:545} INFO - Filling up the DagBag from /opt/airflow/dags/user_processing.py
[2024-08-04T13:12:12.287+0000] {processor.py:840} INFO - DAG(s) 'user_processing' retrieved from /opt/airflow/dags/user_processing.py
[2024-08-04T13:12:12.311+0000] {logging_mixin.py:188} INFO - [2024-08-04T13:12:12.310+0000] {dag.py:3089} INFO - Sync 1 DAGs
[2024-08-04T13:12:12.335+0000] {logging_mixin.py:188} INFO - [2024-08-04T13:12:12.335+0000] {dag.py:3947} INFO - Setting next_dagrun for user_processing to 2024-08-03 00:00:00+00:00, run_after=2024-08-04 00:00:00+00:00
[2024-08-04T13:12:12.369+0000] {processor.py:183} INFO - Processing /opt/airflow/dags/user_processing.py took 0.681 seconds
[2024-08-04T13:12:43.151+0000] {processor.py:161} INFO - Started process (PID=1016) to work on /opt/airflow/dags/user_processing.py
[2024-08-04T13:12:43.154+0000] {processor.py:830} INFO - Processing file /opt/airflow/dags/user_processing.py for tasks to queue
[2024-08-04T13:12:43.156+0000] {logging_mixin.py:188} INFO - [2024-08-04T13:12:43.156+0000] {dagbag.py:545} INFO - Filling up the DagBag from /opt/airflow/dags/user_processing.py
[2024-08-04T13:12:43.752+0000] {processor.py:840} INFO - DAG(s) 'user_processing' retrieved from /opt/airflow/dags/user_processing.py
[2024-08-04T13:12:43.775+0000] {logging_mixin.py:188} INFO - [2024-08-04T13:12:43.774+0000] {dag.py:3089} INFO - Sync 1 DAGs
[2024-08-04T13:12:43.795+0000] {logging_mixin.py:188} INFO - [2024-08-04T13:12:43.795+0000] {dag.py:3947} INFO - Setting next_dagrun for user_processing to 2024-08-03 00:00:00+00:00, run_after=2024-08-04 00:00:00+00:00
[2024-08-04T13:12:43.819+0000] {processor.py:183} INFO - Processing /opt/airflow/dags/user_processing.py took 0.674 seconds
[2024-08-04T13:13:14.032+0000] {processor.py:161} INFO - Started process (PID=1080) to work on /opt/airflow/dags/user_processing.py
[2024-08-04T13:13:14.034+0000] {processor.py:830} INFO - Processing file /opt/airflow/dags/user_processing.py for tasks to queue
[2024-08-04T13:13:14.037+0000] {logging_mixin.py:188} INFO - [2024-08-04T13:13:14.037+0000] {dagbag.py:545} INFO - Filling up the DagBag from /opt/airflow/dags/user_processing.py
[2024-08-04T13:13:14.677+0000] {processor.py:840} INFO - DAG(s) 'user_processing' retrieved from /opt/airflow/dags/user_processing.py
[2024-08-04T13:13:14.704+0000] {logging_mixin.py:188} INFO - [2024-08-04T13:13:14.702+0000] {dag.py:3089} INFO - Sync 1 DAGs
[2024-08-04T13:13:14.730+0000] {logging_mixin.py:188} INFO - [2024-08-04T13:13:14.730+0000] {dag.py:3947} INFO - Setting next_dagrun for user_processing to 2024-08-03 00:00:00+00:00, run_after=2024-08-04 00:00:00+00:00
[2024-08-04T13:13:14.759+0000] {processor.py:183} INFO - Processing /opt/airflow/dags/user_processing.py took 0.737 seconds
[2024-08-04T13:13:45.515+0000] {processor.py:161} INFO - Started process (PID=1144) to work on /opt/airflow/dags/user_processing.py
[2024-08-04T13:13:45.518+0000] {processor.py:830} INFO - Processing file /opt/airflow/dags/user_processing.py for tasks to queue
[2024-08-04T13:13:45.524+0000] {logging_mixin.py:188} INFO - [2024-08-04T13:13:45.523+0000] {dagbag.py:545} INFO - Filling up the DagBag from /opt/airflow/dags/user_processing.py
[2024-08-04T13:13:46.082+0000] {processor.py:840} INFO - DAG(s) 'user_processing' retrieved from /opt/airflow/dags/user_processing.py
[2024-08-04T13:13:46.100+0000] {logging_mixin.py:188} INFO - [2024-08-04T13:13:46.100+0000] {dag.py:3089} INFO - Sync 1 DAGs
[2024-08-04T13:13:46.124+0000] {logging_mixin.py:188} INFO - [2024-08-04T13:13:46.124+0000] {dag.py:3947} INFO - Setting next_dagrun for user_processing to 2024-08-03 00:00:00+00:00, run_after=2024-08-04 00:00:00+00:00
[2024-08-04T13:13:46.142+0000] {processor.py:183} INFO - Processing /opt/airflow/dags/user_processing.py took 0.633 seconds
[2024-08-04T13:14:16.720+0000] {processor.py:161} INFO - Started process (PID=1208) to work on /opt/airflow/dags/user_processing.py
[2024-08-04T13:14:16.723+0000] {processor.py:830} INFO - Processing file /opt/airflow/dags/user_processing.py for tasks to queue
[2024-08-04T13:14:16.727+0000] {logging_mixin.py:188} INFO - [2024-08-04T13:14:16.726+0000] {dagbag.py:545} INFO - Filling up the DagBag from /opt/airflow/dags/user_processing.py
[2024-08-04T13:14:17.322+0000] {processor.py:840} INFO - DAG(s) 'user_processing' retrieved from /opt/airflow/dags/user_processing.py
[2024-08-04T13:14:17.345+0000] {logging_mixin.py:188} INFO - [2024-08-04T13:14:17.345+0000] {dag.py:3089} INFO - Sync 1 DAGs
[2024-08-04T13:14:17.369+0000] {logging_mixin.py:188} INFO - [2024-08-04T13:14:17.368+0000] {dag.py:3947} INFO - Setting next_dagrun for user_processing to 2024-08-03 00:00:00+00:00, run_after=2024-08-04 00:00:00+00:00
[2024-08-04T13:14:17.392+0000] {processor.py:183} INFO - Processing /opt/airflow/dags/user_processing.py took 0.680 seconds
[2024-08-04T13:14:47.552+0000] {processor.py:161} INFO - Started process (PID=1271) to work on /opt/airflow/dags/user_processing.py
[2024-08-04T13:14:47.554+0000] {processor.py:830} INFO - Processing file /opt/airflow/dags/user_processing.py for tasks to queue
[2024-08-04T13:14:47.559+0000] {logging_mixin.py:188} INFO - [2024-08-04T13:14:47.558+0000] {dagbag.py:545} INFO - Filling up the DagBag from /opt/airflow/dags/user_processing.py
[2024-08-04T13:14:48.185+0000] {processor.py:840} INFO - DAG(s) 'user_processing' retrieved from /opt/airflow/dags/user_processing.py
[2024-08-04T13:14:48.207+0000] {logging_mixin.py:188} INFO - [2024-08-04T13:14:48.207+0000] {dag.py:3089} INFO - Sync 1 DAGs
[2024-08-04T13:14:48.231+0000] {logging_mixin.py:188} INFO - [2024-08-04T13:14:48.231+0000] {dag.py:3947} INFO - Setting next_dagrun for user_processing to 2024-08-03 00:00:00+00:00, run_after=2024-08-04 00:00:00+00:00
[2024-08-04T13:14:48.271+0000] {processor.py:183} INFO - Processing /opt/airflow/dags/user_processing.py took 0.731 seconds
[2024-08-04T13:15:18.759+0000] {processor.py:161} INFO - Started process (PID=1335) to work on /opt/airflow/dags/user_processing.py
[2024-08-04T13:15:18.763+0000] {processor.py:830} INFO - Processing file /opt/airflow/dags/user_processing.py for tasks to queue
[2024-08-04T13:15:18.771+0000] {logging_mixin.py:188} INFO - [2024-08-04T13:15:18.770+0000] {dagbag.py:545} INFO - Filling up the DagBag from /opt/airflow/dags/user_processing.py
[2024-08-04T13:15:19.424+0000] {processor.py:840} INFO - DAG(s) 'user_processing' retrieved from /opt/airflow/dags/user_processing.py
[2024-08-04T13:15:19.447+0000] {logging_mixin.py:188} INFO - [2024-08-04T13:15:19.447+0000] {dag.py:3089} INFO - Sync 1 DAGs
[2024-08-04T13:15:19.470+0000] {logging_mixin.py:188} INFO - [2024-08-04T13:15:19.469+0000] {dag.py:3947} INFO - Setting next_dagrun for user_processing to 2024-08-03 00:00:00+00:00, run_after=2024-08-04 00:00:00+00:00
[2024-08-04T13:15:19.489+0000] {processor.py:183} INFO - Processing /opt/airflow/dags/user_processing.py took 0.740 seconds
[2024-08-04T13:15:50.110+0000] {processor.py:161} INFO - Started process (PID=1399) to work on /opt/airflow/dags/user_processing.py
[2024-08-04T13:15:50.111+0000] {processor.py:830} INFO - Processing file /opt/airflow/dags/user_processing.py for tasks to queue
[2024-08-04T13:15:50.115+0000] {logging_mixin.py:188} INFO - [2024-08-04T13:15:50.114+0000] {dagbag.py:545} INFO - Filling up the DagBag from /opt/airflow/dags/user_processing.py
[2024-08-04T13:15:50.650+0000] {processor.py:840} INFO - DAG(s) 'user_processing' retrieved from /opt/airflow/dags/user_processing.py
[2024-08-04T13:15:50.673+0000] {logging_mixin.py:188} INFO - [2024-08-04T13:15:50.672+0000] {dag.py:3089} INFO - Sync 1 DAGs
[2024-08-04T13:15:50.705+0000] {logging_mixin.py:188} INFO - [2024-08-04T13:15:50.704+0000] {dag.py:3947} INFO - Setting next_dagrun for user_processing to 2024-08-03 00:00:00+00:00, run_after=2024-08-04 00:00:00+00:00
[2024-08-04T13:15:50.733+0000] {processor.py:183} INFO - Processing /opt/airflow/dags/user_processing.py took 0.631 seconds
[2024-08-04T13:16:20.946+0000] {processor.py:161} INFO - Started process (PID=1463) to work on /opt/airflow/dags/user_processing.py
[2024-08-04T13:16:20.947+0000] {processor.py:830} INFO - Processing file /opt/airflow/dags/user_processing.py for tasks to queue
[2024-08-04T13:16:20.950+0000] {logging_mixin.py:188} INFO - [2024-08-04T13:16:20.949+0000] {dagbag.py:545} INFO - Filling up the DagBag from /opt/airflow/dags/user_processing.py
[2024-08-04T13:16:21.534+0000] {processor.py:840} INFO - DAG(s) 'user_processing' retrieved from /opt/airflow/dags/user_processing.py
[2024-08-04T13:16:21.556+0000] {logging_mixin.py:188} INFO - [2024-08-04T13:16:21.555+0000] {dag.py:3089} INFO - Sync 1 DAGs
[2024-08-04T13:16:21.583+0000] {logging_mixin.py:188} INFO - [2024-08-04T13:16:21.583+0000] {dag.py:3947} INFO - Setting next_dagrun for user_processing to 2024-08-03 00:00:00+00:00, run_after=2024-08-04 00:00:00+00:00
[2024-08-04T13:16:21.605+0000] {processor.py:183} INFO - Processing /opt/airflow/dags/user_processing.py took 0.667 seconds
[2024-08-04T13:16:52.382+0000] {processor.py:161} INFO - Started process (PID=1527) to work on /opt/airflow/dags/user_processing.py
[2024-08-04T13:16:52.384+0000] {processor.py:830} INFO - Processing file /opt/airflow/dags/user_processing.py for tasks to queue
[2024-08-04T13:16:52.387+0000] {logging_mixin.py:188} INFO - [2024-08-04T13:16:52.387+0000] {dagbag.py:545} INFO - Filling up the DagBag from /opt/airflow/dags/user_processing.py
[2024-08-04T13:16:52.922+0000] {processor.py:840} INFO - DAG(s) 'user_processing' retrieved from /opt/airflow/dags/user_processing.py
[2024-08-04T13:16:52.947+0000] {logging_mixin.py:188} INFO - [2024-08-04T13:16:52.946+0000] {dag.py:3089} INFO - Sync 1 DAGs
[2024-08-04T13:16:52.976+0000] {logging_mixin.py:188} INFO - [2024-08-04T13:16:52.976+0000] {dag.py:3947} INFO - Setting next_dagrun for user_processing to 2024-08-03 00:00:00+00:00, run_after=2024-08-04 00:00:00+00:00
[2024-08-04T13:16:53.002+0000] {processor.py:183} INFO - Processing /opt/airflow/dags/user_processing.py took 0.630 seconds
[2024-08-04T13:17:23.488+0000] {processor.py:161} INFO - Started process (PID=1592) to work on /opt/airflow/dags/user_processing.py
[2024-08-04T13:17:23.490+0000] {processor.py:830} INFO - Processing file /opt/airflow/dags/user_processing.py for tasks to queue
[2024-08-04T13:17:23.492+0000] {logging_mixin.py:188} INFO - [2024-08-04T13:17:23.491+0000] {dagbag.py:545} INFO - Filling up the DagBag from /opt/airflow/dags/user_processing.py
[2024-08-04T13:17:24.046+0000] {processor.py:840} INFO - DAG(s) 'user_processing' retrieved from /opt/airflow/dags/user_processing.py
[2024-08-04T13:17:24.064+0000] {logging_mixin.py:188} INFO - [2024-08-04T13:17:24.063+0000] {dag.py:3089} INFO - Sync 1 DAGs
[2024-08-04T13:17:24.085+0000] {logging_mixin.py:188} INFO - [2024-08-04T13:17:24.084+0000] {dag.py:3947} INFO - Setting next_dagrun for user_processing to 2024-08-03 00:00:00+00:00, run_after=2024-08-04 00:00:00+00:00
[2024-08-04T13:17:24.105+0000] {processor.py:183} INFO - Processing /opt/airflow/dags/user_processing.py took 0.624 seconds
[2024-08-04T13:17:54.401+0000] {processor.py:161} INFO - Started process (PID=1656) to work on /opt/airflow/dags/user_processing.py
[2024-08-04T13:17:54.403+0000] {processor.py:830} INFO - Processing file /opt/airflow/dags/user_processing.py for tasks to queue
[2024-08-04T13:17:54.406+0000] {logging_mixin.py:188} INFO - [2024-08-04T13:17:54.406+0000] {dagbag.py:545} INFO - Filling up the DagBag from /opt/airflow/dags/user_processing.py
[2024-08-04T13:17:54.998+0000] {processor.py:840} INFO - DAG(s) 'user_processing' retrieved from /opt/airflow/dags/user_processing.py
[2024-08-04T13:17:55.017+0000] {logging_mixin.py:188} INFO - [2024-08-04T13:17:55.017+0000] {dag.py:3089} INFO - Sync 1 DAGs
[2024-08-04T13:17:55.037+0000] {logging_mixin.py:188} INFO - [2024-08-04T13:17:55.037+0000] {dag.py:3947} INFO - Setting next_dagrun for user_processing to 2024-08-03 00:00:00+00:00, run_after=2024-08-04 00:00:00+00:00
[2024-08-04T13:17:55.057+0000] {processor.py:183} INFO - Processing /opt/airflow/dags/user_processing.py took 0.667 seconds
[2024-08-04T13:18:25.288+0000] {processor.py:161} INFO - Started process (PID=1720) to work on /opt/airflow/dags/user_processing.py
[2024-08-04T13:18:25.290+0000] {processor.py:830} INFO - Processing file /opt/airflow/dags/user_processing.py for tasks to queue
[2024-08-04T13:18:25.295+0000] {logging_mixin.py:188} INFO - [2024-08-04T13:18:25.294+0000] {dagbag.py:545} INFO - Filling up the DagBag from /opt/airflow/dags/user_processing.py
[2024-08-04T13:18:25.834+0000] {processor.py:840} INFO - DAG(s) 'user_processing' retrieved from /opt/airflow/dags/user_processing.py
[2024-08-04T13:18:25.849+0000] {logging_mixin.py:188} INFO - [2024-08-04T13:18:25.849+0000] {dag.py:3089} INFO - Sync 1 DAGs
[2024-08-04T13:18:25.873+0000] {logging_mixin.py:188} INFO - [2024-08-04T13:18:25.872+0000] {dag.py:3947} INFO - Setting next_dagrun for user_processing to 2024-08-03 00:00:00+00:00, run_after=2024-08-04 00:00:00+00:00
[2024-08-04T13:18:25.894+0000] {processor.py:183} INFO - Processing /opt/airflow/dags/user_processing.py took 0.617 seconds
[2024-08-04T13:18:56.590+0000] {processor.py:161} INFO - Started process (PID=1784) to work on /opt/airflow/dags/user_processing.py
[2024-08-04T13:18:56.592+0000] {processor.py:830} INFO - Processing file /opt/airflow/dags/user_processing.py for tasks to queue
[2024-08-04T13:18:56.594+0000] {logging_mixin.py:188} INFO - [2024-08-04T13:18:56.594+0000] {dagbag.py:545} INFO - Filling up the DagBag from /opt/airflow/dags/user_processing.py
[2024-08-04T13:18:57.109+0000] {processor.py:840} INFO - DAG(s) 'user_processing' retrieved from /opt/airflow/dags/user_processing.py
[2024-08-04T13:18:57.127+0000] {logging_mixin.py:188} INFO - [2024-08-04T13:18:57.127+0000] {dag.py:3089} INFO - Sync 1 DAGs
[2024-08-04T13:18:57.146+0000] {logging_mixin.py:188} INFO - [2024-08-04T13:18:57.146+0000] {dag.py:3947} INFO - Setting next_dagrun for user_processing to 2024-08-03 00:00:00+00:00, run_after=2024-08-04 00:00:00+00:00
[2024-08-04T13:18:57.165+0000] {processor.py:183} INFO - Processing /opt/airflow/dags/user_processing.py took 0.581 seconds
[2024-08-04T13:19:27.937+0000] {processor.py:161} INFO - Started process (PID=1848) to work on /opt/airflow/dags/user_processing.py
[2024-08-04T13:19:27.939+0000] {processor.py:830} INFO - Processing file /opt/airflow/dags/user_processing.py for tasks to queue
[2024-08-04T13:19:27.948+0000] {logging_mixin.py:188} INFO - [2024-08-04T13:19:27.947+0000] {dagbag.py:545} INFO - Filling up the DagBag from /opt/airflow/dags/user_processing.py
[2024-08-04T13:19:28.477+0000] {processor.py:840} INFO - DAG(s) 'user_processing' retrieved from /opt/airflow/dags/user_processing.py
[2024-08-04T13:19:28.497+0000] {logging_mixin.py:188} INFO - [2024-08-04T13:19:28.497+0000] {dag.py:3089} INFO - Sync 1 DAGs
[2024-08-04T13:19:28.531+0000] {logging_mixin.py:188} INFO - [2024-08-04T13:19:28.531+0000] {dag.py:3947} INFO - Setting next_dagrun for user_processing to 2024-08-03 00:00:00+00:00, run_after=2024-08-04 00:00:00+00:00
[2024-08-04T13:19:28.572+0000] {processor.py:183} INFO - Processing /opt/airflow/dags/user_processing.py took 0.641 seconds
[2024-08-04T13:19:58.854+0000] {processor.py:161} INFO - Started process (PID=1912) to work on /opt/airflow/dags/user_processing.py
[2024-08-04T13:19:58.857+0000] {processor.py:830} INFO - Processing file /opt/airflow/dags/user_processing.py for tasks to queue
[2024-08-04T13:19:58.862+0000] {logging_mixin.py:188} INFO - [2024-08-04T13:19:58.861+0000] {dagbag.py:545} INFO - Filling up the DagBag from /opt/airflow/dags/user_processing.py
[2024-08-04T13:19:59.496+0000] {processor.py:840} INFO - DAG(s) 'user_processing' retrieved from /opt/airflow/dags/user_processing.py
[2024-08-04T13:19:59.520+0000] {logging_mixin.py:188} INFO - [2024-08-04T13:19:59.519+0000] {dag.py:3089} INFO - Sync 1 DAGs
[2024-08-04T13:19:59.543+0000] {logging_mixin.py:188} INFO - [2024-08-04T13:19:59.543+0000] {dag.py:3947} INFO - Setting next_dagrun for user_processing to 2024-08-03 00:00:00+00:00, run_after=2024-08-04 00:00:00+00:00
[2024-08-04T13:19:59.574+0000] {processor.py:183} INFO - Processing /opt/airflow/dags/user_processing.py took 0.730 seconds
[2024-08-04T13:20:29.910+0000] {processor.py:161} INFO - Started process (PID=1976) to work on /opt/airflow/dags/user_processing.py
[2024-08-04T13:20:29.911+0000] {processor.py:830} INFO - Processing file /opt/airflow/dags/user_processing.py for tasks to queue
[2024-08-04T13:20:29.915+0000] {logging_mixin.py:188} INFO - [2024-08-04T13:20:29.914+0000] {dagbag.py:545} INFO - Filling up the DagBag from /opt/airflow/dags/user_processing.py
[2024-08-04T13:20:30.546+0000] {processor.py:840} INFO - DAG(s) 'user_processing' retrieved from /opt/airflow/dags/user_processing.py
[2024-08-04T13:20:30.571+0000] {logging_mixin.py:188} INFO - [2024-08-04T13:20:30.570+0000] {dag.py:3089} INFO - Sync 1 DAGs
[2024-08-04T13:20:30.592+0000] {logging_mixin.py:188} INFO - [2024-08-04T13:20:30.592+0000] {dag.py:3947} INFO - Setting next_dagrun for user_processing to 2024-08-03 00:00:00+00:00, run_after=2024-08-04 00:00:00+00:00
[2024-08-04T13:20:30.630+0000] {processor.py:183} INFO - Processing /opt/airflow/dags/user_processing.py took 0.730 seconds
[2024-08-04T13:21:00.918+0000] {processor.py:161} INFO - Started process (PID=2040) to work on /opt/airflow/dags/user_processing.py
[2024-08-04T13:21:00.920+0000] {processor.py:830} INFO - Processing file /opt/airflow/dags/user_processing.py for tasks to queue
[2024-08-04T13:21:00.924+0000] {logging_mixin.py:188} INFO - [2024-08-04T13:21:00.923+0000] {dagbag.py:545} INFO - Filling up the DagBag from /opt/airflow/dags/user_processing.py
[2024-08-04T13:21:01.502+0000] {processor.py:840} INFO - DAG(s) 'user_processing' retrieved from /opt/airflow/dags/user_processing.py
[2024-08-04T13:21:01.545+0000] {logging_mixin.py:188} INFO - [2024-08-04T13:21:01.545+0000] {dag.py:3089} INFO - Sync 1 DAGs
[2024-08-04T13:21:01.570+0000] {logging_mixin.py:188} INFO - [2024-08-04T13:21:01.570+0000] {dag.py:3947} INFO - Setting next_dagrun for user_processing to 2024-08-03 00:00:00+00:00, run_after=2024-08-04 00:00:00+00:00
[2024-08-04T13:21:01.593+0000] {processor.py:183} INFO - Processing /opt/airflow/dags/user_processing.py took 0.685 seconds
[2024-08-04T13:21:32.163+0000] {processor.py:161} INFO - Started process (PID=2104) to work on /opt/airflow/dags/user_processing.py
[2024-08-04T13:21:32.165+0000] {processor.py:830} INFO - Processing file /opt/airflow/dags/user_processing.py for tasks to queue
[2024-08-04T13:21:32.168+0000] {logging_mixin.py:188} INFO - [2024-08-04T13:21:32.167+0000] {dagbag.py:545} INFO - Filling up the DagBag from /opt/airflow/dags/user_processing.py
[2024-08-04T13:21:32.678+0000] {processor.py:840} INFO - DAG(s) 'user_processing' retrieved from /opt/airflow/dags/user_processing.py
[2024-08-04T13:21:32.710+0000] {logging_mixin.py:188} INFO - [2024-08-04T13:21:32.710+0000] {dag.py:3089} INFO - Sync 1 DAGs
[2024-08-04T13:21:32.746+0000] {logging_mixin.py:188} INFO - [2024-08-04T13:21:32.746+0000] {dag.py:3947} INFO - Setting next_dagrun for user_processing to 2024-08-03 00:00:00+00:00, run_after=2024-08-04 00:00:00+00:00
[2024-08-04T13:21:32.779+0000] {processor.py:183} INFO - Processing /opt/airflow/dags/user_processing.py took 0.625 seconds
[2024-08-04T13:22:02.991+0000] {processor.py:161} INFO - Started process (PID=2168) to work on /opt/airflow/dags/user_processing.py
[2024-08-04T13:22:02.997+0000] {processor.py:830} INFO - Processing file /opt/airflow/dags/user_processing.py for tasks to queue
[2024-08-04T13:22:03.000+0000] {logging_mixin.py:188} INFO - [2024-08-04T13:22:03.000+0000] {dagbag.py:545} INFO - Filling up the DagBag from /opt/airflow/dags/user_processing.py
[2024-08-04T13:22:03.413+0000] {processor.py:840} INFO - DAG(s) 'user_processing' retrieved from /opt/airflow/dags/user_processing.py
[2024-08-04T13:22:03.449+0000] {logging_mixin.py:188} INFO - [2024-08-04T13:22:03.449+0000] {dag.py:3089} INFO - Sync 1 DAGs
[2024-08-04T13:22:03.475+0000] {logging_mixin.py:188} INFO - [2024-08-04T13:22:03.475+0000] {dag.py:3947} INFO - Setting next_dagrun for user_processing to 2024-08-03 00:00:00+00:00, run_after=2024-08-04 00:00:00+00:00
[2024-08-04T13:22:03.505+0000] {processor.py:183} INFO - Processing /opt/airflow/dags/user_processing.py took 0.524 seconds
[2024-08-04T13:22:33.848+0000] {processor.py:161} INFO - Started process (PID=2232) to work on /opt/airflow/dags/user_processing.py
[2024-08-04T13:22:33.849+0000] {processor.py:830} INFO - Processing file /opt/airflow/dags/user_processing.py for tasks to queue
[2024-08-04T13:22:33.852+0000] {logging_mixin.py:188} INFO - [2024-08-04T13:22:33.852+0000] {dagbag.py:545} INFO - Filling up the DagBag from /opt/airflow/dags/user_processing.py
[2024-08-04T13:22:34.403+0000] {processor.py:840} INFO - DAG(s) 'user_processing' retrieved from /opt/airflow/dags/user_processing.py
[2024-08-04T13:22:34.424+0000] {logging_mixin.py:188} INFO - [2024-08-04T13:22:34.423+0000] {dag.py:3089} INFO - Sync 1 DAGs
[2024-08-04T13:22:34.447+0000] {logging_mixin.py:188} INFO - [2024-08-04T13:22:34.447+0000] {dag.py:3947} INFO - Setting next_dagrun for user_processing to 2024-08-03 00:00:00+00:00, run_after=2024-08-04 00:00:00+00:00
[2024-08-04T13:22:34.470+0000] {processor.py:183} INFO - Processing /opt/airflow/dags/user_processing.py took 0.633 seconds
[2024-08-04T13:23:05.103+0000] {processor.py:161} INFO - Started process (PID=2296) to work on /opt/airflow/dags/user_processing.py
[2024-08-04T13:23:05.104+0000] {processor.py:830} INFO - Processing file /opt/airflow/dags/user_processing.py for tasks to queue
[2024-08-04T13:23:05.107+0000] {logging_mixin.py:188} INFO - [2024-08-04T13:23:05.107+0000] {dagbag.py:545} INFO - Filling up the DagBag from /opt/airflow/dags/user_processing.py
[2024-08-04T13:23:05.378+0000] {processor.py:840} INFO - DAG(s) 'user_processing' retrieved from /opt/airflow/dags/user_processing.py
[2024-08-04T13:23:05.402+0000] {logging_mixin.py:188} INFO - [2024-08-04T13:23:05.402+0000] {dag.py:3089} INFO - Sync 1 DAGs
[2024-08-04T13:23:05.424+0000] {logging_mixin.py:188} INFO - [2024-08-04T13:23:05.424+0000] {dag.py:3947} INFO - Setting next_dagrun for user_processing to 2024-08-03 00:00:00+00:00, run_after=2024-08-04 00:00:00+00:00
[2024-08-04T13:23:05.459+0000] {processor.py:183} INFO - Processing /opt/airflow/dags/user_processing.py took 0.361 seconds
[2024-08-04T13:23:35.601+0000] {processor.py:161} INFO - Started process (PID=2359) to work on /opt/airflow/dags/user_processing.py
[2024-08-04T13:23:35.603+0000] {processor.py:830} INFO - Processing file /opt/airflow/dags/user_processing.py for tasks to queue
[2024-08-04T13:23:35.606+0000] {logging_mixin.py:188} INFO - [2024-08-04T13:23:35.606+0000] {dagbag.py:545} INFO - Filling up the DagBag from /opt/airflow/dags/user_processing.py
[2024-08-04T13:23:36.084+0000] {processor.py:840} INFO - DAG(s) 'user_processing' retrieved from /opt/airflow/dags/user_processing.py
[2024-08-04T13:23:36.117+0000] {logging_mixin.py:188} INFO - [2024-08-04T13:23:36.116+0000] {dag.py:3089} INFO - Sync 1 DAGs
[2024-08-04T13:23:36.148+0000] {logging_mixin.py:188} INFO - [2024-08-04T13:23:36.148+0000] {dag.py:3947} INFO - Setting next_dagrun for user_processing to 2024-08-03 00:00:00+00:00, run_after=2024-08-04 00:00:00+00:00
[2024-08-04T13:23:36.184+0000] {processor.py:183} INFO - Processing /opt/airflow/dags/user_processing.py took 0.593 seconds
[2024-08-04T13:24:06.939+0000] {processor.py:161} INFO - Started process (PID=2425) to work on /opt/airflow/dags/user_processing.py
[2024-08-04T13:24:06.940+0000] {processor.py:830} INFO - Processing file /opt/airflow/dags/user_processing.py for tasks to queue
[2024-08-04T13:24:06.944+0000] {logging_mixin.py:188} INFO - [2024-08-04T13:24:06.942+0000] {dagbag.py:545} INFO - Filling up the DagBag from /opt/airflow/dags/user_processing.py
[2024-08-04T13:24:07.366+0000] {processor.py:840} INFO - DAG(s) 'user_processing' retrieved from /opt/airflow/dags/user_processing.py
[2024-08-04T13:24:07.388+0000] {logging_mixin.py:188} INFO - [2024-08-04T13:24:07.387+0000] {dag.py:3089} INFO - Sync 1 DAGs
[2024-08-04T13:24:07.411+0000] {logging_mixin.py:188} INFO - [2024-08-04T13:24:07.411+0000] {dag.py:3947} INFO - Setting next_dagrun for user_processing to 2024-08-03 00:00:00+00:00, run_after=2024-08-04 00:00:00+00:00
[2024-08-04T13:24:07.437+0000] {processor.py:183} INFO - Processing /opt/airflow/dags/user_processing.py took 0.505 seconds
[2024-08-04T13:24:37.712+0000] {processor.py:161} INFO - Started process (PID=2495) to work on /opt/airflow/dags/user_processing.py
[2024-08-04T13:24:37.714+0000] {processor.py:830} INFO - Processing file /opt/airflow/dags/user_processing.py for tasks to queue
[2024-08-04T13:24:37.717+0000] {logging_mixin.py:188} INFO - [2024-08-04T13:24:37.717+0000] {dagbag.py:545} INFO - Filling up the DagBag from /opt/airflow/dags/user_processing.py
[2024-08-04T13:24:38.174+0000] {processor.py:840} INFO - DAG(s) 'user_processing' retrieved from /opt/airflow/dags/user_processing.py
[2024-08-04T13:24:38.200+0000] {logging_mixin.py:188} INFO - [2024-08-04T13:24:38.200+0000] {dag.py:3089} INFO - Sync 1 DAGs
[2024-08-04T13:24:38.233+0000] {logging_mixin.py:188} INFO - [2024-08-04T13:24:38.232+0000] {dag.py:3947} INFO - Setting next_dagrun for user_processing to 2024-08-03 00:00:00+00:00, run_after=2024-08-04 00:00:00+00:00
[2024-08-04T13:24:38.288+0000] {processor.py:183} INFO - Processing /opt/airflow/dags/user_processing.py took 0.589 seconds
[2024-08-04T13:25:09.122+0000] {processor.py:161} INFO - Started process (PID=2559) to work on /opt/airflow/dags/user_processing.py
[2024-08-04T13:25:09.123+0000] {processor.py:830} INFO - Processing file /opt/airflow/dags/user_processing.py for tasks to queue
[2024-08-04T13:25:09.126+0000] {logging_mixin.py:188} INFO - [2024-08-04T13:25:09.125+0000] {dagbag.py:545} INFO - Filling up the DagBag from /opt/airflow/dags/user_processing.py
[2024-08-04T13:25:09.511+0000] {processor.py:840} INFO - DAG(s) 'user_processing' retrieved from /opt/airflow/dags/user_processing.py
[2024-08-04T13:25:09.534+0000] {logging_mixin.py:188} INFO - [2024-08-04T13:25:09.534+0000] {dag.py:3089} INFO - Sync 1 DAGs
[2024-08-04T13:25:09.561+0000] {logging_mixin.py:188} INFO - [2024-08-04T13:25:09.560+0000] {dag.py:3947} INFO - Setting next_dagrun for user_processing to 2024-08-03 00:00:00+00:00, run_after=2024-08-04 00:00:00+00:00
[2024-08-04T13:25:09.582+0000] {processor.py:183} INFO - Processing /opt/airflow/dags/user_processing.py took 0.474 seconds
[2024-08-04T13:25:40.364+0000] {processor.py:161} INFO - Started process (PID=2623) to work on /opt/airflow/dags/user_processing.py
[2024-08-04T13:25:40.366+0000] {processor.py:830} INFO - Processing file /opt/airflow/dags/user_processing.py for tasks to queue
[2024-08-04T13:25:40.370+0000] {logging_mixin.py:188} INFO - [2024-08-04T13:25:40.369+0000] {dagbag.py:545} INFO - Filling up the DagBag from /opt/airflow/dags/user_processing.py
[2024-08-04T13:25:40.742+0000] {processor.py:840} INFO - DAG(s) 'user_processing' retrieved from /opt/airflow/dags/user_processing.py
[2024-08-04T13:25:40.764+0000] {logging_mixin.py:188} INFO - [2024-08-04T13:25:40.764+0000] {dag.py:3089} INFO - Sync 1 DAGs
[2024-08-04T13:25:40.800+0000] {logging_mixin.py:188} INFO - [2024-08-04T13:25:40.800+0000] {dag.py:3947} INFO - Setting next_dagrun for user_processing to 2024-08-03 00:00:00+00:00, run_after=2024-08-04 00:00:00+00:00
[2024-08-04T13:25:40.820+0000] {processor.py:183} INFO - Processing /opt/airflow/dags/user_processing.py took 0.463 seconds
[2024-08-04T13:26:11.706+0000] {processor.py:161} INFO - Started process (PID=2687) to work on /opt/airflow/dags/user_processing.py
[2024-08-04T13:26:11.707+0000] {processor.py:830} INFO - Processing file /opt/airflow/dags/user_processing.py for tasks to queue
[2024-08-04T13:26:11.711+0000] {logging_mixin.py:188} INFO - [2024-08-04T13:26:11.710+0000] {dagbag.py:545} INFO - Filling up the DagBag from /opt/airflow/dags/user_processing.py
[2024-08-04T13:26:12.094+0000] {processor.py:840} INFO - DAG(s) 'user_processing' retrieved from /opt/airflow/dags/user_processing.py
[2024-08-04T13:26:12.116+0000] {logging_mixin.py:188} INFO - [2024-08-04T13:26:12.116+0000] {dag.py:3089} INFO - Sync 1 DAGs
[2024-08-04T13:26:12.145+0000] {logging_mixin.py:188} INFO - [2024-08-04T13:26:12.144+0000] {dag.py:3947} INFO - Setting next_dagrun for user_processing to 2024-08-03 00:00:00+00:00, run_after=2024-08-04 00:00:00+00:00
[2024-08-04T13:26:12.168+0000] {processor.py:183} INFO - Processing /opt/airflow/dags/user_processing.py took 0.469 seconds
[2024-08-04T13:26:42.299+0000] {processor.py:161} INFO - Started process (PID=2750) to work on /opt/airflow/dags/user_processing.py
[2024-08-04T13:26:42.300+0000] {processor.py:830} INFO - Processing file /opt/airflow/dags/user_processing.py for tasks to queue
[2024-08-04T13:26:42.305+0000] {logging_mixin.py:188} INFO - [2024-08-04T13:26:42.304+0000] {dagbag.py:545} INFO - Filling up the DagBag from /opt/airflow/dags/user_processing.py
[2024-08-04T13:26:42.756+0000] {processor.py:840} INFO - DAG(s) 'user_processing' retrieved from /opt/airflow/dags/user_processing.py
[2024-08-04T13:26:42.778+0000] {logging_mixin.py:188} INFO - [2024-08-04T13:26:42.778+0000] {dag.py:3089} INFO - Sync 1 DAGs
[2024-08-04T13:26:42.801+0000] {logging_mixin.py:188} INFO - [2024-08-04T13:26:42.800+0000] {dag.py:3947} INFO - Setting next_dagrun for user_processing to 2024-08-03 00:00:00+00:00, run_after=2024-08-04 00:00:00+00:00
[2024-08-04T13:26:42.823+0000] {processor.py:183} INFO - Processing /opt/airflow/dags/user_processing.py took 0.535 seconds
[2024-08-04T13:27:12.890+0000] {processor.py:161} INFO - Started process (PID=2814) to work on /opt/airflow/dags/user_processing.py
[2024-08-04T13:27:12.892+0000] {processor.py:830} INFO - Processing file /opt/airflow/dags/user_processing.py for tasks to queue
[2024-08-04T13:27:12.895+0000] {logging_mixin.py:188} INFO - [2024-08-04T13:27:12.895+0000] {dagbag.py:545} INFO - Filling up the DagBag from /opt/airflow/dags/user_processing.py
[2024-08-04T13:27:13.289+0000] {processor.py:840} INFO - DAG(s) 'user_processing' retrieved from /opt/airflow/dags/user_processing.py
[2024-08-04T13:27:13.319+0000] {logging_mixin.py:188} INFO - [2024-08-04T13:27:13.318+0000] {dag.py:3089} INFO - Sync 1 DAGs
[2024-08-04T13:27:13.348+0000] {logging_mixin.py:188} INFO - [2024-08-04T13:27:13.348+0000] {dag.py:3947} INFO - Setting next_dagrun for user_processing to 2024-08-03 00:00:00+00:00, run_after=2024-08-04 00:00:00+00:00
[2024-08-04T13:27:13.384+0000] {processor.py:183} INFO - Processing /opt/airflow/dags/user_processing.py took 0.500 seconds
[2024-08-04T13:27:43.589+0000] {processor.py:161} INFO - Started process (PID=2878) to work on /opt/airflow/dags/user_processing.py
[2024-08-04T13:27:43.595+0000] {processor.py:830} INFO - Processing file /opt/airflow/dags/user_processing.py for tasks to queue
[2024-08-04T13:27:43.603+0000] {logging_mixin.py:188} INFO - [2024-08-04T13:27:43.601+0000] {dagbag.py:545} INFO - Filling up the DagBag from /opt/airflow/dags/user_processing.py
[2024-08-04T13:27:44.124+0000] {processor.py:840} INFO - DAG(s) 'user_processing' retrieved from /opt/airflow/dags/user_processing.py
[2024-08-04T13:27:44.147+0000] {logging_mixin.py:188} INFO - [2024-08-04T13:27:44.146+0000] {dag.py:3089} INFO - Sync 1 DAGs
[2024-08-04T13:27:44.173+0000] {logging_mixin.py:188} INFO - [2024-08-04T13:27:44.172+0000] {dag.py:3947} INFO - Setting next_dagrun for user_processing to 2024-08-03 00:00:00+00:00, run_after=2024-08-04 00:00:00+00:00
[2024-08-04T13:27:44.196+0000] {processor.py:183} INFO - Processing /opt/airflow/dags/user_processing.py took 0.633 seconds
[2024-08-04T13:28:14.834+0000] {processor.py:161} INFO - Started process (PID=2943) to work on /opt/airflow/dags/user_processing.py
[2024-08-04T13:28:14.836+0000] {processor.py:830} INFO - Processing file /opt/airflow/dags/user_processing.py for tasks to queue
[2024-08-04T13:28:14.840+0000] {logging_mixin.py:188} INFO - [2024-08-04T13:28:14.840+0000] {dagbag.py:545} INFO - Filling up the DagBag from /opt/airflow/dags/user_processing.py
[2024-08-04T13:28:15.248+0000] {processor.py:840} INFO - DAG(s) 'user_processing' retrieved from /opt/airflow/dags/user_processing.py
[2024-08-04T13:28:15.268+0000] {logging_mixin.py:188} INFO - [2024-08-04T13:28:15.267+0000] {dag.py:3089} INFO - Sync 1 DAGs
[2024-08-04T13:28:15.291+0000] {logging_mixin.py:188} INFO - [2024-08-04T13:28:15.291+0000] {dag.py:3947} INFO - Setting next_dagrun for user_processing to 2024-08-03 00:00:00+00:00, run_after=2024-08-04 00:00:00+00:00
[2024-08-04T13:28:15.311+0000] {processor.py:183} INFO - Processing /opt/airflow/dags/user_processing.py took 0.488 seconds
[2024-08-04T13:28:46.133+0000] {processor.py:161} INFO - Started process (PID=3008) to work on /opt/airflow/dags/user_processing.py
[2024-08-04T13:28:46.135+0000] {processor.py:830} INFO - Processing file /opt/airflow/dags/user_processing.py for tasks to queue
[2024-08-04T13:28:46.138+0000] {logging_mixin.py:188} INFO - [2024-08-04T13:28:46.138+0000] {dagbag.py:545} INFO - Filling up the DagBag from /opt/airflow/dags/user_processing.py
[2024-08-04T13:28:46.580+0000] {processor.py:840} INFO - DAG(s) 'user_processing' retrieved from /opt/airflow/dags/user_processing.py
[2024-08-04T13:28:46.604+0000] {logging_mixin.py:188} INFO - [2024-08-04T13:28:46.603+0000] {dag.py:3089} INFO - Sync 1 DAGs
[2024-08-04T13:28:46.634+0000] {logging_mixin.py:188} INFO - [2024-08-04T13:28:46.634+0000] {dag.py:3947} INFO - Setting next_dagrun for user_processing to 2024-08-03 00:00:00+00:00, run_after=2024-08-04 00:00:00+00:00
[2024-08-04T13:28:46.659+0000] {processor.py:183} INFO - Processing /opt/airflow/dags/user_processing.py took 0.534 seconds
[2024-08-04T13:29:17.624+0000] {processor.py:161} INFO - Started process (PID=3073) to work on /opt/airflow/dags/user_processing.py
[2024-08-04T13:29:17.625+0000] {processor.py:830} INFO - Processing file /opt/airflow/dags/user_processing.py for tasks to queue
[2024-08-04T13:29:17.629+0000] {logging_mixin.py:188} INFO - [2024-08-04T13:29:17.629+0000] {dagbag.py:545} INFO - Filling up the DagBag from /opt/airflow/dags/user_processing.py
[2024-08-04T13:29:18.032+0000] {processor.py:840} INFO - DAG(s) 'user_processing' retrieved from /opt/airflow/dags/user_processing.py
[2024-08-04T13:29:18.056+0000] {logging_mixin.py:188} INFO - [2024-08-04T13:29:18.056+0000] {dag.py:3089} INFO - Sync 1 DAGs
[2024-08-04T13:29:18.078+0000] {logging_mixin.py:188} INFO - [2024-08-04T13:29:18.078+0000] {dag.py:3947} INFO - Setting next_dagrun for user_processing to 2024-08-03 00:00:00+00:00, run_after=2024-08-04 00:00:00+00:00
[2024-08-04T13:29:18.226+0000] {processor.py:183} INFO - Processing /opt/airflow/dags/user_processing.py took 0.609 seconds
[2024-08-04T13:29:48.807+0000] {processor.py:161} INFO - Started process (PID=3139) to work on /opt/airflow/dags/user_processing.py
[2024-08-04T13:29:48.809+0000] {processor.py:830} INFO - Processing file /opt/airflow/dags/user_processing.py for tasks to queue
[2024-08-04T13:29:48.812+0000] {logging_mixin.py:188} INFO - [2024-08-04T13:29:48.812+0000] {dagbag.py:545} INFO - Filling up the DagBag from /opt/airflow/dags/user_processing.py
[2024-08-04T13:29:49.183+0000] {processor.py:840} INFO - DAG(s) 'user_processing' retrieved from /opt/airflow/dags/user_processing.py
[2024-08-04T13:29:49.209+0000] {logging_mixin.py:188} INFO - [2024-08-04T13:29:49.208+0000] {dag.py:3089} INFO - Sync 1 DAGs
[2024-08-04T13:29:49.238+0000] {logging_mixin.py:188} INFO - [2024-08-04T13:29:49.238+0000] {dag.py:3947} INFO - Setting next_dagrun for user_processing to 2024-08-03 00:00:00+00:00, run_after=2024-08-04 00:00:00+00:00
[2024-08-04T13:29:49.268+0000] {processor.py:183} INFO - Processing /opt/airflow/dags/user_processing.py took 0.470 seconds
[2024-08-04T13:30:19.378+0000] {processor.py:161} INFO - Started process (PID=3201) to work on /opt/airflow/dags/user_processing.py
[2024-08-04T13:30:19.380+0000] {processor.py:830} INFO - Processing file /opt/airflow/dags/user_processing.py for tasks to queue
[2024-08-04T13:30:19.382+0000] {logging_mixin.py:188} INFO - [2024-08-04T13:30:19.382+0000] {dagbag.py:545} INFO - Filling up the DagBag from /opt/airflow/dags/user_processing.py
[2024-08-04T13:30:19.763+0000] {processor.py:840} INFO - DAG(s) 'user_processing' retrieved from /opt/airflow/dags/user_processing.py
[2024-08-04T13:30:19.788+0000] {logging_mixin.py:188} INFO - [2024-08-04T13:30:19.787+0000] {dag.py:3089} INFO - Sync 1 DAGs
[2024-08-04T13:30:19.811+0000] {logging_mixin.py:188} INFO - [2024-08-04T13:30:19.811+0000] {dag.py:3947} INFO - Setting next_dagrun for user_processing to 2024-08-03 00:00:00+00:00, run_after=2024-08-04 00:00:00+00:00
[2024-08-04T13:30:19.832+0000] {processor.py:183} INFO - Processing /opt/airflow/dags/user_processing.py took 0.461 seconds
[2024-08-04T13:30:50.128+0000] {processor.py:161} INFO - Started process (PID=3265) to work on /opt/airflow/dags/user_processing.py
[2024-08-04T13:30:50.132+0000] {processor.py:830} INFO - Processing file /opt/airflow/dags/user_processing.py for tasks to queue
[2024-08-04T13:30:50.136+0000] {logging_mixin.py:188} INFO - [2024-08-04T13:30:50.136+0000] {dagbag.py:545} INFO - Filling up the DagBag from /opt/airflow/dags/user_processing.py
[2024-08-04T13:30:50.535+0000] {processor.py:840} INFO - DAG(s) 'user_processing' retrieved from /opt/airflow/dags/user_processing.py
[2024-08-04T13:30:50.556+0000] {logging_mixin.py:188} INFO - [2024-08-04T13:30:50.556+0000] {dag.py:3089} INFO - Sync 1 DAGs
[2024-08-04T13:30:50.582+0000] {logging_mixin.py:188} INFO - [2024-08-04T13:30:50.582+0000] {dag.py:3947} INFO - Setting next_dagrun for user_processing to 2024-08-03 00:00:00+00:00, run_after=2024-08-04 00:00:00+00:00
[2024-08-04T13:30:50.611+0000] {processor.py:183} INFO - Processing /opt/airflow/dags/user_processing.py took 0.497 seconds
[2024-08-04T13:31:21.053+0000] {processor.py:161} INFO - Started process (PID=3329) to work on /opt/airflow/dags/user_processing.py
[2024-08-04T13:31:21.057+0000] {processor.py:830} INFO - Processing file /opt/airflow/dags/user_processing.py for tasks to queue
[2024-08-04T13:31:21.063+0000] {logging_mixin.py:188} INFO - [2024-08-04T13:31:21.061+0000] {dagbag.py:545} INFO - Filling up the DagBag from /opt/airflow/dags/user_processing.py
[2024-08-04T13:31:21.437+0000] {processor.py:840} INFO - DAG(s) 'user_processing' retrieved from /opt/airflow/dags/user_processing.py
[2024-08-04T13:31:21.460+0000] {logging_mixin.py:188} INFO - [2024-08-04T13:31:21.460+0000] {dag.py:3089} INFO - Sync 1 DAGs
[2024-08-04T13:31:21.484+0000] {logging_mixin.py:188} INFO - [2024-08-04T13:31:21.484+0000] {dag.py:3947} INFO - Setting next_dagrun for user_processing to 2024-08-03 00:00:00+00:00, run_after=2024-08-04 00:00:00+00:00
[2024-08-04T13:31:21.518+0000] {processor.py:183} INFO - Processing /opt/airflow/dags/user_processing.py took 0.472 seconds
[2024-08-04T13:31:51.675+0000] {processor.py:161} INFO - Started process (PID=3393) to work on /opt/airflow/dags/user_processing.py
[2024-08-04T13:31:51.676+0000] {processor.py:830} INFO - Processing file /opt/airflow/dags/user_processing.py for tasks to queue
[2024-08-04T13:31:51.679+0000] {logging_mixin.py:188} INFO - [2024-08-04T13:31:51.678+0000] {dagbag.py:545} INFO - Filling up the DagBag from /opt/airflow/dags/user_processing.py
[2024-08-04T13:31:52.070+0000] {processor.py:840} INFO - DAG(s) 'user_processing' retrieved from /opt/airflow/dags/user_processing.py
[2024-08-04T13:31:52.090+0000] {logging_mixin.py:188} INFO - [2024-08-04T13:31:52.090+0000] {dag.py:3089} INFO - Sync 1 DAGs
[2024-08-04T13:31:52.115+0000] {logging_mixin.py:188} INFO - [2024-08-04T13:31:52.115+0000] {dag.py:3947} INFO - Setting next_dagrun for user_processing to 2024-08-03 00:00:00+00:00, run_after=2024-08-04 00:00:00+00:00
[2024-08-04T13:31:52.156+0000] {processor.py:183} INFO - Processing /opt/airflow/dags/user_processing.py took 0.489 seconds
[2024-08-04T13:32:22.482+0000] {processor.py:161} INFO - Started process (PID=3457) to work on /opt/airflow/dags/user_processing.py
[2024-08-04T13:32:22.483+0000] {processor.py:830} INFO - Processing file /opt/airflow/dags/user_processing.py for tasks to queue
[2024-08-04T13:32:22.485+0000] {logging_mixin.py:188} INFO - [2024-08-04T13:32:22.485+0000] {dagbag.py:545} INFO - Filling up the DagBag from /opt/airflow/dags/user_processing.py
[2024-08-04T13:32:22.827+0000] {processor.py:840} INFO - DAG(s) 'user_processing' retrieved from /opt/airflow/dags/user_processing.py
[2024-08-04T13:32:22.849+0000] {logging_mixin.py:188} INFO - [2024-08-04T13:32:22.848+0000] {dag.py:3089} INFO - Sync 1 DAGs
[2024-08-04T13:32:22.881+0000] {logging_mixin.py:188} INFO - [2024-08-04T13:32:22.881+0000] {dag.py:3947} INFO - Setting next_dagrun for user_processing to 2024-08-03 00:00:00+00:00, run_after=2024-08-04 00:00:00+00:00
[2024-08-04T13:32:22.904+0000] {processor.py:183} INFO - Processing /opt/airflow/dags/user_processing.py took 0.429 seconds
[2024-08-04T13:32:53.096+0000] {processor.py:161} INFO - Started process (PID=3521) to work on /opt/airflow/dags/user_processing.py
[2024-08-04T13:32:53.098+0000] {processor.py:830} INFO - Processing file /opt/airflow/dags/user_processing.py for tasks to queue
[2024-08-04T13:32:53.100+0000] {logging_mixin.py:188} INFO - [2024-08-04T13:32:53.100+0000] {dagbag.py:545} INFO - Filling up the DagBag from /opt/airflow/dags/user_processing.py
[2024-08-04T13:32:53.520+0000] {processor.py:840} INFO - DAG(s) 'user_processing' retrieved from /opt/airflow/dags/user_processing.py
[2024-08-04T13:32:53.541+0000] {logging_mixin.py:188} INFO - [2024-08-04T13:32:53.541+0000] {dag.py:3089} INFO - Sync 1 DAGs
[2024-08-04T13:32:53.567+0000] {logging_mixin.py:188} INFO - [2024-08-04T13:32:53.567+0000] {dag.py:3947} INFO - Setting next_dagrun for user_processing to 2024-08-03 00:00:00+00:00, run_after=2024-08-04 00:00:00+00:00
[2024-08-04T13:32:53.588+0000] {processor.py:183} INFO - Processing /opt/airflow/dags/user_processing.py took 0.499 seconds
[2024-08-04T13:33:24.146+0000] {processor.py:161} INFO - Started process (PID=3584) to work on /opt/airflow/dags/user_processing.py
[2024-08-04T13:33:24.149+0000] {processor.py:830} INFO - Processing file /opt/airflow/dags/user_processing.py for tasks to queue
[2024-08-04T13:33:24.154+0000] {logging_mixin.py:188} INFO - [2024-08-04T13:33:24.153+0000] {dagbag.py:545} INFO - Filling up the DagBag from /opt/airflow/dags/user_processing.py
[2024-08-04T13:33:24.578+0000] {processor.py:840} INFO - DAG(s) 'user_processing' retrieved from /opt/airflow/dags/user_processing.py
[2024-08-04T13:33:24.606+0000] {logging_mixin.py:188} INFO - [2024-08-04T13:33:24.605+0000] {dag.py:3089} INFO - Sync 1 DAGs
[2024-08-04T13:33:24.633+0000] {logging_mixin.py:188} INFO - [2024-08-04T13:33:24.632+0000] {dag.py:3947} INFO - Setting next_dagrun for user_processing to 2024-08-03 00:00:00+00:00, run_after=2024-08-04 00:00:00+00:00
[2024-08-04T13:33:24.661+0000] {processor.py:183} INFO - Processing /opt/airflow/dags/user_processing.py took 0.525 seconds
[2024-08-04T13:33:54.851+0000] {processor.py:161} INFO - Started process (PID=3648) to work on /opt/airflow/dags/user_processing.py
[2024-08-04T13:33:54.853+0000] {processor.py:830} INFO - Processing file /opt/airflow/dags/user_processing.py for tasks to queue
[2024-08-04T13:33:54.858+0000] {logging_mixin.py:188} INFO - [2024-08-04T13:33:54.857+0000] {dagbag.py:545} INFO - Filling up the DagBag from /opt/airflow/dags/user_processing.py
[2024-08-04T13:33:55.254+0000] {processor.py:840} INFO - DAG(s) 'user_processing' retrieved from /opt/airflow/dags/user_processing.py
[2024-08-04T13:33:55.277+0000] {logging_mixin.py:188} INFO - [2024-08-04T13:33:55.276+0000] {dag.py:3089} INFO - Sync 1 DAGs
[2024-08-04T13:33:55.299+0000] {logging_mixin.py:188} INFO - [2024-08-04T13:33:55.299+0000] {dag.py:3947} INFO - Setting next_dagrun for user_processing to 2024-08-03 00:00:00+00:00, run_after=2024-08-04 00:00:00+00:00
[2024-08-04T13:33:55.328+0000] {processor.py:183} INFO - Processing /opt/airflow/dags/user_processing.py took 0.488 seconds
[2024-08-04T13:34:25.883+0000] {processor.py:161} INFO - Started process (PID=3712) to work on /opt/airflow/dags/user_processing.py
[2024-08-04T13:34:25.884+0000] {processor.py:830} INFO - Processing file /opt/airflow/dags/user_processing.py for tasks to queue
[2024-08-04T13:34:25.888+0000] {logging_mixin.py:188} INFO - [2024-08-04T13:34:25.888+0000] {dagbag.py:545} INFO - Filling up the DagBag from /opt/airflow/dags/user_processing.py
[2024-08-04T13:34:26.316+0000] {processor.py:840} INFO - DAG(s) 'user_processing' retrieved from /opt/airflow/dags/user_processing.py
[2024-08-04T13:34:26.342+0000] {logging_mixin.py:188} INFO - [2024-08-04T13:34:26.341+0000] {dag.py:3089} INFO - Sync 1 DAGs
[2024-08-04T13:34:26.367+0000] {logging_mixin.py:188} INFO - [2024-08-04T13:34:26.367+0000] {dag.py:3947} INFO - Setting next_dagrun for user_processing to 2024-08-03 00:00:00+00:00, run_after=2024-08-04 00:00:00+00:00
[2024-08-04T13:34:26.393+0000] {processor.py:183} INFO - Processing /opt/airflow/dags/user_processing.py took 0.521 seconds
[2024-08-04T13:34:56.481+0000] {processor.py:161} INFO - Started process (PID=3775) to work on /opt/airflow/dags/user_processing.py
[2024-08-04T13:34:56.483+0000] {processor.py:830} INFO - Processing file /opt/airflow/dags/user_processing.py for tasks to queue
[2024-08-04T13:34:56.485+0000] {logging_mixin.py:188} INFO - [2024-08-04T13:34:56.485+0000] {dagbag.py:545} INFO - Filling up the DagBag from /opt/airflow/dags/user_processing.py
[2024-08-04T13:34:56.832+0000] {processor.py:840} INFO - DAG(s) 'user_processing' retrieved from /opt/airflow/dags/user_processing.py
[2024-08-04T13:34:56.862+0000] {logging_mixin.py:188} INFO - [2024-08-04T13:34:56.862+0000] {dag.py:3089} INFO - Sync 1 DAGs
[2024-08-04T13:34:56.887+0000] {logging_mixin.py:188} INFO - [2024-08-04T13:34:56.886+0000] {dag.py:3947} INFO - Setting next_dagrun for user_processing to 2024-08-03 00:00:00+00:00, run_after=2024-08-04 00:00:00+00:00
[2024-08-04T13:34:56.913+0000] {processor.py:183} INFO - Processing /opt/airflow/dags/user_processing.py took 0.438 seconds
