[2024-07-13T15:51:36.629+0000] {taskinstance.py:1165} INFO - Dependencies all met for <TaskInstance: user_processing.store_user manual__2024-07-13T15:51:26.929101+00:00 [queued]>
[2024-07-13T15:51:36.644+0000] {taskinstance.py:1165} INFO - Dependencies all met for <TaskInstance: user_processing.store_user manual__2024-07-13T15:51:26.929101+00:00 [queued]>
[2024-07-13T15:51:36.645+0000] {taskinstance.py:1362} INFO - 
--------------------------------------------------------------------------------
[2024-07-13T15:51:36.645+0000] {taskinstance.py:1363} INFO - Starting attempt 1 of 1
[2024-07-13T15:51:36.645+0000] {taskinstance.py:1364} INFO - 
--------------------------------------------------------------------------------
[2024-07-13T15:51:36.665+0000] {taskinstance.py:1383} INFO - Executing <Task(PythonOperator): store_user> on 2024-07-13 15:51:26.929101+00:00
[2024-07-13T15:51:36.675+0000] {standard_task_runner.py:55} INFO - Started process 5247 to run task
[2024-07-13T15:51:36.679+0000] {standard_task_runner.py:82} INFO - Running: ['***', 'tasks', 'run', 'user_processing', 'store_user', 'manual__2024-07-13T15:51:26.929101+00:00', '--job-id', '34', '--raw', '--subdir', 'DAGS_FOLDER/user_processing.py', '--cfg-path', '/tmp/tmp1ee5roq6']
[2024-07-13T15:51:36.681+0000] {standard_task_runner.py:83} INFO - Job 34: Subtask store_user
[2024-07-13T15:51:36.751+0000] {task_command.py:376} INFO - Running <TaskInstance: user_processing.store_user manual__2024-07-13T15:51:26.929101+00:00 [running]> on host 87b219e3aacc
[2024-07-13T15:51:36.830+0000] {taskinstance.py:1592} INFO - Exporting the following env vars:
AIRFLOW_CTX_DAG_OWNER=***
AIRFLOW_CTX_DAG_ID=user_processing
AIRFLOW_CTX_TASK_ID=store_user
AIRFLOW_CTX_EXECUTION_DATE=2024-07-13T15:51:26.929101+00:00
AIRFLOW_CTX_TRY_NUMBER=1
AIRFLOW_CTX_DAG_RUN_ID=manual__2024-07-13T15:51:26.929101+00:00
[2024-07-13T15:51:36.832+0000] {postgres.py:129} INFO - Running copy expert: COPY users FROM stdin WITH DELIMITER as ',', filename: 	mp\processed_user.csv
[2024-07-13T15:51:36.843+0000] {base.py:71} INFO - Using connection ID 'postgres' for task execution.
[2024-07-13T15:51:36.850+0000] {python.py:177} INFO - Done. Returned value was: None
[2024-07-13T15:51:36.861+0000] {taskinstance.py:1406} INFO - Marking task as SUCCESS. dag_id=user_processing, task_id=store_user, execution_date=20240713T155126, start_date=20240713T155136, end_date=20240713T155136
[2024-07-13T15:51:36.891+0000] {local_task_job.py:164} INFO - Task exited with return code 0
[2024-07-13T15:51:36.915+0000] {local_task_job.py:273} INFO - 0 downstream tasks scheduled from follow-on schedule check
