[2024-07-14T13:33:19.957+0000] {processor.py:154} INFO - Started process (PID=66) to work on /opt/airflow/dags/user_processing.py
[2024-07-14T13:33:19.958+0000] {processor.py:756} INFO - Processing file /opt/airflow/dags/user_processing.py for tasks to queue
[2024-07-14T13:33:19.960+0000] {logging_mixin.py:120} INFO - [2024-07-14T13:33:19.959+0000] {dagbag.py:537} INFO - Filling up the DagBag from /opt/airflow/dags/user_processing.py
[2024-07-14T13:33:21.090+0000] {processor.py:766} INFO - DAG(s) dict_keys(['user_processing']) retrieved from /opt/airflow/dags/user_processing.py
[2024-07-14T13:33:21.394+0000] {logging_mixin.py:120} INFO - [2024-07-14T13:33:21.393+0000] {dag.py:2585} INFO - Sync 1 DAGs
[2024-07-14T13:33:21.435+0000] {logging_mixin.py:120} INFO - [2024-07-14T13:33:21.435+0000] {dag.py:3340} INFO - Setting next_dagrun for user_processing to 2024-07-14T00:00:00+00:00, run_after=2024-07-15T00:00:00+00:00
[2024-07-14T13:33:21.471+0000] {processor.py:176} INFO - Processing /opt/airflow/dags/user_processing.py took 1.517 seconds
[2024-07-14T13:33:51.806+0000] {processor.py:154} INFO - Started process (PID=125) to work on /opt/airflow/dags/user_processing.py
[2024-07-14T13:33:51.810+0000] {processor.py:756} INFO - Processing file /opt/airflow/dags/user_processing.py for tasks to queue
[2024-07-14T13:33:51.813+0000] {logging_mixin.py:120} INFO - [2024-07-14T13:33:51.813+0000] {dagbag.py:537} INFO - Filling up the DagBag from /opt/airflow/dags/user_processing.py
[2024-07-14T13:33:52.141+0000] {processor.py:766} INFO - DAG(s) dict_keys(['user_processing']) retrieved from /opt/airflow/dags/user_processing.py
[2024-07-14T13:33:52.355+0000] {logging_mixin.py:120} INFO - [2024-07-14T13:33:52.354+0000] {dag.py:2585} INFO - Sync 1 DAGs
[2024-07-14T13:33:52.383+0000] {logging_mixin.py:120} INFO - [2024-07-14T13:33:52.383+0000] {dag.py:3340} INFO - Setting next_dagrun for user_processing to 2024-07-14T00:00:00+00:00, run_after=2024-07-15T00:00:00+00:00
[2024-07-14T13:33:52.426+0000] {processor.py:176} INFO - Processing /opt/airflow/dags/user_processing.py took 0.623 seconds
[2024-07-14T13:34:22.480+0000] {processor.py:154} INFO - Started process (PID=192) to work on /opt/airflow/dags/user_processing.py
[2024-07-14T13:34:22.483+0000] {processor.py:756} INFO - Processing file /opt/airflow/dags/user_processing.py for tasks to queue
[2024-07-14T13:34:22.483+0000] {logging_mixin.py:120} INFO - [2024-07-14T13:34:22.483+0000] {dagbag.py:537} INFO - Filling up the DagBag from /opt/airflow/dags/user_processing.py
[2024-07-14T13:34:22.862+0000] {processor.py:766} INFO - DAG(s) dict_keys(['user_processing']) retrieved from /opt/airflow/dags/user_processing.py
[2024-07-14T13:34:23.035+0000] {logging_mixin.py:120} INFO - [2024-07-14T13:34:23.034+0000] {dag.py:2585} INFO - Sync 1 DAGs
[2024-07-14T13:34:23.059+0000] {logging_mixin.py:120} INFO - [2024-07-14T13:34:23.059+0000] {dag.py:3340} INFO - Setting next_dagrun for user_processing to 2024-07-14T00:00:00+00:00, run_after=2024-07-15T00:00:00+00:00
[2024-07-14T13:34:23.082+0000] {processor.py:176} INFO - Processing /opt/airflow/dags/user_processing.py took 0.604 seconds
[2024-07-14T13:34:53.135+0000] {processor.py:154} INFO - Started process (PID=257) to work on /opt/airflow/dags/user_processing.py
[2024-07-14T13:34:53.138+0000] {processor.py:756} INFO - Processing file /opt/airflow/dags/user_processing.py for tasks to queue
[2024-07-14T13:34:53.138+0000] {logging_mixin.py:120} INFO - [2024-07-14T13:34:53.138+0000] {dagbag.py:537} INFO - Filling up the DagBag from /opt/airflow/dags/user_processing.py
[2024-07-14T13:34:53.390+0000] {processor.py:766} INFO - DAG(s) dict_keys(['user_processing']) retrieved from /opt/airflow/dags/user_processing.py
[2024-07-14T13:34:53.516+0000] {logging_mixin.py:120} INFO - [2024-07-14T13:34:53.516+0000] {dag.py:2585} INFO - Sync 1 DAGs
[2024-07-14T13:34:53.540+0000] {logging_mixin.py:120} INFO - [2024-07-14T13:34:53.540+0000] {dag.py:3340} INFO - Setting next_dagrun for user_processing to 2024-07-14T00:00:00+00:00, run_after=2024-07-15T00:00:00+00:00
[2024-07-14T13:34:53.561+0000] {processor.py:176} INFO - Processing /opt/airflow/dags/user_processing.py took 0.429 seconds
[2024-07-14T13:35:23.901+0000] {processor.py:154} INFO - Started process (PID=323) to work on /opt/airflow/dags/user_processing.py
[2024-07-14T13:35:23.902+0000] {processor.py:756} INFO - Processing file /opt/airflow/dags/user_processing.py for tasks to queue
[2024-07-14T13:35:23.903+0000] {logging_mixin.py:120} INFO - [2024-07-14T13:35:23.903+0000] {dagbag.py:537} INFO - Filling up the DagBag from /opt/airflow/dags/user_processing.py
[2024-07-14T13:35:24.120+0000] {processor.py:766} INFO - DAG(s) dict_keys(['user_processing']) retrieved from /opt/airflow/dags/user_processing.py
[2024-07-14T13:35:24.243+0000] {logging_mixin.py:120} INFO - [2024-07-14T13:35:24.243+0000] {dag.py:2585} INFO - Sync 1 DAGs
[2024-07-14T13:35:24.263+0000] {logging_mixin.py:120} INFO - [2024-07-14T13:35:24.262+0000] {dag.py:3340} INFO - Setting next_dagrun for user_processing to 2024-07-14T00:00:00+00:00, run_after=2024-07-15T00:00:00+00:00
[2024-07-14T13:35:24.282+0000] {processor.py:176} INFO - Processing /opt/airflow/dags/user_processing.py took 0.383 seconds
[2024-07-14T13:35:54.451+0000] {processor.py:154} INFO - Started process (PID=379) to work on /opt/airflow/dags/user_processing.py
[2024-07-14T13:35:54.453+0000] {processor.py:756} INFO - Processing file /opt/airflow/dags/user_processing.py for tasks to queue
[2024-07-14T13:35:54.454+0000] {logging_mixin.py:120} INFO - [2024-07-14T13:35:54.454+0000] {dagbag.py:537} INFO - Filling up the DagBag from /opt/airflow/dags/user_processing.py
[2024-07-14T13:35:54.668+0000] {processor.py:766} INFO - DAG(s) dict_keys(['user_processing']) retrieved from /opt/airflow/dags/user_processing.py
[2024-07-14T13:35:54.791+0000] {logging_mixin.py:120} INFO - [2024-07-14T13:35:54.791+0000] {dag.py:2585} INFO - Sync 1 DAGs
[2024-07-14T13:35:54.809+0000] {logging_mixin.py:120} INFO - [2024-07-14T13:35:54.809+0000] {dag.py:3340} INFO - Setting next_dagrun for user_processing to 2024-07-14T00:00:00+00:00, run_after=2024-07-15T00:00:00+00:00
[2024-07-14T13:35:54.827+0000] {processor.py:176} INFO - Processing /opt/airflow/dags/user_processing.py took 0.379 seconds
[2024-07-14T13:36:24.973+0000] {processor.py:154} INFO - Started process (PID=448) to work on /opt/airflow/dags/user_processing.py
[2024-07-14T13:36:24.976+0000] {processor.py:756} INFO - Processing file /opt/airflow/dags/user_processing.py for tasks to queue
[2024-07-14T13:36:24.977+0000] {logging_mixin.py:120} INFO - [2024-07-14T13:36:24.977+0000] {dagbag.py:537} INFO - Filling up the DagBag from /opt/airflow/dags/user_processing.py
[2024-07-14T13:36:25.236+0000] {processor.py:766} INFO - DAG(s) dict_keys(['user_processing']) retrieved from /opt/airflow/dags/user_processing.py
[2024-07-14T13:36:25.404+0000] {logging_mixin.py:120} INFO - [2024-07-14T13:36:25.404+0000] {dag.py:2585} INFO - Sync 1 DAGs
[2024-07-14T13:36:25.421+0000] {logging_mixin.py:120} INFO - [2024-07-14T13:36:25.421+0000] {dag.py:3340} INFO - Setting next_dagrun for user_processing to 2024-07-14T00:00:00+00:00, run_after=2024-07-15T00:00:00+00:00
[2024-07-14T13:36:25.438+0000] {processor.py:176} INFO - Processing /opt/airflow/dags/user_processing.py took 0.468 seconds
[2024-07-14T13:36:55.538+0000] {processor.py:154} INFO - Started process (PID=517) to work on /opt/airflow/dags/user_processing.py
[2024-07-14T13:36:55.539+0000] {processor.py:756} INFO - Processing file /opt/airflow/dags/user_processing.py for tasks to queue
[2024-07-14T13:36:55.540+0000] {logging_mixin.py:120} INFO - [2024-07-14T13:36:55.540+0000] {dagbag.py:537} INFO - Filling up the DagBag from /opt/airflow/dags/user_processing.py
[2024-07-14T13:36:55.818+0000] {processor.py:766} INFO - DAG(s) dict_keys(['user_processing']) retrieved from /opt/airflow/dags/user_processing.py
[2024-07-14T13:36:56.079+0000] {logging_mixin.py:120} INFO - [2024-07-14T13:36:56.078+0000] {dag.py:2585} INFO - Sync 1 DAGs
[2024-07-14T13:36:56.114+0000] {logging_mixin.py:120} INFO - [2024-07-14T13:36:56.114+0000] {dag.py:3340} INFO - Setting next_dagrun for user_processing to 2024-07-14T00:00:00+00:00, run_after=2024-07-15T00:00:00+00:00
[2024-07-14T13:36:56.140+0000] {processor.py:176} INFO - Processing /opt/airflow/dags/user_processing.py took 0.604 seconds
[2024-07-14T13:37:26.195+0000] {processor.py:154} INFO - Started process (PID=583) to work on /opt/airflow/dags/user_processing.py
[2024-07-14T13:37:26.196+0000] {processor.py:756} INFO - Processing file /opt/airflow/dags/user_processing.py for tasks to queue
[2024-07-14T13:37:26.196+0000] {logging_mixin.py:120} INFO - [2024-07-14T13:37:26.196+0000] {dagbag.py:537} INFO - Filling up the DagBag from /opt/airflow/dags/user_processing.py
[2024-07-14T13:37:26.424+0000] {processor.py:766} INFO - DAG(s) dict_keys(['user_processing']) retrieved from /opt/airflow/dags/user_processing.py
[2024-07-14T13:37:26.585+0000] {logging_mixin.py:120} INFO - [2024-07-14T13:37:26.584+0000] {dag.py:2585} INFO - Sync 1 DAGs
[2024-07-14T13:37:26.610+0000] {logging_mixin.py:120} INFO - [2024-07-14T13:37:26.609+0000] {dag.py:3340} INFO - Setting next_dagrun for user_processing to 2024-07-14T00:00:00+00:00, run_after=2024-07-15T00:00:00+00:00
[2024-07-14T13:37:26.633+0000] {processor.py:176} INFO - Processing /opt/airflow/dags/user_processing.py took 0.439 seconds
[2024-07-14T13:37:57.600+0000] {processor.py:154} INFO - Started process (PID=640) to work on /opt/airflow/dags/user_processing.py
[2024-07-14T13:37:57.601+0000] {processor.py:756} INFO - Processing file /opt/airflow/dags/user_processing.py for tasks to queue
[2024-07-14T13:37:57.601+0000] {logging_mixin.py:120} INFO - [2024-07-14T13:37:57.601+0000] {dagbag.py:537} INFO - Filling up the DagBag from /opt/airflow/dags/user_processing.py
[2024-07-14T13:37:57.874+0000] {processor.py:766} INFO - DAG(s) dict_keys(['user_processing']) retrieved from /opt/airflow/dags/user_processing.py
[2024-07-14T13:37:58.068+0000] {logging_mixin.py:120} INFO - [2024-07-14T13:37:58.067+0000] {dag.py:2585} INFO - Sync 1 DAGs
[2024-07-14T13:37:58.089+0000] {logging_mixin.py:120} INFO - [2024-07-14T13:37:58.089+0000] {dag.py:3340} INFO - Setting next_dagrun for user_processing to 2024-07-14T00:00:00+00:00, run_after=2024-07-15T00:00:00+00:00
[2024-07-14T13:37:58.109+0000] {processor.py:176} INFO - Processing /opt/airflow/dags/user_processing.py took 0.511 seconds
[2024-07-14T13:38:28.242+0000] {processor.py:154} INFO - Started process (PID=706) to work on /opt/airflow/dags/user_processing.py
[2024-07-14T13:38:28.246+0000] {processor.py:756} INFO - Processing file /opt/airflow/dags/user_processing.py for tasks to queue
[2024-07-14T13:38:28.248+0000] {logging_mixin.py:120} INFO - [2024-07-14T13:38:28.248+0000] {dagbag.py:537} INFO - Filling up the DagBag from /opt/airflow/dags/user_processing.py
[2024-07-14T13:38:28.479+0000] {processor.py:766} INFO - DAG(s) dict_keys(['user_processing']) retrieved from /opt/airflow/dags/user_processing.py
[2024-07-14T13:38:28.603+0000] {logging_mixin.py:120} INFO - [2024-07-14T13:38:28.602+0000] {dag.py:2585} INFO - Sync 1 DAGs
[2024-07-14T13:38:28.622+0000] {logging_mixin.py:120} INFO - [2024-07-14T13:38:28.622+0000] {dag.py:3340} INFO - Setting next_dagrun for user_processing to 2024-07-14T00:00:00+00:00, run_after=2024-07-15T00:00:00+00:00
[2024-07-14T13:38:28.640+0000] {processor.py:176} INFO - Processing /opt/airflow/dags/user_processing.py took 0.400 seconds
[2024-07-14T13:38:58.694+0000] {processor.py:154} INFO - Started process (PID=773) to work on /opt/airflow/dags/user_processing.py
[2024-07-14T13:38:58.696+0000] {processor.py:756} INFO - Processing file /opt/airflow/dags/user_processing.py for tasks to queue
[2024-07-14T13:38:58.696+0000] {logging_mixin.py:120} INFO - [2024-07-14T13:38:58.696+0000] {dagbag.py:537} INFO - Filling up the DagBag from /opt/airflow/dags/user_processing.py
[2024-07-14T13:38:58.937+0000] {processor.py:766} INFO - DAG(s) dict_keys(['user_processing']) retrieved from /opt/airflow/dags/user_processing.py
[2024-07-14T13:38:59.090+0000] {logging_mixin.py:120} INFO - [2024-07-14T13:38:59.090+0000] {dag.py:2585} INFO - Sync 1 DAGs
[2024-07-14T13:38:59.113+0000] {logging_mixin.py:120} INFO - [2024-07-14T13:38:59.113+0000] {dag.py:3340} INFO - Setting next_dagrun for user_processing to 2024-07-14T00:00:00+00:00, run_after=2024-07-15T00:00:00+00:00
[2024-07-14T13:38:59.127+0000] {processor.py:176} INFO - Processing /opt/airflow/dags/user_processing.py took 0.435 seconds
[2024-07-14T13:39:29.964+0000] {processor.py:154} INFO - Started process (PID=839) to work on /opt/airflow/dags/user_processing.py
[2024-07-14T13:39:29.965+0000] {processor.py:756} INFO - Processing file /opt/airflow/dags/user_processing.py for tasks to queue
[2024-07-14T13:39:29.966+0000] {logging_mixin.py:120} INFO - [2024-07-14T13:39:29.966+0000] {dagbag.py:537} INFO - Filling up the DagBag from /opt/airflow/dags/user_processing.py
[2024-07-14T13:39:30.257+0000] {processor.py:766} INFO - DAG(s) dict_keys(['user_processing']) retrieved from /opt/airflow/dags/user_processing.py
[2024-07-14T13:39:30.395+0000] {logging_mixin.py:120} INFO - [2024-07-14T13:39:30.395+0000] {dag.py:2585} INFO - Sync 1 DAGs
[2024-07-14T13:39:30.467+0000] {logging_mixin.py:120} INFO - [2024-07-14T13:39:30.467+0000] {dag.py:3340} INFO - Setting next_dagrun for user_processing to 2024-07-14T00:00:00+00:00, run_after=2024-07-15T00:00:00+00:00
[2024-07-14T13:39:30.521+0000] {processor.py:176} INFO - Processing /opt/airflow/dags/user_processing.py took 0.559 seconds
[2024-07-14T13:40:01.293+0000] {processor.py:154} INFO - Started process (PID=907) to work on /opt/airflow/dags/user_processing.py
[2024-07-14T13:40:01.295+0000] {processor.py:756} INFO - Processing file /opt/airflow/dags/user_processing.py for tasks to queue
[2024-07-14T13:40:01.297+0000] {logging_mixin.py:120} INFO - [2024-07-14T13:40:01.297+0000] {dagbag.py:537} INFO - Filling up the DagBag from /opt/airflow/dags/user_processing.py
[2024-07-14T13:40:01.566+0000] {processor.py:766} INFO - DAG(s) dict_keys(['user_processing']) retrieved from /opt/airflow/dags/user_processing.py
[2024-07-14T13:40:01.706+0000] {logging_mixin.py:120} INFO - [2024-07-14T13:40:01.706+0000] {dag.py:2585} INFO - Sync 1 DAGs
[2024-07-14T13:40:01.729+0000] {logging_mixin.py:120} INFO - [2024-07-14T13:40:01.729+0000] {dag.py:3340} INFO - Setting next_dagrun for user_processing to 2024-07-14T00:00:00+00:00, run_after=2024-07-15T00:00:00+00:00
[2024-07-14T13:40:01.744+0000] {processor.py:176} INFO - Processing /opt/airflow/dags/user_processing.py took 0.454 seconds
[2024-07-14T13:40:32.019+0000] {processor.py:154} INFO - Started process (PID=964) to work on /opt/airflow/dags/user_processing.py
[2024-07-14T13:40:32.021+0000] {processor.py:756} INFO - Processing file /opt/airflow/dags/user_processing.py for tasks to queue
[2024-07-14T13:40:32.022+0000] {logging_mixin.py:120} INFO - [2024-07-14T13:40:32.022+0000] {dagbag.py:537} INFO - Filling up the DagBag from /opt/airflow/dags/user_processing.py
[2024-07-14T13:40:32.278+0000] {processor.py:766} INFO - DAG(s) dict_keys(['user_processing']) retrieved from /opt/airflow/dags/user_processing.py
[2024-07-14T13:40:32.413+0000] {logging_mixin.py:120} INFO - [2024-07-14T13:40:32.413+0000] {dag.py:2585} INFO - Sync 1 DAGs
[2024-07-14T13:40:32.434+0000] {logging_mixin.py:120} INFO - [2024-07-14T13:40:32.434+0000] {dag.py:3340} INFO - Setting next_dagrun for user_processing to 2024-07-14T00:00:00+00:00, run_after=2024-07-15T00:00:00+00:00
[2024-07-14T13:40:32.451+0000] {processor.py:176} INFO - Processing /opt/airflow/dags/user_processing.py took 0.435 seconds
[2024-07-14T13:41:03.267+0000] {processor.py:154} INFO - Started process (PID=1030) to work on /opt/airflow/dags/user_processing.py
[2024-07-14T13:41:03.268+0000] {processor.py:756} INFO - Processing file /opt/airflow/dags/user_processing.py for tasks to queue
[2024-07-14T13:41:03.268+0000] {logging_mixin.py:120} INFO - [2024-07-14T13:41:03.268+0000] {dagbag.py:537} INFO - Filling up the DagBag from /opt/airflow/dags/user_processing.py
[2024-07-14T13:41:03.505+0000] {processor.py:766} INFO - DAG(s) dict_keys(['user_processing']) retrieved from /opt/airflow/dags/user_processing.py
[2024-07-14T13:41:03.633+0000] {logging_mixin.py:120} INFO - [2024-07-14T13:41:03.633+0000] {dag.py:2585} INFO - Sync 1 DAGs
[2024-07-14T13:41:03.662+0000] {logging_mixin.py:120} INFO - [2024-07-14T13:41:03.662+0000] {dag.py:3340} INFO - Setting next_dagrun for user_processing to 2024-07-14T00:00:00+00:00, run_after=2024-07-15T00:00:00+00:00
[2024-07-14T13:41:03.689+0000] {processor.py:176} INFO - Processing /opt/airflow/dags/user_processing.py took 0.425 seconds
[2024-07-14T13:41:34.487+0000] {processor.py:154} INFO - Started process (PID=1096) to work on /opt/airflow/dags/user_processing.py
[2024-07-14T13:41:34.488+0000] {processor.py:756} INFO - Processing file /opt/airflow/dags/user_processing.py for tasks to queue
[2024-07-14T13:41:34.489+0000] {logging_mixin.py:120} INFO - [2024-07-14T13:41:34.489+0000] {dagbag.py:537} INFO - Filling up the DagBag from /opt/airflow/dags/user_processing.py
[2024-07-14T13:41:34.712+0000] {processor.py:766} INFO - DAG(s) dict_keys(['user_processing']) retrieved from /opt/airflow/dags/user_processing.py
[2024-07-14T13:41:34.868+0000] {logging_mixin.py:120} INFO - [2024-07-14T13:41:34.868+0000] {dag.py:2585} INFO - Sync 1 DAGs
[2024-07-14T13:41:34.888+0000] {logging_mixin.py:120} INFO - [2024-07-14T13:41:34.888+0000] {dag.py:3340} INFO - Setting next_dagrun for user_processing to 2024-07-14T00:00:00+00:00, run_after=2024-07-15T00:00:00+00:00
[2024-07-14T13:41:34.911+0000] {processor.py:176} INFO - Processing /opt/airflow/dags/user_processing.py took 0.427 seconds
[2024-07-14T13:42:05.670+0000] {processor.py:154} INFO - Started process (PID=1162) to work on /opt/airflow/dags/user_processing.py
[2024-07-14T13:42:05.671+0000] {processor.py:756} INFO - Processing file /opt/airflow/dags/user_processing.py for tasks to queue
[2024-07-14T13:42:05.671+0000] {logging_mixin.py:120} INFO - [2024-07-14T13:42:05.671+0000] {dagbag.py:537} INFO - Filling up the DagBag from /opt/airflow/dags/user_processing.py
[2024-07-14T13:42:05.933+0000] {processor.py:766} INFO - DAG(s) dict_keys(['user_processing']) retrieved from /opt/airflow/dags/user_processing.py
[2024-07-14T13:42:06.069+0000] {logging_mixin.py:120} INFO - [2024-07-14T13:42:06.069+0000] {dag.py:2585} INFO - Sync 1 DAGs
[2024-07-14T13:42:06.089+0000] {logging_mixin.py:120} INFO - [2024-07-14T13:42:06.089+0000] {dag.py:3340} INFO - Setting next_dagrun for user_processing to 2024-07-14T00:00:00+00:00, run_after=2024-07-15T00:00:00+00:00
[2024-07-14T13:42:06.104+0000] {processor.py:176} INFO - Processing /opt/airflow/dags/user_processing.py took 0.436 seconds
[2024-07-14T13:42:36.247+0000] {processor.py:154} INFO - Started process (PID=1228) to work on /opt/airflow/dags/user_processing.py
[2024-07-14T13:42:36.248+0000] {processor.py:756} INFO - Processing file /opt/airflow/dags/user_processing.py for tasks to queue
[2024-07-14T13:42:36.249+0000] {logging_mixin.py:120} INFO - [2024-07-14T13:42:36.249+0000] {dagbag.py:537} INFO - Filling up the DagBag from /opt/airflow/dags/user_processing.py
[2024-07-14T13:42:36.477+0000] {processor.py:766} INFO - DAG(s) dict_keys(['user_processing']) retrieved from /opt/airflow/dags/user_processing.py
[2024-07-14T13:42:36.633+0000] {logging_mixin.py:120} INFO - [2024-07-14T13:42:36.633+0000] {dag.py:2585} INFO - Sync 1 DAGs
[2024-07-14T13:42:36.652+0000] {logging_mixin.py:120} INFO - [2024-07-14T13:42:36.652+0000] {dag.py:3340} INFO - Setting next_dagrun for user_processing to 2024-07-14T00:00:00+00:00, run_after=2024-07-15T00:00:00+00:00
[2024-07-14T13:42:36.666+0000] {processor.py:176} INFO - Processing /opt/airflow/dags/user_processing.py took 0.420 seconds
[2024-07-14T13:43:07.154+0000] {processor.py:154} INFO - Started process (PID=1285) to work on /opt/airflow/dags/user_processing.py
[2024-07-14T13:43:07.155+0000] {processor.py:756} INFO - Processing file /opt/airflow/dags/user_processing.py for tasks to queue
[2024-07-14T13:43:07.155+0000] {logging_mixin.py:120} INFO - [2024-07-14T13:43:07.155+0000] {dagbag.py:537} INFO - Filling up the DagBag from /opt/airflow/dags/user_processing.py
[2024-07-14T13:43:07.399+0000] {processor.py:766} INFO - DAG(s) dict_keys(['user_processing']) retrieved from /opt/airflow/dags/user_processing.py
[2024-07-14T13:43:07.562+0000] {logging_mixin.py:120} INFO - [2024-07-14T13:43:07.561+0000] {dag.py:2585} INFO - Sync 1 DAGs
[2024-07-14T13:43:07.585+0000] {logging_mixin.py:120} INFO - [2024-07-14T13:43:07.585+0000] {dag.py:3340} INFO - Setting next_dagrun for user_processing to 2024-07-14T00:00:00+00:00, run_after=2024-07-15T00:00:00+00:00
[2024-07-14T13:43:07.611+0000] {processor.py:176} INFO - Processing /opt/airflow/dags/user_processing.py took 0.459 seconds
[2024-07-14T13:43:37.732+0000] {processor.py:154} INFO - Started process (PID=1353) to work on /opt/airflow/dags/user_processing.py
[2024-07-14T13:43:37.733+0000] {processor.py:756} INFO - Processing file /opt/airflow/dags/user_processing.py for tasks to queue
[2024-07-14T13:43:37.734+0000] {logging_mixin.py:120} INFO - [2024-07-14T13:43:37.734+0000] {dagbag.py:537} INFO - Filling up the DagBag from /opt/airflow/dags/user_processing.py
[2024-07-14T13:43:37.996+0000] {processor.py:766} INFO - DAG(s) dict_keys(['user_processing']) retrieved from /opt/airflow/dags/user_processing.py
[2024-07-14T13:43:38.174+0000] {logging_mixin.py:120} INFO - [2024-07-14T13:43:38.174+0000] {dag.py:2585} INFO - Sync 1 DAGs
[2024-07-14T13:43:38.200+0000] {logging_mixin.py:120} INFO - [2024-07-14T13:43:38.200+0000] {dag.py:3340} INFO - Setting next_dagrun for user_processing to 2024-07-14T00:00:00+00:00, run_after=2024-07-15T00:00:00+00:00
[2024-07-14T13:43:38.221+0000] {processor.py:176} INFO - Processing /opt/airflow/dags/user_processing.py took 0.491 seconds
[2024-07-14T13:44:08.661+0000] {processor.py:154} INFO - Started process (PID=1417) to work on /opt/airflow/dags/user_processing.py
[2024-07-14T13:44:08.662+0000] {processor.py:756} INFO - Processing file /opt/airflow/dags/user_processing.py for tasks to queue
[2024-07-14T13:44:08.662+0000] {logging_mixin.py:120} INFO - [2024-07-14T13:44:08.662+0000] {dagbag.py:537} INFO - Filling up the DagBag from /opt/airflow/dags/user_processing.py
[2024-07-14T13:44:08.936+0000] {processor.py:766} INFO - DAG(s) dict_keys(['user_processing']) retrieved from /opt/airflow/dags/user_processing.py
[2024-07-14T13:44:09.057+0000] {logging_mixin.py:120} INFO - [2024-07-14T13:44:09.057+0000] {dag.py:2585} INFO - Sync 1 DAGs
[2024-07-14T13:44:09.077+0000] {logging_mixin.py:120} INFO - [2024-07-14T13:44:09.077+0000] {dag.py:3340} INFO - Setting next_dagrun for user_processing to 2024-07-14T00:00:00+00:00, run_after=2024-07-15T00:00:00+00:00
[2024-07-14T13:44:09.094+0000] {processor.py:176} INFO - Processing /opt/airflow/dags/user_processing.py took 0.436 seconds
[2024-07-14T13:44:39.493+0000] {processor.py:154} INFO - Started process (PID=1482) to work on /opt/airflow/dags/user_processing.py
[2024-07-14T13:44:39.497+0000] {processor.py:756} INFO - Processing file /opt/airflow/dags/user_processing.py for tasks to queue
[2024-07-14T13:44:39.498+0000] {logging_mixin.py:120} INFO - [2024-07-14T13:44:39.498+0000] {dagbag.py:537} INFO - Filling up the DagBag from /opt/airflow/dags/user_processing.py
[2024-07-14T13:44:39.773+0000] {processor.py:766} INFO - DAG(s) dict_keys(['user_processing']) retrieved from /opt/airflow/dags/user_processing.py
[2024-07-14T13:44:39.902+0000] {logging_mixin.py:120} INFO - [2024-07-14T13:44:39.901+0000] {dag.py:2585} INFO - Sync 1 DAGs
[2024-07-14T13:44:39.924+0000] {logging_mixin.py:120} INFO - [2024-07-14T13:44:39.924+0000] {dag.py:3340} INFO - Setting next_dagrun for user_processing to 2024-07-14T00:00:00+00:00, run_after=2024-07-15T00:00:00+00:00
[2024-07-14T13:44:39.940+0000] {processor.py:176} INFO - Processing /opt/airflow/dags/user_processing.py took 0.450 seconds
[2024-07-14T13:45:10.259+0000] {processor.py:154} INFO - Started process (PID=1547) to work on /opt/airflow/dags/user_processing.py
[2024-07-14T13:45:10.261+0000] {processor.py:756} INFO - Processing file /opt/airflow/dags/user_processing.py for tasks to queue
[2024-07-14T13:45:10.262+0000] {logging_mixin.py:120} INFO - [2024-07-14T13:45:10.262+0000] {dagbag.py:537} INFO - Filling up the DagBag from /opt/airflow/dags/user_processing.py
[2024-07-14T13:45:10.531+0000] {processor.py:766} INFO - DAG(s) dict_keys(['user_processing']) retrieved from /opt/airflow/dags/user_processing.py
[2024-07-14T13:45:10.662+0000] {logging_mixin.py:120} INFO - [2024-07-14T13:45:10.662+0000] {dag.py:2585} INFO - Sync 1 DAGs
[2024-07-14T13:45:10.683+0000] {logging_mixin.py:120} INFO - [2024-07-14T13:45:10.683+0000] {dag.py:3340} INFO - Setting next_dagrun for user_processing to 2024-07-14T00:00:00+00:00, run_after=2024-07-15T00:00:00+00:00
[2024-07-14T13:45:10.700+0000] {processor.py:176} INFO - Processing /opt/airflow/dags/user_processing.py took 0.443 seconds
[2024-07-14T13:45:41.310+0000] {processor.py:154} INFO - Started process (PID=1612) to work on /opt/airflow/dags/user_processing.py
[2024-07-14T13:45:41.313+0000] {processor.py:756} INFO - Processing file /opt/airflow/dags/user_processing.py for tasks to queue
[2024-07-14T13:45:41.315+0000] {logging_mixin.py:120} INFO - [2024-07-14T13:45:41.314+0000] {dagbag.py:537} INFO - Filling up the DagBag from /opt/airflow/dags/user_processing.py
[2024-07-14T13:45:41.628+0000] {processor.py:766} INFO - DAG(s) dict_keys(['user_processing']) retrieved from /opt/airflow/dags/user_processing.py
[2024-07-14T13:45:41.756+0000] {logging_mixin.py:120} INFO - [2024-07-14T13:45:41.755+0000] {dag.py:2585} INFO - Sync 1 DAGs
[2024-07-14T13:45:41.774+0000] {logging_mixin.py:120} INFO - [2024-07-14T13:45:41.774+0000] {dag.py:3340} INFO - Setting next_dagrun for user_processing to 2024-07-14T00:00:00+00:00, run_after=2024-07-15T00:00:00+00:00
[2024-07-14T13:45:41.788+0000] {processor.py:176} INFO - Processing /opt/airflow/dags/user_processing.py took 0.480 seconds
[2024-07-14T13:46:12.100+0000] {processor.py:154} INFO - Started process (PID=1667) to work on /opt/airflow/dags/user_processing.py
[2024-07-14T13:46:12.101+0000] {processor.py:756} INFO - Processing file /opt/airflow/dags/user_processing.py for tasks to queue
[2024-07-14T13:46:12.102+0000] {logging_mixin.py:120} INFO - [2024-07-14T13:46:12.102+0000] {dagbag.py:537} INFO - Filling up the DagBag from /opt/airflow/dags/user_processing.py
[2024-07-14T13:46:12.355+0000] {processor.py:766} INFO - DAG(s) dict_keys(['user_processing']) retrieved from /opt/airflow/dags/user_processing.py
[2024-07-14T13:46:12.498+0000] {logging_mixin.py:120} INFO - [2024-07-14T13:46:12.497+0000] {dag.py:2585} INFO - Sync 1 DAGs
[2024-07-14T13:46:12.521+0000] {logging_mixin.py:120} INFO - [2024-07-14T13:46:12.520+0000] {dag.py:3340} INFO - Setting next_dagrun for user_processing to 2024-07-14T00:00:00+00:00, run_after=2024-07-15T00:00:00+00:00
[2024-07-14T13:46:12.545+0000] {processor.py:176} INFO - Processing /opt/airflow/dags/user_processing.py took 0.448 seconds
[2024-07-14T13:46:43.025+0000] {processor.py:154} INFO - Started process (PID=1733) to work on /opt/airflow/dags/user_processing.py
[2024-07-14T13:46:43.026+0000] {processor.py:756} INFO - Processing file /opt/airflow/dags/user_processing.py for tasks to queue
[2024-07-14T13:46:43.026+0000] {logging_mixin.py:120} INFO - [2024-07-14T13:46:43.026+0000] {dagbag.py:537} INFO - Filling up the DagBag from /opt/airflow/dags/user_processing.py
[2024-07-14T13:46:43.253+0000] {processor.py:766} INFO - DAG(s) dict_keys(['user_processing']) retrieved from /opt/airflow/dags/user_processing.py
[2024-07-14T13:46:43.406+0000] {logging_mixin.py:120} INFO - [2024-07-14T13:46:43.406+0000] {dag.py:2585} INFO - Sync 1 DAGs
[2024-07-14T13:46:43.425+0000] {logging_mixin.py:120} INFO - [2024-07-14T13:46:43.424+0000] {dag.py:3340} INFO - Setting next_dagrun for user_processing to 2024-07-14T00:00:00+00:00, run_after=2024-07-15T00:00:00+00:00
[2024-07-14T13:46:43.444+0000] {processor.py:176} INFO - Processing /opt/airflow/dags/user_processing.py took 0.422 seconds
[2024-07-14T13:47:13.705+0000] {processor.py:154} INFO - Started process (PID=1799) to work on /opt/airflow/dags/user_processing.py
[2024-07-14T13:47:13.706+0000] {processor.py:756} INFO - Processing file /opt/airflow/dags/user_processing.py for tasks to queue
[2024-07-14T13:47:13.707+0000] {logging_mixin.py:120} INFO - [2024-07-14T13:47:13.707+0000] {dagbag.py:537} INFO - Filling up the DagBag from /opt/airflow/dags/user_processing.py
[2024-07-14T13:47:13.916+0000] {processor.py:766} INFO - DAG(s) dict_keys(['user_processing']) retrieved from /opt/airflow/dags/user_processing.py
[2024-07-14T13:47:14.040+0000] {logging_mixin.py:120} INFO - [2024-07-14T13:47:14.039+0000] {dag.py:2585} INFO - Sync 1 DAGs
[2024-07-14T13:47:14.061+0000] {logging_mixin.py:120} INFO - [2024-07-14T13:47:14.061+0000] {dag.py:3340} INFO - Setting next_dagrun for user_processing to 2024-07-14T00:00:00+00:00, run_after=2024-07-15T00:00:00+00:00
[2024-07-14T13:47:14.074+0000] {processor.py:176} INFO - Processing /opt/airflow/dags/user_processing.py took 0.373 seconds
[2024-07-14T13:47:44.145+0000] {processor.py:154} INFO - Started process (PID=1865) to work on /opt/airflow/dags/user_processing.py
[2024-07-14T13:47:44.146+0000] {processor.py:756} INFO - Processing file /opt/airflow/dags/user_processing.py for tasks to queue
[2024-07-14T13:47:44.146+0000] {logging_mixin.py:120} INFO - [2024-07-14T13:47:44.146+0000] {dagbag.py:537} INFO - Filling up the DagBag from /opt/airflow/dags/user_processing.py
[2024-07-14T13:47:44.369+0000] {processor.py:766} INFO - DAG(s) dict_keys(['user_processing']) retrieved from /opt/airflow/dags/user_processing.py
[2024-07-14T13:47:44.492+0000] {logging_mixin.py:120} INFO - [2024-07-14T13:47:44.491+0000] {dag.py:2585} INFO - Sync 1 DAGs
[2024-07-14T13:47:44.509+0000] {logging_mixin.py:120} INFO - [2024-07-14T13:47:44.508+0000] {dag.py:3340} INFO - Setting next_dagrun for user_processing to 2024-07-14T00:00:00+00:00, run_after=2024-07-15T00:00:00+00:00
[2024-07-14T13:47:44.524+0000] {processor.py:176} INFO - Processing /opt/airflow/dags/user_processing.py took 0.381 seconds
[2024-07-14T13:48:14.617+0000] {processor.py:154} INFO - Started process (PID=1932) to work on /opt/airflow/dags/user_processing.py
[2024-07-14T13:48:14.617+0000] {processor.py:756} INFO - Processing file /opt/airflow/dags/user_processing.py for tasks to queue
[2024-07-14T13:48:14.618+0000] {logging_mixin.py:120} INFO - [2024-07-14T13:48:14.618+0000] {dagbag.py:537} INFO - Filling up the DagBag from /opt/airflow/dags/user_processing.py
[2024-07-14T13:48:14.868+0000] {processor.py:766} INFO - DAG(s) dict_keys(['user_processing']) retrieved from /opt/airflow/dags/user_processing.py
[2024-07-14T13:48:15.010+0000] {logging_mixin.py:120} INFO - [2024-07-14T13:48:15.010+0000] {dag.py:2585} INFO - Sync 1 DAGs
[2024-07-14T13:48:15.033+0000] {logging_mixin.py:120} INFO - [2024-07-14T13:48:15.033+0000] {dag.py:3340} INFO - Setting next_dagrun for user_processing to 2024-07-14T00:00:00+00:00, run_after=2024-07-15T00:00:00+00:00
[2024-07-14T13:48:15.051+0000] {processor.py:176} INFO - Processing /opt/airflow/dags/user_processing.py took 0.436 seconds
[2024-07-14T13:48:45.394+0000] {processor.py:154} INFO - Started process (PID=1992) to work on /opt/airflow/dags/user_processing.py
[2024-07-14T13:48:45.395+0000] {processor.py:756} INFO - Processing file /opt/airflow/dags/user_processing.py for tasks to queue
[2024-07-14T13:48:45.396+0000] {logging_mixin.py:120} INFO - [2024-07-14T13:48:45.396+0000] {dagbag.py:537} INFO - Filling up the DagBag from /opt/airflow/dags/user_processing.py
[2024-07-14T13:48:45.605+0000] {processor.py:766} INFO - DAG(s) dict_keys(['user_processing']) retrieved from /opt/airflow/dags/user_processing.py
[2024-07-14T13:48:45.736+0000] {logging_mixin.py:120} INFO - [2024-07-14T13:48:45.735+0000] {dag.py:2585} INFO - Sync 1 DAGs
[2024-07-14T13:48:45.761+0000] {logging_mixin.py:120} INFO - [2024-07-14T13:48:45.761+0000] {dag.py:3340} INFO - Setting next_dagrun for user_processing to 2024-07-14T00:00:00+00:00, run_after=2024-07-15T00:00:00+00:00
[2024-07-14T13:48:45.793+0000] {processor.py:176} INFO - Processing /opt/airflow/dags/user_processing.py took 0.401 seconds
[2024-07-14T13:49:15.882+0000] {processor.py:154} INFO - Started process (PID=2054) to work on /opt/airflow/dags/user_processing.py
[2024-07-14T13:49:15.883+0000] {processor.py:756} INFO - Processing file /opt/airflow/dags/user_processing.py for tasks to queue
[2024-07-14T13:49:15.884+0000] {logging_mixin.py:120} INFO - [2024-07-14T13:49:15.884+0000] {dagbag.py:537} INFO - Filling up the DagBag from /opt/airflow/dags/user_processing.py
[2024-07-14T13:49:16.171+0000] {processor.py:766} INFO - DAG(s) dict_keys(['user_processing']) retrieved from /opt/airflow/dags/user_processing.py
[2024-07-14T13:49:16.300+0000] {logging_mixin.py:120} INFO - [2024-07-14T13:49:16.299+0000] {dag.py:2585} INFO - Sync 1 DAGs
[2024-07-14T13:49:16.319+0000] {logging_mixin.py:120} INFO - [2024-07-14T13:49:16.319+0000] {dag.py:3340} INFO - Setting next_dagrun for user_processing to 2024-07-14T00:00:00+00:00, run_after=2024-07-15T00:00:00+00:00
[2024-07-14T13:49:16.334+0000] {processor.py:176} INFO - Processing /opt/airflow/dags/user_processing.py took 0.454 seconds
[2024-07-14T13:49:46.675+0000] {processor.py:154} INFO - Started process (PID=2120) to work on /opt/airflow/dags/user_processing.py
[2024-07-14T13:49:46.678+0000] {processor.py:756} INFO - Processing file /opt/airflow/dags/user_processing.py for tasks to queue
[2024-07-14T13:49:46.680+0000] {logging_mixin.py:120} INFO - [2024-07-14T13:49:46.680+0000] {dagbag.py:537} INFO - Filling up the DagBag from /opt/airflow/dags/user_processing.py
[2024-07-14T13:49:46.950+0000] {processor.py:766} INFO - DAG(s) dict_keys(['user_processing']) retrieved from /opt/airflow/dags/user_processing.py
[2024-07-14T13:49:47.086+0000] {logging_mixin.py:120} INFO - [2024-07-14T13:49:47.086+0000] {dag.py:2585} INFO - Sync 1 DAGs
[2024-07-14T13:49:47.106+0000] {logging_mixin.py:120} INFO - [2024-07-14T13:49:47.106+0000] {dag.py:3340} INFO - Setting next_dagrun for user_processing to 2024-07-14T00:00:00+00:00, run_after=2024-07-15T00:00:00+00:00
[2024-07-14T13:49:47.121+0000] {processor.py:176} INFO - Processing /opt/airflow/dags/user_processing.py took 0.449 seconds
[2024-07-14T13:50:17.434+0000] {processor.py:154} INFO - Started process (PID=2186) to work on /opt/airflow/dags/user_processing.py
[2024-07-14T13:50:17.435+0000] {processor.py:756} INFO - Processing file /opt/airflow/dags/user_processing.py for tasks to queue
[2024-07-14T13:50:17.435+0000] {logging_mixin.py:120} INFO - [2024-07-14T13:50:17.435+0000] {dagbag.py:537} INFO - Filling up the DagBag from /opt/airflow/dags/user_processing.py
[2024-07-14T13:50:17.653+0000] {processor.py:766} INFO - DAG(s) dict_keys(['user_processing']) retrieved from /opt/airflow/dags/user_processing.py
[2024-07-14T13:50:17.790+0000] {logging_mixin.py:120} INFO - [2024-07-14T13:50:17.790+0000] {dag.py:2585} INFO - Sync 1 DAGs
[2024-07-14T13:50:17.809+0000] {logging_mixin.py:120} INFO - [2024-07-14T13:50:17.809+0000] {dag.py:3340} INFO - Setting next_dagrun for user_processing to 2024-07-14T00:00:00+00:00, run_after=2024-07-15T00:00:00+00:00
[2024-07-14T13:50:17.826+0000] {processor.py:176} INFO - Processing /opt/airflow/dags/user_processing.py took 0.395 seconds
[2024-07-14T13:50:48.359+0000] {processor.py:154} INFO - Started process (PID=2252) to work on /opt/airflow/dags/user_processing.py
[2024-07-14T13:50:48.360+0000] {processor.py:756} INFO - Processing file /opt/airflow/dags/user_processing.py for tasks to queue
[2024-07-14T13:50:48.361+0000] {logging_mixin.py:120} INFO - [2024-07-14T13:50:48.361+0000] {dagbag.py:537} INFO - Filling up the DagBag from /opt/airflow/dags/user_processing.py
[2024-07-14T13:50:48.576+0000] {processor.py:766} INFO - DAG(s) dict_keys(['user_processing']) retrieved from /opt/airflow/dags/user_processing.py
[2024-07-14T13:50:48.711+0000] {logging_mixin.py:120} INFO - [2024-07-14T13:50:48.710+0000] {dag.py:2585} INFO - Sync 1 DAGs
[2024-07-14T13:50:48.729+0000] {logging_mixin.py:120} INFO - [2024-07-14T13:50:48.729+0000] {dag.py:3340} INFO - Setting next_dagrun for user_processing to 2024-07-14T00:00:00+00:00, run_after=2024-07-15T00:00:00+00:00
[2024-07-14T13:50:48.743+0000] {processor.py:176} INFO - Processing /opt/airflow/dags/user_processing.py took 0.386 seconds
[2024-07-14T13:51:18.982+0000] {processor.py:154} INFO - Started process (PID=2311) to work on /opt/airflow/dags/user_processing.py
[2024-07-14T13:51:18.982+0000] {processor.py:756} INFO - Processing file /opt/airflow/dags/user_processing.py for tasks to queue
[2024-07-14T13:51:18.983+0000] {logging_mixin.py:120} INFO - [2024-07-14T13:51:18.983+0000] {dagbag.py:537} INFO - Filling up the DagBag from /opt/airflow/dags/user_processing.py
[2024-07-14T13:51:19.218+0000] {processor.py:766} INFO - DAG(s) dict_keys(['user_processing']) retrieved from /opt/airflow/dags/user_processing.py
[2024-07-14T13:51:19.352+0000] {logging_mixin.py:120} INFO - [2024-07-14T13:51:19.352+0000] {dag.py:2585} INFO - Sync 1 DAGs
[2024-07-14T13:51:19.371+0000] {logging_mixin.py:120} INFO - [2024-07-14T13:51:19.370+0000] {dag.py:3340} INFO - Setting next_dagrun for user_processing to 2024-07-14T00:00:00+00:00, run_after=2024-07-15T00:00:00+00:00
[2024-07-14T13:51:19.384+0000] {processor.py:176} INFO - Processing /opt/airflow/dags/user_processing.py took 0.405 seconds
[2024-07-14T13:51:49.550+0000] {processor.py:154} INFO - Started process (PID=2378) to work on /opt/airflow/dags/user_processing.py
[2024-07-14T13:51:49.551+0000] {processor.py:756} INFO - Processing file /opt/airflow/dags/user_processing.py for tasks to queue
[2024-07-14T13:51:49.552+0000] {logging_mixin.py:120} INFO - [2024-07-14T13:51:49.551+0000] {dagbag.py:537} INFO - Filling up the DagBag from /opt/airflow/dags/user_processing.py
[2024-07-14T13:51:49.783+0000] {processor.py:766} INFO - DAG(s) dict_keys(['user_processing']) retrieved from /opt/airflow/dags/user_processing.py
[2024-07-14T13:51:49.928+0000] {logging_mixin.py:120} INFO - [2024-07-14T13:51:49.927+0000] {dag.py:2585} INFO - Sync 1 DAGs
[2024-07-14T13:51:49.955+0000] {logging_mixin.py:120} INFO - [2024-07-14T13:51:49.954+0000] {dag.py:3340} INFO - Setting next_dagrun for user_processing to 2024-07-14T00:00:00+00:00, run_after=2024-07-15T00:00:00+00:00
[2024-07-14T13:51:49.974+0000] {processor.py:176} INFO - Processing /opt/airflow/dags/user_processing.py took 0.427 seconds
[2024-07-14T13:52:20.981+0000] {processor.py:154} INFO - Started process (PID=2446) to work on /opt/airflow/dags/user_processing.py
[2024-07-14T13:52:20.983+0000] {processor.py:756} INFO - Processing file /opt/airflow/dags/user_processing.py for tasks to queue
[2024-07-14T13:52:20.984+0000] {logging_mixin.py:120} INFO - [2024-07-14T13:52:20.983+0000] {dagbag.py:537} INFO - Filling up the DagBag from /opt/airflow/dags/user_processing.py
[2024-07-14T13:52:21.293+0000] {processor.py:766} INFO - DAG(s) dict_keys(['user_processing']) retrieved from /opt/airflow/dags/user_processing.py
[2024-07-14T13:52:21.436+0000] {logging_mixin.py:120} INFO - [2024-07-14T13:52:21.436+0000] {dag.py:2585} INFO - Sync 1 DAGs
[2024-07-14T13:52:21.456+0000] {logging_mixin.py:120} INFO - [2024-07-14T13:52:21.456+0000] {dag.py:3340} INFO - Setting next_dagrun for user_processing to 2024-07-14T00:00:00+00:00, run_after=2024-07-15T00:00:00+00:00
[2024-07-14T13:52:21.470+0000] {processor.py:176} INFO - Processing /opt/airflow/dags/user_processing.py took 0.492 seconds
[2024-07-14T13:52:51.621+0000] {processor.py:154} INFO - Started process (PID=2514) to work on /opt/airflow/dags/user_processing.py
[2024-07-14T13:52:51.626+0000] {processor.py:756} INFO - Processing file /opt/airflow/dags/user_processing.py for tasks to queue
[2024-07-14T13:52:51.627+0000] {logging_mixin.py:120} INFO - [2024-07-14T13:52:51.627+0000] {dagbag.py:537} INFO - Filling up the DagBag from /opt/airflow/dags/user_processing.py
[2024-07-14T13:52:51.888+0000] {processor.py:766} INFO - DAG(s) dict_keys(['user_processing']) retrieved from /opt/airflow/dags/user_processing.py
[2024-07-14T13:52:52.031+0000] {logging_mixin.py:120} INFO - [2024-07-14T13:52:52.030+0000] {dag.py:2585} INFO - Sync 1 DAGs
[2024-07-14T13:52:52.049+0000] {logging_mixin.py:120} INFO - [2024-07-14T13:52:52.049+0000] {dag.py:3340} INFO - Setting next_dagrun for user_processing to 2024-07-14T00:00:00+00:00, run_after=2024-07-15T00:00:00+00:00
[2024-07-14T13:52:52.064+0000] {processor.py:176} INFO - Processing /opt/airflow/dags/user_processing.py took 0.446 seconds
[2024-07-14T13:53:22.109+0000] {processor.py:154} INFO - Started process (PID=2582) to work on /opt/airflow/dags/user_processing.py
[2024-07-14T13:53:22.110+0000] {processor.py:756} INFO - Processing file /opt/airflow/dags/user_processing.py for tasks to queue
[2024-07-14T13:53:22.110+0000] {logging_mixin.py:120} INFO - [2024-07-14T13:53:22.110+0000] {dagbag.py:537} INFO - Filling up the DagBag from /opt/airflow/dags/user_processing.py
[2024-07-14T13:53:22.348+0000] {processor.py:766} INFO - DAG(s) dict_keys(['user_processing']) retrieved from /opt/airflow/dags/user_processing.py
[2024-07-14T13:53:22.473+0000] {logging_mixin.py:120} INFO - [2024-07-14T13:53:22.473+0000] {dag.py:2585} INFO - Sync 1 DAGs
[2024-07-14T13:53:22.494+0000] {logging_mixin.py:120} INFO - [2024-07-14T13:53:22.494+0000] {dag.py:3340} INFO - Setting next_dagrun for user_processing to 2024-07-14T00:00:00+00:00, run_after=2024-07-15T00:00:00+00:00
[2024-07-14T13:53:22.513+0000] {processor.py:176} INFO - Processing /opt/airflow/dags/user_processing.py took 0.406 seconds
[2024-07-14T13:53:52.534+0000] {processor.py:154} INFO - Started process (PID=2641) to work on /opt/airflow/dags/user_processing.py
[2024-07-14T13:53:52.535+0000] {processor.py:756} INFO - Processing file /opt/airflow/dags/user_processing.py for tasks to queue
[2024-07-14T13:53:52.535+0000] {logging_mixin.py:120} INFO - [2024-07-14T13:53:52.535+0000] {dagbag.py:537} INFO - Filling up the DagBag from /opt/airflow/dags/user_processing.py
[2024-07-14T13:53:52.780+0000] {processor.py:766} INFO - DAG(s) dict_keys(['user_processing']) retrieved from /opt/airflow/dags/user_processing.py
[2024-07-14T13:53:52.914+0000] {logging_mixin.py:120} INFO - [2024-07-14T13:53:52.914+0000] {dag.py:2585} INFO - Sync 1 DAGs
[2024-07-14T13:53:52.933+0000] {logging_mixin.py:120} INFO - [2024-07-14T13:53:52.933+0000] {dag.py:3340} INFO - Setting next_dagrun for user_processing to 2024-07-14T00:00:00+00:00, run_after=2024-07-15T00:00:00+00:00
[2024-07-14T13:53:52.953+0000] {processor.py:176} INFO - Processing /opt/airflow/dags/user_processing.py took 0.421 seconds
[2024-07-14T13:54:23.815+0000] {processor.py:154} INFO - Started process (PID=2706) to work on /opt/airflow/dags/user_processing.py
[2024-07-14T13:54:23.816+0000] {processor.py:756} INFO - Processing file /opt/airflow/dags/user_processing.py for tasks to queue
[2024-07-14T13:54:23.817+0000] {logging_mixin.py:120} INFO - [2024-07-14T13:54:23.817+0000] {dagbag.py:537} INFO - Filling up the DagBag from /opt/airflow/dags/user_processing.py
[2024-07-14T13:54:24.043+0000] {processor.py:766} INFO - DAG(s) dict_keys(['user_processing']) retrieved from /opt/airflow/dags/user_processing.py
[2024-07-14T13:54:24.175+0000] {logging_mixin.py:120} INFO - [2024-07-14T13:54:24.174+0000] {dag.py:2585} INFO - Sync 1 DAGs
[2024-07-14T13:54:24.193+0000] {logging_mixin.py:120} INFO - [2024-07-14T13:54:24.192+0000] {dag.py:3340} INFO - Setting next_dagrun for user_processing to 2024-07-14T00:00:00+00:00, run_after=2024-07-15T00:00:00+00:00
[2024-07-14T13:54:24.212+0000] {processor.py:176} INFO - Processing /opt/airflow/dags/user_processing.py took 0.399 seconds
[2024-07-14T13:54:54.366+0000] {processor.py:154} INFO - Started process (PID=2773) to work on /opt/airflow/dags/user_processing.py
[2024-07-14T13:54:54.367+0000] {processor.py:756} INFO - Processing file /opt/airflow/dags/user_processing.py for tasks to queue
[2024-07-14T13:54:54.368+0000] {logging_mixin.py:120} INFO - [2024-07-14T13:54:54.368+0000] {dagbag.py:537} INFO - Filling up the DagBag from /opt/airflow/dags/user_processing.py
[2024-07-14T13:54:54.605+0000] {processor.py:766} INFO - DAG(s) dict_keys(['user_processing']) retrieved from /opt/airflow/dags/user_processing.py
[2024-07-14T13:54:54.726+0000] {logging_mixin.py:120} INFO - [2024-07-14T13:54:54.725+0000] {dag.py:2585} INFO - Sync 1 DAGs
[2024-07-14T13:54:54.747+0000] {logging_mixin.py:120} INFO - [2024-07-14T13:54:54.746+0000] {dag.py:3340} INFO - Setting next_dagrun for user_processing to 2024-07-14T00:00:00+00:00, run_after=2024-07-15T00:00:00+00:00
[2024-07-14T13:54:54.763+0000] {processor.py:176} INFO - Processing /opt/airflow/dags/user_processing.py took 0.399 seconds
[2024-07-14T13:55:24.863+0000] {processor.py:154} INFO - Started process (PID=2842) to work on /opt/airflow/dags/user_processing.py
[2024-07-14T13:55:24.864+0000] {processor.py:756} INFO - Processing file /opt/airflow/dags/user_processing.py for tasks to queue
[2024-07-14T13:55:24.865+0000] {logging_mixin.py:120} INFO - [2024-07-14T13:55:24.865+0000] {dagbag.py:537} INFO - Filling up the DagBag from /opt/airflow/dags/user_processing.py
[2024-07-14T13:55:25.106+0000] {processor.py:766} INFO - DAG(s) dict_keys(['user_processing']) retrieved from /opt/airflow/dags/user_processing.py
[2024-07-14T13:55:25.230+0000] {logging_mixin.py:120} INFO - [2024-07-14T13:55:25.229+0000] {dag.py:2585} INFO - Sync 1 DAGs
[2024-07-14T13:55:25.259+0000] {logging_mixin.py:120} INFO - [2024-07-14T13:55:25.259+0000] {dag.py:3340} INFO - Setting next_dagrun for user_processing to 2024-07-14T00:00:00+00:00, run_after=2024-07-15T00:00:00+00:00
[2024-07-14T13:55:25.319+0000] {processor.py:176} INFO - Processing /opt/airflow/dags/user_processing.py took 0.458 seconds
[2024-07-14T13:55:55.555+0000] {processor.py:154} INFO - Started process (PID=2910) to work on /opt/airflow/dags/user_processing.py
[2024-07-14T13:55:55.556+0000] {processor.py:756} INFO - Processing file /opt/airflow/dags/user_processing.py for tasks to queue
[2024-07-14T13:55:55.557+0000] {logging_mixin.py:120} INFO - [2024-07-14T13:55:55.557+0000] {dagbag.py:537} INFO - Filling up the DagBag from /opt/airflow/dags/user_processing.py
[2024-07-14T13:55:55.776+0000] {processor.py:766} INFO - DAG(s) dict_keys(['user_processing']) retrieved from /opt/airflow/dags/user_processing.py
[2024-07-14T13:55:55.904+0000] {logging_mixin.py:120} INFO - [2024-07-14T13:55:55.903+0000] {dag.py:2585} INFO - Sync 1 DAGs
[2024-07-14T13:55:55.922+0000] {logging_mixin.py:120} INFO - [2024-07-14T13:55:55.922+0000] {dag.py:3340} INFO - Setting next_dagrun for user_processing to 2024-07-14T00:00:00+00:00, run_after=2024-07-15T00:00:00+00:00
[2024-07-14T13:55:55.936+0000] {processor.py:176} INFO - Processing /opt/airflow/dags/user_processing.py took 0.384 seconds
[2024-07-14T14:28:40.052+0000] {processor.py:153} INFO - Started process (PID=52) to work on /opt/airflow/dags/user_processing.py
[2024-07-14T14:28:40.053+0000] {processor.py:743} INFO - Processing file /opt/airflow/dags/user_processing.py for tasks to queue
[2024-07-14T14:28:40.053+0000] {logging_mixin.py:137} INFO - [2024-07-14T14:28:40.053+0000] {dagbag.py:538} INFO - Filling up the DagBag from /opt/airflow/dags/user_processing.py
[2024-07-14T14:28:40.850+0000] {processor.py:753} INFO - DAG(s) dict_keys(['user_processing']) retrieved from /opt/airflow/dags/user_processing.py
[2024-07-14T14:28:40.896+0000] {logging_mixin.py:137} INFO - [2024-07-14T14:28:40.896+0000] {dag.py:2690} INFO - Sync 1 DAGs
[2024-07-14T14:28:40.915+0000] {logging_mixin.py:137} INFO - [2024-07-14T14:28:40.915+0000] {dag.py:3441} INFO - Setting next_dagrun for user_processing to 2024-07-14T00:00:00+00:00, run_after=2024-07-15T00:00:00+00:00
[2024-07-14T14:28:40.932+0000] {processor.py:175} INFO - Processing /opt/airflow/dags/user_processing.py took 0.882 seconds
[2024-07-14T14:29:10.958+0000] {processor.py:153} INFO - Started process (PID=191) to work on /opt/airflow/dags/user_processing.py
[2024-07-14T14:29:10.958+0000] {processor.py:743} INFO - Processing file /opt/airflow/dags/user_processing.py for tasks to queue
[2024-07-14T14:29:10.959+0000] {logging_mixin.py:137} INFO - [2024-07-14T14:29:10.959+0000] {dagbag.py:538} INFO - Filling up the DagBag from /opt/airflow/dags/user_processing.py
[2024-07-14T14:29:11.266+0000] {processor.py:753} INFO - DAG(s) dict_keys(['user_processing']) retrieved from /opt/airflow/dags/user_processing.py
[2024-07-14T14:29:11.285+0000] {logging_mixin.py:137} INFO - [2024-07-14T14:29:11.285+0000] {dag.py:2690} INFO - Sync 1 DAGs
[2024-07-14T14:29:11.309+0000] {logging_mixin.py:137} INFO - [2024-07-14T14:29:11.309+0000] {dag.py:3441} INFO - Setting next_dagrun for user_processing to 2024-07-14T00:00:00+00:00, run_after=2024-07-15T00:00:00+00:00
[2024-07-14T14:29:11.336+0000] {processor.py:175} INFO - Processing /opt/airflow/dags/user_processing.py took 0.381 seconds
